2019-12-18 16:32:43,205 : INFO : Machine : Mission Pinball Framework Core Engine v0.52.9
2019-12-18 16:32:43,221 : INFO : Machine : Command line arguments: {'no_sound': False, 'mpfconfigfile': 'c:\\users\\mission pinball\\appdata\\local\\programs\\python\\python35\\lib\\site-packages\\mpf\\mpfconfig.yaml', 'configfile': ['config.yaml'], 'logfile': 'logs\\2019-12-18-16-32-42-mpf-DESKTOP-I5I6D25.log', 'force_assets_load': False, 'bcp': True, 'pause': False, 'consoleloglevel': 20, 'loglevel': 15, 'jsonlogging': False, 'production': False, 'syslog_address': None, 'force_platform': None, 'no_load_cache': False, 'mc_file_name': None, 'create_config_cache': True, 'text_ui': True}
2019-12-18 16:32:43,221 : INFO : Machine : MPF path: c:\users\mission pinball\appdata\local\programs\python\python35\lib\site-packages\mpf
2019-12-18 16:32:43,221 : INFO : Machine : Machine path: E:\POKEMON - 3 - GYMS DISPLAYS
2019-12-18 16:32:43,221 : INFO : Machine : Platform: win32
2019-12-18 16:32:43,221 : INFO : Machine : Python executable location: c:\users\mission pinball\appdata\local\programs\python\python35\python.exe
2019-12-18 16:32:43,221 : INFO : Machine : Python version: 3.5.4 (64-bit)
2019-12-18 16:32:43,221 : INFO : Machine : Machine config file #1: config.yaml
2019-12-18 16:32:43,221 : INFO : ConfigProcessor : Loading config from cache: C:\Users\MISSIO~1\AppData\Local\Temp\e9c23ebab43a14b7e211b4dd18480f15.mpf_cache
2019-12-18 16:32:43,236 : INFO : Machine : Initialise MPF.
2019-12-18 16:32:43,799 : INFO : FAST : Connecting to com4 at 921600bps
2019-12-18 16:32:43,846 : INFO : FAST : Connected! Processor: NET, Board Type: FP-CPU-002-2, Firmware: 01.01
2019-12-18 16:32:43,846 : INFO : EventManager : Event: ======'machine_var_fast_net_firmware'====== Args={'prev_value': None, 'value': '01.01', 'change': True}
2019-12-18 16:32:43,846 : INFO : EventManager : Event: ======'machine_var_fast_net_model'====== Args={'prev_value': None, 'value': 'FP-CPU-002-2', 'change': True}
2019-12-18 16:32:43,846 : WARNING : FAST : Not resetting FAST NET because firmware is currently broken.
2019-12-18 16:32:43,908 : INFO : FAST : Connecting to com5 at 921600bps
2019-12-18 16:32:43,955 : INFO : FAST : Connected! Processor: RGB, Board Type: FP-CPU-002-2, Firmware: 01.00
2019-12-18 16:32:43,955 : INFO : EventManager : Event: ======'machine_var_fast_rgb_firmware'====== Args={'prev_value': None, 'value': '01.00', 'change': True}
2019-12-18 16:32:43,955 : INFO : EventManager : Event: ======'machine_var_fast_rgb_model'====== Args={'prev_value': None, 'value': 'FP-CPU-002-2', 'change': True}
2019-12-18 16:32:43,955 : INFO : EventManager : Event: ======'machine_var_credits_string'====== Args={'prev_value': None, 'value': 'FREE PLAY', 'change': True}
2019-12-18 16:32:44,268 : INFO : EventManager : Event: ======'machine_var_player1_score'====== Args={'prev_value': None, 'value': 159, 'change': True}
2019-12-18 16:32:44,283 : INFO : EventManager : Event: ======'machine_var_mpf_version'====== Args={'prev_value': None, 'value': 'MPF v0.52.9', 'change': True}
2019-12-18 16:32:44,283 : INFO : EventManager : Event: ======'machine_var_mpf_extended_version'====== Args={'prev_value': None, 'value': 'MPF v0.52.9, Config version:5, Show version: 5, BCP version:1.1', 'change': True}
2019-12-18 16:32:44,283 : INFO : EventManager : Event: ======'machine_var_python_version'====== Args={'prev_value': None, 'value': '3.5.4', 'change': True}
2019-12-18 16:32:44,283 : INFO : EventManager : Event: ======'machine_var_platform'====== Args={'prev_value': None, 'value': 'Windows-10-10.0.18362-SP0', 'change': True}
2019-12-18 16:32:44,283 : INFO : EventManager : Event: ======'machine_var_platform_system'====== Args={'prev_value': None, 'value': 'Windows', 'change': True}
2019-12-18 16:32:44,283 : INFO : EventManager : Event: ======'machine_var_platform_release'====== Args={'prev_value': None, 'value': '10', 'change': True}
2019-12-18 16:32:44,283 : INFO : EventManager : Event: ======'machine_var_platform_version'====== Args={'prev_value': None, 'value': '10.0.18362', 'change': True}
2019-12-18 16:32:44,283 : INFO : EventManager : Event: ======'machine_var_platform_machine'====== Args={'prev_value': None, 'value': 'AMD64', 'change': True}
2019-12-18 16:32:44,283 : INFO : EventManager : Event: ======'init_phase_1'====== Args={}
2019-12-18 16:32:44,518 : INFO : ConfigProcessor : Loading config from cache: C:\Users\MISSIO~1\AppData\Local\Temp\c721f48534ae43d3f9c4e17312560aaa.mpf_cache
2019-12-18 16:32:44,564 : INFO : ConfigProcessor : Loading config from cache: C:\Users\MISSIO~1\AppData\Local\Temp\d868708421ecefdd23b54f4fefaa5a63.mpf_cache
2019-12-18 16:32:44,580 : INFO : ConfigProcessor : Loading config from cache: C:\Users\MISSIO~1\AppData\Local\Temp\3512d3a51b29689f2a9a6db585213e7b.mpf_cache
2019-12-18 16:32:44,580 : INFO : ConfigProcessor : Loading config from cache: C:\Users\MISSIO~1\AppData\Local\Temp\2ad3e4afc7b8ab807ff1625862e58922.mpf_cache
2019-12-18 16:32:44,611 : INFO : ConfigProcessor : Loading config from cache: C:\Users\MISSIO~1\AppData\Local\Temp\230c7edf879901b77e29ab003ecfd977.mpf_cache
2019-12-18 16:32:44,627 : INFO : ConfigProcessor : Loading config from cache: C:\Users\MISSIO~1\AppData\Local\Temp\ffc5df461fc927df7502c20268b6e23c.mpf_cache
2019-12-18 16:32:44,643 : INFO : ConfigProcessor : Loading config from cache: C:\Users\MISSIO~1\AppData\Local\Temp\3585cb1a70d2f2b7c5655afaacf1bc74.mpf_cache
2019-12-18 16:32:44,658 : INFO : ConfigProcessor : Loading config from cache: C:\Users\MISSIO~1\AppData\Local\Temp\e94996e3615e593edab21d6f0e7b4569.mpf_cache
2019-12-18 16:32:44,674 : INFO : ConfigProcessor : Loading config from cache: C:\Users\MISSIO~1\AppData\Local\Temp\2bf399aa483f8a887eec2aa10342ca9f.mpf_cache
2019-12-18 16:32:44,736 : WARNING : ConfigProcessor : Config file in cache changed: E:\POKEMON - 3 - GYMS DISPLAYS\modes\1player\config\1player.yaml
2019-12-18 16:32:44,736 : INFO : ConfigProcessor : Loading config from file E:\POKEMON - 3 - GYMS DISPLAYS\modes\1player\config\1player.yaml.
2019-12-18 16:32:44,783 : INFO : ConfigProcessor : Loading config: E:\POKEMON - 3 - GYMS DISPLAYS\modes\1player\config\1player.yaml
2019-12-18 16:32:44,783 : INFO : ConfigProcessor : Config file cache created: C:\Users\MISSIO~1\AppData\Local\Temp\60827c7dca166edb23011cd46fd5e301.mpf_cache
2019-12-18 16:32:44,799 : INFO : ConfigProcessor : Loading config from cache: C:\Users\MISSIO~1\AppData\Local\Temp\db69f4aeb06b399317225bf0f2d24564.mpf_cache
2019-12-18 16:32:44,830 : INFO : ConfigProcessor : Loading config from cache: C:\Users\MISSIO~1\AppData\Local\Temp\aacde2a5df2e44f5e01226064ab4c3c5.mpf_cache
2019-12-18 16:32:44,846 : INFO : ConfigProcessor : Loading config from cache: C:\Users\MISSIO~1\AppData\Local\Temp\9463ad916821e4687af4640a7d04ba98.mpf_cache
2019-12-18 16:32:44,861 : INFO : ConfigProcessor : Loading config from cache: C:\Users\MISSIO~1\AppData\Local\Temp\c4c39d8157ba863610e7d2b8306a4087.mpf_cache
2019-12-18 16:32:44,877 : INFO : ConfigProcessor : Loading config from cache: C:\Users\MISSIO~1\AppData\Local\Temp\37af0ab3cb4984093f408b6580ccda04.mpf_cache
2019-12-18 16:32:44,893 : INFO : ConfigProcessor : Loading config from cache: C:\Users\MISSIO~1\AppData\Local\Temp\868965d45e8ef85973deb1cc43e3c6e9.mpf_cache
2019-12-18 16:32:44,908 : INFO : ConfigProcessor : Loading config from cache: C:\Users\MISSIO~1\AppData\Local\Temp\da1c75dbc5d48bb99b7ea9aec7919bfa.mpf_cache
2019-12-18 16:32:44,955 : INFO : ConfigProcessor : Loading config from cache: C:\Users\MISSIO~1\AppData\Local\Temp\691014465c877a30c4e85c0b37ef7391.mpf_cache
2019-12-18 16:32:44,971 : INFO : ConfigProcessor : Loading config from cache: C:\Users\MISSIO~1\AppData\Local\Temp\1b6068dc0dcf1445cf37058c25ad802b.mpf_cache
2019-12-18 16:32:44,986 : INFO : ConfigProcessor : Loading config from cache: C:\Users\MISSIO~1\AppData\Local\Temp\0c90eb48fda27bb17da0cfa70b6cea42.mpf_cache
2019-12-18 16:32:45,002 : INFO : ConfigProcessor : Loading config from cache: C:\Users\MISSIO~1\AppData\Local\Temp\4ed449c86f3920ad38c9f19e6b1fcd80.mpf_cache
2019-12-18 16:32:45,018 : INFO : ConfigProcessor : Loading config from cache: C:\Users\MISSIO~1\AppData\Local\Temp\00b811264d7e79f39b66bcbc6609bb6e.mpf_cache
2019-12-18 16:32:45,033 : INFO : ConfigProcessor : Loading config from cache: C:\Users\MISSIO~1\AppData\Local\Temp\325be8140670be7b4f7f24b4ea9ecf41.mpf_cache
2019-12-18 16:32:45,049 : INFO : ConfigProcessor : Loading config from cache: C:\Users\MISSIO~1\AppData\Local\Temp\03465e6905c319de2817a60078df797b.mpf_cache
2019-12-18 16:32:45,080 : INFO : ConfigProcessor : Loading config from cache: C:\Users\MISSIO~1\AppData\Local\Temp\91c30393a7736530c48ab886a6ae90df.mpf_cache
2019-12-18 16:32:45,096 : INFO : ConfigProcessor : Loading config from cache: C:\Users\MISSIO~1\AppData\Local\Temp\aad48548988dd5e95d839b70bde2a6c9.mpf_cache
2019-12-18 16:32:45,111 : INFO : ConfigProcessor : Loading config from cache: C:\Users\MISSIO~1\AppData\Local\Temp\7c8a3dbd3a1f76b71c509d64239c80b0.mpf_cache
2019-12-18 16:32:45,205 : INFO : EventManager : Event: ======'drop_target_bank_right_bank_up'====== Args={}
2019-12-18 16:32:45,221 : INFO : EventManager : Event: ======'init_phase_2'====== Args={}
2019-12-18 16:32:45,221 : INFO : SwitchController : Found active switch: (('10', 1), <Platform.FAST>)
2019-12-18 16:32:45,221 : INFO : SwitchController : Found active switch: (('09', 1), <Platform.FAST>)
2019-12-18 16:32:45,221 : INFO : SwitchController : Found active switch: (('08', 1), <Platform.FAST>)
2019-12-18 16:32:45,361 : INFO : EventManager : Event: ======'bcp_connection_attempt'====== Args={'name': 'local_display', 'port': 5050, 'host': 'localhost'}
2019-12-18 16:32:45,377 : INFO : BCPClientSocket.local_display : Connecting BCP to 'local_display' at localhost:5050...
2019-12-18 16:32:46,424 : WARNING : FAST : Port com4 was blocked for more than 1s. Reseting send queue! If this happens frequently report a bug!
2019-12-18 16:32:47,416 : WARNING : FAST : Port com4 was blocked for more than 1s. Reseting send queue! If this happens frequently report a bug!
2019-12-18 16:32:51,593 : INFO : BCPClientSocket.local_display : Connected BCP to 'local_display' localhost:5050
2019-12-18 16:32:51,603 : INFO : EventManager : Event: ======'bcp_clients_connected'====== Args={}
2019-12-18 16:32:51,671 : INFO : EventManager : Event: ======'machine_var_master_volume'====== Args={'prev_value': None, 'value': 0.5, 'change': True}
2019-12-18 16:32:52,040 : INFO : EventManager : Event: ======'init_phase_3'====== Args={}
2019-12-18 16:32:52,101 : INFO : EventManager : Event: ======'init_phase_4'====== Args={}
2019-12-18 16:32:52,103 : INFO : EventManager : Event: ======'playfield_active'====== Args={}
2019-12-18 16:32:52,103 : INFO : EventManager : Event: ======'unexpected_ball_on_playfield'====== Args={}
2019-12-18 16:32:52,103 : INFO : EventManager : Event: ======'drop_target_drop1_down'====== Args={'device': <drop_target.drop1>}
2019-12-18 16:32:52,104 : INFO : EventManager : Event: ======'drop_target_bank_right_bank_mixed'====== Args={'down': 1}
2019-12-18 16:32:52,104 : INFO : EventManager : Event: ======'playfield_active'====== Args={}
2019-12-18 16:32:52,104 : INFO : EventManager : Event: ======'unexpected_ball_on_playfield'====== Args={}
2019-12-18 16:32:52,105 : INFO : EventManager : Event: ======'drop_target_drop2_down'====== Args={'device': <drop_target.drop2>}
2019-12-18 16:32:52,105 : INFO : EventManager : Event: ======'drop_target_bank_right_bank_mixed'====== Args={'down': 2}
2019-12-18 16:32:52,114 : INFO : EventManager : Event: ======'machine_var_audits_player_score'====== Args={'prev_value': None, 'value': {'top': [1053, 829, 828, 828, 808, 778, 726, 724, 722, 706], 'average': 243.0983606557377, 'total': 305}, 'change': True}
2019-12-18 16:32:52,115 : INFO : EventManager : Event: ======'machine_var_audits_events_game_ended'====== Args={'prev_value': None, 'value': 286, 'change': True}
2019-12-18 16:32:52,117 : INFO : EventManager : Event: ======'machine_var_audits_events_game_started'====== Args={'prev_value': None, 'value': 355, 'change': True}
2019-12-18 16:32:52,118 : INFO : EventManager : Event: ======'machine_var_audits_switches_s_gym'====== Args={'prev_value': None, 'value': 457, 'change': True}
2019-12-18 16:32:52,119 : INFO : EventManager : Event: ======'machine_var_audits_switches_s_drop_center'====== Args={'prev_value': None, 'value': 665, 'change': True}
2019-12-18 16:32:52,120 : INFO : EventManager : Event: ======'machine_var_audits_switches_s_flipper_left'====== Args={'prev_value': None, 'value': 7568, 'change': True}
2019-12-18 16:32:52,121 : INFO : EventManager : Event: ======'machine_var_audits_switches_s_spinner'====== Args={'prev_value': None, 'value': 9178, 'change': True}
2019-12-18 16:32:52,122 : INFO : EventManager : Event: ======'machine_var_audits_switches_s_flipper_right'====== Args={'prev_value': None, 'value': 11203, 'change': True}
2019-12-18 16:32:52,124 : INFO : EventManager : Event: ======'machine_var_audits_switches_s_drain'====== Args={'prev_value': None, 'value': 2771, 'change': True}
2019-12-18 16:32:52,125 : INFO : EventManager : Event: ======'machine_var_audits_switches_s_sling_left'====== Args={'prev_value': None, 'value': 1074, 'change': True}
2019-12-18 16:32:52,127 : INFO : EventManager : Event: ======'machine_var_audits_switches_s_pop_top'====== Args={'prev_value': None, 'value': 1165, 'change': True}
2019-12-18 16:32:52,128 : INFO : EventManager : Event: ======'machine_var_audits_switches_s_pop_bottom'====== Args={'prev_value': None, 'value': 2917, 'change': True}
2019-12-18 16:32:52,129 : INFO : EventManager : Event: ======'machine_var_audits_switches_s_plunger_lane'====== Args={'prev_value': None, 'value': 88, 'change': True}
2019-12-18 16:32:52,130 : INFO : EventManager : Event: ======'machine_var_audits_switches_s_saucer'====== Args={'prev_value': None, 'value': 1204, 'change': True}
2019-12-18 16:32:52,131 : INFO : EventManager : Event: ======'machine_var_audits_switches_s_trough'====== Args={'prev_value': None, 'value': 1601, 'change': True}
2019-12-18 16:32:52,133 : INFO : EventManager : Event: ======'machine_var_audits_switches_s_drop_right'====== Args={'prev_value': None, 'value': 518, 'change': True}
2019-12-18 16:32:52,134 : INFO : EventManager : Event: ======'machine_var_audits_switches_s_drop_left'====== Args={'prev_value': None, 'value': 592, 'change': True}
2019-12-18 16:32:52,135 : INFO : EventManager : Event: ======'machine_var_audits_switches_s_pop_left'====== Args={'prev_value': None, 'value': 10, 'change': True}
2019-12-18 16:32:52,136 : INFO : EventManager : Event: ======'machine_var_audits_switches_s_sling_right'====== Args={'prev_value': None, 'value': 1240, 'change': True}
2019-12-18 16:32:52,138 : INFO : EventManager : Event: ======'machine_var_audits_switches_s_pop_right'====== Args={'prev_value': None, 'value': 3619, 'change': True}
2019-12-18 16:32:52,139 : INFO : EventManager : Event: ======'machine_var_audits_switches_s_start'====== Args={'prev_value': None, 'value': 59, 'change': True}
2019-12-18 16:32:52,141 : INFO : EventManager : Event: ======'init_phase_5'====== Args={}
2019-12-18 16:32:52,143 : INFO : EventManager : Event: ======'init_done'====== Args={}
2019-12-18 16:32:52,145 : WARNING : FAST : Port NET received more messages than were sent! Resetting!
2019-12-18 16:32:52,145 : WARNING : FAST : Port NET received more messages than were sent! Resetting!
2019-12-18 16:32:52,146 : WARNING : FAST : Port NET received more messages than were sent! Resetting!
2019-12-18 16:32:52,146 : WARNING : FAST : Port NET received more messages than were sent! Resetting!
2019-12-18 16:32:52,146 : WARNING : FAST : Port NET received more messages than were sent! Resetting!
2019-12-18 16:32:52,146 : WARNING : FAST : Port NET received more messages than were sent! Resetting!
2019-12-18 16:32:52,146 : WARNING : FAST : Port NET received more messages than were sent! Resetting!
2019-12-18 16:32:52,147 : WARNING : FAST : Port NET received more messages than were sent! Resetting!
2019-12-18 16:32:52,147 : WARNING : FAST : Port NET received more messages than were sent! Resetting!
2019-12-18 16:32:52,147 : WARNING : FAST : Port NET received more messages than were sent! Resetting!
2019-12-18 16:32:52,147 : WARNING : FAST : Port NET received more messages than were sent! Resetting!
2019-12-18 16:32:52,148 : WARNING : FAST : Port NET received more messages than were sent! Resetting!
2019-12-18 16:32:52,148 : WARNING : FAST : Port NET received more messages than were sent! Resetting!
2019-12-18 16:32:52,148 : WARNING : FAST : Port NET received more messages than were sent! Resetting!
2019-12-18 16:32:52,148 : WARNING : FAST : Port NET received more messages than were sent! Resetting!
2019-12-18 16:32:52,149 : WARNING : FAST : Port NET received more messages than were sent! Resetting!
2019-12-18 16:32:52,149 : WARNING : FAST : Port NET received more messages than were sent! Resetting!
2019-12-18 16:32:52,149 : WARNING : FAST : Port NET received more messages than were sent! Resetting!
2019-12-18 16:32:52,149 : WARNING : FAST : Port NET received more messages than were sent! Resetting!
2019-12-18 16:32:52,149 : WARNING : FAST : Port NET received more messages than were sent! Resetting!
2019-12-18 16:32:52,150 : WARNING : FAST : Port NET received more messages than were sent! Resetting!
2019-12-18 16:32:52,150 : WARNING : FAST : Port NET received more messages than were sent! Resetting!
2019-12-18 16:32:52,153 : INFO : EventManager : Event: ======'machine_reset_phase_1'====== Args={}
2019-12-18 16:32:52,162 : INFO : EventManager : Event: ======'slide_welcome_slide_removed'====== Args={'_from_bcp': True}
2019-12-18 16:32:52,173 : INFO : EventManager : Event: ======'slide_welcome_slide_created'====== Args={'_from_bcp': True}
2019-12-18 16:32:52,177 : INFO : EventManager : Event: ======'slide_welcome_slide_active'====== Args={'_from_bcp': True}
2019-12-18 16:32:52,197 : INFO : EventManager : Event: ======'machine_reset_phase_2'====== Args={}
2019-12-18 16:32:52,199 : INFO : EventManager : Event: ======'machine_reset_phase_3'====== Args={}
2019-12-18 16:32:52,201 : INFO : drop_target_bank.right_bank : 2 targets are down. Will reset those.
2019-12-18 16:32:52,202 : INFO : coil.c_drop_reset : Enabling Driver for 400ms (1.0 pulse_power)
2019-12-18 16:32:52,204 : INFO : EventManager : Event: ======'reset_complete'====== Args={}
2019-12-18 16:32:52,206 : INFO : EventManager : Event: ======'mode_attract_will_start'====== Args={}
2019-12-18 16:32:52,208 : INFO : EventManager : Event: ======'mode_attract_starting'====== Args={}
2019-12-18 16:32:52,209 : INFO : Mode.attract : Started. Priority: 10
2019-12-18 16:32:52,209 : INFO : EventManager : Event: ======'mode_attract_started'====== Args={}
2019-12-18 16:32:52,211 : INFO : EventManager : Event: ======'collecting_balls'====== Args={}
2019-12-18 16:32:52,212 : INFO : EventManager : Event: ======'balldevice_balls_available'====== Args={}
2019-12-18 16:32:52,215 : INFO : Machine : Starting the main run loop.
2019-12-18 16:32:52,219 : INFO : EventManager : Event: ======'balldevice_bd_drain_ball_eject_attempt'====== Args={'balls': 1, 'source': <ball_device.bd_drain>, 'num_attempts': 0, 'mechanical_eject': False, 'target': <ball_device.bd_trough>}
2019-12-18 16:32:52,221 : INFO : ball_device.bd_drain : Ejecting ball to <ball_device.bd_trough>
2019-12-18 16:32:52,222 : INFO : EventManager : Event: ======'balldevice_bd_drain_ejecting_ball'====== Args={'balls': 1, 'source': <ball_device.bd_drain>, 'num_attempts': 0, 'mechanical_eject': False, 'target': <ball_device.bd_trough>}
2019-12-18 16:32:52,225 : INFO : coil.c_drain : Pulsing Driver for 20ms (1.0 pulse_power)
2019-12-18 16:32:52,234 : INFO : EventManager : Event: ======'slide_attract_started_created'====== Args={'_from_bcp': True}
2019-12-18 16:32:52,240 : INFO : EventManager : Event: ======'slide_attract_started_active'====== Args={'_from_bcp': True}
2019-12-18 16:32:52,253 : INFO : SwitchController : <<<<<<< 's_drop_left' inactive >>>>>>>
2019-12-18 16:32:52,254 : INFO : EventManager : Event: ======'playfield_active'====== Args={}
2019-12-18 16:32:52,254 : INFO : EventManager : Event: ======'unexpected_ball_on_playfield'====== Args={}
2019-12-18 16:32:52,255 : INFO : EventManager : Event: ======'drop_target_drop1_up'====== Args={'device': <drop_target.drop1>}
2019-12-18 16:32:52,269 : INFO : SwitchController : <<<<<<< 's_drop_center' inactive >>>>>>>
2019-12-18 16:32:52,269 : INFO : EventManager : Event: ======'playfield_active'====== Args={}
2019-12-18 16:32:52,269 : INFO : EventManager : Event: ======'unexpected_ball_on_playfield'====== Args={}
2019-12-18 16:32:52,270 : INFO : EventManager : Event: ======'drop_target_drop2_up'====== Args={'device': <drop_target.drop2>}
2019-12-18 16:32:52,277 : INFO : SwitchController : <<<<<<< 's_drain' inactive >>>>>>>
2019-12-18 16:32:52,301 : INFO : SwitchController : <<<<<<< 's_drain' active >>>>>>>
2019-12-18 16:32:52,315 : INFO : SwitchController : <<<<<<< 's_drain' inactive >>>>>>>
2019-12-18 16:32:52,588 : INFO : coil.c_drop_reset : Disabling Driver
2019-12-18 16:32:52,639 : INFO : SwitchController : <<<<<<< 's_trough' active >>>>>>>
2019-12-18 16:32:52,670 : INFO : SwitchController : <<<<<<< 's_trough' inactive >>>>>>>
2019-12-18 16:32:52,697 : INFO : EventManager : Event: ======'restore'====== Args={}
2019-12-18 16:32:52,697 : INFO : EventManager : Event: ======'drop_target_bank_right_bank_up'====== Args={}
2019-12-18 16:32:52,861 : INFO : SwitchController : <<<<<<< 's_trough' active >>>>>>>
2019-12-18 16:32:53,354 : INFO : EventManager : Event: ======'balldevice_bd_trough_ball_count_changed'====== Args={'balls': 1}
2019-12-18 16:32:53,355 : INFO : EventManager : Event: ======'balldevice_bd_trough_ball_enter'====== Args={'unclaimed_balls': 0, 'device': <ball_device.bd_trough>, 'new_balls': 1, 'new_available_balls': 0}
2019-12-18 16:32:53,357 : INFO : EventManager : Event: ======'ball_drain'====== Args={'balls': 0, 'device': <ball_device.bd_trough>}
2019-12-18 16:32:53,358 : INFO : EventManager : Event: ======'collecting_balls_complete'====== Args={}
2019-12-18 16:32:53,360 : INFO : EventManager : Event: ======'balldevice_bd_trough_ball_entered'====== Args={'device': <ball_device.bd_trough>, 'new_balls': 0}
2019-12-18 16:32:53,361 : INFO : EventManager : Event: ======'balldevice_bd_drain_ball_eject_success'====== Args={'balls': 1, 'target': <ball_device.bd_trough>}
2019-12-18 16:32:53,363 : INFO : EventManager : Event: ======'balldevice_bd_drain_ball_count_changed'====== Args={'balls': 0}
2019-12-18 16:33:05,069 : INFO : SwitchController : <<<<<<< 's_start' active >>>>>>>
2019-12-18 16:33:05,197 : INFO : SwitchController : <<<<<<< 's_start' inactive >>>>>>>
2019-12-18 16:33:05,198 : INFO : EventManager : Event: ======'request_to_start_game'====== Args={}
2019-12-18 16:33:05,211 : INFO : EventManager : Event: ======'game_start'====== Args={'hold_time': 0.14100000000325963, 'buttons': []}
2019-12-18 16:33:05,212 : INFO : EventManager : Event: ======'mode_game_will_start'====== Args={'hold_time': 0.14100000000325963, 'buttons': []}
2019-12-18 16:33:05,216 : INFO : EventManager : Event: ======'mode_game_starting'====== Args={'hold_time': 0.14100000000325963, 'buttons': []}
2019-12-18 16:33:05,217 : INFO : EventManager : Event: ======'mode_attract_will_stop'====== Args={}
2019-12-18 16:33:05,218 : INFO : EventManager : Event: ======'mode_attract_stopping'====== Args={}
2019-12-18 16:33:05,218 : INFO : Mode.attract : Stopped.
2019-12-18 16:33:05,220 : INFO : EventManager : Event: ======'mode_attract_stopped'====== Args={}
2019-12-18 16:33:05,220 : INFO : EventManager : Event: ======'clear'====== Args={'key': 'attract'}
2019-12-18 16:33:05,221 : INFO : Mode.game : Started. Priority: 20
2019-12-18 16:33:05,222 : INFO : EventManager : Event: ======'mode_game_started'====== Args={'hold_time': 0.14100000000325963, 'buttons': []}
2019-12-18 16:33:05,225 : INFO : EventManager : Event: ======'game_will_start'====== Args={}
2019-12-18 16:33:05,230 : INFO : EventManager : Event: ======'game_starting'====== Args={'game': <Mode.game>}
2019-12-18 16:33:05,235 : INFO : EventManager : Event: ======'player_add_request'====== Args={}
2019-12-18 16:33:05,237 : INFO : EventManager : Event: ======'player_will_add'====== Args={'number': 1}
2019-12-18 16:33:05,240 : INFO : EventManager : Event: ======'player_adding'====== Args={'player': <Player 1>, 'number': 1}
2019-12-18 16:33:05,241 : INFO : EventManager : Event: ======'player_added'====== Args={'player': <Player 1>, 'num': 1}
2019-12-18 16:33:05,241 : INFO : Mode.game : Player added successfully. Total players: 1
2019-12-18 16:33:05,243 : INFO : EventManager : Event: ======'player_pikachu_exp'====== Args={'prev_value': 1, 'value': 1, 'player_num': 1, 'change': 0}
2019-12-18 16:33:05,245 : INFO : EventManager : Event: ======'player_gym1_pop'====== Args={'prev_value': 0, 'value': 0, 'player_num': 1, 'change': 0}
2019-12-18 16:33:05,246 : INFO : EventManager : Event: ======'player_index'====== Args={'prev_value': 0, 'value': 0, 'player_num': 1, 'change': 0}
2019-12-18 16:33:05,248 : INFO : EventManager : Event: ======'player_score'====== Args={'prev_value': 0, 'value': 0, 'player_num': 1, 'change': 0}
2019-12-18 16:33:05,250 : INFO : EventManager : Event: ======'player_raichu_exp'====== Args={'prev_value': 1, 'value': 1, 'player_num': 1, 'change': 0}
2019-12-18 16:33:05,252 : INFO : EventManager : Event: ======'player_gym6_gym'====== Args={'prev_value': 0, 'value': 0, 'player_num': 1, 'change': 0}
2019-12-18 16:33:05,253 : INFO : EventManager : Event: ======'player_gym5_drop_targets'====== Args={'prev_value': 0, 'value': 0, 'player_num': 1, 'change': 0}
2019-12-18 16:33:05,255 : INFO : EventManager : Event: ======'player_number'====== Args={'prev_value': 1, 'value': 1, 'player_num': 1, 'change': 0}
2019-12-18 16:33:05,257 : INFO : EventManager : Event: ======'player_gym2_drop_targets'====== Args={'prev_value': 0, 'value': 0, 'player_num': 1, 'change': 0}
2019-12-18 16:33:05,258 : INFO : EventManager : Event: ======'player_gym3_spinner'====== Args={'prev_value': 0, 'value': 0, 'player_num': 1, 'change': 0}
2019-12-18 16:33:05,260 : INFO : EventManager : Event: ======'player_gym4_slingshot'====== Args={'prev_value': 0, 'value': 0, 'player_num': 1, 'change': 0}
2019-12-18 16:33:05,261 : INFO : EventManager : Event: ======'player_pichu_exp'====== Args={'prev_value': 1, 'value': 1, 'player_num': 1, 'change': 0}
2019-12-18 16:33:05,265 : INFO : EventManager : Event: ======'game_started'====== Args={}
2019-12-18 16:33:05,269 : INFO : EventManager : Event: ======'player_turn_will_start'====== Args={'player': <Player 1>, 'number': 1}
2019-12-18 16:33:05,269 : INFO : EventManager : Event: ======'slide_layout_3_mini_created'====== Args={'_from_bcp': True}
2019-12-18 16:33:05,272 : INFO : EventManager : Event: ======'player_turn_starting'====== Args={'player': <Player 1>, 'number': 1}
2019-12-18 16:33:05,273 : INFO : EventManager : Event: ======'player_ball'====== Args={'prev_value': 0, 'value': 1, 'player_num': 1, 'change': 1}
2019-12-18 16:33:05,274 : INFO : EventManager : Event: ======'player_turn_started'====== Args={'player': <Player 1>, 'number': 1}
2019-12-18 16:33:05,278 : INFO : EventManager : Event: ======'ball_will_start'====== Args={'player': 1, 'ball': 1, 'balls_remaining': 2, 'is_extra_ball': False}
2019-12-18 16:33:05,279 : INFO : EventManager : Event: ======'ball_starting'====== Args={'player': 1, 'ball': 1, 'balls_remaining': 2, 'is_extra_ball': False}
2019-12-18 16:33:05,281 : INFO : EventManager : Event: ======'mode_base_will_start'====== Args={'player': 1, 'queue': <QueuedEvent>, 'balls_remaining': 2, 'ball': 1, 'is_extra_ball': False}
2019-12-18 16:33:05,284 : INFO : EventManager : Event: ======'mode_base_starting'====== Args={'player': 1, 'queue': <QueuedEvent>, 'balls_remaining': 2, 'ball': 1, 'is_extra_ball': False}
2019-12-18 16:33:05,285 : INFO : drop_target_bank.right_bank : All targets are already up. Will not reset bank.
2019-12-18 16:33:05,286 : INFO : Mode.base : Started. Priority: 31
2019-12-18 16:33:05,287 : INFO : EventManager : Event: ======'mode_base_started'====== Args={'player': 1, 'queue': <QueuedEvent>, 'balls_remaining': 2, 'ball': 1, 'is_extra_ball': False}
2019-12-18 16:33:05,289 : INFO : EventManager : Event: ======'start_mode_pichu'====== Args={'priority': 0}
2019-12-18 16:33:05,289 : INFO : EventManager : Event: ======'mode_pichu_will_start'====== Args={'priority': 0}
2019-12-18 16:33:05,302 : INFO : EventManager : Event: ======'mode_pichu_starting'====== Args={'priority': 0}
2019-12-18 16:33:05,302 : INFO : Mode.pichu : Started. Priority: 75
2019-12-18 16:33:05,303 : INFO : EventManager : Event: ======'mode_pichu_started'====== Args={'priority': 0}
2019-12-18 16:33:05,305 : INFO : EventManager : Event: ======'balls_in_play'====== Args={'balls': 1}
2019-12-18 16:33:05,306 : INFO : EventManager : Event: ======'ball_started'====== Args={'player': 1, 'ball': 1, 'balls_remaining': 2, 'is_extra_ball': False}
2019-12-18 16:33:05,310 : INFO : EventManager : Event: ======'start_gym0_event'====== Args={'priority': 0}
2019-12-18 16:33:05,316 : INFO : EventManager : Event: ======'mode_gym0_will_start'====== Args={'priority': 0}
2019-12-18 16:33:05,320 : INFO : EventManager : Event: ======'mode_gym0_starting'====== Args={'priority': 0}
2019-12-18 16:33:05,320 : INFO : Mode.gym0 : Started. Priority: 200
2019-12-18 16:33:05,321 : INFO : EventManager : Event: ======'mode_gym0_started'====== Args={'priority': 0}
2019-12-18 16:33:05,325 : INFO : EventManager : Event: ======'single_player_ball_started'====== Args={}
2019-12-18 16:33:05,326 : INFO : EventManager : Event: ======'slide_layout_3_mini_active'====== Args={'_from_bcp': True}
2019-12-18 16:33:05,329 : INFO : EventManager : Event: ======'balldevice_balls_available'====== Args={}
2019-12-18 16:33:05,333 : INFO : EventManager : Event: ======'slide_layout_3_mini_removed'====== Args={'_from_bcp': True}
2019-12-18 16:33:05,337 : INFO : EventManager : Event: ======'balldevice_bd_trough_ball_eject_attempt'====== Args={'balls': 1, 'source': <ball_device.bd_trough>, 'num_attempts': 0, 'mechanical_eject': True, 'target': <ball_device.bd_plunger>}
2019-12-18 16:33:05,340 : INFO : ball_device.bd_trough : Ejecting ball to <ball_device.bd_plunger>
2019-12-18 16:33:05,341 : INFO : EventManager : Event: ======'balldevice_bd_trough_ejecting_ball'====== Args={'balls': 1, 'source': <ball_device.bd_trough>, 'num_attempts': 0, 'mechanical_eject': True, 'target': <ball_device.bd_plunger>}
2019-12-18 16:33:05,345 : INFO : coil.c_trough : Pulsing Driver for 7ms (1.0 pulse_power)
2019-12-18 16:33:05,354 : INFO : EventManager : Event: ======'slide_layout_3_mini_created'====== Args={'_from_bcp': True}
2019-12-18 16:33:05,396 : INFO : EventManager : Event: ======'slide_slide_mode_pichu_started_created'====== Args={'_from_bcp': True}
2019-12-18 16:33:05,407 : INFO : EventManager : Event: ======'slide_layout_3_mini_active'====== Args={'_from_bcp': True}
2019-12-18 16:33:05,437 : INFO : EventManager : Event: ======'slide_slide_mode_pichu_started_active'====== Args={'_from_bcp': True}
2019-12-18 16:33:05,477 : INFO : EventManager : Event: ======'slide_slide_mode_gym0_started_created'====== Args={'_from_bcp': True}
2019-12-18 16:33:05,484 : INFO : EventManager : Event: ======'slide_slide_mode_gym0_started_active'====== Args={'_from_bcp': True}
2019-12-18 16:33:13,742 : INFO : SwitchController : <<<<<<< 's_start' active >>>>>>>
2019-12-18 16:33:13,743 : INFO : EventManager : Event: ======'sw_start'====== Args={}
2019-12-18 16:33:13,761 : INFO : EventManager : Event: ======'machine_var_audits_switches_s_start'====== Args={'prev_value': 59, 'value': 60, 'change': 1}
2019-12-18 16:33:13,766 : INFO : EventManager : Event: ======'player_add_request'====== Args={}
2019-12-18 16:33:13,767 : INFO : EventManager : Event: ======'player_will_add'====== Args={'number': 2}
2019-12-18 16:33:13,773 : INFO : EventManager : Event: ======'player_adding'====== Args={'player': <Player 2>, 'number': 2}
2019-12-18 16:33:13,774 : INFO : EventManager : Event: ======'player_added'====== Args={'player': <Player 2>, 'num': 2}
2019-12-18 16:33:13,775 : INFO : Mode.game : Player added successfully. Total players: 2
2019-12-18 16:33:13,776 : INFO : EventManager : Event: ======'multiplayer_game'====== Args={}
2019-12-18 16:33:13,776 : INFO : EventManager : Event: ======'mode_2player_will_start'====== Args={'player': <Player 2>, 'num': 2}
2019-12-18 16:33:13,781 : INFO : EventManager : Event: ======'mode_2player_starting'====== Args={'player': <Player 2>, 'num': 2}
2019-12-18 16:33:13,782 : INFO : Mode.2player : Started. Priority: 300
2019-12-18 16:33:13,783 : INFO : EventManager : Event: ======'mode_2player_started'====== Args={'player': <Player 2>, 'num': 2}
2019-12-18 16:33:13,784 : INFO : EventManager : Event: ======'player_pikachu_exp'====== Args={'prev_value': 1, 'value': 1, 'player_num': 2, 'change': 0}
2019-12-18 16:33:13,786 : INFO : EventManager : Event: ======'player_gym1_pop'====== Args={'prev_value': 0, 'value': 0, 'player_num': 2, 'change': 0}
2019-12-18 16:33:13,787 : INFO : EventManager : Event: ======'player_index'====== Args={'prev_value': 1, 'value': 1, 'player_num': 2, 'change': 0}
2019-12-18 16:33:13,789 : INFO : EventManager : Event: ======'player_score'====== Args={'prev_value': 0, 'value': 0, 'player_num': 2, 'change': 0}
2019-12-18 16:33:13,790 : INFO : EventManager : Event: ======'player_raichu_exp'====== Args={'prev_value': 1, 'value': 1, 'player_num': 2, 'change': 0}
2019-12-18 16:33:13,791 : INFO : EventManager : Event: ======'player_gym6_gym'====== Args={'prev_value': 0, 'value': 0, 'player_num': 2, 'change': 0}
2019-12-18 16:33:13,792 : INFO : EventManager : Event: ======'player_gym5_drop_targets'====== Args={'prev_value': 0, 'value': 0, 'player_num': 2, 'change': 0}
2019-12-18 16:33:13,793 : INFO : EventManager : Event: ======'player_number'====== Args={'prev_value': 2, 'value': 2, 'player_num': 2, 'change': 0}
2019-12-18 16:33:13,794 : INFO : EventManager : Event: ======'player_gym2_drop_targets'====== Args={'prev_value': 0, 'value': 0, 'player_num': 2, 'change': 0}
2019-12-18 16:33:13,795 : INFO : EventManager : Event: ======'player_gym3_spinner'====== Args={'prev_value': 0, 'value': 0, 'player_num': 2, 'change': 0}
2019-12-18 16:33:13,796 : INFO : EventManager : Event: ======'player_gym4_slingshot'====== Args={'prev_value': 0, 'value': 0, 'player_num': 2, 'change': 0}
2019-12-18 16:33:13,797 : INFO : EventManager : Event: ======'player_pichu_exp'====== Args={'prev_value': 1, 'value': 1, 'player_num': 2, 'change': 0}
2019-12-18 16:33:13,841 : INFO : EventManager : Event: ======'slide_slide_mode_2player_started_created'====== Args={'_from_bcp': True}
2019-12-18 16:33:13,854 : INFO : EventManager : Event: ======'slide_slide_mode_2player_started_active'====== Args={'_from_bcp': True}
2019-12-18 16:33:13,886 : INFO : SwitchController : <<<<<<< 's_start' inactive >>>>>>>
2019-12-18 16:33:15,324 : INFO : EventManager : Event: ======'balldevice_bd_trough_ball_eject_failed'====== Args={'balls': 1, 'retry': True, 'num_attempts': 1, 'target': <ball_device.bd_plunger>}
2019-12-18 16:33:15,331 : INFO : EventManager : Event: ======'balldevice_bd_trough_ball_eject_attempt'====== Args={'balls': 1, 'source': <ball_device.bd_trough>, 'num_attempts': 1, 'mechanical_eject': True, 'target': <ball_device.bd_plunger>}
2019-12-18 16:33:15,335 : INFO : ball_device.bd_trough : Ejecting ball to <ball_device.bd_plunger>
2019-12-18 16:33:15,335 : INFO : EventManager : Event: ======'balldevice_bd_trough_ejecting_ball'====== Args={'balls': 1, 'source': <ball_device.bd_trough>, 'num_attempts': 1, 'mechanical_eject': True, 'target': <ball_device.bd_plunger>}
2019-12-18 16:33:15,341 : INFO : coil.c_trough : Pulsing Driver for 7ms (1.0 pulse_power)
2019-12-18 16:33:15,373 : INFO : SwitchController : <<<<<<< 's_trough' inactive >>>>>>>
2019-12-18 16:33:22,479 : INFO : SwitchController : <<<<<<< 's_spinner' active >>>>>>>
2019-12-18 16:33:22,480 : INFO : EventManager : Event: ======'s_spinner_active'====== Args={}
2019-12-18 16:33:22,480 : INFO : EventManager : Event: ======'sw_playfield_active'====== Args={}
2019-12-18 16:33:22,498 : INFO : EventManager : Event: ======'machine_var_audits_switches_s_spinner'====== Args={'prev_value': 9178, 'value': 9179, 'change': 1}
2019-12-18 16:33:22,504 : INFO : EventManager : Event: ======'player_score'====== Args={'prev_value': 0, 'value': 1, 'player_num': 1, 'change': 1}
2019-12-18 16:33:22,506 : INFO : EventManager : Event: ======'player_pichu_exp'====== Args={'prev_value': 1, 'value': 2, 'player_num': 1, 'change': 1}
2019-12-18 16:33:22,516 : INFO : EventManager : Event: ======'check_evolve_pichu'====== Args={'priority': 0}
2019-12-18 16:33:22,519 : INFO : EventManager : Event: ======'playfield_active'====== Args={}
2019-12-18 16:33:22,520 : INFO : EventManager : Event: ======'unexpected_ball_on_playfield'====== Args={}
2019-12-18 16:33:22,573 : INFO : SwitchController : <<<<<<< 's_spinner' inactive >>>>>>>
2019-12-18 16:33:23,086 : INFO : SwitchController : <<<<<<< 's_flipper_right' active >>>>>>>
2019-12-18 16:33:23,102 : INFO : EventManager : Event: ======'machine_var_audits_switches_s_flipper_right'====== Args={'prev_value': 11203, 'value': 11204, 'change': 1}
2019-12-18 16:33:23,262 : INFO : SwitchController : <<<<<<< 's_flipper_right' inactive >>>>>>>
2019-12-18 16:33:23,534 : INFO : SwitchController : <<<<<<< 's_pop_bottom' active >>>>>>>
2019-12-18 16:33:23,535 : INFO : EventManager : Event: ======'s_pop_bottom_active'====== Args={}
2019-12-18 16:33:23,535 : INFO : EventManager : Event: ======'playfield_active'====== Args={}
2019-12-18 16:33:23,535 : INFO : EventManager : Event: ======'unexpected_ball_on_playfield'====== Args={}
2019-12-18 16:33:23,554 : INFO : EventManager : Event: ======'machine_var_audits_switches_s_pop_bottom'====== Args={'prev_value': 2917, 'value': 2918, 'change': 1}
2019-12-18 16:33:23,558 : INFO : EventManager : Event: ======'player_score'====== Args={'prev_value': 1, 'value': 6, 'player_num': 1, 'change': 5}
2019-12-18 16:33:23,559 : INFO : EventManager : Event: ======'player_pichu_exp'====== Args={'prev_value': 2, 'value': 7, 'player_num': 1, 'change': 5}
2019-12-18 16:33:23,562 : INFO : EventManager : Event: ======'check_evolve_pichu'====== Args={'priority': 0}
2019-12-18 16:33:23,566 : INFO : SwitchController : <<<<<<< 's_pop_bottom' inactive >>>>>>>
2019-12-18 16:33:23,574 : INFO : SwitchController : <<<<<<< 's_pop_bottom' active >>>>>>>
2019-12-18 16:33:23,574 : INFO : EventManager : Event: ======'playfield_active'====== Args={}
2019-12-18 16:33:23,575 : INFO : EventManager : Event: ======'unexpected_ball_on_playfield'====== Args={}
2019-12-18 16:33:23,588 : INFO : EventManager : Event: ======'machine_var_audits_switches_s_pop_bottom'====== Args={'prev_value': 2918, 'value': 2919, 'change': 1}
2019-12-18 16:33:23,589 : INFO : SwitchController : <<<<<<< 's_pop_bottom' inactive >>>>>>>
2019-12-18 16:33:24,590 : INFO : SwitchController : <<<<<<< 's_flipper_left' active >>>>>>>
2019-12-18 16:33:24,607 : INFO : EventManager : Event: ======'machine_var_audits_switches_s_flipper_left'====== Args={'prev_value': 7568, 'value': 7569, 'change': 1}
2019-12-18 16:33:24,959 : INFO : SwitchController : <<<<<<< 's_flipper_left' inactive >>>>>>>
2019-12-18 16:33:25,372 : INFO : EventManager : Event: ======'balldevice_bd_plunger_ejecting_ball'====== Args={'balls': 1, 'source': <ball_device.bd_plunger>, 'num_attempts': 1, 'mechanical_eject': None, 'target': <playfield.playfield>}
2019-12-18 16:33:26,286 : INFO : SwitchController : <<<<<<< 's_flipper_right' active >>>>>>>
2019-12-18 16:33:26,303 : INFO : EventManager : Event: ======'machine_var_audits_switches_s_flipper_right'====== Args={'prev_value': 11204, 'value': 11205, 'change': 1}
2019-12-18 16:33:26,350 : INFO : SwitchController : <<<<<<< 's_flipper_right' inactive >>>>>>>
2019-12-18 16:33:26,557 : INFO : SwitchController : <<<<<<< 's_spinner' active >>>>>>>
2019-12-18 16:33:26,558 : INFO : EventManager : Event: ======'s_spinner_active'====== Args={}
2019-12-18 16:33:26,559 : INFO : EventManager : Event: ======'sw_playfield_active'====== Args={}
2019-12-18 16:33:26,574 : INFO : EventManager : Event: ======'machine_var_audits_switches_s_spinner'====== Args={'prev_value': 9179, 'value': 9180, 'change': 1}
2019-12-18 16:33:26,577 : INFO : EventManager : Event: ======'player_score'====== Args={'prev_value': 6, 'value': 7, 'player_num': 1, 'change': 1}
2019-12-18 16:33:26,579 : INFO : EventManager : Event: ======'player_pichu_exp'====== Args={'prev_value': 7, 'value': 8, 'player_num': 1, 'change': 1}
2019-12-18 16:33:26,581 : INFO : EventManager : Event: ======'check_evolve_pichu'====== Args={'priority': 0}
2019-12-18 16:33:26,584 : INFO : EventManager : Event: ======'playfield_active'====== Args={}
2019-12-18 16:33:26,587 : INFO : SwitchController : <<<<<<< 's_spinner' inactive >>>>>>>
2019-12-18 16:33:26,597 : INFO : EventManager : Event: ======'balldevice_bd_plunger_ball_eject_success'====== Args={'balls': 1, 'target': <playfield.playfield>}
2019-12-18 16:33:26,598 : INFO : EventManager : Event: ======'balldevice_playfield_ball_enter'====== Args={'unclaimed_balls': 1, 'device': <playfield.playfield>, 'new_balls': 1}
2019-12-18 16:33:26,598 : INFO : EventManager : Event: ======'playfield_ball_count_change'====== Args={'balls': 1, 'change': 1}
2019-12-18 16:33:26,601 : INFO : EventManager : Event: ======'balldevice_bd_trough_ball_eject_success'====== Args={'balls': 1, 'target': <ball_device.bd_plunger>}
2019-12-18 16:33:26,603 : INFO : EventManager : Event: ======'balldevice_bd_trough_ball_count_changed'====== Args={'balls': 0}
2019-12-18 16:33:26,606 : INFO : SwitchController : <<<<<<< 's_spinner' active >>>>>>>
2019-12-18 16:33:26,607 : INFO : EventManager : Event: ======'s_spinner_active'====== Args={}
2019-12-18 16:33:26,607 : INFO : EventManager : Event: ======'sw_playfield_active'====== Args={}
2019-12-18 16:33:26,615 : INFO : EventManager : Event: ======'machine_var_audits_switches_s_spinner'====== Args={'prev_value': 9180, 'value': 9181, 'change': 1}
2019-12-18 16:33:26,617 : INFO : EventManager : Event: ======'player_score'====== Args={'prev_value': 7, 'value': 8, 'player_num': 1, 'change': 1}
2019-12-18 16:33:26,618 : INFO : EventManager : Event: ======'player_pichu_exp'====== Args={'prev_value': 8, 'value': 9, 'player_num': 1, 'change': 1}
2019-12-18 16:33:26,620 : INFO : EventManager : Event: ======'check_evolve_pichu'====== Args={'priority': 0}
2019-12-18 16:33:26,623 : INFO : SwitchController : <<<<<<< 's_spinner' inactive >>>>>>>
2019-12-18 16:33:26,653 : INFO : SwitchController : <<<<<<< 's_spinner' active >>>>>>>
2019-12-18 16:33:26,653 : INFO : EventManager : Event: ======'s_spinner_active'====== Args={}
2019-12-18 16:33:26,653 : INFO : EventManager : Event: ======'sw_playfield_active'====== Args={}
2019-12-18 16:33:26,660 : INFO : EventManager : Event: ======'machine_var_audits_switches_s_spinner'====== Args={'prev_value': 9181, 'value': 9182, 'change': 1}
2019-12-18 16:33:26,662 : INFO : EventManager : Event: ======'player_score'====== Args={'prev_value': 8, 'value': 9, 'player_num': 1, 'change': 1}
2019-12-18 16:33:26,664 : INFO : EventManager : Event: ======'player_pichu_exp'====== Args={'prev_value': 9, 'value': 10, 'player_num': 1, 'change': 1}
2019-12-18 16:33:26,666 : INFO : EventManager : Event: ======'check_evolve_pichu'====== Args={'priority': 0}
2019-12-18 16:33:26,669 : INFO : SwitchController : <<<<<<< 's_spinner' inactive >>>>>>>
2019-12-18 16:33:26,717 : INFO : SwitchController : <<<<<<< 's_spinner' active >>>>>>>
2019-12-18 16:33:26,718 : INFO : EventManager : Event: ======'s_spinner_active'====== Args={}
2019-12-18 16:33:26,718 : INFO : EventManager : Event: ======'sw_playfield_active'====== Args={}
2019-12-18 16:33:26,730 : INFO : EventManager : Event: ======'machine_var_audits_switches_s_spinner'====== Args={'prev_value': 9182, 'value': 9183, 'change': 1}
2019-12-18 16:33:26,733 : INFO : EventManager : Event: ======'player_score'====== Args={'prev_value': 9, 'value': 10, 'player_num': 1, 'change': 1}
2019-12-18 16:33:26,734 : INFO : EventManager : Event: ======'player_pichu_exp'====== Args={'prev_value': 10, 'value': 11, 'player_num': 1, 'change': 1}
2019-12-18 16:33:26,736 : INFO : EventManager : Event: ======'check_evolve_pichu'====== Args={'priority': 0}
2019-12-18 16:33:26,740 : INFO : SwitchController : <<<<<<< 's_spinner' inactive >>>>>>>
2019-12-18 16:33:26,781 : INFO : SwitchController : <<<<<<< 's_spinner' active >>>>>>>
2019-12-18 16:33:26,781 : INFO : EventManager : Event: ======'s_spinner_active'====== Args={}
2019-12-18 16:33:26,782 : INFO : EventManager : Event: ======'sw_playfield_active'====== Args={}
2019-12-18 16:33:26,789 : INFO : EventManager : Event: ======'machine_var_audits_switches_s_spinner'====== Args={'prev_value': 9183, 'value': 9184, 'change': 1}
2019-12-18 16:33:26,790 : INFO : SwitchController : <<<<<<< 's_spinner' inactive >>>>>>>
2019-12-18 16:33:26,799 : INFO : EventManager : Event: ======'player_score'====== Args={'prev_value': 10, 'value': 11, 'player_num': 1, 'change': 1}
2019-12-18 16:33:26,800 : INFO : EventManager : Event: ======'player_pichu_exp'====== Args={'prev_value': 11, 'value': 12, 'player_num': 1, 'change': 1}
2019-12-18 16:33:26,802 : INFO : EventManager : Event: ======'check_evolve_pichu'====== Args={'priority': 0}
2019-12-18 16:33:26,829 : INFO : SwitchController : <<<<<<< 's_spinner' active >>>>>>>
2019-12-18 16:33:26,829 : INFO : EventManager : Event: ======'s_spinner_active'====== Args={}
2019-12-18 16:33:26,830 : INFO : EventManager : Event: ======'sw_playfield_active'====== Args={}
2019-12-18 16:33:26,838 : INFO : EventManager : Event: ======'machine_var_audits_switches_s_spinner'====== Args={'prev_value': 9184, 'value': 9185, 'change': 1}
2019-12-18 16:33:26,840 : INFO : EventManager : Event: ======'player_score'====== Args={'prev_value': 11, 'value': 12, 'player_num': 1, 'change': 1}
2019-12-18 16:33:26,842 : INFO : EventManager : Event: ======'player_pichu_exp'====== Args={'prev_value': 12, 'value': 13, 'player_num': 1, 'change': 1}
2019-12-18 16:33:26,843 : INFO : EventManager : Event: ======'check_evolve_pichu'====== Args={'priority': 0}
2019-12-18 16:33:26,847 : INFO : SwitchController : <<<<<<< 's_spinner' inactive >>>>>>>
2019-12-18 16:33:26,893 : INFO : SwitchController : <<<<<<< 's_spinner' active >>>>>>>
2019-12-18 16:33:26,894 : INFO : EventManager : Event: ======'s_spinner_active'====== Args={}
2019-12-18 16:33:26,894 : INFO : EventManager : Event: ======'sw_playfield_active'====== Args={}
2019-12-18 16:33:26,907 : INFO : EventManager : Event: ======'machine_var_audits_switches_s_spinner'====== Args={'prev_value': 9185, 'value': 9186, 'change': 1}
2019-12-18 16:33:26,911 : INFO : EventManager : Event: ======'player_score'====== Args={'prev_value': 12, 'value': 13, 'player_num': 1, 'change': 1}
2019-12-18 16:33:26,913 : INFO : EventManager : Event: ======'player_pichu_exp'====== Args={'prev_value': 13, 'value': 14, 'player_num': 1, 'change': 1}
2019-12-18 16:33:26,915 : INFO : EventManager : Event: ======'check_evolve_pichu'====== Args={'priority': 0}
2019-12-18 16:33:26,920 : INFO : SwitchController : <<<<<<< 's_spinner' inactive >>>>>>>
2019-12-18 16:33:26,973 : INFO : SwitchController : <<<<<<< 's_spinner' active >>>>>>>
2019-12-18 16:33:26,974 : INFO : EventManager : Event: ======'s_spinner_active'====== Args={}
2019-12-18 16:33:26,974 : INFO : EventManager : Event: ======'sw_playfield_active'====== Args={}
2019-12-18 16:33:26,982 : INFO : EventManager : Event: ======'machine_var_audits_switches_s_spinner'====== Args={'prev_value': 9186, 'value': 9187, 'change': 1}
2019-12-18 16:33:26,983 : INFO : SwitchController : <<<<<<< 's_spinner' inactive >>>>>>>
2019-12-18 16:33:26,992 : INFO : EventManager : Event: ======'player_score'====== Args={'prev_value': 13, 'value': 14, 'player_num': 1, 'change': 1}
2019-12-18 16:33:26,999 : INFO : EventManager : Event: ======'player_pichu_exp'====== Args={'prev_value': 14, 'value': 15, 'player_num': 1, 'change': 1}
2019-12-18 16:33:27,006 : INFO : EventManager : Event: ======'check_evolve_pichu'====== Args={'priority': 0}
2019-12-18 16:33:27,037 : INFO : SwitchController : <<<<<<< 's_spinner' active >>>>>>>
2019-12-18 16:33:27,037 : INFO : EventManager : Event: ======'s_spinner_active'====== Args={}
2019-12-18 16:33:27,037 : INFO : EventManager : Event: ======'sw_playfield_active'====== Args={}
2019-12-18 16:33:27,045 : INFO : EventManager : Event: ======'machine_var_audits_switches_s_spinner'====== Args={'prev_value': 9187, 'value': 9188, 'change': 1}
2019-12-18 16:33:27,048 : INFO : EventManager : Event: ======'player_score'====== Args={'prev_value': 14, 'value': 15, 'player_num': 1, 'change': 1}
2019-12-18 16:33:27,049 : INFO : EventManager : Event: ======'player_pichu_exp'====== Args={'prev_value': 15, 'value': 16, 'player_num': 1, 'change': 1}
2019-12-18 16:33:27,050 : INFO : EventManager : Event: ======'check_evolve_pichu'====== Args={'priority': 0}
2019-12-18 16:33:27,054 : INFO : SwitchController : <<<<<<< 's_spinner' inactive >>>>>>>
2019-12-18 16:33:27,118 : INFO : SwitchController : <<<<<<< 's_spinner' active >>>>>>>
2019-12-18 16:33:27,119 : INFO : EventManager : Event: ======'s_spinner_active'====== Args={}
2019-12-18 16:33:27,119 : INFO : EventManager : Event: ======'sw_playfield_active'====== Args={}
2019-12-18 16:33:27,138 : INFO : EventManager : Event: ======'machine_var_audits_switches_s_spinner'====== Args={'prev_value': 9188, 'value': 9189, 'change': 1}
2019-12-18 16:33:27,142 : INFO : EventManager : Event: ======'player_score'====== Args={'prev_value': 15, 'value': 16, 'player_num': 1, 'change': 1}
2019-12-18 16:33:27,144 : INFO : EventManager : Event: ======'player_pichu_exp'====== Args={'prev_value': 16, 'value': 17, 'player_num': 1, 'change': 1}
2019-12-18 16:33:27,148 : INFO : EventManager : Event: ======'check_evolve_pichu'====== Args={'priority': 0}
2019-12-18 16:33:27,154 : INFO : SwitchController : <<<<<<< 's_spinner' inactive >>>>>>>
2019-12-18 16:33:27,197 : INFO : SwitchController : <<<<<<< 's_spinner' active >>>>>>>
2019-12-18 16:33:27,198 : INFO : EventManager : Event: ======'s_spinner_active'====== Args={}
2019-12-18 16:33:27,198 : INFO : EventManager : Event: ======'sw_playfield_active'====== Args={}
2019-12-18 16:33:27,210 : INFO : EventManager : Event: ======'machine_var_audits_switches_s_spinner'====== Args={'prev_value': 9189, 'value': 9190, 'change': 1}
2019-12-18 16:33:27,214 : INFO : EventManager : Event: ======'player_score'====== Args={'prev_value': 16, 'value': 17, 'player_num': 1, 'change': 1}
2019-12-18 16:33:27,216 : INFO : EventManager : Event: ======'player_pichu_exp'====== Args={'prev_value': 17, 'value': 18, 'player_num': 1, 'change': 1}
2019-12-18 16:33:27,218 : INFO : EventManager : Event: ======'check_evolve_pichu'====== Args={'priority': 0}
2019-12-18 16:33:27,223 : INFO : SwitchController : <<<<<<< 's_spinner' inactive >>>>>>>
2019-12-18 16:33:27,293 : INFO : SwitchController : <<<<<<< 's_spinner' active >>>>>>>
2019-12-18 16:33:27,293 : INFO : EventManager : Event: ======'s_spinner_active'====== Args={}
2019-12-18 16:33:27,293 : INFO : EventManager : Event: ======'sw_playfield_active'====== Args={}
2019-12-18 16:33:27,300 : INFO : EventManager : Event: ======'machine_var_audits_switches_s_spinner'====== Args={'prev_value': 9190, 'value': 9191, 'change': 1}
2019-12-18 16:33:27,303 : INFO : EventManager : Event: ======'player_score'====== Args={'prev_value': 17, 'value': 18, 'player_num': 1, 'change': 1}
2019-12-18 16:33:27,304 : INFO : EventManager : Event: ======'player_pichu_exp'====== Args={'prev_value': 18, 'value': 19, 'player_num': 1, 'change': 1}
2019-12-18 16:33:27,305 : INFO : EventManager : Event: ======'check_evolve_pichu'====== Args={'priority': 0}
2019-12-18 16:33:27,309 : INFO : SwitchController : <<<<<<< 's_spinner' inactive >>>>>>>
2019-12-18 16:33:27,374 : INFO : SwitchController : <<<<<<< 's_spinner' active >>>>>>>
2019-12-18 16:33:27,374 : INFO : EventManager : Event: ======'s_spinner_active'====== Args={}
2019-12-18 16:33:27,375 : INFO : EventManager : Event: ======'sw_playfield_active'====== Args={}
2019-12-18 16:33:27,390 : INFO : EventManager : Event: ======'machine_var_audits_switches_s_spinner'====== Args={'prev_value': 9191, 'value': 9192, 'change': 1}
2019-12-18 16:33:27,394 : INFO : EventManager : Event: ======'player_score'====== Args={'prev_value': 18, 'value': 19, 'player_num': 1, 'change': 1}
2019-12-18 16:33:27,397 : INFO : EventManager : Event: ======'player_pichu_exp'====== Args={'prev_value': 19, 'value': 20, 'player_num': 1, 'change': 1}
2019-12-18 16:33:27,399 : INFO : EventManager : Event: ======'check_evolve_pichu'====== Args={'priority': 0}
2019-12-18 16:33:27,405 : INFO : SwitchController : <<<<<<< 's_spinner' inactive >>>>>>>
2019-12-18 16:33:27,486 : INFO : SwitchController : <<<<<<< 's_spinner' active >>>>>>>
2019-12-18 16:33:27,487 : INFO : EventManager : Event: ======'s_spinner_active'====== Args={}
2019-12-18 16:33:27,487 : INFO : EventManager : Event: ======'sw_playfield_active'====== Args={}
2019-12-18 16:33:27,504 : INFO : EventManager : Event: ======'machine_var_audits_switches_s_spinner'====== Args={'prev_value': 9192, 'value': 9193, 'change': 1}
2019-12-18 16:33:27,508 : INFO : EventManager : Event: ======'player_score'====== Args={'prev_value': 19, 'value': 20, 'player_num': 1, 'change': 1}
2019-12-18 16:33:27,510 : INFO : EventManager : Event: ======'player_pichu_exp'====== Args={'prev_value': 20, 'value': 21, 'player_num': 1, 'change': 1}
2019-12-18 16:33:27,514 : INFO : EventManager : Event: ======'check_evolve_pichu'====== Args={'priority': 0}
2019-12-18 16:33:27,542 : INFO : SwitchController : <<<<<<< 's_spinner' inactive >>>>>>>
2019-12-18 16:33:27,597 : INFO : SwitchController : <<<<<<< 's_spinner' active >>>>>>>
2019-12-18 16:33:27,598 : INFO : EventManager : Event: ======'s_spinner_active'====== Args={}
2019-12-18 16:33:27,599 : INFO : EventManager : Event: ======'sw_playfield_active'====== Args={}
2019-12-18 16:33:27,614 : INFO : EventManager : Event: ======'machine_var_audits_switches_s_spinner'====== Args={'prev_value': 9193, 'value': 9194, 'change': 1}
2019-12-18 16:33:27,617 : INFO : EventManager : Event: ======'player_score'====== Args={'prev_value': 20, 'value': 21, 'player_num': 1, 'change': 1}
2019-12-18 16:33:27,619 : INFO : EventManager : Event: ======'player_pichu_exp'====== Args={'prev_value': 21, 'value': 22, 'player_num': 1, 'change': 1}
2019-12-18 16:33:27,622 : INFO : EventManager : Event: ======'check_evolve_pichu'====== Args={'priority': 0}
2019-12-18 16:33:27,627 : INFO : SwitchController : <<<<<<< 's_spinner' inactive >>>>>>>
2019-12-18 16:33:27,709 : INFO : SwitchController : <<<<<<< 's_spinner' active >>>>>>>
2019-12-18 16:33:27,710 : INFO : EventManager : Event: ======'s_spinner_active'====== Args={}
2019-12-18 16:33:27,711 : INFO : EventManager : Event: ======'sw_playfield_active'====== Args={}
2019-12-18 16:33:27,724 : INFO : EventManager : Event: ======'machine_var_audits_switches_s_spinner'====== Args={'prev_value': 9194, 'value': 9195, 'change': 1}
2019-12-18 16:33:27,728 : INFO : EventManager : Event: ======'player_score'====== Args={'prev_value': 21, 'value': 22, 'player_num': 1, 'change': 1}
2019-12-18 16:33:27,731 : INFO : EventManager : Event: ======'player_pichu_exp'====== Args={'prev_value': 22, 'value': 23, 'player_num': 1, 'change': 1}
2019-12-18 16:33:27,733 : INFO : EventManager : Event: ======'check_evolve_pichu'====== Args={'priority': 0}
2019-12-18 16:33:27,741 : INFO : SwitchController : <<<<<<< 's_spinner' inactive >>>>>>>
2019-12-18 16:33:27,854 : INFO : SwitchController : <<<<<<< 's_spinner' active >>>>>>>
2019-12-18 16:33:27,855 : INFO : EventManager : Event: ======'s_spinner_active'====== Args={}
2019-12-18 16:33:27,856 : INFO : EventManager : Event: ======'sw_playfield_active'====== Args={}
2019-12-18 16:33:27,870 : INFO : EventManager : Event: ======'machine_var_audits_switches_s_spinner'====== Args={'prev_value': 9195, 'value': 9196, 'change': 1}
2019-12-18 16:33:27,874 : INFO : EventManager : Event: ======'player_score'====== Args={'prev_value': 22, 'value': 23, 'player_num': 1, 'change': 1}
2019-12-18 16:33:27,876 : INFO : EventManager : Event: ======'player_pichu_exp'====== Args={'prev_value': 23, 'value': 24, 'player_num': 1, 'change': 1}
2019-12-18 16:33:27,878 : INFO : EventManager : Event: ======'check_evolve_pichu'====== Args={'priority': 0}
2019-12-18 16:33:27,886 : INFO : SwitchController : <<<<<<< 's_spinner' inactive >>>>>>>
2019-12-18 16:33:28,014 : INFO : SwitchController : <<<<<<< 's_spinner' active >>>>>>>
2019-12-18 16:33:28,015 : INFO : EventManager : Event: ======'s_spinner_active'====== Args={}
2019-12-18 16:33:28,015 : INFO : EventManager : Event: ======'sw_playfield_active'====== Args={}
2019-12-18 16:33:28,034 : INFO : EventManager : Event: ======'machine_var_audits_switches_s_spinner'====== Args={'prev_value': 9196, 'value': 9197, 'change': 1}
2019-12-18 16:33:28,038 : INFO : EventManager : Event: ======'player_score'====== Args={'prev_value': 23, 'value': 24, 'player_num': 1, 'change': 1}
2019-12-18 16:33:28,041 : INFO : EventManager : Event: ======'player_pichu_exp'====== Args={'prev_value': 24, 'value': 25, 'player_num': 1, 'change': 1}
2019-12-18 16:33:28,043 : INFO : EventManager : Event: ======'check_evolve_pichu'====== Args={'priority': 0}
2019-12-18 16:33:28,061 : INFO : SwitchController : <<<<<<< 's_spinner' inactive >>>>>>>
2019-12-18 16:33:28,205 : INFO : SwitchController : <<<<<<< 's_spinner' active >>>>>>>
2019-12-18 16:33:28,206 : INFO : EventManager : Event: ======'s_spinner_active'====== Args={}
2019-12-18 16:33:28,206 : INFO : EventManager : Event: ======'sw_playfield_active'====== Args={}
2019-12-18 16:33:28,218 : INFO : EventManager : Event: ======'machine_var_audits_switches_s_spinner'====== Args={'prev_value': 9197, 'value': 9198, 'change': 1}
2019-12-18 16:33:28,221 : INFO : EventManager : Event: ======'player_score'====== Args={'prev_value': 24, 'value': 25, 'player_num': 1, 'change': 1}
2019-12-18 16:33:28,222 : INFO : EventManager : Event: ======'player_pichu_exp'====== Args={'prev_value': 25, 'value': 26, 'player_num': 1, 'change': 1}
2019-12-18 16:33:28,224 : INFO : EventManager : Event: ======'check_evolve_pichu'====== Args={'priority': 0}
2019-12-18 16:33:28,285 : INFO : SwitchController : <<<<<<< 's_spinner' inactive >>>>>>>
2019-12-18 16:33:28,495 : INFO : SwitchController : <<<<<<< 's_spinner' active >>>>>>>
2019-12-18 16:33:28,496 : INFO : EventManager : Event: ======'s_spinner_active'====== Args={}
2019-12-18 16:33:28,496 : INFO : EventManager : Event: ======'sw_playfield_active'====== Args={}
2019-12-18 16:33:28,515 : INFO : EventManager : Event: ======'machine_var_audits_switches_s_spinner'====== Args={'prev_value': 9198, 'value': 9199, 'change': 1}
2019-12-18 16:33:28,542 : INFO : EventManager : Event: ======'player_score'====== Args={'prev_value': 25, 'value': 26, 'player_num': 1, 'change': 1}
2019-12-18 16:33:28,543 : INFO : EventManager : Event: ======'player_pichu_exp'====== Args={'prev_value': 26, 'value': 27, 'player_num': 1, 'change': 1}
2019-12-18 16:33:28,544 : INFO : EventManager : Event: ======'check_evolve_pichu'====== Args={'priority': 0}
2019-12-18 16:33:28,572 : INFO : SwitchController : <<<<<<< 's_spinner' inactive >>>>>>>
2019-12-18 16:33:31,902 : INFO : SwitchController : <<<<<<< 's_saucer' active >>>>>>>
2019-12-18 16:33:31,903 : INFO : EventManager : Event: ======'s_saucer_active'====== Args={}
2019-12-18 16:33:31,923 : INFO : EventManager : Event: ======'machine_var_audits_switches_s_saucer'====== Args={'prev_value': 1204, 'value': 1205, 'change': 1}
2019-12-18 16:33:31,928 : INFO : EventManager : Event: ======'player_score'====== Args={'prev_value': 26, 'value': 41, 'player_num': 1, 'change': 15}
2019-12-18 16:33:31,931 : INFO : EventManager : Event: ======'player_pichu_exp'====== Args={'prev_value': 27, 'value': 42, 'player_num': 1, 'change': 15}
2019-12-18 16:33:31,935 : INFO : EventManager : Event: ======'check_evolve_pichu'====== Args={'priority': 0}
2019-12-18 16:33:32,402 : INFO : EventManager : Event: ======'balldevice_bd_saucer_ball_count_changed'====== Args={'balls': 1}
2019-12-18 16:33:32,403 : INFO : EventManager : Event: ======'balldevice_captured_from_playfield'====== Args={'balls': 1}
2019-12-18 16:33:32,405 : INFO : EventManager : Event: ======'sw_playfield_active'====== Args={'balls': 1}
2019-12-18 16:33:32,405 : INFO : EventManager : Event: ======'playfield_ball_count_change'====== Args={'balls': 0, 'change': -1}
2019-12-18 16:33:32,407 : INFO : EventManager : Event: ======'balldevice_bd_saucer_ball_enter'====== Args={'unclaimed_balls': 1, 'device': <ball_device.bd_saucer>, 'new_balls': 1, 'new_available_balls': 1}
2019-12-18 16:33:32,410 : INFO : EventManager : Event: ======'balldevice_balls_available'====== Args={}
2019-12-18 16:33:32,411 : INFO : EventManager : Event: ======'balldevice_balls_available'====== Args={}
2019-12-18 16:33:32,411 : INFO : EventManager : Event: ======'balldevice_bd_saucer_ball_entered'====== Args={'device': <ball_device.bd_saucer>, 'new_balls': 1}
2019-12-18 16:33:32,420 : INFO : EventManager : Event: ======'balldevice_bd_saucer_ball_eject_attempt'====== Args={'balls': 1, 'source': <ball_device.bd_saucer>, 'num_attempts': 0, 'mechanical_eject': False, 'target': <playfield.playfield>}
2019-12-18 16:33:32,424 : INFO : ball_device.bd_saucer : Ejecting ball to <playfield.playfield>
2019-12-18 16:33:32,428 : INFO : EventManager : Event: ======'balldevice_bd_saucer_ejecting_ball'====== Args={'balls': 1, 'source': <ball_device.bd_saucer>, 'num_attempts': 0, 'mechanical_eject': False, 'target': <playfield.playfield>}
2019-12-18 16:33:32,437 : INFO : coil.c_saucer : Pulsing Driver for 60ms (1.0 pulse_power)
2019-12-18 16:33:32,477 : INFO : SwitchController : <<<<<<< 's_saucer' inactive >>>>>>>
2019-12-18 16:33:33,573 : INFO : EventManager : Event: ======'balldevice_bd_saucer_ball_eject_success'====== Args={'balls': 1, 'target': <playfield.playfield>}
2019-12-18 16:33:33,575 : INFO : EventManager : Event: ======'balldevice_playfield_ball_enter'====== Args={'unclaimed_balls': 1, 'device': <playfield.playfield>, 'new_balls': 1}
2019-12-18 16:33:33,576 : INFO : EventManager : Event: ======'playfield_ball_count_change'====== Args={'balls': 1, 'change': 1}
2019-12-18 16:33:33,579 : INFO : EventManager : Event: ======'balldevice_bd_saucer_ball_count_changed'====== Args={'balls': 0}
2019-12-18 16:33:34,654 : INFO : SwitchController : <<<<<<< 's_pop_right' active >>>>>>>
2019-12-18 16:33:34,655 : INFO : EventManager : Event: ======'s_pop_right_active'====== Args={}
2019-12-18 16:33:34,676 : INFO : EventManager : Event: ======'machine_var_audits_switches_s_pop_right'====== Args={'prev_value': 3619, 'value': 3620, 'change': 1}
2019-12-18 16:33:34,681 : INFO : EventManager : Event: ======'player_score'====== Args={'prev_value': 41, 'value': 46, 'player_num': 1, 'change': 5}
2019-12-18 16:33:34,684 : INFO : EventManager : Event: ======'player_pichu_exp'====== Args={'prev_value': 42, 'value': 47, 'player_num': 1, 'change': 5}
2019-12-18 16:33:34,688 : INFO : EventManager : Event: ======'check_evolve_pichu'====== Args={'priority': 0}
2019-12-18 16:33:34,725 : INFO : SwitchController : <<<<<<< 's_pop_right' inactive >>>>>>>
2019-12-18 16:33:34,734 : INFO : SwitchController : <<<<<<< 's_pop_right' active >>>>>>>
2019-12-18 16:33:34,744 : INFO : EventManager : Event: ======'machine_var_audits_switches_s_pop_right'====== Args={'prev_value': 3620, 'value': 3621, 'change': 1}
2019-12-18 16:33:34,745 : INFO : SwitchController : <<<<<<< 's_pop_right' inactive >>>>>>>
2019-12-18 16:33:39,550 : INFO : SwitchController : <<<<<<< 's_drain' active >>>>>>>
2019-12-18 16:33:39,566 : INFO : EventManager : Event: ======'machine_var_audits_switches_s_drain'====== Args={'prev_value': 2771, 'value': 2772, 'change': 1}
2019-12-18 16:33:40,044 : INFO : EventManager : Event: ======'balldevice_bd_drain_ball_count_changed'====== Args={'balls': 1}
2019-12-18 16:33:40,045 : INFO : EventManager : Event: ======'balldevice_captured_from_playfield'====== Args={'balls': 1}
2019-12-18 16:33:40,048 : INFO : EventManager : Event: ======'sw_playfield_active'====== Args={'balls': 1}
2019-12-18 16:33:40,049 : INFO : EventManager : Event: ======'playfield_ball_count_change'====== Args={'balls': 0, 'change': -1}
2019-12-18 16:33:40,053 : INFO : EventManager : Event: ======'balldevice_bd_drain_ball_enter'====== Args={'unclaimed_balls': 1, 'device': <ball_device.bd_drain>, 'new_balls': 1, 'new_available_balls': 1}
2019-12-18 16:33:40,056 : INFO : EventManager : Event: ======'ball_drain'====== Args={'balls': 1, 'device': <ball_device.bd_drain>}
2019-12-18 16:33:40,060 : INFO : EventManager : Event: ======'ball_will_end'====== Args={}
2019-12-18 16:33:40,061 : INFO : EventManager : Event: ======'balldevice_balls_available'====== Args={}
2019-12-18 16:33:40,062 : INFO : EventManager : Event: ======'balldevice_balls_available'====== Args={}
2019-12-18 16:33:40,062 : INFO : EventManager : Event: ======'balldevice_bd_drain_ball_entered'====== Args={'device': <ball_device.bd_drain>, 'new_balls': 1}
2019-12-18 16:33:40,071 : INFO : EventManager : Event: ======'ball_ending'====== Args={}
2019-12-18 16:33:40,075 : INFO : EventManager : Event: ======'mode_2player_will_stop'====== Args={}
2019-12-18 16:33:40,076 : INFO : EventManager : Event: ======'mode_2player_stopping'====== Args={}
2019-12-18 16:33:40,077 : INFO : EventManager : Event: ======'mode_gym0_will_stop'====== Args={}
2019-12-18 16:33:40,077 : INFO : EventManager : Event: ======'mode_gym0_stopping'====== Args={}
2019-12-18 16:33:40,078 : INFO : EventManager : Event: ======'mode_pichu_will_stop'====== Args={}
2019-12-18 16:33:40,079 : INFO : EventManager : Event: ======'mode_pichu_stopping'====== Args={}
2019-12-18 16:33:40,079 : INFO : EventManager : Event: ======'mode_base_will_stop'====== Args={}
2019-12-18 16:33:40,080 : INFO : EventManager : Event: ======'mode_base_stopping'====== Args={}
2019-12-18 16:33:40,084 : INFO : Mode.base : Stopped.
2019-12-18 16:33:40,088 : INFO : EventManager : Event: ======'mode_base_stopped'====== Args={}
2019-12-18 16:33:40,088 : INFO : EventManager : Event: ======'clear'====== Args={'key': 'base'}
2019-12-18 16:33:40,089 : INFO : Mode.pichu : Stopped.
2019-12-18 16:33:40,094 : INFO : EventManager : Event: ======'mode_pichu_stopped'====== Args={}
2019-12-18 16:33:40,095 : INFO : EventManager : Event: ======'clear'====== Args={'key': 'pichu'}
2019-12-18 16:33:40,096 : INFO : Mode.gym0 : Stopped.
2019-12-18 16:33:40,099 : INFO : EventManager : Event: ======'mode_gym0_stopped'====== Args={}
2019-12-18 16:33:40,100 : INFO : EventManager : Event: ======'clear'====== Args={'key': 'gym0'}
2019-12-18 16:33:40,100 : INFO : Mode.2player : Stopped.
2019-12-18 16:33:40,103 : INFO : EventManager : Event: ======'mode_2player_stopped'====== Args={}
2019-12-18 16:33:40,104 : INFO : EventManager : Event: ======'clear'====== Args={'key': '2player'}
2019-12-18 16:33:40,115 : INFO : EventManager : Event: ======'ball_ended'====== Args={}
2019-12-18 16:33:40,116 : INFO : EventManager : Event: ======'balldevice_bd_drain_ball_eject_attempt'====== Args={'balls': 1, 'source': <ball_device.bd_drain>, 'num_attempts': 0, 'mechanical_eject': False, 'target': <ball_device.bd_trough>}
2019-12-18 16:33:40,123 : INFO : EventManager : Event: ======'slide_slide_mode_pichu_started_removed'====== Args={'_from_bcp': True}
2019-12-18 16:33:40,126 : INFO : ball_device.bd_drain : Ejecting ball to <ball_device.bd_trough>
2019-12-18 16:33:40,127 : INFO : EventManager : Event: ======'balldevice_bd_drain_ejecting_ball'====== Args={'balls': 1, 'source': <ball_device.bd_drain>, 'num_attempts': 0, 'mechanical_eject': False, 'target': <ball_device.bd_trough>}
2019-12-18 16:33:40,128 : INFO : EventManager : Event: ======'player_turn_will_end'====== Args={'player': <Player 1>, 'number': 1}
2019-12-18 16:33:40,133 : INFO : EventManager : Event: ======'slide_slide_mode_gym0_started_removed'====== Args={'_from_bcp': True}
2019-12-18 16:33:40,136 : INFO : EventManager : Event: ======'player_turn_ending'====== Args={'player': <Player 1>, 'number': 1}
2019-12-18 16:33:40,140 : INFO : EventManager : Event: ======'player_turn_ended'====== Args={'player': <Player 1>, 'number': 1}
2019-12-18 16:33:40,142 : INFO : coil.c_drain : Pulsing Driver for 20ms (1.0 pulse_power)
2019-12-18 16:33:40,148 : INFO : EventManager : Event: ======'player_turn_will_start'====== Args={'player': <Player 2>, 'number': 2}
2019-12-18 16:33:40,151 : INFO : EventManager : Event: ======'player_turn_starting'====== Args={'player': <Player 2>, 'number': 2}
2019-12-18 16:33:40,152 : INFO : EventManager : Event: ======'slide_slide_mode_2player_started_removed'====== Args={'_from_bcp': True}
2019-12-18 16:33:40,154 : INFO : EventManager : Event: ======'player_ball'====== Args={'prev_value': 0, 'value': 1, 'player_num': 2, 'change': 1}
2019-12-18 16:33:40,155 : INFO : EventManager : Event: ======'player_turn_started'====== Args={'player': <Player 2>, 'number': 2}
2019-12-18 16:33:40,156 : INFO : EventManager : Event: ======'slide_top_blank_active'====== Args={'_from_bcp': True}
2019-12-18 16:33:40,157 : INFO : EventManager : Event: ======'slide_middle_blank_active'====== Args={'_from_bcp': True}
2019-12-18 16:33:40,163 : INFO : EventManager : Event: ======'ball_will_start'====== Args={'player': 2, 'ball': 1, 'balls_remaining': 2, 'is_extra_ball': False}
2019-12-18 16:33:40,164 : INFO : EventManager : Event: ======'slide_bottom_blank_active'====== Args={'_from_bcp': True}
2019-12-18 16:33:40,167 : INFO : EventManager : Event: ======'ball_starting'====== Args={'player': 2, 'ball': 1, 'balls_remaining': 2, 'is_extra_ball': False}
2019-12-18 16:33:40,169 : INFO : EventManager : Event: ======'mode_base_will_start'====== Args={'player': 2, 'queue': <QueuedEvent>, 'balls_remaining': 2, 'ball': 1, 'is_extra_ball': False}
2019-12-18 16:33:40,175 : INFO : EventManager : Event: ======'mode_base_starting'====== Args={'player': 2, 'queue': <QueuedEvent>, 'balls_remaining': 2, 'ball': 1, 'is_extra_ball': False}
2019-12-18 16:33:40,176 : INFO : drop_target_bank.right_bank : All targets are already up. Will not reset bank.
2019-12-18 16:33:40,178 : INFO : Mode.base : Started. Priority: 31
2019-12-18 16:33:40,179 : INFO : EventManager : Event: ======'mode_base_started'====== Args={'player': 2, 'queue': <QueuedEvent>, 'balls_remaining': 2, 'ball': 1, 'is_extra_ball': False}
2019-12-18 16:33:40,180 : INFO : EventManager : Event: ======'start_mode_pichu'====== Args={'priority': 0}
2019-12-18 16:33:40,180 : INFO : EventManager : Event: ======'mode_pichu_will_start'====== Args={'priority': 0}
2019-12-18 16:33:40,190 : INFO : EventManager : Event: ======'mode_pichu_starting'====== Args={'priority': 0}
2019-12-18 16:33:40,190 : INFO : Mode.pichu : Started. Priority: 75
2019-12-18 16:33:40,191 : INFO : EventManager : Event: ======'mode_pichu_started'====== Args={'priority': 0}
2019-12-18 16:33:40,193 : INFO : EventManager : Event: ======'balls_in_play'====== Args={'balls': 1}
2019-12-18 16:33:40,193 : INFO : EventManager : Event: ======'ball_started'====== Args={'player': 2, 'ball': 1, 'balls_remaining': 2, 'is_extra_ball': False}
2019-12-18 16:33:40,196 : INFO : EventManager : Event: ======'start_gym0_event'====== Args={'priority': 0}
2019-12-18 16:33:40,200 : INFO : EventManager : Event: ======'mode_gym0_will_start'====== Args={'priority': 0}
2019-12-18 16:33:40,203 : INFO : EventManager : Event: ======'mode_gym0_starting'====== Args={'priority': 0}
2019-12-18 16:33:40,203 : INFO : Mode.gym0 : Started. Priority: 200
2019-12-18 16:33:40,204 : INFO : EventManager : Event: ======'mode_gym0_started'====== Args={'priority': 0}
2019-12-18 16:33:40,207 : INFO : EventManager : Event: ======'multi_player_ball_started'====== Args={}
2019-12-18 16:33:40,210 : INFO : EventManager : Event: ======'player_2_ball_started'====== Args={}
2019-12-18 16:33:40,212 : INFO : EventManager : Event: ======'balldevice_balls_available'====== Args={}
2019-12-18 16:33:40,237 : INFO : SwitchController : <<<<<<< 's_drain' inactive >>>>>>>
2019-12-18 16:33:40,251 : INFO : EventManager : Event: ======'slide_slide_mode_pichu_started_created'====== Args={'_from_bcp': True}
2019-12-18 16:33:40,255 : INFO : SwitchController : <<<<<<< 's_drain' active >>>>>>>
2019-12-18 16:33:40,262 : INFO : EventManager : Event: ======'machine_var_audits_switches_s_drain'====== Args={'prev_value': 2772, 'value': 2773, 'change': 1}
2019-12-18 16:33:40,266 : INFO : EventManager : Event: ======'slide_slide_mode_pichu_started_active'====== Args={'_from_bcp': True}
2019-12-18 16:33:40,269 : INFO : SwitchController : <<<<<<< 's_drain' inactive >>>>>>>
2019-12-18 16:33:40,287 : INFO : EventManager : Event: ======'slide_slide_mode_gym0_started_created'====== Args={'_from_bcp': True}
2019-12-18 16:33:40,294 : INFO : EventManager : Event: ======'slide_slide_mode_gym0_started_active'====== Args={'_from_bcp': True}
2019-12-18 16:33:40,605 : INFO : SwitchController : <<<<<<< 's_trough' active >>>>>>>
2019-12-18 16:33:40,619 : INFO : EventManager : Event: ======'machine_var_audits_switches_s_trough'====== Args={'prev_value': 1601, 'value': 1602, 'change': 1}
2019-12-18 16:33:40,653 : INFO : SwitchController : <<<<<<< 's_trough' inactive >>>>>>>
2019-12-18 16:33:40,845 : INFO : SwitchController : <<<<<<< 's_trough' active >>>>>>>
2019-12-18 16:33:40,859 : INFO : EventManager : Event: ======'machine_var_audits_switches_s_trough'====== Args={'prev_value': 1602, 'value': 1603, 'change': 1}
2019-12-18 16:33:41,341 : INFO : EventManager : Event: ======'balldevice_bd_trough_ball_enter'====== Args={'unclaimed_balls': 0, 'device': <ball_device.bd_trough>, 'new_balls': 1, 'new_available_balls': 0}
2019-12-18 16:33:41,345 : INFO : EventManager : Event: ======'ball_drain'====== Args={'balls': 0, 'device': <ball_device.bd_trough>}
2019-12-18 16:33:41,348 : INFO : EventManager : Event: ======'balldevice_bd_trough_ball_entered'====== Args={'device': <ball_device.bd_trough>, 'new_balls': 0}
2019-12-18 16:33:41,349 : INFO : EventManager : Event: ======'balldevice_bd_trough_ball_count_changed'====== Args={'balls': 1}
2019-12-18 16:33:41,351 : INFO : EventManager : Event: ======'balldevice_bd_drain_ball_eject_success'====== Args={'balls': 1, 'target': <ball_device.bd_trough>}
2019-12-18 16:33:41,353 : INFO : EventManager : Event: ======'balldevice_bd_trough_ball_eject_attempt'====== Args={'balls': 1, 'source': <ball_device.bd_trough>, 'num_attempts': 0, 'mechanical_eject': True, 'target': <ball_device.bd_plunger>}
2019-12-18 16:33:41,354 : INFO : EventManager : Event: ======'balldevice_bd_drain_ball_count_changed'====== Args={'balls': 0}
2019-12-18 16:33:41,358 : INFO : ball_device.bd_trough : Ejecting ball to <ball_device.bd_plunger>
2019-12-18 16:33:41,358 : INFO : EventManager : Event: ======'balldevice_bd_trough_ejecting_ball'====== Args={'balls': 1, 'source': <ball_device.bd_trough>, 'num_attempts': 0, 'mechanical_eject': True, 'target': <ball_device.bd_plunger>}
2019-12-18 16:33:41,362 : INFO : coil.c_trough : Pulsing Driver for 7ms (1.0 pulse_power)
2019-12-18 16:33:41,389 : INFO : SwitchController : <<<<<<< 's_trough' inactive >>>>>>>
2019-12-18 16:33:42,206 : INFO : SwitchController : <<<<<<< 's_trough' active >>>>>>>
2019-12-18 16:33:42,219 : INFO : EventManager : Event: ======'machine_var_audits_switches_s_trough'====== Args={'prev_value': 1603, 'value': 1604, 'change': 1}
2019-12-18 16:33:42,221 : INFO : SwitchController : <<<<<<< 's_trough' inactive >>>>>>>
2019-12-18 16:33:42,365 : INFO : SwitchController : <<<<<<< 's_trough' active >>>>>>>
2019-12-18 16:33:42,373 : INFO : EventManager : Event: ======'machine_var_audits_switches_s_trough'====== Args={'prev_value': 1604, 'value': 1605, 'change': 1}
2019-12-18 16:33:50,894 : INFO : SwitchController : <<<<<<< 's_flipper_left' active >>>>>>>
2019-12-18 16:33:50,914 : INFO : EventManager : Event: ======'machine_var_audits_switches_s_flipper_left'====== Args={'prev_value': 7569, 'value': 7570, 'change': 1}
2019-12-18 16:33:50,920 : INFO : SwitchController : <<<<<<< 's_flipper_left' inactive >>>>>>>
2019-12-18 16:33:51,373 : INFO : EventManager : Event: ======'balldevice_bd_plunger_ejecting_ball'====== Args={'balls': 1, 'source': <ball_device.bd_plunger>, 'num_attempts': 1, 'mechanical_eject': None, 'target': <playfield.playfield>}
2019-12-18 16:33:51,375 : INFO : EventManager : Event: ======'balldevice_bd_trough_ball_eject_failed'====== Args={'balls': 1, 'retry': True, 'num_attempts': 1, 'target': <ball_device.bd_plunger>}
2019-12-18 16:33:51,381 : INFO : EventManager : Event: ======'balldevice_bd_plunger_ball_eject_failed'====== Args={'balls': 1, 'retry': True, 'num_attempts': 1, 'target': <playfield.playfield>}
2019-12-18 16:33:51,384 : INFO : EventManager : Event: ======'balldevice_bd_trough_ball_eject_attempt'====== Args={'balls': 1, 'source': <ball_device.bd_trough>, 'num_attempts': 1, 'mechanical_eject': True, 'target': <ball_device.bd_plunger>}
2019-12-18 16:33:51,387 : INFO : ball_device.bd_trough : Ejecting ball to <ball_device.bd_plunger>
2019-12-18 16:33:51,388 : INFO : EventManager : Event: ======'balldevice_bd_trough_ejecting_ball'====== Args={'balls': 1, 'source': <ball_device.bd_trough>, 'num_attempts': 1, 'mechanical_eject': True, 'target': <ball_device.bd_plunger>}
2019-12-18 16:33:51,394 : INFO : coil.c_trough : Pulsing Driver for 7ms (1.0 pulse_power)
2019-12-18 16:33:51,421 : INFO : SwitchController : <<<<<<< 's_trough' inactive >>>>>>>
2019-12-18 16:33:52,782 : INFO : SwitchController : <<<<<<< 's_flipper_right' active >>>>>>>
2019-12-18 16:33:52,802 : INFO : EventManager : Event: ======'machine_var_audits_switches_s_flipper_right'====== Args={'prev_value': 11205, 'value': 11206, 'change': 1}
2019-12-18 16:33:52,808 : INFO : SwitchController : <<<<<<< 's_flipper_right' inactive >>>>>>>
2019-12-18 16:34:01,423 : INFO : EventManager : Event: ======'balldevice_bd_plunger_ejecting_ball'====== Args={'balls': 1, 'source': <ball_device.bd_plunger>, 'num_attempts': 1, 'mechanical_eject': None, 'target': <playfield.playfield>}
2019-12-18 16:34:03,532 : INFO : Machine : Shutting down...
2019-12-18 16:34:03,532 : INFO : EventManager : Event: ======'shutdown'====== Args={}
2019-12-18 16:34:03,548 : ERROR : FAST : Stop called on serial connection com5
2019-12-18 16:34:03,548 : ERROR : FAST : Stop called on serial connection com4
2019-12-18 16:34:03,798 : INFO : root : MPF run loop ended.
