2019-12-04 18:14:38,315 : kivy : Factory: 194 symbols loaded
2019-12-04 18:14:39,425 : kivy : Image: Providers: img_tex, img_dds, img_sdl2, img_pil, img_gif (img_ffpyplayer ignored)
2019-12-04 18:14:40,597 : kivy : VideoGstplayer: Using Gstreamer 1.10.2.0
2019-12-04 18:14:40,597 : kivy : Video: Provider: gstplayer
2019-12-04 18:14:41,253 : kivy : Loading MPF-MC controller
2019-12-04 18:14:41,253 : mpfmc : Mission Pinball Framework Media Controller v0.50.8
2019-12-04 18:14:41,253 : mpfmc : Mission Pinball Framework Game Engine v0.50.17
2019-12-04 18:14:41,253 : mpfmc : Machine path: E:\POKEMON - 3 - GYMS DISPLAYS
2019-12-04 18:14:41,268 : ConfigProcessor : Config file in cache changed: E:\POKEMON - 3 - GYMS DISPLAYS\config\config
2019-12-04 18:14:42,862 : ConfigProcessor : Loading config from file c:\python34\lib\site-packages\mpfmc\mcconfig.yaml.
2019-12-04 18:14:43,081 : ConfigProcessor : Loading config: c:\python34\lib\site-packages\mpfmc\mcconfig.yaml
2019-12-04 18:14:43,081 : ConfigProcessor : Loading config from file E:\POKEMON - 3 - GYMS DISPLAYS\config\config.
2019-12-04 18:14:43,300 : ConfigProcessor : Loading config: E:\POKEMON - 3 - GYMS DISPLAYS\config\config
2019-12-04 18:14:43,315 : ConfigProcessor : Loading config: E:\POKEMON - 3 - GYMS DISPLAYS\config\player_variables.yaml
2019-12-04 18:14:43,331 : ConfigProcessor : Loading config: E:\POKEMON - 3 - GYMS DISPLAYS\config\key_mapping.yaml
2019-12-04 18:14:43,347 : ConfigProcessor : Config file cache created: C:\Users\MISSIO~1\AppData\Local\Temp\aa033f1fd07646de8b3bd008da80b834.mpf_cache
2019-12-04 18:14:43,347 : mpfmc : Starting clock at 60.0Hz
2019-12-04 18:14:43,597 : kivy : Text: Provider: sdl2
2019-12-04 18:14:45,425 : kivy : OSC: using <thread> for socket
2019-12-04 18:14:45,456 : kivy : Window: Provider: sdl2
2019-12-04 18:14:46,134 : kivy : GL: Using the "OpenGL" graphics system
2019-12-04 18:14:46,137 : kivy : GL: GLEW initialization succeeded
2019-12-04 18:14:46,138 : kivy : GL: Backend used <glew>
2019-12-04 18:14:46,139 : kivy : GL: OpenGL version <b'4.4.0 - Build 20.19.15.4835'>
2019-12-04 18:14:46,139 : kivy : GL: OpenGL vendor <b'Intel'>
2019-12-04 18:14:46,139 : kivy : GL: OpenGL renderer <b'Intel(R) HD Graphics'>
2019-12-04 18:14:46,140 : kivy : GL: OpenGL parsed version: 4, 4
2019-12-04 18:14:46,140 : kivy : GL: Shading version <b'4.40 - Build 20.19.15.4835'>
2019-12-04 18:14:46,140 : kivy : GL: Texture max size <16384>
2019-12-04 18:14:46,141 : kivy : GL: Texture max units <32>
2019-12-04 18:14:46,197 : kivy : Shader: fragment shader: <b"WARNING: 0:7: '' :  #version directive missing">
2019-12-04 18:14:46,199 : kivy : Shader: vertex shader: <b"WARNING: 0:7: '' :  #version directive missing">
2019-12-04 18:14:46,220 : kivy : Window: auto add sdl2 input provider
2019-12-04 18:14:46,221 : kivy : Window: virtual keyboard not allowed, single mode, not docked
2019-12-04 18:14:46,289 : SoundSystem : SoundSystem: Using default 'sound_system' settings
2019-12-04 18:14:53,766 : AudioInterface : Initialized
2019-12-04 18:14:53,767 : SoundSystem : No audio tracks are specified in your machine config file. a track named 'default' has been created.
2019-12-04 18:14:53,782 : kivy : Base: Start application main loop
2019-12-04 18:14:53,868 : mpfmc : Display: Setting 'window' as default display
2019-12-04 18:14:54,085 : ConfigProcessor : Loading config from cache: C:\Users\MISSIO~1\AppData\Local\Temp\ffc5df461fc927df7502c20268b6e23c.mpf_cache
2019-12-04 18:14:54,089 : ConfigProcessor : Loading config from cache: C:\Users\MISSIO~1\AppData\Local\Temp\9463ad916821e4687af4640a7d04ba98.mpf_cache
2019-12-04 18:14:54,097 : ConfigProcessor : Loading config from cache: C:\Users\MISSIO~1\AppData\Local\Temp\c8c985d122de6339937b15f5cde5ffe7.mpf_cache
2019-12-04 18:14:54,101 : ConfigProcessor : Loading config from cache: C:\Users\MISSIO~1\AppData\Local\Temp\230c7edf879901b77e29ab003ecfd977.mpf_cache
2019-12-04 18:14:54,119 : ConfigProcessor : Loading config from cache: C:\Users\MISSIO~1\AppData\Local\Temp\325be8140670be7b4f7f24b4ea9ecf41.mpf_cache
2019-12-04 18:14:54,163 : ConfigProcessor : Loading config from cache: C:\Users\MISSIO~1\AppData\Local\Temp\3512d3a51b29689f2a9a6db585213e7b.mpf_cache
2019-12-04 18:14:54,196 : ConfigProcessor : Loading config from cache: C:\Users\MISSIO~1\AppData\Local\Temp\91c30393a7736530c48ab886a6ae90df.mpf_cache
2019-12-04 18:14:54,219 : ConfigProcessor : Loading config from cache: C:\Users\MISSIO~1\AppData\Local\Temp\10f8871b1481fbf59bf30d5b3d29537e.mpf_cache
2019-12-04 18:14:54,222 : ConfigProcessor : Loading config from cache: C:\Users\MISSIO~1\AppData\Local\Temp\d868708421ecefdd23b54f4fefaa5a63.mpf_cache
2019-12-04 18:14:54,261 : ConfigProcessor : Loading config from cache: C:\Users\MISSIO~1\AppData\Local\Temp\868965d45e8ef85973deb1cc43e3c6e9.mpf_cache
2019-12-04 18:14:54,293 : MPF-MC BCP Server : Starting up on localhost port 5050
2019-12-04 18:14:54,324 : MPF-MC BCP Server : Waiting for a connection...
2019-12-04 18:14:54,325 : mpfmc : SlidePlayer: Play called with settings={'slides': {'welcome_slide': {'transition': None, 'expire': None, 'action': 'play', 'show': True, 'slide': None, 'target': None, 'force': False, 'background_color': [0.0, 0.0, 0.0, 1.0], 'transition_out': None, 'priority': None}}}
2019-12-04 18:14:54,530 : kivy : GL: NPOT texture support is available
2019-12-04 18:14:55,699 : MPF-MC BCP Server : Received connection from: 127.0.0.1:49914
2019-12-04 18:14:55,967 : BcpProcessor : Received invalid BCP command: mode_list
2019-12-04 18:14:56,029 : mpfmc : SlidePlayer: Play called with settings={'slides': {'welcome_slide': {'transition': None, 'expire': None, 'action': 'play', 'show': True, 'slide': None, 'target': None, 'force': False, 'background_color': [0.0, 0.0, 0.0, 1.0], 'transition_out': None, 'priority': None}}}
2019-12-04 18:14:56,085 : mpfmc : SlidePlayer: Play called with settings={'slides': {'attract_started': {'transition': None, 'expire': None, 'action': 'play', 'show': True, 'slide': None, 'target': None, 'force': False, 'background_color': [0.0, 0.0, 0.0, 1.0], 'transition_out': None, 'priority': None}}}
2019-12-04 18:14:59,079 : mpfmc : SlidePlayer: Play called with settings={'slides': {'layout_3_mini': {'transition': None, 'background_color': [0.0, 0.0, 0.0, 1.0], 'action': 'play', 'show': True, 'slide': None, 'target': 'window', 'force': False, 'expire': None, 'transition_out': None, 'priority': None}}}
2019-12-04 18:14:59,162 : mpfmc : SlidePlayer: Play called with settings={'slides': {'layout_3_mini': {'transition': None, 'background_color': [0.0, 0.0, 0.0, 1.0], 'action': 'play', 'show': True, 'slide': None, 'target': 'window', 'force': False, 'expire': None, 'transition_out': None, 'priority': None}}}
2019-12-04 18:14:59,241 : mpfmc : SlidePlayer: Play called with settings={'slides': {'slide_mode_pichu_started': {'transition': None, 'background_color': [0.0, 0.0, 0.0, 1.0], 'action': 'play', 'show': True, 'slide': None, 'target': 'top', 'force': False, 'expire': None, 'transition_out': None, 'priority': None}}}
2019-12-04 18:14:59,297 : mpfmc : SlidePlayer: Play called with settings={'slides': {'slide_mode_gym0_started': {'transition': None, 'background_color': [0.0, 0.0, 0.0, 1.0], 'action': 'play', 'show': True, 'slide': None, 'target': 'middle', 'force': False, 'expire': None, 'transition_out': None, 'priority': None}}}
2019-12-04 18:15:15,245 : mpfmc : SlidePlayer: Play called with settings={'slides': {'slide_mode_gym0_started': {'transition': None, 'background_color': [0.0, 0.0, 0.0, 1.0], 'action': 'play', 'show': True, 'slide': None, 'target': 'middle', 'force': False, 'expire': None, 'transition_out': None, 'priority': None}}}
2019-12-04 18:15:15,279 : mpfmc : SlidePlayer: Play called with settings={'slides': {'slide_mode_pichu_started': {'transition': None, 'background_color': [0.0, 0.0, 0.0, 1.0], 'action': 'play', 'show': True, 'slide': None, 'target': 'top', 'force': False, 'expire': None, 'transition_out': None, 'priority': None}}}
2019-12-04 18:15:37,194 : mpfmc : SlidePlayer: Play called with settings={'slides': {'slide_mode_pichu_started': {'transition': None, 'background_color': [0.0, 0.0, 0.0, 1.0], 'action': 'play', 'show': True, 'slide': None, 'target': 'top', 'force': False, 'expire': None, 'transition_out': None, 'priority': None}}}
2019-12-04 18:15:37,272 : mpfmc : SlidePlayer: Play called with settings={'slides': {'widgets': {'transition': None, 'expire': None, 'action': 'play', 'show': True, 'slide': None, 'target': None, 'force': False, 'widgets': [{'text': 'GYM 1', 'type': 'text', 'round_anchor_x': None, 'font_size': 100, 'anchor_y': 'bottom', 'scale': 1.0, 'y': '60', 'min_digits': 2, 'opacity': 1.0, 'adjust_left': 0, 'x': '10', 'casing': None, 'reset_animations_events': [], 'rotation': 0, 'color': [1.0, 1.0, 1.0, 1.0], 'round_anchor_y': None, 'halign': 'center', '_default_settings': ['font_size'], 'italic': False, 'font_kerning': True, 'bitmap_font': False, 'bold': False, 'style': None, 'key': None, 'animations': None, 'number_grouping': True, 'adjust_top': 0, 'expire': None, 'anchor_x': 'left', 'adjust_bottom': 0, 'z': 0, 'valign': 'middle', 'adjust_right': 0}, {'text': 'SPINNER (gym1_spinner)/10', 'type': 'text', 'round_anchor_x': None, 'font_size': 50, 'anchor_y': 'bottom', 'scale': 1.0, 'y': '10', 'min_digits': 2, 'opacity': 1.0, 'adjust_left': 0, 'x': '10', 'casing': None, 'reset_animations_events': [], 'rotation': 0, 'color': [1.0, 1.0, 1.0, 1.0], 'round_anchor_y': None, 'halign': 'center', '_default_settings': ['font_size'], 'italic': False, 'font_kerning': True, 'bitmap_font': False, 'bold': False, 'style': None, 'key': None, 'animations': None, 'number_grouping': True, 'adjust_top': 0, 'expire': None, 'anchor_x': 'left', 'adjust_bottom': 0, 'z': 0, 'valign': 'middle', 'adjust_right': 0}], 'background_color': [0.0, 0.0, 0.0, 1.0], 'transition_out': None, 'priority': None}}}
2019-12-04 18:15:37,301 : mpfmc : SlidePlayer: Play called with settings={'slides': {'slide_mode_gym0_started': {'transition': None, 'background_color': [0.0, 0.0, 0.0, 1.0], 'action': 'play', 'show': True, 'slide': None, 'target': 'middle', 'force': False, 'expire': None, 'transition_out': None, 'priority': None}}}
2019-12-04 18:15:51,505 : mpfmc : SlidePlayer: Play called with settings={'slides': {'attract_started': {'transition': None, 'expire': None, 'action': 'play', 'show': True, 'slide': None, 'target': None, 'force': False, 'background_color': [0.0, 0.0, 0.0, 1.0], 'transition_out': None, 'priority': None}}}
2019-12-04 18:16:09,338 : kivy : Base: Leaving application in progress...
2019-12-04 18:16:09,653 : mpfmc : Stopping...
2019-12-04 18:16:09,653 : mpfmc : Loop rate 78.29 Hz
2019-12-04 18:16:09,653 : kivy : MC run loop ended.
2019-12-04 18:16:09,653 : kivy : Stopping child threads... (3 remaining)
2019-12-04 18:16:10,105 : MPF-MC BCP Server : Stopping BCP sending thread
2019-12-04 18:16:10,105 : mpfmc : Stopping...
2019-12-04 18:16:10,105 : mpfmc : Loop rate 77.83 Hz
2019-12-04 18:16:10,308 : kivy : All child threads stopped.
