2019-05-29 22:16:19,475 : INFO : Machine : Mission Pinball Framework Core Engine v0.50.17
2019-05-29 22:16:19,475 : INFO : Machine : Command line arguments: {'force_assets_load': False, 'logfile': 'logs\\2019-05-29-22-16-19-mpf-DESKTOP-I5I6D25.log', 'configfile': ['config.yaml'], 'no_load_cache': False, 'pause': False, 'force_platform': None, 'syslog_address': None, 'production': False, 'create_config_cache': True, 'bcp': True, 'text_ui': True, 'mpfconfigfile': 'c:\\python34\\lib\\site-packages\\mpf\\mpfconfig.yaml', 'loglevel': 15, 'consoleloglevel': 20, 'mc_file_name': None}
2019-05-29 22:16:19,475 : INFO : Machine : MPF path: c:\python34\lib\site-packages\mpf
2019-05-29 22:16:19,475 : INFO : Machine : Machine path: D:\POKEMON
2019-05-29 22:16:19,491 : INFO : Machine : Platform: win32
2019-05-29 22:16:19,491 : INFO : Machine : Python executable location: c:\python34\python.exe
2019-05-29 22:16:19,491 : INFO : Machine : Python version: 3.4.4 (64-bit)
2019-05-29 22:16:21,038 : INFO : Machine : Machine config file #1: config.yaml
2019-05-29 22:16:21,038 : INFO : ConfigProcessor : Loading config from cache: C:\Users\MISSIO~1\AppData\Local\Temp\d99dba3f33c3bdd270e8cf6c1a53f44e.mpf_cache
2019-05-29 22:16:21,069 : INFO : Machine : Initialise MPF.
2019-05-29 22:16:21,803 : INFO : FAST : Connecting to com4 at 921600bps
2019-05-29 22:16:21,850 : INFO : FAST : Connected! Processor: NET, Board Type: FP-CPU-002-2, Firmware: 01.01
2019-05-29 22:16:21,850 : WARNING : FAST : Not resetting FAST NET because firmware is currently broken.
2019-05-29 22:16:21,865 : WARNING : FAST : Got unexpected message from FAST: -N:00
2019-05-29 22:16:21,912 : INFO : FAST : Connecting to com5 at 921600bps
2019-05-29 22:16:21,944 : INFO : FAST : Connected! Processor: RGB, Board Type: FP-CPU-002-2, Firmware: 01.00
2019-05-29 22:16:22,319 : WARNING : ConfigProcessor : Config file in cache changed: D:\POKEMON\modes\evolve_pichu\config\evolve_pichu.yaml
2019-05-29 22:16:22,319 : INFO : ConfigProcessor : Loading config from file D:\POKEMON\modes\evolve_pichu\config\evolve_pichu.yaml.
2019-05-29 22:16:22,365 : INFO : ConfigProcessor : Loading config: D:\POKEMON\modes\evolve_pichu\config\evolve_pichu.yaml
2019-05-29 22:16:22,365 : INFO : ConfigProcessor : Config file cache created: C:\Users\MISSIO~1\AppData\Local\Temp\3468305e031c5bbf036e7bdff3037650.mpf_cache
2019-05-29 22:16:22,428 : INFO : ConfigProcessor : Loading config from cache: C:\Users\MISSIO~1\AppData\Local\Temp\c8c985d122de6339937b15f5cde5ffe7.mpf_cache
2019-05-29 22:16:22,444 : INFO : ConfigProcessor : Loading config from cache: C:\Users\MISSIO~1\AppData\Local\Temp\10f8871b1481fbf59bf30d5b3d29537e.mpf_cache
2019-05-29 22:16:22,459 : INFO : ConfigProcessor : Loading config from cache: C:\Users\MISSIO~1\AppData\Local\Temp\01c5ea7020f20fc8cd2609416c749c9a.mpf_cache
2019-05-29 22:16:22,490 : DEBUG : coil.c_trough : Configuring device with settings: '{'allow_enable': False, 'platform': None, 'default_hold_power': None, 'file_log': 'full', 'enable_events': {}, 'platform_settings': {}, 'number': '1-1', 'label': '%', 'max_pulse_power': 1.0, 'tags': [], 'default_pulse_power': None, 'max_pulse_ms': None, 'console_log': 'full', 'psu': <psu.default>, 'debug': True, 'pulse_events': {}, 'max_hold_power': None, 'default_recycle': False, 'disable_events': {}, 'default_pulse_ms': 7}'
2019-05-29 22:16:22,490 : DEBUG : coil.c_trough : Configuring device with settings: '{'allow_enable': False, 'platform': None, 'default_hold_power': None, 'file_log': 'full', 'enable_events': {}, 'platform_settings': {'recycle_ms': None, 'connection': 'auto'}, 'number': '1-1', 'label': '%', 'max_pulse_power': 1.0, 'tags': [], 'default_pulse_power': None, 'max_pulse_ms': None, 'console_log': 'full', 'psu': <psu.default>, 'debug': True, 'pulse_events': {}, 'max_hold_power': None, 'default_recycle': False, 'disable_events': {}, 'default_pulse_ms': 7}'
2019-05-29 22:16:22,522 : DEBUG : ball_device.bd_trough : Configuring device with settings: '{'eject_timeouts': [], 'eject_targets': [<ball_device.bd_plunger>], 'confirm_eject_event': None, 'file_log': 'full', 'ball_switches': [<switch.s_trough>], 'entrance_events': {}, 'hold_coil': None, 'confirm_eject_switch': None, 'eject_coil_reorder_pulse': None, 'label': '%', 'entrance_count_delay': 500, 'tags': ['home', 'trough'], 'idle_missing_ball_timeout': 5.0, 'mechanical_eject': False, 'ball_capacity': None, 'captures_from': <playfield.playfield>, 'console_log': 'full', 'request_ball_events': [], 'eject_all_events': {}, 'eject_coil': <coil.c_trough>, 'retries_before_increasing_pulse': 4, 'target_on_unexpected_ball': None, 'ball_missing_timeouts': [], 'player_controlled_eject_event': None, 'eject_events': {}, 'entrance_event_timeout': 5.0, 'ball_search_order': 200, 'hold_coil_release_time': 1000, 'eject_coil_retry_pulse': None, 'entrance_switch': None, 'entrance_switch_full_timeout': 0, 'confirm_eject_type': 'target', 'exit_count_delay': 500, 'hold_events': {}, 'auto_fire_on_unexpected_ball': True, 'eject_coil_enable_time': [], 'max_eject_attempts': 0, 'jam_switch': None, 'debug': True, 'hold_switches': [], 'eject_coil_jam_pulse': None, 'ball_missing_target': <playfield.playfield>, 'eject_coil_max_wait_ms': 200}'
2019-05-29 22:16:22,569 : INFO : SwitchController : Found active switch: s_flipper_left
2019-05-29 22:16:22,569 : INFO : SwitchController : Found active switch: s_trough
2019-05-29 22:16:22,678 : INFO : BCPClientSocket.local_display : Connecting BCP to 'local_display' at localhost:5050...
2019-05-29 22:16:23,678 : WARNING : FAST : Port com4 was blocked for more than 1s. Reseting send queue! If this happens frequently report a bug!
2019-05-29 22:16:24,678 : WARNING : FAST : Port com4 was blocked for more than 1s. Reseting send queue! If this happens frequently report a bug!
2019-05-29 22:16:25,927 : WARNING : FAST : Port com4 was blocked for more than 1s. Reseting send queue! If this happens frequently report a bug!
2019-05-29 22:16:28,504 : INFO : BCPClientSocket.local_display : Connected BCP to 'local_display' localhost:5050
2019-05-29 22:16:28,591 : DEBUG : ball_device.bd_trough : Counted 1 balls. Active switches: ['s_trough']. Old: None
2019-05-29 22:16:28,594 : DEBUG : ball_device.bd_trough : State: idle
2019-05-29 22:16:28,594 : DEBUG : ball_device.bd_trough : Waiting for eject request.
2019-05-29 22:16:28,682 : DEBUG : ball_device.bd_trough : Counted 1 balls. Active switches: ['s_trough']. Old: 1
2019-05-29 22:16:28,705 : INFO : SwitchController : <<<<<<< 's_flipper_left' inactive >>>>>>>
2019-05-29 22:16:28,721 : WARNING : FAST : Port NET received more messages than were sent! Resetting!
2019-05-29 22:16:28,722 : WARNING : FAST : Port NET received more messages than were sent! Resetting!
2019-05-29 22:16:28,722 : WARNING : FAST : Port NET received more messages than were sent! Resetting!
2019-05-29 22:16:28,723 : WARNING : FAST : Port NET received more messages than were sent! Resetting!
2019-05-29 22:16:28,723 : WARNING : FAST : Port NET received more messages than were sent! Resetting!
2019-05-29 22:16:28,723 : WARNING : FAST : Port NET received more messages than were sent! Resetting!
2019-05-29 22:16:28,723 : WARNING : FAST : Port NET received more messages than were sent! Resetting!
2019-05-29 22:16:28,724 : WARNING : FAST : Port NET received more messages than were sent! Resetting!
2019-05-29 22:16:28,724 : WARNING : FAST : Port NET received more messages than were sent! Resetting!
2019-05-29 22:16:28,724 : WARNING : FAST : Port NET received more messages than were sent! Resetting!
2019-05-29 22:16:28,724 : WARNING : FAST : Port NET received more messages than were sent! Resetting!
2019-05-29 22:16:28,725 : WARNING : FAST : Port NET received more messages than were sent! Resetting!
2019-05-29 22:16:28,725 : WARNING : FAST : Port NET received more messages than were sent! Resetting!
2019-05-29 22:16:28,725 : WARNING : FAST : Port NET received more messages than were sent! Resetting!
2019-05-29 22:16:28,726 : WARNING : FAST : Port NET received more messages than were sent! Resetting!
2019-05-29 22:16:28,726 : WARNING : FAST : Port NET received more messages than were sent! Resetting!
2019-05-29 22:16:28,727 : WARNING : FAST : Port NET received more messages than were sent! Resetting!
2019-05-29 22:16:28,727 : WARNING : FAST : Port NET received more messages than were sent! Resetting!
2019-05-29 22:16:28,727 : WARNING : FAST : Port NET received more messages than were sent! Resetting!
2019-05-29 22:16:28,729 : WARNING : FAST : Port NET received more messages than were sent! Resetting!
2019-05-29 22:16:28,729 : WARNING : FAST : Port NET received more messages than were sent! Resetting!
2019-05-29 22:16:28,730 : WARNING : FAST : Port NET received more messages than were sent! Resetting!
2019-05-29 22:16:28,730 : WARNING : FAST : Port NET received more messages than were sent! Resetting!
2019-05-29 22:16:28,730 : WARNING : FAST : Port NET received more messages than were sent! Resetting!
2019-05-29 22:16:28,731 : WARNING : FAST : Port NET received more messages than were sent! Resetting!
2019-05-29 22:16:28,731 : WARNING : FAST : Port NET received more messages than were sent! Resetting!
2019-05-29 22:16:28,731 : WARNING : FAST : Port NET received more messages than were sent! Resetting!
2019-05-29 22:16:28,731 : WARNING : FAST : Port NET received more messages than were sent! Resetting!
2019-05-29 22:16:28,732 : WARNING : FAST : Port NET received more messages than were sent! Resetting!
2019-05-29 22:16:28,732 : WARNING : FAST : Port NET received more messages than were sent! Resetting!
2019-05-29 22:16:28,733 : WARNING : FAST : Port NET received more messages than were sent! Resetting!
2019-05-29 22:16:28,733 : WARNING : FAST : Port NET received more messages than were sent! Resetting!
2019-05-29 22:16:28,733 : WARNING : FAST : Port NET received more messages than were sent! Resetting!
2019-05-29 22:16:28,964 : INFO : coil.c_drop_reset : Enabling Driver for 400ms (1.0 pulse_power)
2019-05-29 22:16:28,970 : INFO : Mode.attract : Started. Priority: 10
2019-05-29 22:16:28,976 : INFO : Machine : Starting the main run loop.
2019-05-29 22:16:29,349 : INFO : coil.c_drop_reset : Disabling Driver
2019-05-29 22:16:31,681 : INFO : SwitchController : <<<<<<< 's_start' active >>>>>>>
2019-05-29 22:16:31,761 : INFO : SwitchController : <<<<<<< 's_start' inactive >>>>>>>
2019-05-29 22:16:31,798 : INFO : Mode.attract : Stopped.
2019-05-29 22:16:31,801 : INFO : Mode.game : Started. Priority: 20
2019-05-29 22:16:31,817 : INFO : Mode.game : Player added successfully. Total players: 1
2019-05-29 22:16:31,862 : INFO : coil.c_drop_reset : Enabling Driver for 400ms (1.0 pulse_power)
2019-05-29 22:16:31,864 : INFO : Mode.pichu : Started. Priority: 100
2019-05-29 22:16:31,874 : DEBUG : ball_device.bd_trough : Adding eject chain
2019-05-29 22:16:31,879 : DEBUG : ball_device.bd_trough : Got eject request
2019-05-29 22:16:31,883 : DEBUG : ball_device.bd_trough : BCH: Counting. New count: 1 Old count: 1
2019-05-29 22:16:31,885 : DEBUG : ball_device.bd_trough : State: waiting_for_target_ready
2019-05-29 22:16:31,889 : DEBUG : ball_device.bd_trough : State: ejecting
2019-05-29 22:16:31,890 : INFO : ball_device.bd_trough : Ejecting ball to <ball_device.bd_plunger>
2019-05-29 22:16:31,894 : DEBUG : ball_device.bd_trough : Entered eject mode.
2019-05-29 22:16:31,897 : DEBUG : ball_device.bd_trough : Wait for ball to leave device
2019-05-29 22:16:31,898 : INFO : coil.c_trough : Pulsing Driver for 7ms (1.0 pulse_power)
2019-05-29 22:16:31,898 : DEBUG : ball_device.bd_trough : Firing eject coil. Current balls: 1.
2019-05-29 22:16:31,937 : INFO : SwitchController : <<<<<<< 's_trough' inactive >>>>>>>
2019-05-29 22:16:31,969 : DEBUG : ball_device.bd_trough : Got ball left during eject
2019-05-29 22:16:31,970 : DEBUG : ball_device.bd_trough : Switch 's_trough' changed too recently. Aborting count!
2019-05-29 22:16:31,971 : DEBUG : ball_device.bd_trough : State: ball_left
2019-05-29 22:16:31,972 : DEBUG : ball_device.bd_trough : Ball left
2019-05-29 22:16:31,972 : DEBUG : ball_device.bd_trough : Wait for confirm with timeout 10.0
2019-05-29 22:16:32,258 : INFO : coil.c_drop_reset : Disabling Driver
2019-05-29 22:16:32,429 : DEBUG : ball_device.bd_trough : Counted 0 balls. Active switches: []. Old: 0
2019-05-29 22:16:38,114 : INFO : SwitchController : <<<<<<< 's_spinner' active >>>>>>>
2019-05-29 22:16:38,386 : INFO : SwitchController : <<<<<<< 's_spinner' inactive >>>>>>>
2019-05-29 22:16:38,754 : INFO : SwitchController : <<<<<<< 's_flipper_right' active >>>>>>>
2019-05-29 22:16:38,881 : INFO : SwitchController : <<<<<<< 's_flipper_right' inactive >>>>>>>
2019-05-29 22:16:39,314 : INFO : SwitchController : <<<<<<< 's_sling_right' active >>>>>>>
2019-05-29 22:16:39,355 : INFO : SwitchController : <<<<<<< 's_sling_right' inactive >>>>>>>
2019-05-29 22:16:41,618 : INFO : SwitchController : <<<<<<< 's_flipper_left' active >>>>>>>
2019-05-29 22:16:41,730 : INFO : SwitchController : <<<<<<< 's_flipper_left' inactive >>>>>>>
2019-05-29 22:16:41,959 : DEBUG : ball_device.bd_trough : State: failed_confirm
2019-05-29 22:16:41,960 : DEBUG : ball_device.bd_trough : Got timeout (10.0s) before confirm from <ball_device.bd_plunger>
2019-05-29 22:16:42,209 : INFO : SwitchController : <<<<<<< 's_sling_left' active >>>>>>>
2019-05-29 22:16:42,238 : INFO : SwitchController : <<<<<<< 's_sling_left' inactive >>>>>>>
2019-05-29 22:16:42,255 : INFO : SwitchController : <<<<<<< 's_sling_left' active >>>>>>>
2019-05-29 22:16:42,271 : INFO : SwitchController : <<<<<<< 's_sling_left' inactive >>>>>>>
2019-05-29 22:16:42,321 : DEBUG : ball_device.bd_trough : Eject successful
2019-05-29 22:16:42,323 : DEBUG : ball_device.bd_trough : Exited eject mode. Eject success: True
2019-05-29 22:16:42,325 : DEBUG : ball_device.bd_trough : State: idle
2019-05-29 22:16:42,325 : DEBUG : ball_device.bd_trough : Waiting for eject request.
2019-05-29 22:16:42,328 : DEBUG : ball_device.bd_trough : BCH: Counting. New count: 0 Old count: 0
2019-05-29 22:16:42,330 : DEBUG : ball_device.bd_trough : BCH: Counting. New count: 0 Old count: 0
2019-05-29 22:16:42,529 : INFO : SwitchController : <<<<<<< 's_flipper_right' active >>>>>>>
2019-05-29 22:16:42,784 : INFO : SwitchController : <<<<<<< 's_flipper_right' inactive >>>>>>>
2019-05-29 22:16:44,080 : INFO : SwitchController : <<<<<<< 's_flipper_right' active >>>>>>>
2019-05-29 22:16:44,192 : INFO : SwitchController : <<<<<<< 's_flipper_right' inactive >>>>>>>
2019-05-29 22:16:44,354 : INFO : SwitchController : <<<<<<< 's_pop_right' active >>>>>>>
2019-05-29 22:16:44,388 : INFO : SwitchController : <<<<<<< 's_pop_right' inactive >>>>>>>
2019-05-29 22:16:44,411 : INFO : SwitchController : <<<<<<< 's_pop_right' active >>>>>>>
2019-05-29 22:16:44,430 : INFO : SwitchController : <<<<<<< 's_pop_right' inactive >>>>>>>
2019-05-29 22:16:44,897 : INFO : SwitchController : <<<<<<< 's_pop_right' active >>>>>>>
2019-05-29 22:16:44,918 : INFO : SwitchController : <<<<<<< 's_pop_right' inactive >>>>>>>
2019-05-29 22:16:44,936 : INFO : SwitchController : <<<<<<< 's_pop_right' active >>>>>>>
2019-05-29 22:16:44,958 : INFO : SwitchController : <<<<<<< 's_pop_right' inactive >>>>>>>
2019-05-29 22:16:46,337 : INFO : SwitchController : <<<<<<< 's_pop_top' active >>>>>>>
2019-05-29 22:16:46,369 : INFO : SwitchController : <<<<<<< 's_pop_top' inactive >>>>>>>
2019-05-29 22:16:47,553 : INFO : SwitchController : <<<<<<< 's_pop_right' active >>>>>>>
2019-05-29 22:16:47,594 : INFO : SwitchController : <<<<<<< 's_pop_right' inactive >>>>>>>
2019-05-29 22:16:47,616 : INFO : SwitchController : <<<<<<< 's_pop_right' active >>>>>>>
2019-05-29 22:16:47,632 : INFO : SwitchController : <<<<<<< 's_pop_right' inactive >>>>>>>
2019-05-29 22:16:50,898 : INFO : SwitchController : <<<<<<< 's_flipper_right' active >>>>>>>
2019-05-29 22:16:51,169 : INFO : SwitchController : <<<<<<< 's_drop_left' active >>>>>>>
2019-05-29 22:16:51,569 : INFO : SwitchController : <<<<<<< 's_sling_left' active >>>>>>>
2019-05-29 22:16:51,603 : INFO : SwitchController : <<<<<<< 's_sling_left' inactive >>>>>>>
2019-05-29 22:16:51,620 : INFO : SwitchController : <<<<<<< 's_flipper_right' inactive >>>>>>>
2019-05-29 22:16:52,912 : INFO : SwitchController : <<<<<<< 's_flipper_left' active >>>>>>>
2019-05-29 22:16:53,040 : INFO : SwitchController : <<<<<<< 's_flipper_left' inactive >>>>>>>
2019-05-29 22:16:54,737 : INFO : SwitchController : <<<<<<< 's_flipper_left' active >>>>>>>
2019-05-29 22:16:55,393 : INFO : SwitchController : <<<<<<< 's_flipper_left' inactive >>>>>>>
2019-05-29 22:16:56,848 : INFO : SwitchController : <<<<<<< 's_flipper_left' active >>>>>>>
2019-05-29 22:16:57,025 : INFO : SwitchController : <<<<<<< 's_flipper_left' inactive >>>>>>>
2019-05-29 22:16:57,553 : INFO : SwitchController : <<<<<<< 's_pop_bottom' active >>>>>>>
2019-05-29 22:16:57,587 : INFO : SwitchController : <<<<<<< 's_pop_bottom' inactive >>>>>>>
2019-05-29 22:16:57,616 : INFO : SwitchController : <<<<<<< 's_pop_bottom' active >>>>>>>
2019-05-29 22:16:57,646 : INFO : SwitchController : <<<<<<< 's_pop_bottom' inactive >>>>>>>
2019-05-29 22:16:57,664 : INFO : SwitchController : <<<<<<< 's_pop_bottom' active >>>>>>>
2019-05-29 22:16:57,682 : INFO : SwitchController : <<<<<<< 's_pop_bottom' inactive >>>>>>>
2019-05-29 22:16:57,712 : INFO : SwitchController : <<<<<<< 's_spinner' active >>>>>>>
2019-05-29 22:16:57,744 : INFO : SwitchController : <<<<<<< 's_spinner' inactive >>>>>>>
2019-05-29 22:16:57,840 : INFO : SwitchController : <<<<<<< 's_spinner' active >>>>>>>
2019-05-29 22:16:57,872 : INFO : SwitchController : <<<<<<< 's_spinner' inactive >>>>>>>
2019-05-29 22:16:57,985 : INFO : SwitchController : <<<<<<< 's_spinner' active >>>>>>>
2019-05-29 22:16:58,033 : INFO : SwitchController : <<<<<<< 's_spinner' inactive >>>>>>>
2019-05-29 22:16:58,160 : INFO : SwitchController : <<<<<<< 's_spinner' active >>>>>>>
2019-05-29 22:16:58,208 : INFO : SwitchController : <<<<<<< 's_spinner' inactive >>>>>>>
2019-05-29 22:16:58,245 : INFO : SwitchController : <<<<<<< 's_flipper_right' active >>>>>>>
2019-05-29 22:16:58,336 : INFO : SwitchController : <<<<<<< 's_flipper_right' inactive >>>>>>>
2019-05-29 22:16:58,353 : INFO : SwitchController : <<<<<<< 's_spinner' active >>>>>>>
2019-05-29 22:16:58,448 : INFO : SwitchController : <<<<<<< 's_spinner' inactive >>>>>>>
2019-05-29 22:16:58,560 : INFO : SwitchController : <<<<<<< 's_drop_center' active >>>>>>>
2019-05-29 22:16:58,640 : INFO : SwitchController : <<<<<<< 's_spinner' active >>>>>>>
2019-05-29 22:16:58,720 : INFO : SwitchController : <<<<<<< 's_spinner' inactive >>>>>>>
2019-05-29 22:16:59,296 : INFO : SwitchController : <<<<<<< 's_flipper_right' active >>>>>>>
2019-05-29 22:16:59,904 : INFO : SwitchController : <<<<<<< 's_flipper_right' inactive >>>>>>>
2019-05-29 22:17:00,048 : INFO : SwitchController : <<<<<<< 's_flipper_right' active >>>>>>>
2019-05-29 22:17:00,128 : INFO : SwitchController : <<<<<<< 's_flipper_right' inactive >>>>>>>
2019-05-29 22:17:00,304 : INFO : SwitchController : <<<<<<< 's_flipper_right' active >>>>>>>
2019-05-29 22:17:00,737 : INFO : SwitchController : <<<<<<< 's_flipper_right' inactive >>>>>>>
2019-05-29 22:17:00,833 : INFO : SwitchController : <<<<<<< 's_pop_top' active >>>>>>>
2019-05-29 22:17:00,870 : INFO : SwitchController : <<<<<<< 's_pop_top' inactive >>>>>>>
2019-05-29 22:17:00,887 : INFO : SwitchController : <<<<<<< 's_pop_top' active >>>>>>>
2019-05-29 22:17:00,904 : INFO : SwitchController : <<<<<<< 's_pop_top' inactive >>>>>>>
2019-05-29 22:17:03,262 : INFO : SwitchController : <<<<<<< 's_flipper_right' active >>>>>>>
2019-05-29 22:17:03,857 : INFO : SwitchController : <<<<<<< 's_flipper_right' inactive >>>>>>>
2019-05-29 22:17:04,800 : INFO : SwitchController : <<<<<<< 's_flipper_left' active >>>>>>>
2019-05-29 22:17:04,896 : INFO : SwitchController : <<<<<<< 's_flipper_left' inactive >>>>>>>
2019-05-29 22:17:05,696 : INFO : SwitchController : <<<<<<< 's_sling_left' active >>>>>>>
2019-05-29 22:17:05,737 : INFO : SwitchController : <<<<<<< 's_sling_left' inactive >>>>>>>
2019-05-29 22:17:08,335 : INFO : SwitchController : <<<<<<< 's_flipper_right' active >>>>>>>
2019-05-29 22:17:08,448 : INFO : SwitchController : <<<<<<< 's_flipper_right' inactive >>>>>>>
2019-05-29 22:17:08,831 : INFO : SwitchController : <<<<<<< 's_pop_bottom' active >>>>>>>
2019-05-29 22:17:08,872 : INFO : SwitchController : <<<<<<< 's_pop_bottom' inactive >>>>>>>
2019-05-29 22:17:13,057 : INFO : SwitchController : <<<<<<< 's_flipper_left' active >>>>>>>
2019-05-29 22:17:13,871 : INFO : SwitchController : <<<<<<< 's_flipper_left' inactive >>>>>>>
2019-05-29 22:17:14,143 : INFO : SwitchController : <<<<<<< 's_flipper_left' active >>>>>>>
2019-05-29 22:17:14,243 : INFO : SwitchController : <<<<<<< 's_flipper_left' inactive >>>>>>>
2019-05-29 22:17:15,760 : INFO : SwitchController : <<<<<<< 's_flipper_right' active >>>>>>>
2019-05-29 22:17:15,855 : INFO : SwitchController : <<<<<<< 's_flipper_right' inactive >>>>>>>
2019-05-29 22:17:16,144 : INFO : SwitchController : <<<<<<< 's_drop_right' active >>>>>>>
2019-05-29 22:17:17,104 : INFO : SwitchController : <<<<<<< 's_sling_right' active >>>>>>>
2019-05-29 22:17:17,152 : INFO : SwitchController : <<<<<<< 's_flipper_right' active >>>>>>>
2019-05-29 22:17:17,172 : INFO : SwitchController : <<<<<<< 's_sling_right' inactive >>>>>>>
2019-05-29 22:17:17,189 : INFO : coil.c_drop_reset : Enabling Driver for 400ms (1.0 pulse_power)
2019-05-29 22:17:17,248 : INFO : SwitchController : <<<<<<< 's_drop_left' inactive >>>>>>>
2019-05-29 22:17:17,265 : INFO : SwitchController : <<<<<<< 's_drop_right' inactive >>>>>>>
2019-05-29 22:17:17,282 : INFO : SwitchController : <<<<<<< 's_drop_center' inactive >>>>>>>
2019-05-29 22:17:17,359 : INFO : SwitchController : <<<<<<< 's_flipper_right' inactive >>>>>>>
2019-05-29 22:17:17,391 : INFO : SwitchController : <<<<<<< 's_flipper_left' active >>>>>>>
2019-05-29 22:17:17,568 : INFO : coil.c_drop_reset : Disabling Driver
2019-05-29 22:17:17,584 : INFO : SwitchController : <<<<<<< 's_flipper_right' active >>>>>>>
2019-05-29 22:17:17,602 : INFO : SwitchController : <<<<<<< 's_flipper_left' inactive >>>>>>>
2019-05-29 22:17:17,743 : INFO : SwitchController : <<<<<<< 's_drop_center' active >>>>>>>
2019-05-29 22:17:17,773 : INFO : Mode.evolve_pichu : Started. Priority: 99
2019-05-29 22:17:18,480 : INFO : SwitchController : <<<<<<< 's_flipper_right' inactive >>>>>>>
2019-05-29 22:17:18,656 : INFO : SwitchController : <<<<<<< 's_flipper_left' active >>>>>>>
2019-05-29 22:17:18,752 : INFO : SwitchController : <<<<<<< 's_flipper_left' inactive >>>>>>>
2019-05-29 22:17:18,992 : INFO : SwitchController : <<<<<<< 's_drop_left' active >>>>>>>
2019-05-29 22:17:19,423 : INFO : SwitchController : <<<<<<< 's_flipper_right' active >>>>>>>
2019-05-29 22:17:20,016 : INFO : SwitchController : <<<<<<< 's_flipper_right' inactive >>>>>>>
2019-05-29 22:17:20,735 : INFO : SwitchController : <<<<<<< 's_flipper_right' active >>>>>>>
2019-05-29 22:17:23,840 : INFO : SwitchController : <<<<<<< 's_flipper_right' inactive >>>>>>>
2019-05-29 22:17:24,654 : INFO : SwitchController : <<<<<<< 's_flipper_right' active >>>>>>>
2019-05-29 22:17:24,734 : INFO : SwitchController : <<<<<<< 's_flipper_right' inactive >>>>>>>
2019-05-29 22:17:25,023 : INFO : SwitchController : <<<<<<< 's_pop_bottom' active >>>>>>>
2019-05-29 22:17:25,050 : INFO : SwitchController : <<<<<<< 's_pop_bottom' inactive >>>>>>>
2019-05-29 22:17:25,074 : INFO : SwitchController : <<<<<<< 's_pop_bottom' active >>>>>>>
2019-05-29 22:17:25,093 : INFO : SwitchController : <<<<<<< 's_pop_bottom' inactive >>>>>>>
2019-05-29 22:17:25,807 : INFO : SwitchController : <<<<<<< 's_pop_top' active >>>>>>>
2019-05-29 22:17:25,842 : INFO : SwitchController : <<<<<<< 's_pop_top' inactive >>>>>>>
2019-05-29 22:17:25,881 : INFO : SwitchController : <<<<<<< 's_pop_top' active >>>>>>>
2019-05-29 22:17:25,900 : INFO : SwitchController : <<<<<<< 's_pop_top' inactive >>>>>>>
2019-05-29 22:17:26,575 : INFO : SwitchController : <<<<<<< 's_pop_top' active >>>>>>>
2019-05-29 22:17:26,617 : INFO : SwitchController : <<<<<<< 's_pop_top' inactive >>>>>>>
2019-05-29 22:17:27,215 : INFO : SwitchController : <<<<<<< 's_pop_bottom' active >>>>>>>
2019-05-29 22:17:27,279 : INFO : SwitchController : <<<<<<< 's_pop_bottom' inactive >>>>>>>
2019-05-29 22:17:27,307 : INFO : SwitchController : <<<<<<< 's_pop_bottom' active >>>>>>>
2019-05-29 22:17:27,323 : INFO : SwitchController : <<<<<<< 's_pop_bottom' inactive >>>>>>>
2019-05-29 22:17:27,346 : INFO : SwitchController : <<<<<<< 's_pop_top' active >>>>>>>
2019-05-29 22:17:27,365 : INFO : SwitchController : <<<<<<< 's_pop_top' inactive >>>>>>>
2019-05-29 22:17:28,367 : INFO : SwitchController : <<<<<<< 's_sling_right' active >>>>>>>
2019-05-29 22:17:28,406 : INFO : SwitchController : <<<<<<< 's_sling_right' inactive >>>>>>>
2019-05-29 22:17:29,183 : INFO : SwitchController : <<<<<<< 's_flipper_right' active >>>>>>>
2019-05-29 22:17:29,758 : INFO : SwitchController : <<<<<<< 's_flipper_right' inactive >>>>>>>
2019-05-29 22:17:29,822 : INFO : SwitchController : <<<<<<< 's_flipper_left' active >>>>>>>
2019-05-29 22:17:31,151 : INFO : SwitchController : <<<<<<< 's_flipper_left' inactive >>>>>>>
2019-05-29 22:17:31,710 : INFO : SwitchController : <<<<<<< 's_flipper_left' active >>>>>>>
2019-05-29 22:17:31,822 : INFO : SwitchController : <<<<<<< 's_flipper_left' inactive >>>>>>>
2019-05-29 22:17:32,063 : INFO : SwitchController : <<<<<<< 's_pop_right' active >>>>>>>
2019-05-29 22:17:32,102 : INFO : SwitchController : <<<<<<< 's_pop_right' inactive >>>>>>>
2019-05-29 22:17:32,176 : INFO : SwitchController : <<<<<<< 's_pop_bottom' active >>>>>>>
2019-05-29 22:17:32,222 : INFO : SwitchController : <<<<<<< 's_pop_bottom' inactive >>>>>>>
2019-05-29 22:17:32,249 : INFO : SwitchController : <<<<<<< 's_pop_bottom' active >>>>>>>
2019-05-29 22:17:32,268 : INFO : SwitchController : <<<<<<< 's_pop_bottom' inactive >>>>>>>
2019-05-29 22:17:32,607 : INFO : SwitchController : <<<<<<< 's_flipper_right' active >>>>>>>
2019-05-29 22:17:32,926 : INFO : SwitchController : <<<<<<< 's_flipper_right' inactive >>>>>>>
2019-05-29 22:17:34,000 : INFO : SwitchController : <<<<<<< 's_flipper_left' active >>>>>>>
2019-05-29 22:17:34,318 : INFO : SwitchController : <<<<<<< 's_flipper_left' inactive >>>>>>>
2019-05-29 22:17:34,347 : INFO : SwitchController : <<<<<<< 's_flipper_right' active >>>>>>>
2019-05-29 22:17:34,447 : INFO : SwitchController : <<<<<<< 's_flipper_right' inactive >>>>>>>
2019-05-29 22:17:37,518 : INFO : SwitchController : <<<<<<< 's_flipper_right' active >>>>>>>
2019-05-29 22:17:37,759 : INFO : SwitchController : <<<<<<< 's_flipper_right' inactive >>>>>>>
2019-05-29 22:17:38,302 : INFO : SwitchController : <<<<<<< 's_flipper_left' active >>>>>>>
2019-05-29 22:17:39,266 : INFO : SwitchController : <<<<<<< 's_flipper_left' inactive >>>>>>>
2019-05-29 22:17:39,297 : INFO : SwitchController : <<<<<<< 's_flipper_left' active >>>>>>>
2019-05-29 22:17:39,406 : INFO : SwitchController : <<<<<<< 's_flipper_left' inactive >>>>>>>
2019-05-29 22:17:39,582 : INFO : SwitchController : <<<<<<< 's_flipper_right' active >>>>>>>
2019-05-29 22:17:39,710 : INFO : SwitchController : <<<<<<< 's_flipper_right' inactive >>>>>>>
2019-05-29 22:17:40,111 : INFO : SwitchController : <<<<<<< 's_flipper_right' active >>>>>>>
2019-05-29 22:17:40,334 : INFO : SwitchController : <<<<<<< 's_flipper_right' inactive >>>>>>>
2019-05-29 22:17:40,351 : INFO : SwitchController : <<<<<<< 's_flipper_left' active >>>>>>>
2019-05-29 22:17:40,991 : INFO : SwitchController : <<<<<<< 's_flipper_left' inactive >>>>>>>
2019-05-29 22:17:41,886 : INFO : SwitchController : <<<<<<< 's_flipper_left' active >>>>>>>
2019-05-29 22:17:42,462 : INFO : SwitchController : <<<<<<< 's_flipper_left' inactive >>>>>>>
2019-05-29 22:17:42,638 : INFO : SwitchController : <<<<<<< 's_flipper_right' active >>>>>>>
2019-05-29 22:17:42,718 : INFO : SwitchController : <<<<<<< 's_flipper_right' inactive >>>>>>>
2019-05-29 22:17:43,038 : INFO : SwitchController : <<<<<<< 's_pop_bottom' active >>>>>>>
2019-05-29 22:17:43,062 : INFO : SwitchController : <<<<<<< 's_pop_bottom' inactive >>>>>>>
2019-05-29 22:17:43,081 : INFO : SwitchController : <<<<<<< 's_pop_bottom' active >>>>>>>
2019-05-29 22:17:43,099 : INFO : SwitchController : <<<<<<< 's_pop_bottom' inactive >>>>>>>
2019-05-29 22:17:43,823 : INFO : SwitchController : <<<<<<< 's_flipper_right' active >>>>>>>
2019-05-29 22:17:44,078 : INFO : SwitchController : <<<<<<< 's_flipper_right' inactive >>>>>>>
2019-05-29 22:17:45,278 : INFO : SwitchController : <<<<<<< 's_flipper_right' active >>>>>>>
2019-05-29 22:17:45,358 : INFO : SwitchController : <<<<<<< 's_flipper_right' inactive >>>>>>>
2019-05-29 22:17:45,598 : INFO : SwitchController : <<<<<<< 's_spinner' active >>>>>>>
2019-05-29 22:17:45,633 : INFO : SwitchController : <<<<<<< 's_spinner' inactive >>>>>>>
2019-05-29 22:17:45,662 : INFO : SwitchController : <<<<<<< 's_spinner' active >>>>>>>
2019-05-29 22:17:45,685 : INFO : SwitchController : <<<<<<< 's_spinner' inactive >>>>>>>
2019-05-29 22:17:45,742 : INFO : SwitchController : <<<<<<< 's_spinner' active >>>>>>>
2019-05-29 22:17:45,758 : INFO : SwitchController : <<<<<<< 's_spinner' inactive >>>>>>>
2019-05-29 22:17:45,806 : INFO : SwitchController : <<<<<<< 's_spinner' active >>>>>>>
2019-05-29 22:17:45,829 : INFO : SwitchController : <<<<<<< 's_spinner' inactive >>>>>>>
2019-05-29 22:17:45,886 : INFO : SwitchController : <<<<<<< 's_spinner' active >>>>>>>
2019-05-29 22:17:45,909 : INFO : SwitchController : <<<<<<< 's_spinner' inactive >>>>>>>
2019-05-29 22:17:45,966 : INFO : SwitchController : <<<<<<< 's_spinner' active >>>>>>>
2019-05-29 22:17:45,988 : INFO : SwitchController : <<<<<<< 's_spinner' inactive >>>>>>>
2019-05-29 22:17:46,046 : INFO : SwitchController : <<<<<<< 's_spinner' active >>>>>>>
2019-05-29 22:17:46,069 : INFO : SwitchController : <<<<<<< 's_spinner' inactive >>>>>>>
2019-05-29 22:17:46,142 : INFO : SwitchController : <<<<<<< 's_spinner' active >>>>>>>
2019-05-29 22:17:46,165 : INFO : SwitchController : <<<<<<< 's_spinner' inactive >>>>>>>
2019-05-29 22:17:46,260 : INFO : SwitchController : <<<<<<< 's_spinner' active >>>>>>>
2019-05-29 22:17:46,278 : INFO : SwitchController : <<<<<<< 's_spinner' inactive >>>>>>>
2019-05-29 22:17:46,333 : INFO : SwitchController : <<<<<<< 's_spinner' active >>>>>>>
2019-05-29 22:17:46,365 : INFO : SwitchController : <<<<<<< 's_spinner' inactive >>>>>>>
2019-05-29 22:17:46,462 : INFO : SwitchController : <<<<<<< 's_spinner' active >>>>>>>
2019-05-29 22:17:46,486 : INFO : SwitchController : <<<<<<< 's_spinner' inactive >>>>>>>
2019-05-29 22:17:46,575 : INFO : SwitchController : <<<<<<< 's_spinner' active >>>>>>>
2019-05-29 22:17:46,618 : INFO : SwitchController : <<<<<<< 's_spinner' inactive >>>>>>>
2019-05-29 22:17:46,718 : INFO : SwitchController : <<<<<<< 's_spinner' active >>>>>>>
2019-05-29 22:17:46,750 : INFO : SwitchController : <<<<<<< 's_spinner' inactive >>>>>>>
2019-05-29 22:17:46,862 : INFO : SwitchController : <<<<<<< 's_spinner' active >>>>>>>
2019-05-29 22:17:46,925 : INFO : SwitchController : <<<<<<< 's_spinner' inactive >>>>>>>
2019-05-29 22:17:47,054 : INFO : SwitchController : <<<<<<< 's_spinner' active >>>>>>>
2019-05-29 22:17:47,134 : INFO : SwitchController : <<<<<<< 's_spinner' inactive >>>>>>>
2019-05-29 22:17:47,310 : INFO : SwitchController : <<<<<<< 's_spinner' active >>>>>>>
2019-05-29 22:17:47,502 : INFO : SwitchController : <<<<<<< 's_spinner' inactive >>>>>>>
2019-05-29 22:17:51,422 : INFO : SwitchController : <<<<<<< 's_saucer' active >>>>>>>
2019-05-29 22:17:51,919 : DEBUG : ball_device.bd_trough : Counted 0 balls. Active switches: []. Old: 0
2019-05-29 22:17:51,935 : INFO : ball_device.bd_saucer : Ejecting ball to <playfield.playfield>
2019-05-29 22:17:51,946 : INFO : coil.c_saucer : Pulsing Driver for 60ms (1.0 pulse_power)
2019-05-29 22:17:51,981 : INFO : SwitchController : <<<<<<< 's_saucer' inactive >>>>>>>
2019-05-29 22:17:53,646 : INFO : SwitchController : <<<<<<< 's_pop_right' active >>>>>>>
2019-05-29 22:17:53,671 : INFO : SwitchController : <<<<<<< 's_pop_right' inactive >>>>>>>
2019-05-29 22:17:54,542 : INFO : SwitchController : <<<<<<< 's_pop_right' active >>>>>>>
2019-05-29 22:17:54,579 : INFO : SwitchController : <<<<<<< 's_pop_right' inactive >>>>>>>
2019-05-29 22:17:56,637 : INFO : SwitchController : <<<<<<< 's_pop_right' active >>>>>>>
2019-05-29 22:17:56,655 : INFO : SwitchController : <<<<<<< 's_pop_right' inactive >>>>>>>
2019-05-29 22:17:56,671 : INFO : SwitchController : <<<<<<< 's_pop_right' active >>>>>>>
2019-05-29 22:17:56,689 : INFO : SwitchController : <<<<<<< 's_pop_right' inactive >>>>>>>
2019-05-29 22:17:56,749 : INFO : SwitchController : <<<<<<< 's_pop_right' active >>>>>>>
2019-05-29 22:17:56,766 : INFO : SwitchController : <<<<<<< 's_pop_right' inactive >>>>>>>
2019-05-29 22:17:59,198 : INFO : SwitchController : <<<<<<< 's_flipper_left' active >>>>>>>
2019-05-29 22:17:59,293 : INFO : SwitchController : <<<<<<< 's_flipper_left' inactive >>>>>>>
2019-05-29 22:17:59,389 : INFO : SwitchController : <<<<<<< 's_sling_right' active >>>>>>>
2019-05-29 22:17:59,433 : INFO : SwitchController : <<<<<<< 's_sling_right' inactive >>>>>>>
2019-05-29 22:18:04,733 : INFO : SwitchController : <<<<<<< 's_saucer' active >>>>>>>
2019-05-29 22:18:05,255 : DEBUG : ball_device.bd_trough : Counted 0 balls. Active switches: []. Old: 0
2019-05-29 22:18:05,264 : INFO : ball_device.bd_saucer : Ejecting ball to <playfield.playfield>
2019-05-29 22:18:05,267 : INFO : coil.c_saucer : Pulsing Driver for 60ms (1.0 pulse_power)
2019-05-29 22:18:05,309 : INFO : SwitchController : <<<<<<< 's_saucer' inactive >>>>>>>
2019-05-29 22:18:07,022 : INFO : SwitchController : <<<<<<< 's_pop_right' active >>>>>>>
2019-05-29 22:18:07,057 : INFO : SwitchController : <<<<<<< 's_pop_right' inactive >>>>>>>
2019-05-29 22:18:07,088 : INFO : SwitchController : <<<<<<< 's_pop_right' active >>>>>>>
2019-05-29 22:18:07,107 : INFO : SwitchController : <<<<<<< 's_pop_right' inactive >>>>>>>
2019-05-29 22:18:10,782 : INFO : SwitchController : <<<<<<< 's_flipper_left' active >>>>>>>
2019-05-29 22:18:11,645 : INFO : SwitchController : <<<<<<< 's_flipper_left' inactive >>>>>>>
2019-05-29 22:18:11,966 : INFO : SwitchController : <<<<<<< 's_flipper_left' active >>>>>>>
2019-05-29 22:18:12,029 : INFO : SwitchController : <<<<<<< 's_flipper_left' inactive >>>>>>>
2019-05-29 22:18:12,670 : INFO : SwitchController : <<<<<<< 's_flipper_right' active >>>>>>>
2019-05-29 22:18:13,004 : INFO : SwitchController : <<<<<<< 's_flipper_right' inactive >>>>>>>
2019-05-29 22:18:14,252 : INFO : SwitchController : <<<<<<< 's_flipper_right' active >>>>>>>
2019-05-29 22:18:14,812 : INFO : SwitchController : <<<<<<< 's_flipper_right' inactive >>>>>>>
2019-05-29 22:18:14,908 : INFO : SwitchController : <<<<<<< 's_flipper_right' active >>>>>>>
2019-05-29 22:18:15,020 : INFO : SwitchController : <<<<<<< 's_flipper_right' inactive >>>>>>>
2019-05-29 22:18:15,421 : INFO : SwitchController : <<<<<<< 's_drop_right' active >>>>>>>
2019-05-29 22:18:16,413 : INFO : coil.c_drop_reset : Enabling Driver for 400ms (1.0 pulse_power)
2019-05-29 22:18:16,462 : INFO : SwitchController : <<<<<<< 's_drop_left' inactive >>>>>>>
2019-05-29 22:18:16,496 : INFO : SwitchController : <<<<<<< 's_drop_right' inactive >>>>>>>
2019-05-29 22:18:16,530 : INFO : SwitchController : <<<<<<< 's_drop_center' inactive >>>>>>>
2019-05-29 22:18:16,589 : INFO : SwitchController : <<<<<<< 's_sling_right' active >>>>>>>
2019-05-29 22:18:16,612 : INFO : SwitchController : <<<<<<< 's_sling_right' inactive >>>>>>>
2019-05-29 22:18:16,802 : INFO : coil.c_drop_reset : Disabling Driver
2019-05-29 22:18:17,255 : INFO : SwitchController : <<<<<<< 's_sling_right' active >>>>>>>
2019-05-29 22:18:17,273 : INFO : SwitchController : <<<<<<< 's_sling_right' inactive >>>>>>>
2019-05-29 22:18:17,981 : INFO : SwitchController : <<<<<<< 's_flipper_right' active >>>>>>>
2019-05-29 22:18:19,292 : INFO : SwitchController : <<<<<<< 's_flipper_right' inactive >>>>>>>
2019-05-29 22:18:19,469 : INFO : SwitchController : <<<<<<< 's_flipper_left' active >>>>>>>
2019-05-29 22:18:19,565 : INFO : SwitchController : <<<<<<< 's_flipper_left' inactive >>>>>>>
2019-05-29 22:18:19,599 : INFO : SwitchController : <<<<<<< 's_flipper_right' active >>>>>>>
2019-05-29 22:18:19,644 : INFO : SwitchController : <<<<<<< 's_sling_right' active >>>>>>>
2019-05-29 22:18:19,669 : INFO : SwitchController : <<<<<<< 's_sling_right' inactive >>>>>>>
2019-05-29 22:18:19,916 : INFO : SwitchController : <<<<<<< 's_flipper_right' inactive >>>>>>>
2019-05-29 22:18:20,271 : INFO : SwitchController : <<<<<<< 's_pop_bottom' active >>>>>>>
2019-05-29 22:18:20,305 : INFO : SwitchController : <<<<<<< 's_pop_bottom' inactive >>>>>>>
2019-05-29 22:18:20,477 : INFO : SwitchController : <<<<<<< 's_pop_right' active >>>>>>>
2019-05-29 22:18:20,519 : INFO : SwitchController : <<<<<<< 's_pop_right' inactive >>>>>>>
2019-05-29 22:18:20,536 : INFO : SwitchController : <<<<<<< 's_pop_right' active >>>>>>>
2019-05-29 22:18:20,553 : INFO : SwitchController : <<<<<<< 's_pop_right' inactive >>>>>>>
2019-05-29 22:18:25,484 : INFO : SwitchController : <<<<<<< 's_drain' active >>>>>>>
2019-05-29 22:18:25,520 : INFO : SwitchController : <<<<<<< 's_drain' inactive >>>>>>>
2019-05-29 22:18:25,548 : INFO : SwitchController : <<<<<<< 's_drain' active >>>>>>>
2019-05-29 22:18:25,580 : INFO : SwitchController : <<<<<<< 's_drain' inactive >>>>>>>
2019-05-29 22:18:25,598 : INFO : SwitchController : <<<<<<< 's_drain' active >>>>>>>
2019-05-29 22:18:26,092 : DEBUG : ball_device.bd_trough : Counted 0 balls. Active switches: []. Old: 0
2019-05-29 22:18:26,110 : INFO : Mode.evolve_pichu : Stopped.
2019-05-29 22:18:26,116 : INFO : Mode.pichu : Stopped.
2019-05-29 22:18:26,129 : DEBUG : ball_device.bd_trough : Ready to receive from <ball_device.bd_drain>. Free space 1 (Capacity: 1, Balls: 0), incoming_balls: 0
2019-05-29 22:18:26,130 : INFO : ball_device.bd_drain : Ejecting ball to <ball_device.bd_trough>
2019-05-29 22:18:26,137 : INFO : coil.c_drain : Pulsing Driver for 20ms (1.0 pulse_power)
2019-05-29 22:18:26,166 : INFO : coil.c_drop_reset : Enabling Driver for 400ms (1.0 pulse_power)
2019-05-29 22:18:26,169 : INFO : Mode.pichu : Started. Priority: 100
2019-05-29 22:18:26,180 : DEBUG : ball_device.bd_trough : Adding eject chain
2019-05-29 22:18:26,184 : DEBUG : ball_device.bd_trough : Got eject request
2019-05-29 22:18:26,188 : DEBUG : ball_device.bd_trough : BCH: Counting. New count: 0 Old count: 0
2019-05-29 22:18:26,191 : DEBUG : ball_device.bd_trough : State: waiting_for_ball
2019-05-29 22:18:26,194 : DEBUG : ball_device.bd_trough : No ball found. Waiting for balls.
2019-05-29 22:18:26,203 : INFO : SwitchController : <<<<<<< 's_drain' inactive >>>>>>>
2019-05-29 22:18:26,254 : DEBUG : ball_device.bd_trough : Adding incoming ball from <ball_device.bd_drain>
2019-05-29 22:18:26,552 : INFO : coil.c_drop_reset : Disabling Driver
2019-05-29 22:18:26,557 : INFO : SwitchController : <<<<<<< 's_trough' active >>>>>>>
2019-05-29 22:18:26,588 : INFO : SwitchController : <<<<<<< 's_trough' inactive >>>>>>>
2019-05-29 22:18:26,797 : INFO : SwitchController : <<<<<<< 's_trough' active >>>>>>>
2019-05-29 22:18:27,287 : DEBUG : ball_device.bd_trough : Counted 1 balls. Active switches: ['s_trough']. Old: 0
2019-05-29 22:18:27,289 : DEBUG : ball_device.bd_trough : BCH: Found 1 new balls
2019-05-29 22:18:27,290 : DEBUG : ball_device.bd_trough : Received ball from <ball_device.bd_drain>
2019-05-29 22:18:27,290 : DEBUG : ball_device.bd_trough : Removing incoming ball from <ball_device.bd_drain>
2019-05-29 22:18:27,291 : DEBUG : ball_device.bd_trough : Processing new ball
2019-05-29 22:18:27,293 : DEBUG : ball_device.bd_trough : BCH: Counting. New count: 1 Old count: 1
2019-05-29 22:18:27,296 : DEBUG : ball_device.bd_trough : A ball arrived. Progressing.
2019-05-29 22:18:27,299 : DEBUG : ball_device.bd_trough : State: waiting_for_target_ready
2019-05-29 22:18:27,302 : DEBUG : ball_device.bd_trough : State: ejecting
2019-05-29 22:18:27,302 : INFO : ball_device.bd_trough : Ejecting ball to <ball_device.bd_plunger>
2019-05-29 22:18:27,305 : DEBUG : ball_device.bd_trough : Entered eject mode.
2019-05-29 22:18:27,308 : DEBUG : ball_device.bd_trough : Wait for ball to leave device
2019-05-29 22:18:27,309 : INFO : coil.c_trough : Pulsing Driver for 7ms (1.0 pulse_power)
2019-05-29 22:18:27,309 : DEBUG : ball_device.bd_trough : Firing eject coil. Current balls: 1.
2019-05-29 22:18:27,340 : INFO : SwitchController : <<<<<<< 's_trough' inactive >>>>>>>
2019-05-29 22:18:27,358 : DEBUG : ball_device.bd_trough : Got ball left during eject
2019-05-29 22:18:27,358 : DEBUG : ball_device.bd_trough : Switch 's_trough' changed too recently. Aborting count!
2019-05-29 22:18:27,360 : DEBUG : ball_device.bd_trough : State: ball_left
2019-05-29 22:18:27,360 : DEBUG : ball_device.bd_trough : Ball left
2019-05-29 22:18:27,361 : DEBUG : ball_device.bd_trough : Wait for confirm with timeout 10.0
2019-05-29 22:18:27,835 : DEBUG : ball_device.bd_trough : Counted 0 balls. Active switches: []. Old: 0
2019-05-29 22:18:31,533 : INFO : SwitchController : <<<<<<< 's_pop_bottom' active >>>>>>>
2019-05-29 22:18:31,574 : INFO : Mode.evolve_pichu : Started. Priority: 99
2019-05-29 22:18:31,576 : INFO : SwitchController : <<<<<<< 's_pop_bottom' inactive >>>>>>>
2019-05-29 22:18:36,205 : INFO : SwitchController : <<<<<<< 's_saucer' active >>>>>>>
2019-05-29 22:18:36,700 : DEBUG : ball_device.bd_trough : Counted 0 balls. Active switches: []. Old: 0
2019-05-29 22:18:36,713 : INFO : ball_device.bd_saucer : Ejecting ball to <playfield.playfield>
2019-05-29 22:18:36,717 : INFO : coil.c_saucer : Pulsing Driver for 60ms (1.0 pulse_power)
2019-05-29 22:18:36,764 : INFO : SwitchController : <<<<<<< 's_saucer' inactive >>>>>>>
2019-05-29 22:18:37,349 : DEBUG : ball_device.bd_trough : State: failed_confirm
2019-05-29 22:18:37,350 : DEBUG : ball_device.bd_trough : Got timeout (10.0s) before confirm from <ball_device.bd_plunger>
2019-05-29 22:18:40,411 : INFO : SwitchController : <<<<<<< 's_flipper_left' active >>>>>>>
2019-05-29 22:18:40,524 : INFO : SwitchController : <<<<<<< 's_flipper_right' active >>>>>>>
2019-05-29 22:18:40,542 : INFO : SwitchController : <<<<<<< 's_flipper_left' inactive >>>>>>>
2019-05-29 22:18:40,844 : INFO : SwitchController : <<<<<<< 's_flipper_right' inactive >>>>>>>
2019-05-29 22:18:40,972 : INFO : SwitchController : <<<<<<< 's_drain' active >>>>>>>
2019-05-29 22:18:41,465 : DEBUG : ball_device.bd_trough : Counted 0 balls. Active switches: []. Old: 0
2019-05-29 22:18:41,485 : DEBUG : ball_device.bd_trough : Eject successful
2019-05-29 22:18:41,489 : INFO : Mode.evolve_pichu : Stopped.
2019-05-29 22:18:41,494 : INFO : Mode.pichu : Stopped.
2019-05-29 22:18:41,501 : DEBUG : ball_device.bd_trough : Exited eject mode. Eject success: True
2019-05-29 22:18:41,502 : DEBUG : ball_device.bd_trough : State: idle
2019-05-29 22:18:41,503 : DEBUG : ball_device.bd_trough : Waiting for eject request.
2019-05-29 22:18:41,510 : DEBUG : ball_device.bd_trough : BCH: Counting. New count: 0 Old count: 0
2019-05-29 22:18:41,518 : DEBUG : ball_device.bd_trough : Ready to receive from <ball_device.bd_drain>. Free space 1 (Capacity: 1, Balls: 0), incoming_balls: 0
2019-05-29 22:18:41,519 : INFO : ball_device.bd_drain : Ejecting ball to <ball_device.bd_trough>
2019-05-29 22:18:41,521 : DEBUG : ball_device.bd_trough : BCH: Counting. New count: 0 Old count: 0
2019-05-29 22:18:41,527 : INFO : coil.c_drain : Pulsing Driver for 20ms (1.0 pulse_power)
2019-05-29 22:18:41,557 : INFO : coil.c_drop_reset : Enabling Driver for 400ms (1.0 pulse_power)
2019-05-29 22:18:41,560 : INFO : Mode.pichu : Started. Priority: 100
2019-05-29 22:18:41,570 : DEBUG : ball_device.bd_trough : Adding eject chain
2019-05-29 22:18:41,574 : DEBUG : ball_device.bd_trough : Got eject request
2019-05-29 22:18:41,578 : DEBUG : ball_device.bd_trough : BCH: Counting. New count: 0 Old count: 0
2019-05-29 22:18:41,582 : DEBUG : ball_device.bd_trough : State: waiting_for_ball
2019-05-29 22:18:41,586 : DEBUG : ball_device.bd_trough : No ball found. Waiting for balls.
2019-05-29 22:18:41,595 : INFO : SwitchController : <<<<<<< 's_drain' inactive >>>>>>>
2019-05-29 22:18:41,619 : DEBUG : ball_device.bd_trough : Adding incoming ball from <ball_device.bd_drain>
2019-05-29 22:18:41,943 : INFO : coil.c_drop_reset : Disabling Driver
2019-05-29 22:18:41,981 : INFO : SwitchController : <<<<<<< 's_trough' active >>>>>>>
2019-05-29 22:18:42,016 : INFO : SwitchController : <<<<<<< 's_trough' inactive >>>>>>>
2019-05-29 22:18:42,203 : INFO : SwitchController : <<<<<<< 's_trough' active >>>>>>>
2019-05-29 22:18:42,694 : DEBUG : ball_device.bd_trough : Counted 1 balls. Active switches: ['s_trough']. Old: 0
2019-05-29 22:18:42,697 : DEBUG : ball_device.bd_trough : BCH: Found 1 new balls
2019-05-29 22:18:42,698 : DEBUG : ball_device.bd_trough : Received ball from <ball_device.bd_drain>
2019-05-29 22:18:42,699 : DEBUG : ball_device.bd_trough : Removing incoming ball from <ball_device.bd_drain>
2019-05-29 22:18:42,700 : DEBUG : ball_device.bd_trough : Processing new ball
2019-05-29 22:18:42,703 : DEBUG : ball_device.bd_trough : BCH: Counting. New count: 1 Old count: 1
2019-05-29 22:18:42,708 : DEBUG : ball_device.bd_trough : A ball arrived. Progressing.
2019-05-29 22:18:42,712 : DEBUG : ball_device.bd_trough : State: waiting_for_target_ready
2019-05-29 22:18:42,716 : DEBUG : ball_device.bd_trough : State: ejecting
2019-05-29 22:18:42,717 : INFO : ball_device.bd_trough : Ejecting ball to <ball_device.bd_plunger>
2019-05-29 22:18:42,719 : DEBUG : ball_device.bd_trough : Entered eject mode.
2019-05-29 22:18:42,722 : DEBUG : ball_device.bd_trough : Wait for ball to leave device
2019-05-29 22:18:42,723 : INFO : coil.c_trough : Pulsing Driver for 7ms (1.0 pulse_power)
2019-05-29 22:18:42,723 : DEBUG : ball_device.bd_trough : Firing eject coil. Current balls: 1.
2019-05-29 22:18:42,747 : INFO : SwitchController : <<<<<<< 's_trough' inactive >>>>>>>
2019-05-29 22:18:42,765 : DEBUG : ball_device.bd_trough : Got ball left during eject
2019-05-29 22:18:42,766 : DEBUG : ball_device.bd_trough : Switch 's_trough' changed too recently. Aborting count!
2019-05-29 22:18:42,768 : DEBUG : ball_device.bd_trough : State: ball_left
2019-05-29 22:18:42,768 : DEBUG : ball_device.bd_trough : Ball left
2019-05-29 22:18:42,769 : DEBUG : ball_device.bd_trough : Wait for confirm with timeout 10.0
2019-05-29 22:18:43,260 : DEBUG : ball_device.bd_trough : Counted 0 balls. Active switches: []. Old: 0
2019-05-29 22:18:48,459 : INFO : SwitchController : <<<<<<< 's_spinner' active >>>>>>>
2019-05-29 22:18:48,510 : INFO : Mode.evolve_pichu : Started. Priority: 99
2019-05-29 22:18:48,523 : INFO : SwitchController : <<<<<<< 's_spinner' inactive >>>>>>>
2019-05-29 22:18:48,700 : INFO : SwitchController : <<<<<<< 's_spinner' active >>>>>>>
2019-05-29 22:18:48,876 : INFO : SwitchController : <<<<<<< 's_flipper_right' active >>>>>>>
2019-05-29 22:18:48,913 : INFO : SwitchController : <<<<<<< 's_spinner' inactive >>>>>>>
2019-05-29 22:18:49,147 : INFO : SwitchController : <<<<<<< 's_flipper_right' inactive >>>>>>>
2019-05-29 22:18:49,452 : INFO : SwitchController : <<<<<<< 's_flipper_right' active >>>>>>>
2019-05-29 22:18:49,563 : INFO : SwitchController : <<<<<<< 's_flipper_right' inactive >>>>>>>
2019-05-29 22:18:52,491 : INFO : SwitchController : <<<<<<< 's_pop_right' active >>>>>>>
2019-05-29 22:18:52,530 : INFO : SwitchController : <<<<<<< 's_pop_right' inactive >>>>>>>
2019-05-29 22:18:52,578 : INFO : SwitchController : <<<<<<< 's_pop_right' active >>>>>>>
2019-05-29 22:18:52,598 : INFO : SwitchController : <<<<<<< 's_pop_right' inactive >>>>>>>
2019-05-29 22:18:52,756 : DEBUG : ball_device.bd_trough : State: failed_confirm
2019-05-29 22:18:52,757 : DEBUG : ball_device.bd_trough : Got timeout (10.0s) before confirm from <ball_device.bd_plunger>
2019-05-29 22:18:55,771 : INFO : SwitchController : <<<<<<< 's_saucer' active >>>>>>>
2019-05-29 22:18:56,274 : DEBUG : ball_device.bd_trough : Counted 0 balls. Active switches: []. Old: 0
2019-05-29 22:18:56,282 : DEBUG : ball_device.bd_trough : Eject successful
2019-05-29 22:18:56,285 : DEBUG : ball_device.bd_trough : Exited eject mode. Eject success: True
2019-05-29 22:18:56,285 : DEBUG : ball_device.bd_trough : State: idle
2019-05-29 22:18:56,286 : DEBUG : ball_device.bd_trough : Waiting for eject request.
2019-05-29 22:18:56,288 : DEBUG : ball_device.bd_trough : BCH: Counting. New count: 0 Old count: 0
2019-05-29 22:18:56,291 : INFO : ball_device.bd_saucer : Ejecting ball to <playfield.playfield>
2019-05-29 22:18:56,294 : DEBUG : ball_device.bd_trough : BCH: Counting. New count: 0 Old count: 0
2019-05-29 22:18:56,297 : INFO : coil.c_saucer : Pulsing Driver for 60ms (1.0 pulse_power)
2019-05-29 22:18:56,347 : INFO : SwitchController : <<<<<<< 's_saucer' inactive >>>>>>>
2019-05-29 22:18:58,428 : INFO : SwitchController : <<<<<<< 's_pop_right' active >>>>>>>
2019-05-29 22:18:58,470 : INFO : SwitchController : <<<<<<< 's_pop_right' inactive >>>>>>>
2019-05-29 22:18:59,612 : INFO : SwitchController : <<<<<<< 's_pop_right' active >>>>>>>
2019-05-29 22:18:59,645 : INFO : SwitchController : <<<<<<< 's_pop_right' inactive >>>>>>>
2019-05-29 22:19:03,003 : INFO : SwitchController : <<<<<<< 's_flipper_right' active >>>>>>>
2019-05-29 22:19:03,354 : INFO : SwitchController : <<<<<<< 's_flipper_right' inactive >>>>>>>
2019-05-29 22:19:03,915 : INFO : SwitchController : <<<<<<< 's_flipper_right' active >>>>>>>
2019-05-29 22:19:04,076 : INFO : SwitchController : <<<<<<< 's_flipper_right' inactive >>>>>>>
2019-05-29 22:19:05,146 : INFO : SwitchController : <<<<<<< 's_flipper_right' active >>>>>>>
2019-05-29 22:19:05,245 : INFO : SwitchController : <<<<<<< 's_flipper_right' inactive >>>>>>>
2019-05-29 22:19:05,499 : INFO : SwitchController : <<<<<<< 's_spinner' active >>>>>>>
2019-05-29 22:19:05,530 : INFO : SwitchController : <<<<<<< 's_spinner' inactive >>>>>>>
2019-05-29 22:19:05,578 : INFO : SwitchController : <<<<<<< 's_spinner' active >>>>>>>
2019-05-29 22:19:05,602 : INFO : SwitchController : <<<<<<< 's_spinner' inactive >>>>>>>
2019-05-29 22:19:05,658 : INFO : SwitchController : <<<<<<< 's_spinner' active >>>>>>>
2019-05-29 22:19:05,681 : INFO : SwitchController : <<<<<<< 's_spinner' inactive >>>>>>>
2019-05-29 22:19:05,738 : INFO : SwitchController : <<<<<<< 's_spinner' active >>>>>>>
2019-05-29 22:19:05,761 : INFO : SwitchController : <<<<<<< 's_spinner' inactive >>>>>>>
2019-05-29 22:19:05,818 : INFO : SwitchController : <<<<<<< 's_spinner' active >>>>>>>
2019-05-29 22:19:05,841 : INFO : SwitchController : <<<<<<< 's_spinner' inactive >>>>>>>
2019-05-29 22:19:05,914 : INFO : SwitchController : <<<<<<< 's_spinner' active >>>>>>>
2019-05-29 22:19:05,937 : INFO : SwitchController : <<<<<<< 's_spinner' inactive >>>>>>>
2019-05-29 22:19:06,011 : INFO : SwitchController : <<<<<<< 's_spinner' active >>>>>>>
2019-05-29 22:19:06,053 : INFO : SwitchController : <<<<<<< 's_spinner' inactive >>>>>>>
2019-05-29 22:19:06,122 : INFO : SwitchController : <<<<<<< 's_spinner' active >>>>>>>
2019-05-29 22:19:06,145 : INFO : SwitchController : <<<<<<< 's_spinner' inactive >>>>>>>
2019-05-29 22:19:06,263 : INFO : SwitchController : <<<<<<< 's_spinner' active >>>>>>>
2019-05-29 22:19:06,308 : INFO : SwitchController : <<<<<<< 's_spinner' inactive >>>>>>>
2019-05-29 22:19:06,362 : INFO : SwitchController : <<<<<<< 's_spinner' active >>>>>>>
2019-05-29 22:19:06,394 : INFO : SwitchController : <<<<<<< 's_spinner' inactive >>>>>>>
2019-05-29 22:19:06,507 : INFO : SwitchController : <<<<<<< 's_spinner' active >>>>>>>
2019-05-29 22:19:06,554 : INFO : SwitchController : <<<<<<< 's_spinner' inactive >>>>>>>
2019-05-29 22:19:06,683 : INFO : SwitchController : <<<<<<< 's_spinner' active >>>>>>>
2019-05-29 22:19:06,731 : INFO : SwitchController : <<<<<<< 's_spinner' inactive >>>>>>>
2019-05-29 22:19:06,891 : INFO : SwitchController : <<<<<<< 's_spinner' active >>>>>>>
2019-05-29 22:19:06,970 : INFO : SwitchController : <<<<<<< 's_spinner' inactive >>>>>>>
2019-05-29 22:19:07,195 : INFO : SwitchController : <<<<<<< 's_spinner' active >>>>>>>
2019-05-29 22:19:07,266 : INFO : SwitchController : <<<<<<< 's_spinner' inactive >>>>>>>
2019-05-29 22:19:11,338 : INFO : SwitchController : <<<<<<< 's_saucer' active >>>>>>>
2019-05-29 22:19:11,839 : DEBUG : ball_device.bd_trough : Counted 0 balls. Active switches: []. Old: 0
2019-05-29 22:19:11,852 : INFO : ball_device.bd_saucer : Ejecting ball to <playfield.playfield>
2019-05-29 22:19:11,858 : INFO : coil.c_saucer : Pulsing Driver for 60ms (1.0 pulse_power)
2019-05-29 22:19:11,898 : INFO : SwitchController : <<<<<<< 's_saucer' inactive >>>>>>>
2019-05-29 22:19:13,322 : INFO : SwitchController : <<<<<<< 's_pop_right' active >>>>>>>
2019-05-29 22:19:13,347 : INFO : SwitchController : <<<<<<< 's_pop_right' inactive >>>>>>>
2019-05-29 22:19:13,365 : INFO : SwitchController : <<<<<<< 's_pop_right' active >>>>>>>
2019-05-29 22:19:13,389 : INFO : SwitchController : <<<<<<< 's_pop_right' inactive >>>>>>>
2019-05-29 22:19:14,346 : INFO : SwitchController : <<<<<<< 's_pop_right' active >>>>>>>
2019-05-29 22:19:14,389 : INFO : SwitchController : <<<<<<< 's_pop_right' inactive >>>>>>>
2019-05-29 22:19:15,754 : INFO : SwitchController : <<<<<<< 's_pop_right' active >>>>>>>
2019-05-29 22:19:15,799 : INFO : SwitchController : <<<<<<< 's_pop_right' inactive >>>>>>>
2019-05-29 22:19:15,828 : INFO : SwitchController : <<<<<<< 's_pop_right' active >>>>>>>
2019-05-29 22:19:15,847 : INFO : SwitchController : <<<<<<< 's_pop_right' inactive >>>>>>>
2019-05-29 22:19:15,863 : INFO : SwitchController : <<<<<<< 's_pop_right' active >>>>>>>
2019-05-29 22:19:15,880 : INFO : SwitchController : <<<<<<< 's_pop_right' inactive >>>>>>>
2019-05-29 22:19:17,130 : INFO : SwitchController : <<<<<<< 's_pop_right' active >>>>>>>
2019-05-29 22:19:17,160 : INFO : SwitchController : <<<<<<< 's_pop_right' inactive >>>>>>>
2019-05-29 22:19:17,183 : INFO : SwitchController : <<<<<<< 's_pop_right' active >>>>>>>
2019-05-29 22:19:17,202 : INFO : SwitchController : <<<<<<< 's_pop_right' inactive >>>>>>>
2019-05-29 22:19:19,002 : INFO : SwitchController : <<<<<<< 's_pop_bottom' active >>>>>>>
2019-05-29 22:19:19,048 : INFO : SwitchController : <<<<<<< 's_pop_bottom' inactive >>>>>>>
2019-05-29 22:19:23,482 : INFO : SwitchController : <<<<<<< 's_drain' active >>>>>>>
2019-05-29 22:19:23,978 : DEBUG : ball_device.bd_trough : Counted 0 balls. Active switches: []. Old: 0
2019-05-29 22:19:23,990 : INFO : Mode.evolve_pichu : Stopped.
2019-05-29 22:19:23,994 : INFO : Mode.pichu : Stopped.
2019-05-29 22:19:24,005 : DEBUG : ball_device.bd_trough : Ready to receive from <ball_device.bd_drain>. Free space 1 (Capacity: 1, Balls: 0), incoming_balls: 0
2019-05-29 22:19:24,006 : INFO : ball_device.bd_drain : Ejecting ball to <ball_device.bd_trough>
2019-05-29 22:19:24,013 : INFO : coil.c_drain : Pulsing Driver for 20ms (1.0 pulse_power)
2019-05-29 22:19:24,031 : INFO : Mode.attract : Started. Priority: 10
2019-05-29 22:19:24,034 : INFO : Mode.game : Stopped.
2019-05-29 22:19:24,073 : INFO : SwitchController : <<<<<<< 's_drain' inactive >>>>>>>
2019-05-29 22:19:24,102 : DEBUG : ball_device.bd_trough : Adding incoming ball from <ball_device.bd_drain>
2019-05-29 22:19:24,488 : INFO : SwitchController : <<<<<<< 's_trough' active >>>>>>>
2019-05-29 22:19:24,536 : INFO : SwitchController : <<<<<<< 's_trough' inactive >>>>>>>
2019-05-29 22:19:24,681 : INFO : SwitchController : <<<<<<< 's_trough' active >>>>>>>
2019-05-29 22:19:25,178 : DEBUG : ball_device.bd_trough : Counted 1 balls. Active switches: ['s_trough']. Old: 0
2019-05-29 22:19:25,182 : DEBUG : ball_device.bd_trough : BCH: Counting. New count: 1 Old count: 0
2019-05-29 22:19:25,182 : DEBUG : ball_device.bd_trough : BCH: Found 1 new balls
2019-05-29 22:19:25,183 : DEBUG : ball_device.bd_trough : Received ball from <ball_device.bd_drain>
2019-05-29 22:19:25,184 : DEBUG : ball_device.bd_trough : Removing incoming ball from <ball_device.bd_drain>
2019-05-29 22:19:25,184 : DEBUG : ball_device.bd_trough : Processing new ball
2019-05-29 22:19:25,482 : INFO : SwitchController : <<<<<<< 's_flipper_right' active >>>>>>>
2019-05-29 22:19:25,545 : INFO : SwitchController : <<<<<<< 's_flipper_right' inactive >>>>>>>
2019-05-29 22:19:25,657 : INFO : SwitchController : <<<<<<< 's_flipper_right' active >>>>>>>
2019-05-29 22:19:25,738 : INFO : SwitchController : <<<<<<< 's_flipper_right' inactive >>>>>>>
2019-05-29 22:19:28,260 : INFO : Machine : Shutting down...
2019-05-29 22:19:28,275 : DEBUG : ball_device.bd_trough : Stopping ball device
2019-05-29 22:19:28,291 : ERROR : FAST : Stop called on serial connection com4
2019-05-29 22:19:28,291 : ERROR : FAST : Stop called on serial connection com5
2019-05-29 22:19:28,525 : INFO : root : MPF run loop ended.
