2019-05-29 20:45:26,933 : INFO : Machine : Mission Pinball Framework Core Engine v0.50.17
2019-05-29 20:45:26,933 : INFO : Machine : Command line arguments: {'syslog_address': None, 'loglevel': 15, 'mpfconfigfile': 'c:\\python34\\lib\\site-packages\\mpf\\mpfconfig.yaml', 'create_config_cache': True, 'pause': False, 'force_assets_load': False, 'configfile': ['config.yaml'], 'no_load_cache': False, 'bcp': True, 'force_platform': None, 'production': False, 'mc_file_name': None, 'text_ui': True, 'logfile': 'logs\\2019-05-29-20-45-26-mpf-DESKTOP-I5I6D25.log', 'consoleloglevel': 20}
2019-05-29 20:45:26,933 : INFO : Machine : MPF path: c:\python34\lib\site-packages\mpf
2019-05-29 20:45:26,933 : INFO : Machine : Machine path: D:\POKEMON
2019-05-29 20:45:26,949 : INFO : Machine : Platform: win32
2019-05-29 20:45:26,949 : INFO : Machine : Python executable location: c:\python34\python.exe
2019-05-29 20:45:26,949 : INFO : Machine : Python version: 3.4.4 (64-bit)
2019-05-29 20:45:28,480 : INFO : Machine : Machine config file #1: config.yaml
2019-05-29 20:45:28,480 : INFO : ConfigProcessor : Loading config from cache: C:\Users\MISSIO~1\AppData\Local\Temp\d99dba3f33c3bdd270e8cf6c1a53f44e.mpf_cache
2019-05-29 20:45:28,511 : INFO : Machine : Initialise MPF.
2019-05-29 20:45:29,183 : INFO : FAST : Connecting to com4 at 921600bps
2019-05-29 20:45:29,246 : INFO : FAST : Connected! Processor: NET, Board Type: FP-CPU-002-2, Firmware: 01.01
2019-05-29 20:45:29,246 : WARNING : FAST : Not resetting FAST NET because firmware is currently broken.
2019-05-29 20:45:29,308 : INFO : FAST : Connecting to com5 at 921600bps
2019-05-29 20:45:29,355 : INFO : FAST : Connected! Processor: RGB, Board Type: FP-CPU-002-2, Firmware: 01.00
2019-05-29 20:45:29,745 : INFO : ConfigProcessor : Loading config from cache: C:\Users\MISSIO~1\AppData\Local\Temp\01c5ea7020f20fc8cd2609416c749c9a.mpf_cache
2019-05-29 20:45:29,777 : INFO : ConfigProcessor : Loading config from cache: C:\Users\MISSIO~1\AppData\Local\Temp\c8c985d122de6339937b15f5cde5ffe7.mpf_cache
2019-05-29 20:45:29,808 : INFO : ConfigProcessor : Loading config from cache: C:\Users\MISSIO~1\AppData\Local\Temp\10f8871b1481fbf59bf30d5b3d29537e.mpf_cache
2019-05-29 20:45:29,839 : DEBUG : coil.c_trough : Configuring device with settings: '{'default_pulse_ms': 7, 'number': '1-1', 'console_log': 'full', 'pulse_events': {}, 'default_recycle': False, 'platform': None, 'default_pulse_power': None, 'debug': True, 'disable_events': {}, 'default_hold_power': None, 'tags': [], 'file_log': 'full', 'label': '%', 'enable_events': {}, 'allow_enable': False, 'max_pulse_power': 1.0, 'psu': <psu.default>, 'max_pulse_ms': None, 'platform_settings': {}, 'max_hold_power': None}'
2019-05-29 20:45:29,839 : DEBUG : coil.c_trough : Configuring device with settings: '{'default_pulse_ms': 7, 'number': '1-1', 'console_log': 'full', 'pulse_events': {}, 'default_recycle': False, 'platform': None, 'default_pulse_power': None, 'debug': True, 'disable_events': {}, 'default_hold_power': None, 'tags': [], 'file_log': 'full', 'label': '%', 'enable_events': {}, 'allow_enable': False, 'max_pulse_power': 1.0, 'psu': <psu.default>, 'max_pulse_ms': None, 'platform_settings': {'recycle_ms': None, 'connection': 'auto'}, 'max_hold_power': None}'
2019-05-29 20:45:29,855 : DEBUG : ball_device.bd_trough : Configuring device with settings: '{'hold_events': {}, 'eject_coil_enable_time': [], 'eject_coil': <coil.c_trough>, 'confirm_eject_event': None, 'ball_missing_target': <playfield.playfield>, 'eject_coil_max_wait_ms': 200, 'eject_timeouts': [], 'mechanical_eject': False, 'retries_before_increasing_pulse': 4, 'max_eject_attempts': 0, 'entrance_switch': None, 'entrance_event_timeout': 5.0, 'debug': True, 'hold_coil_release_time': 1000, 'captures_from': <playfield.playfield>, 'tags': ['home', 'trough'], 'player_controlled_eject_event': None, 'eject_coil_reorder_pulse': None, 'confirm_eject_switch': None, 'confirm_eject_type': 'target', 'eject_events': {}, 'exit_count_delay': 500, 'hold_switches': [], 'request_ball_events': [], 'console_log': 'full', 'ball_switches': [<switch.s_trough>], 'entrance_events': {}, 'ball_missing_timeouts': [], 'idle_missing_ball_timeout': 5.0, 'eject_all_events': {}, 'eject_coil_jam_pulse': None, 'target_on_unexpected_ball': None, 'hold_coil': None, 'entrance_count_delay': 500, 'eject_coil_retry_pulse': None, 'ball_search_order': 200, 'ball_capacity': None, 'eject_targets': [<ball_device.bd_plunger>], 'label': '%', 'auto_fire_on_unexpected_ball': True, 'file_log': 'full', 'entrance_switch_full_timeout': 0, 'jam_switch': None}'
2019-05-29 20:45:30,011 : INFO : BCPClientSocket.local_display : Connecting BCP to 'local_display' at localhost:5050...
2019-05-29 20:45:31,011 : WARNING : FAST : Port com4 was blocked for more than 1s. Reseting send queue! If this happens frequently report a bug!
2019-05-29 20:45:32,011 : WARNING : FAST : Port com4 was blocked for more than 1s. Reseting send queue! If this happens frequently report a bug!
2019-05-29 20:45:33,349 : WARNING : FAST : Port com4 was blocked for more than 1s. Reseting send queue! If this happens frequently report a bug!
2019-05-29 20:45:35,312 : INFO : BCPClientSocket.local_display : Connected BCP to 'local_display' localhost:5050
2019-05-29 20:45:35,351 : DEBUG : ball_device.bd_trough : Counted 0 balls. Active switches: []. Old: None
2019-05-29 20:45:35,364 : DEBUG : ball_device.bd_trough : State: idle
2019-05-29 20:45:35,364 : DEBUG : ball_device.bd_trough : Waiting for eject request.
2019-05-29 20:45:35,450 : DEBUG : ball_device.bd_trough : Counted 0 balls. Active switches: []. Old: 0
2019-05-29 20:45:35,471 : WARNING : FAST : Port NET received more messages than were sent! Resetting!
2019-05-29 20:45:35,471 : WARNING : FAST : Port NET received more messages than were sent! Resetting!
2019-05-29 20:45:35,471 : WARNING : FAST : Port NET received more messages than were sent! Resetting!
2019-05-29 20:45:35,472 : WARNING : FAST : Port NET received more messages than were sent! Resetting!
2019-05-29 20:45:35,472 : WARNING : FAST : Port NET received more messages than were sent! Resetting!
2019-05-29 20:45:35,472 : WARNING : FAST : Port NET received more messages than were sent! Resetting!
2019-05-29 20:45:35,472 : WARNING : FAST : Port NET received more messages than were sent! Resetting!
2019-05-29 20:45:35,473 : WARNING : FAST : Port NET received more messages than were sent! Resetting!
2019-05-29 20:45:35,473 : WARNING : FAST : Port NET received more messages than were sent! Resetting!
2019-05-29 20:45:35,473 : WARNING : FAST : Port NET received more messages than were sent! Resetting!
2019-05-29 20:45:35,474 : WARNING : FAST : Port NET received more messages than were sent! Resetting!
2019-05-29 20:45:35,474 : WARNING : FAST : Port NET received more messages than were sent! Resetting!
2019-05-29 20:45:35,474 : WARNING : FAST : Port NET received more messages than were sent! Resetting!
2019-05-29 20:45:35,474 : WARNING : FAST : Port NET received more messages than were sent! Resetting!
2019-05-29 20:45:35,475 : WARNING : FAST : Port NET received more messages than were sent! Resetting!
2019-05-29 20:45:35,475 : WARNING : FAST : Port NET received more messages than were sent! Resetting!
2019-05-29 20:45:35,475 : WARNING : FAST : Port NET received more messages than were sent! Resetting!
2019-05-29 20:45:35,475 : WARNING : FAST : Port NET received more messages than were sent! Resetting!
2019-05-29 20:45:35,476 : WARNING : FAST : Port NET received more messages than were sent! Resetting!
2019-05-29 20:45:35,476 : WARNING : FAST : Port NET received more messages than were sent! Resetting!
2019-05-29 20:45:35,476 : WARNING : FAST : Port NET received more messages than were sent! Resetting!
2019-05-29 20:45:35,476 : WARNING : FAST : Port NET received more messages than were sent! Resetting!
2019-05-29 20:45:35,478 : WARNING : FAST : Port NET received more messages than were sent! Resetting!
2019-05-29 20:45:35,478 : WARNING : FAST : Port NET received more messages than were sent! Resetting!
2019-05-29 20:45:35,478 : WARNING : FAST : Port NET received more messages than were sent! Resetting!
2019-05-29 20:45:35,479 : WARNING : FAST : Port NET received more messages than were sent! Resetting!
2019-05-29 20:45:35,479 : WARNING : FAST : Port NET received more messages than were sent! Resetting!
2019-05-29 20:45:35,479 : WARNING : FAST : Port NET received more messages than were sent! Resetting!
2019-05-29 20:45:35,480 : WARNING : FAST : Port NET received more messages than were sent! Resetting!
2019-05-29 20:45:35,480 : WARNING : FAST : Port NET received more messages than were sent! Resetting!
2019-05-29 20:45:35,480 : WARNING : FAST : Port NET received more messages than were sent! Resetting!
2019-05-29 20:45:35,480 : WARNING : FAST : Port NET received more messages than were sent! Resetting!
2019-05-29 20:45:35,481 : WARNING : FAST : Port NET received more messages than were sent! Resetting!
2019-05-29 20:45:35,520 : INFO : coil.c_drop_reset : Pulsing Driver for 200ms (1.0 pulse_power)
2019-05-29 20:45:35,527 : INFO : Mode.attract : Started. Priority: 10
2019-05-29 20:45:35,533 : INFO : Machine : Starting the main run loop.
2019-05-29 20:45:42,772 : INFO : SwitchController : <<<<<<< 's_spinner' active >>>>>>>
2019-05-29 20:45:42,884 : INFO : SwitchController : <<<<<<< 's_spinner' inactive >>>>>>>
2019-05-29 20:45:46,596 : INFO : SwitchController : <<<<<<< 's_drain' active >>>>>>>
2019-05-29 20:45:46,628 : INFO : SwitchController : <<<<<<< 's_drain' inactive >>>>>>>
2019-05-29 20:45:46,645 : INFO : SwitchController : <<<<<<< 's_drain' active >>>>>>>
2019-05-29 20:45:46,660 : INFO : SwitchController : <<<<<<< 's_drain' inactive >>>>>>>
2019-05-29 20:45:46,740 : INFO : SwitchController : <<<<<<< 's_drain' active >>>>>>>
2019-05-29 20:45:46,772 : INFO : SwitchController : <<<<<<< 's_drain' inactive >>>>>>>
2019-05-29 20:45:46,788 : INFO : SwitchController : <<<<<<< 's_drain' active >>>>>>>
2019-05-29 20:45:47,293 : DEBUG : ball_device.bd_trough : Counted 0 balls. Active switches: []. Old: 0
2019-05-29 20:45:47,306 : DEBUG : ball_device.bd_trough : Ready to receive from <ball_device.bd_drain>. Free space 1 (Capacity: 1, Balls: 0), incoming_balls: 0
2019-05-29 20:45:47,307 : INFO : ball_device.bd_drain : Ejecting ball to <ball_device.bd_trough>
2019-05-29 20:45:47,311 : INFO : coil.c_drain : Pulsing Driver for 20ms (1.0 pulse_power)
2019-05-29 20:45:47,348 : INFO : SwitchController : <<<<<<< 's_drain' inactive >>>>>>>
2019-05-29 20:45:47,366 : DEBUG : ball_device.bd_trough : Adding incoming ball from <ball_device.bd_drain>
2019-05-29 20:45:47,699 : INFO : SwitchController : <<<<<<< 's_trough' active >>>>>>>
2019-05-29 20:45:47,731 : INFO : SwitchController : <<<<<<< 's_trough' inactive >>>>>>>
2019-05-29 20:45:47,924 : INFO : SwitchController : <<<<<<< 's_trough' active >>>>>>>
2019-05-29 20:45:48,412 : DEBUG : ball_device.bd_trough : Counted 1 balls. Active switches: ['s_trough']. Old: 0
2019-05-29 20:45:48,416 : DEBUG : ball_device.bd_trough : BCH: Counting. New count: 1 Old count: 0
2019-05-29 20:45:48,417 : DEBUG : ball_device.bd_trough : BCH: Found 1 new balls
2019-05-29 20:45:48,418 : DEBUG : ball_device.bd_trough : Received ball from <ball_device.bd_drain>
2019-05-29 20:45:48,418 : DEBUG : ball_device.bd_trough : Removing incoming ball from <ball_device.bd_drain>
2019-05-29 20:45:48,419 : DEBUG : ball_device.bd_trough : Processing new ball
2019-05-29 20:45:49,477 : INFO : SwitchController : <<<<<<< 's_start' active >>>>>>>
2019-05-29 20:45:49,876 : INFO : SwitchController : <<<<<<< 's_start' inactive >>>>>>>
2019-05-29 20:45:49,896 : INFO : Mode.attract : Stopped.
2019-05-29 20:45:49,898 : INFO : Mode.game : Started. Priority: 20
2019-05-29 20:45:49,905 : INFO : Mode.game : Player added successfully. Total players: 1
2019-05-29 20:45:49,928 : INFO : coil.c_drop_reset : Pulsing Driver for 200ms (1.0 pulse_power)
2019-05-29 20:45:49,929 : INFO : Mode.pichu : Started. Priority: 100
2019-05-29 20:45:49,939 : DEBUG : ball_device.bd_trough : Adding eject chain
2019-05-29 20:45:49,942 : DEBUG : ball_device.bd_trough : Got eject request
2019-05-29 20:45:49,945 : DEBUG : ball_device.bd_trough : BCH: Counting. New count: 1 Old count: 1
2019-05-29 20:45:49,947 : DEBUG : ball_device.bd_trough : State: waiting_for_target_ready
2019-05-29 20:45:49,950 : DEBUG : ball_device.bd_trough : State: ejecting
2019-05-29 20:45:49,950 : INFO : ball_device.bd_trough : Ejecting ball to <ball_device.bd_plunger>
2019-05-29 20:45:49,952 : DEBUG : ball_device.bd_trough : Entered eject mode.
2019-05-29 20:45:49,954 : DEBUG : ball_device.bd_trough : Wait for ball to leave device
2019-05-29 20:45:49,956 : DEBUG : coil.c_trough : Delaying pulse by 195.00000000061846ms pulse_ms: 7ms (1.0 pulse_power)
2019-05-29 20:45:49,956 : DEBUG : ball_device.bd_trough : Firing eject coil. Current balls: 1.
2019-05-29 20:45:50,131 : INFO : coil.c_trough : Pulsing Driver for 7ms (1.0 pulse_power)
2019-05-29 20:45:50,163 : INFO : SwitchController : <<<<<<< 's_trough' inactive >>>>>>>
2019-05-29 20:45:50,191 : DEBUG : ball_device.bd_trough : Got ball left during eject
2019-05-29 20:45:50,191 : DEBUG : ball_device.bd_trough : Switch 's_trough' changed too recently. Aborting count!
2019-05-29 20:45:50,193 : DEBUG : ball_device.bd_trough : State: ball_left
2019-05-29 20:45:50,194 : DEBUG : ball_device.bd_trough : Ball left
2019-05-29 20:45:50,194 : DEBUG : ball_device.bd_trough : Wait for confirm with timeout 10.0
2019-05-29 20:45:50,662 : DEBUG : ball_device.bd_trough : Counted 0 balls. Active switches: []. Old: 0
2019-05-29 20:45:56,275 : INFO : SwitchController : <<<<<<< 's_spinner' active >>>>>>>
2019-05-29 20:45:56,356 : INFO : SwitchController : <<<<<<< 's_spinner' inactive >>>>>>>
2019-05-29 20:45:56,547 : INFO : SwitchController : <<<<<<< 's_spinner' active >>>>>>>
2019-05-29 20:45:56,643 : INFO : SwitchController : <<<<<<< 's_spinner' inactive >>>>>>>
2019-05-29 20:45:58,755 : INFO : SwitchController : <<<<<<< 's_flipper_left' active >>>>>>>
2019-05-29 20:45:58,851 : INFO : SwitchController : <<<<<<< 's_flipper_left' inactive >>>>>>>
2019-05-29 20:46:00,178 : DEBUG : ball_device.bd_trough : State: failed_confirm
2019-05-29 20:46:00,179 : DEBUG : ball_device.bd_trough : Got timeout (10.0s) before confirm from <ball_device.bd_plunger>
2019-05-29 20:46:00,308 : INFO : SwitchController : <<<<<<< 's_flipper_left' active >>>>>>>
2019-05-29 20:46:00,515 : INFO : SwitchController : <<<<<<< 's_flipper_left' inactive >>>>>>>
2019-05-29 20:46:00,659 : INFO : SwitchController : <<<<<<< 's_flipper_left' active >>>>>>>
2019-05-29 20:46:00,723 : INFO : SwitchController : <<<<<<< 's_flipper_left' inactive >>>>>>>
2019-05-29 20:46:01,460 : INFO : SwitchController : <<<<<<< 's_pop_right' active >>>>>>>
2019-05-29 20:46:01,491 : INFO : SwitchController : <<<<<<< 's_pop_right' inactive >>>>>>>
2019-05-29 20:46:01,526 : INFO : SwitchController : <<<<<<< 's_pop_right' active >>>>>>>
2019-05-29 20:46:01,545 : INFO : SwitchController : <<<<<<< 's_pop_right' inactive >>>>>>>
2019-05-29 20:46:01,566 : DEBUG : ball_device.bd_trough : Eject successful
2019-05-29 20:46:01,568 : DEBUG : ball_device.bd_trough : Exited eject mode. Eject success: True
2019-05-29 20:46:01,570 : DEBUG : ball_device.bd_trough : State: idle
2019-05-29 20:46:01,570 : DEBUG : ball_device.bd_trough : Waiting for eject request.
2019-05-29 20:46:01,573 : DEBUG : ball_device.bd_trough : BCH: Counting. New count: 0 Old count: 0
2019-05-29 20:46:01,575 : DEBUG : ball_device.bd_trough : BCH: Counting. New count: 0 Old count: 0
2019-05-29 20:46:03,747 : INFO : SwitchController : <<<<<<< 's_saucer' active >>>>>>>
2019-05-29 20:46:04,246 : DEBUG : ball_device.bd_trough : Counted 0 balls. Active switches: []. Old: 0
2019-05-29 20:46:04,257 : INFO : ball_device.bd_saucer : Ejecting ball to <playfield.playfield>
2019-05-29 20:46:04,261 : INFO : coil.c_saucer : Pulsing Driver for 60ms (1.0 pulse_power)
2019-05-29 20:46:04,307 : INFO : SwitchController : <<<<<<< 's_saucer' inactive >>>>>>>
2019-05-29 20:46:09,059 : INFO : SwitchController : <<<<<<< 's_flipper_left' active >>>>>>>
2019-05-29 20:46:09,555 : INFO : SwitchController : <<<<<<< 's_flipper_left' inactive >>>>>>>
2019-05-29 20:46:09,604 : INFO : SwitchController : <<<<<<< 's_flipper_right' active >>>>>>>
2019-05-29 20:46:09,697 : INFO : SwitchController : <<<<<<< 's_flipper_right' inactive >>>>>>>
2019-05-29 20:46:09,827 : INFO : SwitchController : <<<<<<< 's_pop_right' active >>>>>>>
2019-05-29 20:46:09,846 : INFO : SwitchController : <<<<<<< 's_pop_right' inactive >>>>>>>
2019-05-29 20:46:09,864 : INFO : SwitchController : <<<<<<< 's_pop_right' active >>>>>>>
2019-05-29 20:46:09,881 : INFO : SwitchController : <<<<<<< 's_pop_right' inactive >>>>>>>
2019-05-29 20:46:09,922 : INFO : SwitchController : <<<<<<< 's_pop_top' active >>>>>>>
2019-05-29 20:46:09,954 : INFO : SwitchController : <<<<<<< 's_pop_top' inactive >>>>>>>
2019-05-29 20:46:11,874 : INFO : SwitchController : <<<<<<< 's_pop_top' active >>>>>>>
2019-05-29 20:46:11,906 : INFO : SwitchController : <<<<<<< 's_pop_top' inactive >>>>>>>
2019-05-29 20:46:11,970 : INFO : SwitchController : <<<<<<< 's_pop_bottom' active >>>>>>>
2019-05-29 20:46:11,990 : INFO : SwitchController : <<<<<<< 's_pop_bottom' inactive >>>>>>>
2019-05-29 20:46:12,007 : INFO : SwitchController : <<<<<<< 's_pop_bottom' active >>>>>>>
2019-05-29 20:46:12,024 : INFO : SwitchController : <<<<<<< 's_pop_bottom' inactive >>>>>>>
2019-05-29 20:46:12,578 : INFO : SwitchController : <<<<<<< 's_saucer' active >>>>>>>
2019-05-29 20:46:13,074 : DEBUG : ball_device.bd_trough : Counted 0 balls. Active switches: []. Old: 0
2019-05-29 20:46:13,086 : INFO : ball_device.bd_saucer : Ejecting ball to <playfield.playfield>
2019-05-29 20:46:13,092 : INFO : coil.c_saucer : Pulsing Driver for 60ms (1.0 pulse_power)
2019-05-29 20:46:13,138 : INFO : SwitchController : <<<<<<< 's_saucer' inactive >>>>>>>
2019-05-29 20:46:18,579 : INFO : SwitchController : <<<<<<< 's_flipper_right' active >>>>>>>
2019-05-29 20:46:18,644 : INFO : SwitchController : <<<<<<< 's_flipper_right' inactive >>>>>>>
2019-05-29 20:46:20,115 : INFO : SwitchController : <<<<<<< 's_flipper_left' active >>>>>>>
2019-05-29 20:46:20,483 : INFO : SwitchController : <<<<<<< 's_flipper_left' inactive >>>>>>>
2019-05-29 20:46:20,563 : INFO : SwitchController : <<<<<<< 's_flipper_right' active >>>>>>>
2019-05-29 20:46:20,626 : INFO : SwitchController : <<<<<<< 's_flipper_right' inactive >>>>>>>
2019-05-29 20:46:21,363 : INFO : SwitchController : <<<<<<< 's_flipper_right' active >>>>>>>
2019-05-29 20:46:21,539 : INFO : SwitchController : <<<<<<< 's_flipper_right' inactive >>>>>>>
2019-05-29 20:46:23,843 : INFO : SwitchController : <<<<<<< 's_flipper_right' active >>>>>>>
2019-05-29 20:46:24,465 : INFO : SwitchController : <<<<<<< 's_flipper_right' inactive >>>>>>>
2019-05-29 20:46:25,154 : INFO : SwitchController : <<<<<<< 's_flipper_right' active >>>>>>>
2019-05-29 20:46:25,778 : INFO : SwitchController : <<<<<<< 's_flipper_right' inactive >>>>>>>
2019-05-29 20:46:25,986 : INFO : SwitchController : <<<<<<< 's_flipper_right' active >>>>>>>
2019-05-29 20:46:26,098 : INFO : SwitchController : <<<<<<< 's_flipper_right' inactive >>>>>>>
2019-05-29 20:46:26,226 : INFO : SwitchController : <<<<<<< 's_drop_left' active >>>>>>>
2019-05-29 20:46:26,658 : INFO : SwitchController : <<<<<<< 's_flipper_left' active >>>>>>>
2019-05-29 20:46:26,867 : INFO : SwitchController : <<<<<<< 's_pop_bottom' active >>>>>>>
2019-05-29 20:46:26,906 : INFO : SwitchController : <<<<<<< 's_pop_bottom' inactive >>>>>>>
2019-05-29 20:46:26,922 : INFO : SwitchController : <<<<<<< 's_pop_bottom' active >>>>>>>
2019-05-29 20:46:26,940 : INFO : SwitchController : <<<<<<< 's_pop_bottom' inactive >>>>>>>
2019-05-29 20:46:27,154 : INFO : SwitchController : <<<<<<< 's_flipper_left' inactive >>>>>>>
2019-05-29 20:46:28,738 : INFO : SwitchController : <<<<<<< 's_flipper_right' active >>>>>>>
2019-05-29 20:46:28,865 : INFO : SwitchController : <<<<<<< 's_flipper_left' active >>>>>>>
2019-05-29 20:46:28,899 : INFO : SwitchController : <<<<<<< 's_flipper_right' inactive >>>>>>>
2019-05-29 20:46:29,218 : INFO : SwitchController : <<<<<<< 's_flipper_left' inactive >>>>>>>
2019-05-29 20:46:31,010 : INFO : SwitchController : <<<<<<< 's_flipper_left' active >>>>>>>
2019-05-29 20:46:31,090 : INFO : SwitchController : <<<<<<< 's_flipper_left' inactive >>>>>>>
2019-05-29 20:46:31,299 : INFO : SwitchController : <<<<<<< 's_drop_right' active >>>>>>>
2019-05-29 20:46:31,537 : INFO : SwitchController : <<<<<<< 's_flipper_left' active >>>>>>>
2019-05-29 20:46:31,826 : INFO : SwitchController : <<<<<<< 's_flipper_left' inactive >>>>>>>
2019-05-29 20:46:32,720 : INFO : SwitchController : <<<<<<< 's_flipper_left' active >>>>>>>
2019-05-29 20:46:33,522 : INFO : SwitchController : <<<<<<< 's_flipper_left' inactive >>>>>>>
2019-05-29 20:46:33,569 : INFO : SwitchController : <<<<<<< 's_flipper_right' active >>>>>>>
2019-05-29 20:46:34,801 : INFO : SwitchController : <<<<<<< 's_flipper_right' inactive >>>>>>>
2019-05-29 20:46:35,986 : INFO : SwitchController : <<<<<<< 's_flipper_right' active >>>>>>>
2019-05-29 20:46:36,081 : INFO : SwitchController : <<<<<<< 's_flipper_right' inactive >>>>>>>
2019-05-29 20:46:38,979 : INFO : SwitchController : <<<<<<< 's_flipper_left' active >>>>>>>
2019-05-29 20:46:39,057 : INFO : SwitchController : <<<<<<< 's_flipper_left' inactive >>>>>>>
2019-05-29 20:46:39,570 : INFO : SwitchController : <<<<<<< 's_flipper_right' active >>>>>>>
2019-05-29 20:46:41,458 : INFO : SwitchController : <<<<<<< 's_flipper_right' inactive >>>>>>>
2019-05-29 20:46:42,209 : INFO : SwitchController : <<<<<<< 's_flipper_right' active >>>>>>>
2019-05-29 20:46:42,530 : INFO : SwitchController : <<<<<<< 's_flipper_right' inactive >>>>>>>
2019-05-29 20:46:43,585 : INFO : SwitchController : <<<<<<< 's_flipper_right' active >>>>>>>
2019-05-29 20:46:43,712 : INFO : SwitchController : <<<<<<< 's_flipper_right' inactive >>>>>>>
2019-05-29 20:46:43,841 : INFO : SwitchController : <<<<<<< 's_spinner' active >>>>>>>
2019-05-29 20:46:43,871 : INFO : SwitchController : <<<<<<< 's_spinner' inactive >>>>>>>
2019-05-29 20:46:43,896 : INFO : SwitchController : <<<<<<< 's_spinner' active >>>>>>>
2019-05-29 20:46:43,918 : INFO : SwitchController : <<<<<<< 's_spinner' inactive >>>>>>>
2019-05-29 20:46:43,953 : INFO : SwitchController : <<<<<<< 's_spinner' active >>>>>>>
2019-05-29 20:46:43,969 : INFO : SwitchController : <<<<<<< 's_spinner' inactive >>>>>>>
2019-05-29 20:46:44,002 : INFO : SwitchController : <<<<<<< 's_spinner' active >>>>>>>
2019-05-29 20:46:44,023 : INFO : SwitchController : <<<<<<< 's_spinner' inactive >>>>>>>
2019-05-29 20:46:44,065 : INFO : SwitchController : <<<<<<< 's_spinner' active >>>>>>>
2019-05-29 20:46:44,084 : INFO : SwitchController : <<<<<<< 's_spinner' inactive >>>>>>>
2019-05-29 20:46:44,145 : INFO : SwitchController : <<<<<<< 's_spinner' active >>>>>>>
2019-05-29 20:46:44,161 : INFO : SwitchController : <<<<<<< 's_spinner' inactive >>>>>>>
2019-05-29 20:46:44,209 : INFO : SwitchController : <<<<<<< 's_spinner' active >>>>>>>
2019-05-29 20:46:44,229 : INFO : SwitchController : <<<<<<< 's_spinner' inactive >>>>>>>
2019-05-29 20:46:44,273 : INFO : SwitchController : <<<<<<< 's_spinner' active >>>>>>>
2019-05-29 20:46:44,293 : INFO : SwitchController : <<<<<<< 's_spinner' inactive >>>>>>>
2019-05-29 20:46:44,353 : INFO : SwitchController : <<<<<<< 's_spinner' active >>>>>>>
2019-05-29 20:46:44,373 : INFO : SwitchController : <<<<<<< 's_spinner' inactive >>>>>>>
2019-05-29 20:46:44,449 : INFO : SwitchController : <<<<<<< 's_spinner' active >>>>>>>
2019-05-29 20:46:44,465 : INFO : SwitchController : <<<<<<< 's_spinner' inactive >>>>>>>
2019-05-29 20:46:44,529 : INFO : SwitchController : <<<<<<< 's_spinner' active >>>>>>>
2019-05-29 20:46:44,550 : INFO : SwitchController : <<<<<<< 's_spinner' inactive >>>>>>>
2019-05-29 20:46:44,625 : INFO : SwitchController : <<<<<<< 's_spinner' active >>>>>>>
2019-05-29 20:46:44,645 : INFO : SwitchController : <<<<<<< 's_spinner' inactive >>>>>>>
2019-05-29 20:46:44,720 : INFO : SwitchController : <<<<<<< 's_spinner' active >>>>>>>
2019-05-29 20:46:44,741 : INFO : SwitchController : <<<<<<< 's_spinner' inactive >>>>>>>
2019-05-29 20:46:44,832 : INFO : SwitchController : <<<<<<< 's_spinner' active >>>>>>>
2019-05-29 20:46:44,865 : INFO : SwitchController : <<<<<<< 's_spinner' inactive >>>>>>>
2019-05-29 20:46:44,945 : INFO : SwitchController : <<<<<<< 's_spinner' active >>>>>>>
2019-05-29 20:46:44,983 : INFO : SwitchController : <<<<<<< 's_spinner' inactive >>>>>>>
2019-05-29 20:46:45,089 : INFO : SwitchController : <<<<<<< 's_spinner' active >>>>>>>
2019-05-29 20:46:45,122 : INFO : SwitchController : <<<<<<< 's_spinner' inactive >>>>>>>
2019-05-29 20:46:45,233 : INFO : SwitchController : <<<<<<< 's_spinner' active >>>>>>>
2019-05-29 20:46:45,281 : INFO : SwitchController : <<<<<<< 's_spinner' inactive >>>>>>>
2019-05-29 20:46:45,409 : INFO : SwitchController : <<<<<<< 's_spinner' active >>>>>>>
2019-05-29 20:46:45,473 : INFO : SwitchController : <<<<<<< 's_spinner' inactive >>>>>>>
2019-05-29 20:46:45,649 : INFO : SwitchController : <<<<<<< 's_spinner' active >>>>>>>
2019-05-29 20:46:45,793 : INFO : SwitchController : <<<<<<< 's_spinner' inactive >>>>>>>
2019-05-29 20:46:47,649 : INFO : SwitchController : <<<<<<< 's_saucer' active >>>>>>>
2019-05-29 20:46:48,153 : DEBUG : ball_device.bd_trough : Counted 0 balls. Active switches: []. Old: 0
2019-05-29 20:46:48,167 : INFO : ball_device.bd_saucer : Ejecting ball to <playfield.playfield>
2019-05-29 20:46:48,173 : INFO : coil.c_saucer : Pulsing Driver for 60ms (1.0 pulse_power)
2019-05-29 20:46:48,209 : INFO : SwitchController : <<<<<<< 's_saucer' inactive >>>>>>>
2019-05-29 20:46:53,072 : INFO : SwitchController : <<<<<<< 's_flipper_left' active >>>>>>>
2019-05-29 20:46:53,169 : INFO : SwitchController : <<<<<<< 's_flipper_left' inactive >>>>>>>
2019-05-29 20:46:53,521 : INFO : SwitchController : <<<<<<< 's_pop_top' active >>>>>>>
2019-05-29 20:46:53,553 : INFO : SwitchController : <<<<<<< 's_pop_top' inactive >>>>>>>
2019-05-29 20:46:54,049 : INFO : SwitchController : <<<<<<< 's_pop_bottom' active >>>>>>>
2019-05-29 20:46:54,066 : INFO : SwitchController : <<<<<<< 's_pop_bottom' inactive >>>>>>>
2019-05-29 20:46:54,087 : INFO : SwitchController : <<<<<<< 's_pop_bottom' active >>>>>>>
2019-05-29 20:46:54,105 : INFO : SwitchController : <<<<<<< 's_pop_bottom' inactive >>>>>>>
2019-05-29 20:46:54,177 : INFO : SwitchController : <<<<<<< 's_pop_top' active >>>>>>>
2019-05-29 20:46:54,197 : INFO : SwitchController : <<<<<<< 's_pop_top' inactive >>>>>>>
2019-05-29 20:46:55,072 : INFO : SwitchController : <<<<<<< 's_pop_top' active >>>>>>>
2019-05-29 20:46:55,089 : INFO : SwitchController : <<<<<<< 's_pop_top' inactive >>>>>>>
2019-05-29 20:46:55,105 : INFO : SwitchController : <<<<<<< 's_pop_top' active >>>>>>>
2019-05-29 20:46:55,127 : INFO : SwitchController : <<<<<<< 's_pop_top' inactive >>>>>>>
2019-05-29 20:46:55,409 : INFO : SwitchController : <<<<<<< 's_flipper_left' active >>>>>>>
2019-05-29 20:46:55,457 : INFO : SwitchController : <<<<<<< 's_flipper_left' inactive >>>>>>>
2019-05-29 20:46:55,712 : INFO : SwitchController : <<<<<<< 's_flipper_left' active >>>>>>>
2019-05-29 20:46:55,744 : INFO : SwitchController : <<<<<<< 's_flipper_left' inactive >>>>>>>
2019-05-29 20:46:56,001 : INFO : SwitchController : <<<<<<< 's_flipper_left' active >>>>>>>
2019-05-29 20:46:56,034 : INFO : SwitchController : <<<<<<< 's_flipper_left' inactive >>>>>>>
2019-05-29 20:46:56,272 : INFO : SwitchController : <<<<<<< 's_flipper_left' active >>>>>>>
2019-05-29 20:46:56,336 : INFO : SwitchController : <<<<<<< 's_flipper_left' inactive >>>>>>>
2019-05-29 20:46:56,768 : INFO : SwitchController : <<<<<<< 's_flipper_left' active >>>>>>>
2019-05-29 20:46:56,848 : INFO : SwitchController : <<<<<<< 's_flipper_left' inactive >>>>>>>
2019-05-29 20:46:57,521 : INFO : SwitchController : <<<<<<< 's_flipper_left' active >>>>>>>
2019-05-29 20:46:57,568 : INFO : SwitchController : <<<<<<< 's_flipper_left' inactive >>>>>>>
2019-05-29 20:46:57,905 : INFO : SwitchController : <<<<<<< 's_flipper_left' active >>>>>>>
2019-05-29 20:46:57,937 : INFO : SwitchController : <<<<<<< 's_flipper_left' inactive >>>>>>>
2019-05-29 20:46:58,241 : INFO : SwitchController : <<<<<<< 's_flipper_left' active >>>>>>>
2019-05-29 20:46:58,288 : INFO : SwitchController : <<<<<<< 's_flipper_left' inactive >>>>>>>
2019-05-29 20:46:58,657 : INFO : SwitchController : <<<<<<< 's_flipper_left' active >>>>>>>
2019-05-29 20:46:58,705 : INFO : SwitchController : <<<<<<< 's_flipper_left' inactive >>>>>>>
2019-05-29 20:46:59,008 : INFO : SwitchController : <<<<<<< 's_flipper_left' active >>>>>>>
2019-05-29 20:46:59,042 : INFO : SwitchController : <<<<<<< 's_flipper_left' inactive >>>>>>>
2019-05-29 20:46:59,185 : INFO : SwitchController : <<<<<<< 's_flipper_left' active >>>>>>>
2019-05-29 20:46:59,216 : INFO : SwitchController : <<<<<<< 's_flipper_left' inactive >>>>>>>
2019-05-29 20:46:59,377 : INFO : SwitchController : <<<<<<< 's_flipper_left' active >>>>>>>
2019-05-29 20:46:59,410 : INFO : SwitchController : <<<<<<< 's_flipper_left' inactive >>>>>>>
2019-05-29 20:46:59,616 : INFO : SwitchController : <<<<<<< 's_flipper_left' active >>>>>>>
2019-05-29 20:46:59,649 : INFO : SwitchController : <<<<<<< 's_flipper_left' inactive >>>>>>>
2019-05-29 20:46:59,904 : INFO : SwitchController : <<<<<<< 's_flipper_left' active >>>>>>>
2019-05-29 20:47:00,288 : INFO : SwitchController : <<<<<<< 's_flipper_left' inactive >>>>>>>
2019-05-29 20:47:01,153 : INFO : SwitchController : <<<<<<< 's_flipper_right' active >>>>>>>
2019-05-29 20:47:01,281 : INFO : SwitchController : <<<<<<< 's_flipper_right' inactive >>>>>>>
2019-05-29 20:47:02,097 : INFO : SwitchController : <<<<<<< 's_flipper_right' active >>>>>>>
2019-05-29 20:47:02,176 : INFO : SwitchController : <<<<<<< 's_flipper_right' inactive >>>>>>>
2019-05-29 20:47:02,352 : INFO : SwitchController : <<<<<<< 's_pop_bottom' active >>>>>>>
2019-05-29 20:47:02,372 : INFO : SwitchController : <<<<<<< 's_pop_bottom' inactive >>>>>>>
2019-05-29 20:47:02,388 : INFO : SwitchController : <<<<<<< 's_pop_bottom' active >>>>>>>
2019-05-29 20:47:02,405 : INFO : SwitchController : <<<<<<< 's_pop_bottom' inactive >>>>>>>
2019-05-29 20:47:02,425 : INFO : SwitchController : <<<<<<< 's_pop_bottom' active >>>>>>>
2019-05-29 20:47:02,442 : INFO : SwitchController : <<<<<<< 's_pop_bottom' inactive >>>>>>>
2019-05-29 20:47:02,561 : INFO : SwitchController : <<<<<<< 's_spinner' active >>>>>>>
2019-05-29 20:47:02,656 : INFO : SwitchController : <<<<<<< 's_spinner' inactive >>>>>>>
2019-05-29 20:47:02,848 : INFO : SwitchController : <<<<<<< 's_spinner' active >>>>>>>
2019-05-29 20:47:02,928 : INFO : SwitchController : <<<<<<< 's_spinner' inactive >>>>>>>
2019-05-29 20:47:04,145 : INFO : SwitchController : <<<<<<< 's_flipper_left' active >>>>>>>
2019-05-29 20:47:04,240 : INFO : SwitchController : <<<<<<< 's_flipper_left' inactive >>>>>>>
2019-05-29 20:47:04,448 : INFO : SwitchController : <<<<<<< 's_pop_right' active >>>>>>>
2019-05-29 20:47:04,485 : INFO : SwitchController : <<<<<<< 's_pop_right' inactive >>>>>>>
2019-05-29 20:47:06,656 : INFO : SwitchController : <<<<<<< 's_flipper_right' active >>>>>>>
2019-05-29 20:47:06,928 : INFO : SwitchController : <<<<<<< 's_flipper_right' inactive >>>>>>>
2019-05-29 20:47:07,456 : INFO : SwitchController : <<<<<<< 's_flipper_left' active >>>>>>>
2019-05-29 20:47:08,417 : INFO : SwitchController : <<<<<<< 's_flipper_left' inactive >>>>>>>
2019-05-29 20:47:08,960 : INFO : SwitchController : <<<<<<< 's_flipper_left' active >>>>>>>
2019-05-29 20:47:09,024 : INFO : SwitchController : <<<<<<< 's_flipper_left' inactive >>>>>>>
2019-05-29 20:47:12,528 : INFO : SwitchController : <<<<<<< 's_drain' active >>>>>>>
2019-05-29 20:47:12,562 : INFO : SwitchController : <<<<<<< 's_drain' inactive >>>>>>>
2019-05-29 20:47:12,580 : INFO : SwitchController : <<<<<<< 's_drain' active >>>>>>>
2019-05-29 20:47:13,075 : DEBUG : ball_device.bd_trough : Counted 0 balls. Active switches: []. Old: 0
2019-05-29 20:47:13,092 : INFO : Mode.pichu : Stopped.
2019-05-29 20:47:13,107 : DEBUG : ball_device.bd_trough : Ready to receive from <ball_device.bd_drain>. Free space 1 (Capacity: 1, Balls: 0), incoming_balls: 0
2019-05-29 20:47:13,107 : INFO : ball_device.bd_drain : Ejecting ball to <ball_device.bd_trough>
2019-05-29 20:47:13,114 : INFO : coil.c_drain : Pulsing Driver for 20ms (1.0 pulse_power)
2019-05-29 20:47:13,139 : INFO : coil.c_drop_reset : Pulsing Driver for 200ms (1.0 pulse_power)
2019-05-29 20:47:13,141 : INFO : Mode.pichu : Started. Priority: 100
2019-05-29 20:47:13,152 : DEBUG : ball_device.bd_trough : Adding eject chain
2019-05-29 20:47:13,156 : DEBUG : ball_device.bd_trough : Got eject request
2019-05-29 20:47:13,159 : DEBUG : ball_device.bd_trough : BCH: Counting. New count: 0 Old count: 0
2019-05-29 20:47:13,161 : DEBUG : ball_device.bd_trough : State: waiting_for_ball
2019-05-29 20:47:13,165 : DEBUG : ball_device.bd_trough : No ball found. Waiting for balls.
2019-05-29 20:47:13,169 : INFO : SwitchController : <<<<<<< 's_drain' inactive >>>>>>>
2019-05-29 20:47:13,190 : DEBUG : ball_device.bd_trough : Adding incoming ball from <ball_device.bd_drain>
2019-05-29 20:47:13,201 : INFO : SwitchController : <<<<<<< 's_drop_left' inactive >>>>>>>
2019-05-29 20:47:13,218 : INFO : SwitchController : <<<<<<< 's_drop_right' inactive >>>>>>>
2019-05-29 20:47:13,535 : INFO : SwitchController : <<<<<<< 's_trough' active >>>>>>>
2019-05-29 20:47:13,567 : INFO : SwitchController : <<<<<<< 's_trough' inactive >>>>>>>
2019-05-29 20:47:13,777 : INFO : SwitchController : <<<<<<< 's_trough' active >>>>>>>
2019-05-29 20:47:14,271 : DEBUG : ball_device.bd_trough : Counted 1 balls. Active switches: ['s_trough']. Old: 0
2019-05-29 20:47:14,273 : DEBUG : ball_device.bd_trough : BCH: Found 1 new balls
2019-05-29 20:47:14,274 : DEBUG : ball_device.bd_trough : Received ball from <ball_device.bd_drain>
2019-05-29 20:47:14,274 : DEBUG : ball_device.bd_trough : Removing incoming ball from <ball_device.bd_drain>
2019-05-29 20:47:14,274 : DEBUG : ball_device.bd_trough : Processing new ball
2019-05-29 20:47:14,276 : DEBUG : ball_device.bd_trough : BCH: Counting. New count: 1 Old count: 1
2019-05-29 20:47:14,279 : DEBUG : ball_device.bd_trough : A ball arrived. Progressing.
2019-05-29 20:47:14,281 : DEBUG : ball_device.bd_trough : State: waiting_for_target_ready
2019-05-29 20:47:14,284 : DEBUG : ball_device.bd_trough : State: ejecting
2019-05-29 20:47:14,285 : INFO : ball_device.bd_trough : Ejecting ball to <ball_device.bd_plunger>
2019-05-29 20:47:14,288 : DEBUG : ball_device.bd_trough : Entered eject mode.
2019-05-29 20:47:14,290 : DEBUG : ball_device.bd_trough : Wait for ball to leave device
2019-05-29 20:47:14,291 : INFO : coil.c_trough : Pulsing Driver for 7ms (1.0 pulse_power)
2019-05-29 20:47:14,291 : DEBUG : ball_device.bd_trough : Firing eject coil. Current balls: 1.
2019-05-29 20:47:14,320 : INFO : SwitchController : <<<<<<< 's_trough' inactive >>>>>>>
2019-05-29 20:47:14,337 : DEBUG : ball_device.bd_trough : Got ball left during eject
2019-05-29 20:47:14,337 : DEBUG : ball_device.bd_trough : Switch 's_trough' changed too recently. Aborting count!
2019-05-29 20:47:14,339 : DEBUG : ball_device.bd_trough : State: ball_left
2019-05-29 20:47:14,339 : DEBUG : ball_device.bd_trough : Ball left
2019-05-29 20:47:14,340 : DEBUG : ball_device.bd_trough : Wait for confirm with timeout 10.0
2019-05-29 20:47:14,818 : DEBUG : ball_device.bd_trough : Counted 0 balls. Active switches: []. Old: 0
2019-05-29 20:47:21,184 : INFO : SwitchController : <<<<<<< 's_spinner' active >>>>>>>
2019-05-29 20:47:21,440 : INFO : SwitchController : <<<<<<< 's_spinner' inactive >>>>>>>
2019-05-29 20:47:23,711 : INFO : SwitchController : <<<<<<< 's_flipper_left' active >>>>>>>
2019-05-29 20:47:23,999 : INFO : SwitchController : <<<<<<< 's_drop_center' active >>>>>>>
2019-05-29 20:47:24,016 : INFO : SwitchController : <<<<<<< 's_drop_right' active >>>>>>>
2019-05-29 20:47:24,333 : DEBUG : ball_device.bd_trough : State: failed_confirm
2019-05-29 20:47:24,334 : DEBUG : ball_device.bd_trough : Got timeout (10.0s) before confirm from <ball_device.bd_plunger>
2019-05-29 20:47:24,895 : INFO : SwitchController : <<<<<<< 's_flipper_left' inactive >>>>>>>
2019-05-29 20:47:25,903 : INFO : SwitchController : <<<<<<< 's_drain' active >>>>>>>
2019-05-29 20:47:26,402 : DEBUG : ball_device.bd_trough : Counted 0 balls. Active switches: []. Old: 0
2019-05-29 20:47:26,421 : DEBUG : ball_device.bd_trough : Eject successful
2019-05-29 20:47:26,425 : INFO : Mode.pichu : Stopped.
2019-05-29 20:47:26,428 : DEBUG : ball_device.bd_trough : Exited eject mode. Eject success: True
2019-05-29 20:47:26,429 : DEBUG : ball_device.bd_trough : State: idle
2019-05-29 20:47:26,430 : DEBUG : ball_device.bd_trough : Waiting for eject request.
2019-05-29 20:47:26,433 : DEBUG : ball_device.bd_trough : BCH: Counting. New count: 0 Old count: 0
2019-05-29 20:47:26,440 : DEBUG : ball_device.bd_trough : Ready to receive from <ball_device.bd_drain>. Free space 1 (Capacity: 1, Balls: 0), incoming_balls: 0
2019-05-29 20:47:26,441 : INFO : ball_device.bd_drain : Ejecting ball to <ball_device.bd_trough>
2019-05-29 20:47:26,444 : DEBUG : ball_device.bd_trough : BCH: Counting. New count: 0 Old count: 0
2019-05-29 20:47:26,451 : INFO : coil.c_drain : Pulsing Driver for 20ms (1.0 pulse_power)
2019-05-29 20:47:26,471 : INFO : Mode.pichu : Started. Priority: 100
2019-05-29 20:47:26,475 : INFO : coil.c_drop_reset : Pulsing Driver for 200ms (1.0 pulse_power)
2019-05-29 20:47:26,482 : DEBUG : ball_device.bd_trough : Adding eject chain
2019-05-29 20:47:26,486 : DEBUG : ball_device.bd_trough : Got eject request
2019-05-29 20:47:26,489 : DEBUG : ball_device.bd_trough : BCH: Counting. New count: 0 Old count: 0
2019-05-29 20:47:26,491 : DEBUG : ball_device.bd_trough : State: waiting_for_ball
2019-05-29 20:47:26,494 : DEBUG : ball_device.bd_trough : No ball found. Waiting for balls.
2019-05-29 20:47:26,497 : INFO : SwitchController : <<<<<<< 's_drain' inactive >>>>>>>
2019-05-29 20:47:26,517 : DEBUG : ball_device.bd_trough : Adding incoming ball from <ball_device.bd_drain>
2019-05-29 20:47:26,527 : INFO : SwitchController : <<<<<<< 's_drop_right' inactive >>>>>>>
2019-05-29 20:47:26,544 : INFO : SwitchController : <<<<<<< 's_drop_center' inactive >>>>>>>
2019-05-29 20:47:26,864 : INFO : SwitchController : <<<<<<< 's_trough' active >>>>>>>
2019-05-29 20:47:26,895 : INFO : SwitchController : <<<<<<< 's_trough' inactive >>>>>>>
2019-05-29 20:47:27,103 : INFO : SwitchController : <<<<<<< 's_trough' active >>>>>>>
2019-05-29 20:47:27,599 : DEBUG : ball_device.bd_trough : Counted 1 balls. Active switches: ['s_trough']. Old: 0
2019-05-29 20:47:27,601 : DEBUG : ball_device.bd_trough : BCH: Found 1 new balls
2019-05-29 20:47:27,602 : DEBUG : ball_device.bd_trough : Received ball from <ball_device.bd_drain>
2019-05-29 20:47:27,602 : DEBUG : ball_device.bd_trough : Removing incoming ball from <ball_device.bd_drain>
2019-05-29 20:47:27,602 : DEBUG : ball_device.bd_trough : Processing new ball
2019-05-29 20:47:27,604 : DEBUG : ball_device.bd_trough : BCH: Counting. New count: 1 Old count: 1
2019-05-29 20:47:27,607 : DEBUG : ball_device.bd_trough : A ball arrived. Progressing.
2019-05-29 20:47:27,610 : DEBUG : ball_device.bd_trough : State: waiting_for_target_ready
2019-05-29 20:47:27,613 : DEBUG : ball_device.bd_trough : State: ejecting
2019-05-29 20:47:27,614 : INFO : ball_device.bd_trough : Ejecting ball to <ball_device.bd_plunger>
2019-05-29 20:47:27,616 : DEBUG : ball_device.bd_trough : Entered eject mode.
2019-05-29 20:47:27,619 : DEBUG : ball_device.bd_trough : Wait for ball to leave device
2019-05-29 20:47:27,619 : INFO : coil.c_trough : Pulsing Driver for 7ms (1.0 pulse_power)
2019-05-29 20:47:27,620 : DEBUG : ball_device.bd_trough : Firing eject coil. Current balls: 1.
2019-05-29 20:47:27,648 : INFO : SwitchController : <<<<<<< 's_trough' inactive >>>>>>>
2019-05-29 20:47:27,703 : DEBUG : ball_device.bd_trough : Got ball left during eject
2019-05-29 20:47:27,703 : DEBUG : ball_device.bd_trough : Switch 's_trough' changed too recently. Aborting count!
2019-05-29 20:47:27,705 : DEBUG : ball_device.bd_trough : State: ball_left
2019-05-29 20:47:27,705 : DEBUG : ball_device.bd_trough : Ball left
2019-05-29 20:47:27,706 : DEBUG : ball_device.bd_trough : Wait for confirm with timeout 10.0
2019-05-29 20:47:28,147 : DEBUG : ball_device.bd_trough : Counted 0 balls. Active switches: []. Old: 0
2019-05-29 20:47:33,983 : INFO : SwitchController : <<<<<<< 's_spinner' active >>>>>>>
2019-05-29 20:47:34,208 : INFO : SwitchController : <<<<<<< 's_spinner' inactive >>>>>>>
2019-05-29 20:47:34,623 : INFO : SwitchController : <<<<<<< 's_flipper_right' active >>>>>>>
2019-05-29 20:47:34,703 : INFO : SwitchController : <<<<<<< 's_flipper_right' inactive >>>>>>>
2019-05-29 20:47:34,928 : INFO : SwitchController : <<<<<<< 's_gym' active >>>>>>>
2019-05-29 20:47:34,956 : INFO : SwitchController : <<<<<<< 's_gym' inactive >>>>>>>
2019-05-29 20:47:35,887 : INFO : SwitchController : <<<<<<< 's_flipper_left' active >>>>>>>
2019-05-29 20:47:36,318 : INFO : SwitchController : <<<<<<< 's_flipper_left' inactive >>>>>>>
2019-05-29 20:47:37,534 : INFO : SwitchController : <<<<<<< 's_flipper_right' active >>>>>>>
2019-05-29 20:47:37,614 : INFO : SwitchController : <<<<<<< 's_flipper_right' inactive >>>>>>>
2019-05-29 20:47:37,694 : DEBUG : ball_device.bd_trough : State: failed_confirm
2019-05-29 20:47:37,695 : DEBUG : ball_device.bd_trough : Got timeout (10.0s) before confirm from <ball_device.bd_plunger>
2019-05-29 20:47:37,774 : INFO : SwitchController : <<<<<<< 's_spinner' active >>>>>>>
2019-05-29 20:47:37,796 : INFO : SwitchController : <<<<<<< 's_spinner' inactive >>>>>>>
2019-05-29 20:47:37,818 : DEBUG : ball_device.bd_trough : Eject successful
2019-05-29 20:47:37,821 : DEBUG : ball_device.bd_trough : Exited eject mode. Eject success: True
2019-05-29 20:47:37,822 : DEBUG : ball_device.bd_trough : State: idle
2019-05-29 20:47:37,822 : DEBUG : ball_device.bd_trough : Waiting for eject request.
2019-05-29 20:47:37,824 : DEBUG : ball_device.bd_trough : BCH: Counting. New count: 0 Old count: 0
2019-05-29 20:47:37,827 : DEBUG : ball_device.bd_trough : BCH: Counting. New count: 0 Old count: 0
2019-05-29 20:47:37,839 : INFO : SwitchController : <<<<<<< 's_spinner' active >>>>>>>
2019-05-29 20:47:37,855 : INFO : SwitchController : <<<<<<< 's_spinner' inactive >>>>>>>
2019-05-29 20:47:37,887 : INFO : SwitchController : <<<<<<< 's_spinner' active >>>>>>>
2019-05-29 20:47:37,905 : INFO : SwitchController : <<<<<<< 's_spinner' inactive >>>>>>>
2019-05-29 20:47:37,935 : INFO : SwitchController : <<<<<<< 's_spinner' active >>>>>>>
2019-05-29 20:47:37,955 : INFO : SwitchController : <<<<<<< 's_spinner' inactive >>>>>>>
2019-05-29 20:47:37,983 : INFO : SwitchController : <<<<<<< 's_spinner' active >>>>>>>
2019-05-29 20:47:38,003 : INFO : SwitchController : <<<<<<< 's_spinner' inactive >>>>>>>
2019-05-29 20:47:38,047 : INFO : SwitchController : <<<<<<< 's_spinner' active >>>>>>>
2019-05-29 20:47:38,067 : INFO : SwitchController : <<<<<<< 's_spinner' inactive >>>>>>>
2019-05-29 20:47:38,111 : INFO : SwitchController : <<<<<<< 's_spinner' active >>>>>>>
2019-05-29 20:47:38,130 : INFO : SwitchController : <<<<<<< 's_spinner' inactive >>>>>>>
2019-05-29 20:47:38,174 : INFO : SwitchController : <<<<<<< 's_spinner' active >>>>>>>
2019-05-29 20:47:38,193 : INFO : SwitchController : <<<<<<< 's_spinner' inactive >>>>>>>
2019-05-29 20:47:38,238 : INFO : SwitchController : <<<<<<< 's_spinner' active >>>>>>>
2019-05-29 20:47:38,258 : INFO : SwitchController : <<<<<<< 's_spinner' inactive >>>>>>>
2019-05-29 20:47:38,319 : INFO : SwitchController : <<<<<<< 's_spinner' active >>>>>>>
2019-05-29 20:47:38,335 : INFO : SwitchController : <<<<<<< 's_spinner' inactive >>>>>>>
2019-05-29 20:47:38,382 : INFO : SwitchController : <<<<<<< 's_spinner' active >>>>>>>
2019-05-29 20:47:38,402 : INFO : SwitchController : <<<<<<< 's_spinner' inactive >>>>>>>
2019-05-29 20:47:38,462 : INFO : SwitchController : <<<<<<< 's_spinner' active >>>>>>>
2019-05-29 20:47:38,482 : INFO : SwitchController : <<<<<<< 's_spinner' inactive >>>>>>>
2019-05-29 20:47:38,558 : INFO : SwitchController : <<<<<<< 's_spinner' active >>>>>>>
2019-05-29 20:47:38,578 : INFO : SwitchController : <<<<<<< 's_spinner' inactive >>>>>>>
2019-05-29 20:47:38,639 : INFO : SwitchController : <<<<<<< 's_spinner' active >>>>>>>
2019-05-29 20:47:38,659 : INFO : SwitchController : <<<<<<< 's_spinner' inactive >>>>>>>
2019-05-29 20:47:38,734 : INFO : SwitchController : <<<<<<< 's_spinner' active >>>>>>>
2019-05-29 20:47:38,767 : INFO : SwitchController : <<<<<<< 's_spinner' inactive >>>>>>>
2019-05-29 20:47:38,847 : INFO : SwitchController : <<<<<<< 's_spinner' active >>>>>>>
2019-05-29 20:47:38,868 : INFO : SwitchController : <<<<<<< 's_spinner' inactive >>>>>>>
2019-05-29 20:47:38,958 : INFO : SwitchController : <<<<<<< 's_spinner' active >>>>>>>
2019-05-29 20:47:38,978 : INFO : SwitchController : <<<<<<< 's_spinner' inactive >>>>>>>
2019-05-29 20:47:39,086 : INFO : SwitchController : <<<<<<< 's_spinner' active >>>>>>>
2019-05-29 20:47:39,106 : INFO : SwitchController : <<<<<<< 's_spinner' inactive >>>>>>>
2019-05-29 20:47:39,214 : INFO : SwitchController : <<<<<<< 's_spinner' active >>>>>>>
2019-05-29 20:47:39,263 : INFO : SwitchController : <<<<<<< 's_spinner' inactive >>>>>>>
2019-05-29 20:47:39,375 : INFO : SwitchController : <<<<<<< 's_spinner' active >>>>>>>
2019-05-29 20:47:39,423 : INFO : SwitchController : <<<<<<< 's_spinner' inactive >>>>>>>
2019-05-29 20:47:39,567 : INFO : SwitchController : <<<<<<< 's_spinner' active >>>>>>>
2019-05-29 20:47:39,630 : INFO : SwitchController : <<<<<<< 's_spinner' inactive >>>>>>>
2019-05-29 20:47:39,822 : INFO : SwitchController : <<<<<<< 's_spinner' active >>>>>>>
2019-05-29 20:47:39,984 : INFO : SwitchController : <<<<<<< 's_spinner' inactive >>>>>>>
2019-05-29 20:47:43,534 : INFO : SwitchController : <<<<<<< 's_saucer' active >>>>>>>
2019-05-29 20:47:44,029 : DEBUG : ball_device.bd_trough : Counted 0 balls. Active switches: []. Old: 0
2019-05-29 20:47:44,038 : INFO : ball_device.bd_saucer : Ejecting ball to <playfield.playfield>
2019-05-29 20:47:44,041 : INFO : coil.c_saucer : Pulsing Driver for 60ms (1.0 pulse_power)
2019-05-29 20:47:44,078 : INFO : SwitchController : <<<<<<< 's_saucer' inactive >>>>>>>
2019-05-29 20:47:47,358 : INFO : SwitchController : <<<<<<< 's_flipper_right' active >>>>>>>
2019-05-29 20:47:47,582 : INFO : SwitchController : <<<<<<< 's_flipper_right' inactive >>>>>>>
2019-05-29 20:47:48,367 : INFO : SwitchController : <<<<<<< 's_flipper_right' active >>>>>>>
2019-05-29 20:47:48,478 : INFO : SwitchController : <<<<<<< 's_flipper_right' inactive >>>>>>>
2019-05-29 20:47:48,638 : INFO : SwitchController : <<<<<<< 's_spinner' active >>>>>>>
2019-05-29 20:47:48,658 : INFO : SwitchController : <<<<<<< 's_spinner' inactive >>>>>>>
2019-05-29 20:47:48,702 : INFO : SwitchController : <<<<<<< 's_spinner' active >>>>>>>
2019-05-29 20:47:48,723 : INFO : SwitchController : <<<<<<< 's_spinner' inactive >>>>>>>
2019-05-29 20:47:48,782 : INFO : SwitchController : <<<<<<< 's_spinner' active >>>>>>>
2019-05-29 20:47:48,801 : INFO : SwitchController : <<<<<<< 's_spinner' inactive >>>>>>>
2019-05-29 20:47:48,862 : INFO : SwitchController : <<<<<<< 's_spinner' active >>>>>>>
2019-05-29 20:47:48,882 : INFO : SwitchController : <<<<<<< 's_spinner' inactive >>>>>>>
2019-05-29 20:47:48,942 : INFO : SwitchController : <<<<<<< 's_spinner' active >>>>>>>
2019-05-29 20:47:48,961 : INFO : SwitchController : <<<<<<< 's_spinner' inactive >>>>>>>
2019-05-29 20:47:49,022 : INFO : SwitchController : <<<<<<< 's_spinner' active >>>>>>>
2019-05-29 20:47:49,042 : INFO : SwitchController : <<<<<<< 's_spinner' inactive >>>>>>>
2019-05-29 20:47:49,118 : INFO : SwitchController : <<<<<<< 's_spinner' active >>>>>>>
2019-05-29 20:47:49,156 : INFO : SwitchController : <<<<<<< 's_spinner' inactive >>>>>>>
2019-05-29 20:47:49,214 : INFO : SwitchController : <<<<<<< 's_spinner' active >>>>>>>
2019-05-29 20:47:49,246 : INFO : SwitchController : <<<<<<< 's_spinner' inactive >>>>>>>
2019-05-29 20:47:49,326 : INFO : SwitchController : <<<<<<< 's_spinner' active >>>>>>>
2019-05-29 20:47:49,346 : INFO : SwitchController : <<<<<<< 's_spinner' inactive >>>>>>>
2019-05-29 20:47:49,438 : INFO : SwitchController : <<<<<<< 's_spinner' active >>>>>>>
2019-05-29 20:47:49,470 : INFO : SwitchController : <<<<<<< 's_spinner' inactive >>>>>>>
2019-05-29 20:47:49,566 : INFO : SwitchController : <<<<<<< 's_spinner' active >>>>>>>
2019-05-29 20:47:49,598 : INFO : SwitchController : <<<<<<< 's_spinner' inactive >>>>>>>
2019-05-29 20:47:49,710 : INFO : SwitchController : <<<<<<< 's_spinner' active >>>>>>>
2019-05-29 20:47:49,759 : INFO : SwitchController : <<<<<<< 's_spinner' inactive >>>>>>>
2019-05-29 20:47:49,886 : INFO : SwitchController : <<<<<<< 's_spinner' active >>>>>>>
2019-05-29 20:47:49,934 : INFO : SwitchController : <<<<<<< 's_spinner' inactive >>>>>>>
2019-05-29 20:47:50,094 : INFO : SwitchController : <<<<<<< 's_spinner' active >>>>>>>
2019-05-29 20:47:50,190 : INFO : SwitchController : <<<<<<< 's_spinner' inactive >>>>>>>
2019-05-29 20:47:54,143 : INFO : SwitchController : <<<<<<< 's_saucer' active >>>>>>>
2019-05-29 20:47:54,637 : DEBUG : ball_device.bd_trough : Counted 0 balls. Active switches: []. Old: 0
2019-05-29 20:47:54,650 : INFO : ball_device.bd_saucer : Ejecting ball to <playfield.playfield>
2019-05-29 20:47:54,655 : INFO : coil.c_saucer : Pulsing Driver for 60ms (1.0 pulse_power)
2019-05-29 20:47:54,702 : INFO : SwitchController : <<<<<<< 's_saucer' inactive >>>>>>>
2019-05-29 20:47:56,286 : INFO : SwitchController : <<<<<<< 's_pop_right' active >>>>>>>
2019-05-29 20:47:56,311 : INFO : SwitchController : <<<<<<< 's_pop_right' inactive >>>>>>>
2019-05-29 20:47:58,654 : INFO : SwitchController : <<<<<<< 's_flipper_left' active >>>>>>>
2019-05-29 20:47:59,389 : INFO : SwitchController : <<<<<<< 's_flipper_left' inactive >>>>>>>
2019-05-29 20:48:00,013 : INFO : SwitchController : <<<<<<< 's_flipper_right' active >>>>>>>
2019-05-29 20:48:00,558 : INFO : SwitchController : <<<<<<< 's_flipper_right' inactive >>>>>>>
2019-05-29 20:48:02,062 : INFO : SwitchController : <<<<<<< 's_flipper_right' active >>>>>>>
2019-05-29 20:48:02,190 : INFO : SwitchController : <<<<<<< 's_flipper_right' inactive >>>>>>>
2019-05-29 20:48:02,350 : INFO : SwitchController : <<<<<<< 's_pop_bottom' active >>>>>>>
2019-05-29 20:48:02,367 : INFO : SwitchController : <<<<<<< 's_pop_bottom' inactive >>>>>>>
2019-05-29 20:48:02,382 : INFO : SwitchController : <<<<<<< 's_pop_bottom' active >>>>>>>
2019-05-29 20:48:02,405 : INFO : SwitchController : <<<<<<< 's_pop_bottom' inactive >>>>>>>
2019-05-29 20:48:02,422 : INFO : SwitchController : <<<<<<< 's_spinner' active >>>>>>>
2019-05-29 20:48:02,510 : INFO : SwitchController : <<<<<<< 's_spinner' inactive >>>>>>>
2019-05-29 20:48:02,558 : INFO : SwitchController : <<<<<<< 's_pop_top' active >>>>>>>
2019-05-29 20:48:02,575 : INFO : SwitchController : <<<<<<< 's_pop_top' inactive >>>>>>>
2019-05-29 20:48:03,613 : INFO : SwitchController : <<<<<<< 's_saucer' active >>>>>>>
2019-05-29 20:48:04,102 : DEBUG : ball_device.bd_trough : Counted 0 balls. Active switches: []. Old: 0
2019-05-29 20:48:04,110 : INFO : ball_device.bd_saucer : Ejecting ball to <playfield.playfield>
2019-05-29 20:48:04,113 : INFO : coil.c_saucer : Pulsing Driver for 60ms (1.0 pulse_power)
2019-05-29 20:48:04,157 : INFO : SwitchController : <<<<<<< 's_saucer' inactive >>>>>>>
2019-05-29 20:48:07,390 : INFO : SwitchController : <<<<<<< 's_flipper_right' active >>>>>>>
2019-05-29 20:48:07,613 : INFO : SwitchController : <<<<<<< 's_flipper_right' inactive >>>>>>>
2019-05-29 20:48:08,109 : INFO : SwitchController : <<<<<<< 's_flipper_left' active >>>>>>>
2019-05-29 20:48:08,813 : INFO : SwitchController : <<<<<<< 's_flipper_left' inactive >>>>>>>
2019-05-29 20:48:09,150 : INFO : SwitchController : <<<<<<< 's_flipper_left' active >>>>>>>
2019-05-29 20:48:09,261 : INFO : SwitchController : <<<<<<< 's_flipper_left' inactive >>>>>>>
2019-05-29 20:48:09,697 : INFO : SwitchController : <<<<<<< 's_pop_bottom' active >>>>>>>
2019-05-29 20:48:09,720 : INFO : SwitchController : <<<<<<< 's_pop_bottom' inactive >>>>>>>
2019-05-29 20:48:09,737 : INFO : SwitchController : <<<<<<< 's_pop_bottom' active >>>>>>>
2019-05-29 20:48:09,753 : INFO : SwitchController : <<<<<<< 's_pop_bottom' inactive >>>>>>>
2019-05-29 20:48:11,214 : INFO : SwitchController : <<<<<<< 's_flipper_right' active >>>>>>>
2019-05-29 20:48:12,316 : INFO : SwitchController : <<<<<<< 's_flipper_right' inactive >>>>>>>
2019-05-29 20:48:12,430 : INFO : SwitchController : <<<<<<< 's_flipper_left' active >>>>>>>
2019-05-29 20:48:12,525 : INFO : SwitchController : <<<<<<< 's_flipper_left' inactive >>>>>>>
2019-05-29 20:48:12,573 : INFO : SwitchController : <<<<<<< 's_flipper_right' active >>>>>>>
2019-05-29 20:48:13,037 : INFO : SwitchController : <<<<<<< 's_flipper_right' inactive >>>>>>>
2019-05-29 20:48:13,101 : INFO : SwitchController : <<<<<<< 's_pop_bottom' active >>>>>>>
2019-05-29 20:48:13,122 : INFO : SwitchController : <<<<<<< 's_pop_bottom' inactive >>>>>>>
2019-05-29 20:48:13,261 : INFO : SwitchController : <<<<<<< 's_spinner' active >>>>>>>
2019-05-29 20:48:13,281 : INFO : SwitchController : <<<<<<< 's_spinner' inactive >>>>>>>
2019-05-29 20:48:13,373 : INFO : SwitchController : <<<<<<< 's_spinner' active >>>>>>>
2019-05-29 20:48:13,392 : INFO : SwitchController : <<<<<<< 's_spinner' inactive >>>>>>>
2019-05-29 20:48:13,485 : INFO : SwitchController : <<<<<<< 's_spinner' active >>>>>>>
2019-05-29 20:48:13,518 : INFO : SwitchController : <<<<<<< 's_spinner' inactive >>>>>>>
2019-05-29 20:48:13,613 : INFO : SwitchController : <<<<<<< 's_spinner' active >>>>>>>
2019-05-29 20:48:13,661 : INFO : SwitchController : <<<<<<< 's_sling_right' active >>>>>>>
2019-05-29 20:48:13,679 : INFO : SwitchController : <<<<<<< 's_spinner' inactive >>>>>>>
2019-05-29 20:48:13,694 : INFO : SwitchController : <<<<<<< 's_sling_right' inactive >>>>>>>
2019-05-29 20:48:13,773 : INFO : SwitchController : <<<<<<< 's_spinner' active >>>>>>>
2019-05-29 20:48:13,804 : INFO : SwitchController : <<<<<<< 's_spinner' inactive >>>>>>>
2019-05-29 20:48:13,933 : INFO : SwitchController : <<<<<<< 's_spinner' active >>>>>>>
2019-05-29 20:48:13,997 : INFO : SwitchController : <<<<<<< 's_spinner' inactive >>>>>>>
2019-05-29 20:48:14,093 : INFO : SwitchController : <<<<<<< 's_flipper_left' active >>>>>>>
2019-05-29 20:48:14,158 : INFO : SwitchController : <<<<<<< 's_spinner' active >>>>>>>
2019-05-29 20:48:14,205 : INFO : SwitchController : <<<<<<< 's_flipper_left' inactive >>>>>>>
2019-05-29 20:48:14,269 : INFO : SwitchController : <<<<<<< 's_spinner' inactive >>>>>>>
2019-05-29 20:48:14,333 : INFO : SwitchController : <<<<<<< 's_pop_bottom' active >>>>>>>
2019-05-29 20:48:14,354 : INFO : SwitchController : <<<<<<< 's_pop_bottom' inactive >>>>>>>
2019-05-29 20:48:18,510 : INFO : SwitchController : <<<<<<< 's_flipper_right' active >>>>>>>
2019-05-29 20:48:19,037 : INFO : SwitchController : <<<<<<< 's_flipper_right' inactive >>>>>>>
2019-05-29 20:48:19,742 : INFO : SwitchController : <<<<<<< 's_flipper_right' active >>>>>>>
2019-05-29 20:48:19,821 : INFO : SwitchController : <<<<<<< 's_flipper_right' inactive >>>>>>>
2019-05-29 20:48:19,996 : INFO : SwitchController : <<<<<<< 's_pop_bottom' active >>>>>>>
2019-05-29 20:48:20,035 : INFO : SwitchController : <<<<<<< 's_pop_bottom' inactive >>>>>>>
2019-05-29 20:48:20,556 : INFO : SwitchController : <<<<<<< 's_flipper_right' active >>>>>>>
2019-05-29 20:48:20,620 : INFO : SwitchController : <<<<<<< 's_sling_right' active >>>>>>>
2019-05-29 20:48:20,657 : INFO : SwitchController : <<<<<<< 's_sling_right' inactive >>>>>>>
2019-05-29 20:48:20,893 : INFO : SwitchController : <<<<<<< 's_flipper_left' active >>>>>>>
2019-05-29 20:48:20,926 : INFO : SwitchController : <<<<<<< 's_flipper_right' inactive >>>>>>>
2019-05-29 20:48:21,165 : INFO : SwitchController : <<<<<<< 's_flipper_left' inactive >>>>>>>
2019-05-29 20:48:21,340 : INFO : SwitchController : <<<<<<< 's_sling_right' active >>>>>>>
2019-05-29 20:48:21,379 : INFO : SwitchController : <<<<<<< 's_sling_right' inactive >>>>>>>
2019-05-29 20:48:23,772 : INFO : SwitchController : <<<<<<< 's_drain' active >>>>>>>
2019-05-29 20:48:24,275 : DEBUG : ball_device.bd_trough : Counted 0 balls. Active switches: []. Old: 0
2019-05-29 20:48:24,285 : INFO : Mode.pichu : Stopped.
2019-05-29 20:48:24,295 : DEBUG : ball_device.bd_trough : Ready to receive from <ball_device.bd_drain>. Free space 1 (Capacity: 1, Balls: 0), incoming_balls: 0
2019-05-29 20:48:24,296 : INFO : ball_device.bd_drain : Ejecting ball to <ball_device.bd_trough>
2019-05-29 20:48:24,301 : INFO : coil.c_drain : Pulsing Driver for 20ms (1.0 pulse_power)
2019-05-29 20:48:24,317 : INFO : Mode.attract : Started. Priority: 10
2019-05-29 20:48:24,320 : INFO : Mode.game : Stopped.
2019-05-29 20:48:24,364 : INFO : SwitchController : <<<<<<< 's_drain' inactive >>>>>>>
2019-05-29 20:48:24,386 : DEBUG : ball_device.bd_trough : Adding incoming ball from <ball_device.bd_drain>
2019-05-29 20:48:24,717 : INFO : SwitchController : <<<<<<< 's_trough' active >>>>>>>
2019-05-29 20:48:24,749 : INFO : SwitchController : <<<<<<< 's_trough' inactive >>>>>>>
2019-05-29 20:48:24,925 : INFO : SwitchController : <<<<<<< 's_trough' active >>>>>>>
2019-05-29 20:48:25,413 : DEBUG : ball_device.bd_trough : Counted 1 balls. Active switches: ['s_trough']. Old: 0
2019-05-29 20:48:25,417 : DEBUG : ball_device.bd_trough : BCH: Counting. New count: 1 Old count: 0
2019-05-29 20:48:25,417 : DEBUG : ball_device.bd_trough : BCH: Found 1 new balls
2019-05-29 20:48:25,418 : DEBUG : ball_device.bd_trough : Received ball from <ball_device.bd_drain>
2019-05-29 20:48:25,419 : DEBUG : ball_device.bd_trough : Removing incoming ball from <ball_device.bd_drain>
2019-05-29 20:48:25,419 : DEBUG : ball_device.bd_trough : Processing new ball
2019-05-29 20:48:25,949 : INFO : SwitchController : <<<<<<< 's_flipper_right' active >>>>>>>
2019-05-29 20:48:26,029 : INFO : SwitchController : <<<<<<< 's_flipper_right' inactive >>>>>>>
2019-05-29 20:48:26,157 : INFO : SwitchController : <<<<<<< 's_flipper_right' active >>>>>>>
2019-05-29 20:48:26,254 : INFO : SwitchController : <<<<<<< 's_flipper_right' inactive >>>>>>>
2019-05-29 20:51:01,719 : INFO : Machine : Shutting down...
2019-05-29 20:51:01,719 : DEBUG : ball_device.bd_trough : Stopping ball device
2019-05-29 20:51:01,750 : ERROR : FAST : Stop called on serial connection com4
2019-05-29 20:51:01,750 : ERROR : FAST : Stop called on serial connection com5
2019-05-29 20:51:02,000 : INFO : root : MPF run loop ended.
