2019-12-14 10:23:30,930 : INFO : Machine : Mission Pinball Framework Core Engine v0.50.17
2019-12-14 10:23:30,930 : INFO : Machine : Command line arguments: {'production': False, 'force_assets_load': False, 'consoleloglevel': 20, 'configfile': ['config.yaml'], 'loglevel': 15, 'mpfconfigfile': 'c:\\python34\\lib\\site-packages\\mpf\\mpfconfig.yaml', 'bcp': True, 'mc_file_name': None, 'pause': False, 'no_load_cache': False, 'text_ui': True, 'syslog_address': None, 'create_config_cache': True, 'force_platform': None, 'logfile': 'logs\\2019-12-14-10-23-30-mpf-DESKTOP-I5I6D25.log'}
2019-12-14 10:23:30,930 : INFO : Machine : MPF path: c:\python34\lib\site-packages\mpf
2019-12-14 10:23:30,930 : INFO : Machine : Machine path: E:\POKEMON - 3 - GYMS DISPLAYS
2019-12-14 10:23:30,930 : INFO : Machine : Platform: win32
2019-12-14 10:23:30,930 : INFO : Machine : Python executable location: c:\python34\python.exe
2019-12-14 10:23:30,930 : INFO : Machine : Python version: 3.4.4 (64-bit)
2019-12-14 10:23:32,742 : INFO : Machine : Machine config file #1: config.yaml
2019-12-14 10:23:32,758 : WARNING : ConfigProcessor : Config file in cache changed: E:\POKEMON - 3 - GYMS DISPLAYS\config\config.yaml
2019-12-14 10:23:32,758 : INFO : ConfigProcessor : Loading config from file c:\python34\lib\site-packages\mpf\mpfconfig.yaml.
2019-12-14 10:23:33,195 : INFO : ConfigProcessor : Loading config: c:\python34\lib\site-packages\mpf\mpfconfig.yaml
2019-12-14 10:23:33,195 : INFO : ConfigProcessor : Loading config from file E:\POKEMON - 3 - GYMS DISPLAYS\config\config.yaml.
2019-12-14 10:23:33,445 : INFO : ConfigProcessor : Loading config: E:\POKEMON - 3 - GYMS DISPLAYS\config\config.yaml
2019-12-14 10:23:34,023 : INFO : ConfigProcessor : Loading config: E:\POKEMON - 3 - GYMS DISPLAYS\config\player_variables.yaml
2019-12-14 10:23:34,055 : INFO : ConfigProcessor : Loading config: E:\POKEMON - 3 - GYMS DISPLAYS\config\key_mapping.yaml
2019-12-14 10:23:34,070 : INFO : ConfigProcessor : Config file cache created: C:\Users\MISSIO~1\AppData\Local\Temp\ea212a0c8bdfa5028f5ffb6b971ae718.mpf_cache
2019-12-14 10:23:34,102 : INFO : Machine : Initialise MPF.
2019-12-14 10:23:34,914 : INFO : FAST : Connecting to com4 at 921600bps
2019-12-14 10:23:34,961 : INFO : FAST : Connected! Processor: NET, Board Type: FP-CPU-002-2, Firmware: 01.01
2019-12-14 10:23:34,961 : WARNING : FAST : Not resetting FAST NET because firmware is currently broken.
2019-12-14 10:23:35,070 : INFO : FAST : Connecting to com5 at 921600bps
2019-12-14 10:23:35,117 : INFO : FAST : Connected! Processor: RGB, Board Type: FP-CPU-002-2, Firmware: 01.00
2019-12-14 10:23:35,617 : INFO : ConfigProcessor : Loading config from cache: C:\Users\MISSIO~1\AppData\Local\Temp\da1c75dbc5d48bb99b7ea9aec7919bfa.mpf_cache
2019-12-14 10:23:35,633 : INFO : ConfigProcessor : Loading config from cache: C:\Users\MISSIO~1\AppData\Local\Temp\325be8140670be7b4f7f24b4ea9ecf41.mpf_cache
2019-12-14 10:23:35,648 : INFO : ConfigProcessor : Loading config from cache: C:\Users\MISSIO~1\AppData\Local\Temp\ffc5df461fc927df7502c20268b6e23c.mpf_cache
2019-12-14 10:23:35,664 : INFO : ConfigProcessor : Loading config from cache: C:\Users\MISSIO~1\AppData\Local\Temp\e94996e3615e593edab21d6f0e7b4569.mpf_cache
2019-12-14 10:23:35,695 : INFO : ConfigProcessor : Loading config from cache: C:\Users\MISSIO~1\AppData\Local\Temp\0c90eb48fda27bb17da0cfa70b6cea42.mpf_cache
2019-12-14 10:23:35,711 : INFO : ConfigProcessor : Loading config from cache: C:\Users\MISSIO~1\AppData\Local\Temp\868965d45e8ef85973deb1cc43e3c6e9.mpf_cache
2019-12-14 10:23:35,726 : INFO : ConfigProcessor : Loading config from cache: C:\Users\MISSIO~1\AppData\Local\Temp\00b811264d7e79f39b66bcbc6609bb6e.mpf_cache
2019-12-14 10:23:35,742 : WARNING : ConfigProcessor : Config file in cache changed: E:\POKEMON - 3 - GYMS DISPLAYS\modes\gym6\config\gym6.yaml
2019-12-14 10:23:35,742 : INFO : ConfigProcessor : Loading config from file E:\POKEMON - 3 - GYMS DISPLAYS\modes\gym6\config\gym6.yaml.
2019-12-14 10:23:35,773 : INFO : ConfigProcessor : Loading config: E:\POKEMON - 3 - GYMS DISPLAYS\modes\gym6\config\gym6.yaml
2019-12-14 10:23:35,773 : INFO : ConfigProcessor : Config file cache created: C:\Users\MISSIO~1\AppData\Local\Temp\aacde2a5df2e44f5e01226064ab4c3c5.mpf_cache
2019-12-14 10:23:35,805 : INFO : ConfigProcessor : Loading config from cache: C:\Users\MISSIO~1\AppData\Local\Temp\c8c985d122de6339937b15f5cde5ffe7.mpf_cache
2019-12-14 10:23:35,836 : INFO : ConfigProcessor : Loading config from cache: C:\Users\MISSIO~1\AppData\Local\Temp\1b6068dc0dcf1445cf37058c25ad802b.mpf_cache
2019-12-14 10:23:35,851 : INFO : ConfigProcessor : Loading config from cache: C:\Users\MISSIO~1\AppData\Local\Temp\3512d3a51b29689f2a9a6db585213e7b.mpf_cache
2019-12-14 10:23:35,867 : WARNING : ConfigProcessor : Config file in cache changed: E:\POKEMON - 3 - GYMS DISPLAYS\modes\gym5\config\gym5.yaml
2019-12-14 10:23:35,867 : INFO : ConfigProcessor : Loading config from file E:\POKEMON - 3 - GYMS DISPLAYS\modes\gym5\config\gym5.yaml.
2019-12-14 10:23:35,930 : INFO : ConfigProcessor : Loading config: E:\POKEMON - 3 - GYMS DISPLAYS\modes\gym5\config\gym5.yaml
2019-12-14 10:23:35,930 : INFO : ConfigProcessor : Config file cache created: C:\Users\MISSIO~1\AppData\Local\Temp\03465e6905c319de2817a60078df797b.mpf_cache
2019-12-14 10:23:35,945 : INFO : ConfigProcessor : Loading config from cache: C:\Users\MISSIO~1\AppData\Local\Temp\10f8871b1481fbf59bf30d5b3d29537e.mpf_cache
2019-12-14 10:23:35,976 : INFO : ConfigProcessor : Loading config from cache: C:\Users\MISSIO~1\AppData\Local\Temp\37af0ab3cb4984093f408b6580ccda04.mpf_cache
2019-12-14 10:23:35,992 : INFO : ConfigProcessor : Loading config from cache: C:\Users\MISSIO~1\AppData\Local\Temp\91c30393a7736530c48ab886a6ae90df.mpf_cache
2019-12-14 10:23:36,476 : INFO : ConfigProcessor : Loading config from cache: C:\Users\MISSIO~1\AppData\Local\Temp\7c8a3dbd3a1f76b71c509d64239c80b0.mpf_cache
2019-12-14 10:23:36,492 : INFO : ConfigProcessor : Loading config from cache: C:\Users\MISSIO~1\AppData\Local\Temp\c4c39d8157ba863610e7d2b8306a4087.mpf_cache
2019-12-14 10:23:36,508 : INFO : ConfigProcessor : Loading config from cache: C:\Users\MISSIO~1\AppData\Local\Temp\d868708421ecefdd23b54f4fefaa5a63.mpf_cache
2019-12-14 10:23:36,523 : INFO : ConfigProcessor : Loading config from cache: C:\Users\MISSIO~1\AppData\Local\Temp\2bf399aa483f8a887eec2aa10342ca9f.mpf_cache
2019-12-14 10:23:36,555 : INFO : ConfigProcessor : Loading config from cache: C:\Users\MISSIO~1\AppData\Local\Temp\4ed449c86f3920ad38c9f19e6b1fcd80.mpf_cache
2019-12-14 10:23:36,570 : INFO : ConfigProcessor : Loading config from cache: C:\Users\MISSIO~1\AppData\Local\Temp\691014465c877a30c4e85c0b37ef7391.mpf_cache
2019-12-14 10:23:36,586 : INFO : ConfigProcessor : Loading config from cache: C:\Users\MISSIO~1\AppData\Local\Temp\9463ad916821e4687af4640a7d04ba98.mpf_cache
2019-12-14 10:23:36,601 : INFO : ConfigProcessor : Loading config from cache: C:\Users\MISSIO~1\AppData\Local\Temp\230c7edf879901b77e29ab003ecfd977.mpf_cache
2019-12-14 10:23:36,617 : INFO : ConfigProcessor : Loading config from cache: C:\Users\MISSIO~1\AppData\Local\Temp\aad48548988dd5e95d839b70bde2a6c9.mpf_cache
2019-12-14 10:23:36,633 : INFO : ConfigProcessor : Loading config from cache: C:\Users\MISSIO~1\AppData\Local\Temp\2ad3e4afc7b8ab807ff1625862e58922.mpf_cache
2019-12-14 10:23:36,664 : DEBUG : coil.c_trough : Configuring device with settings: '{'disable_events': {}, 'tags': [], 'max_hold_power': None, 'psu': <psu.default>, 'enable_events': {}, 'default_pulse_power': None, 'platform': None, 'default_recycle': False, 'debug': True, 'console_log': 'full', 'number': '1-1', 'max_pulse_ms': None, 'default_hold_power': None, 'platform_settings': {}, 'label': '%', 'max_pulse_power': 1.0, 'file_log': 'full', 'pulse_events': {}, 'allow_enable': False, 'default_pulse_ms': 7}'
2019-12-14 10:23:36,664 : DEBUG : coil.c_trough : Configuring device with settings: '{'disable_events': {}, 'tags': [], 'max_hold_power': None, 'psu': <psu.default>, 'enable_events': {}, 'default_pulse_power': None, 'platform': None, 'default_recycle': False, 'debug': True, 'console_log': 'full', 'number': '1-1', 'max_pulse_ms': None, 'default_hold_power': None, 'platform_settings': {'connection': 'auto', 'recycle_ms': None}, 'label': '%', 'max_pulse_power': 1.0, 'file_log': 'full', 'pulse_events': {}, 'allow_enable': False, 'default_pulse_ms': 7}'
2019-12-14 10:23:36,680 : DEBUG : ball_device.bd_trough : Configuring device with settings: '{'ball_capacity': None, 'idle_missing_ball_timeout': 5.0, 'confirm_eject_event': None, 'hold_coil_release_time': 1000, 'entrance_events': {}, 'ball_search_order': 200, 'jam_switch': None, 'eject_timeouts': [], 'eject_coil_enable_time': [], 'eject_coil_reorder_pulse': None, 'debug': True, 'entrance_switch': None, 'ball_switches': [<switch.s_trough>], 'ball_missing_timeouts': [], 'eject_all_events': {}, 'tags': ['home', 'trough'], 'eject_coil_retry_pulse': None, 'file_log': 'full', 'confirm_eject_switch': None, 'ball_missing_target': <playfield.playfield>, 'auto_fire_on_unexpected_ball': True, 'eject_coil_max_wait_ms': 200, 'request_ball_events': [], 'confirm_eject_type': 'target', 'entrance_count_delay': 500, 'max_eject_attempts': 0, 'hold_switches': [], 'player_controlled_eject_event': None, 'hold_coil': None, 'exit_count_delay': 500, 'mechanical_eject': False, 'eject_targets': [<ball_device.bd_plunger>], 'captures_from': <playfield.playfield>, 'console_log': 'full', 'entrance_switch_full_timeout': 0, 'eject_events': {}, 'target_on_unexpected_ball': None, 'eject_coil_jam_pulse': None, 'eject_coil': <coil.c_trough>, 'label': '%', 'hold_events': {}, 'retries_before_increasing_pulse': 4, 'entrance_event_timeout': 5.0}'
2019-12-14 10:23:36,898 : INFO : BCPClientSocket.local_display : Connecting BCP to 'local_display' at localhost:5050...
2019-12-14 10:23:37,898 : WARNING : FAST : Port com4 was blocked for more than 1s. Reseting send queue! If this happens frequently report a bug!
2019-12-14 10:23:38,898 : WARNING : FAST : Port com4 was blocked for more than 1s. Reseting send queue! If this happens frequently report a bug!
2019-12-14 10:23:39,886 : WARNING : FAST : Port com4 was blocked for more than 1s. Reseting send queue! If this happens frequently report a bug!
2019-12-14 10:23:43,087 : INFO : BCPClientSocket.local_display : Connected BCP to 'local_display' localhost:5050
2019-12-14 10:23:43,140 : DEBUG : ball_device.bd_trough : Counted 0 balls. Active switches: []. Old: None
2019-12-14 10:23:43,143 : DEBUG : ball_device.bd_trough : State: idle
2019-12-14 10:23:43,144 : DEBUG : ball_device.bd_trough : Waiting for eject request.
2019-12-14 10:23:43,402 : DEBUG : ball_device.bd_trough : Counted 0 balls. Active switches: []. Old: 0
2019-12-14 10:23:43,427 : WARNING : FAST : Port NET received more messages than were sent! Resetting!
2019-12-14 10:23:43,427 : WARNING : FAST : Port NET received more messages than were sent! Resetting!
2019-12-14 10:23:43,428 : WARNING : FAST : Port NET received more messages than were sent! Resetting!
2019-12-14 10:23:43,428 : WARNING : FAST : Port NET received more messages than were sent! Resetting!
2019-12-14 10:23:43,428 : WARNING : FAST : Port NET received more messages than were sent! Resetting!
2019-12-14 10:23:43,429 : WARNING : FAST : Port NET received more messages than were sent! Resetting!
2019-12-14 10:23:43,429 : WARNING : FAST : Port NET received more messages than were sent! Resetting!
2019-12-14 10:23:43,429 : WARNING : FAST : Port NET received more messages than were sent! Resetting!
2019-12-14 10:23:43,430 : WARNING : FAST : Port NET received more messages than were sent! Resetting!
2019-12-14 10:23:43,430 : WARNING : FAST : Port NET received more messages than were sent! Resetting!
2019-12-14 10:23:43,430 : WARNING : FAST : Port NET received more messages than were sent! Resetting!
2019-12-14 10:23:43,430 : WARNING : FAST : Port NET received more messages than were sent! Resetting!
2019-12-14 10:23:43,431 : WARNING : FAST : Port NET received more messages than were sent! Resetting!
2019-12-14 10:23:43,431 : WARNING : FAST : Port NET received more messages than were sent! Resetting!
2019-12-14 10:23:43,431 : WARNING : FAST : Port NET received more messages than were sent! Resetting!
2019-12-14 10:23:43,431 : WARNING : FAST : Port NET received more messages than were sent! Resetting!
2019-12-14 10:23:43,432 : WARNING : FAST : Port NET received more messages than were sent! Resetting!
2019-12-14 10:23:43,432 : WARNING : FAST : Port NET received more messages than were sent! Resetting!
2019-12-14 10:23:43,432 : WARNING : FAST : Port NET received more messages than were sent! Resetting!
2019-12-14 10:23:43,432 : WARNING : FAST : Port NET received more messages than were sent! Resetting!
2019-12-14 10:23:43,434 : WARNING : FAST : Port NET received more messages than were sent! Resetting!
2019-12-14 10:23:43,435 : WARNING : FAST : Port NET received more messages than were sent! Resetting!
2019-12-14 10:23:43,435 : WARNING : FAST : Port NET received more messages than were sent! Resetting!
2019-12-14 10:23:43,435 : WARNING : FAST : Port NET received more messages than were sent! Resetting!
2019-12-14 10:23:43,435 : WARNING : FAST : Port NET received more messages than were sent! Resetting!
2019-12-14 10:23:43,436 : WARNING : FAST : Port NET received more messages than were sent! Resetting!
2019-12-14 10:23:43,436 : WARNING : FAST : Port NET received more messages than were sent! Resetting!
2019-12-14 10:23:43,436 : WARNING : FAST : Port NET received more messages than were sent! Resetting!
2019-12-14 10:23:43,437 : WARNING : FAST : Port NET received more messages than were sent! Resetting!
2019-12-14 10:23:43,437 : WARNING : FAST : Port NET received more messages than were sent! Resetting!
2019-12-14 10:23:43,437 : WARNING : FAST : Port NET received more messages than were sent! Resetting!
2019-12-14 10:23:43,437 : WARNING : FAST : Port NET received more messages than were sent! Resetting!
2019-12-14 10:23:43,438 : WARNING : FAST : Port NET received more messages than were sent! Resetting!
2019-12-14 10:23:43,482 : INFO : coil.c_drop_reset : Enabling Driver for 400ms (1.0 pulse_power)
2019-12-14 10:23:43,490 : INFO : Mode.attract : Started. Priority: 10
2019-12-14 10:23:43,498 : INFO : Machine : Starting the main run loop.
2019-12-14 10:23:43,871 : INFO : coil.c_drop_reset : Disabling Driver
2019-12-14 10:23:45,027 : INFO : SwitchController : <<<<<<< 's_start' active >>>>>>>
2019-12-14 10:23:45,252 : INFO : SwitchController : <<<<<<< 's_start' inactive >>>>>>>
2019-12-14 10:23:45,271 : WARNING : BallController : WARNING: BallController denies game start. Not enough balls. 0 found. 1 required
2019-12-14 10:23:45,972 : INFO : SwitchController : <<<<<<< 's_start' active >>>>>>>
2019-12-14 10:23:46,452 : INFO : SwitchController : <<<<<<< 's_start' inactive >>>>>>>
2019-12-14 10:23:46,470 : WARNING : BallController : WARNING: BallController denies game start. Not enough balls. 0 found. 1 required
2019-12-14 10:23:46,772 : INFO : SwitchController : <<<<<<< 's_start' active >>>>>>>
2019-12-14 10:23:46,868 : INFO : SwitchController : <<<<<<< 's_start' inactive >>>>>>>
2019-12-14 10:23:46,887 : WARNING : BallController : WARNING: BallController denies game start. Not enough balls. 0 found. 1 required
2019-12-14 10:23:46,979 : INFO : SwitchController : <<<<<<< 's_start' active >>>>>>>
2019-12-14 10:23:47,043 : INFO : SwitchController : <<<<<<< 's_start' inactive >>>>>>>
2019-12-14 10:23:47,062 : WARNING : BallController : WARNING: BallController denies game start. Not enough balls. 0 found. 1 required
2019-12-14 10:23:47,107 : INFO : SwitchController : <<<<<<< 's_start' active >>>>>>>
2019-12-14 10:23:47,204 : INFO : SwitchController : <<<<<<< 's_start' inactive >>>>>>>
2019-12-14 10:23:47,221 : WARNING : BallController : WARNING: BallController denies game start. Not enough balls. 0 found. 1 required
2019-12-14 10:23:47,252 : INFO : SwitchController : <<<<<<< 's_start' active >>>>>>>
2019-12-14 10:23:47,347 : INFO : SwitchController : <<<<<<< 's_start' inactive >>>>>>>
2019-12-14 10:23:47,368 : WARNING : BallController : WARNING: BallController denies game start. Not enough balls. 0 found. 1 required
2019-12-14 10:23:47,860 : INFO : SwitchController : <<<<<<< 's_start' active >>>>>>>
2019-12-14 10:23:47,924 : INFO : SwitchController : <<<<<<< 's_start' inactive >>>>>>>
2019-12-14 10:23:47,944 : WARNING : BallController : WARNING: BallController denies game start. Not enough balls. 0 found. 1 required
2019-12-14 10:23:48,036 : INFO : SwitchController : <<<<<<< 's_start' active >>>>>>>
2019-12-14 10:23:48,099 : INFO : SwitchController : <<<<<<< 's_start' inactive >>>>>>>
2019-12-14 10:23:48,116 : WARNING : BallController : WARNING: BallController denies game start. Not enough balls. 0 found. 1 required
2019-12-14 10:23:48,163 : INFO : SwitchController : <<<<<<< 's_start' active >>>>>>>
2019-12-14 10:23:48,276 : INFO : SwitchController : <<<<<<< 's_start' inactive >>>>>>>
2019-12-14 10:23:48,293 : WARNING : BallController : WARNING: BallController denies game start. Not enough balls. 0 found. 1 required
2019-12-14 10:23:50,563 : INFO : SwitchController : <<<<<<< 's_start' active >>>>>>>
2019-12-14 10:23:50,611 : INFO : SwitchController : <<<<<<< 's_start' inactive >>>>>>>
2019-12-14 10:23:50,628 : WARNING : BallController : WARNING: BallController denies game start. Not enough balls. 0 found. 1 required
2019-12-14 10:23:50,708 : INFO : SwitchController : <<<<<<< 's_start' active >>>>>>>
2019-12-14 10:23:50,756 : INFO : SwitchController : <<<<<<< 's_start' inactive >>>>>>>
2019-12-14 10:23:50,775 : WARNING : BallController : WARNING: BallController denies game start. Not enough balls. 0 found. 1 required
2019-12-14 10:23:50,853 : INFO : SwitchController : <<<<<<< 's_start' active >>>>>>>
2019-12-14 10:23:50,900 : INFO : SwitchController : <<<<<<< 's_start' inactive >>>>>>>
2019-12-14 10:23:50,921 : WARNING : BallController : WARNING: BallController denies game start. Not enough balls. 0 found. 1 required
2019-12-14 10:23:52,320 : INFO : Machine : Shutting down...
2019-12-14 10:23:52,336 : DEBUG : ball_device.bd_trough : Stopping ball device
2019-12-14 10:23:52,351 : ERROR : FAST : Stop called on serial connection com5
2019-12-14 10:23:52,351 : ERROR : FAST : Stop called on serial connection com4
2019-12-14 10:23:52,586 : INFO : root : MPF run loop ended.
