2019-12-13 22:30:48,271 : kivy : Factory: 194 symbols loaded
2019-12-13 22:30:49,005 : kivy : Image: Providers: img_tex, img_dds, img_sdl2, img_pil, img_gif (img_ffpyplayer ignored)
2019-12-13 22:30:49,365 : kivy : VideoGstplayer: Using Gstreamer 1.10.2.0
2019-12-13 22:30:49,537 : kivy : Video: Provider: gstplayer
2019-12-13 22:30:49,865 : kivy : Loading MPF-MC controller
2019-12-13 22:30:49,865 : mpfmc : Mission Pinball Framework Media Controller v0.50.8
2019-12-13 22:30:49,865 : mpfmc : Mission Pinball Framework Game Engine v0.50.17
2019-12-13 22:30:49,865 : mpfmc : Machine path: E:\POKEMON - 3 - GYMS DISPLAYS
2019-12-13 22:30:49,880 : ConfigProcessor : Config file in cache changed: E:\POKEMON - 3 - GYMS DISPLAYS\config\config
2019-12-13 22:30:51,443 : ConfigProcessor : Loading config from file c:\python34\lib\site-packages\mpfmc\mcconfig.yaml.
2019-12-13 22:30:51,646 : ConfigProcessor : Loading config: c:\python34\lib\site-packages\mpfmc\mcconfig.yaml
2019-12-13 22:30:51,646 : ConfigProcessor : Loading config from file E:\POKEMON - 3 - GYMS DISPLAYS\config\config.
2019-12-13 22:30:51,865 : ConfigProcessor : Loading config: E:\POKEMON - 3 - GYMS DISPLAYS\config\config
2019-12-13 22:30:51,880 : ConfigProcessor : Loading config: E:\POKEMON - 3 - GYMS DISPLAYS\config\player_variables.yaml
2019-12-13 22:30:51,896 : ConfigProcessor : Loading config: E:\POKEMON - 3 - GYMS DISPLAYS\config\key_mapping.yaml
2019-12-13 22:30:51,911 : ConfigProcessor : Config file cache created: C:\Users\MISSIO~1\AppData\Local\Temp\aa033f1fd07646de8b3bd008da80b834.mpf_cache
2019-12-13 22:30:51,911 : mpfmc : Starting clock at 60.0Hz
2019-12-13 22:30:52,021 : kivy : Text: Provider: sdl2
2019-12-13 22:30:53,693 : kivy : OSC: using <thread> for socket
2019-12-13 22:30:53,724 : kivy : Window: Provider: sdl2
2019-12-13 22:30:53,996 : kivy : GL: Using the "OpenGL" graphics system
2019-12-13 22:30:54,000 : kivy : GL: GLEW initialization succeeded
2019-12-13 22:30:54,001 : kivy : GL: Backend used <glew>
2019-12-13 22:30:54,001 : kivy : GL: OpenGL version <b'4.4.0 - Build 20.19.15.4835'>
2019-12-13 22:30:54,002 : kivy : GL: OpenGL vendor <b'Intel'>
2019-12-13 22:30:54,002 : kivy : GL: OpenGL renderer <b'Intel(R) HD Graphics'>
2019-12-13 22:30:54,003 : kivy : GL: OpenGL parsed version: 4, 4
2019-12-13 22:30:54,003 : kivy : GL: Shading version <b'4.40 - Build 20.19.15.4835'>
2019-12-13 22:30:54,004 : kivy : GL: Texture max size <16384>
2019-12-13 22:30:54,004 : kivy : GL: Texture max units <32>
2019-12-13 22:30:54,061 : kivy : Shader: fragment shader: <b"WARNING: 0:7: '' :  #version directive missing">
2019-12-13 22:30:54,063 : kivy : Shader: vertex shader: <b"WARNING: 0:7: '' :  #version directive missing">
2019-12-13 22:30:54,082 : kivy : Window: auto add sdl2 input provider
2019-12-13 22:30:54,083 : kivy : Window: virtual keyboard not allowed, single mode, not docked
2019-12-13 22:30:54,134 : SoundSystem : SoundSystem: Using default 'sound_system' settings
2019-12-13 22:30:56,214 : AudioInterface : Initialized
2019-12-13 22:30:56,215 : SoundSystem : No audio tracks are specified in your machine config file. a track named 'default' has been created.
2019-12-13 22:30:56,228 : kivy : Base: Start application main loop
2019-12-13 22:30:56,307 : mpfmc : Display: Setting 'window' as default display
2019-12-13 22:30:56,507 : ConfigProcessor : Loading config from cache: C:\Users\MISSIO~1\AppData\Local\Temp\00b811264d7e79f39b66bcbc6609bb6e.mpf_cache
2019-12-13 22:30:56,515 : ConfigProcessor : Loading config from cache: C:\Users\MISSIO~1\AppData\Local\Temp\230c7edf879901b77e29ab003ecfd977.mpf_cache
2019-12-13 22:30:56,549 : ConfigProcessor : Loading config from cache: C:\Users\MISSIO~1\AppData\Local\Temp\4ed449c86f3920ad38c9f19e6b1fcd80.mpf_cache
2019-12-13 22:30:56,559 : ConfigProcessor : Loading config from cache: C:\Users\MISSIO~1\AppData\Local\Temp\c4c39d8157ba863610e7d2b8306a4087.mpf_cache
2019-12-13 22:30:56,569 : ConfigProcessor : Loading config from cache: C:\Users\MISSIO~1\AppData\Local\Temp\aacde2a5df2e44f5e01226064ab4c3c5.mpf_cache
2019-12-13 22:30:56,579 : ConfigProcessor : Loading config from cache: C:\Users\MISSIO~1\AppData\Local\Temp\3512d3a51b29689f2a9a6db585213e7b.mpf_cache
2019-12-13 22:30:56,589 : ConfigProcessor : Loading config from cache: C:\Users\MISSIO~1\AppData\Local\Temp\691014465c877a30c4e85c0b37ef7391.mpf_cache
2019-12-13 22:30:56,596 : ConfigProcessor : Loading config from cache: C:\Users\MISSIO~1\AppData\Local\Temp\c8c985d122de6339937b15f5cde5ffe7.mpf_cache
2019-12-13 22:30:56,599 : ConfigProcessor : Loading config from cache: C:\Users\MISSIO~1\AppData\Local\Temp\7c8a3dbd3a1f76b71c509d64239c80b0.mpf_cache
2019-12-13 22:30:56,609 : ConfigProcessor : Loading config from cache: C:\Users\MISSIO~1\AppData\Local\Temp\ffc5df461fc927df7502c20268b6e23c.mpf_cache
2019-12-13 22:30:56,612 : ConfigProcessor : Loading config from cache: C:\Users\MISSIO~1\AppData\Local\Temp\10f8871b1481fbf59bf30d5b3d29537e.mpf_cache
2019-12-13 22:30:56,615 : ConfigProcessor : Loading config from cache: C:\Users\MISSIO~1\AppData\Local\Temp\2ad3e4afc7b8ab807ff1625862e58922.mpf_cache
2019-12-13 22:30:56,622 : ConfigProcessor : Loading config from cache: C:\Users\MISSIO~1\AppData\Local\Temp\325be8140670be7b4f7f24b4ea9ecf41.mpf_cache
2019-12-13 22:30:56,638 : ConfigProcessor : Loading config from cache: C:\Users\MISSIO~1\AppData\Local\Temp\1b6068dc0dcf1445cf37058c25ad802b.mpf_cache
2019-12-13 22:30:56,648 : ConfigProcessor : Loading config from cache: C:\Users\MISSIO~1\AppData\Local\Temp\2bf399aa483f8a887eec2aa10342ca9f.mpf_cache
2019-12-13 22:30:56,658 : ConfigProcessor : Loading config from cache: C:\Users\MISSIO~1\AppData\Local\Temp\0c90eb48fda27bb17da0cfa70b6cea42.mpf_cache
2019-12-13 22:30:56,665 : ConfigProcessor : Loading config from cache: C:\Users\MISSIO~1\AppData\Local\Temp\d868708421ecefdd23b54f4fefaa5a63.mpf_cache
2019-12-13 22:30:56,680 : ConfigProcessor : Loading config from cache: C:\Users\MISSIO~1\AppData\Local\Temp\9463ad916821e4687af4640a7d04ba98.mpf_cache
2019-12-13 22:30:56,687 : ConfigProcessor : Loading config from cache: C:\Users\MISSIO~1\AppData\Local\Temp\da1c75dbc5d48bb99b7ea9aec7919bfa.mpf_cache
2019-12-13 22:30:56,694 : ConfigProcessor : Loading config from cache: C:\Users\MISSIO~1\AppData\Local\Temp\03465e6905c319de2817a60078df797b.mpf_cache
2019-12-13 22:30:56,704 : ConfigProcessor : Loading config from cache: C:\Users\MISSIO~1\AppData\Local\Temp\e94996e3615e593edab21d6f0e7b4569.mpf_cache
2019-12-13 22:30:56,711 : ConfigProcessor : Loading config from cache: C:\Users\MISSIO~1\AppData\Local\Temp\aad48548988dd5e95d839b70bde2a6c9.mpf_cache
2019-12-13 22:30:56,721 : ConfigProcessor : Loading config from cache: C:\Users\MISSIO~1\AppData\Local\Temp\868965d45e8ef85973deb1cc43e3c6e9.mpf_cache
2019-12-13 22:30:56,740 : ConfigProcessor : Loading config from cache: C:\Users\MISSIO~1\AppData\Local\Temp\91c30393a7736530c48ab886a6ae90df.mpf_cache
2019-12-13 22:30:56,759 : ConfigProcessor : Loading config from cache: C:\Users\MISSIO~1\AppData\Local\Temp\37af0ab3cb4984093f408b6580ccda04.mpf_cache
2019-12-13 22:30:56,782 : MPF-MC BCP Server : Starting up on localhost port 5050
2019-12-13 22:30:56,809 : MPF-MC BCP Server : Waiting for a connection...
2019-12-13 22:30:56,810 : mpfmc : SlidePlayer: Play called with settings={'slides': {'welcome_slide': {'priority': None, 'action': 'play', 'target': None, 'slide': None, 'expire': None, 'background_color': [0.0, 0.0, 0.0, 1.0], 'transition_out': None, 'force': False, 'show': True, 'transition': None}}}
2019-12-13 22:30:56,969 : MPF-MC BCP Server : Received connection from: 127.0.0.1:50189
2019-12-13 22:30:56,980 : kivy : GL: NPOT texture support is available
2019-12-13 22:30:57,117 : BcpProcessor : Received invalid BCP command: mode_list
2019-12-13 22:30:57,191 : mpfmc : SlidePlayer: Play called with settings={'slides': {'welcome_slide': {'priority': None, 'action': 'play', 'target': None, 'slide': None, 'expire': None, 'background_color': [0.0, 0.0, 0.0, 1.0], 'transition_out': None, 'force': False, 'show': True, 'transition': None}}}
2019-12-13 22:30:57,233 : mpfmc : SlidePlayer: Play called with settings={'slides': {'attract_started': {'priority': None, 'action': 'play', 'target': None, 'slide': None, 'expire': None, 'background_color': [0.0, 0.0, 0.0, 1.0], 'transition_out': None, 'force': False, 'show': True, 'transition': None}}}
2019-12-13 22:31:01,856 : mpfmc : SlidePlayer: Play called with settings={'slides': {'layout_3_mini': {'priority': None, 'action': 'play', 'target': 'window', 'slide': None, 'expire': None, 'background_color': [0.0, 0.0, 0.0, 1.0], 'transition_out': None, 'force': False, 'show': True, 'transition': None}}}
2019-12-13 22:31:01,939 : mpfmc : SlidePlayer: Play called with settings={'slides': {'layout_3_mini': {'priority': None, 'action': 'play', 'target': 'window', 'slide': None, 'expire': None, 'background_color': [0.0, 0.0, 0.0, 1.0], 'transition_out': None, 'force': False, 'show': True, 'transition': None}}}
2019-12-13 22:31:01,974 : mpfmc : SlidePlayer: Play called with settings={'slides': {'slide_mode_pichu_started': {'priority': None, 'action': 'play', 'target': 'top', 'slide': None, 'expire': None, 'background_color': [0.0, 0.0, 0.0, 1.0], 'transition_out': None, 'force': False, 'show': True, 'transition': None}}}
2019-12-13 22:31:02,089 : mpfmc : SlidePlayer: Play called with settings={'slides': {'slide_mode_gym0_started': {'priority': None, 'action': 'play', 'target': 'middle', 'slide': None, 'expire': None, 'background_color': [0.0, 0.0, 0.0, 1.0], 'transition_out': None, 'force': False, 'show': True, 'transition': None}}}
2019-12-13 22:31:06,326 : mpfmc : SlidePlayer: Play called with settings={'slides': {'slide_mode_gym1_started': {'priority': None, 'action': 'play', 'target': 'middle', 'slide': None, 'expire': None, 'background_color': [0.0, 0.0, 0.0, 1.0], 'transition_out': None, 'force': False, 'show': True, 'transition': None}}}
2019-12-13 22:31:13,301 : mpfmc : SlidePlayer: Play called with settings={'slides': {'slide_mode_gym1_ended_started': {'priority': None, 'action': 'play', 'target': 'middle', 'slide': None, 'expire': None, 'background_color': [0.0, 0.0, 0.0, 1.0], 'transition_out': None, 'force': False, 'show': True, 'transition': None}}}
2019-12-13 22:31:15,078 : mpfmc : SlidePlayer: Play called with settings={'slides': {'slide_mode_gym2_started': {'priority': None, 'action': 'play', 'target': 'middle', 'slide': None, 'expire': None, 'background_color': [0.0, 0.0, 0.0, 1.0], 'transition_out': None, 'force': False, 'show': True, 'transition': None}}}
2019-12-13 22:31:19,456 : mpfmc : SlidePlayer: Play called with settings={'slides': {'slide_mode_evolve_pichu_started': {'priority': None, 'action': 'play', 'target': 'top', 'slide': None, 'expire': None, 'background_color': [0.0, 0.0, 0.0, 1.0], 'transition_out': None, 'force': False, 'show': True, 'transition': None}}}
2019-12-13 22:31:22,583 : mpfmc : SlidePlayer: Play called with settings={'slides': {'slide_mode_pikachu_started': {'priority': None, 'action': 'play', 'target': 'top', 'slide': None, 'expire': None, 'background_color': [0.0, 0.0, 0.0, 1.0], 'transition_out': None, 'force': False, 'show': True, 'transition': None}}}
2019-12-13 22:31:24,326 : mpfmc : SlidePlayer: Play called with settings={'slides': {'slide_mode_gym2_ended_started': {'priority': None, 'action': 'play', 'target': 'middle', 'slide': None, 'expire': None, 'background_color': [0.0, 0.0, 0.0, 1.0], 'transition_out': None, 'force': False, 'show': True, 'transition': None}}}
2019-12-13 22:31:27,016 : mpfmc : SlidePlayer: Play called with settings={'slides': {'slide_mode_gym3_started': {'priority': None, 'action': 'play', 'target': 'middle', 'slide': None, 'expire': None, 'background_color': [0.0, 0.0, 0.0, 1.0], 'transition_out': None, 'force': False, 'show': True, 'transition': None}}}
2019-12-13 22:31:36,121 : mpfmc : SlidePlayer: Play called with settings={'slides': {'slide_mode_gym3_ended_started': {'priority': None, 'action': 'play', 'target': 'middle', 'slide': None, 'expire': None, 'background_color': [0.0, 0.0, 0.0, 1.0], 'transition_out': None, 'force': False, 'show': True, 'transition': None}}}
2019-12-13 22:32:28,841 : mpfmc : SlidePlayer: Play called with settings={'slides': {'slide_mode_pikachu_started': {'priority': None, 'action': 'play', 'target': 'top', 'slide': None, 'expire': None, 'background_color': [0.0, 0.0, 0.0, 1.0], 'transition_out': None, 'force': False, 'show': True, 'transition': None}}}
2019-12-13 22:32:28,911 : mpfmc : SlidePlayer: Play called with settings={'slides': {'slide_mode_gym3_ended_started': {'priority': None, 'action': 'play', 'target': 'middle', 'slide': None, 'expire': None, 'background_color': [0.0, 0.0, 0.0, 1.0], 'transition_out': None, 'force': False, 'show': True, 'transition': None}}}
2019-12-13 22:32:41,712 : mpfmc : SlidePlayer: Play called with settings={'slides': {'slide_mode_evolve_pikachu_started': {'priority': None, 'action': 'play', 'target': 'top', 'slide': None, 'expire': None, 'background_color': [0.0, 0.0, 0.0, 1.0], 'transition_out': None, 'force': False, 'show': True, 'transition': None}}}
2019-12-13 22:32:41,761 : mpfmc : SlidePlayer: Play called with settings={'slides': {'slide_mode_gym4_started': {'priority': None, 'action': 'play', 'target': 'middle', 'slide': None, 'expire': None, 'background_color': [0.0, 0.0, 0.0, 1.0], 'transition_out': None, 'force': False, 'show': True, 'transition': None}}}
2019-12-13 22:32:55,653 : mpfmc : SlidePlayer: Play called with settings={'slides': {'slide_mode_raichu_started': {'priority': None, 'action': 'play', 'target': 'top', 'slide': None, 'expire': None, 'background_color': [0.0, 0.0, 0.0, 1.0], 'transition_out': None, 'force': False, 'show': True, 'transition': None}}}
2019-12-13 22:33:59,556 : mpfmc : SlidePlayer: Play called with settings={'slides': {'slide_mode_raichu_started': {'priority': None, 'action': 'play', 'target': 'top', 'slide': None, 'expire': None, 'background_color': [0.0, 0.0, 0.0, 1.0], 'transition_out': None, 'force': False, 'show': True, 'transition': None}}}
2019-12-13 22:33:59,619 : mpfmc : SlidePlayer: Play called with settings={'slides': {'slide_mode_gym4_started': {'priority': None, 'action': 'play', 'target': 'middle', 'slide': None, 'expire': None, 'background_color': [0.0, 0.0, 0.0, 1.0], 'transition_out': None, 'force': False, 'show': True, 'transition': None}}}
2019-12-13 22:34:10,330 : mpfmc : SlidePlayer: Play called with settings={'slides': {'attract_started': {'priority': None, 'action': 'play', 'target': None, 'slide': None, 'expire': None, 'background_color': [0.0, 0.0, 0.0, 1.0], 'transition_out': None, 'force': False, 'show': True, 'transition': None}}}
2019-12-13 22:34:13,532 : kivy : Base: Leaving application in progress...
2019-12-13 22:34:13,847 : mpfmc : Stopping...
2019-12-13 22:34:13,847 : mpfmc : Loop rate 80.79 Hz
2019-12-13 22:34:13,847 : kivy : MC run loop ended.
2019-12-13 22:34:13,847 : kivy : Stopping child threads... (3 remaining)
2019-12-13 22:34:14,449 : MPF-MC BCP Server : Stopping BCP sending thread
2019-12-13 22:34:14,449 : mpfmc : Stopping...
2019-12-13 22:34:14,449 : mpfmc : Loop rate 80.54 Hz
2019-12-13 22:34:14,495 : kivy : All child threads stopped.
