2019-11-26 11:02:48,325 : kivy : Factory: 194 symbols loaded
2019-11-26 11:02:48,934 : kivy : Image: Providers: img_tex, img_dds, img_sdl2, img_pil, img_gif (img_ffpyplayer ignored)
2019-11-26 11:02:49,309 : kivy : VideoGstplayer: Using Gstreamer 1.10.2.0
2019-11-26 11:02:49,309 : kivy : Video: Provider: gstplayer
2019-11-26 11:02:49,653 : kivy : Loading MPF-MC controller
2019-11-26 11:02:49,653 : mpfmc : Mission Pinball Framework Media Controller v0.50.8
2019-11-26 11:02:49,653 : mpfmc : Mission Pinball Framework Game Engine v0.50.17
2019-11-26 11:02:49,653 : mpfmc : Machine path: D:\POKEMON - 3 - GYMS DISPLAYS
2019-11-26 11:02:49,653 : ConfigProcessor : Config file in cache changed: D:\POKEMON - 3 - GYMS DISPLAYS\config\config
2019-11-26 11:02:51,200 : ConfigProcessor : Loading config from file c:\python34\lib\site-packages\mpfmc\mcconfig.yaml.
2019-11-26 11:02:51,403 : ConfigProcessor : Loading config: c:\python34\lib\site-packages\mpfmc\mcconfig.yaml
2019-11-26 11:02:51,403 : ConfigProcessor : Loading config from file D:\POKEMON - 3 - GYMS DISPLAYS\config\config.
2019-11-26 11:02:51,606 : ConfigProcessor : Loading config: D:\POKEMON - 3 - GYMS DISPLAYS\config\config
2019-11-26 11:02:51,622 : ConfigProcessor : Loading config: D:\POKEMON - 3 - GYMS DISPLAYS\config\player_variables.yaml
2019-11-26 11:02:51,638 : ConfigProcessor : Loading config: D:\POKEMON - 3 - GYMS DISPLAYS\config\key_mapping.yaml
2019-11-26 11:02:51,638 : ConfigProcessor : Config file cache created: C:\Users\MISSIO~1\AppData\Local\Temp\69e9e8261b2a7a7fe237ef0e6090f00e.mpf_cache
2019-11-26 11:02:51,653 : mpfmc : Starting clock at 60.0Hz
2019-11-26 11:02:51,762 : kivy : Text: Provider: sdl2
2019-11-26 11:02:53,403 : kivy : OSC: using <thread> for socket
2019-11-26 11:02:53,434 : kivy : Window: Provider: sdl2
2019-11-26 11:02:53,719 : kivy : GL: Using the "OpenGL" graphics system
2019-11-26 11:02:53,722 : kivy : GL: GLEW initialization succeeded
2019-11-26 11:02:53,723 : kivy : GL: Backend used <glew>
2019-11-26 11:02:53,723 : kivy : GL: OpenGL version <b'4.4.0 - Build 20.19.15.4835'>
2019-11-26 11:02:53,724 : kivy : GL: OpenGL vendor <b'Intel'>
2019-11-26 11:02:53,724 : kivy : GL: OpenGL renderer <b'Intel(R) HD Graphics'>
2019-11-26 11:02:53,724 : kivy : GL: OpenGL parsed version: 4, 4
2019-11-26 11:02:53,724 : kivy : GL: Shading version <b'4.40 - Build 20.19.15.4835'>
2019-11-26 11:02:53,725 : kivy : GL: Texture max size <16384>
2019-11-26 11:02:53,725 : kivy : GL: Texture max units <32>
2019-11-26 11:02:53,776 : kivy : Shader: fragment shader: <b"WARNING: 0:7: '' :  #version directive missing">
2019-11-26 11:02:53,777 : kivy : Shader: vertex shader: <b"WARNING: 0:7: '' :  #version directive missing">
2019-11-26 11:02:53,794 : kivy : Window: auto add sdl2 input provider
2019-11-26 11:02:53,795 : kivy : Window: virtual keyboard not allowed, single mode, not docked
2019-11-26 11:02:53,846 : SoundSystem : SoundSystem: Using default 'sound_system' settings
2019-11-26 11:02:55,914 : AudioInterface : Initialized
2019-11-26 11:02:55,915 : SoundSystem : No audio tracks are specified in your machine config file. a track named 'default' has been created.
2019-11-26 11:02:55,928 : kivy : Base: Start application main loop
2019-11-26 11:02:56,033 : mpfmc : Display: Setting 'window' as default display
2019-11-26 11:02:56,247 : ConfigProcessor : Loading config from cache: C:\Users\MISSIO~1\AppData\Local\Temp\7f23218709f44a41086dfd04f42f7c3f.mpf_cache
2019-11-26 11:02:56,446 : ConfigProcessor : Loading config from cache: C:\Users\MISSIO~1\AppData\Local\Temp\050cf1c6f86beee4aa95d4daa6cae486.mpf_cache
2019-11-26 11:02:56,475 : ConfigProcessor : Loading config from cache: C:\Users\MISSIO~1\AppData\Local\Temp\c8c985d122de6339937b15f5cde5ffe7.mpf_cache
2019-11-26 11:02:56,480 : ConfigProcessor : Loading config from cache: C:\Users\MISSIO~1\AppData\Local\Temp\7c39c18794ea7f1f8101ccbb93a960ae.mpf_cache
2019-11-26 11:02:56,511 : ConfigProcessor : Loading config from cache: C:\Users\MISSIO~1\AppData\Local\Temp\10f8871b1481fbf59bf30d5b3d29537e.mpf_cache
2019-11-26 11:02:56,519 : MPF-MC BCP Server : Starting up on localhost port 5050
2019-11-26 11:02:56,548 : MPF-MC BCP Server : Waiting for a connection...
2019-11-26 11:02:56,549 : mpfmc : SlidePlayer: Play called with settings={'slides': {'welcome_slide': {'priority': None, 'transition_out': None, 'target': None, 'show': True, 'force': False, 'action': 'play', 'transition': None, 'background_color': [0.0, 0.0, 0.0, 1.0], 'expire': None, 'slide': None}}}
2019-11-26 11:02:56,795 : kivy : GL: NPOT texture support is available
2019-11-26 11:02:56,796 : MPF-MC BCP Server : Received connection from: 127.0.0.1:55483
2019-11-26 11:02:57,266 : BcpProcessor : Received invalid BCP command: mode_list
2019-11-26 11:02:57,304 : mpfmc : SlidePlayer: Play called with settings={'slides': {'welcome_slide': {'priority': None, 'transition_out': None, 'target': None, 'show': True, 'force': False, 'action': 'play', 'transition': None, 'background_color': [0.0, 0.0, 0.0, 1.0], 'expire': None, 'slide': None}}}
2019-11-26 11:02:57,358 : mpfmc : SlidePlayer: Play called with settings={'slides': {'attract_started': {'priority': None, 'transition_out': None, 'target': None, 'show': True, 'force': False, 'action': 'play', 'transition': None, 'background_color': [0.0, 0.0, 0.0, 1.0], 'expire': None, 'slide': None}}}
2019-11-26 11:02:59,656 : mpfmc : SlidePlayer: Play called with settings={'slides': {'layout_3_mini': {'priority': None, 'transition_out': None, 'target': 'window', 'show': True, 'force': False, 'action': 'play', 'transition': None, 'background_color': [0.0, 0.0, 0.0, 1.0], 'expire': None, 'slide': None}}}
2019-11-26 11:02:59,729 : mpfmc : SlidePlayer: Play called with settings={'slides': {'layout_3_mini': {'priority': None, 'transition_out': None, 'target': 'window', 'show': True, 'force': False, 'action': 'play', 'transition': None, 'background_color': [0.0, 0.0, 0.0, 1.0], 'expire': None, 'slide': None}}}
2019-11-26 11:02:59,761 : mpfmc : SlidePlayer: Play called with settings={'slides': {'slide_mode_pichu_started': {'priority': None, 'transition_out': None, 'target': 'top', 'show': True, 'force': False, 'action': 'play', 'transition': None, 'background_color': [0.0, 0.0, 0.0, 1.0], 'expire': None, 'slide': None}}}
2019-11-26 11:02:59,873 : mpfmc : SlidePlayer: Play called with settings={'slides': {'slide_mode_gym0_started': {'priority': None, 'transition_out': None, 'target': 'middle', 'show': True, 'force': False, 'action': 'play', 'transition': None, 'background_color': [0.0, 0.0, 0.0, 1.0], 'expire': None, 'slide': None}}}
2019-11-26 11:03:15,486 : mpfmc : SlidePlayer: Play called with settings={'slides': {'slide_mode_pichu_started': {'priority': None, 'transition_out': None, 'target': 'top', 'show': True, 'force': False, 'action': 'play', 'transition': None, 'background_color': [0.0, 0.0, 0.0, 1.0], 'expire': None, 'slide': None}}}
2019-11-26 11:03:15,562 : mpfmc : SlidePlayer: Play called with settings={'slides': {'slide_mode_gym0_started': {'priority': None, 'transition_out': None, 'target': 'middle', 'show': True, 'force': False, 'action': 'play', 'transition': None, 'background_color': [0.0, 0.0, 0.0, 1.0], 'expire': None, 'slide': None}}}
2019-11-26 11:04:17,378 : kivy : Base: Leaving application in progress...
2019-11-26 11:04:17,707 : mpfmc : Stopping...
2019-11-26 11:04:17,707 : mpfmc : Loop rate 79.81 Hz
2019-11-26 11:04:17,707 : kivy : MC run loop ended.
2019-11-26 11:04:17,707 : kivy : Stopping child threads... (3 remaining)
2019-11-26 11:04:17,810 : mpfmc : Stopping...
2019-11-26 11:04:17,810 : mpfmc : Loop rate 79.71 Hz
2019-11-26 11:04:17,966 : MPF-MC BCP Server : Stopping BCP sending thread
2019-11-26 11:04:18,138 : kivy : All child threads stopped.
