2019-12-15 21:45:42,557 : INFO : Machine : Mission Pinball Framework Core Engine v0.52.9
2019-12-15 21:45:42,557 : INFO : Machine : Command line arguments: {'pause': False, 'force_platform': None, 'create_config_cache': True, 'consoleloglevel': 20, 'mc_file_name': None, 'jsonlogging': False, 'text_ui': True, 'no_sound': False, 'loglevel': 15, 'bcp': True, 'no_load_cache': False, 'syslog_address': None, 'force_assets_load': False, 'mpfconfigfile': 'c:\\users\\mission pinball\\appdata\\local\\programs\\python\\python35\\lib\\site-packages\\mpf\\mpfconfig.yaml', 'configfile': ['config.yaml'], 'production': False, 'logfile': 'logs\\2019-12-15-21-45-42-mpf-DESKTOP-I5I6D25.log'}
2019-12-15 21:45:42,557 : INFO : Machine : MPF path: c:\users\mission pinball\appdata\local\programs\python\python35\lib\site-packages\mpf
2019-12-15 21:45:42,557 : INFO : Machine : Machine path: E:\POKEMON - 3 - GYMS DISPLAYS
2019-12-15 21:45:42,557 : INFO : Machine : Platform: win32
2019-12-15 21:45:42,557 : INFO : Machine : Python executable location: c:\users\mission pinball\appdata\local\programs\python\python35\python.exe
2019-12-15 21:45:42,557 : INFO : Machine : Python version: 3.5.4 (64-bit)
2019-12-15 21:45:42,557 : INFO : Machine : Machine config file #1: config.yaml
2019-12-15 21:45:42,557 : INFO : ConfigProcessor : Loading config from cache: C:\Users\MISSIO~1\AppData\Local\Temp\e9c23ebab43a14b7e211b4dd18480f15.mpf_cache
2019-12-15 21:45:42,588 : INFO : Machine : Initialise MPF.
2019-12-15 21:45:43,150 : INFO : FAST : Connecting to com4 at 921600bps
2019-12-15 21:45:43,197 : INFO : FAST : Connected! Processor: NET, Board Type: FP-CPU-002-2, Firmware: 01.01
2019-12-15 21:45:43,197 : INFO : EventManager : Event: ======'machine_var_fast_net_firmware'====== Args={'prev_value': None, 'value': '01.01', 'change': True}
2019-12-15 21:45:43,197 : INFO : EventManager : Event: ======'machine_var_fast_net_model'====== Args={'prev_value': None, 'value': 'FP-CPU-002-2', 'change': True}
2019-12-15 21:45:43,197 : WARNING : FAST : Not resetting FAST NET because firmware is currently broken.
2019-12-15 21:45:43,260 : INFO : FAST : Connecting to com5 at 921600bps
2019-12-15 21:45:43,307 : INFO : FAST : Connected! Processor: RGB, Board Type: FP-CPU-002-2, Firmware: 01.00
2019-12-15 21:45:43,307 : INFO : EventManager : Event: ======'machine_var_fast_rgb_firmware'====== Args={'prev_value': None, 'value': '01.00', 'change': True}
2019-12-15 21:45:43,307 : INFO : EventManager : Event: ======'machine_var_fast_rgb_model'====== Args={'prev_value': None, 'value': 'FP-CPU-002-2', 'change': True}
2019-12-15 21:45:43,307 : INFO : EventManager : Event: ======'machine_var_credits_string'====== Args={'prev_value': None, 'value': 'FREE PLAY', 'change': True}
2019-12-15 21:45:43,635 : INFO : EventManager : Event: ======'machine_var_player1_score'====== Args={'prev_value': None, 'value': 299, 'change': True}
2019-12-15 21:45:43,635 : INFO : EventManager : Event: ======'machine_var_mpf_version'====== Args={'prev_value': None, 'value': 'MPF v0.52.9', 'change': True}
2019-12-15 21:45:43,635 : INFO : EventManager : Event: ======'machine_var_mpf_extended_version'====== Args={'prev_value': None, 'value': 'MPF v0.52.9, Config version:5, Show version: 5, BCP version:1.1', 'change': True}
2019-12-15 21:45:43,635 : INFO : EventManager : Event: ======'machine_var_python_version'====== Args={'prev_value': None, 'value': '3.5.4', 'change': True}
2019-12-15 21:45:43,635 : INFO : EventManager : Event: ======'machine_var_platform'====== Args={'prev_value': None, 'value': 'Windows-10-10.0.18362-SP0', 'change': True}
2019-12-15 21:45:43,635 : INFO : EventManager : Event: ======'machine_var_platform_system'====== Args={'prev_value': None, 'value': 'Windows', 'change': True}
2019-12-15 21:45:43,635 : INFO : EventManager : Event: ======'machine_var_platform_release'====== Args={'prev_value': None, 'value': '10', 'change': True}
2019-12-15 21:45:43,635 : INFO : EventManager : Event: ======'machine_var_platform_version'====== Args={'prev_value': None, 'value': '10.0.18362', 'change': True}
2019-12-15 21:45:43,635 : INFO : EventManager : Event: ======'machine_var_platform_machine'====== Args={'prev_value': None, 'value': 'AMD64', 'change': True}
2019-12-15 21:45:43,635 : INFO : EventManager : Event: ======'init_phase_1'====== Args={}
2019-12-15 21:45:43,854 : INFO : ConfigProcessor : Loading config from cache: C:\Users\MISSIO~1\AppData\Local\Temp\00b811264d7e79f39b66bcbc6609bb6e.mpf_cache
2019-12-15 21:45:43,869 : INFO : ConfigProcessor : Loading config from cache: C:\Users\MISSIO~1\AppData\Local\Temp\868965d45e8ef85973deb1cc43e3c6e9.mpf_cache
2019-12-15 21:45:43,885 : INFO : ConfigProcessor : Loading config from cache: C:\Users\MISSIO~1\AppData\Local\Temp\230c7edf879901b77e29ab003ecfd977.mpf_cache
2019-12-15 21:45:43,885 : INFO : ConfigProcessor : Loading config from cache: C:\Users\MISSIO~1\AppData\Local\Temp\c4c39d8157ba863610e7d2b8306a4087.mpf_cache
2019-12-15 21:45:43,900 : INFO : ConfigProcessor : Loading config from cache: C:\Users\MISSIO~1\AppData\Local\Temp\da1c75dbc5d48bb99b7ea9aec7919bfa.mpf_cache
2019-12-15 21:45:43,932 : INFO : ConfigProcessor : Loading config from cache: C:\Users\MISSIO~1\AppData\Local\Temp\3512d3a51b29689f2a9a6db585213e7b.mpf_cache
2019-12-15 21:45:43,947 : INFO : ConfigProcessor : Loading config from cache: C:\Users\MISSIO~1\AppData\Local\Temp\1b6068dc0dcf1445cf37058c25ad802b.mpf_cache
2019-12-15 21:45:43,994 : WARNING : ConfigProcessor : Cache file not found: C:\Users\MISSIO~1\AppData\Local\Temp\60827c7dca166edb23011cd46fd5e301.mpf_cache
2019-12-15 21:45:43,994 : INFO : ConfigProcessor : Loading config from file E:\POKEMON - 3 - GYMS DISPLAYS\modes\1player\config\1player.yaml.
2019-12-15 21:45:44,041 : INFO : ConfigProcessor : Loading config: E:\POKEMON - 3 - GYMS DISPLAYS\modes\1player\config\1player.yaml
2019-12-15 21:45:44,041 : INFO : ConfigProcessor : Config file cache created: C:\Users\MISSIO~1\AppData\Local\Temp\60827c7dca166edb23011cd46fd5e301.mpf_cache
2019-12-15 21:45:44,072 : INFO : ConfigProcessor : Loading config from cache: C:\Users\MISSIO~1\AppData\Local\Temp\9463ad916821e4687af4640a7d04ba98.mpf_cache
2019-12-15 21:45:44,088 : INFO : ConfigProcessor : Loading config from cache: C:\Users\MISSIO~1\AppData\Local\Temp\2bf399aa483f8a887eec2aa10342ca9f.mpf_cache
2019-12-15 21:45:44,104 : INFO : ConfigProcessor : Loading config from cache: C:\Users\MISSIO~1\AppData\Local\Temp\ffc5df461fc927df7502c20268b6e23c.mpf_cache
2019-12-15 21:45:44,119 : INFO : ConfigProcessor : Loading config from cache: C:\Users\MISSIO~1\AppData\Local\Temp\2ad3e4afc7b8ab807ff1625862e58922.mpf_cache
2019-12-15 21:45:44,135 : INFO : ConfigProcessor : Loading config from cache: C:\Users\MISSIO~1\AppData\Local\Temp\4ed449c86f3920ad38c9f19e6b1fcd80.mpf_cache
2019-12-15 21:45:44,150 : INFO : ConfigProcessor : Loading config from cache: C:\Users\MISSIO~1\AppData\Local\Temp\e94996e3615e593edab21d6f0e7b4569.mpf_cache
2019-12-15 21:45:44,166 : INFO : ConfigProcessor : Loading config from cache: C:\Users\MISSIO~1\AppData\Local\Temp\7c8a3dbd3a1f76b71c509d64239c80b0.mpf_cache
2019-12-15 21:45:44,182 : INFO : ConfigProcessor : Loading config from cache: C:\Users\MISSIO~1\AppData\Local\Temp\325be8140670be7b4f7f24b4ea9ecf41.mpf_cache
2019-12-15 21:45:44,197 : INFO : ConfigProcessor : Loading config from cache: C:\Users\MISSIO~1\AppData\Local\Temp\d868708421ecefdd23b54f4fefaa5a63.mpf_cache
2019-12-15 21:45:44,213 : INFO : ConfigProcessor : Loading config from cache: C:\Users\MISSIO~1\AppData\Local\Temp\0c90eb48fda27bb17da0cfa70b6cea42.mpf_cache
2019-12-15 21:45:44,229 : INFO : ConfigProcessor : Loading config from cache: C:\Users\MISSIO~1\AppData\Local\Temp\aacde2a5df2e44f5e01226064ab4c3c5.mpf_cache
2019-12-15 21:45:44,244 : INFO : ConfigProcessor : Loading config from cache: C:\Users\MISSIO~1\AppData\Local\Temp\37af0ab3cb4984093f408b6580ccda04.mpf_cache
2019-12-15 21:45:44,260 : INFO : ConfigProcessor : Loading config from cache: C:\Users\MISSIO~1\AppData\Local\Temp\03465e6905c319de2817a60078df797b.mpf_cache
2019-12-15 21:45:44,275 : INFO : ConfigProcessor : Loading config from cache: C:\Users\MISSIO~1\AppData\Local\Temp\aad48548988dd5e95d839b70bde2a6c9.mpf_cache
2019-12-15 21:45:44,291 : INFO : ConfigProcessor : Loading config from cache: C:\Users\MISSIO~1\AppData\Local\Temp\db69f4aeb06b399317225bf0f2d24564.mpf_cache
2019-12-15 21:45:44,322 : INFO : ConfigProcessor : Loading config from cache: C:\Users\MISSIO~1\AppData\Local\Temp\c721f48534ae43d3f9c4e17312560aaa.mpf_cache
2019-12-15 21:45:44,354 : INFO : ConfigProcessor : Loading config from cache: C:\Users\MISSIO~1\AppData\Local\Temp\691014465c877a30c4e85c0b37ef7391.mpf_cache
2019-12-15 21:45:44,369 : INFO : ConfigProcessor : Loading config from cache: C:\Users\MISSIO~1\AppData\Local\Temp\91c30393a7736530c48ab886a6ae90df.mpf_cache
2019-12-15 21:45:44,479 : INFO : EventManager : Event: ======'drop_target_bank_right_bank_up'====== Args={}
2019-12-15 21:45:44,479 : INFO : EventManager : Event: ======'init_phase_2'====== Args={}
2019-12-15 21:45:44,479 : INFO : SwitchController : Found active switch: (('11', 1), <Platform.FAST>)
2019-12-15 21:45:44,479 : INFO : SwitchController : Found active switch: (('09', 1), <Platform.FAST>)
2019-12-15 21:45:44,604 : INFO : EventManager : Event: ======'bcp_connection_attempt'====== Args={'name': 'local_display', 'host': 'localhost', 'port': 5050}
2019-12-15 21:45:44,619 : INFO : BCPClientSocket.local_display : Connecting BCP to 'local_display' at localhost:5050...
2019-12-15 21:45:45,635 : WARNING : FAST : Port com4 was blocked for more than 1s. Reseting send queue! If this happens frequently report a bug!
2019-12-15 21:45:46,628 : WARNING : FAST : Port com4 was blocked for more than 1s. Reseting send queue! If this happens frequently report a bug!
2019-12-15 21:45:50,781 : INFO : BCPClientSocket.local_display : Connected BCP to 'local_display' localhost:5050
2019-12-15 21:45:50,786 : INFO : EventManager : Event: ======'bcp_clients_connected'====== Args={}
2019-12-15 21:45:50,838 : INFO : EventManager : Event: ======'machine_var_master_volume'====== Args={'prev_value': None, 'value': 0.5, 'change': True}
2019-12-15 21:45:51,122 : INFO : EventManager : Event: ======'init_phase_3'====== Args={}
2019-12-15 21:45:51,153 : INFO : EventManager : Event: ======'init_phase_4'====== Args={}
2019-12-15 21:45:51,156 : INFO : EventManager : Event: ======'playfield_active'====== Args={}
2019-12-15 21:45:51,156 : INFO : EventManager : Event: ======'unexpected_ball_on_playfield'====== Args={}
2019-12-15 21:45:51,156 : INFO : EventManager : Event: ======'drop_target_drop2_down'====== Args={'device': <drop_target.drop2>}
2019-12-15 21:45:51,157 : INFO : EventManager : Event: ======'drop_target_bank_right_bank_mixed'====== Args={'down': 1}
2019-12-15 21:45:51,166 : INFO : EventManager : Event: ======'machine_var_audits_events_game_started'====== Args={'prev_value': None, 'value': 340, 'change': True}
2019-12-15 21:45:51,167 : INFO : EventManager : Event: ======'machine_var_audits_events_game_ended'====== Args={'prev_value': None, 'value': 279, 'change': True}
2019-12-15 21:45:51,168 : INFO : EventManager : Event: ======'machine_var_audits_player_score'====== Args={'prev_value': None, 'value': {'average': 240.65771812080536, 'top': [1053, 829, 828, 828, 808, 778, 726, 724, 722, 706], 'total': 298}, 'change': True}
2019-12-15 21:45:51,169 : INFO : EventManager : Event: ======'machine_var_audits_switches_s_trough'====== Args={'prev_value': None, 'value': 1555, 'change': True}
2019-12-15 21:45:51,170 : INFO : EventManager : Event: ======'machine_var_audits_switches_s_pop_right'====== Args={'prev_value': None, 'value': 3432, 'change': True}
2019-12-15 21:45:51,171 : INFO : EventManager : Event: ======'machine_var_audits_switches_s_flipper_left'====== Args={'prev_value': None, 'value': 7376, 'change': True}
2019-12-15 21:45:51,173 : INFO : EventManager : Event: ======'machine_var_audits_switches_s_drop_right'====== Args={'prev_value': None, 'value': 506, 'change': True}
2019-12-15 21:45:51,174 : INFO : EventManager : Event: ======'machine_var_audits_switches_s_drop_left'====== Args={'prev_value': None, 'value': 575, 'change': True}
2019-12-15 21:45:51,175 : INFO : EventManager : Event: ======'machine_var_audits_switches_s_sling_left'====== Args={'prev_value': None, 'value': 1038, 'change': True}
2019-12-15 21:45:51,176 : INFO : EventManager : Event: ======'machine_var_audits_switches_s_drop_center'====== Args={'prev_value': None, 'value': 646, 'change': True}
2019-12-15 21:45:51,177 : INFO : EventManager : Event: ======'machine_var_audits_switches_s_start'====== Args={'prev_value': None, 'value': 50, 'change': True}
2019-12-15 21:45:51,178 : INFO : EventManager : Event: ======'machine_var_audits_switches_s_drain'====== Args={'prev_value': None, 'value': 2721, 'change': True}
2019-12-15 21:45:51,179 : INFO : EventManager : Event: ======'machine_var_audits_switches_s_sling_right'====== Args={'prev_value': None, 'value': 1223, 'change': True}
2019-12-15 21:45:51,180 : INFO : EventManager : Event: ======'machine_var_audits_switches_s_saucer'====== Args={'prev_value': None, 'value': 1177, 'change': True}
2019-12-15 21:45:51,182 : INFO : EventManager : Event: ======'machine_var_audits_switches_s_pop_top'====== Args={'prev_value': None, 'value': 1103, 'change': True}
2019-12-15 21:45:51,183 : INFO : EventManager : Event: ======'machine_var_audits_switches_s_spinner'====== Args={'prev_value': None, 'value': 8978, 'change': True}
2019-12-15 21:45:51,184 : INFO : EventManager : Event: ======'machine_var_audits_switches_s_plunger_lane'====== Args={'prev_value': None, 'value': 88, 'change': True}
2019-12-15 21:45:51,186 : INFO : EventManager : Event: ======'machine_var_audits_switches_s_flipper_right'====== Args={'prev_value': None, 'value': 10907, 'change': True}
2019-12-15 21:45:51,187 : INFO : EventManager : Event: ======'machine_var_audits_switches_s_gym'====== Args={'prev_value': None, 'value': 431, 'change': True}
2019-12-15 21:45:51,188 : INFO : EventManager : Event: ======'machine_var_audits_switches_s_pop_bottom'====== Args={'prev_value': None, 'value': 2804, 'change': True}
2019-12-15 21:45:51,189 : INFO : EventManager : Event: ======'machine_var_audits_switches_s_pop_left'====== Args={'prev_value': None, 'value': 10, 'change': True}
2019-12-15 21:45:51,190 : INFO : EventManager : Event: ======'init_phase_5'====== Args={}
2019-12-15 21:45:51,192 : INFO : EventManager : Event: ======'init_done'====== Args={}
2019-12-15 21:45:51,194 : WARNING : FAST : Port NET received more messages than were sent! Resetting!
2019-12-15 21:45:51,194 : WARNING : FAST : Port NET received more messages than were sent! Resetting!
2019-12-15 21:45:51,194 : WARNING : FAST : Port NET received more messages than were sent! Resetting!
2019-12-15 21:45:51,195 : WARNING : FAST : Port NET received more messages than were sent! Resetting!
2019-12-15 21:45:51,195 : WARNING : FAST : Port NET received more messages than were sent! Resetting!
2019-12-15 21:45:51,195 : WARNING : FAST : Port NET received more messages than were sent! Resetting!
2019-12-15 21:45:51,195 : WARNING : FAST : Port NET received more messages than were sent! Resetting!
2019-12-15 21:45:51,196 : WARNING : FAST : Port NET received more messages than were sent! Resetting!
2019-12-15 21:45:51,196 : WARNING : FAST : Port NET received more messages than were sent! Resetting!
2019-12-15 21:45:51,196 : WARNING : FAST : Port NET received more messages than were sent! Resetting!
2019-12-15 21:45:51,196 : WARNING : FAST : Port NET received more messages than were sent! Resetting!
2019-12-15 21:45:51,197 : WARNING : FAST : Port NET received more messages than were sent! Resetting!
2019-12-15 21:45:51,197 : WARNING : FAST : Port NET received more messages than were sent! Resetting!
2019-12-15 21:45:51,197 : WARNING : FAST : Port NET received more messages than were sent! Resetting!
2019-12-15 21:45:51,197 : WARNING : FAST : Port NET received more messages than were sent! Resetting!
2019-12-15 21:45:51,198 : WARNING : FAST : Port NET received more messages than were sent! Resetting!
2019-12-15 21:45:51,198 : WARNING : FAST : Port NET received more messages than were sent! Resetting!
2019-12-15 21:45:51,198 : WARNING : FAST : Port NET received more messages than were sent! Resetting!
2019-12-15 21:45:51,198 : WARNING : FAST : Port NET received more messages than were sent! Resetting!
2019-12-15 21:45:51,198 : WARNING : FAST : Port NET received more messages than were sent! Resetting!
2019-12-15 21:45:51,199 : WARNING : FAST : Port NET received more messages than were sent! Resetting!
2019-12-15 21:45:51,199 : WARNING : FAST : Port NET received more messages than were sent! Resetting!
2019-12-15 21:45:51,202 : INFO : EventManager : Event: ======'machine_reset_phase_1'====== Args={}
2019-12-15 21:45:51,210 : INFO : EventManager : Event: ======'slide_welcome_slide_removed'====== Args={'_from_bcp': True}
2019-12-15 21:45:51,219 : INFO : EventManager : Event: ======'slide_welcome_slide_created'====== Args={'_from_bcp': True}
2019-12-15 21:45:51,224 : INFO : EventManager : Event: ======'slide_welcome_slide_active'====== Args={'_from_bcp': True}
2019-12-15 21:45:51,238 : INFO : EventManager : Event: ======'machine_reset_phase_2'====== Args={}
2019-12-15 21:45:51,240 : INFO : EventManager : Event: ======'machine_reset_phase_3'====== Args={}
2019-12-15 21:45:51,242 : INFO : drop_target_bank.right_bank : 1 targets are down. Will reset those.
2019-12-15 21:45:51,244 : INFO : coil.c_drop_reset : Enabling Driver for 400ms (1.0 pulse_power)
2019-12-15 21:45:51,247 : INFO : EventManager : Event: ======'reset_complete'====== Args={}
2019-12-15 21:45:51,248 : INFO : EventManager : Event: ======'mode_attract_will_start'====== Args={}
2019-12-15 21:45:51,250 : INFO : EventManager : Event: ======'mode_attract_starting'====== Args={}
2019-12-15 21:45:51,251 : INFO : Mode.attract : Started. Priority: 10
2019-12-15 21:45:51,252 : INFO : EventManager : Event: ======'mode_attract_started'====== Args={}
2019-12-15 21:45:51,253 : INFO : EventManager : Event: ======'collecting_balls_complete'====== Args={}
2019-12-15 21:45:51,257 : INFO : Machine : Starting the main run loop.
2019-12-15 21:45:51,268 : INFO : EventManager : Event: ======'slide_attract_started_created'====== Args={'_from_bcp': True}
2019-12-15 21:45:51,274 : INFO : EventManager : Event: ======'slide_attract_started_active'====== Args={'_from_bcp': True}
2019-12-15 21:45:51,309 : INFO : SwitchController : <<<<<<< 's_drop_center' inactive >>>>>>>
2019-12-15 21:45:51,309 : INFO : EventManager : Event: ======'playfield_active'====== Args={}
2019-12-15 21:45:51,309 : INFO : EventManager : Event: ======'unexpected_ball_on_playfield'====== Args={}
2019-12-15 21:45:51,310 : INFO : EventManager : Event: ======'drop_target_drop2_up'====== Args={'device': <drop_target.drop2>}
2019-12-15 21:45:51,628 : INFO : coil.c_drop_reset : Disabling Driver
2019-12-15 21:45:51,738 : INFO : EventManager : Event: ======'restore'====== Args={}
2019-12-15 21:45:51,739 : INFO : EventManager : Event: ======'drop_target_bank_right_bank_up'====== Args={}
2019-12-15 21:45:51,805 : INFO : SwitchController : <<<<<<< 's_drop_left' active >>>>>>>
2019-12-15 21:45:51,806 : INFO : EventManager : Event: ======'playfield_active'====== Args={}
2019-12-15 21:45:51,807 : INFO : EventManager : Event: ======'unexpected_ball_on_playfield'====== Args={}
2019-12-15 21:45:51,807 : INFO : EventManager : Event: ======'drop_target_drop1_down'====== Args={'device': <drop_target.drop1>}
2019-12-15 21:45:51,808 : INFO : EventManager : Event: ======'drop_target_bank_right_bank_mixed'====== Args={'down': 1}
2019-12-15 21:45:53,405 : INFO : SwitchController : <<<<<<< 's_start' active >>>>>>>
2019-12-15 21:45:53,548 : INFO : SwitchController : <<<<<<< 's_start' inactive >>>>>>>
2019-12-15 21:45:53,549 : INFO : EventManager : Event: ======'request_to_start_game'====== Args={}
2019-12-15 21:45:53,564 : INFO : EventManager : Event: ======'game_start'====== Args={'hold_time': 0.14099999999598367, 'buttons': []}
2019-12-15 21:45:53,566 : INFO : EventManager : Event: ======'mode_game_will_start'====== Args={'hold_time': 0.14099999999598367, 'buttons': []}
2019-12-15 21:45:53,570 : INFO : EventManager : Event: ======'mode_game_starting'====== Args={'hold_time': 0.14099999999598367, 'buttons': []}
2019-12-15 21:45:53,571 : INFO : EventManager : Event: ======'mode_attract_will_stop'====== Args={}
2019-12-15 21:45:53,572 : INFO : EventManager : Event: ======'mode_attract_stopping'====== Args={}
2019-12-15 21:45:53,572 : INFO : Mode.attract : Stopped.
2019-12-15 21:45:53,574 : INFO : EventManager : Event: ======'mode_attract_stopped'====== Args={}
2019-12-15 21:45:53,575 : INFO : EventManager : Event: ======'clear'====== Args={'key': 'attract'}
2019-12-15 21:45:53,576 : INFO : Mode.game : Started. Priority: 20
2019-12-15 21:45:53,576 : INFO : EventManager : Event: ======'mode_game_started'====== Args={'hold_time': 0.14099999999598367, 'buttons': []}
2019-12-15 21:45:53,580 : INFO : EventManager : Event: ======'game_will_start'====== Args={}
2019-12-15 21:45:53,584 : INFO : EventManager : Event: ======'game_starting'====== Args={'game': <Mode.game>}
2019-12-15 21:45:53,587 : INFO : EventManager : Event: ======'player_add_request'====== Args={}
2019-12-15 21:45:53,589 : INFO : EventManager : Event: ======'player_will_add'====== Args={'number': 1}
2019-12-15 21:45:53,591 : INFO : EventManager : Event: ======'player_adding'====== Args={'player': <Player 1>, 'number': 1}
2019-12-15 21:45:53,591 : INFO : EventManager : Event: ======'player_added'====== Args={'player': <Player 1>, 'num': 1}
2019-12-15 21:45:53,591 : INFO : Mode.game : Player added successfully. Total players: 1
2019-12-15 21:45:53,592 : WARNING : Mode.1player : WARNING: Can only start mode 1player during a game. Aborting start.
2019-12-15 21:45:53,593 : INFO : EventManager : Event: ======'player_gym5_drop_targets'====== Args={'prev_value': 0, 'change': 0, 'value': 0, 'player_num': 1}
2019-12-15 21:45:53,594 : INFO : EventManager : Event: ======'player_pichu_exp'====== Args={'prev_value': 1, 'change': 0, 'value': 1, 'player_num': 1}
2019-12-15 21:45:53,595 : INFO : EventManager : Event: ======'player_raichu_exp'====== Args={'prev_value': 1, 'change': 0, 'value': 1, 'player_num': 1}
2019-12-15 21:45:53,597 : INFO : EventManager : Event: ======'player_score'====== Args={'prev_value': 0, 'change': 0, 'value': 0, 'player_num': 1}
2019-12-15 21:45:53,598 : INFO : EventManager : Event: ======'player_gym3_spinner'====== Args={'prev_value': 0, 'change': 0, 'value': 0, 'player_num': 1}
2019-12-15 21:45:53,600 : INFO : EventManager : Event: ======'player_gym6_gym'====== Args={'prev_value': 0, 'change': 0, 'value': 0, 'player_num': 1}
2019-12-15 21:45:53,601 : INFO : EventManager : Event: ======'player_gym1_pop'====== Args={'prev_value': 0, 'change': 0, 'value': 0, 'player_num': 1}
2019-12-15 21:45:53,602 : INFO : EventManager : Event: ======'player_number'====== Args={'prev_value': 1, 'change': 0, 'value': 1, 'player_num': 1}
2019-12-15 21:45:53,604 : INFO : EventManager : Event: ======'player_gym2_saucer'====== Args={'prev_value': 0, 'change': 0, 'value': 0, 'player_num': 1}
2019-12-15 21:45:53,605 : INFO : EventManager : Event: ======'player_index'====== Args={'prev_value': 0, 'change': 0, 'value': 0, 'player_num': 1}
2019-12-15 21:45:53,606 : INFO : EventManager : Event: ======'player_pikachu_exp'====== Args={'prev_value': 1, 'change': 0, 'value': 1, 'player_num': 1}
2019-12-15 21:45:53,607 : INFO : EventManager : Event: ======'player_gym4_slingshot'====== Args={'prev_value': 0, 'change': 0, 'value': 0, 'player_num': 1}
2019-12-15 21:45:53,612 : INFO : EventManager : Event: ======'game_started'====== Args={}
2019-12-15 21:45:53,615 : INFO : EventManager : Event: ======'player_turn_will_start'====== Args={'player': <Player 1>, 'number': 1}
2019-12-15 21:45:53,616 : INFO : EventManager : Event: ======'slide_layout_3_mini_created'====== Args={'_from_bcp': True}
2019-12-15 21:45:53,618 : INFO : EventManager : Event: ======'player_turn_starting'====== Args={'player': <Player 1>, 'number': 1}
2019-12-15 21:45:53,620 : INFO : EventManager : Event: ======'player_ball'====== Args={'prev_value': 0, 'change': 1, 'value': 1, 'player_num': 1}
2019-12-15 21:45:53,621 : INFO : EventManager : Event: ======'player_turn_started'====== Args={'player': <Player 1>, 'number': 1}
2019-12-15 21:45:53,625 : INFO : EventManager : Event: ======'ball_will_start'====== Args={'ball': 1, 'balls_remaining': 2, 'player': 1, 'is_extra_ball': False}
2019-12-15 21:45:53,626 : INFO : EventManager : Event: ======'ball_starting'====== Args={'ball': 1, 'balls_remaining': 2, 'player': 1, 'is_extra_ball': False}
2019-12-15 21:45:53,628 : INFO : EventManager : Event: ======'mode_base_will_start'====== Args={'is_extra_ball': False, 'balls_remaining': 2, 'player': 1, 'ball': 1, 'queue': <QueuedEvent>}
2019-12-15 21:45:53,631 : INFO : EventManager : Event: ======'mode_base_starting'====== Args={'is_extra_ball': False, 'balls_remaining': 2, 'player': 1, 'ball': 1, 'queue': <QueuedEvent>}
2019-12-15 21:45:53,631 : INFO : drop_target_bank.right_bank : 1 targets are down. Will reset those.
2019-12-15 21:45:53,632 : INFO : coil.c_drop_reset : Enabling Driver for 400ms (1.0 pulse_power)
2019-12-15 21:45:53,634 : INFO : Mode.base : Started. Priority: 31
2019-12-15 21:45:53,635 : INFO : EventManager : Event: ======'mode_base_started'====== Args={'is_extra_ball': False, 'balls_remaining': 2, 'player': 1, 'ball': 1, 'queue': <QueuedEvent>}
2019-12-15 21:45:53,636 : INFO : EventManager : Event: ======'start_mode_pichu'====== Args={'priority': 0}
2019-12-15 21:45:53,636 : INFO : EventManager : Event: ======'mode_pichu_will_start'====== Args={'priority': 0}
2019-12-15 21:45:53,652 : INFO : EventManager : Event: ======'mode_pichu_starting'====== Args={'priority': 0}
2019-12-15 21:45:53,653 : INFO : Mode.pichu : Started. Priority: 75
2019-12-15 21:45:53,653 : INFO : EventManager : Event: ======'mode_pichu_started'====== Args={'priority': 0}
2019-12-15 21:45:53,655 : INFO : EventManager : Event: ======'balls_in_play'====== Args={'balls': 1}
2019-12-15 21:45:53,656 : INFO : EventManager : Event: ======'ball_started'====== Args={'ball': 1, 'balls_remaining': 2, 'player': 1, 'is_extra_ball': False}
2019-12-15 21:45:53,659 : INFO : EventManager : Event: ======'start_gym0_event'====== Args={'priority': 0}
2019-12-15 21:45:53,664 : INFO : EventManager : Event: ======'mode_gym0_will_start'====== Args={'priority': 0}
2019-12-15 21:45:53,668 : INFO : EventManager : Event: ======'mode_gym0_starting'====== Args={'priority': 0}
2019-12-15 21:45:53,668 : INFO : Mode.gym0 : Started. Priority: 200
2019-12-15 21:45:53,669 : INFO : EventManager : Event: ======'mode_gym0_started'====== Args={'priority': 0}
2019-12-15 21:45:53,673 : INFO : EventManager : Event: ======'single_player_ball_started'====== Args={}
2019-12-15 21:45:53,674 : INFO : EventManager : Event: ======'slide_layout_3_mini_active'====== Args={'_from_bcp': True}
2019-12-15 21:45:53,677 : INFO : EventManager : Event: ======'slide_layout_3_mini_removed'====== Args={'_from_bcp': True}
2019-12-15 21:45:53,679 : INFO : EventManager : Event: ======'balldevice_balls_available'====== Args={}
2019-12-15 21:45:53,684 : INFO : EventManager : Event: ======'balldevice_bd_trough_ball_eject_attempt'====== Args={'source': <ball_device.bd_trough>, 'mechanical_eject': True, 'num_attempts': 0, 'target': <ball_device.bd_plunger>, 'balls': 1}
2019-12-15 21:45:53,688 : INFO : ball_device.bd_trough : Ejecting ball to <ball_device.bd_plunger>
2019-12-15 21:45:53,689 : INFO : EventManager : Event: ======'balldevice_bd_trough_ejecting_ball'====== Args={'source': <ball_device.bd_trough>, 'mechanical_eject': True, 'num_attempts': 0, 'target': <ball_device.bd_plunger>, 'balls': 1}
2019-12-15 21:45:53,693 : INFO : coil.c_trough : Pulsing Driver for 7ms (1.0 pulse_power)
2019-12-15 21:45:53,696 : INFO : EventManager : Event: ======'slide_layout_3_mini_created'====== Args={'_from_bcp': True}
2019-12-15 21:45:53,725 : INFO : SwitchController : <<<<<<< 's_drop_left' inactive >>>>>>>
2019-12-15 21:45:53,725 : INFO : EventManager : Event: ======'playfield_active'====== Args={}
2019-12-15 21:45:53,725 : INFO : EventManager : Event: ======'unexpected_ball_on_playfield'====== Args={}
2019-12-15 21:45:53,726 : INFO : EventManager : Event: ======'drop_target_drop1_up'====== Args={'device': <drop_target.drop1>}
2019-12-15 21:45:53,749 : INFO : SwitchController : <<<<<<< 's_trough' inactive >>>>>>>
2019-12-15 21:45:53,757 : INFO : EventManager : Event: ======'slide_slide_mode_pichu_started_created'====== Args={'_from_bcp': True}
2019-12-15 21:45:53,758 : INFO : EventManager : Event: ======'slide_layout_3_mini_active'====== Args={'_from_bcp': True}
2019-12-15 21:45:53,777 : INFO : EventManager : Event: ======'slide_slide_mode_pichu_started_active'====== Args={'_from_bcp': True}
2019-12-15 21:45:53,815 : INFO : EventManager : Event: ======'slide_slide_mode_gym0_started_created'====== Args={'_from_bcp': True}
2019-12-15 21:45:53,823 : INFO : EventManager : Event: ======'slide_slide_mode_gym0_started_active'====== Args={'_from_bcp': True}
2019-12-15 21:45:54,020 : INFO : coil.c_drop_reset : Disabling Driver
2019-12-15 21:45:54,128 : INFO : EventManager : Event: ======'restore'====== Args={}
2019-12-15 21:45:54,129 : INFO : EventManager : Event: ======'drop_target_bank_right_bank_up'====== Args={}
2019-12-15 21:45:54,189 : INFO : SwitchController : <<<<<<< 's_drop_center' active >>>>>>>
2019-12-15 21:45:54,190 : INFO : EventManager : Event: ======'s_drop_center_active'====== Args={}
2019-12-15 21:45:54,191 : INFO : EventManager : Event: ======'playfield_active'====== Args={}
2019-12-15 21:45:54,191 : INFO : EventManager : Event: ======'unexpected_ball_on_playfield'====== Args={}
2019-12-15 21:45:54,192 : INFO : EventManager : Event: ======'drop_target_drop2_down'====== Args={'device': <drop_target.drop2>}
2019-12-15 21:45:54,193 : INFO : EventManager : Event: ======'drop_target_bank_right_bank_mixed'====== Args={'down': 1}
2019-12-15 21:45:54,209 : INFO : EventManager : Event: ======'machine_var_audits_switches_s_drop_center'====== Args={'prev_value': 646, 'value': 647, 'change': 1}
2019-12-15 21:45:54,213 : INFO : EventManager : Event: ======'check_evolve_pichu'====== Args={'priority': 0}
2019-12-15 21:45:54,214 : INFO : EventManager : Event: ======'player_pichu_exp'====== Args={'prev_value': 1, 'change': 7, 'value': 8, 'player_num': 1}
2019-12-15 21:45:54,216 : INFO : EventManager : Event: ======'player_score'====== Args={'prev_value': 0, 'change': 7, 'value': 7, 'player_num': 1}
2019-12-15 21:45:54,253 : INFO : SwitchController : <<<<<<< 's_trough' active >>>>>>>
2019-12-15 21:45:54,266 : INFO : EventManager : Event: ======'machine_var_audits_switches_s_trough'====== Args={'prev_value': 1555, 'value': 1556, 'change': 1}
2019-12-15 21:45:54,271 : INFO : SwitchController : <<<<<<< 's_trough' inactive >>>>>>>
2019-12-15 21:45:54,509 : INFO : SwitchController : <<<<<<< 's_trough' active >>>>>>>
2019-12-15 21:45:54,522 : INFO : EventManager : Event: ======'machine_var_audits_switches_s_trough'====== Args={'prev_value': 1556, 'value': 1557, 'change': 1}
2019-12-15 21:46:03,760 : INFO : EventManager : Event: ======'balldevice_bd_plunger_ejecting_ball'====== Args={'source': <ball_device.bd_plunger>, 'mechanical_eject': None, 'num_attempts': 1, 'target': <playfield.playfield>, 'balls': 1}
2019-12-15 21:46:03,764 : INFO : EventManager : Event: ======'balldevice_bd_trough_ball_eject_failed'====== Args={'num_attempts': 1, 'retry': True, 'target': <ball_device.bd_plunger>, 'balls': 1}
2019-12-15 21:46:03,771 : INFO : EventManager : Event: ======'balldevice_bd_plunger_ball_eject_failed'====== Args={'num_attempts': 1, 'retry': True, 'target': <playfield.playfield>, 'balls': 1}
2019-12-15 21:46:03,776 : INFO : EventManager : Event: ======'balldevice_bd_trough_ball_eject_attempt'====== Args={'source': <ball_device.bd_trough>, 'mechanical_eject': True, 'num_attempts': 1, 'target': <ball_device.bd_plunger>, 'balls': 1}
2019-12-15 21:46:03,780 : INFO : ball_device.bd_trough : Ejecting ball to <ball_device.bd_plunger>
2019-12-15 21:46:03,781 : INFO : EventManager : Event: ======'balldevice_bd_trough_ejecting_ball'====== Args={'source': <ball_device.bd_trough>, 'mechanical_eject': True, 'num_attempts': 1, 'target': <ball_device.bd_plunger>, 'balls': 1}
2019-12-15 21:46:03,787 : INFO : coil.c_trough : Pulsing Driver for 7ms (1.0 pulse_power)
2019-12-15 21:46:03,820 : INFO : SwitchController : <<<<<<< 's_trough' inactive >>>>>>>
2019-12-15 21:46:12,988 : INFO : SwitchController : <<<<<<< 's_spinner' active >>>>>>>
2019-12-15 21:46:12,989 : INFO : EventManager : Event: ======'s_spinner_active'====== Args={}
2019-12-15 21:46:12,990 : INFO : EventManager : Event: ======'sw_playfield_active'====== Args={}
2019-12-15 21:46:13,006 : INFO : EventManager : Event: ======'machine_var_audits_switches_s_spinner'====== Args={'prev_value': 8978, 'value': 8979, 'change': 1}
2019-12-15 21:46:13,012 : INFO : EventManager : Event: ======'check_evolve_pichu'====== Args={'priority': 0}
2019-12-15 21:46:13,013 : INFO : EventManager : Event: ======'player_pichu_exp'====== Args={'prev_value': 8, 'change': 1, 'value': 9, 'player_num': 1}
2019-12-15 21:46:13,016 : INFO : EventManager : Event: ======'player_score'====== Args={'prev_value': 7, 'change': 1, 'value': 8, 'player_num': 1}
2019-12-15 21:46:13,025 : INFO : EventManager : Event: ======'playfield_active'====== Args={}
2019-12-15 21:46:13,025 : INFO : EventManager : Event: ======'unexpected_ball_on_playfield'====== Args={}
2019-12-15 21:46:13,117 : INFO : SwitchController : <<<<<<< 's_spinner' inactive >>>>>>>
2019-12-15 21:46:13,806 : INFO : EventManager : Event: ======'balldevice_bd_plunger_ejecting_ball'====== Args={'source': <ball_device.bd_plunger>, 'mechanical_eject': None, 'num_attempts': 1, 'target': <playfield.playfield>, 'balls': 1}
2019-12-15 21:46:15,628 : INFO : SwitchController : <<<<<<< 's_flipper_left' active >>>>>>>
2019-12-15 21:46:15,637 : INFO : EventManager : Event: ======'machine_var_audits_switches_s_flipper_left'====== Args={'prev_value': 7376, 'value': 7377, 'change': 1}
2019-12-15 21:46:15,693 : INFO : SwitchController : <<<<<<< 's_flipper_left' inactive >>>>>>>
2019-12-15 21:46:16,253 : INFO : SwitchController : <<<<<<< 's_sling_left' active >>>>>>>
2019-12-15 21:46:16,254 : INFO : EventManager : Event: ======'s_sling_left_active'====== Args={}
2019-12-15 21:46:16,255 : INFO : EventManager : Event: ======'playfield_active'====== Args={}
2019-12-15 21:46:16,271 : INFO : EventManager : Event: ======'machine_var_audits_switches_s_sling_left'====== Args={'prev_value': 1038, 'value': 1039, 'change': 1}
2019-12-15 21:46:16,275 : INFO : EventManager : Event: ======'check_evolve_pichu'====== Args={'priority': 0}
2019-12-15 21:46:16,276 : INFO : EventManager : Event: ======'player_pichu_exp'====== Args={'prev_value': 9, 'change': 1, 'value': 10, 'player_num': 1}
2019-12-15 21:46:16,278 : INFO : EventManager : Event: ======'player_score'====== Args={'prev_value': 8, 'change': 1, 'value': 9, 'player_num': 1}
2019-12-15 21:46:16,286 : INFO : EventManager : Event: ======'balldevice_bd_plunger_ball_eject_success'====== Args={'target': <playfield.playfield>, 'balls': 1}
2019-12-15 21:46:16,287 : INFO : SwitchController : <<<<<<< 's_sling_left' inactive >>>>>>>
2019-12-15 21:46:16,304 : INFO : EventManager : Event: ======'balldevice_playfield_ball_enter'====== Args={'new_balls': 1, 'unclaimed_balls': 1, 'device': <playfield.playfield>}
2019-12-15 21:46:16,305 : INFO : EventManager : Event: ======'playfield_ball_count_change'====== Args={'balls': 1, 'change': 1}
2019-12-15 21:46:16,312 : INFO : EventManager : Event: ======'balldevice_bd_trough_ball_eject_success'====== Args={'target': <ball_device.bd_plunger>, 'balls': 1}
2019-12-15 21:46:16,317 : INFO : EventManager : Event: ======'balldevice_bd_trough_ball_count_changed'====== Args={'balls': 0}
2019-12-15 21:46:16,413 : INFO : SwitchController : <<<<<<< 's_sling_right' active >>>>>>>
2019-12-15 21:46:16,413 : INFO : EventManager : Event: ======'s_sling_right_active'====== Args={}
2019-12-15 21:46:16,421 : INFO : EventManager : Event: ======'machine_var_audits_switches_s_sling_right'====== Args={'prev_value': 1223, 'value': 1224, 'change': 1}
2019-12-15 21:46:16,423 : INFO : EventManager : Event: ======'check_evolve_pichu'====== Args={'priority': 0}
2019-12-15 21:46:16,424 : INFO : EventManager : Event: ======'player_pichu_exp'====== Args={'prev_value': 10, 'change': 1, 'value': 11, 'player_num': 1}
2019-12-15 21:46:16,425 : INFO : EventManager : Event: ======'player_score'====== Args={'prev_value': 9, 'change': 1, 'value': 10, 'player_num': 1}
2019-12-15 21:46:16,429 : INFO : SwitchController : <<<<<<< 's_sling_right' inactive >>>>>>>
2019-12-15 21:46:17,276 : INFO : SwitchController : <<<<<<< 's_start' active >>>>>>>
2019-12-15 21:46:17,277 : INFO : EventManager : Event: ======'sw_start'====== Args={}
2019-12-15 21:46:17,293 : INFO : EventManager : Event: ======'machine_var_audits_switches_s_start'====== Args={'prev_value': 50, 'value': 51, 'change': 1}
2019-12-15 21:46:17,297 : INFO : EventManager : Event: ======'player_add_request'====== Args={}
2019-12-15 21:46:17,298 : INFO : EventManager : Event: ======'player_will_add'====== Args={'number': 2}
2019-12-15 21:46:17,302 : INFO : EventManager : Event: ======'player_adding'====== Args={'player': <Player 2>, 'number': 2}
2019-12-15 21:46:17,303 : INFO : EventManager : Event: ======'player_added'====== Args={'player': <Player 2>, 'num': 2}
2019-12-15 21:46:17,304 : INFO : Mode.game : Player added successfully. Total players: 2
2019-12-15 21:46:17,305 : INFO : EventManager : Event: ======'multiplayer_game'====== Args={}
2019-12-15 21:46:17,307 : INFO : EventManager : Event: ======'player_gym5_drop_targets'====== Args={'prev_value': 0, 'change': 0, 'value': 0, 'player_num': 2}
2019-12-15 21:46:17,309 : INFO : EventManager : Event: ======'player_pichu_exp'====== Args={'prev_value': 1, 'change': 0, 'value': 1, 'player_num': 2}
2019-12-15 21:46:17,311 : INFO : EventManager : Event: ======'player_raichu_exp'====== Args={'prev_value': 1, 'change': 0, 'value': 1, 'player_num': 2}
2019-12-15 21:46:17,313 : INFO : EventManager : Event: ======'player_score'====== Args={'prev_value': 0, 'change': 0, 'value': 0, 'player_num': 2}
2019-12-15 21:46:17,315 : INFO : EventManager : Event: ======'player_gym3_spinner'====== Args={'prev_value': 0, 'change': 0, 'value': 0, 'player_num': 2}
2019-12-15 21:46:17,317 : INFO : EventManager : Event: ======'player_gym6_gym'====== Args={'prev_value': 0, 'change': 0, 'value': 0, 'player_num': 2}
2019-12-15 21:46:17,319 : INFO : EventManager : Event: ======'player_gym1_pop'====== Args={'prev_value': 0, 'change': 0, 'value': 0, 'player_num': 2}
2019-12-15 21:46:17,321 : INFO : EventManager : Event: ======'player_number'====== Args={'prev_value': 2, 'change': 0, 'value': 2, 'player_num': 2}
2019-12-15 21:46:17,323 : INFO : EventManager : Event: ======'player_gym2_saucer'====== Args={'prev_value': 0, 'change': 0, 'value': 0, 'player_num': 2}
2019-12-15 21:46:17,325 : INFO : EventManager : Event: ======'player_index'====== Args={'prev_value': 1, 'change': 0, 'value': 1, 'player_num': 2}
2019-12-15 21:46:17,327 : INFO : EventManager : Event: ======'player_pikachu_exp'====== Args={'prev_value': 1, 'change': 0, 'value': 1, 'player_num': 2}
2019-12-15 21:46:17,329 : INFO : EventManager : Event: ======'player_gym4_slingshot'====== Args={'prev_value': 0, 'change': 0, 'value': 0, 'player_num': 2}
2019-12-15 21:46:17,484 : INFO : SwitchController : <<<<<<< 's_start' inactive >>>>>>>
2019-12-15 21:46:19,085 : INFO : SwitchController : <<<<<<< 's_drain' active >>>>>>>
2019-12-15 21:46:19,102 : INFO : EventManager : Event: ======'machine_var_audits_switches_s_drain'====== Args={'prev_value': 2721, 'value': 2722, 'change': 1}
2019-12-15 21:46:19,132 : INFO : SwitchController : <<<<<<< 's_drain' inactive >>>>>>>
2019-12-15 21:46:19,244 : INFO : SwitchController : <<<<<<< 's_drain' active >>>>>>>
2019-12-15 21:46:19,258 : INFO : EventManager : Event: ======'machine_var_audits_switches_s_drain'====== Args={'prev_value': 2722, 'value': 2723, 'change': 1}
2019-12-15 21:46:19,741 : INFO : EventManager : Event: ======'balldevice_bd_drain_ball_count_changed'====== Args={'balls': 1}
2019-12-15 21:46:19,742 : INFO : EventManager : Event: ======'balldevice_captured_from_playfield'====== Args={'balls': 1}
2019-12-15 21:46:19,745 : INFO : EventManager : Event: ======'sw_playfield_active'====== Args={'balls': 1}
2019-12-15 21:46:19,746 : INFO : EventManager : Event: ======'playfield_ball_count_change'====== Args={'balls': 0, 'change': -1}
2019-12-15 21:46:19,750 : INFO : EventManager : Event: ======'balldevice_bd_drain_ball_enter'====== Args={'new_available_balls': 1, 'new_balls': 1, 'device': <ball_device.bd_drain>, 'unclaimed_balls': 1}
2019-12-15 21:46:19,752 : INFO : EventManager : Event: ======'ball_drain'====== Args={'device': <ball_device.bd_drain>, 'balls': 1}
2019-12-15 21:46:19,756 : INFO : EventManager : Event: ======'ball_will_end'====== Args={}
2019-12-15 21:46:19,757 : INFO : EventManager : Event: ======'balldevice_balls_available'====== Args={}
2019-12-15 21:46:19,758 : INFO : EventManager : Event: ======'balldevice_balls_available'====== Args={}
2019-12-15 21:46:19,758 : INFO : EventManager : Event: ======'balldevice_bd_drain_ball_entered'====== Args={'new_balls': 1, 'device': <ball_device.bd_drain>}
2019-12-15 21:46:19,767 : INFO : EventManager : Event: ======'ball_ending'====== Args={}
2019-12-15 21:46:19,770 : INFO : EventManager : Event: ======'mode_gym0_will_stop'====== Args={}
2019-12-15 21:46:19,771 : INFO : EventManager : Event: ======'mode_gym0_stopping'====== Args={}
2019-12-15 21:46:19,772 : INFO : EventManager : Event: ======'mode_pichu_will_stop'====== Args={}
2019-12-15 21:46:19,773 : INFO : EventManager : Event: ======'mode_pichu_stopping'====== Args={}
2019-12-15 21:46:19,773 : INFO : EventManager : Event: ======'mode_base_will_stop'====== Args={}
2019-12-15 21:46:19,774 : INFO : EventManager : Event: ======'mode_base_stopping'====== Args={}
2019-12-15 21:46:19,777 : INFO : Mode.base : Stopped.
2019-12-15 21:46:19,780 : INFO : EventManager : Event: ======'mode_base_stopped'====== Args={}
2019-12-15 21:46:19,781 : INFO : EventManager : Event: ======'clear'====== Args={'key': 'base'}
2019-12-15 21:46:19,781 : INFO : Mode.pichu : Stopped.
2019-12-15 21:46:19,785 : INFO : EventManager : Event: ======'mode_pichu_stopped'====== Args={}
2019-12-15 21:46:19,786 : INFO : EventManager : Event: ======'clear'====== Args={'key': 'pichu'}
2019-12-15 21:46:19,787 : INFO : Mode.gym0 : Stopped.
2019-12-15 21:46:19,790 : INFO : EventManager : Event: ======'mode_gym0_stopped'====== Args={}
2019-12-15 21:46:19,791 : INFO : EventManager : Event: ======'clear'====== Args={'key': 'gym0'}
2019-12-15 21:46:19,799 : INFO : EventManager : Event: ======'ball_ended'====== Args={}
2019-12-15 21:46:19,801 : INFO : EventManager : Event: ======'balldevice_bd_drain_ball_eject_attempt'====== Args={'source': <ball_device.bd_drain>, 'mechanical_eject': False, 'num_attempts': 0, 'target': <ball_device.bd_trough>, 'balls': 1}
2019-12-15 21:46:19,808 : INFO : ball_device.bd_drain : Ejecting ball to <ball_device.bd_trough>
2019-12-15 21:46:19,809 : INFO : EventManager : Event: ======'balldevice_bd_drain_ejecting_ball'====== Args={'source': <ball_device.bd_drain>, 'mechanical_eject': False, 'num_attempts': 0, 'target': <ball_device.bd_trough>, 'balls': 1}
2019-12-15 21:46:19,810 : INFO : EventManager : Event: ======'player_turn_will_end'====== Args={'player': <Player 1>, 'number': 1}
2019-12-15 21:46:19,814 : INFO : EventManager : Event: ======'player_turn_ending'====== Args={'player': <Player 1>, 'number': 1}
2019-12-15 21:46:19,816 : INFO : EventManager : Event: ======'slide_slide_mode_pichu_started_removed'====== Args={'_from_bcp': True}
2019-12-15 21:46:19,820 : INFO : EventManager : Event: ======'player_turn_ended'====== Args={'player': <Player 1>, 'number': 1}
2019-12-15 21:46:19,822 : INFO : coil.c_drain : Pulsing Driver for 20ms (1.0 pulse_power)
2019-12-15 21:46:19,829 : INFO : EventManager : Event: ======'player_turn_will_start'====== Args={'player': <Player 2>, 'number': 2}
2019-12-15 21:46:19,830 : INFO : EventManager : Event: ======'slide_slide_mode_gym0_started_removed'====== Args={'_from_bcp': True}
2019-12-15 21:46:19,831 : INFO : EventManager : Event: ======'slide_top_blank_active'====== Args={'_from_bcp': True}
2019-12-15 21:46:19,835 : INFO : EventManager : Event: ======'slide_middle_blank_active'====== Args={'_from_bcp': True}
2019-12-15 21:46:19,866 : INFO : EventManager : Event: ======'player_turn_starting'====== Args={'player': <Player 2>, 'number': 2}
2019-12-15 21:46:19,883 : INFO : EventManager : Event: ======'player_ball'====== Args={'prev_value': 0, 'change': 1, 'value': 1, 'player_num': 2}
2019-12-15 21:46:19,889 : INFO : EventManager : Event: ======'player_turn_started'====== Args={'player': <Player 2>, 'number': 2}
2019-12-15 21:46:19,893 : INFO : EventManager : Event: ======'ball_will_start'====== Args={'ball': 1, 'balls_remaining': 2, 'player': 2, 'is_extra_ball': False}
2019-12-15 21:46:19,896 : INFO : EventManager : Event: ======'ball_starting'====== Args={'ball': 1, 'balls_remaining': 2, 'player': 2, 'is_extra_ball': False}
2019-12-15 21:46:19,897 : INFO : EventManager : Event: ======'mode_base_will_start'====== Args={'is_extra_ball': False, 'balls_remaining': 2, 'player': 2, 'ball': 1, 'queue': <QueuedEvent>}
2019-12-15 21:46:19,901 : INFO : EventManager : Event: ======'mode_base_starting'====== Args={'is_extra_ball': False, 'balls_remaining': 2, 'player': 2, 'ball': 1, 'queue': <QueuedEvent>}
2019-12-15 21:46:19,901 : INFO : drop_target_bank.right_bank : 1 targets are down. Will reset those.
2019-12-15 21:46:19,902 : INFO : coil.c_drop_reset : Enabling Driver for 400ms (1.0 pulse_power)
2019-12-15 21:46:19,904 : INFO : Mode.base : Started. Priority: 31
2019-12-15 21:46:19,905 : INFO : EventManager : Event: ======'mode_base_started'====== Args={'is_extra_ball': False, 'balls_remaining': 2, 'player': 2, 'ball': 1, 'queue': <QueuedEvent>}
2019-12-15 21:46:19,905 : INFO : EventManager : Event: ======'start_mode_pichu'====== Args={'priority': 0}
2019-12-15 21:46:19,906 : INFO : EventManager : Event: ======'mode_pichu_will_start'====== Args={'priority': 0}
2019-12-15 21:46:19,916 : INFO : EventManager : Event: ======'mode_pichu_starting'====== Args={'priority': 0}
2019-12-15 21:46:19,917 : INFO : Mode.pichu : Started. Priority: 75
2019-12-15 21:46:19,917 : INFO : EventManager : Event: ======'mode_pichu_started'====== Args={'priority': 0}
2019-12-15 21:46:19,919 : INFO : EventManager : Event: ======'balls_in_play'====== Args={'balls': 1}
2019-12-15 21:46:19,920 : INFO : EventManager : Event: ======'ball_started'====== Args={'ball': 1, 'balls_remaining': 2, 'player': 2, 'is_extra_ball': False}
2019-12-15 21:46:19,924 : INFO : EventManager : Event: ======'start_gym0_event'====== Args={'priority': 0}
2019-12-15 21:46:19,928 : INFO : EventManager : Event: ======'mode_gym0_will_start'====== Args={'priority': 0}
2019-12-15 21:46:19,930 : INFO : EventManager : Event: ======'mode_gym0_starting'====== Args={'priority': 0}
2019-12-15 21:46:19,931 : INFO : Mode.gym0 : Started. Priority: 200
2019-12-15 21:46:19,931 : INFO : EventManager : Event: ======'mode_gym0_started'====== Args={'priority': 0}
2019-12-15 21:46:19,936 : INFO : EventManager : Event: ======'multi_player_ball_started'====== Args={}
2019-12-15 21:46:19,938 : INFO : EventManager : Event: ======'player_2_ball_started'====== Args={}
2019-12-15 21:46:19,941 : INFO : EventManager : Event: ======'balldevice_balls_available'====== Args={}
2019-12-15 21:46:19,964 : INFO : SwitchController : <<<<<<< 's_drain' inactive >>>>>>>
2019-12-15 21:46:19,979 : INFO : EventManager : Event: ======'slide_slide_mode_pichu_started_created'====== Args={'_from_bcp': True}
2019-12-15 21:46:19,982 : INFO : SwitchController : <<<<<<< 's_drop_center' inactive >>>>>>>
2019-12-15 21:46:19,983 : INFO : EventManager : Event: ======'playfield_active'====== Args={}
2019-12-15 21:46:19,983 : INFO : EventManager : Event: ======'unexpected_ball_on_playfield'====== Args={}
2019-12-15 21:46:19,984 : INFO : EventManager : Event: ======'drop_target_drop2_up'====== Args={'device': <drop_target.drop2>}
2019-12-15 21:46:19,995 : INFO : EventManager : Event: ======'slide_slide_mode_pichu_started_active'====== Args={'_from_bcp': True}
2019-12-15 21:46:19,998 : INFO : SwitchController : <<<<<<< 's_drain' active >>>>>>>
2019-12-15 21:46:20,007 : INFO : EventManager : Event: ======'machine_var_audits_switches_s_drain'====== Args={'prev_value': 2723, 'value': 2724, 'change': 1}
2019-12-15 21:46:20,009 : INFO : SwitchController : <<<<<<< 's_drain' inactive >>>>>>>
2019-12-15 21:46:20,023 : INFO : EventManager : Event: ======'slide_slide_mode_gym0_started_created'====== Args={'_from_bcp': True}
2019-12-15 21:46:20,029 : INFO : EventManager : Event: ======'slide_slide_mode_gym0_started_active'====== Args={'_from_bcp': True}
2019-12-15 21:46:20,285 : INFO : coil.c_drop_reset : Disabling Driver
2019-12-15 21:46:20,366 : INFO : SwitchController : <<<<<<< 's_trough' active >>>>>>>
2019-12-15 21:46:20,376 : INFO : EventManager : Event: ======'machine_var_audits_switches_s_trough'====== Args={'prev_value': 1557, 'value': 1558, 'change': 1}
2019-12-15 21:46:20,379 : INFO : EventManager : Event: ======'restore'====== Args={}
2019-12-15 21:46:20,380 : INFO : EventManager : Event: ======'drop_target_bank_right_bank_up'====== Args={}
2019-12-15 21:46:20,397 : INFO : SwitchController : <<<<<<< 's_trough' inactive >>>>>>>
2019-12-15 21:46:20,572 : INFO : SwitchController : <<<<<<< 's_trough' active >>>>>>>
2019-12-15 21:46:20,588 : INFO : EventManager : Event: ======'machine_var_audits_switches_s_trough'====== Args={'prev_value': 1558, 'value': 1559, 'change': 1}
2019-12-15 21:46:21,070 : INFO : EventManager : Event: ======'balldevice_bd_trough_ball_enter'====== Args={'new_available_balls': 0, 'new_balls': 1, 'device': <ball_device.bd_trough>, 'unclaimed_balls': 0}
2019-12-15 21:46:21,074 : INFO : EventManager : Event: ======'ball_drain'====== Args={'device': <ball_device.bd_trough>, 'balls': 0}
2019-12-15 21:46:21,077 : INFO : EventManager : Event: ======'balldevice_bd_trough_ball_entered'====== Args={'new_balls': 0, 'device': <ball_device.bd_trough>}
2019-12-15 21:46:21,078 : INFO : EventManager : Event: ======'balldevice_bd_trough_ball_count_changed'====== Args={'balls': 1}
2019-12-15 21:46:21,079 : INFO : EventManager : Event: ======'balldevice_bd_drain_ball_eject_success'====== Args={'target': <ball_device.bd_trough>, 'balls': 1}
2019-12-15 21:46:21,082 : INFO : EventManager : Event: ======'balldevice_bd_trough_ball_eject_attempt'====== Args={'source': <ball_device.bd_trough>, 'mechanical_eject': True, 'num_attempts': 0, 'target': <ball_device.bd_plunger>, 'balls': 1}
2019-12-15 21:46:21,084 : INFO : EventManager : Event: ======'balldevice_bd_drain_ball_count_changed'====== Args={'balls': 0}
2019-12-15 21:46:21,087 : INFO : ball_device.bd_trough : Ejecting ball to <ball_device.bd_plunger>
2019-12-15 21:46:21,088 : INFO : EventManager : Event: ======'balldevice_bd_trough_ejecting_ball'====== Args={'source': <ball_device.bd_trough>, 'mechanical_eject': True, 'num_attempts': 0, 'target': <ball_device.bd_plunger>, 'balls': 1}
2019-12-15 21:46:21,092 : INFO : coil.c_trough : Pulsing Driver for 7ms (1.0 pulse_power)
2019-12-15 21:46:21,115 : INFO : SwitchController : <<<<<<< 's_trough' inactive >>>>>>>
2019-12-15 21:46:21,678 : INFO : SwitchController : <<<<<<< 's_trough' active >>>>>>>
2019-12-15 21:46:21,693 : INFO : EventManager : Event: ======'machine_var_audits_switches_s_trough'====== Args={'prev_value': 1559, 'value': 1560, 'change': 1}
2019-12-15 21:46:21,695 : INFO : SwitchController : <<<<<<< 's_trough' inactive >>>>>>>
2019-12-15 21:46:21,865 : INFO : SwitchController : <<<<<<< 's_trough' active >>>>>>>
2019-12-15 21:46:21,874 : INFO : EventManager : Event: ======'machine_var_audits_switches_s_trough'====== Args={'prev_value': 1560, 'value': 1561, 'change': 1}
2019-12-15 21:46:31,119 : INFO : EventManager : Event: ======'balldevice_bd_plunger_ejecting_ball'====== Args={'source': <ball_device.bd_plunger>, 'mechanical_eject': None, 'num_attempts': 1, 'target': <playfield.playfield>, 'balls': 1}
2019-12-15 21:46:31,123 : INFO : EventManager : Event: ======'balldevice_bd_trough_ball_eject_failed'====== Args={'num_attempts': 1, 'retry': True, 'target': <ball_device.bd_plunger>, 'balls': 1}
2019-12-15 21:46:31,131 : INFO : EventManager : Event: ======'balldevice_bd_plunger_ball_eject_failed'====== Args={'num_attempts': 1, 'retry': True, 'target': <playfield.playfield>, 'balls': 1}
2019-12-15 21:46:31,135 : INFO : EventManager : Event: ======'balldevice_bd_trough_ball_eject_attempt'====== Args={'source': <ball_device.bd_trough>, 'mechanical_eject': True, 'num_attempts': 1, 'target': <ball_device.bd_plunger>, 'balls': 1}
2019-12-15 21:46:31,140 : INFO : ball_device.bd_trough : Ejecting ball to <ball_device.bd_plunger>
2019-12-15 21:46:31,141 : INFO : EventManager : Event: ======'balldevice_bd_trough_ejecting_ball'====== Args={'source': <ball_device.bd_trough>, 'mechanical_eject': True, 'num_attempts': 1, 'target': <ball_device.bd_plunger>, 'balls': 1}
2019-12-15 21:46:31,147 : INFO : coil.c_trough : Pulsing Driver for 7ms (1.0 pulse_power)
2019-12-15 21:46:31,181 : INFO : SwitchController : <<<<<<< 's_trough' inactive >>>>>>>
2019-12-15 21:46:38,892 : INFO : Machine : Shutting down...
2019-12-15 21:46:38,892 : INFO : EventManager : Event: ======'shutdown'====== Args={}
2019-12-15 21:46:38,939 : ERROR : FAST : Stop called on serial connection com5
2019-12-15 21:46:38,939 : ERROR : FAST : Stop called on serial connection com4
2019-12-15 21:46:39,173 : INFO : root : MPF run loop ended.
