2019-12-14 09:59:38,950 : kivy : Factory: 194 symbols loaded
2019-12-14 09:59:40,340 : kivy : Image: Providers: img_tex, img_dds, img_sdl2, img_pil, img_gif (img_ffpyplayer ignored)
2019-12-14 09:59:41,965 : kivy : VideoGstplayer: Using Gstreamer 1.10.2.0
2019-12-14 09:59:41,965 : kivy : Video: Provider: gstplayer
2019-12-14 09:59:42,871 : kivy : Loading MPF-MC controller
2019-12-14 09:59:42,887 : mpfmc : Mission Pinball Framework Media Controller v0.50.8
2019-12-14 09:59:42,887 : mpfmc : Mission Pinball Framework Game Engine v0.50.17
2019-12-14 09:59:42,887 : mpfmc : Machine path: E:\POKEMON - 3 - GYMS DISPLAYS
2019-12-14 09:59:42,887 : ConfigProcessor : Config file in cache changed: E:\POKEMON - 3 - GYMS DISPLAYS\config\config
2019-12-14 09:59:44,840 : ConfigProcessor : Loading config from file c:\python34\lib\site-packages\mpfmc\mcconfig.yaml.
2019-12-14 09:59:45,106 : ConfigProcessor : Loading config: c:\python34\lib\site-packages\mpfmc\mcconfig.yaml
2019-12-14 09:59:45,106 : ConfigProcessor : Loading config from file E:\POKEMON - 3 - GYMS DISPLAYS\config\config.
2019-12-14 09:59:45,356 : ConfigProcessor : Loading config: E:\POKEMON - 3 - GYMS DISPLAYS\config\config
2019-12-14 09:59:45,387 : ConfigProcessor : Loading config: E:\POKEMON - 3 - GYMS DISPLAYS\config\player_variables.yaml
2019-12-14 09:59:45,652 : ConfigProcessor : Loading config: E:\POKEMON - 3 - GYMS DISPLAYS\config\key_mapping.yaml
2019-12-14 09:59:45,668 : ConfigProcessor : Config file cache created: C:\Users\MISSIO~1\AppData\Local\Temp\aa033f1fd07646de8b3bd008da80b834.mpf_cache
2019-12-14 09:59:45,668 : mpfmc : Starting clock at 60.0Hz
2019-12-14 09:59:45,965 : kivy : Text: Provider: sdl2
2019-12-14 09:59:48,144 : kivy : OSC: using <thread> for socket
2019-12-14 09:59:48,191 : kivy : Window: Provider: sdl2
2019-12-14 09:59:49,042 : kivy : GL: Using the "OpenGL" graphics system
2019-12-14 09:59:49,059 : kivy : GL: GLEW initialization succeeded
2019-12-14 09:59:49,061 : kivy : GL: Backend used <glew>
2019-12-14 09:59:49,062 : kivy : GL: OpenGL version <b'4.4.0 - Build 20.19.15.4835'>
2019-12-14 09:59:49,065 : kivy : GL: OpenGL vendor <b'Intel'>
2019-12-14 09:59:49,066 : kivy : GL: OpenGL renderer <b'Intel(R) HD Graphics'>
2019-12-14 09:59:49,068 : kivy : GL: OpenGL parsed version: 4, 4
2019-12-14 09:59:49,069 : kivy : GL: Shading version <b'4.40 - Build 20.19.15.4835'>
2019-12-14 09:59:49,071 : kivy : GL: Texture max size <16384>
2019-12-14 09:59:49,072 : kivy : GL: Texture max units <32>
2019-12-14 09:59:49,167 : kivy : Shader: fragment shader: <b"WARNING: 0:7: '' :  #version directive missing">
2019-12-14 09:59:49,310 : kivy : Shader: vertex shader: <b"WARNING: 0:7: '' :  #version directive missing">
2019-12-14 09:59:49,373 : kivy : Window: auto add sdl2 input provider
2019-12-14 09:59:49,375 : kivy : Window: virtual keyboard not allowed, single mode, not docked
2019-12-14 09:59:49,457 : SoundSystem : SoundSystem: Using default 'sound_system' settings
2019-12-14 09:59:58,219 : AudioInterface : Initialized
2019-12-14 09:59:58,224 : SoundSystem : No audio tracks are specified in your machine config file. a track named 'default' has been created.
2019-12-14 09:59:58,239 : kivy : Base: Start application main loop
2019-12-14 09:59:58,377 : mpfmc : Display: Setting 'window' as default display
2019-12-14 09:59:58,641 : ConfigProcessor : Loading config from cache: C:\Users\MISSIO~1\AppData\Local\Temp\aad48548988dd5e95d839b70bde2a6c9.mpf_cache
2019-12-14 09:59:58,654 : ConfigProcessor : Loading config from cache: C:\Users\MISSIO~1\AppData\Local\Temp\d868708421ecefdd23b54f4fefaa5a63.mpf_cache
2019-12-14 09:59:58,672 : ConfigProcessor : Loading config from cache: C:\Users\MISSIO~1\AppData\Local\Temp\691014465c877a30c4e85c0b37ef7391.mpf_cache
2019-12-14 09:59:58,680 : ConfigProcessor : Loading config from cache: C:\Users\MISSIO~1\AppData\Local\Temp\868965d45e8ef85973deb1cc43e3c6e9.mpf_cache
2019-12-14 09:59:58,707 : ConfigProcessor : Loading config from cache: C:\Users\MISSIO~1\AppData\Local\Temp\91c30393a7736530c48ab886a6ae90df.mpf_cache
2019-12-14 09:59:58,730 : ConfigProcessor : Loading config from cache: C:\Users\MISSIO~1\AppData\Local\Temp\1b6068dc0dcf1445cf37058c25ad802b.mpf_cache
2019-12-14 09:59:58,741 : ConfigProcessor : Loading config from cache: C:\Users\MISSIO~1\AppData\Local\Temp\2ad3e4afc7b8ab807ff1625862e58922.mpf_cache
2019-12-14 09:59:58,750 : ConfigProcessor : Loading config from cache: C:\Users\MISSIO~1\AppData\Local\Temp\00b811264d7e79f39b66bcbc6609bb6e.mpf_cache
2019-12-14 09:59:58,758 : ConfigProcessor : Loading config from cache: C:\Users\MISSIO~1\AppData\Local\Temp\7c8a3dbd3a1f76b71c509d64239c80b0.mpf_cache
2019-12-14 09:59:58,771 : ConfigProcessor : Loading config from cache: C:\Users\MISSIO~1\AppData\Local\Temp\ffc5df461fc927df7502c20268b6e23c.mpf_cache
2019-12-14 09:59:58,776 : ConfigProcessor : Loading config from cache: C:\Users\MISSIO~1\AppData\Local\Temp\c8c985d122de6339937b15f5cde5ffe7.mpf_cache
2019-12-14 09:59:58,781 : ConfigProcessor : Loading config from cache: C:\Users\MISSIO~1\AppData\Local\Temp\03465e6905c319de2817a60078df797b.mpf_cache
2019-12-14 09:59:58,792 : ConfigProcessor : Loading config from cache: C:\Users\MISSIO~1\AppData\Local\Temp\4ed449c86f3920ad38c9f19e6b1fcd80.mpf_cache
2019-12-14 09:59:58,800 : ConfigProcessor : Loading config from cache: C:\Users\MISSIO~1\AppData\Local\Temp\230c7edf879901b77e29ab003ecfd977.mpf_cache
2019-12-14 09:59:58,818 : ConfigProcessor : Loading config from cache: C:\Users\MISSIO~1\AppData\Local\Temp\e94996e3615e593edab21d6f0e7b4569.mpf_cache
2019-12-14 09:59:58,826 : ConfigProcessor : Loading config from cache: C:\Users\MISSIO~1\AppData\Local\Temp\aacde2a5df2e44f5e01226064ab4c3c5.mpf_cache
2019-12-14 09:59:58,839 : ConfigProcessor : Loading config from cache: C:\Users\MISSIO~1\AppData\Local\Temp\0c90eb48fda27bb17da0cfa70b6cea42.mpf_cache
2019-12-14 09:59:58,848 : ConfigProcessor : Loading config from cache: C:\Users\MISSIO~1\AppData\Local\Temp\3512d3a51b29689f2a9a6db585213e7b.mpf_cache
2019-12-14 09:59:58,860 : ConfigProcessor : Loading config from cache: C:\Users\MISSIO~1\AppData\Local\Temp\c4c39d8157ba863610e7d2b8306a4087.mpf_cache
2019-12-14 09:59:58,872 : ConfigProcessor : Loading config from cache: C:\Users\MISSIO~1\AppData\Local\Temp\37af0ab3cb4984093f408b6580ccda04.mpf_cache
2019-12-14 09:59:58,882 : ConfigProcessor : Loading config from cache: C:\Users\MISSIO~1\AppData\Local\Temp\325be8140670be7b4f7f24b4ea9ecf41.mpf_cache
2019-12-14 09:59:58,901 : ConfigProcessor : Loading config from cache: C:\Users\MISSIO~1\AppData\Local\Temp\2bf399aa483f8a887eec2aa10342ca9f.mpf_cache
2019-12-14 09:59:58,914 : ConfigProcessor : Loading config from cache: C:\Users\MISSIO~1\AppData\Local\Temp\da1c75dbc5d48bb99b7ea9aec7919bfa.mpf_cache
2019-12-14 09:59:58,923 : ConfigProcessor : Loading config from cache: C:\Users\MISSIO~1\AppData\Local\Temp\10f8871b1481fbf59bf30d5b3d29537e.mpf_cache
2019-12-14 09:59:58,927 : ConfigProcessor : Loading config from cache: C:\Users\MISSIO~1\AppData\Local\Temp\9463ad916821e4687af4640a7d04ba98.mpf_cache
2019-12-14 09:59:58,963 : MPF-MC BCP Server : Starting up on localhost port 5050
2019-12-14 09:59:58,998 : MPF-MC BCP Server : Waiting for a connection...
2019-12-14 09:59:58,999 : mpfmc : SlidePlayer: Play called with settings={'slides': {'welcome_slide': {'show': True, 'expire': None, 'target': None, 'action': 'play', 'slide': None, 'priority': None, 'force': False, 'background_color': [0.0, 0.0, 0.0, 1.0], 'transition': None, 'transition_out': None}}}
2019-12-14 09:59:59,200 : MPF-MC BCP Server : Received connection from: 127.0.0.1:50397
2019-12-14 09:59:59,325 : kivy : GL: NPOT texture support is available
2019-12-14 09:59:59,636 : BcpProcessor : Received invalid BCP command: mode_list
2019-12-14 09:59:59,745 : mpfmc : SlidePlayer: Play called with settings={'slides': {'welcome_slide': {'show': True, 'expire': None, 'target': None, 'action': 'play', 'slide': None, 'priority': None, 'force': False, 'background_color': [0.0, 0.0, 0.0, 1.0], 'transition': None, 'transition_out': None}}}
2019-12-14 09:59:59,792 : mpfmc : SlidePlayer: Play called with settings={'slides': {'attract_started': {'show': True, 'expire': None, 'target': None, 'action': 'play', 'slide': None, 'priority': None, 'force': False, 'background_color': [0.0, 0.0, 0.0, 1.0], 'transition': None, 'transition_out': None}}}
2019-12-14 10:00:02,090 : mpfmc : SlidePlayer: Play called with settings={'slides': {'layout_3_mini': {'show': True, 'expire': None, 'target': 'window', 'action': 'play', 'slide': None, 'priority': None, 'force': False, 'background_color': [0.0, 0.0, 0.0, 1.0], 'transition': None, 'transition_out': None}}}
2019-12-14 10:00:02,185 : mpfmc : SlidePlayer: Play called with settings={'slides': {'layout_3_mini': {'show': True, 'expire': None, 'target': 'window', 'action': 'play', 'slide': None, 'priority': None, 'force': False, 'background_color': [0.0, 0.0, 0.0, 1.0], 'transition': None, 'transition_out': None}}}
2019-12-14 10:00:02,226 : mpfmc : SlidePlayer: Play called with settings={'slides': {'slide_mode_pichu_started': {'show': True, 'expire': None, 'target': 'top', 'action': 'play', 'slide': None, 'priority': None, 'force': False, 'background_color': [0.0, 0.0, 0.0, 1.0], 'transition': None, 'transition_out': None}}}
2019-12-14 10:00:02,377 : mpfmc : SlidePlayer: Play called with settings={'slides': {'slide_mode_gym0_started': {'show': True, 'expire': None, 'target': 'middle', 'action': 'play', 'slide': None, 'priority': None, 'force': False, 'background_color': [0.0, 0.0, 0.0, 1.0], 'transition': None, 'transition_out': None}}}
2019-12-14 10:00:59,960 : mpfmc : SlidePlayer: Play called with settings={'slides': {'slide_mode_pichu_started': {'show': True, 'expire': None, 'target': 'top', 'action': 'play', 'slide': None, 'priority': None, 'force': False, 'background_color': [0.0, 0.0, 0.0, 1.0], 'transition': None, 'transition_out': None}}}
2019-12-14 10:01:00,093 : mpfmc : SlidePlayer: Play called with settings={'slides': {'slide_mode_gym0_started': {'show': True, 'expire': None, 'target': 'middle', 'action': 'play', 'slide': None, 'priority': None, 'force': False, 'background_color': [0.0, 0.0, 0.0, 1.0], 'transition': None, 'transition_out': None}}}
2019-12-14 10:03:11,917 : kivy : Base: Leaving application in progress...
2019-12-14 10:03:12,226 : mpfmc : Stopping...
2019-12-14 10:03:12,226 : mpfmc : Loop rate 80.55 Hz
2019-12-14 10:03:12,226 : kivy : MC run loop ended.
2019-12-14 10:03:12,226 : kivy : Stopping child threads... (3 remaining)
2019-12-14 10:03:13,179 : mpfmc : Stopping...
2019-12-14 10:03:13,179 : mpfmc : Loop rate 80.15 Hz
2019-12-14 10:03:13,241 : MPF-MC BCP Server : Stopping BCP sending thread
2019-12-14 10:03:13,320 : kivy : All child threads stopped.
