2019-10-11 14:36:46,131 : kivy : Factory: 194 symbols loaded
2019-10-11 14:36:47,240 : kivy : Image: Providers: img_tex, img_dds, img_sdl2, img_pil, img_gif (img_ffpyplayer ignored)
2019-10-11 14:36:47,865 : kivy : VideoGstplayer: Using Gstreamer 1.10.2.0
2019-10-11 14:36:47,881 : kivy : Video: Provider: gstplayer
2019-10-11 14:36:48,334 : kivy : Loading MPF-MC controller
2019-10-11 14:36:48,334 : mpfmc : Mission Pinball Framework Media Controller v0.50.8
2019-10-11 14:36:48,334 : mpfmc : Mission Pinball Framework Game Engine v0.50.17
2019-10-11 14:36:48,334 : mpfmc : Machine path: D:\POKEMON - 2
2019-10-11 14:36:48,350 : ConfigProcessor : Config file in cache changed: D:\POKEMON - 2\config\config
2019-10-11 14:36:50,865 : ConfigProcessor : Loading config from file c:\python34\lib\site-packages\mpfmc\mcconfig.yaml.
2019-10-11 14:36:51,209 : ConfigProcessor : Loading config: c:\python34\lib\site-packages\mpfmc\mcconfig.yaml
2019-10-11 14:36:51,209 : ConfigProcessor : Loading config from file D:\POKEMON - 2\config\config.
2019-10-11 14:36:52,272 : ConfigProcessor : Loading config: D:\POKEMON - 2\config\config
2019-10-11 14:36:52,287 : ConfigProcessor : Loading config: D:\POKEMON - 2\config\player_variables.yaml
2019-10-11 14:36:52,303 : ConfigProcessor : Loading config: D:\POKEMON - 2\config\key_mapping.yaml
2019-10-11 14:36:52,319 : ConfigProcessor : Config file cache created: C:\Users\MISSIO~1\AppData\Local\Temp\9066572af3754bcb4e8ca411bd20a237.mpf_cache
2019-10-11 14:36:52,319 : mpfmc : Starting clock at 60.0Hz
2019-10-11 14:36:52,490 : kivy : Text: Provider: sdl2
2019-10-11 14:36:54,584 : kivy : OSC: using <thread> for socket
2019-10-11 14:36:54,615 : kivy : Window: Provider: sdl2
2019-10-11 14:36:55,062 : kivy : GL: Using the "OpenGL" graphics system
2019-10-11 14:36:55,065 : kivy : GL: GLEW initialization succeeded
2019-10-11 14:36:55,066 : kivy : GL: Backend used <glew>
2019-10-11 14:36:55,067 : kivy : GL: OpenGL version <b'4.4.0 - Build 20.19.15.4835'>
2019-10-11 14:36:55,067 : kivy : GL: OpenGL vendor <b'Intel'>
2019-10-11 14:36:55,068 : kivy : GL: OpenGL renderer <b'Intel(R) HD Graphics'>
2019-10-11 14:36:55,068 : kivy : GL: OpenGL parsed version: 4, 4
2019-10-11 14:36:55,069 : kivy : GL: Shading version <b'4.40 - Build 20.19.15.4835'>
2019-10-11 14:36:55,069 : kivy : GL: Texture max size <16384>
2019-10-11 14:36:55,070 : kivy : GL: Texture max units <32>
2019-10-11 14:36:55,176 : kivy : Shader: fragment shader: <b"WARNING: 0:7: '' :  #version directive missing">
2019-10-11 14:36:55,183 : kivy : Shader: vertex shader: <b"WARNING: 0:7: '' :  #version directive missing">
2019-10-11 14:36:55,225 : kivy : Window: auto add sdl2 input provider
2019-10-11 14:36:55,226 : kivy : Window: virtual keyboard not allowed, single mode, not docked
2019-10-11 14:36:55,268 : SoundSystem : SoundSystem: Using default 'sound_system' settings
2019-10-11 14:36:58,560 : AudioInterface : Initialized
2019-10-11 14:36:58,564 : SoundSystem : No audio tracks are specified in your machine config file. a track named 'default' has been created.
2019-10-11 14:36:58,588 : kivy : Base: Start application main loop
2019-10-11 14:36:58,687 : mpfmc : Display: Setting 'window' as default display
2019-10-11 14:36:59,022 : ConfigProcessor : Loading config from cache: C:\Users\MISSIO~1\AppData\Local\Temp\c8c985d122de6339937b15f5cde5ffe7.mpf_cache
2019-10-11 14:36:59,026 : ConfigProcessor : Loading config from cache: C:\Users\MISSIO~1\AppData\Local\Temp\d7f8a5ee622046c7da753c9c40514d63.mpf_cache
2019-10-11 14:36:59,100 : ConfigProcessor : Loading config from cache: C:\Users\MISSIO~1\AppData\Local\Temp\b016e39aaa9fcc310b2c911cb998ccc7.mpf_cache
2019-10-11 14:36:59,127 : ConfigProcessor : Loading config from cache: C:\Users\MISSIO~1\AppData\Local\Temp\4db3b4eb08bf5f2e1b30e7df1dec754e.mpf_cache
2019-10-11 14:36:59,151 : ConfigProcessor : Loading config from cache: C:\Users\MISSIO~1\AppData\Local\Temp\10f8871b1481fbf59bf30d5b3d29537e.mpf_cache
2019-10-11 14:36:59,155 : ConfigProcessor : Loading config from cache: C:\Users\MISSIO~1\AppData\Local\Temp\6f2a382b9c765c6a1f408e05b1d50db1.mpf_cache
2019-10-11 14:36:59,165 : MPF-MC BCP Server : Starting up on localhost port 5050
2019-10-11 14:36:59,197 : MPF-MC BCP Server : Waiting for a connection...
2019-10-11 14:36:59,198 : mpfmc : SlidePlayer: Play called with settings={'slides': {'welcome_slide': {'target': None, 'background_color': [0.0, 0.0, 0.0, 1.0], 'priority': None, 'action': 'play', 'force': False, 'expire': None, 'transition_out': None, 'show': True, 'transition': None, 'slide': None}}}
2019-10-11 14:36:59,469 : kivy : GL: NPOT texture support is available
2019-10-11 14:37:06,611 : kivy : Base: Leaving application in progress...
2019-10-11 14:37:06,969 : mpfmc : Stopping...
2019-10-11 14:37:06,969 : mpfmc : Loop rate 67.28 Hz
2019-10-11 14:37:06,969 : kivy : MC run loop ended.
2019-10-11 14:37:06,969 : kivy : Stopping child threads... (3 remaining)
2019-10-11 14:37:07,203 : MPF-MC BCP Server : Stopping BCP listener thread
2019-10-11 14:37:07,203 : MPF-MC BCP Server : Stopping BCP sending thread
2019-10-11 14:37:07,625 : kivy : All child threads stopped.
