2019-12-13 19:07:10,565 : kivy : Factory: 194 symbols loaded
2019-12-13 19:07:11,143 : kivy : Image: Providers: img_tex, img_dds, img_sdl2, img_pil, img_gif (img_ffpyplayer ignored)
2019-12-13 19:07:11,502 : kivy : VideoGstplayer: Using Gstreamer 1.10.2.0
2019-12-13 19:07:11,518 : kivy : Video: Provider: gstplayer
2019-12-13 19:07:11,878 : kivy : Loading MPF-MC controller
2019-12-13 19:07:12,018 : mpfmc : Mission Pinball Framework Media Controller v0.50.8
2019-12-13 19:07:12,018 : mpfmc : Mission Pinball Framework Game Engine v0.50.17
2019-12-13 19:07:12,018 : mpfmc : Machine path: E:\POKEMON - 3 - GYMS DISPLAYS
2019-12-13 19:07:12,033 : ConfigProcessor : Config file in cache changed: E:\POKEMON - 3 - GYMS DISPLAYS\config\config
2019-12-13 19:07:13,690 : ConfigProcessor : Loading config from file c:\python34\lib\site-packages\mpfmc\mcconfig.yaml.
2019-12-13 19:07:13,893 : ConfigProcessor : Loading config: c:\python34\lib\site-packages\mpfmc\mcconfig.yaml
2019-12-13 19:07:13,893 : ConfigProcessor : Loading config from file E:\POKEMON - 3 - GYMS DISPLAYS\config\config.
2019-12-13 19:07:14,096 : ConfigProcessor : Loading config: E:\POKEMON - 3 - GYMS DISPLAYS\config\config
2019-12-13 19:07:14,112 : ConfigProcessor : Loading config: E:\POKEMON - 3 - GYMS DISPLAYS\config\player_variables.yaml
2019-12-13 19:07:14,143 : ConfigProcessor : Loading config: E:\POKEMON - 3 - GYMS DISPLAYS\config\key_mapping.yaml
2019-12-13 19:07:14,143 : ConfigProcessor : Config file cache created: C:\Users\MISSIO~1\AppData\Local\Temp\aa033f1fd07646de8b3bd008da80b834.mpf_cache
2019-12-13 19:07:14,143 : mpfmc : Starting clock at 60.0Hz
2019-12-13 19:07:14,205 : kivy : Text: Provider: sdl2
2019-12-13 19:07:15,909 : kivy : OSC: using <thread> for socket
2019-12-13 19:07:15,986 : kivy : Window: Provider: sdl2
2019-12-13 19:07:16,258 : kivy : GL: Using the "OpenGL" graphics system
2019-12-13 19:07:16,261 : kivy : GL: GLEW initialization succeeded
2019-12-13 19:07:16,262 : kivy : GL: Backend used <glew>
2019-12-13 19:07:16,263 : kivy : GL: OpenGL version <b'4.4.0 - Build 20.19.15.4835'>
2019-12-13 19:07:16,263 : kivy : GL: OpenGL vendor <b'Intel'>
2019-12-13 19:07:16,264 : kivy : GL: OpenGL renderer <b'Intel(R) HD Graphics'>
2019-12-13 19:07:16,264 : kivy : GL: OpenGL parsed version: 4, 4
2019-12-13 19:07:16,264 : kivy : GL: Shading version <b'4.40 - Build 20.19.15.4835'>
2019-12-13 19:07:16,265 : kivy : GL: Texture max size <16384>
2019-12-13 19:07:16,265 : kivy : GL: Texture max units <32>
2019-12-13 19:07:16,315 : kivy : Shader: fragment shader: <b"WARNING: 0:7: '' :  #version directive missing">
2019-12-13 19:07:16,316 : kivy : Shader: vertex shader: <b"WARNING: 0:7: '' :  #version directive missing">
2019-12-13 19:07:16,335 : kivy : Window: auto add sdl2 input provider
2019-12-13 19:07:16,336 : kivy : Window: virtual keyboard not allowed, single mode, not docked
2019-12-13 19:07:16,384 : SoundSystem : SoundSystem: Using default 'sound_system' settings
2019-12-13 19:07:18,425 : AudioInterface : Initialized
2019-12-13 19:07:18,427 : SoundSystem : No audio tracks are specified in your machine config file. a track named 'default' has been created.
2019-12-13 19:07:18,439 : kivy : Base: Start application main loop
2019-12-13 19:07:18,518 : mpfmc : Display: Setting 'window' as default display
2019-12-13 19:07:18,707 : ConfigProcessor : Loading config from cache: C:\Users\MISSIO~1\AppData\Local\Temp\7c8a3dbd3a1f76b71c509d64239c80b0.mpf_cache
2019-12-13 19:07:18,717 : ConfigProcessor : Loading config from cache: C:\Users\MISSIO~1\AppData\Local\Temp\e94996e3615e593edab21d6f0e7b4569.mpf_cache
2019-12-13 19:07:18,724 : ConfigProcessor : Loading config from cache: C:\Users\MISSIO~1\AppData\Local\Temp\d868708421ecefdd23b54f4fefaa5a63.mpf_cache
2019-12-13 19:07:18,739 : ConfigProcessor : Loading config from cache: C:\Users\MISSIO~1\AppData\Local\Temp\1b6068dc0dcf1445cf37058c25ad802b.mpf_cache
2019-12-13 19:07:18,749 : ConfigProcessor : Loading config from cache: C:\Users\MISSIO~1\AppData\Local\Temp\91c30393a7736530c48ab886a6ae90df.mpf_cache
2019-12-13 19:07:18,768 : ConfigProcessor : Loading config from cache: C:\Users\MISSIO~1\AppData\Local\Temp\2bf399aa483f8a887eec2aa10342ca9f.mpf_cache
2019-12-13 19:07:18,778 : ConfigProcessor : Loading config from cache: C:\Users\MISSIO~1\AppData\Local\Temp\691014465c877a30c4e85c0b37ef7391.mpf_cache
2019-12-13 19:07:18,784 : ConfigProcessor : Loading config from cache: C:\Users\MISSIO~1\AppData\Local\Temp\c8c985d122de6339937b15f5cde5ffe7.mpf_cache
2019-12-13 19:07:18,788 : ConfigProcessor : Loading config from cache: C:\Users\MISSIO~1\AppData\Local\Temp\10f8871b1481fbf59bf30d5b3d29537e.mpf_cache
2019-12-13 19:07:18,791 : ConfigProcessor : Loading config from cache: C:\Users\MISSIO~1\AppData\Local\Temp\00b811264d7e79f39b66bcbc6609bb6e.mpf_cache
2019-12-13 19:07:18,798 : ConfigProcessor : Loading config from cache: C:\Users\MISSIO~1\AppData\Local\Temp\230c7edf879901b77e29ab003ecfd977.mpf_cache
2019-12-13 19:07:18,813 : ConfigProcessor : Loading config from cache: C:\Users\MISSIO~1\AppData\Local\Temp\0c90eb48fda27bb17da0cfa70b6cea42.mpf_cache
2019-12-13 19:07:18,820 : ConfigProcessor : Loading config from cache: C:\Users\MISSIO~1\AppData\Local\Temp\aad48548988dd5e95d839b70bde2a6c9.mpf_cache
2019-12-13 19:07:18,830 : ConfigProcessor : Loading config from cache: C:\Users\MISSIO~1\AppData\Local\Temp\aacde2a5df2e44f5e01226064ab4c3c5.mpf_cache
2019-12-13 19:07:18,839 : ConfigProcessor : Loading config from cache: C:\Users\MISSIO~1\AppData\Local\Temp\3512d3a51b29689f2a9a6db585213e7b.mpf_cache
2019-12-13 19:07:18,849 : ConfigProcessor : Loading config from cache: C:\Users\MISSIO~1\AppData\Local\Temp\37af0ab3cb4984093f408b6580ccda04.mpf_cache
2019-12-13 19:07:18,856 : ConfigProcessor : Loading config from cache: C:\Users\MISSIO~1\AppData\Local\Temp\4ed449c86f3920ad38c9f19e6b1fcd80.mpf_cache
2019-12-13 19:07:18,863 : ConfigProcessor : Loading config from cache: C:\Users\MISSIO~1\AppData\Local\Temp\2ad3e4afc7b8ab807ff1625862e58922.mpf_cache
2019-12-13 19:07:18,869 : ConfigProcessor : Loading config from cache: C:\Users\MISSIO~1\AppData\Local\Temp\ffc5df461fc927df7502c20268b6e23c.mpf_cache
2019-12-13 19:07:18,872 : ConfigProcessor : Loading config from cache: C:\Users\MISSIO~1\AppData\Local\Temp\9463ad916821e4687af4640a7d04ba98.mpf_cache
2019-12-13 19:07:18,879 : ConfigProcessor : Loading config from cache: C:\Users\MISSIO~1\AppData\Local\Temp\da1c75dbc5d48bb99b7ea9aec7919bfa.mpf_cache
2019-12-13 19:07:18,886 : ConfigProcessor : Loading config from cache: C:\Users\MISSIO~1\AppData\Local\Temp\868965d45e8ef85973deb1cc43e3c6e9.mpf_cache
2019-12-13 19:07:18,905 : ConfigProcessor : Loading config from cache: C:\Users\MISSIO~1\AppData\Local\Temp\325be8140670be7b4f7f24b4ea9ecf41.mpf_cache
2019-12-13 19:07:18,921 : ConfigProcessor : Loading config from cache: C:\Users\MISSIO~1\AppData\Local\Temp\c4c39d8157ba863610e7d2b8306a4087.mpf_cache
2019-12-13 19:07:18,930 : ConfigProcessor : Loading config from cache: C:\Users\MISSIO~1\AppData\Local\Temp\03465e6905c319de2817a60078df797b.mpf_cache
2019-12-13 19:07:18,957 : MPF-MC BCP Server : Starting up on localhost port 5050
2019-12-13 19:07:18,984 : MPF-MC BCP Server : Waiting for a connection...
2019-12-13 19:07:18,985 : mpfmc : SlidePlayer: Play called with settings={'slides': {'welcome_slide': {'background_color': [0.0, 0.0, 0.0, 1.0], 'force': False, 'transition_out': None, 'target': None, 'priority': None, 'action': 'play', 'expire': None, 'slide': None, 'show': True, 'transition': None}}}
2019-12-13 19:07:19,183 : kivy : GL: NPOT texture support is available
2019-12-13 19:07:19,661 : MPF-MC BCP Server : Received connection from: 127.0.0.1:49961
2019-12-13 19:07:19,713 : BcpProcessor : Received invalid BCP command: mode_list
2019-12-13 19:07:19,978 : mpfmc : SlidePlayer: Play called with settings={'slides': {'welcome_slide': {'background_color': [0.0, 0.0, 0.0, 1.0], 'force': False, 'transition_out': None, 'target': None, 'priority': None, 'action': 'play', 'expire': None, 'slide': None, 'show': True, 'transition': None}}}
2019-12-13 19:07:20,105 : mpfmc : SlidePlayer: Play called with settings={'slides': {'attract_started': {'background_color': [0.0, 0.0, 0.0, 1.0], 'force': False, 'transition_out': None, 'target': None, 'priority': None, 'action': 'play', 'expire': None, 'slide': None, 'show': True, 'transition': None}}}
2019-12-13 19:11:34,010 : mpfmc : SlidePlayer: Play called with settings={'slides': {'layout_3_mini': {'background_color': [0.0, 0.0, 0.0, 1.0], 'action': 'play', 'target': 'window', 'transition_out': None, 'force': False, 'priority': None, 'expire': None, 'slide': None, 'show': True, 'transition': None}}}
2019-12-13 19:11:34,124 : mpfmc : SlidePlayer: Play called with settings={'slides': {'layout_3_mini': {'background_color': [0.0, 0.0, 0.0, 1.0], 'action': 'play', 'target': 'window', 'transition_out': None, 'force': False, 'priority': None, 'expire': None, 'slide': None, 'show': True, 'transition': None}}}
2019-12-13 19:11:34,160 : mpfmc : SlidePlayer: Play called with settings={'slides': {'slide_mode_pichu_started': {'background_color': [0.0, 0.0, 0.0, 1.0], 'action': 'play', 'target': 'top', 'transition_out': None, 'force': False, 'priority': None, 'expire': None, 'slide': None, 'show': True, 'transition': None}}}
2019-12-13 19:11:34,222 : mpfmc : SlidePlayer: Play called with settings={'slides': {'slide_mode_gym0_started': {'background_color': [0.0, 0.0, 0.0, 1.0], 'action': 'play', 'target': 'middle', 'transition_out': None, 'force': False, 'priority': None, 'expire': None, 'slide': None, 'show': True, 'transition': None}}}
2019-12-13 19:11:55,656 : mpfmc : SlidePlayer: Play called with settings={'slides': {'slide_mode_gym0_started': {'background_color': [0.0, 0.0, 0.0, 1.0], 'action': 'play', 'target': 'middle', 'transition_out': None, 'force': False, 'priority': None, 'expire': None, 'slide': None, 'show': True, 'transition': None}}}
2019-12-13 19:11:55,688 : mpfmc : SlidePlayer: Play called with settings={'slides': {'slide_mode_pichu_started': {'background_color': [0.0, 0.0, 0.0, 1.0], 'action': 'play', 'target': 'top', 'transition_out': None, 'force': False, 'priority': None, 'expire': None, 'slide': None, 'show': True, 'transition': None}}}
2019-12-13 19:13:08,662 : mpfmc : SlidePlayer: Play called with settings={'slides': {'slide_mode_gym0_started': {'background_color': [0.0, 0.0, 0.0, 1.0], 'action': 'play', 'target': 'middle', 'transition_out': None, 'force': False, 'priority': None, 'expire': None, 'slide': None, 'show': True, 'transition': None}}}
2019-12-13 19:13:08,700 : mpfmc : SlidePlayer: Play called with settings={'slides': {'slide_mode_pichu_started': {'background_color': [0.0, 0.0, 0.0, 1.0], 'action': 'play', 'target': 'top', 'transition_out': None, 'force': False, 'priority': None, 'expire': None, 'slide': None, 'show': True, 'transition': None}}}
2019-12-13 19:13:25,734 : mpfmc : SlidePlayer: Play called with settings={'slides': {'slide_mode_evolve_pichu_started': {'background_color': [0.0, 0.0, 0.0, 1.0], 'action': 'play', 'target': 'top', 'transition_out': None, 'force': False, 'priority': None, 'expire': None, 'slide': None, 'show': True, 'transition': None}}}
2019-12-13 19:13:29,164 : mpfmc : SlidePlayer: Play called with settings={'slides': {'slide_mode_gym1_started': {'background_color': [0.0, 0.0, 0.0, 1.0], 'action': 'play', 'target': 'middle', 'transition_out': None, 'force': False, 'priority': None, 'expire': None, 'slide': None, 'show': True, 'transition': None}}}
2019-12-13 19:13:55,253 : mpfmc : SlidePlayer: Play called with settings={'slides': {'slide_mode_pikachu_started': {'background_color': [0.0, 0.0, 0.0, 1.0], 'action': 'play', 'target': 'top', 'transition_out': None, 'force': False, 'priority': None, 'expire': None, 'slide': None, 'show': True, 'transition': None}}}
2019-12-13 19:14:08,017 : mpfmc : SlidePlayer: Play called with settings={'slides': {'attract_started': {'background_color': [0.0, 0.0, 0.0, 1.0], 'force': False, 'transition_out': None, 'target': None, 'priority': None, 'action': 'play', 'expire': None, 'slide': None, 'show': True, 'transition': None}}}
2019-12-13 19:14:12,829 : mpfmc : SlidePlayer: Play called with settings={'slides': {'layout_3_mini': {'background_color': [0.0, 0.0, 0.0, 1.0], 'action': 'play', 'target': 'window', 'transition_out': None, 'force': False, 'priority': None, 'expire': None, 'slide': None, 'show': True, 'transition': None}}}
2019-12-13 19:14:12,925 : mpfmc : SlidePlayer: Play called with settings={'slides': {'layout_3_mini': {'background_color': [0.0, 0.0, 0.0, 1.0], 'action': 'play', 'target': 'window', 'transition_out': None, 'force': False, 'priority': None, 'expire': None, 'slide': None, 'show': True, 'transition': None}}}
2019-12-13 19:14:12,959 : mpfmc : SlidePlayer: Play called with settings={'slides': {'slide_mode_pichu_started': {'background_color': [0.0, 0.0, 0.0, 1.0], 'action': 'play', 'target': 'top', 'transition_out': None, 'force': False, 'priority': None, 'expire': None, 'slide': None, 'show': True, 'transition': None}}}
2019-12-13 19:14:13,067 : mpfmc : SlidePlayer: Play called with settings={'slides': {'slide_mode_gym0_started': {'background_color': [0.0, 0.0, 0.0, 1.0], 'action': 'play', 'target': 'middle', 'transition_out': None, 'force': False, 'priority': None, 'expire': None, 'slide': None, 'show': True, 'transition': None}}}
2019-12-13 19:14:38,285 : mpfmc : SlidePlayer: Play called with settings={'slides': {'slide_mode_gym1_started': {'background_color': [0.0, 0.0, 0.0, 1.0], 'action': 'play', 'target': 'middle', 'transition_out': None, 'force': False, 'priority': None, 'expire': None, 'slide': None, 'show': True, 'transition': None}}}
2019-12-13 19:15:03,818 : mpfmc : SlidePlayer: Play called with settings={'slides': {'slide_mode_evolve_pichu_started': {'background_color': [0.0, 0.0, 0.0, 1.0], 'action': 'play', 'target': 'top', 'transition_out': None, 'force': False, 'priority': None, 'expire': None, 'slide': None, 'show': True, 'transition': None}}}
2019-12-13 19:15:05,022 : mpfmc : SlidePlayer: Play called with settings={'slides': {'slide_mode_gym1_ended_started': {'background_color': [0.0, 0.0, 0.0, 1.0], 'action': 'play', 'target': 'middle', 'transition_out': None, 'force': False, 'priority': None, 'expire': None, 'slide': None, 'show': True, 'transition': None}}}
2019-12-13 19:15:13,022 : mpfmc : SlidePlayer: Play called with settings={'slides': {'slide_mode_pikachu_started': {'background_color': [0.0, 0.0, 0.0, 1.0], 'action': 'play', 'target': 'top', 'transition_out': None, 'force': False, 'priority': None, 'expire': None, 'slide': None, 'show': True, 'transition': None}}}
2019-12-13 19:15:18,321 : mpfmc : SlidePlayer: Play called with settings={'slides': {'slide_mode_gym2_started': {'background_color': [0.0, 0.0, 0.0, 1.0], 'action': 'play', 'target': 'middle', 'transition_out': None, 'force': False, 'priority': None, 'expire': None, 'slide': None, 'show': True, 'transition': None}}}
2019-12-13 19:15:25,463 : mpfmc : SlidePlayer: Play called with settings={'slides': {'slide_mode_pikachu_started': {'background_color': [0.0, 0.0, 0.0, 1.0], 'action': 'play', 'target': 'top', 'transition_out': None, 'force': False, 'priority': None, 'expire': None, 'slide': None, 'show': True, 'transition': None}}}
2019-12-13 19:15:25,528 : mpfmc : SlidePlayer: Play called with settings={'slides': {'slide_mode_gym2_started': {'background_color': [0.0, 0.0, 0.0, 1.0], 'action': 'play', 'target': 'middle', 'transition_out': None, 'force': False, 'priority': None, 'expire': None, 'slide': None, 'show': True, 'transition': None}}}
2019-12-13 19:15:45,658 : mpfmc : SlidePlayer: Play called with settings={'slides': {'slide_mode_gym2_ended_started': {'background_color': [0.0, 0.0, 0.0, 1.0], 'action': 'play', 'target': 'middle', 'transition_out': None, 'force': False, 'priority': None, 'expire': None, 'slide': None, 'show': True, 'transition': None}}}
2019-12-13 19:15:49,330 : mpfmc : SlidePlayer: Play called with settings={'slides': {'slide_mode_evolve_pikachu_started': {'background_color': [0.0, 0.0, 0.0, 1.0], 'action': 'play', 'target': 'top', 'transition_out': None, 'force': False, 'priority': None, 'expire': None, 'slide': None, 'show': True, 'transition': None}}}
2019-12-13 19:15:49,385 : mpfmc : SlidePlayer: Play called with settings={'slides': {'slide_mode_gym3_started': {'background_color': [0.0, 0.0, 0.0, 1.0], 'action': 'play', 'target': 'middle', 'transition_out': None, 'force': False, 'priority': None, 'expire': None, 'slide': None, 'show': True, 'transition': None}}}
2019-12-13 19:16:02,158 : mpfmc : SlidePlayer: Play called with settings={'slides': {'slide_mode_gym3_ended_started': {'background_color': [0.0, 0.0, 0.0, 1.0], 'action': 'play', 'target': 'middle', 'transition_out': None, 'force': False, 'priority': None, 'expire': None, 'slide': None, 'show': True, 'transition': None}}}
2019-12-13 19:16:07,399 : mpfmc : SlidePlayer: Play called with settings={'slides': {'slide_mode_raichu_started': {'background_color': [0.0, 0.0, 0.0, 1.0], 'action': 'play', 'target': 'top', 'transition_out': None, 'force': False, 'priority': None, 'expire': None, 'slide': None, 'show': True, 'transition': None}}}
2019-12-13 19:16:25,732 : mpfmc : SlidePlayer: Play called with settings={'slides': {'slide_mode_raichu_started': {'background_color': [0.0, 0.0, 0.0, 1.0], 'action': 'play', 'target': 'top', 'transition_out': None, 'force': False, 'priority': None, 'expire': None, 'slide': None, 'show': True, 'transition': None}}}
2019-12-13 19:16:25,819 : mpfmc : SlidePlayer: Play called with settings={'slides': {'slide_mode_gym3_ended_started': {'background_color': [0.0, 0.0, 0.0, 1.0], 'action': 'play', 'target': 'middle', 'transition_out': None, 'force': False, 'priority': None, 'expire': None, 'slide': None, 'show': True, 'transition': None}}}
2019-12-13 19:16:41,799 : mpfmc : SlidePlayer: Play called with settings={'slides': {'attract_started': {'background_color': [0.0, 0.0, 0.0, 1.0], 'force': False, 'transition_out': None, 'target': None, 'priority': None, 'action': 'play', 'expire': None, 'slide': None, 'show': True, 'transition': None}}}
2019-12-13 19:20:26,983 : mpfmc : SlidePlayer: Play called with settings={'slides': {'layout_3_mini': {'background_color': [0.0, 0.0, 0.0, 1.0], 'action': 'play', 'target': 'window', 'transition_out': None, 'force': False, 'priority': None, 'expire': None, 'slide': None, 'show': True, 'transition': None}}}
2019-12-13 19:20:27,310 : mpfmc : SlidePlayer: Play called with settings={'slides': {'layout_3_mini': {'background_color': [0.0, 0.0, 0.0, 1.0], 'action': 'play', 'target': 'window', 'transition_out': None, 'force': False, 'priority': None, 'expire': None, 'slide': None, 'show': True, 'transition': None}}}
2019-12-13 19:20:27,344 : mpfmc : SlidePlayer: Play called with settings={'slides': {'slide_mode_pichu_started': {'background_color': [0.0, 0.0, 0.0, 1.0], 'action': 'play', 'target': 'top', 'transition_out': None, 'force': False, 'priority': None, 'expire': None, 'slide': None, 'show': True, 'transition': None}}}
2019-12-13 19:20:27,389 : mpfmc : SlidePlayer: Play called with settings={'slides': {'slide_mode_gym0_started': {'background_color': [0.0, 0.0, 0.0, 1.0], 'action': 'play', 'target': 'middle', 'transition_out': None, 'force': False, 'priority': None, 'expire': None, 'slide': None, 'show': True, 'transition': None}}}
2019-12-13 19:21:07,475 : mpfmc : SlidePlayer: Play called with settings={'slides': {'slide_mode_evolve_pichu_started': {'background_color': [0.0, 0.0, 0.0, 1.0], 'action': 'play', 'target': 'top', 'transition_out': None, 'force': False, 'priority': None, 'expire': None, 'slide': None, 'show': True, 'transition': None}}}
2019-12-13 19:21:14,383 : mpfmc : SlidePlayer: Play called with settings={'slides': {'slide_mode_evolve_pichu_started': {'background_color': [0.0, 0.0, 0.0, 1.0], 'action': 'play', 'target': 'top', 'transition_out': None, 'force': False, 'priority': None, 'expire': None, 'slide': None, 'show': True, 'transition': None}}}
2019-12-13 19:21:14,429 : mpfmc : SlidePlayer: Play called with settings={'slides': {'slide_mode_gym0_started': {'background_color': [0.0, 0.0, 0.0, 1.0], 'action': 'play', 'target': 'middle', 'transition_out': None, 'force': False, 'priority': None, 'expire': None, 'slide': None, 'show': True, 'transition': None}}}
2019-12-13 19:21:49,760 : mpfmc : SlidePlayer: Play called with settings={'slides': {'slide_mode_pikachu_started': {'background_color': [0.0, 0.0, 0.0, 1.0], 'action': 'play', 'target': 'top', 'transition_out': None, 'force': False, 'priority': None, 'expire': None, 'slide': None, 'show': True, 'transition': None}}}
2019-12-13 19:22:24,054 : mpfmc : SlidePlayer: Play called with settings={'slides': {'slide_mode_pikachu_started': {'background_color': [0.0, 0.0, 0.0, 1.0], 'action': 'play', 'target': 'top', 'transition_out': None, 'force': False, 'priority': None, 'expire': None, 'slide': None, 'show': True, 'transition': None}}}
2019-12-13 19:22:24,125 : mpfmc : SlidePlayer: Play called with settings={'slides': {'slide_mode_gym0_started': {'background_color': [0.0, 0.0, 0.0, 1.0], 'action': 'play', 'target': 'middle', 'transition_out': None, 'force': False, 'priority': None, 'expire': None, 'slide': None, 'show': True, 'transition': None}}}
2019-12-13 19:22:42,732 : mpfmc : SlidePlayer: Play called with settings={'slides': {'attract_started': {'background_color': [0.0, 0.0, 0.0, 1.0], 'force': False, 'transition_out': None, 'target': None, 'priority': None, 'action': 'play', 'expire': None, 'slide': None, 'show': True, 'transition': None}}}
2019-12-13 19:22:44,823 : mpfmc : SlidePlayer: Play called with settings={'slides': {'layout_3_mini': {'background_color': [0.0, 0.0, 0.0, 1.0], 'action': 'play', 'target': 'window', 'transition_out': None, 'force': False, 'priority': None, 'expire': None, 'slide': None, 'show': True, 'transition': None}}}
2019-12-13 19:22:44,903 : mpfmc : SlidePlayer: Play called with settings={'slides': {'layout_3_mini': {'background_color': [0.0, 0.0, 0.0, 1.0], 'action': 'play', 'target': 'window', 'transition_out': None, 'force': False, 'priority': None, 'expire': None, 'slide': None, 'show': True, 'transition': None}}}
2019-12-13 19:22:44,940 : mpfmc : SlidePlayer: Play called with settings={'slides': {'slide_mode_pichu_started': {'background_color': [0.0, 0.0, 0.0, 1.0], 'action': 'play', 'target': 'top', 'transition_out': None, 'force': False, 'priority': None, 'expire': None, 'slide': None, 'show': True, 'transition': None}}}
2019-12-13 19:22:45,044 : mpfmc : SlidePlayer: Play called with settings={'slides': {'slide_mode_gym0_started': {'background_color': [0.0, 0.0, 0.0, 1.0], 'action': 'play', 'target': 'middle', 'transition_out': None, 'force': False, 'priority': None, 'expire': None, 'slide': None, 'show': True, 'transition': None}}}
2019-12-13 19:22:58,557 : mpfmc : SlidePlayer: Play called with settings={'slides': {'slide_mode_gym1_started': {'background_color': [0.0, 0.0, 0.0, 1.0], 'action': 'play', 'target': 'middle', 'transition_out': None, 'force': False, 'priority': None, 'expire': None, 'slide': None, 'show': True, 'transition': None}}}
2019-12-13 19:23:18,046 : mpfmc : SlidePlayer: Play called with settings={'slides': {'slide_mode_gym1_started': {'background_color': [0.0, 0.0, 0.0, 1.0], 'action': 'play', 'target': 'middle', 'transition_out': None, 'force': False, 'priority': None, 'expire': None, 'slide': None, 'show': True, 'transition': None}}}
2019-12-13 19:23:18,100 : mpfmc : SlidePlayer: Play called with settings={'slides': {'slide_mode_pichu_started': {'background_color': [0.0, 0.0, 0.0, 1.0], 'action': 'play', 'target': 'top', 'transition_out': None, 'force': False, 'priority': None, 'expire': None, 'slide': None, 'show': True, 'transition': None}}}
2019-12-13 19:23:39,271 : mpfmc : SlidePlayer: Play called with settings={'slides': {'slide_mode_evolve_pichu_started': {'background_color': [0.0, 0.0, 0.0, 1.0], 'action': 'play', 'target': 'top', 'transition_out': None, 'force': False, 'priority': None, 'expire': None, 'slide': None, 'show': True, 'transition': None}}}
2019-12-13 19:23:51,516 : mpfmc : SlidePlayer: Play called with settings={'slides': {'slide_mode_evolve_pichu_started': {'background_color': [0.0, 0.0, 0.0, 1.0], 'action': 'play', 'target': 'top', 'transition_out': None, 'force': False, 'priority': None, 'expire': None, 'slide': None, 'show': True, 'transition': None}}}
2019-12-13 19:23:51,573 : mpfmc : SlidePlayer: Play called with settings={'slides': {'slide_mode_gym1_started': {'background_color': [0.0, 0.0, 0.0, 1.0], 'action': 'play', 'target': 'middle', 'transition_out': None, 'force': False, 'priority': None, 'expire': None, 'slide': None, 'show': True, 'transition': None}}}
2019-12-13 19:24:08,420 : mpfmc : SlidePlayer: Play called with settings={'slides': {'attract_started': {'background_color': [0.0, 0.0, 0.0, 1.0], 'force': False, 'transition_out': None, 'target': None, 'priority': None, 'action': 'play', 'expire': None, 'slide': None, 'show': True, 'transition': None}}}
2019-12-13 19:24:11,124 : mpfmc : SlidePlayer: Play called with settings={'slides': {'layout_3_mini': {'background_color': [0.0, 0.0, 0.0, 1.0], 'action': 'play', 'target': 'window', 'transition_out': None, 'force': False, 'priority': None, 'expire': None, 'slide': None, 'show': True, 'transition': None}}}
2019-12-13 19:24:11,217 : mpfmc : SlidePlayer: Play called with settings={'slides': {'layout_3_mini': {'background_color': [0.0, 0.0, 0.0, 1.0], 'action': 'play', 'target': 'window', 'transition_out': None, 'force': False, 'priority': None, 'expire': None, 'slide': None, 'show': True, 'transition': None}}}
2019-12-13 19:24:11,250 : mpfmc : SlidePlayer: Play called with settings={'slides': {'slide_mode_pichu_started': {'background_color': [0.0, 0.0, 0.0, 1.0], 'action': 'play', 'target': 'top', 'transition_out': None, 'force': False, 'priority': None, 'expire': None, 'slide': None, 'show': True, 'transition': None}}}
2019-12-13 19:24:11,306 : mpfmc : SlidePlayer: Play called with settings={'slides': {'slide_mode_gym0_started': {'background_color': [0.0, 0.0, 0.0, 1.0], 'action': 'play', 'target': 'middle', 'transition_out': None, 'force': False, 'priority': None, 'expire': None, 'slide': None, 'show': True, 'transition': None}}}
2019-12-13 19:25:37,395 : mpfmc : SlidePlayer: Play called with settings={'slides': {'slide_mode_gym0_started': {'background_color': [0.0, 0.0, 0.0, 1.0], 'action': 'play', 'target': 'middle', 'transition_out': None, 'force': False, 'priority': None, 'expire': None, 'slide': None, 'show': True, 'transition': None}}}
2019-12-13 19:25:37,440 : mpfmc : SlidePlayer: Play called with settings={'slides': {'slide_mode_pichu_started': {'background_color': [0.0, 0.0, 0.0, 1.0], 'action': 'play', 'target': 'top', 'transition_out': None, 'force': False, 'priority': None, 'expire': None, 'slide': None, 'show': True, 'transition': None}}}
2019-12-13 19:25:52,944 : mpfmc : SlidePlayer: Play called with settings={'slides': {'slide_mode_evolve_pichu_started': {'background_color': [0.0, 0.0, 0.0, 1.0], 'action': 'play', 'target': 'top', 'transition_out': None, 'force': False, 'priority': None, 'expire': None, 'slide': None, 'show': True, 'transition': None}}}
2019-12-13 19:26:10,184 : mpfmc : SlidePlayer: Play called with settings={'slides': {'slide_mode_gym1_started': {'background_color': [0.0, 0.0, 0.0, 1.0], 'action': 'play', 'target': 'middle', 'transition_out': None, 'force': False, 'priority': None, 'expire': None, 'slide': None, 'show': True, 'transition': None}}}
2019-12-13 19:26:13,980 : mpfmc : SlidePlayer: Play called with settings={'slides': {'slide_mode_evolve_pichu_started': {'background_color': [0.0, 0.0, 0.0, 1.0], 'action': 'play', 'target': 'top', 'transition_out': None, 'force': False, 'priority': None, 'expire': None, 'slide': None, 'show': True, 'transition': None}}}
2019-12-13 19:26:14,026 : mpfmc : SlidePlayer: Play called with settings={'slides': {'slide_mode_gym1_started': {'background_color': [0.0, 0.0, 0.0, 1.0], 'action': 'play', 'target': 'middle', 'transition_out': None, 'force': False, 'priority': None, 'expire': None, 'slide': None, 'show': True, 'transition': None}}}
2019-12-13 19:26:26,034 : mpfmc : SlidePlayer: Play called with settings={'slides': {'slide_mode_pikachu_started': {'background_color': [0.0, 0.0, 0.0, 1.0], 'action': 'play', 'target': 'top', 'transition_out': None, 'force': False, 'priority': None, 'expire': None, 'slide': None, 'show': True, 'transition': None}}}
2019-12-13 19:27:00,963 : mpfmc : SlidePlayer: Play called with settings={'slides': {'slide_mode_gym1_ended_started': {'background_color': [0.0, 0.0, 0.0, 1.0], 'action': 'play', 'target': 'middle', 'transition_out': None, 'force': False, 'priority': None, 'expire': None, 'slide': None, 'show': True, 'transition': None}}}
2019-12-13 19:27:05,464 : mpfmc : SlidePlayer: Play called with settings={'slides': {'attract_started': {'background_color': [0.0, 0.0, 0.0, 1.0], 'force': False, 'transition_out': None, 'target': None, 'priority': None, 'action': 'play', 'expire': None, 'slide': None, 'show': True, 'transition': None}}}
2019-12-13 19:27:08,737 : mpfmc : SlidePlayer: Play called with settings={'slides': {'layout_3_mini': {'background_color': [0.0, 0.0, 0.0, 1.0], 'action': 'play', 'target': 'window', 'transition_out': None, 'force': False, 'priority': None, 'expire': None, 'slide': None, 'show': True, 'transition': None}}}
2019-12-13 19:27:08,819 : mpfmc : SlidePlayer: Play called with settings={'slides': {'layout_3_mini': {'background_color': [0.0, 0.0, 0.0, 1.0], 'action': 'play', 'target': 'window', 'transition_out': None, 'force': False, 'priority': None, 'expire': None, 'slide': None, 'show': True, 'transition': None}}}
2019-12-13 19:27:09,108 : mpfmc : SlidePlayer: Play called with settings={'slides': {'slide_mode_pichu_started': {'background_color': [0.0, 0.0, 0.0, 1.0], 'action': 'play', 'target': 'top', 'transition_out': None, 'force': False, 'priority': None, 'expire': None, 'slide': None, 'show': True, 'transition': None}}}
2019-12-13 19:27:09,156 : mpfmc : SlidePlayer: Play called with settings={'slides': {'slide_mode_gym0_started': {'background_color': [0.0, 0.0, 0.0, 1.0], 'action': 'play', 'target': 'middle', 'transition_out': None, 'force': False, 'priority': None, 'expire': None, 'slide': None, 'show': True, 'transition': None}}}
2019-12-13 19:27:22,266 : mpfmc : SlidePlayer: Play called with settings={'slides': {'slide_mode_pichu_started': {'background_color': [0.0, 0.0, 0.0, 1.0], 'action': 'play', 'target': 'top', 'transition_out': None, 'force': False, 'priority': None, 'expire': None, 'slide': None, 'show': True, 'transition': None}}}
2019-12-13 19:27:22,346 : mpfmc : SlidePlayer: Play called with settings={'slides': {'slide_mode_gym0_started': {'background_color': [0.0, 0.0, 0.0, 1.0], 'action': 'play', 'target': 'middle', 'transition_out': None, 'force': False, 'priority': None, 'expire': None, 'slide': None, 'show': True, 'transition': None}}}
2019-12-13 19:27:53,964 : mpfmc : SlidePlayer: Play called with settings={'slides': {'slide_mode_gym1_started': {'background_color': [0.0, 0.0, 0.0, 1.0], 'action': 'play', 'target': 'middle', 'transition_out': None, 'force': False, 'priority': None, 'expire': None, 'slide': None, 'show': True, 'transition': None}}}
2019-12-13 19:28:26,334 : mpfmc : SlidePlayer: Play called with settings={'slides': {'slide_mode_evolve_pichu_started': {'background_color': [0.0, 0.0, 0.0, 1.0], 'action': 'play', 'target': 'top', 'transition_out': None, 'force': False, 'priority': None, 'expire': None, 'slide': None, 'show': True, 'transition': None}}}
2019-12-13 19:28:29,598 : mpfmc : SlidePlayer: Play called with settings={'slides': {'slide_mode_gym1_ended_started': {'background_color': [0.0, 0.0, 0.0, 1.0], 'action': 'play', 'target': 'middle', 'transition_out': None, 'force': False, 'priority': None, 'expire': None, 'slide': None, 'show': True, 'transition': None}}}
2019-12-13 19:28:41,770 : mpfmc : SlidePlayer: Play called with settings={'slides': {'slide_mode_gym2_started': {'background_color': [0.0, 0.0, 0.0, 1.0], 'action': 'play', 'target': 'middle', 'transition_out': None, 'force': False, 'priority': None, 'expire': None, 'slide': None, 'show': True, 'transition': None}}}
2019-12-13 19:29:06,258 : mpfmc : SlidePlayer: Play called with settings={'slides': {'slide_mode_gym0_started': {'background_color': [0.0, 0.0, 0.0, 1.0], 'action': 'play', 'target': 'middle', 'transition_out': None, 'force': False, 'priority': None, 'expire': None, 'slide': None, 'show': True, 'transition': None}}}
2019-12-13 19:29:06,300 : mpfmc : SlidePlayer: Play called with settings={'slides': {'slide_mode_pichu_started': {'background_color': [0.0, 0.0, 0.0, 1.0], 'action': 'play', 'target': 'top', 'transition_out': None, 'force': False, 'priority': None, 'expire': None, 'slide': None, 'show': True, 'transition': None}}}
2019-12-13 19:29:20,359 : mpfmc : SlidePlayer: Play called with settings={'slides': {'slide_mode_evolve_pichu_started': {'background_color': [0.0, 0.0, 0.0, 1.0], 'action': 'play', 'target': 'top', 'transition_out': None, 'force': False, 'priority': None, 'expire': None, 'slide': None, 'show': True, 'transition': None}}}
2019-12-13 19:29:20,426 : mpfmc : SlidePlayer: Play called with settings={'slides': {'slide_mode_gym2_started': {'background_color': [0.0, 0.0, 0.0, 1.0], 'action': 'play', 'target': 'middle', 'transition_out': None, 'force': False, 'priority': None, 'expire': None, 'slide': None, 'show': True, 'transition': None}}}
2019-12-13 19:29:30,094 : mpfmc : SlidePlayer: Play called with settings={'slides': {'slide_mode_pikachu_started': {'background_color': [0.0, 0.0, 0.0, 1.0], 'action': 'play', 'target': 'top', 'transition_out': None, 'force': False, 'priority': None, 'expire': None, 'slide': None, 'show': True, 'transition': None}}}
2019-12-13 19:30:03,867 : mpfmc : SlidePlayer: Play called with settings={'slides': {'slide_mode_evolve_pikachu_started': {'background_color': [0.0, 0.0, 0.0, 1.0], 'action': 'play', 'target': 'top', 'transition_out': None, 'force': False, 'priority': None, 'expire': None, 'slide': None, 'show': True, 'transition': None}}}
2019-12-13 19:30:08,631 : mpfmc : SlidePlayer: Play called with settings={'slides': {'slide_mode_raichu_started': {'background_color': [0.0, 0.0, 0.0, 1.0], 'action': 'play', 'target': 'top', 'transition_out': None, 'force': False, 'priority': None, 'expire': None, 'slide': None, 'show': True, 'transition': None}}}
2019-12-13 19:30:14,362 : mpfmc : SlidePlayer: Play called with settings={'slides': {'slide_mode_gym2_ended_started': {'background_color': [0.0, 0.0, 0.0, 1.0], 'action': 'play', 'target': 'middle', 'transition_out': None, 'force': False, 'priority': None, 'expire': None, 'slide': None, 'show': True, 'transition': None}}}
2019-12-13 19:30:19,704 : mpfmc : SlidePlayer: Play called with settings={'slides': {'slide_mode_gym0_started': {'background_color': [0.0, 0.0, 0.0, 1.0], 'action': 'play', 'target': 'middle', 'transition_out': None, 'force': False, 'priority': None, 'expire': None, 'slide': None, 'show': True, 'transition': None}}}
2019-12-13 19:30:19,737 : mpfmc : SlidePlayer: Play called with settings={'slides': {'slide_mode_pichu_started': {'background_color': [0.0, 0.0, 0.0, 1.0], 'action': 'play', 'target': 'top', 'transition_out': None, 'force': False, 'priority': None, 'expire': None, 'slide': None, 'show': True, 'transition': None}}}
2019-12-13 19:30:41,759 : mpfmc : SlidePlayer: Play called with settings={'slides': {'slide_mode_raichu_started': {'background_color': [0.0, 0.0, 0.0, 1.0], 'action': 'play', 'target': 'top', 'transition_out': None, 'force': False, 'priority': None, 'expire': None, 'slide': None, 'show': True, 'transition': None}}}
2019-12-13 19:30:41,827 : mpfmc : SlidePlayer: Play called with settings={'slides': {'slide_mode_gym2_ended_started': {'background_color': [0.0, 0.0, 0.0, 1.0], 'action': 'play', 'target': 'middle', 'transition_out': None, 'force': False, 'priority': None, 'expire': None, 'slide': None, 'show': True, 'transition': None}}}
2019-12-13 19:31:34,507 : mpfmc : SlidePlayer: Play called with settings={'slides': {'slide_mode_gym3_started': {'background_color': [0.0, 0.0, 0.0, 1.0], 'action': 'play', 'target': 'middle', 'transition_out': None, 'force': False, 'priority': None, 'expire': None, 'slide': None, 'show': True, 'transition': None}}}
2019-12-13 19:31:40,142 : mpfmc : SlidePlayer: Play called with settings={'slides': {'slide_mode_gym3_ended_started': {'background_color': [0.0, 0.0, 0.0, 1.0], 'action': 'play', 'target': 'middle', 'transition_out': None, 'force': False, 'priority': None, 'expire': None, 'slide': None, 'show': True, 'transition': None}}}
2019-12-13 19:31:54,930 : mpfmc : SlidePlayer: Play called with settings={'slides': {'attract_started': {'background_color': [0.0, 0.0, 0.0, 1.0], 'force': False, 'transition_out': None, 'target': None, 'priority': None, 'action': 'play', 'expire': None, 'slide': None, 'show': True, 'transition': None}}}
2019-12-13 19:32:05,266 : kivy : Base: Leaving application in progress...
2019-12-13 19:32:05,594 : mpfmc : Stopping...
2019-12-13 19:32:05,594 : mpfmc : Loop rate 81.35 Hz
2019-12-13 19:32:05,594 : kivy : MC run loop ended.
2019-12-13 19:32:05,594 : kivy : Stopping child threads... (3 remaining)
2019-12-13 19:32:06,556 : mpfmc : Stopping...
2019-12-13 19:32:06,556 : mpfmc : Loop rate 81.3 Hz
2019-12-13 19:32:06,603 : MPF-MC BCP Server : Stopping BCP sending thread
2019-12-13 19:32:06,681 : kivy : All child threads stopped.
