2019-05-27 12:02:23,919 : kivy : Factory: 194 symbols loaded
2019-05-27 12:02:25,013 : kivy : Image: Providers: img_tex, img_dds, img_sdl2, img_pil, img_gif (img_ffpyplayer ignored)
2019-05-27 12:02:25,696 : kivy : VideoGstplayer: Using Gstreamer 1.10.2.0
2019-05-27 12:02:25,698 : kivy : Video: Provider: gstplayer
2019-05-27 12:02:26,519 : kivy : Loading MPF-MC controller
2019-05-27 12:02:26,519 : mpfmc : Mission Pinball Framework Media Controller v0.50.8
2019-05-27 12:02:26,519 : mpfmc : Mission Pinball Framework Game Engine v0.50.17
2019-05-27 12:02:26,519 : mpfmc : Machine path: D:\POKEMON
2019-05-27 12:02:26,535 : ConfigProcessor : Config file in cache changed: D:\POKEMON\config\config
2019-05-27 12:02:28,174 : ConfigProcessor : Loading config from file c:\python34\lib\site-packages\mpfmc\mcconfig.yaml.
2019-05-27 12:02:28,371 : ConfigProcessor : Loading config: c:\python34\lib\site-packages\mpfmc\mcconfig.yaml
2019-05-27 12:02:28,379 : ConfigProcessor : Loading config from file D:\POKEMON\config\config.
2019-05-27 12:02:28,524 : ConfigProcessor : Loading config: D:\POKEMON\config\config
2019-05-27 12:02:28,540 : ConfigProcessor : Config file cache created: C:\Users\MISSIO~1\AppData\Local\Temp\42582fcba572e096272241837be67618.mpf_cache
2019-05-27 12:02:28,562 : mpfmc : Starting clock at 60.0Hz
2019-05-27 12:02:28,825 : kivy : Text: Provider: sdl2
2019-05-27 12:02:30,998 : kivy : OSC: using <thread> for socket
2019-05-27 12:02:31,167 : kivy : Window: Provider: sdl2
2019-05-27 12:02:31,727 : kivy : GL: Using the "OpenGL" graphics system
2019-05-27 12:02:31,741 : kivy : GL: GLEW initialization succeeded
2019-05-27 12:02:31,743 : kivy : GL: Backend used <glew>
2019-05-27 12:02:31,745 : kivy : GL: OpenGL version <b'4.4.0 - Build 20.19.15.4835'>
2019-05-27 12:02:31,745 : kivy : GL: OpenGL vendor <b'Intel'>
2019-05-27 12:02:31,746 : kivy : GL: OpenGL renderer <b'Intel(R) HD Graphics'>
2019-05-27 12:02:31,746 : kivy : GL: OpenGL parsed version: 4, 4
2019-05-27 12:02:31,747 : kivy : GL: Shading version <b'4.40 - Build 20.19.15.4835'>
2019-05-27 12:02:31,748 : kivy : GL: Texture max size <16384>
2019-05-27 12:02:31,749 : kivy : GL: Texture max units <32>
2019-05-27 12:02:31,820 : kivy : Shader: fragment shader: <b"WARNING: 0:7: '' :  #version directive missing">
2019-05-27 12:02:31,823 : kivy : Shader: vertex shader: <b"WARNING: 0:7: '' :  #version directive missing">
2019-05-27 12:02:31,876 : kivy : Window: auto add sdl2 input provider
2019-05-27 12:02:31,878 : kivy : Window: virtual keyboard not allowed, single mode, not docked
2019-05-27 12:02:31,984 : SoundSystem : SoundSystem: Using default 'sound_system' settings
2019-05-27 12:02:39,153 : AudioInterface : Initialized
2019-05-27 12:02:39,156 : SoundSystem : No audio tracks are specified in your machine config file. a track named 'default' has been created.
2019-05-27 12:02:39,169 : kivy : Base: Start application main loop
2019-05-27 12:02:39,248 : mpfmc : Display: Setting 'window' as default display
2019-05-27 12:02:39,500 : ConfigProcessor : Loading config from cache: C:\Users\MISSIO~1\AppData\Local\Temp\c8c985d122de6339937b15f5cde5ffe7.mpf_cache
2019-05-27 12:02:39,503 : ConfigProcessor : Loading config from cache: C:\Users\MISSIO~1\AppData\Local\Temp\10f8871b1481fbf59bf30d5b3d29537e.mpf_cache
2019-05-27 12:02:39,506 : ConfigProcessor : Loading config from cache: C:\Users\MISSIO~1\AppData\Local\Temp\01c5ea7020f20fc8cd2609416c749c9a.mpf_cache
2019-05-27 12:02:39,524 : MPF-MC BCP Server : Starting up on localhost port 5050
2019-05-27 12:02:39,550 : MPF-MC BCP Server : Waiting for a connection...
2019-05-27 12:02:39,551 : mpfmc : SlidePlayer: Play called with settings={'slides': {'welcome_slide': {'transition': None, 'target': None, 'force': False, 'expire': None, 'background_color': [0.0, 0.0, 0.0, 1.0], 'transition_out': None, 'priority': None, 'action': 'play', 'show': True, 'slide': None}}}
2019-05-27 12:02:39,670 : MPF-MC BCP Server : Received connection from: 127.0.0.1:52829
2019-05-27 12:02:39,895 : kivy : GL: NPOT texture support is available
2019-05-27 12:02:39,934 : mpfmc : SlidePlayer: Play called with settings={'slides': {'welcome_slide': {'transition': None, 'target': None, 'force': False, 'expire': None, 'background_color': [0.0, 0.0, 0.0, 1.0], 'transition_out': None, 'priority': None, 'action': 'play', 'show': True, 'slide': None}}}
2019-05-27 12:02:39,961 : BcpProcessor : Received invalid BCP command: mode_list
2019-05-27 12:02:40,004 : mpfmc : SlidePlayer: Play called with settings={'slides': {'attract_started': {'transition': None, 'target': None, 'force': False, 'expire': None, 'background_color': [0.0, 0.0, 0.0, 1.0], 'transition_out': None, 'priority': None, 'action': 'play', 'show': True, 'slide': None}}}
2019-05-27 12:04:31,798 : mpfmc : SlidePlayer: Play called with settings={'slides': {'attract_started': {'transition': None, 'target': None, 'force': False, 'expire': None, 'background_color': [0.0, 0.0, 0.0, 1.0], 'transition_out': None, 'priority': None, 'action': 'play', 'show': True, 'slide': None}}}
2019-05-27 12:05:38,034 : mpfmc : SlidePlayer: Play called with settings={'slides': {'attract_started': {'transition': None, 'target': None, 'force': False, 'expire': None, 'background_color': [0.0, 0.0, 0.0, 1.0], 'transition_out': None, 'priority': None, 'action': 'play', 'show': True, 'slide': None}}}
2019-05-27 12:07:58,207 : mpfmc : SlidePlayer: Play called with settings={'slides': {'attract_started': {'transition': None, 'target': None, 'force': False, 'expire': None, 'background_color': [0.0, 0.0, 0.0, 1.0], 'transition_out': None, 'priority': None, 'action': 'play', 'show': True, 'slide': None}}}
2019-05-27 12:10:35,542 : mpfmc : SlidePlayer: Play called with settings={'slides': {'attract_started': {'transition': None, 'target': None, 'force': False, 'expire': None, 'background_color': [0.0, 0.0, 0.0, 1.0], 'transition_out': None, 'priority': None, 'action': 'play', 'show': True, 'slide': None}}}
2019-05-27 12:12:14,832 : mpfmc : SlidePlayer: Play called with settings={'slides': {'attract_started': {'transition': None, 'target': None, 'force': False, 'expire': None, 'background_color': [0.0, 0.0, 0.0, 1.0], 'transition_out': None, 'priority': None, 'action': 'play', 'show': True, 'slide': None}}}
2019-05-27 12:18:08,500 : mpfmc : SlidePlayer: Play called with settings={'slides': {'attract_started': {'transition': None, 'target': None, 'force': False, 'expire': None, 'background_color': [0.0, 0.0, 0.0, 1.0], 'transition_out': None, 'priority': None, 'action': 'play', 'show': True, 'slide': None}}}
2019-05-27 12:20:18,257 : mpfmc : SlidePlayer: Play called with settings={'slides': {'attract_started': {'transition': None, 'target': None, 'force': False, 'expire': None, 'background_color': [0.0, 0.0, 0.0, 1.0], 'transition_out': None, 'priority': None, 'action': 'play', 'show': True, 'slide': None}}}
2019-05-27 12:22:36,561 : mpfmc : SlidePlayer: Play called with settings={'slides': {'attract_started': {'transition': None, 'target': None, 'force': False, 'expire': None, 'background_color': [0.0, 0.0, 0.0, 1.0], 'transition_out': None, 'priority': None, 'action': 'play', 'show': True, 'slide': None}}}
2019-05-27 12:37:28,222 : mpfmc : SlidePlayer: Play called with settings={'slides': {'attract_started': {'transition': None, 'target': None, 'force': False, 'expire': None, 'background_color': [0.0, 0.0, 0.0, 1.0], 'transition_out': None, 'priority': None, 'action': 'play', 'show': True, 'slide': None}}}
2019-05-27 12:41:49,938 : mpfmc : SlidePlayer: Play called with settings={'slides': {'attract_started': {'transition': None, 'target': None, 'force': False, 'expire': None, 'background_color': [0.0, 0.0, 0.0, 1.0], 'transition_out': None, 'priority': None, 'action': 'play', 'show': True, 'slide': None}}}
2019-05-27 12:44:28,566 : mpfmc : SlidePlayer: Play called with settings={'slides': {'attract_started': {'transition': None, 'target': None, 'force': False, 'expire': None, 'background_color': [0.0, 0.0, 0.0, 1.0], 'transition_out': None, 'priority': None, 'action': 'play', 'show': True, 'slide': None}}}
2019-05-27 12:46:29,041 : mpfmc : SlidePlayer: Play called with settings={'slides': {'attract_started': {'transition': None, 'target': None, 'force': False, 'expire': None, 'background_color': [0.0, 0.0, 0.0, 1.0], 'transition_out': None, 'priority': None, 'action': 'play', 'show': True, 'slide': None}}}
2019-05-27 13:13:27,812 : mpfmc : SlidePlayer: Play called with settings={'slides': {'attract_started': {'transition': None, 'target': None, 'force': False, 'expire': None, 'background_color': [0.0, 0.0, 0.0, 1.0], 'transition_out': None, 'priority': None, 'action': 'play', 'show': True, 'slide': None}}}
2019-05-27 16:07:02,139 : mpfmc : SlidePlayer: Play called with settings={'slides': {'attract_started': {'transition': None, 'target': None, 'force': False, 'expire': None, 'background_color': [0.0, 0.0, 0.0, 1.0], 'transition_out': None, 'priority': None, 'action': 'play', 'show': True, 'slide': None}}}
2019-05-27 16:07:07,564 : kivy : Base: Leaving application in progress...
2019-05-27 16:07:07,564 : mpfmc : Stopping...
2019-05-27 16:07:07,571 : mpfmc : Loop rate 81.84 Hz
2019-05-27 16:07:07,571 : kivy : MC run loop ended.
2019-05-27 16:07:07,571 : kivy : Stopping child threads... (3 remaining)
2019-05-27 16:07:08,448 : mpfmc : Stopping...
2019-05-27 16:07:08,580 : MPF-MC BCP Server : Stopping BCP sending thread
2019-05-27 16:07:08,611 : mpfmc : Loop rate 81.84 Hz
2019-05-27 16:07:08,727 : kivy : All child threads stopped.
