2019-09-23 18:27:51,097 : kivy : Factory: 194 symbols loaded
2019-09-23 18:27:52,331 : kivy : Image: Providers: img_tex, img_dds, img_sdl2, img_pil, img_gif (img_ffpyplayer ignored)
2019-09-23 18:27:53,394 : kivy : VideoGstplayer: Using Gstreamer 1.10.2.0
2019-09-23 18:27:53,394 : kivy : Video: Provider: gstplayer
2019-09-23 18:27:54,065 : kivy : Loading MPF-MC controller
2019-09-23 18:27:54,065 : mpfmc : Mission Pinball Framework Media Controller v0.50.8
2019-09-23 18:27:54,065 : mpfmc : Mission Pinball Framework Game Engine v0.50.17
2019-09-23 18:27:54,065 : mpfmc : Machine path: D:\POKEMON
2019-09-23 18:27:54,081 : ConfigProcessor : Config file in cache changed: D:\POKEMON\config\config
2019-09-23 18:27:55,737 : ConfigProcessor : Loading config from file c:\python34\lib\site-packages\mpfmc\mcconfig.yaml.
2019-09-23 18:27:56,065 : ConfigProcessor : Loading config: c:\python34\lib\site-packages\mpfmc\mcconfig.yaml
2019-09-23 18:27:56,065 : ConfigProcessor : Loading config from file D:\POKEMON\config\config.
2019-09-23 18:27:56,237 : ConfigProcessor : Loading config: D:\POKEMON\config\config
2019-09-23 18:27:56,253 : ConfigProcessor : Config file cache created: C:\Users\MISSIO~1\AppData\Local\Temp\42582fcba572e096272241837be67618.mpf_cache
2019-09-23 18:27:56,269 : mpfmc : Starting clock at 60.0Hz
2019-09-23 18:27:56,581 : kivy : Text: Provider: sdl2
2019-09-23 18:27:58,456 : kivy : OSC: using <thread> for socket
2019-09-23 18:27:58,487 : kivy : Window: Provider: sdl2
2019-09-23 18:27:59,270 : kivy : GL: Using the "OpenGL" graphics system
2019-09-23 18:27:59,280 : kivy : GL: GLEW initialization succeeded
2019-09-23 18:27:59,281 : kivy : GL: Backend used <glew>
2019-09-23 18:27:59,283 : kivy : GL: OpenGL version <b'4.4.0 - Build 20.19.15.4835'>
2019-09-23 18:27:59,283 : kivy : GL: OpenGL vendor <b'Intel'>
2019-09-23 18:27:59,283 : kivy : GL: OpenGL renderer <b'Intel(R) HD Graphics'>
2019-09-23 18:27:59,284 : kivy : GL: OpenGL parsed version: 4, 4
2019-09-23 18:27:59,284 : kivy : GL: Shading version <b'4.40 - Build 20.19.15.4835'>
2019-09-23 18:27:59,285 : kivy : GL: Texture max size <16384>
2019-09-23 18:27:59,285 : kivy : GL: Texture max units <32>
2019-09-23 18:27:59,357 : kivy : Shader: fragment shader: <b"WARNING: 0:7: '' :  #version directive missing">
2019-09-23 18:27:59,358 : kivy : Shader: vertex shader: <b"WARNING: 0:7: '' :  #version directive missing">
2019-09-23 18:27:59,409 : kivy : Window: auto add sdl2 input provider
2019-09-23 18:27:59,410 : kivy : Window: virtual keyboard not allowed, single mode, not docked
2019-09-23 18:27:59,464 : SoundSystem : SoundSystem: Using default 'sound_system' settings
2019-09-23 18:28:06,894 : AudioInterface : Initialized
2019-09-23 18:28:06,900 : SoundSystem : No audio tracks are specified in your machine config file. a track named 'default' has been created.
2019-09-23 18:28:06,915 : kivy : Base: Start application main loop
2019-09-23 18:28:07,007 : mpfmc : Display: Setting 'window' as default display
2019-09-23 18:28:07,206 : ConfigProcessor : Loading config from cache: C:\Users\MISSIO~1\AppData\Local\Temp\01c5ea7020f20fc8cd2609416c749c9a.mpf_cache
2019-09-23 18:28:07,232 : ConfigProcessor : Loading config from cache: C:\Users\MISSIO~1\AppData\Local\Temp\3468305e031c5bbf036e7bdff3037650.mpf_cache
2019-09-23 18:28:07,253 : ConfigProcessor : Loading config from cache: C:\Users\MISSIO~1\AppData\Local\Temp\10f8871b1481fbf59bf30d5b3d29537e.mpf_cache
2019-09-23 18:28:07,260 : ConfigProcessor : Loading config from cache: C:\Users\MISSIO~1\AppData\Local\Temp\c8c985d122de6339937b15f5cde5ffe7.mpf_cache
2019-09-23 18:28:07,267 : ConfigProcessor : Loading config from cache: C:\Users\MISSIO~1\AppData\Local\Temp\d41d8cd98f00b204e9800998ecf8427e.mpf_cache
2019-09-23 18:28:07,271 : ConfigProcessor : Config file cache created: C:\Users\MISSIO~1\AppData\Local\Temp\d41d8cd98f00b204e9800998ecf8427e.mpf_cache
2019-09-23 18:28:07,283 : MPF-MC BCP Server : Starting up on localhost port 5050
2019-09-23 18:28:07,328 : MPF-MC BCP Server : Waiting for a connection...
2019-09-23 18:28:07,329 : mpfmc : SlidePlayer: Play called with settings={'slides': {'welcome_slide': {'expire': None, 'transition_out': None, 'show': True, 'target': None, 'slide': None, 'action': 'play', 'background_color': [0.0, 0.0, 0.0, 1.0], 'force': False, 'priority': None, 'transition': None}}}
2019-09-23 18:28:07,618 : kivy : GL: NPOT texture support is available
2019-09-23 18:28:15,372 : kivy : Base: Leaving application in progress...
2019-09-23 18:28:15,643 : mpfmc : Stopping...
2019-09-23 18:28:15,643 : mpfmc : Loop rate 70.89 Hz
2019-09-23 18:28:15,643 : kivy : MC run loop ended.
2019-09-23 18:28:15,643 : kivy : Stopping child threads... (3 remaining)
2019-09-23 18:28:16,339 : MPF-MC BCP Server : Stopping BCP listener thread
2019-09-23 18:28:16,339 : MPF-MC BCP Server : Stopping BCP sending thread
2019-09-23 18:28:16,511 : kivy : All child threads stopped.
