2019-12-17 22:05:56,835 : INFO : Machine : Mission Pinball Framework Core Engine v0.52.9
2019-12-17 22:05:56,835 : INFO : Machine : Command line arguments: {'syslog_address': None, 'configfile': ['config.yaml'], 'pause': False, 'mpfconfigfile': 'c:\\users\\mission pinball\\appdata\\local\\programs\\python\\python35\\lib\\site-packages\\mpf\\mpfconfig.yaml', 'logfile': 'logs\\2019-12-17-22-05-56-mpf-DESKTOP-I5I6D25.log', 'force_platform': None, 'text_ui': True, 'production': False, 'no_sound': False, 'loglevel': 15, 'mc_file_name': None, 'jsonlogging': False, 'consoleloglevel': 20, 'bcp': True, 'no_load_cache': False, 'force_assets_load': False, 'create_config_cache': True}
2019-12-17 22:05:56,835 : INFO : Machine : MPF path: c:\users\mission pinball\appdata\local\programs\python\python35\lib\site-packages\mpf
2019-12-17 22:05:56,835 : INFO : Machine : Machine path: E:\POKEMON - 3 - GYMS DISPLAYS
2019-12-17 22:05:56,835 : INFO : Machine : Platform: win32
2019-12-17 22:05:56,835 : INFO : Machine : Python executable location: c:\users\mission pinball\appdata\local\programs\python\python35\python.exe
2019-12-17 22:05:56,835 : INFO : Machine : Python version: 3.5.4 (64-bit)
2019-12-17 22:05:56,835 : INFO : Machine : Machine config file #1: config.yaml
2019-12-17 22:05:56,850 : INFO : ConfigProcessor : Loading config from cache: C:\Users\MISSIO~1\AppData\Local\Temp\e9c23ebab43a14b7e211b4dd18480f15.mpf_cache
2019-12-17 22:05:56,866 : INFO : Machine : Initialise MPF.
2019-12-17 22:05:57,413 : INFO : FAST : Connecting to com4 at 921600bps
2019-12-17 22:05:57,460 : INFO : FAST : Connected! Processor: NET, Board Type: FP-CPU-002-2, Firmware: 01.01
2019-12-17 22:05:57,460 : INFO : EventManager : Event: ======'machine_var_fast_net_firmware'====== Args={'change': True, 'value': '01.01', 'prev_value': None}
2019-12-17 22:05:57,460 : INFO : EventManager : Event: ======'machine_var_fast_net_model'====== Args={'change': True, 'value': 'FP-CPU-002-2', 'prev_value': None}
2019-12-17 22:05:57,460 : WARNING : FAST : Not resetting FAST NET because firmware is currently broken.
2019-12-17 22:05:57,538 : INFO : FAST : Connecting to com5 at 921600bps
2019-12-17 22:05:57,569 : INFO : FAST : Connected! Processor: RGB, Board Type: FP-CPU-002-2, Firmware: 01.00
2019-12-17 22:05:57,569 : INFO : EventManager : Event: ======'machine_var_fast_rgb_firmware'====== Args={'change': True, 'value': '01.00', 'prev_value': None}
2019-12-17 22:05:57,569 : INFO : EventManager : Event: ======'machine_var_fast_rgb_model'====== Args={'change': True, 'value': 'FP-CPU-002-2', 'prev_value': None}
2019-12-17 22:05:57,569 : INFO : EventManager : Event: ======'machine_var_credits_string'====== Args={'change': True, 'value': 'FREE PLAY', 'prev_value': None}
2019-12-17 22:05:57,928 : INFO : EventManager : Event: ======'machine_var_player1_score'====== Args={'change': True, 'value': 159, 'prev_value': None}
2019-12-17 22:05:57,928 : INFO : EventManager : Event: ======'machine_var_mpf_version'====== Args={'change': True, 'value': 'MPF v0.52.9', 'prev_value': None}
2019-12-17 22:05:57,944 : INFO : EventManager : Event: ======'machine_var_mpf_extended_version'====== Args={'change': True, 'value': 'MPF v0.52.9, Config version:5, Show version: 5, BCP version:1.1', 'prev_value': None}
2019-12-17 22:05:57,944 : INFO : EventManager : Event: ======'machine_var_python_version'====== Args={'change': True, 'value': '3.5.4', 'prev_value': None}
2019-12-17 22:05:57,944 : INFO : EventManager : Event: ======'machine_var_platform'====== Args={'change': True, 'value': 'Windows-10-10.0.18362-SP0', 'prev_value': None}
2019-12-17 22:05:57,944 : INFO : EventManager : Event: ======'machine_var_platform_system'====== Args={'change': True, 'value': 'Windows', 'prev_value': None}
2019-12-17 22:05:57,944 : INFO : EventManager : Event: ======'machine_var_platform_release'====== Args={'change': True, 'value': '10', 'prev_value': None}
2019-12-17 22:05:57,944 : INFO : EventManager : Event: ======'machine_var_platform_version'====== Args={'change': True, 'value': '10.0.18362', 'prev_value': None}
2019-12-17 22:05:57,944 : INFO : EventManager : Event: ======'machine_var_platform_machine'====== Args={'change': True, 'value': 'AMD64', 'prev_value': None}
2019-12-17 22:05:57,960 : INFO : EventManager : Event: ======'init_phase_1'====== Args={}
2019-12-17 22:05:58,178 : INFO : ConfigProcessor : Loading config from cache: C:\Users\MISSIO~1\AppData\Local\Temp\db69f4aeb06b399317225bf0f2d24564.mpf_cache
2019-12-17 22:05:58,210 : INFO : ConfigProcessor : Loading config from cache: C:\Users\MISSIO~1\AppData\Local\Temp\d868708421ecefdd23b54f4fefaa5a63.mpf_cache
2019-12-17 22:05:58,225 : INFO : ConfigProcessor : Loading config from cache: C:\Users\MISSIO~1\AppData\Local\Temp\691014465c877a30c4e85c0b37ef7391.mpf_cache
2019-12-17 22:05:58,225 : INFO : ConfigProcessor : Loading config from cache: C:\Users\MISSIO~1\AppData\Local\Temp\00b811264d7e79f39b66bcbc6609bb6e.mpf_cache
2019-12-17 22:05:58,257 : INFO : ConfigProcessor : Loading config from cache: C:\Users\MISSIO~1\AppData\Local\Temp\4ed449c86f3920ad38c9f19e6b1fcd80.mpf_cache
2019-12-17 22:05:58,272 : INFO : ConfigProcessor : Loading config from cache: C:\Users\MISSIO~1\AppData\Local\Temp\325be8140670be7b4f7f24b4ea9ecf41.mpf_cache
2019-12-17 22:05:58,288 : INFO : ConfigProcessor : Loading config from cache: C:\Users\MISSIO~1\AppData\Local\Temp\868965d45e8ef85973deb1cc43e3c6e9.mpf_cache
2019-12-17 22:05:58,303 : INFO : ConfigProcessor : Loading config from cache: C:\Users\MISSIO~1\AppData\Local\Temp\aacde2a5df2e44f5e01226064ab4c3c5.mpf_cache
2019-12-17 22:05:58,319 : INFO : ConfigProcessor : Loading config from cache: C:\Users\MISSIO~1\AppData\Local\Temp\aad48548988dd5e95d839b70bde2a6c9.mpf_cache
2019-12-17 22:05:58,335 : INFO : ConfigProcessor : Loading config from cache: C:\Users\MISSIO~1\AppData\Local\Temp\ffc5df461fc927df7502c20268b6e23c.mpf_cache
2019-12-17 22:05:58,350 : INFO : ConfigProcessor : Loading config from cache: C:\Users\MISSIO~1\AppData\Local\Temp\2ad3e4afc7b8ab807ff1625862e58922.mpf_cache
2019-12-17 22:05:58,366 : INFO : ConfigProcessor : Loading config from cache: C:\Users\MISSIO~1\AppData\Local\Temp\9463ad916821e4687af4640a7d04ba98.mpf_cache
2019-12-17 22:05:58,382 : INFO : ConfigProcessor : Loading config from cache: C:\Users\MISSIO~1\AppData\Local\Temp\60827c7dca166edb23011cd46fd5e301.mpf_cache
2019-12-17 22:05:58,397 : INFO : ConfigProcessor : Loading config from cache: C:\Users\MISSIO~1\AppData\Local\Temp\1b6068dc0dcf1445cf37058c25ad802b.mpf_cache
2019-12-17 22:05:58,413 : WARNING : ConfigProcessor : Config file in cache changed: E:\POKEMON - 3 - GYMS DISPLAYS\modes\2player\config\2player.yaml
2019-12-17 22:05:58,413 : INFO : ConfigProcessor : Loading config from file E:\POKEMON - 3 - GYMS DISPLAYS\modes\2player\config\2player.yaml.
2019-12-17 22:05:58,491 : INFO : ConfigProcessor : Loading config: E:\POKEMON - 3 - GYMS DISPLAYS\modes\2player\config\2player.yaml
2019-12-17 22:05:58,491 : INFO : ConfigProcessor : Config file cache created: C:\Users\MISSIO~1\AppData\Local\Temp\3585cb1a70d2f2b7c5655afaacf1bc74.mpf_cache
2019-12-17 22:05:58,522 : INFO : ConfigProcessor : Loading config from cache: C:\Users\MISSIO~1\AppData\Local\Temp\230c7edf879901b77e29ab003ecfd977.mpf_cache
2019-12-17 22:05:58,538 : INFO : ConfigProcessor : Loading config from cache: C:\Users\MISSIO~1\AppData\Local\Temp\91c30393a7736530c48ab886a6ae90df.mpf_cache
2019-12-17 22:05:58,553 : INFO : ConfigProcessor : Loading config from cache: C:\Users\MISSIO~1\AppData\Local\Temp\0c90eb48fda27bb17da0cfa70b6cea42.mpf_cache
2019-12-17 22:05:58,569 : INFO : ConfigProcessor : Loading config from cache: C:\Users\MISSIO~1\AppData\Local\Temp\2bf399aa483f8a887eec2aa10342ca9f.mpf_cache
2019-12-17 22:05:58,585 : INFO : ConfigProcessor : Loading config from cache: C:\Users\MISSIO~1\AppData\Local\Temp\7c8a3dbd3a1f76b71c509d64239c80b0.mpf_cache
2019-12-17 22:05:58,600 : INFO : ConfigProcessor : Loading config from cache: C:\Users\MISSIO~1\AppData\Local\Temp\e94996e3615e593edab21d6f0e7b4569.mpf_cache
2019-12-17 22:05:58,616 : INFO : ConfigProcessor : Loading config from cache: C:\Users\MISSIO~1\AppData\Local\Temp\da1c75dbc5d48bb99b7ea9aec7919bfa.mpf_cache
2019-12-17 22:05:58,632 : INFO : ConfigProcessor : Loading config from cache: C:\Users\MISSIO~1\AppData\Local\Temp\37af0ab3cb4984093f408b6580ccda04.mpf_cache
2019-12-17 22:05:58,647 : INFO : ConfigProcessor : Loading config from cache: C:\Users\MISSIO~1\AppData\Local\Temp\03465e6905c319de2817a60078df797b.mpf_cache
2019-12-17 22:05:58,663 : INFO : ConfigProcessor : Loading config from cache: C:\Users\MISSIO~1\AppData\Local\Temp\c721f48534ae43d3f9c4e17312560aaa.mpf_cache
2019-12-17 22:05:58,694 : INFO : ConfigProcessor : Loading config from cache: C:\Users\MISSIO~1\AppData\Local\Temp\c4c39d8157ba863610e7d2b8306a4087.mpf_cache
2019-12-17 22:05:58,710 : INFO : ConfigProcessor : Loading config from cache: C:\Users\MISSIO~1\AppData\Local\Temp\3512d3a51b29689f2a9a6db585213e7b.mpf_cache
2019-12-17 22:05:58,803 : INFO : EventManager : Event: ======'drop_target_bank_right_bank_up'====== Args={}
2019-12-17 22:05:58,803 : INFO : EventManager : Event: ======'init_phase_2'====== Args={}
2019-12-17 22:05:58,944 : INFO : EventManager : Event: ======'bcp_connection_attempt'====== Args={'name': 'local_display', 'host': 'localhost', 'port': 5050}
2019-12-17 22:05:58,944 : INFO : BCPClientSocket.local_display : Connecting BCP to 'local_display' at localhost:5050...
2019-12-17 22:05:59,960 : WARNING : FAST : Port com4 was blocked for more than 1s. Reseting send queue! If this happens frequently report a bug!
2019-12-17 22:06:00,957 : WARNING : FAST : Port com4 was blocked for more than 1s. Reseting send queue! If this happens frequently report a bug!
2019-12-17 22:06:05,158 : INFO : BCPClientSocket.local_display : Connected BCP to 'local_display' localhost:5050
2019-12-17 22:06:05,163 : INFO : EventManager : Event: ======'bcp_clients_connected'====== Args={}
2019-12-17 22:06:05,239 : INFO : EventManager : Event: ======'machine_var_master_volume'====== Args={'change': True, 'value': 0.5, 'prev_value': None}
2019-12-17 22:06:05,327 : INFO : EventManager : Event: ======'init_phase_3'====== Args={}
2019-12-17 22:06:05,358 : INFO : EventManager : Event: ======'init_phase_4'====== Args={}
2019-12-17 22:06:05,367 : INFO : EventManager : Event: ======'machine_var_audits_events_game_started'====== Args={'change': True, 'value': 350, 'prev_value': None}
2019-12-17 22:06:05,368 : INFO : EventManager : Event: ======'machine_var_audits_events_game_ended'====== Args={'change': True, 'value': 286, 'prev_value': None}
2019-12-17 22:06:05,369 : INFO : EventManager : Event: ======'machine_var_audits_switches_s_pop_top'====== Args={'change': True, 'value': 1165, 'prev_value': None}
2019-12-17 22:06:05,370 : INFO : EventManager : Event: ======'machine_var_audits_switches_s_gym'====== Args={'change': True, 'value': 457, 'prev_value': None}
2019-12-17 22:06:05,372 : INFO : EventManager : Event: ======'machine_var_audits_switches_s_flipper_right'====== Args={'change': True, 'value': 11203, 'prev_value': None}
2019-12-17 22:06:05,373 : INFO : EventManager : Event: ======'machine_var_audits_switches_s_saucer'====== Args={'change': True, 'value': 1203, 'prev_value': None}
2019-12-17 22:06:05,374 : INFO : EventManager : Event: ======'machine_var_audits_switches_s_start'====== Args={'change': True, 'value': 54, 'prev_value': None}
2019-12-17 22:06:05,376 : INFO : EventManager : Event: ======'machine_var_audits_switches_s_drop_right'====== Args={'change': True, 'value': 518, 'prev_value': None}
2019-12-17 22:06:05,377 : INFO : EventManager : Event: ======'machine_var_audits_switches_s_pop_bottom'====== Args={'change': True, 'value': 2917, 'prev_value': None}
2019-12-17 22:06:05,378 : INFO : EventManager : Event: ======'machine_var_audits_switches_s_sling_right'====== Args={'change': True, 'value': 1238, 'prev_value': None}
2019-12-17 22:06:05,379 : INFO : EventManager : Event: ======'machine_var_audits_switches_s_pop_right'====== Args={'change': True, 'value': 3616, 'prev_value': None}
2019-12-17 22:06:05,380 : INFO : EventManager : Event: ======'machine_var_audits_switches_s_trough'====== Args={'change': True, 'value': 1591, 'prev_value': None}
2019-12-17 22:06:05,381 : INFO : EventManager : Event: ======'machine_var_audits_switches_s_drain'====== Args={'change': True, 'value': 2766, 'prev_value': None}
2019-12-17 22:06:05,382 : INFO : EventManager : Event: ======'machine_var_audits_switches_s_drop_left'====== Args={'change': True, 'value': 591, 'prev_value': None}
2019-12-17 22:06:05,384 : INFO : EventManager : Event: ======'machine_var_audits_switches_s_drop_center'====== Args={'change': True, 'value': 663, 'prev_value': None}
2019-12-17 22:06:05,385 : INFO : EventManager : Event: ======'machine_var_audits_switches_s_flipper_left'====== Args={'change': True, 'value': 7567, 'prev_value': None}
2019-12-17 22:06:05,386 : INFO : EventManager : Event: ======'machine_var_audits_switches_s_plunger_lane'====== Args={'change': True, 'value': 88, 'prev_value': None}
2019-12-17 22:06:05,388 : INFO : EventManager : Event: ======'machine_var_audits_switches_s_spinner'====== Args={'change': True, 'value': 9176, 'prev_value': None}
2019-12-17 22:06:05,389 : INFO : EventManager : Event: ======'machine_var_audits_switches_s_sling_left'====== Args={'change': True, 'value': 1074, 'prev_value': None}
2019-12-17 22:06:05,390 : INFO : EventManager : Event: ======'machine_var_audits_switches_s_pop_left'====== Args={'change': True, 'value': 10, 'prev_value': None}
2019-12-17 22:06:05,391 : INFO : EventManager : Event: ======'machine_var_audits_player_score'====== Args={'change': True, 'value': {'top': [1053, 829, 828, 828, 808, 778, 726, 724, 722, 706], 'total': 305, 'average': 243.0983606557377}, 'prev_value': None}
2019-12-17 22:06:05,393 : INFO : EventManager : Event: ======'init_phase_5'====== Args={}
2019-12-17 22:06:05,395 : INFO : EventManager : Event: ======'init_done'====== Args={}
2019-12-17 22:06:05,397 : WARNING : FAST : Port NET received more messages than were sent! Resetting!
2019-12-17 22:06:05,397 : WARNING : FAST : Port NET received more messages than were sent! Resetting!
2019-12-17 22:06:05,397 : WARNING : FAST : Port NET received more messages than were sent! Resetting!
2019-12-17 22:06:05,398 : WARNING : FAST : Port NET received more messages than were sent! Resetting!
2019-12-17 22:06:05,398 : WARNING : FAST : Port NET received more messages than were sent! Resetting!
2019-12-17 22:06:05,398 : WARNING : FAST : Port NET received more messages than were sent! Resetting!
2019-12-17 22:06:05,398 : WARNING : FAST : Port NET received more messages than were sent! Resetting!
2019-12-17 22:06:05,399 : WARNING : FAST : Port NET received more messages than were sent! Resetting!
2019-12-17 22:06:05,399 : WARNING : FAST : Port NET received more messages than were sent! Resetting!
2019-12-17 22:06:05,399 : WARNING : FAST : Port NET received more messages than were sent! Resetting!
2019-12-17 22:06:05,399 : WARNING : FAST : Port NET received more messages than were sent! Resetting!
2019-12-17 22:06:05,399 : WARNING : FAST : Port NET received more messages than were sent! Resetting!
2019-12-17 22:06:05,400 : WARNING : FAST : Port NET received more messages than were sent! Resetting!
2019-12-17 22:06:05,400 : WARNING : FAST : Port NET received more messages than were sent! Resetting!
2019-12-17 22:06:05,400 : WARNING : FAST : Port NET received more messages than were sent! Resetting!
2019-12-17 22:06:05,400 : WARNING : FAST : Port NET received more messages than were sent! Resetting!
2019-12-17 22:06:05,400 : WARNING : FAST : Port NET received more messages than were sent! Resetting!
2019-12-17 22:06:05,400 : WARNING : FAST : Port NET received more messages than were sent! Resetting!
2019-12-17 22:06:05,400 : WARNING : FAST : Port NET received more messages than were sent! Resetting!
2019-12-17 22:06:05,401 : WARNING : FAST : Port NET received more messages than were sent! Resetting!
2019-12-17 22:06:05,401 : WARNING : FAST : Port NET received more messages than were sent! Resetting!
2019-12-17 22:06:05,401 : WARNING : FAST : Port NET received more messages than were sent! Resetting!
2019-12-17 22:06:05,405 : INFO : EventManager : Event: ======'machine_reset_phase_1'====== Args={}
2019-12-17 22:06:05,415 : INFO : EventManager : Event: ======'slide_welcome_slide_removed'====== Args={'_from_bcp': True}
2019-12-17 22:06:05,425 : INFO : EventManager : Event: ======'slide_welcome_slide_created'====== Args={'_from_bcp': True}
2019-12-17 22:06:05,431 : INFO : EventManager : Event: ======'machine_reset_phase_2'====== Args={}
2019-12-17 22:06:05,433 : INFO : EventManager : Event: ======'machine_reset_phase_3'====== Args={}
2019-12-17 22:06:05,436 : INFO : drop_target_bank.right_bank : All targets are already up. Will not reset bank.
2019-12-17 22:06:05,437 : INFO : EventManager : Event: ======'slide_welcome_slide_active'====== Args={'_from_bcp': True}
2019-12-17 22:06:05,439 : INFO : EventManager : Event: ======'reset_complete'====== Args={}
2019-12-17 22:06:05,440 : INFO : EventManager : Event: ======'mode_attract_will_start'====== Args={}
2019-12-17 22:06:05,444 : INFO : EventManager : Event: ======'mode_attract_starting'====== Args={}
2019-12-17 22:06:05,444 : INFO : Mode.attract : Started. Priority: 10
2019-12-17 22:06:05,446 : INFO : EventManager : Event: ======'mode_attract_started'====== Args={}
2019-12-17 22:06:05,448 : INFO : EventManager : Event: ======'collecting_balls_complete'====== Args={}
2019-12-17 22:06:05,452 : INFO : Machine : Starting the main run loop.
2019-12-17 22:06:05,472 : INFO : EventManager : Event: ======'slide_attract_started_created'====== Args={'_from_bcp': True}
2019-12-17 22:06:05,477 : INFO : EventManager : Event: ======'slide_attract_started_active'====== Args={'_from_bcp': True}
2019-12-17 22:06:08,170 : INFO : SwitchController : <<<<<<< 's_start' active >>>>>>>
2019-12-17 22:06:08,315 : INFO : SwitchController : <<<<<<< 's_start' inactive >>>>>>>
2019-12-17 22:06:08,316 : INFO : EventManager : Event: ======'request_to_start_game'====== Args={}
2019-12-17 22:06:08,342 : INFO : BallController : bd_plunger contains 0 balls. Tags []
2019-12-17 22:06:08,343 : INFO : BallController : bd_saucer contains 0 balls. Tags []
2019-12-17 22:06:08,343 : INFO : BallController : bd_drain contains 0 balls. Tags ['drain']
2019-12-17 22:06:08,344 : INFO : BallController : playfield contains 0 balls. Tags ['default']
2019-12-17 22:06:08,344 : INFO : BallController : bd_trough contains 0 balls. Tags ['home', 'trough']
2019-12-17 22:06:08,344 : WARNING : BallController : WARNING: BallController denies game start. Not enough balls. 0 found. 1 required
2019-12-17 22:06:09,114 : INFO : SwitchController : <<<<<<< 's_start' active >>>>>>>
2019-12-17 22:06:09,610 : INFO : SwitchController : <<<<<<< 's_start' inactive >>>>>>>
2019-12-17 22:06:09,612 : INFO : EventManager : Event: ======'request_to_start_game'====== Args={}
2019-12-17 22:06:09,637 : INFO : BallController : bd_plunger contains 0 balls. Tags []
2019-12-17 22:06:09,638 : INFO : BallController : bd_saucer contains 0 balls. Tags []
2019-12-17 22:06:09,639 : INFO : BallController : bd_drain contains 0 balls. Tags ['drain']
2019-12-17 22:06:09,639 : INFO : BallController : playfield contains 0 balls. Tags ['default']
2019-12-17 22:06:09,641 : INFO : BallController : bd_trough contains 0 balls. Tags ['home', 'trough']
2019-12-17 22:06:09,642 : WARNING : BallController : WARNING: BallController denies game start. Not enough balls. 0 found. 1 required
2019-12-17 22:06:09,962 : INFO : SwitchController : <<<<<<< 's_start' active >>>>>>>
2019-12-17 22:06:10,140 : INFO : SwitchController : <<<<<<< 's_start' inactive >>>>>>>
2019-12-17 22:06:10,142 : INFO : EventManager : Event: ======'request_to_start_game'====== Args={}
2019-12-17 22:06:10,157 : INFO : BallController : bd_plunger contains 0 balls. Tags []
2019-12-17 22:06:10,158 : INFO : BallController : bd_saucer contains 0 balls. Tags []
2019-12-17 22:06:10,158 : INFO : BallController : bd_drain contains 0 balls. Tags ['drain']
2019-12-17 22:06:10,158 : INFO : BallController : playfield contains 0 balls. Tags ['default']
2019-12-17 22:06:10,159 : INFO : BallController : bd_trough contains 0 balls. Tags ['home', 'trough']
2019-12-17 22:06:10,159 : WARNING : BallController : WARNING: BallController denies game start. Not enough balls. 0 found. 1 required
2019-12-17 22:06:10,235 : INFO : SwitchController : <<<<<<< 's_start' active >>>>>>>
2019-12-17 22:06:10,442 : INFO : SwitchController : <<<<<<< 's_start' inactive >>>>>>>
2019-12-17 22:06:10,443 : INFO : EventManager : Event: ======'request_to_start_game'====== Args={}
2019-12-17 22:06:10,465 : INFO : BallController : bd_plunger contains 0 balls. Tags []
2019-12-17 22:06:10,466 : INFO : BallController : bd_saucer contains 0 balls. Tags []
2019-12-17 22:06:10,467 : INFO : BallController : bd_drain contains 0 balls. Tags ['drain']
2019-12-17 22:06:10,467 : INFO : BallController : playfield contains 0 balls. Tags ['default']
2019-12-17 22:06:10,468 : INFO : BallController : bd_trough contains 0 balls. Tags ['home', 'trough']
2019-12-17 22:06:10,469 : WARNING : BallController : WARNING: BallController denies game start. Not enough balls. 0 found. 1 required
2019-12-17 22:06:14,938 : INFO : SwitchController : <<<<<<< 's_start' active >>>>>>>
2019-12-17 22:06:15,034 : INFO : SwitchController : <<<<<<< 's_start' inactive >>>>>>>
2019-12-17 22:06:15,035 : INFO : EventManager : Event: ======'request_to_start_game'====== Args={}
2019-12-17 22:06:15,055 : INFO : BallController : bd_plunger contains 0 balls. Tags []
2019-12-17 22:06:15,056 : INFO : BallController : bd_saucer contains 0 balls. Tags []
2019-12-17 22:06:15,056 : INFO : BallController : bd_drain contains 0 balls. Tags ['drain']
2019-12-17 22:06:15,057 : INFO : BallController : playfield contains 0 balls. Tags ['default']
2019-12-17 22:06:15,057 : INFO : BallController : bd_trough contains 0 balls. Tags ['home', 'trough']
2019-12-17 22:06:15,058 : WARNING : BallController : WARNING: BallController denies game start. Not enough balls. 0 found. 1 required
2019-12-17 22:06:19,803 : INFO : SwitchController : <<<<<<< 's_flipper_left' active >>>>>>>
2019-12-17 22:06:19,864 : INFO : SwitchController : <<<<<<< 's_flipper_left' inactive >>>>>>>
2019-12-17 22:06:20,010 : INFO : SwitchController : <<<<<<< 's_flipper_left' active >>>>>>>
2019-12-17 22:06:20,074 : INFO : SwitchController : <<<<<<< 's_flipper_left' inactive >>>>>>>
2019-12-17 22:06:20,204 : INFO : SwitchController : <<<<<<< 's_flipper_left' active >>>>>>>
2019-12-17 22:06:20,250 : INFO : SwitchController : <<<<<<< 's_flipper_left' inactive >>>>>>>
2019-12-17 22:06:20,457 : INFO : SwitchController : <<<<<<< 's_flipper_left' active >>>>>>>
2019-12-17 22:06:20,505 : INFO : SwitchController : <<<<<<< 's_flipper_left' inactive >>>>>>>
2019-12-17 22:06:20,634 : INFO : SwitchController : <<<<<<< 's_flipper_left' active >>>>>>>
2019-12-17 22:06:20,698 : INFO : SwitchController : <<<<<<< 's_flipper_left' inactive >>>>>>>
2019-12-17 22:06:20,809 : INFO : SwitchController : <<<<<<< 's_flipper_left' active >>>>>>>
2019-12-17 22:06:20,873 : INFO : SwitchController : <<<<<<< 's_flipper_left' inactive >>>>>>>
2019-12-17 22:06:21,483 : INFO : SwitchController : <<<<<<< 's_start' active >>>>>>>
2019-12-17 22:06:21,544 : INFO : SwitchController : <<<<<<< 's_start' inactive >>>>>>>
2019-12-17 22:06:21,545 : INFO : EventManager : Event: ======'request_to_start_game'====== Args={}
2019-12-17 22:06:21,560 : INFO : BallController : bd_plunger contains 0 balls. Tags []
2019-12-17 22:06:21,561 : INFO : BallController : bd_saucer contains 0 balls. Tags []
2019-12-17 22:06:21,561 : INFO : BallController : bd_drain contains 0 balls. Tags ['drain']
2019-12-17 22:06:21,562 : INFO : BallController : playfield contains 0 balls. Tags ['default']
2019-12-17 22:06:21,562 : INFO : BallController : bd_trough contains 0 balls. Tags ['home', 'trough']
2019-12-17 22:06:21,562 : WARNING : BallController : WARNING: BallController denies game start. Not enough balls. 0 found. 1 required
2019-12-17 22:06:21,674 : INFO : SwitchController : <<<<<<< 's_start' active >>>>>>>
2019-12-17 22:06:21,706 : INFO : SwitchController : <<<<<<< 's_start' inactive >>>>>>>
2019-12-17 22:06:21,707 : INFO : EventManager : Event: ======'request_to_start_game'====== Args={}
2019-12-17 22:06:21,729 : INFO : BallController : bd_plunger contains 0 balls. Tags []
2019-12-17 22:06:21,729 : INFO : BallController : bd_saucer contains 0 balls. Tags []
2019-12-17 22:06:21,730 : INFO : BallController : bd_drain contains 0 balls. Tags ['drain']
2019-12-17 22:06:21,730 : INFO : BallController : playfield contains 0 balls. Tags ['default']
2019-12-17 22:06:21,730 : INFO : BallController : bd_trough contains 0 balls. Tags ['home', 'trough']
2019-12-17 22:06:21,731 : WARNING : BallController : WARNING: BallController denies game start. Not enough balls. 0 found. 1 required
2019-12-17 22:06:21,817 : INFO : SwitchController : <<<<<<< 's_start' active >>>>>>>
2019-12-17 22:06:21,898 : INFO : SwitchController : <<<<<<< 's_start' inactive >>>>>>>
2019-12-17 22:06:21,899 : INFO : EventManager : Event: ======'request_to_start_game'====== Args={}
2019-12-17 22:06:21,914 : INFO : BallController : bd_plunger contains 0 balls. Tags []
2019-12-17 22:06:21,915 : INFO : BallController : bd_saucer contains 0 balls. Tags []
2019-12-17 22:06:21,916 : INFO : BallController : bd_drain contains 0 balls. Tags ['drain']
2019-12-17 22:06:21,916 : INFO : BallController : playfield contains 0 balls. Tags ['default']
2019-12-17 22:06:21,916 : INFO : BallController : bd_trough contains 0 balls. Tags ['home', 'trough']
2019-12-17 22:06:21,917 : WARNING : BallController : WARNING: BallController denies game start. Not enough balls. 0 found. 1 required
2019-12-17 22:06:29,163 : INFO : SwitchController : <<<<<<< 's_spinner' active >>>>>>>
2019-12-17 22:06:29,164 : INFO : EventManager : Event: ======'sw_playfield_active'====== Args={}
2019-12-17 22:06:29,203 : INFO : EventManager : Event: ======'playfield_active'====== Args={}
2019-12-17 22:06:29,204 : INFO : EventManager : Event: ======'unexpected_ball_on_playfield'====== Args={}
2019-12-17 22:06:29,226 : INFO : SwitchController : <<<<<<< 's_spinner' inactive >>>>>>>
2019-12-17 22:06:29,369 : INFO : SwitchController : <<<<<<< 's_spinner' active >>>>>>>
2019-12-17 22:06:29,370 : INFO : EventManager : Event: ======'sw_playfield_active'====== Args={}
2019-12-17 22:06:29,378 : INFO : EventManager : Event: ======'playfield_active'====== Args={}
2019-12-17 22:06:29,379 : INFO : EventManager : Event: ======'unexpected_ball_on_playfield'====== Args={}
2019-12-17 22:06:29,530 : INFO : SwitchController : <<<<<<< 's_spinner' inactive >>>>>>>
2019-12-17 22:06:33,305 : INFO : SwitchController : <<<<<<< 's_drain' active >>>>>>>
2019-12-17 22:06:33,369 : INFO : SwitchController : <<<<<<< 's_drain' inactive >>>>>>>
2019-12-17 22:06:33,434 : INFO : SwitchController : <<<<<<< 's_drain' active >>>>>>>
2019-12-17 22:06:33,930 : INFO : EventManager : Event: ======'balldevice_bd_drain_ball_count_changed'====== Args={'balls': 1}
2019-12-17 22:06:33,931 : INFO : EventManager : Event: ======'balldevice_captured_from_playfield'====== Args={'balls': 1}
2019-12-17 22:06:33,935 : INFO : EventManager : Event: ======'sw_playfield_active'====== Args={'balls': 1}
2019-12-17 22:06:33,937 : INFO : EventManager : Event: ======'playfield_active'====== Args={}
2019-12-17 22:06:33,937 : INFO : EventManager : Event: ======'unexpected_ball_on_playfield'====== Args={}
2019-12-17 22:06:33,938 : INFO : EventManager : Event: ======'playfield_ball_count_change'====== Args={'change': -1, 'balls': -1}
2019-12-17 22:06:33,944 : INFO : EventManager : Event: ======'balldevice_playfield_ball_enter'====== Args={'new_balls': 1, 'unclaimed_balls': 1, 'device': <playfield.playfield>}
2019-12-17 22:06:33,945 : INFO : EventManager : Event: ======'playfield_ball_count_change'====== Args={'change': 1, 'balls': 0}
2019-12-17 22:06:33,946 : INFO : BallController : Found a new ball which was captured from playfield. Known balls: 1
2019-12-17 22:06:33,946 : INFO : EventManager : Event: ======'found_new_ball'====== Args={}
2019-12-17 22:06:33,947 : INFO : EventManager : Event: ======'balldevice_bd_drain_ball_enter'====== Args={'new_available_balls': 1, 'new_balls': 1, 'unclaimed_balls': 1, 'device': <ball_device.bd_drain>}
2019-12-17 22:06:33,954 : INFO : EventManager : Event: ======'ball_drain'====== Args={'balls': 1, 'device': <ball_device.bd_drain>}
2019-12-17 22:06:33,958 : INFO : EventManager : Event: ======'balldevice_balls_available'====== Args={}
2019-12-17 22:06:33,960 : INFO : EventManager : Event: ======'balldevice_balls_available'====== Args={}
2019-12-17 22:06:33,960 : INFO : EventManager : Event: ======'balldevice_bd_drain_ball_entered'====== Args={'new_balls': 1, 'device': <ball_device.bd_drain>}
2019-12-17 22:06:33,974 : INFO : EventManager : Event: ======'balldevice_bd_drain_ball_eject_attempt'====== Args={'source': <ball_device.bd_drain>, 'target': <ball_device.bd_trough>, 'balls': 1, 'num_attempts': 0, 'mechanical_eject': False}
2019-12-17 22:06:33,979 : INFO : ball_device.bd_drain : Ejecting ball to <ball_device.bd_trough>
2019-12-17 22:06:33,983 : INFO : EventManager : Event: ======'balldevice_bd_drain_ejecting_ball'====== Args={'source': <ball_device.bd_drain>, 'target': <ball_device.bd_trough>, 'balls': 1, 'num_attempts': 0, 'mechanical_eject': False}
2019-12-17 22:06:33,992 : INFO : coil.c_drain : Pulsing Driver for 20ms (1.0 pulse_power)
2019-12-17 22:06:34,042 : INFO : SwitchController : <<<<<<< 's_drain' inactive >>>>>>>
2019-12-17 22:06:34,426 : INFO : SwitchController : <<<<<<< 's_trough' active >>>>>>>
2019-12-17 22:06:34,473 : INFO : SwitchController : <<<<<<< 's_trough' inactive >>>>>>>
2019-12-17 22:06:34,666 : INFO : SwitchController : <<<<<<< 's_trough' active >>>>>>>
2019-12-17 22:06:35,165 : INFO : EventManager : Event: ======'balldevice_bd_trough_ball_count_changed'====== Args={'balls': 1}
2019-12-17 22:06:35,166 : INFO : EventManager : Event: ======'balldevice_bd_trough_ball_enter'====== Args={'new_available_balls': 0, 'new_balls': 1, 'unclaimed_balls': 0, 'device': <ball_device.bd_trough>}
2019-12-17 22:06:35,168 : INFO : EventManager : Event: ======'ball_drain'====== Args={'balls': 0, 'device': <ball_device.bd_trough>}
2019-12-17 22:06:35,170 : INFO : EventManager : Event: ======'balldevice_bd_trough_ball_entered'====== Args={'new_balls': 0, 'device': <ball_device.bd_trough>}
2019-12-17 22:06:35,171 : INFO : EventManager : Event: ======'balldevice_bd_drain_ball_eject_success'====== Args={'target': <ball_device.bd_trough>, 'balls': 1}
2019-12-17 22:06:35,174 : INFO : EventManager : Event: ======'balldevice_bd_drain_ball_count_changed'====== Args={'balls': 0}
2019-12-17 22:07:13,467 : INFO : SwitchController : <<<<<<< 's_start' active >>>>>>>
2019-12-17 22:07:13,610 : INFO : SwitchController : <<<<<<< 's_start' inactive >>>>>>>
2019-12-17 22:07:13,611 : INFO : EventManager : Event: ======'request_to_start_game'====== Args={}
2019-12-17 22:07:13,633 : INFO : EventManager : Event: ======'game_start'====== Args={'buttons': [], 'hold_time': 0.14000000001396984}
2019-12-17 22:07:13,635 : INFO : EventManager : Event: ======'mode_game_will_start'====== Args={'buttons': [], 'hold_time': 0.14000000001396984}
2019-12-17 22:07:13,646 : INFO : EventManager : Event: ======'mode_game_starting'====== Args={'buttons': [], 'hold_time': 0.14000000001396984}
2019-12-17 22:07:13,647 : INFO : EventManager : Event: ======'mode_attract_will_stop'====== Args={}
2019-12-17 22:07:13,648 : INFO : EventManager : Event: ======'mode_attract_stopping'====== Args={}
2019-12-17 22:07:13,649 : INFO : Mode.attract : Stopped.
2019-12-17 22:07:13,651 : INFO : EventManager : Event: ======'mode_attract_stopped'====== Args={}
2019-12-17 22:07:13,652 : INFO : EventManager : Event: ======'clear'====== Args={'key': 'attract'}
2019-12-17 22:07:13,653 : INFO : Mode.game : Started. Priority: 20
2019-12-17 22:07:13,653 : INFO : EventManager : Event: ======'mode_game_started'====== Args={'buttons': [], 'hold_time': 0.14000000001396984}
2019-12-17 22:07:13,657 : INFO : EventManager : Event: ======'game_will_start'====== Args={}
2019-12-17 22:07:13,660 : INFO : EventManager : Event: ======'game_starting'====== Args={'game': <Mode.game>}
2019-12-17 22:07:13,663 : INFO : EventManager : Event: ======'player_add_request'====== Args={}
2019-12-17 22:07:13,666 : INFO : EventManager : Event: ======'player_will_add'====== Args={'number': 1}
2019-12-17 22:07:13,668 : INFO : EventManager : Event: ======'player_adding'====== Args={'number': 1, 'player': <Player 1>}
2019-12-17 22:07:13,669 : INFO : EventManager : Event: ======'player_added'====== Args={'player': <Player 1>, 'num': 1}
2019-12-17 22:07:13,669 : INFO : Mode.game : Player added successfully. Total players: 1
2019-12-17 22:07:13,671 : INFO : EventManager : Event: ======'player_gym2_drop_targets'====== Args={'change': 0, 'value': 0, 'prev_value': 0, 'player_num': 1}
2019-12-17 22:07:13,672 : INFO : EventManager : Event: ======'player_gym3_spinner'====== Args={'change': 0, 'value': 0, 'prev_value': 0, 'player_num': 1}
2019-12-17 22:07:13,674 : INFO : EventManager : Event: ======'player_score'====== Args={'change': 0, 'value': 0, 'prev_value': 0, 'player_num': 1}
2019-12-17 22:07:13,675 : INFO : EventManager : Event: ======'player_pikachu_exp'====== Args={'change': 0, 'value': 1, 'prev_value': 1, 'player_num': 1}
2019-12-17 22:07:13,676 : INFO : EventManager : Event: ======'player_gym4_slingshot'====== Args={'change': 0, 'value': 0, 'prev_value': 0, 'player_num': 1}
2019-12-17 22:07:13,678 : INFO : EventManager : Event: ======'player_raichu_exp'====== Args={'change': 0, 'value': 1, 'prev_value': 1, 'player_num': 1}
2019-12-17 22:07:13,679 : INFO : EventManager : Event: ======'player_gym5_drop_targets'====== Args={'change': 0, 'value': 0, 'prev_value': 0, 'player_num': 1}
2019-12-17 22:07:13,680 : INFO : EventManager : Event: ======'player_index'====== Args={'change': 0, 'value': 0, 'prev_value': 0, 'player_num': 1}
2019-12-17 22:07:13,682 : INFO : EventManager : Event: ======'player_gym1_pop'====== Args={'change': 0, 'value': 0, 'prev_value': 0, 'player_num': 1}
2019-12-17 22:07:13,683 : INFO : EventManager : Event: ======'player_number'====== Args={'change': 0, 'value': 1, 'prev_value': 1, 'player_num': 1}
2019-12-17 22:07:13,684 : INFO : EventManager : Event: ======'player_pichu_exp'====== Args={'change': 0, 'value': 1, 'prev_value': 1, 'player_num': 1}
2019-12-17 22:07:13,685 : INFO : EventManager : Event: ======'player_gym6_gym'====== Args={'change': 0, 'value': 0, 'prev_value': 0, 'player_num': 1}
2019-12-17 22:07:13,690 : INFO : EventManager : Event: ======'game_started'====== Args={}
2019-12-17 22:07:13,690 : WARNING : Mode.1player : WARNING: Can only start mode 1player during a game. Aborting start.
2019-12-17 22:07:13,694 : INFO : EventManager : Event: ======'player_turn_will_start'====== Args={'number': 1, 'player': <Player 1>}
2019-12-17 22:07:13,696 : INFO : EventManager : Event: ======'slide_layout_3_mini_created'====== Args={'_from_bcp': True}
2019-12-17 22:07:13,697 : INFO : EventManager : Event: ======'player_turn_starting'====== Args={'number': 1, 'player': <Player 1>}
2019-12-17 22:07:13,699 : INFO : EventManager : Event: ======'player_ball'====== Args={'change': 1, 'value': 1, 'prev_value': 0, 'player_num': 1}
2019-12-17 22:07:13,700 : INFO : EventManager : Event: ======'player_turn_started'====== Args={'number': 1, 'player': <Player 1>}
2019-12-17 22:07:13,704 : INFO : EventManager : Event: ======'ball_will_start'====== Args={'ball': 1, 'balls_remaining': 2, 'is_extra_ball': False, 'player': 1}
2019-12-17 22:07:13,706 : INFO : EventManager : Event: ======'ball_starting'====== Args={'ball': 1, 'balls_remaining': 2, 'is_extra_ball': False, 'player': 1}
2019-12-17 22:07:13,708 : INFO : EventManager : Event: ======'mode_base_will_start'====== Args={'ball': 1, 'queue': <QueuedEvent>, 'is_extra_ball': False, 'balls_remaining': 2, 'player': 1}
2019-12-17 22:07:13,713 : INFO : EventManager : Event: ======'mode_base_starting'====== Args={'ball': 1, 'queue': <QueuedEvent>, 'is_extra_ball': False, 'balls_remaining': 2, 'player': 1}
2019-12-17 22:07:13,714 : INFO : drop_target_bank.right_bank : All targets are already up. Will not reset bank.
2019-12-17 22:07:13,716 : INFO : Mode.base : Started. Priority: 31
2019-12-17 22:07:13,717 : INFO : EventManager : Event: ======'mode_base_started'====== Args={'ball': 1, 'queue': <QueuedEvent>, 'is_extra_ball': False, 'balls_remaining': 2, 'player': 1}
2019-12-17 22:07:13,718 : INFO : EventManager : Event: ======'start_mode_pichu'====== Args={'priority': 0}
2019-12-17 22:07:13,718 : INFO : EventManager : Event: ======'mode_pichu_will_start'====== Args={'priority': 0}
2019-12-17 22:07:13,729 : INFO : EventManager : Event: ======'mode_pichu_starting'====== Args={'priority': 0}
2019-12-17 22:07:13,730 : INFO : Mode.pichu : Started. Priority: 75
2019-12-17 22:07:13,730 : INFO : EventManager : Event: ======'mode_pichu_started'====== Args={'priority': 0}
2019-12-17 22:07:13,732 : INFO : EventManager : Event: ======'balls_in_play'====== Args={'balls': 1}
2019-12-17 22:07:13,733 : INFO : EventManager : Event: ======'ball_started'====== Args={'ball': 1, 'balls_remaining': 2, 'is_extra_ball': False, 'player': 1}
2019-12-17 22:07:13,736 : INFO : EventManager : Event: ======'start_gym0_event'====== Args={'priority': 0}
2019-12-17 22:07:13,742 : INFO : EventManager : Event: ======'mode_gym0_will_start'====== Args={'priority': 0}
2019-12-17 22:07:13,746 : INFO : EventManager : Event: ======'mode_gym0_starting'====== Args={'priority': 0}
2019-12-17 22:07:13,747 : INFO : Mode.gym0 : Started. Priority: 200
2019-12-17 22:07:13,747 : INFO : EventManager : Event: ======'mode_gym0_started'====== Args={'priority': 0}
2019-12-17 22:07:13,752 : INFO : EventManager : Event: ======'single_player_ball_started'====== Args={}
2019-12-17 22:07:13,753 : INFO : EventManager : Event: ======'slide_layout_3_mini_active'====== Args={'_from_bcp': True}
2019-12-17 22:07:13,757 : INFO : EventManager : Event: ======'balldevice_balls_available'====== Args={}
2019-12-17 22:07:13,764 : INFO : EventManager : Event: ======'balldevice_bd_trough_ball_eject_attempt'====== Args={'source': <ball_device.bd_trough>, 'target': <ball_device.bd_plunger>, 'balls': 1, 'num_attempts': 0, 'mechanical_eject': True}
2019-12-17 22:07:13,767 : INFO : ball_device.bd_trough : Ejecting ball to <ball_device.bd_plunger>
2019-12-17 22:07:13,768 : INFO : EventManager : Event: ======'balldevice_bd_trough_ejecting_ball'====== Args={'source': <ball_device.bd_trough>, 'target': <ball_device.bd_plunger>, 'balls': 1, 'num_attempts': 0, 'mechanical_eject': True}
2019-12-17 22:07:13,775 : INFO : coil.c_trough : Pulsing Driver for 7ms (1.0 pulse_power)
2019-12-17 22:07:13,776 : INFO : EventManager : Event: ======'slide_layout_3_mini_removed'====== Args={'_from_bcp': True}
2019-12-17 22:07:13,795 : INFO : EventManager : Event: ======'slide_layout_3_mini_created'====== Args={'_from_bcp': True}
2019-12-17 22:07:13,817 : INFO : SwitchController : <<<<<<< 's_trough' inactive >>>>>>>
2019-12-17 22:07:13,844 : INFO : EventManager : Event: ======'slide_slide_mode_pichu_started_created'====== Args={'_from_bcp': True}
2019-12-17 22:07:13,867 : INFO : EventManager : Event: ======'slide_slide_mode_gym0_started_created'====== Args={'_from_bcp': True}
2019-12-17 22:07:13,875 : INFO : EventManager : Event: ======'slide_layout_3_mini_active'====== Args={'_from_bcp': True}
2019-12-17 22:07:13,902 : INFO : EventManager : Event: ======'slide_slide_mode_pichu_started_active'====== Args={'_from_bcp': True}
2019-12-17 22:07:13,905 : INFO : EventManager : Event: ======'slide_slide_mode_gym0_started_active'====== Args={'_from_bcp': True}
2019-12-17 22:07:14,376 : INFO : SwitchController : <<<<<<< 's_trough' active >>>>>>>
2019-12-17 22:07:14,389 : INFO : EventManager : Event: ======'machine_var_audits_switches_s_trough'====== Args={'change': 1, 'value': 1592, 'prev_value': 1591}
2019-12-17 22:07:14,393 : INFO : SwitchController : <<<<<<< 's_trough' inactive >>>>>>>
2019-12-17 22:07:14,633 : INFO : SwitchController : <<<<<<< 's_trough' active >>>>>>>
2019-12-17 22:07:14,651 : INFO : EventManager : Event: ======'machine_var_audits_switches_s_trough'====== Args={'change': 1, 'value': 1593, 'prev_value': 1592}
2019-12-17 22:07:15,673 : INFO : SwitchController : <<<<<<< 's_start' active >>>>>>>
2019-12-17 22:07:15,674 : INFO : EventManager : Event: ======'sw_start'====== Args={}
2019-12-17 22:07:15,708 : INFO : EventManager : Event: ======'machine_var_audits_switches_s_start'====== Args={'change': 1, 'value': 55, 'prev_value': 54}
2019-12-17 22:07:15,712 : INFO : EventManager : Event: ======'player_add_request'====== Args={}
2019-12-17 22:07:15,714 : INFO : EventManager : Event: ======'player_will_add'====== Args={'number': 2}
2019-12-17 22:07:15,721 : INFO : EventManager : Event: ======'player_adding'====== Args={'number': 2, 'player': <Player 2>}
2019-12-17 22:07:15,722 : INFO : EventManager : Event: ======'player_added'====== Args={'player': <Player 2>, 'num': 2}
2019-12-17 22:07:15,723 : INFO : Mode.game : Player added successfully. Total players: 2
2019-12-17 22:07:15,723 : INFO : EventManager : Event: ======'multiplayer_game'====== Args={}
2019-12-17 22:07:15,724 : INFO : EventManager : Event: ======'mode_2player_will_start'====== Args={'player': <Player 2>, 'num': 2}
2019-12-17 22:07:15,731 : INFO : EventManager : Event: ======'mode_2player_starting'====== Args={'num': 2, 'player': <Player 2>}
2019-12-17 22:07:15,734 : INFO : Mode.2player : Started. Priority: 300
2019-12-17 22:07:15,735 : INFO : EventManager : Event: ======'mode_2player_started'====== Args={'num': 2, 'player': <Player 2>}
2019-12-17 22:07:15,737 : INFO : EventManager : Event: ======'player_gym2_drop_targets'====== Args={'change': 0, 'value': 0, 'prev_value': 0, 'player_num': 2}
2019-12-17 22:07:15,740 : INFO : EventManager : Event: ======'player_gym3_spinner'====== Args={'change': 0, 'value': 0, 'prev_value': 0, 'player_num': 2}
2019-12-17 22:07:15,742 : INFO : EventManager : Event: ======'player_score'====== Args={'change': 0, 'value': 0, 'prev_value': 0, 'player_num': 2}
2019-12-17 22:07:15,744 : INFO : EventManager : Event: ======'player_pikachu_exp'====== Args={'change': 0, 'value': 1, 'prev_value': 1, 'player_num': 2}
2019-12-17 22:07:15,747 : INFO : EventManager : Event: ======'player_gym4_slingshot'====== Args={'change': 0, 'value': 0, 'prev_value': 0, 'player_num': 2}
2019-12-17 22:07:15,750 : INFO : EventManager : Event: ======'player_raichu_exp'====== Args={'change': 0, 'value': 1, 'prev_value': 1, 'player_num': 2}
2019-12-17 22:07:15,752 : INFO : EventManager : Event: ======'player_gym5_drop_targets'====== Args={'change': 0, 'value': 0, 'prev_value': 0, 'player_num': 2}
2019-12-17 22:07:15,755 : INFO : EventManager : Event: ======'player_index'====== Args={'change': 0, 'value': 1, 'prev_value': 1, 'player_num': 2}
2019-12-17 22:07:15,757 : INFO : EventManager : Event: ======'player_gym1_pop'====== Args={'change': 0, 'value': 0, 'prev_value': 0, 'player_num': 2}
2019-12-17 22:07:15,759 : INFO : EventManager : Event: ======'player_number'====== Args={'change': 0, 'value': 2, 'prev_value': 2, 'player_num': 2}
2019-12-17 22:07:15,762 : INFO : EventManager : Event: ======'player_pichu_exp'====== Args={'change': 0, 'value': 1, 'prev_value': 1, 'player_num': 2}
2019-12-17 22:07:15,764 : INFO : EventManager : Event: ======'player_gym6_gym'====== Args={'change': 0, 'value': 0, 'prev_value': 0, 'player_num': 2}
2019-12-17 22:07:15,817 : INFO : SwitchController : <<<<<<< 's_start' inactive >>>>>>>
2019-12-17 22:07:23,840 : INFO : EventManager : Event: ======'balldevice_bd_plunger_ejecting_ball'====== Args={'source': <ball_device.bd_plunger>, 'target': <playfield.playfield>, 'balls': 1, 'num_attempts': 1, 'mechanical_eject': None}
2019-12-17 22:07:23,846 : INFO : EventManager : Event: ======'balldevice_bd_trough_ball_eject_failed'====== Args={'retry': True, 'target': <ball_device.bd_plunger>, 'balls': 1, 'num_attempts': 1}
2019-12-17 22:07:23,857 : INFO : EventManager : Event: ======'balldevice_bd_plunger_ball_eject_failed'====== Args={'retry': True, 'target': <playfield.playfield>, 'balls': 1, 'num_attempts': 1}
2019-12-17 22:07:23,863 : INFO : EventManager : Event: ======'balldevice_bd_trough_ball_eject_attempt'====== Args={'source': <ball_device.bd_trough>, 'target': <ball_device.bd_plunger>, 'balls': 1, 'num_attempts': 1, 'mechanical_eject': True}
2019-12-17 22:07:23,869 : INFO : ball_device.bd_trough : Ejecting ball to <ball_device.bd_plunger>
2019-12-17 22:07:23,870 : INFO : EventManager : Event: ======'balldevice_bd_trough_ejecting_ball'====== Args={'source': <ball_device.bd_trough>, 'target': <ball_device.bd_plunger>, 'balls': 1, 'num_attempts': 1, 'mechanical_eject': True}
2019-12-17 22:07:23,885 : INFO : coil.c_trough : Pulsing Driver for 7ms (1.0 pulse_power)
2019-12-17 22:07:23,928 : INFO : SwitchController : <<<<<<< 's_trough' inactive >>>>>>>
2019-12-17 22:07:33,937 : INFO : EventManager : Event: ======'balldevice_bd_plunger_ejecting_ball'====== Args={'source': <ball_device.bd_plunger>, 'target': <playfield.playfield>, 'balls': 1, 'num_attempts': 1, 'mechanical_eject': None}
2019-12-17 22:07:43,926 : INFO : EventManager : Event: ======'balldevice_bd_plunger_ball_eject_success'====== Args={'target': <playfield.playfield>, 'balls': 1}
2019-12-17 22:07:43,930 : INFO : EventManager : Event: ======'balldevice_playfield_ball_enter'====== Args={'new_balls': 1, 'unclaimed_balls': 1, 'device': <playfield.playfield>}
2019-12-17 22:07:43,931 : INFO : EventManager : Event: ======'playfield_ball_count_change'====== Args={'change': 1, 'balls': 1}
2019-12-17 22:07:43,941 : INFO : EventManager : Event: ======'balldevice_bd_trough_ball_eject_success'====== Args={'target': <ball_device.bd_plunger>, 'balls': 1}
2019-12-17 22:07:43,946 : INFO : EventManager : Event: ======'balldevice_bd_trough_ball_count_changed'====== Args={'balls': 0}
2019-12-17 22:07:58,170 : INFO : Machine : Shutting down...
2019-12-17 22:07:58,170 : INFO : EventManager : Event: ======'shutdown'====== Args={}
2019-12-17 22:07:58,248 : ERROR : FAST : Stop called on serial connection com5
2019-12-17 22:07:58,248 : ERROR : FAST : Stop called on serial connection com4
2019-12-17 22:07:58,498 : INFO : root : MPF run loop ended.
