2019-12-07 21:50:47,870 : kivy : Factory: 194 symbols loaded
2019-12-07 21:50:48,464 : kivy : Image: Providers: img_tex, img_dds, img_sdl2, img_pil, img_gif (img_ffpyplayer ignored)
2019-12-07 21:50:48,839 : kivy : VideoGstplayer: Using Gstreamer 1.10.2.0
2019-12-07 21:50:48,839 : kivy : Video: Provider: gstplayer
2019-12-07 21:50:49,182 : kivy : Loading MPF-MC controller
2019-12-07 21:50:49,182 : mpfmc : Mission Pinball Framework Media Controller v0.50.8
2019-12-07 21:50:49,182 : mpfmc : Mission Pinball Framework Game Engine v0.50.17
2019-12-07 21:50:49,182 : mpfmc : Machine path: E:\POKEMON - 3 - GYMS DISPLAYS
2019-12-07 21:50:49,198 : ConfigProcessor : Config file in cache changed: E:\POKEMON - 3 - GYMS DISPLAYS\config\config
2019-12-07 21:50:50,745 : ConfigProcessor : Loading config from file c:\python34\lib\site-packages\mpfmc\mcconfig.yaml.
2019-12-07 21:50:50,948 : ConfigProcessor : Loading config: c:\python34\lib\site-packages\mpfmc\mcconfig.yaml
2019-12-07 21:50:50,948 : ConfigProcessor : Loading config from file E:\POKEMON - 3 - GYMS DISPLAYS\config\config.
2019-12-07 21:50:51,151 : ConfigProcessor : Loading config: E:\POKEMON - 3 - GYMS DISPLAYS\config\config
2019-12-07 21:50:51,167 : ConfigProcessor : Loading config: E:\POKEMON - 3 - GYMS DISPLAYS\config\player_variables.yaml
2019-12-07 21:50:51,198 : ConfigProcessor : Loading config: E:\POKEMON - 3 - GYMS DISPLAYS\config\key_mapping.yaml
2019-12-07 21:50:51,198 : ConfigProcessor : Config file cache created: C:\Users\MISSIO~1\AppData\Local\Temp\aa033f1fd07646de8b3bd008da80b834.mpf_cache
2019-12-07 21:50:51,198 : mpfmc : Starting clock at 60.0Hz
2019-12-07 21:50:51,339 : kivy : Text: Provider: sdl2
2019-12-07 21:50:53,010 : kivy : OSC: using <thread> for socket
2019-12-07 21:50:53,042 : kivy : Window: Provider: sdl2
2019-12-07 21:50:53,319 : kivy : GL: Using the "OpenGL" graphics system
2019-12-07 21:50:53,322 : kivy : GL: GLEW initialization succeeded
2019-12-07 21:50:53,323 : kivy : GL: Backend used <glew>
2019-12-07 21:50:53,323 : kivy : GL: OpenGL version <b'4.4.0 - Build 20.19.15.4835'>
2019-12-07 21:50:53,324 : kivy : GL: OpenGL vendor <b'Intel'>
2019-12-07 21:50:53,324 : kivy : GL: OpenGL renderer <b'Intel(R) HD Graphics'>
2019-12-07 21:50:53,324 : kivy : GL: OpenGL parsed version: 4, 4
2019-12-07 21:50:53,325 : kivy : GL: Shading version <b'4.40 - Build 20.19.15.4835'>
2019-12-07 21:50:53,325 : kivy : GL: Texture max size <16384>
2019-12-07 21:50:53,326 : kivy : GL: Texture max units <32>
2019-12-07 21:50:53,378 : kivy : Shader: fragment shader: <b"WARNING: 0:7: '' :  #version directive missing">
2019-12-07 21:50:53,380 : kivy : Shader: vertex shader: <b"WARNING: 0:7: '' :  #version directive missing">
2019-12-07 21:50:53,397 : kivy : Window: auto add sdl2 input provider
2019-12-07 21:50:53,398 : kivy : Window: virtual keyboard not allowed, single mode, not docked
2019-12-07 21:50:53,451 : SoundSystem : SoundSystem: Using default 'sound_system' settings
2019-12-07 21:50:55,524 : AudioInterface : Initialized
2019-12-07 21:50:55,525 : SoundSystem : No audio tracks are specified in your machine config file. a track named 'default' has been created.
2019-12-07 21:50:55,538 : kivy : Base: Start application main loop
2019-12-07 21:50:55,618 : mpfmc : Display: Setting 'window' as default display
2019-12-07 21:50:55,812 : ConfigProcessor : Loading config from cache: C:\Users\MISSIO~1\AppData\Local\Temp\d868708421ecefdd23b54f4fefaa5a63.mpf_cache
2019-12-07 21:50:56,038 : ConfigProcessor : Loading config from cache: C:\Users\MISSIO~1\AppData\Local\Temp\c8c985d122de6339937b15f5cde5ffe7.mpf_cache
2019-12-07 21:50:56,044 : ConfigProcessor : Loading config from cache: C:\Users\MISSIO~1\AppData\Local\Temp\9463ad916821e4687af4640a7d04ba98.mpf_cache
2019-12-07 21:50:56,083 : ConfigProcessor : Loading config from cache: C:\Users\MISSIO~1\AppData\Local\Temp\ffc5df461fc927df7502c20268b6e23c.mpf_cache
2019-12-07 21:50:56,086 : ConfigProcessor : Loading config from cache: C:\Users\MISSIO~1\AppData\Local\Temp\230c7edf879901b77e29ab003ecfd977.mpf_cache
2019-12-07 21:50:56,103 : ConfigProcessor : Loading config from cache: C:\Users\MISSIO~1\AppData\Local\Temp\91c30393a7736530c48ab886a6ae90df.mpf_cache
2019-12-07 21:50:56,121 : ConfigProcessor : Loading config from cache: C:\Users\MISSIO~1\AppData\Local\Temp\3512d3a51b29689f2a9a6db585213e7b.mpf_cache
2019-12-07 21:50:56,131 : ConfigProcessor : Loading config from cache: C:\Users\MISSIO~1\AppData\Local\Temp\10f8871b1481fbf59bf30d5b3d29537e.mpf_cache
2019-12-07 21:50:56,134 : ConfigProcessor : Loading config from cache: C:\Users\MISSIO~1\AppData\Local\Temp\325be8140670be7b4f7f24b4ea9ecf41.mpf_cache
2019-12-07 21:50:56,150 : ConfigProcessor : Loading config from cache: C:\Users\MISSIO~1\AppData\Local\Temp\868965d45e8ef85973deb1cc43e3c6e9.mpf_cache
2019-12-07 21:50:56,176 : MPF-MC BCP Server : Starting up on localhost port 5050
2019-12-07 21:50:56,204 : MPF-MC BCP Server : Waiting for a connection...
2019-12-07 21:50:56,205 : mpfmc : SlidePlayer: Play called with settings={'slides': {'welcome_slide': {'action': 'play', 'target': None, 'slide': None, 'show': True, 'transition': None, 'transition_out': None, 'expire': None, 'priority': None, 'background_color': [0.0, 0.0, 0.0, 1.0], 'force': False}}}
2019-12-07 21:50:56,359 : kivy : GL: NPOT texture support is available
2019-12-07 21:50:56,462 : MPF-MC BCP Server : Received connection from: 127.0.0.1:50623
2019-12-07 21:50:56,512 : BcpProcessor : Received invalid BCP command: mode_list
2019-12-07 21:50:56,660 : mpfmc : SlidePlayer: Play called with settings={'slides': {'welcome_slide': {'action': 'play', 'target': None, 'slide': None, 'show': True, 'transition': None, 'transition_out': None, 'expire': None, 'priority': None, 'background_color': [0.0, 0.0, 0.0, 1.0], 'force': False}}}
2019-12-07 21:50:56,715 : mpfmc : SlidePlayer: Play called with settings={'slides': {'attract_started': {'action': 'play', 'target': None, 'slide': None, 'show': True, 'transition': None, 'transition_out': None, 'expire': None, 'priority': None, 'background_color': [0.0, 0.0, 0.0, 1.0], 'force': False}}}
2019-12-07 21:50:58,991 : mpfmc : SlidePlayer: Play called with settings={'slides': {'layout_3_mini': {'target': 'window', 'action': 'play', 'slide': None, 'show': True, 'transition': None, 'transition_out': None, 'expire': None, 'priority': None, 'background_color': [0.0, 0.0, 0.0, 1.0], 'force': False}}}
2019-12-07 21:50:59,063 : mpfmc : SlidePlayer: Play called with settings={'slides': {'layout_3_mini': {'target': 'window', 'action': 'play', 'slide': None, 'show': True, 'transition': None, 'transition_out': None, 'expire': None, 'priority': None, 'background_color': [0.0, 0.0, 0.0, 1.0], 'force': False}}}
2019-12-07 21:50:59,134 : mpfmc : SlidePlayer: Play called with settings={'slides': {'slide_mode_pichu_started': {'target': 'top', 'action': 'play', 'slide': None, 'show': True, 'transition': None, 'transition_out': None, 'expire': None, 'priority': None, 'background_color': [0.0, 0.0, 0.0, 1.0], 'force': False}}}
2019-12-07 22:12:04,331 : kivy : Base: Leaving application in progress...
2019-12-07 22:12:04,657 : mpfmc : Stopping...
2019-12-07 22:12:04,657 : mpfmc : Loop rate 81.23 Hz
2019-12-07 22:12:04,657 : kivy : MC run loop ended.
2019-12-07 22:12:04,657 : kivy : Stopping child threads... (3 remaining)
2019-12-07 22:12:04,821 : mpfmc : Stopping...
2019-12-07 22:12:04,821 : mpfmc : Loop rate 81.22 Hz
2019-12-07 22:12:04,837 : MPF-MC BCP Server : Stopping BCP sending thread
2019-12-07 22:12:04,993 : kivy : All child threads stopped.
