2019-10-11 14:56:05,612 : INFO : Machine : Mission Pinball Framework Core Engine v0.50.17
2019-10-11 14:56:05,612 : INFO : Machine : Command line arguments: {'force_assets_load': False, 'mpfconfigfile': 'c:\\python34\\lib\\site-packages\\mpf\\mpfconfig.yaml', 'text_ui': True, 'force_platform': None, 'create_config_cache': True, 'production': False, 'syslog_address': None, 'logfile': 'logs\\2019-10-11-14-56-05-mpf-DESKTOP-I5I6D25.log', 'no_load_cache': False, 'bcp': True, 'loglevel': 15, 'consoleloglevel': 20, 'pause': False, 'configfile': ['config.yaml'], 'mc_file_name': None}
2019-10-11 14:56:05,612 : INFO : Machine : MPF path: c:\python34\lib\site-packages\mpf
2019-10-11 14:56:05,612 : INFO : Machine : Machine path: D:\POKEMON - 2
2019-10-11 14:56:05,612 : INFO : Machine : Platform: win32
2019-10-11 14:56:05,612 : INFO : Machine : Python executable location: c:\python34\python.exe
2019-10-11 14:56:05,612 : INFO : Machine : Python version: 3.4.4 (64-bit)
2019-10-11 14:56:07,080 : INFO : Machine : Machine config file #1: config.yaml
2019-10-11 14:56:07,096 : INFO : ConfigProcessor : Loading config from cache: C:\Users\MISSIO~1\AppData\Local\Temp\442e40140b44297973c0b074da7880ab.mpf_cache
2019-10-11 14:56:07,112 : INFO : Machine : Initialise MPF.
2019-10-11 14:56:07,908 : INFO : FAST : Connecting to com4 at 921600bps
2019-10-11 14:56:07,955 : INFO : FAST : Connected! Processor: NET, Board Type: FP-CPU-002-2, Firmware: 01.01
2019-10-11 14:56:07,955 : WARNING : FAST : Not resetting FAST NET because firmware is currently broken.
2019-10-11 14:56:08,018 : INFO : FAST : Connecting to com5 at 921600bps
2019-10-11 14:56:08,049 : INFO : FAST : Connected! Processor: RGB, Board Type: FP-CPU-002-2, Firmware: 01.00
2019-10-11 14:56:08,596 : INFO : ConfigProcessor : Loading config from cache: C:\Users\MISSIO~1\AppData\Local\Temp\b016e39aaa9fcc310b2c911cb998ccc7.mpf_cache
2019-10-11 14:56:08,627 : INFO : ConfigProcessor : Loading config from cache: C:\Users\MISSIO~1\AppData\Local\Temp\4db3b4eb08bf5f2e1b30e7df1dec754e.mpf_cache
2019-10-11 14:56:08,643 : INFO : ConfigProcessor : Loading config from cache: C:\Users\MISSIO~1\AppData\Local\Temp\c8c985d122de6339937b15f5cde5ffe7.mpf_cache
2019-10-11 14:56:08,674 : INFO : ConfigProcessor : Loading config from cache: C:\Users\MISSIO~1\AppData\Local\Temp\6f2a382b9c765c6a1f408e05b1d50db1.mpf_cache
2019-10-11 14:56:08,674 : INFO : ConfigProcessor : Loading config from cache: C:\Users\MISSIO~1\AppData\Local\Temp\10f8871b1481fbf59bf30d5b3d29537e.mpf_cache
2019-10-11 14:56:08,721 : WARNING : ConfigProcessor : Config file in cache changed: D:\POKEMON - 2\modes\evolve_pichu\config\evolve_pichu.yaml
2019-10-11 14:56:08,721 : INFO : ConfigProcessor : Loading config from file D:\POKEMON - 2\modes\evolve_pichu\config\evolve_pichu.yaml.
2019-10-11 14:56:08,783 : INFO : ConfigProcessor : Loading config: D:\POKEMON - 2\modes\evolve_pichu\config\evolve_pichu.yaml
2019-10-11 14:56:08,783 : INFO : ConfigProcessor : Config file cache created: C:\Users\MISSIO~1\AppData\Local\Temp\d7f8a5ee622046c7da753c9c40514d63.mpf_cache
2019-10-11 14:56:08,815 : DEBUG : coil.c_trough : Configuring device with settings: '{'allow_enable': False, 'enable_events': {}, 'max_pulse_power': 1.0, 'console_log': 'full', 'psu': <psu.default>, 'debug': True, 'tags': [], 'platform_settings': {}, 'default_pulse_power': None, 'default_hold_power': None, 'label': '%', 'max_hold_power': None, 'pulse_events': {}, 'disable_events': {}, 'default_recycle': False, 'file_log': 'full', 'max_pulse_ms': None, 'platform': None, 'default_pulse_ms': 7, 'number': '1-1'}'
2019-10-11 14:56:08,815 : DEBUG : coil.c_trough : Configuring device with settings: '{'allow_enable': False, 'enable_events': {}, 'max_pulse_power': 1.0, 'console_log': 'full', 'psu': <psu.default>, 'debug': True, 'tags': [], 'platform_settings': {'connection': 'auto', 'recycle_ms': None}, 'default_pulse_power': None, 'default_hold_power': None, 'label': '%', 'max_hold_power': None, 'pulse_events': {}, 'disable_events': {}, 'default_recycle': False, 'file_log': 'full', 'max_pulse_ms': None, 'platform': None, 'default_pulse_ms': 7, 'number': '1-1'}'
2019-10-11 14:56:08,846 : DEBUG : ball_device.bd_trough : Configuring device with settings: '{'eject_coil_jam_pulse': None, 'exit_count_delay': 500, 'eject_events': {}, 'debug': True, 'tags': ['home', 'trough'], 'player_controlled_eject_event': None, 'target_on_unexpected_ball': None, 'label': '%', 'idle_missing_ball_timeout': 5.0, 'ball_missing_timeouts': [], 'retries_before_increasing_pulse': 4, 'confirm_eject_type': 'target', 'eject_coil_reorder_pulse': None, 'eject_coil_retry_pulse': None, 'entrance_switch_full_timeout': 0, 'eject_targets': [<ball_device.bd_plunger>], 'entrance_switch': None, 'entrance_event_timeout': 5.0, 'eject_coil_enable_time': [], 'hold_coil_release_time': 1000, 'file_log': 'full', 'ball_capacity': None, 'confirm_eject_switch': None, 'entrance_events': {}, 'ball_missing_target': <playfield.playfield>, 'auto_fire_on_unexpected_ball': True, 'captures_from': <playfield.playfield>, 'eject_coil_max_wait_ms': 200, 'ball_switches': [<switch.s_trough>], 'console_log': 'full', 'hold_events': {}, 'hold_coil': None, 'hold_switches': [], 'eject_all_events': {}, 'entrance_count_delay': 500, 'eject_coil': <coil.c_trough>, 'confirm_eject_event': None, 'request_ball_events': [], 'eject_timeouts': [], 'jam_switch': None, 'ball_search_order': 200, 'mechanical_eject': False, 'max_eject_attempts': 0}'
2019-10-11 14:56:08,893 : INFO : SwitchController : Found active switch: s_drain
2019-10-11 14:56:08,893 : INFO : SwitchController : Found active switch: s_drop_left
2019-10-11 14:56:09,033 : INFO : BCPClientSocket.local_display : Connecting BCP to 'local_display' at localhost:5050...
2019-10-11 14:56:10,049 : WARNING : FAST : Port com4 was blocked for more than 1s. Reseting send queue! If this happens frequently report a bug!
2019-10-11 14:56:11,049 : WARNING : FAST : Port com4 was blocked for more than 1s. Reseting send queue! If this happens frequently report a bug!
2019-10-11 14:56:12,049 : WARNING : FAST : Port com4 was blocked for more than 1s. Reseting send queue! If this happens frequently report a bug!
2019-10-11 14:56:15,352 : INFO : BCPClientSocket.local_display : Connected BCP to 'local_display' localhost:5050
2019-10-11 14:56:15,389 : DEBUG : ball_device.bd_trough : Counted 0 balls. Active switches: []. Old: None
2019-10-11 14:56:15,403 : DEBUG : ball_device.bd_trough : State: idle
2019-10-11 14:56:15,403 : DEBUG : ball_device.bd_trough : Waiting for eject request.
2019-10-11 14:56:15,507 : DEBUG : ball_device.bd_trough : Counted 0 balls. Active switches: []. Old: 0
2019-10-11 14:56:15,528 : WARNING : FAST : Port NET received more messages than were sent! Resetting!
2019-10-11 14:56:15,528 : WARNING : FAST : Port NET received more messages than were sent! Resetting!
2019-10-11 14:56:15,528 : WARNING : FAST : Port NET received more messages than were sent! Resetting!
2019-10-11 14:56:15,529 : WARNING : FAST : Port NET received more messages than were sent! Resetting!
2019-10-11 14:56:15,529 : WARNING : FAST : Port NET received more messages than were sent! Resetting!
2019-10-11 14:56:15,529 : WARNING : FAST : Port NET received more messages than were sent! Resetting!
2019-10-11 14:56:15,530 : WARNING : FAST : Port NET received more messages than were sent! Resetting!
2019-10-11 14:56:15,530 : WARNING : FAST : Port NET received more messages than were sent! Resetting!
2019-10-11 14:56:15,530 : WARNING : FAST : Port NET received more messages than were sent! Resetting!
2019-10-11 14:56:15,531 : WARNING : FAST : Port NET received more messages than were sent! Resetting!
2019-10-11 14:56:15,531 : WARNING : FAST : Port NET received more messages than were sent! Resetting!
2019-10-11 14:56:15,531 : WARNING : FAST : Port NET received more messages than were sent! Resetting!
2019-10-11 14:56:15,531 : WARNING : FAST : Port NET received more messages than were sent! Resetting!
2019-10-11 14:56:15,532 : WARNING : FAST : Port NET received more messages than were sent! Resetting!
2019-10-11 14:56:15,532 : WARNING : FAST : Port NET received more messages than were sent! Resetting!
2019-10-11 14:56:15,532 : WARNING : FAST : Port NET received more messages than were sent! Resetting!
2019-10-11 14:56:15,532 : WARNING : FAST : Port NET received more messages than were sent! Resetting!
2019-10-11 14:56:15,533 : WARNING : FAST : Port NET received more messages than were sent! Resetting!
2019-10-11 14:56:15,533 : WARNING : FAST : Port NET received more messages than were sent! Resetting!
2019-10-11 14:56:15,533 : WARNING : FAST : Port NET received more messages than were sent! Resetting!
2019-10-11 14:56:15,533 : WARNING : FAST : Port NET received more messages than were sent! Resetting!
2019-10-11 14:56:15,535 : WARNING : FAST : Port NET received more messages than were sent! Resetting!
2019-10-11 14:56:15,535 : WARNING : FAST : Port NET received more messages than were sent! Resetting!
2019-10-11 14:56:15,536 : WARNING : FAST : Port NET received more messages than were sent! Resetting!
2019-10-11 14:56:15,536 : WARNING : FAST : Port NET received more messages than were sent! Resetting!
2019-10-11 14:56:15,536 : WARNING : FAST : Port NET received more messages than were sent! Resetting!
2019-10-11 14:56:15,537 : WARNING : FAST : Port NET received more messages than were sent! Resetting!
2019-10-11 14:56:15,537 : WARNING : FAST : Port NET received more messages than were sent! Resetting!
2019-10-11 14:56:15,537 : WARNING : FAST : Port NET received more messages than were sent! Resetting!
2019-10-11 14:56:15,537 : WARNING : FAST : Port NET received more messages than were sent! Resetting!
2019-10-11 14:56:15,538 : WARNING : FAST : Port NET received more messages than were sent! Resetting!
2019-10-11 14:56:15,538 : WARNING : FAST : Port NET received more messages than were sent! Resetting!
2019-10-11 14:56:15,538 : WARNING : FAST : Port NET received more messages than were sent! Resetting!
2019-10-11 14:56:15,577 : INFO : coil.c_drop_reset : Enabling Driver for 400ms (1.0 pulse_power)
2019-10-11 14:56:15,585 : INFO : Mode.attract : Started. Priority: 10
2019-10-11 14:56:15,593 : INFO : Machine : Starting the main run loop.
2019-10-11 14:56:15,598 : DEBUG : ball_device.bd_trough : Ready to receive from <ball_device.bd_drain>. Free space 1 (Capacity: 1, Balls: 0), incoming_balls: 0
2019-10-11 14:56:15,598 : INFO : ball_device.bd_drain : Ejecting ball to <ball_device.bd_trough>
2019-10-11 14:56:15,603 : INFO : coil.c_drain : Pulsing Driver for 20ms (1.0 pulse_power)
2019-10-11 14:56:15,627 : INFO : SwitchController : <<<<<<< 's_drop_left' inactive >>>>>>>
2019-10-11 14:56:15,648 : INFO : SwitchController : <<<<<<< 's_drain' inactive >>>>>>>
2019-10-11 14:56:15,666 : DEBUG : ball_device.bd_trough : Adding incoming ball from <ball_device.bd_drain>
2019-10-11 14:56:15,914 : INFO : SwitchController : <<<<<<< 's_trough' active >>>>>>>
2019-10-11 14:56:15,947 : INFO : SwitchController : <<<<<<< 's_trough' inactive >>>>>>>
2019-10-11 14:56:15,965 : INFO : coil.c_drop_reset : Disabling Driver
2019-10-11 14:56:16,139 : INFO : SwitchController : <<<<<<< 's_drop_center' active >>>>>>>
2019-10-11 14:56:16,157 : INFO : SwitchController : <<<<<<< 's_trough' active >>>>>>>
2019-10-11 14:56:16,653 : DEBUG : ball_device.bd_trough : Counted 1 balls. Active switches: ['s_trough']. Old: 0
2019-10-11 14:56:16,656 : DEBUG : ball_device.bd_trough : BCH: Counting. New count: 1 Old count: 0
2019-10-11 14:56:16,656 : DEBUG : ball_device.bd_trough : BCH: Found 1 new balls
2019-10-11 14:56:16,656 : DEBUG : ball_device.bd_trough : Received ball from <ball_device.bd_drain>
2019-10-11 14:56:16,657 : DEBUG : ball_device.bd_trough : Removing incoming ball from <ball_device.bd_drain>
2019-10-11 14:56:16,657 : DEBUG : ball_device.bd_trough : Processing new ball
2019-10-11 14:57:07,130 : INFO : SwitchController : <<<<<<< 's_start' active >>>>>>>
2019-10-11 14:57:07,343 : INFO : SwitchController : <<<<<<< 's_start' inactive >>>>>>>
2019-10-11 14:57:07,368 : INFO : Mode.attract : Stopped.
2019-10-11 14:57:07,370 : INFO : Mode.game : Started. Priority: 20
2019-10-11 14:57:07,381 : INFO : Mode.game : Player added successfully. Total players: 1
2019-10-11 14:57:07,402 : INFO : coil.c_drop_reset : Enabling Driver for 400ms (1.0 pulse_power)
2019-10-11 14:57:07,405 : INFO : Mode.base : Started. Priority: 31
2019-10-11 14:57:07,425 : INFO : Mode.pichu : Started. Priority: 75
2019-10-11 14:57:07,439 : DEBUG : ball_device.bd_trough : Adding eject chain
2019-10-11 14:57:07,443 : DEBUG : ball_device.bd_trough : Got eject request
2019-10-11 14:57:07,448 : DEBUG : ball_device.bd_trough : BCH: Counting. New count: 1 Old count: 1
2019-10-11 14:57:07,452 : DEBUG : ball_device.bd_trough : State: waiting_for_target_ready
2019-10-11 14:57:07,457 : DEBUG : ball_device.bd_trough : State: ejecting
2019-10-11 14:57:07,458 : INFO : ball_device.bd_trough : Ejecting ball to <ball_device.bd_plunger>
2019-10-11 14:57:07,461 : DEBUG : ball_device.bd_trough : Entered eject mode.
2019-10-11 14:57:07,465 : DEBUG : ball_device.bd_trough : Wait for ball to leave device
2019-10-11 14:57:07,466 : INFO : coil.c_trough : Pulsing Driver for 7ms (1.0 pulse_power)
2019-10-11 14:57:07,466 : DEBUG : ball_device.bd_trough : Firing eject coil. Current balls: 1.
2019-10-11 14:57:07,481 : INFO : SwitchController : <<<<<<< 's_drop_center' inactive >>>>>>>
2019-10-11 14:57:07,545 : INFO : SwitchController : <<<<<<< 's_trough' inactive >>>>>>>
2019-10-11 14:57:07,565 : DEBUG : ball_device.bd_trough : Got ball left during eject
2019-10-11 14:57:07,565 : DEBUG : ball_device.bd_trough : Switch 's_trough' changed too recently. Aborting count!
2019-10-11 14:57:07,568 : DEBUG : ball_device.bd_trough : State: ball_left
2019-10-11 14:57:07,568 : DEBUG : ball_device.bd_trough : Ball left
2019-10-11 14:57:07,569 : DEBUG : ball_device.bd_trough : Wait for confirm with timeout 10.0
2019-10-11 14:57:07,778 : INFO : coil.c_drop_reset : Disabling Driver
2019-10-11 14:57:08,044 : DEBUG : ball_device.bd_trough : Counted 0 balls. Active switches: []. Old: 0
2019-10-11 14:57:13,176 : INFO : SwitchController : <<<<<<< 's_spinner' active >>>>>>>
2019-10-11 14:57:13,272 : INFO : SwitchController : <<<<<<< 's_spinner' inactive >>>>>>>
2019-10-11 14:57:13,481 : INFO : SwitchController : <<<<<<< 's_spinner' active >>>>>>>
2019-10-11 14:57:13,545 : INFO : SwitchController : <<<<<<< 's_spinner' inactive >>>>>>>
2019-10-11 14:57:13,768 : INFO : SwitchController : <<<<<<< 's_flipper_right' active >>>>>>>
2019-10-11 14:57:13,896 : INFO : SwitchController : <<<<<<< 's_flipper_right' inactive >>>>>>>
2019-10-11 14:57:14,168 : INFO : SwitchController : <<<<<<< 's_spinner' active >>>>>>>
2019-10-11 14:57:14,201 : INFO : SwitchController : <<<<<<< 's_spinner' inactive >>>>>>>
2019-10-11 14:57:14,280 : INFO : SwitchController : <<<<<<< 's_spinner' active >>>>>>>
2019-10-11 14:57:14,301 : INFO : SwitchController : <<<<<<< 's_spinner' inactive >>>>>>>
2019-10-11 14:57:14,318 : INFO : SwitchController : <<<<<<< 's_pop_bottom' active >>>>>>>
2019-10-11 14:57:14,361 : INFO : SwitchController : <<<<<<< 's_pop_bottom' inactive >>>>>>>
2019-10-11 14:57:14,380 : INFO : SwitchController : <<<<<<< 's_spinner' active >>>>>>>
2019-10-11 14:57:14,401 : INFO : SwitchController : <<<<<<< 's_spinner' inactive >>>>>>>
2019-10-11 14:57:14,488 : INFO : SwitchController : <<<<<<< 's_spinner' active >>>>>>>
2019-10-11 14:57:14,520 : INFO : SwitchController : <<<<<<< 's_spinner' inactive >>>>>>>
2019-10-11 14:57:14,616 : INFO : SwitchController : <<<<<<< 's_spinner' active >>>>>>>
2019-10-11 14:57:14,648 : INFO : SwitchController : <<<<<<< 's_spinner' inactive >>>>>>>
2019-10-11 14:57:14,745 : INFO : SwitchController : <<<<<<< 's_spinner' active >>>>>>>
2019-10-11 14:57:14,793 : INFO : SwitchController : <<<<<<< 's_spinner' inactive >>>>>>>
2019-10-11 14:57:14,920 : INFO : SwitchController : <<<<<<< 's_spinner' active >>>>>>>
2019-10-11 14:57:14,952 : INFO : SwitchController : <<<<<<< 's_spinner' inactive >>>>>>>
2019-10-11 14:57:15,096 : INFO : SwitchController : <<<<<<< 's_spinner' active >>>>>>>
2019-10-11 14:57:15,176 : INFO : SwitchController : <<<<<<< 's_spinner' inactive >>>>>>>
2019-10-11 14:57:15,352 : INFO : SwitchController : <<<<<<< 's_spinner' active >>>>>>>
2019-10-11 14:57:15,449 : INFO : SwitchController : <<<<<<< 's_drop_center' active >>>>>>>
2019-10-11 14:57:15,513 : INFO : SwitchController : <<<<<<< 's_spinner' inactive >>>>>>>
2019-10-11 14:57:16,456 : INFO : SwitchController : <<<<<<< 's_flipper_right' active >>>>>>>
2019-10-11 14:57:16,552 : INFO : SwitchController : <<<<<<< 's_flipper_right' inactive >>>>>>>
2019-10-11 14:57:17,080 : INFO : SwitchController : <<<<<<< 's_flipper_right' active >>>>>>>
2019-10-11 14:57:17,176 : INFO : SwitchController : <<<<<<< 's_flipper_right' inactive >>>>>>>
2019-10-11 14:57:17,385 : INFO : SwitchController : <<<<<<< 's_pop_bottom' active >>>>>>>
2019-10-11 14:57:17,407 : INFO : SwitchController : <<<<<<< 's_pop_bottom' inactive >>>>>>>
2019-10-11 14:57:17,543 : DEBUG : ball_device.bd_trough : State: failed_confirm
2019-10-11 14:57:17,544 : DEBUG : ball_device.bd_trough : Got timeout (10.0s) before confirm from <ball_device.bd_plunger>
2019-10-11 14:57:18,152 : INFO : SwitchController : <<<<<<< 's_pop_bottom' active >>>>>>>
2019-10-11 14:57:18,169 : INFO : SwitchController : <<<<<<< 's_pop_bottom' inactive >>>>>>>
2019-10-11 14:57:18,191 : INFO : SwitchController : <<<<<<< 's_pop_bottom' active >>>>>>>
2019-10-11 14:57:18,210 : INFO : SwitchController : <<<<<<< 's_pop_bottom' inactive >>>>>>>
2019-10-11 14:57:18,233 : DEBUG : ball_device.bd_trough : Eject successful
2019-10-11 14:57:18,235 : DEBUG : ball_device.bd_trough : Exited eject mode. Eject success: True
2019-10-11 14:57:18,237 : DEBUG : ball_device.bd_trough : State: idle
2019-10-11 14:57:18,238 : DEBUG : ball_device.bd_trough : Waiting for eject request.
2019-10-11 14:57:18,241 : DEBUG : ball_device.bd_trough : BCH: Counting. New count: 0 Old count: 0
2019-10-11 14:57:18,244 : DEBUG : ball_device.bd_trough : BCH: Counting. New count: 0 Old count: 0
2019-10-11 14:57:18,984 : INFO : SwitchController : <<<<<<< 's_sling_right' active >>>>>>>
2019-10-11 14:57:19,007 : INFO : SwitchController : <<<<<<< 's_sling_right' inactive >>>>>>>
2019-10-11 14:57:19,048 : INFO : SwitchController : <<<<<<< 's_flipper_left' active >>>>>>>
2019-10-11 14:57:19,288 : INFO : SwitchController : <<<<<<< 's_flipper_left' inactive >>>>>>>
2019-10-11 14:57:20,569 : INFO : SwitchController : <<<<<<< 's_flipper_left' active >>>>>>>
2019-10-11 14:57:20,664 : INFO : SwitchController : <<<<<<< 's_flipper_left' inactive >>>>>>>
2019-10-11 14:57:20,824 : INFO : SwitchController : <<<<<<< 's_drop_left' active >>>>>>>
2019-10-11 14:57:21,224 : INFO : SwitchController : <<<<<<< 's_flipper_right' active >>>>>>>
2019-10-11 14:57:21,368 : INFO : SwitchController : <<<<<<< 's_flipper_right' inactive >>>>>>>
2019-10-11 14:57:21,400 : INFO : SwitchController : <<<<<<< 's_flipper_left' active >>>>>>>
2019-10-11 14:57:21,832 : INFO : SwitchController : <<<<<<< 's_flipper_left' inactive >>>>>>>
2019-10-11 14:57:22,888 : INFO : SwitchController : <<<<<<< 's_flipper_right' active >>>>>>>
2019-10-11 14:57:22,984 : INFO : SwitchController : <<<<<<< 's_flipper_right' inactive >>>>>>>
2019-10-11 14:57:24,616 : INFO : SwitchController : <<<<<<< 's_pop_top' active >>>>>>>
2019-10-11 14:57:24,638 : INFO : SwitchController : <<<<<<< 's_pop_top' inactive >>>>>>>
2019-10-11 14:57:24,792 : INFO : SwitchController : <<<<<<< 's_pop_right' active >>>>>>>
2019-10-11 14:57:24,814 : INFO : SwitchController : <<<<<<< 's_pop_right' inactive >>>>>>>
2019-10-11 14:57:27,320 : INFO : SwitchController : <<<<<<< 's_saucer' active >>>>>>>
2019-10-11 14:57:27,813 : DEBUG : ball_device.bd_trough : Counted 0 balls. Active switches: []. Old: 0
2019-10-11 14:57:27,821 : INFO : ball_device.bd_saucer : Ejecting ball to <playfield.playfield>
2019-10-11 14:57:27,826 : INFO : coil.c_saucer : Pulsing Driver for 60ms (1.0 pulse_power)
2019-10-11 14:57:27,864 : INFO : SwitchController : <<<<<<< 's_saucer' inactive >>>>>>>
2019-10-11 14:57:30,279 : INFO : SwitchController : <<<<<<< 's_pop_right' active >>>>>>>
2019-10-11 14:57:30,302 : INFO : SwitchController : <<<<<<< 's_pop_right' inactive >>>>>>>
2019-10-11 14:57:30,319 : INFO : SwitchController : <<<<<<< 's_pop_right' active >>>>>>>
2019-10-11 14:57:30,336 : INFO : SwitchController : <<<<<<< 's_pop_right' inactive >>>>>>>
2019-10-11 14:57:30,376 : INFO : SwitchController : <<<<<<< 's_pop_right' active >>>>>>>
2019-10-11 14:57:30,408 : INFO : SwitchController : <<<<<<< 's_pop_right' inactive >>>>>>>
2019-10-11 14:57:32,456 : INFO : SwitchController : <<<<<<< 's_flipper_left' active >>>>>>>
2019-10-11 14:57:33,256 : INFO : SwitchController : <<<<<<< 's_flipper_left' inactive >>>>>>>
2019-10-11 14:57:34,215 : INFO : SwitchController : <<<<<<< 's_flipper_left' active >>>>>>>
2019-10-11 14:57:34,295 : INFO : SwitchController : <<<<<<< 's_flipper_left' inactive >>>>>>>
2019-10-11 14:57:34,887 : INFO : SwitchController : <<<<<<< 's_spinner' active >>>>>>>
2019-10-11 14:57:35,192 : INFO : SwitchController : <<<<<<< 's_spinner' inactive >>>>>>>
2019-10-11 14:57:37,319 : INFO : SwitchController : <<<<<<< 's_flipper_right' active >>>>>>>
2019-10-11 14:57:37,415 : INFO : SwitchController : <<<<<<< 's_flipper_right' inactive >>>>>>>
2019-10-11 14:57:39,095 : INFO : SwitchController : <<<<<<< 's_flipper_right' active >>>>>>>
2019-10-11 14:57:39,399 : INFO : SwitchController : <<<<<<< 's_flipper_right' inactive >>>>>>>
2019-10-11 14:57:40,343 : INFO : SwitchController : <<<<<<< 's_flipper_right' active >>>>>>>
2019-10-11 14:57:40,407 : INFO : SwitchController : <<<<<<< 's_flipper_right' inactive >>>>>>>
2019-10-11 14:57:40,647 : INFO : SwitchController : <<<<<<< 's_spinner' active >>>>>>>
2019-10-11 14:57:40,679 : INFO : SwitchController : <<<<<<< 's_spinner' inactive >>>>>>>
2019-10-11 14:57:40,697 : INFO : SwitchController : <<<<<<< 's_pop_bottom' active >>>>>>>
2019-10-11 14:57:40,718 : INFO : SwitchController : <<<<<<< 's_pop_bottom' inactive >>>>>>>
2019-10-11 14:57:40,736 : INFO : SwitchController : <<<<<<< 's_pop_bottom' active >>>>>>>
2019-10-11 14:57:40,758 : INFO : SwitchController : <<<<<<< 's_pop_bottom' inactive >>>>>>>
2019-10-11 14:57:40,776 : INFO : SwitchController : <<<<<<< 's_spinner' active >>>>>>>
2019-10-11 14:57:40,810 : INFO : Mode.pichu : Stopped.
2019-10-11 14:57:40,814 : INFO : Mode.evolve_pichu : Started. Priority: 101
2019-10-11 14:57:40,818 : INFO : SwitchController : <<<<<<< 's_spinner' inactive >>>>>>>
2019-10-11 14:57:40,887 : INFO : SwitchController : <<<<<<< 's_spinner' active >>>>>>>
2019-10-11 14:57:40,920 : INFO : SwitchController : <<<<<<< 's_spinner' inactive >>>>>>>
2019-10-11 14:57:41,031 : INFO : SwitchController : <<<<<<< 's_spinner' active >>>>>>>
2019-10-11 14:57:41,079 : INFO : SwitchController : <<<<<<< 's_spinner' inactive >>>>>>>
2019-10-11 14:57:41,191 : INFO : SwitchController : <<<<<<< 's_spinner' active >>>>>>>
2019-10-11 14:57:41,239 : INFO : SwitchController : <<<<<<< 's_spinner' inactive >>>>>>>
2019-10-11 14:57:41,383 : INFO : SwitchController : <<<<<<< 's_spinner' active >>>>>>>
2019-10-11 14:57:41,464 : INFO : SwitchController : <<<<<<< 's_spinner' inactive >>>>>>>
2019-10-11 14:57:41,655 : INFO : SwitchController : <<<<<<< 's_spinner' active >>>>>>>
2019-10-11 14:57:41,767 : INFO : SwitchController : <<<<<<< 's_spinner' inactive >>>>>>>
2019-10-11 14:57:41,815 : INFO : SwitchController : <<<<<<< 's_flipper_right' active >>>>>>>
2019-10-11 14:57:42,216 : INFO : SwitchController : <<<<<<< 's_flipper_right' inactive >>>>>>>
2019-10-11 14:57:43,191 : INFO : SwitchController : <<<<<<< 's_flipper_right' active >>>>>>>
2019-10-11 14:57:43,383 : INFO : SwitchController : <<<<<<< 's_flipper_right' inactive >>>>>>>
2019-10-11 14:57:43,512 : INFO : SwitchController : <<<<<<< 's_flipper_right' active >>>>>>>
2019-10-11 14:57:43,895 : INFO : SwitchController : <<<<<<< 's_flipper_right' inactive >>>>>>>
2019-10-11 14:57:44,760 : INFO : SwitchController : <<<<<<< 's_flipper_right' active >>>>>>>
2019-10-11 14:57:44,839 : INFO : SwitchController : <<<<<<< 's_flipper_right' inactive >>>>>>>
2019-10-11 14:57:45,239 : INFO : SwitchController : <<<<<<< 's_flipper_left' active >>>>>>>
2019-10-11 14:57:45,351 : INFO : SwitchController : <<<<<<< 's_flipper_right' active >>>>>>>
2019-10-11 14:57:45,384 : INFO : SwitchController : <<<<<<< 's_flipper_left' inactive >>>>>>>
2019-10-11 14:57:45,831 : INFO : SwitchController : <<<<<<< 's_flipper_right' inactive >>>>>>>
2019-10-11 14:57:45,991 : INFO : SwitchController : <<<<<<< 's_flipper_right' active >>>>>>>
2019-10-11 14:57:46,119 : INFO : SwitchController : <<<<<<< 's_flipper_right' inactive >>>>>>>
2019-10-11 14:57:46,471 : INFO : SwitchController : <<<<<<< 's_flipper_left' active >>>>>>>
2019-10-11 14:57:46,887 : INFO : SwitchController : <<<<<<< 's_flipper_left' inactive >>>>>>>
2019-10-11 14:57:47,063 : INFO : SwitchController : <<<<<<< 's_flipper_left' active >>>>>>>
2019-10-11 14:57:47,159 : INFO : SwitchController : <<<<<<< 's_flipper_left' inactive >>>>>>>
2019-10-11 14:57:47,623 : INFO : SwitchController : <<<<<<< 's_pop_top' active >>>>>>>
2019-10-11 14:57:47,655 : INFO : SwitchController : <<<<<<< 's_pop_top' inactive >>>>>>>
2019-10-11 14:57:47,751 : INFO : SwitchController : <<<<<<< 's_pop_top' active >>>>>>>
2019-10-11 14:57:47,767 : INFO : SwitchController : <<<<<<< 's_pop_top' inactive >>>>>>>
2019-10-11 14:57:47,783 : INFO : SwitchController : <<<<<<< 's_pop_top' active >>>>>>>
2019-10-11 14:57:47,806 : INFO : SwitchController : <<<<<<< 's_pop_top' inactive >>>>>>>
2019-10-11 14:57:47,823 : INFO : SwitchController : <<<<<<< 's_pop_top' active >>>>>>>
2019-10-11 14:57:47,839 : INFO : SwitchController : <<<<<<< 's_pop_top' inactive >>>>>>>
2019-10-11 14:57:49,095 : INFO : SwitchController : <<<<<<< 's_flipper_right' active >>>>>>>
2019-10-11 14:57:49,799 : INFO : SwitchController : <<<<<<< 's_sling_right' active >>>>>>>
2019-10-11 14:57:49,820 : INFO : SwitchController : <<<<<<< 's_sling_right' inactive >>>>>>>
2019-10-11 14:57:50,007 : INFO : SwitchController : <<<<<<< 's_sling_left' active >>>>>>>
2019-10-11 14:57:50,024 : INFO : SwitchController : <<<<<<< 's_sling_left' inactive >>>>>>>
2019-10-11 14:57:50,045 : INFO : SwitchController : <<<<<<< 's_flipper_right' inactive >>>>>>>
2019-10-11 14:57:54,359 : INFO : SwitchController : <<<<<<< 's_drain' active >>>>>>>
2019-10-11 14:57:54,378 : INFO : SwitchController : <<<<<<< 's_drain' inactive >>>>>>>
2019-10-11 14:57:54,471 : INFO : SwitchController : <<<<<<< 's_drain' active >>>>>>>
2019-10-11 14:57:54,490 : INFO : SwitchController : <<<<<<< 's_drain' inactive >>>>>>>
2019-10-11 14:57:54,518 : INFO : SwitchController : <<<<<<< 's_drain' active >>>>>>>
2019-10-11 14:57:54,537 : INFO : SwitchController : <<<<<<< 's_drain' inactive >>>>>>>
2019-10-11 14:57:54,557 : INFO : SwitchController : <<<<<<< 's_drain' active >>>>>>>
2019-10-11 14:57:54,575 : INFO : SwitchController : <<<<<<< 's_drain' inactive >>>>>>>
2019-10-11 14:57:54,595 : INFO : SwitchController : <<<<<<< 's_drain' active >>>>>>>
2019-10-11 14:57:55,096 : DEBUG : ball_device.bd_trough : Counted 0 balls. Active switches: []. Old: 0
2019-10-11 14:57:55,110 : INFO : Mode.base : Stopped.
2019-10-11 14:57:55,112 : INFO : Mode.evolve_pichu : Stopped.
2019-10-11 14:57:55,124 : DEBUG : ball_device.bd_trough : Ready to receive from <ball_device.bd_drain>. Free space 1 (Capacity: 1, Balls: 0), incoming_balls: 0
2019-10-11 14:57:55,125 : INFO : ball_device.bd_drain : Ejecting ball to <ball_device.bd_trough>
2019-10-11 14:57:55,133 : INFO : coil.c_drain : Pulsing Driver for 20ms (1.0 pulse_power)
2019-10-11 14:57:55,156 : INFO : coil.c_drop_reset : Enabling Driver for 400ms (1.0 pulse_power)
2019-10-11 14:57:55,176 : INFO : Mode.evolve_pichu : Started. Priority: 101
2019-10-11 14:57:55,178 : INFO : Mode.base : Started. Priority: 31
2019-10-11 14:57:55,194 : DEBUG : ball_device.bd_trough : Adding eject chain
2019-10-11 14:57:55,199 : DEBUG : ball_device.bd_trough : Got eject request
2019-10-11 14:57:55,203 : DEBUG : ball_device.bd_trough : BCH: Counting. New count: 0 Old count: 0
2019-10-11 14:57:55,206 : DEBUG : ball_device.bd_trough : State: waiting_for_ball
2019-10-11 14:57:55,213 : DEBUG : ball_device.bd_trough : No ball found. Waiting for balls.
2019-10-11 14:57:55,214 : INFO : SwitchController : <<<<<<< 's_drain' inactive >>>>>>>
2019-10-11 14:57:55,238 : DEBUG : ball_device.bd_trough : Adding incoming ball from <ball_device.bd_drain>
2019-10-11 14:57:55,242 : INFO : SwitchController : <<<<<<< 's_drop_left' inactive >>>>>>>
2019-10-11 14:57:55,261 : INFO : SwitchController : <<<<<<< 's_drop_center' inactive >>>>>>>
2019-10-11 14:57:55,528 : INFO : SwitchController : <<<<<<< 's_trough' active >>>>>>>
2019-10-11 14:57:55,547 : INFO : coil.c_drop_reset : Disabling Driver
2019-10-11 14:57:55,559 : INFO : SwitchController : <<<<<<< 's_trough' inactive >>>>>>>
2019-10-11 14:57:55,782 : INFO : SwitchController : <<<<<<< 's_trough' active >>>>>>>
2019-10-11 14:57:56,278 : DEBUG : ball_device.bd_trough : Counted 1 balls. Active switches: ['s_trough']. Old: 0
2019-10-11 14:57:56,280 : DEBUG : ball_device.bd_trough : BCH: Found 1 new balls
2019-10-11 14:57:56,281 : DEBUG : ball_device.bd_trough : Received ball from <ball_device.bd_drain>
2019-10-11 14:57:56,282 : DEBUG : ball_device.bd_trough : Removing incoming ball from <ball_device.bd_drain>
2019-10-11 14:57:56,282 : DEBUG : ball_device.bd_trough : Processing new ball
2019-10-11 14:57:56,285 : DEBUG : ball_device.bd_trough : BCH: Counting. New count: 1 Old count: 1
2019-10-11 14:57:56,289 : DEBUG : ball_device.bd_trough : A ball arrived. Progressing.
2019-10-11 14:57:56,292 : DEBUG : ball_device.bd_trough : State: waiting_for_target_ready
2019-10-11 14:57:56,297 : DEBUG : ball_device.bd_trough : State: ejecting
2019-10-11 14:57:56,297 : INFO : ball_device.bd_trough : Ejecting ball to <ball_device.bd_plunger>
2019-10-11 14:57:56,301 : DEBUG : ball_device.bd_trough : Entered eject mode.
2019-10-11 14:57:56,305 : DEBUG : ball_device.bd_trough : Wait for ball to leave device
2019-10-11 14:57:56,306 : INFO : coil.c_trough : Pulsing Driver for 7ms (1.0 pulse_power)
2019-10-11 14:57:56,306 : DEBUG : ball_device.bd_trough : Firing eject coil. Current balls: 1.
2019-10-11 14:57:56,353 : INFO : SwitchController : <<<<<<< 's_trough' inactive >>>>>>>
2019-10-11 14:57:56,374 : DEBUG : ball_device.bd_trough : Got ball left during eject
2019-10-11 14:57:56,375 : DEBUG : ball_device.bd_trough : Switch 's_trough' changed too recently. Aborting count!
2019-10-11 14:57:56,377 : DEBUG : ball_device.bd_trough : State: ball_left
2019-10-11 14:57:56,378 : DEBUG : ball_device.bd_trough : Ball left
2019-10-11 14:57:56,378 : DEBUG : ball_device.bd_trough : Wait for confirm with timeout 10.0
2019-10-11 14:57:56,841 : DEBUG : ball_device.bd_trough : Counted 0 balls. Active switches: []. Old: 0
2019-10-11 14:58:01,847 : INFO : SwitchController : <<<<<<< 's_spinner' active >>>>>>>
2019-10-11 14:58:01,974 : INFO : SwitchController : <<<<<<< 's_spinner' inactive >>>>>>>
2019-10-11 14:58:02,438 : INFO : SwitchController : <<<<<<< 's_flipper_right' active >>>>>>>
2019-10-11 14:58:02,551 : INFO : SwitchController : <<<<<<< 's_flipper_right' inactive >>>>>>>
2019-10-11 14:58:02,934 : INFO : SwitchController : <<<<<<< 's_flipper_right' active >>>>>>>
2019-10-11 14:58:03,478 : INFO : SwitchController : <<<<<<< 's_flipper_right' inactive >>>>>>>
2019-10-11 14:58:06,371 : DEBUG : ball_device.bd_trough : State: failed_confirm
2019-10-11 14:58:06,372 : DEBUG : ball_device.bd_trough : Got timeout (10.0s) before confirm from <ball_device.bd_plunger>
2019-10-11 14:58:06,966 : INFO : SwitchController : <<<<<<< 's_drain' active >>>>>>>
2019-10-11 14:58:06,998 : INFO : SwitchController : <<<<<<< 's_drain' inactive >>>>>>>
2019-10-11 14:58:07,014 : INFO : SwitchController : <<<<<<< 's_drain' active >>>>>>>
2019-10-11 14:58:07,031 : INFO : SwitchController : <<<<<<< 's_drain' inactive >>>>>>>
2019-10-11 14:58:07,047 : INFO : SwitchController : <<<<<<< 's_drain' active >>>>>>>
2019-10-11 14:58:07,064 : INFO : SwitchController : <<<<<<< 's_drain' inactive >>>>>>>
2019-10-11 14:58:07,081 : INFO : SwitchController : <<<<<<< 's_drain' active >>>>>>>
2019-10-11 14:58:07,578 : DEBUG : ball_device.bd_trough : Counted 0 balls. Active switches: []. Old: 0
2019-10-11 14:58:07,589 : DEBUG : ball_device.bd_trough : Eject successful
2019-10-11 14:58:07,592 : INFO : Mode.base : Stopped.
2019-10-11 14:58:07,594 : INFO : Mode.evolve_pichu : Stopped.
2019-10-11 14:58:07,597 : DEBUG : ball_device.bd_trough : Exited eject mode. Eject success: True
2019-10-11 14:58:07,598 : DEBUG : ball_device.bd_trough : State: idle
2019-10-11 14:58:07,598 : DEBUG : ball_device.bd_trough : Waiting for eject request.
2019-10-11 14:58:07,603 : DEBUG : ball_device.bd_trough : BCH: Counting. New count: 0 Old count: 0
2019-10-11 14:58:07,611 : DEBUG : ball_device.bd_trough : Ready to receive from <ball_device.bd_drain>. Free space 1 (Capacity: 1, Balls: 0), incoming_balls: 0
2019-10-11 14:58:07,612 : INFO : ball_device.bd_drain : Ejecting ball to <ball_device.bd_trough>
2019-10-11 14:58:07,631 : DEBUG : ball_device.bd_trough : BCH: Counting. New count: 0 Old count: 0
2019-10-11 14:58:07,638 : INFO : coil.c_drain : Pulsing Driver for 20ms (1.0 pulse_power)
2019-10-11 14:58:07,664 : INFO : Mode.evolve_pichu : Started. Priority: 101
2019-10-11 14:58:07,666 : INFO : Mode.base : Started. Priority: 31
2019-10-11 14:58:07,670 : INFO : coil.c_drop_reset : Enabling Driver for 400ms (1.0 pulse_power)
2019-10-11 14:58:07,679 : DEBUG : ball_device.bd_trough : Adding eject chain
2019-10-11 14:58:07,683 : DEBUG : ball_device.bd_trough : Got eject request
2019-10-11 14:58:07,688 : DEBUG : ball_device.bd_trough : BCH: Counting. New count: 0 Old count: 0
2019-10-11 14:58:07,689 : INFO : SwitchController : <<<<<<< 's_drain' inactive >>>>>>>
2019-10-11 14:58:07,709 : DEBUG : ball_device.bd_trough : State: waiting_for_ball
2019-10-11 14:58:07,712 : DEBUG : ball_device.bd_trough : No ball found. Waiting for balls.
2019-10-11 14:58:07,717 : DEBUG : ball_device.bd_trough : Adding incoming ball from <ball_device.bd_drain>
2019-10-11 14:58:08,007 : INFO : SwitchController : <<<<<<< 's_trough' active >>>>>>>
2019-10-11 14:58:08,039 : INFO : SwitchController : <<<<<<< 's_trough' inactive >>>>>>>
2019-10-11 14:58:08,059 : INFO : coil.c_drop_reset : Disabling Driver
2019-10-11 14:58:08,246 : INFO : SwitchController : <<<<<<< 's_trough' active >>>>>>>
2019-10-11 14:58:08,746 : DEBUG : ball_device.bd_trough : Counted 1 balls. Active switches: ['s_trough']. Old: 0
2019-10-11 14:58:08,748 : DEBUG : ball_device.bd_trough : BCH: Found 1 new balls
2019-10-11 14:58:08,749 : DEBUG : ball_device.bd_trough : Received ball from <ball_device.bd_drain>
2019-10-11 14:58:08,749 : DEBUG : ball_device.bd_trough : Removing incoming ball from <ball_device.bd_drain>
2019-10-11 14:58:08,750 : DEBUG : ball_device.bd_trough : Processing new ball
2019-10-11 14:58:08,752 : DEBUG : ball_device.bd_trough : BCH: Counting. New count: 1 Old count: 1
2019-10-11 14:58:08,755 : DEBUG : ball_device.bd_trough : A ball arrived. Progressing.
2019-10-11 14:58:08,758 : DEBUG : ball_device.bd_trough : State: waiting_for_target_ready
2019-10-11 14:58:08,762 : DEBUG : ball_device.bd_trough : State: ejecting
2019-10-11 14:58:08,762 : INFO : ball_device.bd_trough : Ejecting ball to <ball_device.bd_plunger>
2019-10-11 14:58:08,765 : DEBUG : ball_device.bd_trough : Entered eject mode.
2019-10-11 14:58:08,768 : DEBUG : ball_device.bd_trough : Wait for ball to leave device
2019-10-11 14:58:08,768 : INFO : coil.c_trough : Pulsing Driver for 7ms (1.0 pulse_power)
2019-10-11 14:58:08,769 : DEBUG : ball_device.bd_trough : Firing eject coil. Current balls: 1.
2019-10-11 14:58:08,806 : INFO : SwitchController : <<<<<<< 's_trough' inactive >>>>>>>
2019-10-11 14:58:08,824 : DEBUG : ball_device.bd_trough : Got ball left during eject
2019-10-11 14:58:08,824 : DEBUG : ball_device.bd_trough : Switch 's_trough' changed too recently. Aborting count!
2019-10-11 14:58:08,826 : DEBUG : ball_device.bd_trough : State: ball_left
2019-10-11 14:58:08,827 : DEBUG : ball_device.bd_trough : Ball left
2019-10-11 14:58:08,827 : DEBUG : ball_device.bd_trough : Wait for confirm with timeout 10.0
2019-10-11 14:58:09,295 : DEBUG : ball_device.bd_trough : Counted 0 balls. Active switches: []. Old: 0
2019-10-11 14:58:13,782 : INFO : SwitchController : <<<<<<< 's_spinner' active >>>>>>>
2019-10-11 14:58:13,878 : INFO : SwitchController : <<<<<<< 's_spinner' inactive >>>>>>>
2019-10-11 14:58:14,086 : INFO : SwitchController : <<<<<<< 's_spinner' active >>>>>>>
2019-10-11 14:58:14,150 : INFO : SwitchController : <<<<<<< 's_spinner' inactive >>>>>>>
2019-10-11 14:58:14,390 : INFO : SwitchController : <<<<<<< 's_flipper_right' active >>>>>>>
2019-10-11 14:58:14,502 : INFO : SwitchController : <<<<<<< 's_flipper_right' inactive >>>>>>>
2019-10-11 14:58:15,045 : INFO : SwitchController : <<<<<<< 's_flipper_right' active >>>>>>>
2019-10-11 14:58:15,270 : INFO : SwitchController : <<<<<<< 's_flipper_right' inactive >>>>>>>
2019-10-11 14:58:15,638 : INFO : SwitchController : <<<<<<< 's_flipper_left' active >>>>>>>
2019-10-11 14:58:18,694 : INFO : SwitchController : <<<<<<< 's_flipper_left' inactive >>>>>>>
2019-10-11 14:58:18,825 : DEBUG : ball_device.bd_trough : State: failed_confirm
2019-10-11 14:58:18,826 : DEBUG : ball_device.bd_trough : Got timeout (10.0s) before confirm from <ball_device.bd_plunger>
2019-10-11 14:58:19,029 : INFO : SwitchController : <<<<<<< 's_flipper_left' active >>>>>>>
2019-10-11 14:58:19,142 : INFO : SwitchController : <<<<<<< 's_flipper_left' inactive >>>>>>>
2019-10-11 14:58:19,430 : INFO : SwitchController : <<<<<<< 's_pop_top' active >>>>>>>
2019-10-11 14:58:19,453 : INFO : SwitchController : <<<<<<< 's_pop_top' inactive >>>>>>>
2019-10-11 14:58:19,476 : DEBUG : ball_device.bd_trough : Eject successful
2019-10-11 14:58:19,479 : DEBUG : ball_device.bd_trough : Exited eject mode. Eject success: True
2019-10-11 14:58:19,480 : DEBUG : ball_device.bd_trough : State: idle
2019-10-11 14:58:19,480 : DEBUG : ball_device.bd_trough : Waiting for eject request.
2019-10-11 14:58:19,482 : DEBUG : ball_device.bd_trough : BCH: Counting. New count: 0 Old count: 0
2019-10-11 14:58:19,485 : DEBUG : ball_device.bd_trough : BCH: Counting. New count: 0 Old count: 0
2019-10-11 14:58:20,454 : INFO : SwitchController : <<<<<<< 's_flipper_left' active >>>>>>>
2019-10-11 14:58:21,589 : INFO : SwitchController : <<<<<<< 's_flipper_left' inactive >>>>>>>
2019-10-11 14:58:23,542 : INFO : SwitchController : <<<<<<< 's_spinner' active >>>>>>>
2019-10-11 14:58:23,653 : INFO : SwitchController : <<<<<<< 's_spinner' inactive >>>>>>>
2019-10-11 14:58:24,182 : INFO : SwitchController : <<<<<<< 's_flipper_right' active >>>>>>>
2019-10-11 14:58:24,246 : INFO : SwitchController : <<<<<<< 's_flipper_right' inactive >>>>>>>
2019-10-11 14:58:24,854 : INFO : SwitchController : <<<<<<< 's_drop_right' active >>>>>>>
2019-10-11 14:58:26,022 : INFO : SwitchController : <<<<<<< 's_sling_right' active >>>>>>>
2019-10-11 14:58:26,045 : INFO : SwitchController : <<<<<<< 's_sling_right' inactive >>>>>>>
2019-10-11 14:58:26,389 : INFO : SwitchController : <<<<<<< 's_sling_left' active >>>>>>>
2019-10-11 14:58:26,408 : INFO : SwitchController : <<<<<<< 's_sling_left' inactive >>>>>>>
2019-10-11 14:58:31,077 : INFO : SwitchController : <<<<<<< 's_drain' active >>>>>>>
2019-10-11 14:58:31,096 : INFO : SwitchController : <<<<<<< 's_drain' inactive >>>>>>>
2019-10-11 14:58:31,114 : INFO : SwitchController : <<<<<<< 's_drain' active >>>>>>>
2019-10-11 14:58:31,130 : INFO : SwitchController : <<<<<<< 's_drain' inactive >>>>>>>
2019-10-11 14:58:31,148 : INFO : SwitchController : <<<<<<< 's_drain' active >>>>>>>
2019-10-11 14:58:31,190 : INFO : SwitchController : <<<<<<< 's_drain' inactive >>>>>>>
2019-10-11 14:58:31,206 : INFO : SwitchController : <<<<<<< 's_drain' active >>>>>>>
2019-10-11 14:58:31,238 : INFO : SwitchController : <<<<<<< 's_drain' inactive >>>>>>>
2019-10-11 14:58:31,256 : INFO : SwitchController : <<<<<<< 's_drain' active >>>>>>>
2019-10-11 14:58:31,751 : DEBUG : ball_device.bd_trough : Counted 0 balls. Active switches: []. Old: 0
2019-10-11 14:58:31,765 : INFO : Mode.base : Stopped.
2019-10-11 14:58:31,767 : INFO : Mode.evolve_pichu : Stopped.
2019-10-11 14:58:31,778 : DEBUG : ball_device.bd_trough : Ready to receive from <ball_device.bd_drain>. Free space 1 (Capacity: 1, Balls: 0), incoming_balls: 0
2019-10-11 14:58:31,779 : INFO : ball_device.bd_drain : Ejecting ball to <ball_device.bd_trough>
2019-10-11 14:58:31,787 : INFO : coil.c_drain : Pulsing Driver for 20ms (1.0 pulse_power)
2019-10-11 14:58:31,807 : INFO : Mode.attract : Started. Priority: 10
2019-10-11 14:58:31,811 : INFO : Mode.game : Stopped.
2019-10-11 14:58:31,846 : INFO : SwitchController : <<<<<<< 's_drain' inactive >>>>>>>
2019-10-11 14:58:31,878 : DEBUG : ball_device.bd_trough : Adding incoming ball from <ball_device.bd_drain>
2019-10-11 14:58:32,149 : INFO : SwitchController : <<<<<<< 's_trough' active >>>>>>>
2019-10-11 14:58:32,181 : INFO : SwitchController : <<<<<<< 's_trough' inactive >>>>>>>
2019-10-11 14:58:32,405 : INFO : SwitchController : <<<<<<< 's_trough' active >>>>>>>
2019-10-11 14:58:32,903 : DEBUG : ball_device.bd_trough : Counted 1 balls. Active switches: ['s_trough']. Old: 0
2019-10-11 14:58:32,906 : DEBUG : ball_device.bd_trough : BCH: Counting. New count: 1 Old count: 0
2019-10-11 14:58:32,906 : DEBUG : ball_device.bd_trough : BCH: Found 1 new balls
2019-10-11 14:58:32,907 : DEBUG : ball_device.bd_trough : Received ball from <ball_device.bd_drain>
2019-10-11 14:58:32,907 : DEBUG : ball_device.bd_trough : Removing incoming ball from <ball_device.bd_drain>
2019-10-11 14:58:32,908 : DEBUG : ball_device.bd_trough : Processing new ball
2019-10-11 14:58:34,341 : INFO : Machine : Shutting down...
2019-10-11 14:58:34,341 : DEBUG : ball_device.bd_trough : Stopping ball device
2019-10-11 14:58:34,372 : ERROR : FAST : Stop called on serial connection com4
2019-10-11 14:58:34,372 : ERROR : FAST : Stop called on serial connection com5
2019-10-11 14:58:34,607 : INFO : root : MPF run loop ended.
