2019-05-29 22:16:20,741 : kivy : Factory: 194 symbols loaded
2019-05-29 22:16:21,287 : kivy : Image: Providers: img_tex, img_dds, img_sdl2, img_pil, img_gif (img_ffpyplayer ignored)
2019-05-29 22:16:21,615 : kivy : VideoGstplayer: Using Gstreamer 1.10.2.0
2019-05-29 22:16:21,615 : kivy : Video: Provider: gstplayer
2019-05-29 22:16:21,912 : kivy : Loading MPF-MC controller
2019-05-29 22:16:21,912 : mpfmc : Mission Pinball Framework Media Controller v0.50.8
2019-05-29 22:16:21,912 : mpfmc : Mission Pinball Framework Game Engine v0.50.17
2019-05-29 22:16:21,912 : mpfmc : Machine path: D:\POKEMON
2019-05-29 22:16:21,912 : ConfigProcessor : Config file in cache changed: D:\POKEMON\config\config
2019-05-29 22:16:23,537 : ConfigProcessor : Loading config from file c:\python34\lib\site-packages\mpfmc\mcconfig.yaml.
2019-05-29 22:16:23,772 : ConfigProcessor : Loading config: c:\python34\lib\site-packages\mpfmc\mcconfig.yaml
2019-05-29 22:16:23,772 : ConfigProcessor : Loading config from file D:\POKEMON\config\config.
2019-05-29 22:16:23,944 : ConfigProcessor : Loading config: D:\POKEMON\config\config
2019-05-29 22:16:23,944 : ConfigProcessor : Config file cache created: C:\Users\MISSIO~1\AppData\Local\Temp\42582fcba572e096272241837be67618.mpf_cache
2019-05-29 22:16:23,975 : mpfmc : Starting clock at 60.0Hz
2019-05-29 22:16:24,053 : kivy : Text: Provider: sdl2
2019-05-29 22:16:25,756 : kivy : OSC: using <thread> for socket
2019-05-29 22:16:25,787 : kivy : Window: Provider: sdl2
2019-05-29 22:16:26,071 : kivy : GL: Using the "OpenGL" graphics system
2019-05-29 22:16:26,074 : kivy : GL: GLEW initialization succeeded
2019-05-29 22:16:26,075 : kivy : GL: Backend used <glew>
2019-05-29 22:16:26,076 : kivy : GL: OpenGL version <b'4.4.0 - Build 20.19.15.4835'>
2019-05-29 22:16:26,076 : kivy : GL: OpenGL vendor <b'Intel'>
2019-05-29 22:16:26,077 : kivy : GL: OpenGL renderer <b'Intel(R) HD Graphics'>
2019-05-29 22:16:26,077 : kivy : GL: OpenGL parsed version: 4, 4
2019-05-29 22:16:26,078 : kivy : GL: Shading version <b'4.40 - Build 20.19.15.4835'>
2019-05-29 22:16:26,078 : kivy : GL: Texture max size <16384>
2019-05-29 22:16:26,079 : kivy : GL: Texture max units <32>
2019-05-29 22:16:26,134 : kivy : Shader: fragment shader: <b"WARNING: 0:7: '' :  #version directive missing">
2019-05-29 22:16:26,136 : kivy : Shader: vertex shader: <b"WARNING: 0:7: '' :  #version directive missing">
2019-05-29 22:16:26,153 : kivy : Window: auto add sdl2 input provider
2019-05-29 22:16:26,154 : kivy : Window: virtual keyboard not allowed, single mode, not docked
2019-05-29 22:16:26,185 : SoundSystem : SoundSystem: Using default 'sound_system' settings
2019-05-29 22:16:27,912 : AudioInterface : Initialized
2019-05-29 22:16:27,913 : SoundSystem : No audio tracks are specified in your machine config file. a track named 'default' has been created.
2019-05-29 22:16:27,925 : kivy : Base: Start application main loop
2019-05-29 22:16:27,981 : mpfmc : Display: Setting 'window' as default display
2019-05-29 22:16:28,136 : ConfigProcessor : Loading config from cache: C:\Users\MISSIO~1\AppData\Local\Temp\01c5ea7020f20fc8cd2609416c749c9a.mpf_cache
2019-05-29 22:16:28,151 : ConfigProcessor : Loading config from cache: C:\Users\MISSIO~1\AppData\Local\Temp\3468305e031c5bbf036e7bdff3037650.mpf_cache
2019-05-29 22:16:28,165 : ConfigProcessor : Loading config from cache: C:\Users\MISSIO~1\AppData\Local\Temp\10f8871b1481fbf59bf30d5b3d29537e.mpf_cache
2019-05-29 22:16:28,168 : ConfigProcessor : Loading config from cache: C:\Users\MISSIO~1\AppData\Local\Temp\c8c985d122de6339937b15f5cde5ffe7.mpf_cache
2019-05-29 22:16:28,174 : MPF-MC BCP Server : Starting up on localhost port 5050
2019-05-29 22:16:28,198 : MPF-MC BCP Server : Waiting for a connection...
2019-05-29 22:16:28,199 : mpfmc : SlidePlayer: Play called with settings={'slides': {'welcome_slide': {'background_color': [0.0, 0.0, 0.0, 1.0], 'expire': None, 'transition_out': None, 'force': False, 'target': None, 'transition': None, 'show': True, 'slide': None, 'action': 'play', 'priority': None}}}
2019-05-29 22:16:28,382 : kivy : GL: NPOT texture support is available
2019-05-29 22:16:28,502 : MPF-MC BCP Server : Received connection from: 127.0.0.1:50157
2019-05-29 22:16:28,583 : BcpProcessor : Received invalid BCP command: mode_list
2019-05-29 22:16:28,736 : mpfmc : SlidePlayer: Play called with settings={'slides': {'welcome_slide': {'background_color': [0.0, 0.0, 0.0, 1.0], 'expire': None, 'transition_out': None, 'force': False, 'target': None, 'transition': None, 'show': True, 'slide': None, 'action': 'play', 'priority': None}}}
2019-05-29 22:16:29,955 : mpfmc : SlidePlayer: Play called with settings={'slides': {'attract_started': {'background_color': [0.0, 0.0, 0.0, 1.0], 'expire': None, 'transition_out': None, 'force': False, 'target': None, 'transition': None, 'show': True, 'slide': None, 'action': 'play', 'priority': None}}}
2019-05-29 22:16:31,874 : mpfmc : SlidePlayer: Play called with settings={'slides': {'widgets': {'background_color': [0.0, 0.0, 0.0, 1.0], 'expire': None, 'priority': None, 'force': False, 'widgets': [{'number_grouping': True, 'round_anchor_y': None, 'y': '400', 'color': [1.0, 1.0, 1.0, 1.0], 'opacity': 1.0, 'adjust_top': 0, 'valign': 'middle', 'anchor_y': 'bottom', 'font_kerning': True, 'anchor_x': 'left', 'adjust_left': 0, 'reset_animations_events': [], 'scale': 1.0, 'min_digits': 2, 'bold': False, 'round_anchor_x': None, 'halign': 'center', 'x': '0', 'type': 'text', 'font_size': 100, 'italic': False, 'animations': None, 'text': '(score)', 'adjust_bottom': 0, 'style': None, 'key': None, 'rotation': 0, 'z': 0, 'casing': None, 'expire': None, 'bitmap_font': False, 'adjust_right': 0, '_default_settings': ['font_size']}, {'number_grouping': True, 'round_anchor_y': None, 'y': '70', 'color': [1.0, 1.0, 1.0, 1.0], 'opacity': 1.0, 'adjust_top': 0, 'valign': 'middle', 'anchor_y': 'bottom', 'font_kerning': True, 'anchor_x': 'left', 'adjust_left': 0, 'reset_animations_events': [], 'scale': 1.0, 'min_digits': 2, 'bold': False, 'round_anchor_x': None, 'halign': 'center', 'x': '10', 'type': 'text', 'font_size': 50, 'italic': False, 'animations': None, 'text': 'PICHU EXP (pichu_exp)/100', 'adjust_bottom': 0, 'style': None, 'key': None, 'rotation': 0, 'z': 0, 'casing': None, 'expire': None, 'bitmap_font': False, 'adjust_right': 0, '_default_settings': ['font_size']}, {'number_grouping': False, 'round_anchor_y': None, 'y': '10', 'color': [1.0, 1.0, 1.0, 1.0], 'opacity': 1.0, 'adjust_top': 0, 'valign': 'middle', 'anchor_y': 'bottom', 'font_kerning': True, 'anchor_x': 'left', 'adjust_left': 0, 'reset_animations_events': [], 'scale': 1.0, 'min_digits': 0, 'bold': False, 'round_anchor_x': None, 'halign': 'center', 'x': '10', 'type': 'text', 'font_size': 50, 'italic': False, 'animations': None, 'text': 'PLAYER (number)', 'adjust_bottom': 0, 'style': None, 'key': None, 'rotation': 0, 'z': 0, 'casing': None, 'expire': None, 'bitmap_font': False, 'adjust_right': 0, '_default_settings': ['font_size']}, {'number_grouping': False, 'round_anchor_y': None, 'y': '10', 'color': [1.0, 1.0, 1.0, 1.0], 'opacity': 1.0, 'adjust_top': 0, 'valign': 'middle', 'anchor_y': 'bottom', 'font_kerning': True, 'anchor_x': 'right', 'adjust_left': 0, 'reset_animations_events': [], 'scale': 1.0, 'min_digits': 0, 'bold': False, 'round_anchor_x': None, 'halign': 'center', 'x': 'right-10', 'type': 'text', 'font_size': 50, 'italic': False, 'animations': None, 'text': 'BALL (ball)', 'adjust_bottom': 0, 'style': None, 'key': None, 'rotation': 0, 'z': 0, 'casing': None, 'expire': None, 'bitmap_font': False, 'adjust_right': 0, '_default_settings': ['font_size']}], 'target': None, 'transition': None, 'show': True, 'slide': None, 'action': 'play', 'transition_out': None}}}
2019-05-29 22:18:26,181 : mpfmc : SlidePlayer: Play called with settings={'slides': {'widgets': {'background_color': [0.0, 0.0, 0.0, 1.0], 'expire': None, 'priority': None, 'force': False, 'widgets': [{'number_grouping': True, 'round_anchor_y': None, 'y': '400', 'color': [1.0, 1.0, 1.0, 1.0], 'opacity': 1.0, 'adjust_top': 0, 'valign': 'middle', 'anchor_y': 'bottom', 'font_kerning': True, 'anchor_x': 'left', 'adjust_left': 0, 'reset_animations_events': [], 'scale': 1.0, 'min_digits': 2, 'bold': False, 'round_anchor_x': None, 'halign': 'center', 'x': '0', 'type': 'text', 'font_size': 100, 'italic': False, 'animations': None, 'text': '(score)', 'adjust_bottom': 0, 'style': None, 'key': None, 'rotation': 0, 'z': 0, 'casing': None, 'expire': None, 'bitmap_font': False, 'adjust_right': 0, '_default_settings': ['font_size']}, {'number_grouping': True, 'round_anchor_y': None, 'y': '70', 'color': [1.0, 1.0, 1.0, 1.0], 'opacity': 1.0, 'adjust_top': 0, 'valign': 'middle', 'anchor_y': 'bottom', 'font_kerning': True, 'anchor_x': 'left', 'adjust_left': 0, 'reset_animations_events': [], 'scale': 1.0, 'min_digits': 2, 'bold': False, 'round_anchor_x': None, 'halign': 'center', 'x': '10', 'type': 'text', 'font_size': 50, 'italic': False, 'animations': None, 'text': 'PICHU EXP (pichu_exp)/100', 'adjust_bottom': 0, 'style': None, 'key': None, 'rotation': 0, 'z': 0, 'casing': None, 'expire': None, 'bitmap_font': False, 'adjust_right': 0, '_default_settings': ['font_size']}, {'number_grouping': False, 'round_anchor_y': None, 'y': '10', 'color': [1.0, 1.0, 1.0, 1.0], 'opacity': 1.0, 'adjust_top': 0, 'valign': 'middle', 'anchor_y': 'bottom', 'font_kerning': True, 'anchor_x': 'left', 'adjust_left': 0, 'reset_animations_events': [], 'scale': 1.0, 'min_digits': 0, 'bold': False, 'round_anchor_x': None, 'halign': 'center', 'x': '10', 'type': 'text', 'font_size': 50, 'italic': False, 'animations': None, 'text': 'PLAYER (number)', 'adjust_bottom': 0, 'style': None, 'key': None, 'rotation': 0, 'z': 0, 'casing': None, 'expire': None, 'bitmap_font': False, 'adjust_right': 0, '_default_settings': ['font_size']}, {'number_grouping': False, 'round_anchor_y': None, 'y': '10', 'color': [1.0, 1.0, 1.0, 1.0], 'opacity': 1.0, 'adjust_top': 0, 'valign': 'middle', 'anchor_y': 'bottom', 'font_kerning': True, 'anchor_x': 'right', 'adjust_left': 0, 'reset_animations_events': [], 'scale': 1.0, 'min_digits': 0, 'bold': False, 'round_anchor_x': None, 'halign': 'center', 'x': 'right-10', 'type': 'text', 'font_size': 50, 'italic': False, 'animations': None, 'text': 'BALL (ball)', 'adjust_bottom': 0, 'style': None, 'key': None, 'rotation': 0, 'z': 0, 'casing': None, 'expire': None, 'bitmap_font': False, 'adjust_right': 0, '_default_settings': ['font_size']}], 'target': None, 'transition': None, 'show': True, 'slide': None, 'action': 'play', 'transition_out': None}}}
2019-05-29 22:18:41,567 : mpfmc : SlidePlayer: Play called with settings={'slides': {'widgets': {'background_color': [0.0, 0.0, 0.0, 1.0], 'expire': None, 'priority': None, 'force': False, 'widgets': [{'number_grouping': True, 'round_anchor_y': None, 'y': '400', 'color': [1.0, 1.0, 1.0, 1.0], 'opacity': 1.0, 'adjust_top': 0, 'valign': 'middle', 'anchor_y': 'bottom', 'font_kerning': True, 'anchor_x': 'left', 'adjust_left': 0, 'reset_animations_events': [], 'scale': 1.0, 'min_digits': 2, 'bold': False, 'round_anchor_x': None, 'halign': 'center', 'x': '0', 'type': 'text', 'font_size': 100, 'italic': False, 'animations': None, 'text': '(score)', 'adjust_bottom': 0, 'style': None, 'key': None, 'rotation': 0, 'z': 0, 'casing': None, 'expire': None, 'bitmap_font': False, 'adjust_right': 0, '_default_settings': ['font_size']}, {'number_grouping': True, 'round_anchor_y': None, 'y': '70', 'color': [1.0, 1.0, 1.0, 1.0], 'opacity': 1.0, 'adjust_top': 0, 'valign': 'middle', 'anchor_y': 'bottom', 'font_kerning': True, 'anchor_x': 'left', 'adjust_left': 0, 'reset_animations_events': [], 'scale': 1.0, 'min_digits': 2, 'bold': False, 'round_anchor_x': None, 'halign': 'center', 'x': '10', 'type': 'text', 'font_size': 50, 'italic': False, 'animations': None, 'text': 'PICHU EXP (pichu_exp)/100', 'adjust_bottom': 0, 'style': None, 'key': None, 'rotation': 0, 'z': 0, 'casing': None, 'expire': None, 'bitmap_font': False, 'adjust_right': 0, '_default_settings': ['font_size']}, {'number_grouping': False, 'round_anchor_y': None, 'y': '10', 'color': [1.0, 1.0, 1.0, 1.0], 'opacity': 1.0, 'adjust_top': 0, 'valign': 'middle', 'anchor_y': 'bottom', 'font_kerning': True, 'anchor_x': 'left', 'adjust_left': 0, 'reset_animations_events': [], 'scale': 1.0, 'min_digits': 0, 'bold': False, 'round_anchor_x': None, 'halign': 'center', 'x': '10', 'type': 'text', 'font_size': 50, 'italic': False, 'animations': None, 'text': 'PLAYER (number)', 'adjust_bottom': 0, 'style': None, 'key': None, 'rotation': 0, 'z': 0, 'casing': None, 'expire': None, 'bitmap_font': False, 'adjust_right': 0, '_default_settings': ['font_size']}, {'number_grouping': False, 'round_anchor_y': None, 'y': '10', 'color': [1.0, 1.0, 1.0, 1.0], 'opacity': 1.0, 'adjust_top': 0, 'valign': 'middle', 'anchor_y': 'bottom', 'font_kerning': True, 'anchor_x': 'right', 'adjust_left': 0, 'reset_animations_events': [], 'scale': 1.0, 'min_digits': 0, 'bold': False, 'round_anchor_x': None, 'halign': 'center', 'x': 'right-10', 'type': 'text', 'font_size': 50, 'italic': False, 'animations': None, 'text': 'BALL (ball)', 'adjust_bottom': 0, 'style': None, 'key': None, 'rotation': 0, 'z': 0, 'casing': None, 'expire': None, 'bitmap_font': False, 'adjust_right': 0, '_default_settings': ['font_size']}], 'target': None, 'transition': None, 'show': True, 'slide': None, 'action': 'play', 'transition_out': None}}}
2019-05-29 22:19:24,038 : mpfmc : SlidePlayer: Play called with settings={'slides': {'attract_started': {'background_color': [0.0, 0.0, 0.0, 1.0], 'expire': None, 'transition_out': None, 'force': False, 'target': None, 'transition': None, 'show': True, 'slide': None, 'action': 'play', 'priority': None}}}
2019-05-29 22:19:27,045 : kivy : Base: Leaving application in progress...
2019-05-29 22:19:27,385 : mpfmc : Stopping...
2019-05-29 22:19:27,385 : mpfmc : Loop rate 81.05 Hz
2019-05-29 22:19:27,385 : kivy : MC run loop ended.
2019-05-29 22:19:27,385 : kivy : Stopping child threads... (3 remaining)
2019-05-29 22:19:28,229 : mpfmc : Stopping...
2019-05-29 22:19:28,229 : mpfmc : Loop rate 80.67 Hz
2019-05-29 22:19:28,400 : MPF-MC BCP Server : Stopping BCP sending thread
2019-05-29 22:19:28,479 : kivy : All child threads stopped.
