2019-11-25 19:40:36,086 : kivy : Factory: 194 symbols loaded
2019-11-25 19:40:36,710 : kivy : Image: Providers: img_tex, img_dds, img_sdl2, img_pil, img_gif (img_ffpyplayer ignored)
2019-11-25 19:40:37,086 : kivy : VideoGstplayer: Using Gstreamer 1.10.2.0
2019-11-25 19:40:37,101 : kivy : Video: Provider: gstplayer
2019-11-25 19:40:37,445 : kivy : Loading MPF-MC controller
2019-11-25 19:40:37,445 : mpfmc : Mission Pinball Framework Media Controller v0.50.8
2019-11-25 19:40:37,445 : mpfmc : Mission Pinball Framework Game Engine v0.50.17
2019-11-25 19:40:37,445 : mpfmc : Machine path: D:\POKEMON - 3 - GYMS DISPLAYS
2019-11-25 19:40:37,460 : ConfigProcessor : Config file in cache changed: D:\POKEMON - 3 - GYMS DISPLAYS\config\config
2019-11-25 19:40:39,070 : ConfigProcessor : Loading config from file c:\python34\lib\site-packages\mpfmc\mcconfig.yaml.
2019-11-25 19:40:39,273 : ConfigProcessor : Loading config: c:\python34\lib\site-packages\mpfmc\mcconfig.yaml
2019-11-25 19:40:39,273 : ConfigProcessor : Loading config from file D:\POKEMON - 3 - GYMS DISPLAYS\config\config.
2019-11-25 19:40:39,476 : ConfigProcessor : Loading config: D:\POKEMON - 3 - GYMS DISPLAYS\config\config
2019-11-25 19:40:39,492 : ConfigProcessor : Loading config: D:\POKEMON - 3 - GYMS DISPLAYS\config\player_variables.yaml
2019-11-25 19:40:39,507 : ConfigProcessor : Loading config: D:\POKEMON - 3 - GYMS DISPLAYS\config\key_mapping.yaml
2019-11-25 19:40:39,523 : ConfigProcessor : Config file cache created: C:\Users\MISSIO~1\AppData\Local\Temp\69e9e8261b2a7a7fe237ef0e6090f00e.mpf_cache
2019-11-25 19:40:39,523 : mpfmc : Starting clock at 60.0Hz
2019-11-25 19:40:39,648 : kivy : Text: Provider: sdl2
2019-11-25 19:40:41,289 : kivy : OSC: using <thread> for socket
2019-11-25 19:40:41,305 : kivy : Window: Provider: sdl2
2019-11-25 19:40:41,587 : kivy : GL: Using the "OpenGL" graphics system
2019-11-25 19:40:41,590 : kivy : GL: GLEW initialization succeeded
2019-11-25 19:40:41,591 : kivy : GL: Backend used <glew>
2019-11-25 19:40:41,592 : kivy : GL: OpenGL version <b'4.4.0 - Build 20.19.15.4835'>
2019-11-25 19:40:41,592 : kivy : GL: OpenGL vendor <b'Intel'>
2019-11-25 19:40:41,592 : kivy : GL: OpenGL renderer <b'Intel(R) HD Graphics'>
2019-11-25 19:40:41,592 : kivy : GL: OpenGL parsed version: 4, 4
2019-11-25 19:40:41,593 : kivy : GL: Shading version <b'4.40 - Build 20.19.15.4835'>
2019-11-25 19:40:41,593 : kivy : GL: Texture max size <16384>
2019-11-25 19:40:41,593 : kivy : GL: Texture max units <32>
2019-11-25 19:40:41,649 : kivy : Shader: fragment shader: <b"WARNING: 0:7: '' :  #version directive missing">
2019-11-25 19:40:41,650 : kivy : Shader: vertex shader: <b"WARNING: 0:7: '' :  #version directive missing">
2019-11-25 19:40:41,669 : kivy : Window: auto add sdl2 input provider
2019-11-25 19:40:41,671 : kivy : Window: virtual keyboard not allowed, single mode, not docked
2019-11-25 19:40:41,726 : SoundSystem : SoundSystem: Using default 'sound_system' settings
2019-11-25 19:40:43,803 : AudioInterface : Initialized
2019-11-25 19:40:43,804 : SoundSystem : No audio tracks are specified in your machine config file. a track named 'default' has been created.
2019-11-25 19:40:43,817 : kivy : Base: Start application main loop
2019-11-25 19:40:43,895 : mpfmc : Display: Setting 'window' as default display
2019-11-25 19:40:44,083 : mpfmc : SlidePlayer: Play called with settings={'slides': {'layout_3_mini': {'action': 'play', 'show': True, 'force': False, 'priority': None, 'target': 'window', 'transition': None, 'expire': None, 'background_color': [0.0, 0.0, 0.0, 1.0], 'slide': None, 'transition_out': None}}}
2019-11-25 19:40:44,119 : ConfigProcessor : Loading config from cache: C:\Users\MISSIO~1\AppData\Local\Temp\10f8871b1481fbf59bf30d5b3d29537e.mpf_cache
2019-11-25 19:40:44,122 : ConfigProcessor : Loading config from cache: C:\Users\MISSIO~1\AppData\Local\Temp\7f23218709f44a41086dfd04f42f7c3f.mpf_cache
2019-11-25 19:40:44,125 : ConfigProcessor : Loading config from cache: C:\Users\MISSIO~1\AppData\Local\Temp\050cf1c6f86beee4aa95d4daa6cae486.mpf_cache
2019-11-25 19:40:44,141 : ConfigProcessor : Loading config from cache: C:\Users\MISSIO~1\AppData\Local\Temp\c8c985d122de6339937b15f5cde5ffe7.mpf_cache
2019-11-25 19:40:44,151 : MPF-MC BCP Server : Starting up on localhost port 5050
2019-11-25 19:40:44,179 : MPF-MC BCP Server : Waiting for a connection...
2019-11-25 19:40:44,180 : mpfmc : SlidePlayer: Play called with settings={'slides': {'welcome_slide': {'action': 'play', 'show': True, 'force': False, 'priority': None, 'target': None, 'transition': None, 'expire': None, 'background_color': [0.0, 0.0, 0.0, 1.0], 'slide': None, 'transition_out': None}}}
2019-11-25 19:40:44,444 : kivy : GL: NPOT texture support is available
2019-11-25 19:40:44,444 : MPF-MC BCP Server : Received connection from: 127.0.0.1:54834
2019-11-25 19:40:44,813 : BcpProcessor : Received invalid BCP command: mode_list
2019-11-25 19:40:44,861 : mpfmc : SlidePlayer: Play called with settings={'slides': {'welcome_slide': {'action': 'play', 'show': True, 'force': False, 'priority': None, 'target': None, 'transition': None, 'expire': None, 'background_color': [0.0, 0.0, 0.0, 1.0], 'slide': None, 'transition_out': None}}}
2019-11-25 19:40:44,918 : mpfmc : SlidePlayer: Play called with settings={'slides': {'attract_started': {'action': 'play', 'show': True, 'force': False, 'priority': None, 'target': None, 'transition': None, 'expire': None, 'background_color': [0.0, 0.0, 0.0, 1.0], 'slide': None, 'transition_out': None}}}
2019-11-25 19:40:49,356 : mpfmc : SlidePlayer: Play called with settings={'slides': {'slide_mode_pichu_started': {'action': 'play', 'show': True, 'force': False, 'priority': None, 'target': 'top', 'transition': None, 'expire': None, 'background_color': [0.0, 0.0, 0.0, 1.0], 'slide': None, 'transition_out': None}}}
2019-11-25 19:41:30,315 : mpfmc : SlidePlayer: Play called with settings={'slides': {'slide_mode_pichu_started': {'action': 'play', 'show': True, 'force': False, 'priority': None, 'target': 'top', 'transition': None, 'expire': None, 'background_color': [0.0, 0.0, 0.0, 1.0], 'slide': None, 'transition_out': None}}}
2019-11-25 19:47:34,585 : mpfmc : SlidePlayer: Play called with settings={'slides': {'attract_started': {'action': 'play', 'show': True, 'force': False, 'priority': None, 'target': None, 'transition': None, 'expire': None, 'background_color': [0.0, 0.0, 0.0, 1.0], 'slide': None, 'transition_out': None}}}
2019-11-25 19:49:31,692 : kivy : Base: Leaving application in progress...
2019-11-25 19:49:31,991 : mpfmc : Stopping...
2019-11-25 19:49:31,991 : mpfmc : Loop rate 80.9 Hz
2019-11-25 19:49:31,991 : kivy : MC run loop ended.
2019-11-25 19:49:32,007 : kivy : Stopping child threads... (3 remaining)
2019-11-25 19:49:32,085 : mpfmc : Stopping...
2019-11-25 19:49:32,085 : mpfmc : Loop rate 80.88 Hz
2019-11-25 19:49:32,116 : MPF-MC BCP Server : Stopping BCP sending thread
2019-11-25 19:49:32,663 : kivy : All child threads stopped.
