2019-12-13 20:20:58,446 : INFO : Machine : Mission Pinball Framework Core Engine v0.50.17
2019-12-13 20:20:58,461 : INFO : Machine : Command line arguments: {'text_ui': True, 'consoleloglevel': 20, 'create_config_cache': True, 'force_assets_load': False, 'configfile': ['config.yaml'], 'logfile': 'logs\\2019-12-13-20-20-58-mpf-DESKTOP-I5I6D25.log', 'production': False, 'bcp': True, 'pause': False, 'force_platform': None, 'no_load_cache': False, 'mc_file_name': None, 'loglevel': 15, 'mpfconfigfile': 'c:\\python34\\lib\\site-packages\\mpf\\mpfconfig.yaml', 'syslog_address': None}
2019-12-13 20:20:58,461 : INFO : Machine : MPF path: c:\python34\lib\site-packages\mpf
2019-12-13 20:20:58,461 : INFO : Machine : Machine path: E:\POKEMON - 3 - GYMS DISPLAYS
2019-12-13 20:20:58,461 : INFO : Machine : Platform: win32
2019-12-13 20:20:58,461 : INFO : Machine : Python executable location: c:\python34\python.exe
2019-12-13 20:20:58,461 : INFO : Machine : Python version: 3.4.4 (64-bit)
2019-12-13 20:21:00,024 : INFO : Machine : Machine config file #1: config.yaml
2019-12-13 20:21:00,024 : WARNING : ConfigProcessor : Config file in cache changed: E:\POKEMON - 3 - GYMS DISPLAYS\config\config.yaml
2019-12-13 20:21:00,024 : INFO : ConfigProcessor : Loading config from file c:\python34\lib\site-packages\mpf\mpfconfig.yaml.
2019-12-13 20:21:00,383 : INFO : ConfigProcessor : Loading config: c:\python34\lib\site-packages\mpf\mpfconfig.yaml
2019-12-13 20:21:00,383 : INFO : ConfigProcessor : Loading config from file E:\POKEMON - 3 - GYMS DISPLAYS\config\config.yaml.
2019-12-13 20:21:00,633 : INFO : ConfigProcessor : Loading config: E:\POKEMON - 3 - GYMS DISPLAYS\config\config.yaml
2019-12-13 20:21:00,664 : INFO : ConfigProcessor : Loading config: E:\POKEMON - 3 - GYMS DISPLAYS\config\player_variables.yaml
2019-12-13 20:21:00,695 : INFO : ConfigProcessor : Loading config: E:\POKEMON - 3 - GYMS DISPLAYS\config\key_mapping.yaml
2019-12-13 20:21:00,711 : INFO : ConfigProcessor : Config file cache created: C:\Users\MISSIO~1\AppData\Local\Temp\ea212a0c8bdfa5028f5ffb6b971ae718.mpf_cache
2019-12-13 20:21:00,727 : INFO : Machine : Initialise MPF.
2019-12-13 20:21:01,477 : INFO : FAST : Connecting to com4 at 921600bps
2019-12-13 20:21:01,539 : INFO : FAST : Connected! Processor: NET, Board Type: FP-CPU-002-2, Firmware: 01.01
2019-12-13 20:21:01,539 : WARNING : FAST : Not resetting FAST NET because firmware is currently broken.
2019-12-13 20:21:01,602 : INFO : FAST : Connecting to com5 at 921600bps
2019-12-13 20:21:01,633 : INFO : FAST : Connected! Processor: RGB, Board Type: FP-CPU-002-2, Firmware: 01.00
2019-12-13 20:21:02,149 : INFO : ConfigProcessor : Loading config from cache: C:\Users\MISSIO~1\AppData\Local\Temp\230c7edf879901b77e29ab003ecfd977.mpf_cache
2019-12-13 20:21:02,180 : INFO : ConfigProcessor : Loading config from cache: C:\Users\MISSIO~1\AppData\Local\Temp\1b6068dc0dcf1445cf37058c25ad802b.mpf_cache
2019-12-13 20:21:02,180 : INFO : ConfigProcessor : Loading config from cache: C:\Users\MISSIO~1\AppData\Local\Temp\2ad3e4afc7b8ab807ff1625862e58922.mpf_cache
2019-12-13 20:21:02,195 : INFO : ConfigProcessor : Loading config from cache: C:\Users\MISSIO~1\AppData\Local\Temp\c4c39d8157ba863610e7d2b8306a4087.mpf_cache
2019-12-13 20:21:02,211 : INFO : ConfigProcessor : Loading config from cache: C:\Users\MISSIO~1\AppData\Local\Temp\37af0ab3cb4984093f408b6580ccda04.mpf_cache
2019-12-13 20:21:02,227 : INFO : ConfigProcessor : Loading config from cache: C:\Users\MISSIO~1\AppData\Local\Temp\91c30393a7736530c48ab886a6ae90df.mpf_cache
2019-12-13 20:21:02,242 : INFO : ConfigProcessor : Loading config from cache: C:\Users\MISSIO~1\AppData\Local\Temp\4ed449c86f3920ad38c9f19e6b1fcd80.mpf_cache
2019-12-13 20:21:02,258 : INFO : ConfigProcessor : Loading config from cache: C:\Users\MISSIO~1\AppData\Local\Temp\00b811264d7e79f39b66bcbc6609bb6e.mpf_cache
2019-12-13 20:21:02,274 : INFO : ConfigProcessor : Loading config from cache: C:\Users\MISSIO~1\AppData\Local\Temp\c8c985d122de6339937b15f5cde5ffe7.mpf_cache
2019-12-13 20:21:02,305 : INFO : ConfigProcessor : Loading config from cache: C:\Users\MISSIO~1\AppData\Local\Temp\03465e6905c319de2817a60078df797b.mpf_cache
2019-12-13 20:21:02,320 : INFO : ConfigProcessor : Loading config from cache: C:\Users\MISSIO~1\AppData\Local\Temp\0c90eb48fda27bb17da0cfa70b6cea42.mpf_cache
2019-12-13 20:21:02,336 : INFO : ConfigProcessor : Loading config from cache: C:\Users\MISSIO~1\AppData\Local\Temp\ffc5df461fc927df7502c20268b6e23c.mpf_cache
2019-12-13 20:21:02,352 : INFO : ConfigProcessor : Loading config from cache: C:\Users\MISSIO~1\AppData\Local\Temp\e94996e3615e593edab21d6f0e7b4569.mpf_cache
2019-12-13 20:21:02,367 : INFO : ConfigProcessor : Loading config from cache: C:\Users\MISSIO~1\AppData\Local\Temp\3512d3a51b29689f2a9a6db585213e7b.mpf_cache
2019-12-13 20:21:02,383 : INFO : ConfigProcessor : Loading config from cache: C:\Users\MISSIO~1\AppData\Local\Temp\aad48548988dd5e95d839b70bde2a6c9.mpf_cache
2019-12-13 20:21:02,398 : INFO : ConfigProcessor : Loading config from cache: C:\Users\MISSIO~1\AppData\Local\Temp\868965d45e8ef85973deb1cc43e3c6e9.mpf_cache
2019-12-13 20:21:02,414 : INFO : ConfigProcessor : Loading config from cache: C:\Users\MISSIO~1\AppData\Local\Temp\da1c75dbc5d48bb99b7ea9aec7919bfa.mpf_cache
2019-12-13 20:21:02,430 : INFO : ConfigProcessor : Loading config from cache: C:\Users\MISSIO~1\AppData\Local\Temp\aacde2a5df2e44f5e01226064ab4c3c5.mpf_cache
2019-12-13 20:21:02,445 : INFO : ConfigProcessor : Loading config from cache: C:\Users\MISSIO~1\AppData\Local\Temp\691014465c877a30c4e85c0b37ef7391.mpf_cache
2019-12-13 20:21:02,461 : INFO : ConfigProcessor : Loading config from cache: C:\Users\MISSIO~1\AppData\Local\Temp\10f8871b1481fbf59bf30d5b3d29537e.mpf_cache
2019-12-13 20:21:02,492 : INFO : ConfigProcessor : Loading config from cache: C:\Users\MISSIO~1\AppData\Local\Temp\7c8a3dbd3a1f76b71c509d64239c80b0.mpf_cache
2019-12-13 20:21:02,508 : INFO : ConfigProcessor : Loading config from cache: C:\Users\MISSIO~1\AppData\Local\Temp\325be8140670be7b4f7f24b4ea9ecf41.mpf_cache
2019-12-13 20:21:02,523 : INFO : ConfigProcessor : Loading config from cache: C:\Users\MISSIO~1\AppData\Local\Temp\9463ad916821e4687af4640a7d04ba98.mpf_cache
2019-12-13 20:21:02,539 : INFO : ConfigProcessor : Loading config from cache: C:\Users\MISSIO~1\AppData\Local\Temp\d868708421ecefdd23b54f4fefaa5a63.mpf_cache
2019-12-13 20:21:02,555 : INFO : ConfigProcessor : Loading config from cache: C:\Users\MISSIO~1\AppData\Local\Temp\2bf399aa483f8a887eec2aa10342ca9f.mpf_cache
2019-12-13 20:21:02,586 : DEBUG : coil.c_trough : Configuring device with settings: '{'platform_settings': {}, 'default_recycle': False, 'max_hold_power': None, 'max_pulse_ms': None, 'number': '1-1', 'tags': [], 'max_pulse_power': 1.0, 'default_pulse_power': None, 'console_log': 'full', 'enable_events': {}, 'default_pulse_ms': 7, 'file_log': 'full', 'disable_events': {}, 'default_hold_power': None, 'debug': True, 'allow_enable': False, 'pulse_events': {}, 'label': '%', 'psu': <psu.default>, 'platform': None}'
2019-12-13 20:21:02,586 : DEBUG : coil.c_trough : Configuring device with settings: '{'platform_settings': {'recycle_ms': None, 'connection': 'auto'}, 'default_recycle': False, 'max_hold_power': None, 'max_pulse_ms': None, 'number': '1-1', 'tags': [], 'max_pulse_power': 1.0, 'default_pulse_power': None, 'console_log': 'full', 'enable_events': {}, 'default_pulse_ms': 7, 'file_log': 'full', 'disable_events': {}, 'default_hold_power': None, 'debug': True, 'allow_enable': False, 'pulse_events': {}, 'label': '%', 'psu': <psu.default>, 'platform': None}'
2019-12-13 20:21:02,617 : DEBUG : ball_device.bd_trough : Configuring device with settings: '{'label': '%', 'eject_coil_reorder_pulse': None, 'hold_switches': [], 'hold_coil_release_time': 1000, 'idle_missing_ball_timeout': 5.0, 'eject_all_events': {}, 'eject_events': {}, 'entrance_count_delay': 500, 'eject_coil_max_wait_ms': 200, 'hold_coil': None, 'ball_missing_timeouts': [], 'hold_events': {}, 'mechanical_eject': False, 'confirm_eject_switch': None, 'entrance_events': {}, 'ball_search_order': 200, 'console_log': 'full', 'jam_switch': None, 'captures_from': <playfield.playfield>, 'max_eject_attempts': 0, 'eject_coil': <coil.c_trough>, 'eject_timeouts': [], 'ball_missing_target': <playfield.playfield>, 'tags': ['home', 'trough'], 'player_controlled_eject_event': None, 'ball_switches': [<switch.s_trough>], 'retries_before_increasing_pulse': 4, 'debug': True, 'auto_fire_on_unexpected_ball': True, 'file_log': 'full', 'entrance_switch': None, 'request_ball_events': [], 'ball_capacity': None, 'eject_coil_retry_pulse': None, 'entrance_switch_full_timeout': 0, 'eject_coil_jam_pulse': None, 'confirm_eject_type': 'target', 'eject_coil_enable_time': [], 'target_on_unexpected_ball': None, 'exit_count_delay': 500, 'entrance_event_timeout': 5.0, 'confirm_eject_event': None, 'eject_targets': [<ball_device.bd_plunger>]}'
2019-12-13 20:21:02,664 : INFO : SwitchController : Found active switch: s_drop_right
2019-12-13 20:21:02,664 : INFO : SwitchController : Found active switch: s_trough
2019-12-13 20:21:02,805 : INFO : BCPClientSocket.local_display : Connecting BCP to 'local_display' at localhost:5050...
2019-12-13 20:21:03,821 : WARNING : FAST : Port com4 was blocked for more than 1s. Reseting send queue! If this happens frequently report a bug!
2019-12-13 20:21:04,821 : WARNING : FAST : Port com4 was blocked for more than 1s. Reseting send queue! If this happens frequently report a bug!
2019-12-13 20:21:05,809 : WARNING : FAST : Port com4 was blocked for more than 1s. Reseting send queue! If this happens frequently report a bug!
2019-12-13 20:21:08,983 : INFO : BCPClientSocket.local_display : Connected BCP to 'local_display' localhost:5050
2019-12-13 20:21:09,047 : DEBUG : ball_device.bd_trough : Counted 1 balls. Active switches: ['s_trough']. Old: None
2019-12-13 20:21:09,050 : DEBUG : ball_device.bd_trough : State: idle
2019-12-13 20:21:09,051 : DEBUG : ball_device.bd_trough : Waiting for eject request.
2019-12-13 20:21:09,184 : DEBUG : ball_device.bd_trough : Counted 1 balls. Active switches: ['s_trough']. Old: 1
2019-12-13 20:21:09,205 : WARNING : FAST : Port NET received more messages than were sent! Resetting!
2019-12-13 20:21:09,205 : WARNING : FAST : Port NET received more messages than were sent! Resetting!
2019-12-13 20:21:09,206 : WARNING : FAST : Port NET received more messages than were sent! Resetting!
2019-12-13 20:21:09,206 : WARNING : FAST : Port NET received more messages than were sent! Resetting!
2019-12-13 20:21:09,206 : WARNING : FAST : Port NET received more messages than were sent! Resetting!
2019-12-13 20:21:09,206 : WARNING : FAST : Port NET received more messages than were sent! Resetting!
2019-12-13 20:21:09,207 : WARNING : FAST : Port NET received more messages than were sent! Resetting!
2019-12-13 20:21:09,207 : WARNING : FAST : Port NET received more messages than were sent! Resetting!
2019-12-13 20:21:09,207 : WARNING : FAST : Port NET received more messages than were sent! Resetting!
2019-12-13 20:21:09,208 : WARNING : FAST : Port NET received more messages than were sent! Resetting!
2019-12-13 20:21:09,208 : WARNING : FAST : Port NET received more messages than were sent! Resetting!
2019-12-13 20:21:09,208 : WARNING : FAST : Port NET received more messages than were sent! Resetting!
2019-12-13 20:21:09,208 : WARNING : FAST : Port NET received more messages than were sent! Resetting!
2019-12-13 20:21:09,209 : WARNING : FAST : Port NET received more messages than were sent! Resetting!
2019-12-13 20:21:09,209 : WARNING : FAST : Port NET received more messages than were sent! Resetting!
2019-12-13 20:21:09,209 : WARNING : FAST : Port NET received more messages than were sent! Resetting!
2019-12-13 20:21:09,209 : WARNING : FAST : Port NET received more messages than were sent! Resetting!
2019-12-13 20:21:09,210 : WARNING : FAST : Port NET received more messages than were sent! Resetting!
2019-12-13 20:21:09,210 : WARNING : FAST : Port NET received more messages than were sent! Resetting!
2019-12-13 20:21:09,210 : WARNING : FAST : Port NET received more messages than were sent! Resetting!
2019-12-13 20:21:09,212 : WARNING : FAST : Port NET received more messages than were sent! Resetting!
2019-12-13 20:21:09,212 : WARNING : FAST : Port NET received more messages than were sent! Resetting!
2019-12-13 20:21:09,212 : WARNING : FAST : Port NET received more messages than were sent! Resetting!
2019-12-13 20:21:09,213 : WARNING : FAST : Port NET received more messages than were sent! Resetting!
2019-12-13 20:21:09,213 : WARNING : FAST : Port NET received more messages than were sent! Resetting!
2019-12-13 20:21:09,213 : WARNING : FAST : Port NET received more messages than were sent! Resetting!
2019-12-13 20:21:09,213 : WARNING : FAST : Port NET received more messages than were sent! Resetting!
2019-12-13 20:21:09,214 : WARNING : FAST : Port NET received more messages than were sent! Resetting!
2019-12-13 20:21:09,214 : WARNING : FAST : Port NET received more messages than were sent! Resetting!
2019-12-13 20:21:09,214 : WARNING : FAST : Port NET received more messages than were sent! Resetting!
2019-12-13 20:21:09,214 : WARNING : FAST : Port NET received more messages than were sent! Resetting!
2019-12-13 20:21:09,215 : WARNING : FAST : Port NET received more messages than were sent! Resetting!
2019-12-13 20:21:09,215 : WARNING : FAST : Port NET received more messages than were sent! Resetting!
2019-12-13 20:21:09,256 : INFO : coil.c_drop_reset : Enabling Driver for 400ms (1.0 pulse_power)
2019-12-13 20:21:09,264 : INFO : Mode.attract : Started. Priority: 10
2019-12-13 20:21:09,270 : INFO : Machine : Starting the main run loop.
2019-12-13 20:21:09,308 : INFO : SwitchController : <<<<<<< 's_drop_right' inactive >>>>>>>
2019-12-13 20:21:09,637 : INFO : coil.c_drop_reset : Disabling Driver
2019-12-13 20:21:09,804 : INFO : SwitchController : <<<<<<< 's_drop_center' active >>>>>>>
2019-12-13 20:21:10,829 : INFO : SwitchController : <<<<<<< 's_start' active >>>>>>>
2019-12-13 20:21:10,957 : INFO : SwitchController : <<<<<<< 's_start' inactive >>>>>>>
2019-12-13 20:21:10,989 : INFO : Mode.attract : Stopped.
2019-12-13 20:21:10,991 : INFO : Mode.game : Started. Priority: 20
2019-12-13 20:21:11,001 : INFO : Mode.game : Player added successfully. Total players: 1
2019-12-13 20:21:11,025 : INFO : coil.c_drop_reset : Enabling Driver for 400ms (1.0 pulse_power)
2019-12-13 20:21:11,027 : INFO : Mode.base : Started. Priority: 31
2019-12-13 20:21:11,045 : INFO : Mode.pichu : Started. Priority: 75
2019-12-13 20:21:11,063 : INFO : Mode.gym0 : Started. Priority: 200
2019-12-13 20:21:11,070 : DEBUG : ball_device.bd_trough : Adding eject chain
2019-12-13 20:21:11,075 : DEBUG : ball_device.bd_trough : Got eject request
2019-12-13 20:21:11,078 : DEBUG : ball_device.bd_trough : BCH: Counting. New count: 1 Old count: 1
2019-12-13 20:21:11,080 : DEBUG : ball_device.bd_trough : State: waiting_for_target_ready
2019-12-13 20:21:11,084 : DEBUG : ball_device.bd_trough : State: ejecting
2019-12-13 20:21:11,085 : INFO : ball_device.bd_trough : Ejecting ball to <ball_device.bd_plunger>
2019-12-13 20:21:11,089 : DEBUG : ball_device.bd_trough : Entered eject mode.
2019-12-13 20:21:11,091 : DEBUG : ball_device.bd_trough : Wait for ball to leave device
2019-12-13 20:21:11,092 : INFO : coil.c_trough : Pulsing Driver for 7ms (1.0 pulse_power)
2019-12-13 20:21:11,092 : DEBUG : ball_device.bd_trough : Firing eject coil. Current balls: 1.
2019-12-13 20:21:11,115 : INFO : SwitchController : <<<<<<< 's_drop_center' inactive >>>>>>>
2019-12-13 20:21:11,151 : INFO : SwitchController : <<<<<<< 's_trough' inactive >>>>>>>
2019-12-13 20:21:11,169 : DEBUG : ball_device.bd_trough : Got ball left during eject
2019-12-13 20:21:11,169 : DEBUG : ball_device.bd_trough : Switch 's_trough' changed too recently. Aborting count!
2019-12-13 20:21:11,172 : DEBUG : ball_device.bd_trough : State: ball_left
2019-12-13 20:21:11,172 : DEBUG : ball_device.bd_trough : Ball left
2019-12-13 20:21:11,173 : DEBUG : ball_device.bd_trough : Wait for confirm with timeout 10.0
2019-12-13 20:21:11,402 : INFO : coil.c_drop_reset : Disabling Driver
2019-12-13 20:21:11,654 : DEBUG : ball_device.bd_trough : Counted 0 balls. Active switches: []. Old: 0
2019-12-13 20:21:14,006 : INFO : SwitchController : <<<<<<< 's_trough' active >>>>>>>
2019-12-13 20:21:14,497 : DEBUG : ball_device.bd_trough : Counted 1 balls. Active switches: ['s_trough']. Old: 0
2019-12-13 20:21:14,500 : DEBUG : ball_device.bd_trough : Got 1 unknown ball during eject
2019-12-13 20:21:16,679 : INFO : SwitchController : <<<<<<< 's_trough' inactive >>>>>>>
2019-12-13 20:21:17,169 : DEBUG : ball_device.bd_trough : Counted 0 balls. Active switches: []. Old: 1
2019-12-13 20:21:17,749 : INFO : SwitchController : <<<<<<< 's_trough' active >>>>>>>
2019-12-13 20:21:18,019 : INFO : SwitchController : <<<<<<< 's_trough' inactive >>>>>>>
2019-12-13 20:21:18,515 : DEBUG : ball_device.bd_trough : Counted 0 balls. Active switches: []. Old: 0
2019-12-13 20:21:21,169 : DEBUG : ball_device.bd_trough : State: failed_confirm
2019-12-13 20:21:21,170 : DEBUG : ball_device.bd_trough : Got timeout (10.0s) before confirm from <ball_device.bd_plunger>
2019-12-13 20:21:31,172 : DEBUG : ball_device.bd_trough : Eject successful
2019-12-13 20:21:31,174 : DEBUG : ball_device.bd_trough : Exited eject mode. Eject success: True
2019-12-13 20:21:31,176 : DEBUG : ball_device.bd_trough : State: idle
2019-12-13 20:21:31,176 : DEBUG : ball_device.bd_trough : Waiting for eject request.
2019-12-13 20:21:31,178 : DEBUG : ball_device.bd_trough : BCH: Counting. New count: 0 Old count: 0
2019-12-13 20:21:31,181 : DEBUG : ball_device.bd_trough : BCH: Counting. New count: 0 Old count: 0
2019-12-13 20:21:31,184 : DEBUG : ball_device.bd_trough : BCH: Counting. New count: 0 Old count: 0
2019-12-13 20:21:31,187 : DEBUG : ball_device.bd_trough : BCH: Counting. New count: 0 Old count: 0
2019-12-13 20:21:40,953 : INFO : Machine : Shutting down...
2019-12-13 20:21:40,969 : DEBUG : ball_device.bd_trough : Stopping ball device
2019-12-13 20:21:40,984 : ERROR : FAST : Stop called on serial connection com5
2019-12-13 20:21:40,984 : ERROR : FAST : Stop called on serial connection com4
2019-12-13 20:21:41,219 : INFO : root : MPF run loop ended.
