2019-11-20 19:42:44,488 : INFO : Machine : Mission Pinball Framework Core Engine v0.50.17
2019-11-20 19:42:44,488 : INFO : Machine : Command line arguments: {'loglevel': 15, 'no_load_cache': False, 'text_ui': True, 'mc_file_name': None, 'production': False, 'configfile': ['config.yaml'], 'syslog_address': None, 'bcp': True, 'logfile': 'logs\\2019-11-20-19-42-44-mpf-DESKTOP-I5I6D25.log', 'pause': False, 'create_config_cache': True, 'force_platform': None, 'mpfconfigfile': 'c:\\python34\\lib\\site-packages\\mpf\\mpfconfig.yaml', 'consoleloglevel': 20, 'force_assets_load': False}
2019-11-20 19:42:44,488 : INFO : Machine : MPF path: c:\python34\lib\site-packages\mpf
2019-11-20 19:42:44,488 : INFO : Machine : Machine path: D:\POKEMON - 2
2019-11-20 19:42:44,488 : INFO : Machine : Platform: win32
2019-11-20 19:42:44,488 : INFO : Machine : Python executable location: c:\python34\python.exe
2019-11-20 19:42:44,488 : INFO : Machine : Python version: 3.4.4 (64-bit)
2019-11-20 19:42:46,222 : INFO : Machine : Machine config file #1: config.yaml
2019-11-20 19:42:46,430 : WARNING : ConfigProcessor : Config file in cache changed: D:\POKEMON - 2\config\config.yaml
2019-11-20 19:42:46,430 : INFO : ConfigProcessor : Loading config from file c:\python34\lib\site-packages\mpf\mpfconfig.yaml.
2019-11-20 19:42:46,851 : INFO : ConfigProcessor : Loading config: c:\python34\lib\site-packages\mpf\mpfconfig.yaml
2019-11-20 19:42:46,851 : INFO : ConfigProcessor : Loading config from file D:\POKEMON - 2\config\config.yaml.
2019-11-20 19:42:47,023 : INFO : ConfigProcessor : Loading config: D:\POKEMON - 2\config\config.yaml
2019-11-20 19:42:47,070 : INFO : ConfigProcessor : Loading config: D:\POKEMON - 2\config\player_variables.yaml
2019-11-20 19:42:47,554 : INFO : ConfigProcessor : Loading config: D:\POKEMON - 2\config\key_mapping.yaml
2019-11-20 19:42:47,570 : INFO : ConfigProcessor : Config file cache created: C:\Users\MISSIO~1\AppData\Local\Temp\442e40140b44297973c0b074da7880ab.mpf_cache
2019-11-20 19:42:47,601 : INFO : Machine : Initialise MPF.
2019-11-20 19:42:48,559 : INFO : FAST : Connecting to com4 at 921600bps
2019-11-20 19:42:48,621 : INFO : FAST : Connected! Processor: NET, Board Type: FP-CPU-002-2, Firmware: 01.01
2019-11-20 19:42:48,621 : WARNING : FAST : Not resetting FAST NET because firmware is currently broken.
2019-11-20 19:42:48,684 : INFO : FAST : Connecting to com5 at 921600bps
2019-11-20 19:42:48,715 : INFO : FAST : Connected! Processor: RGB, Board Type: FP-CPU-002-2, Firmware: 01.00
2019-11-20 19:42:49,914 : WARNING : ConfigProcessor : Cache file not found: C:\Users\MISSIO~1\AppData\Local\Temp\2adad5b38c59418b36795145d5af6cba.mpf_cache
2019-11-20 19:42:49,914 : INFO : ConfigProcessor : Loading config from file D:\POKEMON - 2\modes\gym1\config\gym1.yaml.
2019-11-20 19:42:49,946 : INFO : ConfigProcessor : Loading config: D:\POKEMON - 2\modes\gym1\config\gym1.yaml
2019-11-20 19:42:49,946 : INFO : ConfigProcessor : Config file cache created: C:\Users\MISSIO~1\AppData\Local\Temp\2adad5b38c59418b36795145d5af6cba.mpf_cache
2019-11-20 19:42:49,977 : INFO : ConfigProcessor : Loading config from cache: C:\Users\MISSIO~1\AppData\Local\Temp\6f2a382b9c765c6a1f408e05b1d50db1.mpf_cache
2019-11-20 19:42:50,008 : WARNING : ConfigProcessor : Cache file not found: C:\Users\MISSIO~1\AppData\Local\Temp\6808cd8b5ba8b06b28d827981f3b2b15.mpf_cache
2019-11-20 19:42:50,008 : INFO : ConfigProcessor : Loading config from file D:\POKEMON - 2\modes\gym0\config\gym0.yaml.
2019-11-20 19:42:50,024 : INFO : ConfigProcessor : Loading config: D:\POKEMON - 2\modes\gym0\config\gym0.yaml
2019-11-20 19:42:50,039 : INFO : ConfigProcessor : Config file cache created: C:\Users\MISSIO~1\AppData\Local\Temp\6808cd8b5ba8b06b28d827981f3b2b15.mpf_cache
2019-11-20 19:42:50,039 : INFO : ConfigProcessor : Loading config from cache: C:\Users\MISSIO~1\AppData\Local\Temp\7617ad08085ea70a79f3bb3393b07073.mpf_cache
2019-11-20 19:42:50,071 : INFO : ConfigProcessor : Loading config from cache: C:\Users\MISSIO~1\AppData\Local\Temp\10f8871b1481fbf59bf30d5b3d29537e.mpf_cache
2019-11-20 19:42:50,133 : INFO : ConfigProcessor : Loading config from cache: C:\Users\MISSIO~1\AppData\Local\Temp\c8c985d122de6339937b15f5cde5ffe7.mpf_cache
2019-11-20 19:42:50,196 : INFO : ConfigProcessor : Loading config from cache: C:\Users\MISSIO~1\AppData\Local\Temp\d7f8a5ee622046c7da753c9c40514d63.mpf_cache
2019-11-20 19:42:50,211 : INFO : ConfigProcessor : Loading config from cache: C:\Users\MISSIO~1\AppData\Local\Temp\4db3b4eb08bf5f2e1b30e7df1dec754e.mpf_cache
2019-11-20 19:42:50,242 : INFO : ConfigProcessor : Loading config from cache: C:\Users\MISSIO~1\AppData\Local\Temp\b016e39aaa9fcc310b2c911cb998ccc7.mpf_cache
2019-11-20 19:42:50,274 : INFO : ConfigProcessor : Loading config from cache: C:\Users\MISSIO~1\AppData\Local\Temp\358e8f7f798064734531a27f21b0f2ba.mpf_cache
2019-11-20 19:42:50,336 : DEBUG : coil.c_trough : Configuring device with settings: '{'enable_events': {}, 'number': '1-1', 'default_recycle': False, 'debug': True, 'max_pulse_ms': None, 'default_pulse_power': None, 'console_log': 'full', 'psu': <psu.default>, 'default_hold_power': None, 'default_pulse_ms': 7, 'pulse_events': {}, 'max_hold_power': None, 'file_log': 'full', 'max_pulse_power': 1.0, 'tags': [], 'label': '%', 'platform': None, 'disable_events': {}, 'platform_settings': {}, 'allow_enable': False}'
2019-11-20 19:42:50,336 : DEBUG : coil.c_trough : Configuring device with settings: '{'enable_events': {}, 'number': '1-1', 'default_recycle': False, 'debug': True, 'max_pulse_ms': None, 'default_pulse_power': None, 'console_log': 'full', 'psu': <psu.default>, 'default_hold_power': None, 'default_pulse_ms': 7, 'pulse_events': {}, 'max_hold_power': None, 'file_log': 'full', 'max_pulse_power': 1.0, 'tags': [], 'label': '%', 'platform': None, 'disable_events': {}, 'platform_settings': {'connection': 'auto', 'recycle_ms': None}, 'allow_enable': False}'
2019-11-20 19:42:50,367 : DEBUG : ball_device.bd_trough : Configuring device with settings: '{'entrance_events': {}, 'eject_coil_jam_pulse': None, 'eject_coil_reorder_pulse': None, 'debug': True, 'ball_search_order': 200, 'idle_missing_ball_timeout': 5.0, 'hold_coil': None, 'confirm_eject_type': 'target', 'exit_count_delay': 500, 'jam_switch': None, 'confirm_eject_switch': None, 'ball_missing_timeouts': [], 'eject_timeouts': [], 'eject_targets': [<ball_device.bd_plunger>], 'hold_switches': [], 'file_log': 'full', 'mechanical_eject': False, 'entrance_event_timeout': 5.0, 'confirm_eject_event': None, 'tags': ['home', 'trough'], 'target_on_unexpected_ball': None, 'eject_coil_enable_time': [], 'player_controlled_eject_event': None, 'max_eject_attempts': 0, 'auto_fire_on_unexpected_ball': True, 'eject_coil': <coil.c_trough>, 'eject_events': {}, 'console_log': 'full', 'ball_switches': [<switch.s_trough>], 'hold_coil_release_time': 1000, 'hold_events': {}, 'entrance_switch': None, 'entrance_switch_full_timeout': 0, 'eject_coil_retry_pulse': None, 'entrance_count_delay': 500, 'ball_capacity': None, 'captures_from': <playfield.playfield>, 'retries_before_increasing_pulse': 4, 'eject_all_events': {}, 'request_ball_events': [], 'ball_missing_target': <playfield.playfield>, 'eject_coil_max_wait_ms': 200, 'label': '%'}'
2019-11-20 19:42:50,414 : INFO : SwitchController : Found active switch: s_drop_center
2019-11-20 19:42:50,414 : INFO : SwitchController : Found active switch: s_drain
2019-11-20 19:42:50,617 : INFO : BCPClientSocket.local_display : Connecting BCP to 'local_display' at localhost:5050...
2019-11-20 19:42:51,617 : WARNING : FAST : Port com4 was blocked for more than 1s. Reseting send queue! If this happens frequently report a bug!
2019-11-20 19:42:52,617 : WARNING : FAST : Port com4 was blocked for more than 1s. Reseting send queue! If this happens frequently report a bug!
2019-11-20 19:42:53,617 : WARNING : FAST : Port com4 was blocked for more than 1s. Reseting send queue! If this happens frequently report a bug!
2019-11-20 19:42:58,191 : WARNING : FAST : Port com4 was blocked for more than 1s. Reseting send queue! If this happens frequently report a bug!
2019-11-20 19:43:03,218 : INFO : BCPClientSocket.local_display : Connected BCP to 'local_display' localhost:5050
2019-11-20 19:43:03,284 : DEBUG : ball_device.bd_trough : Counted 0 balls. Active switches: []. Old: None
2019-11-20 19:43:03,287 : DEBUG : ball_device.bd_trough : State: idle
2019-11-20 19:43:03,288 : DEBUG : ball_device.bd_trough : Waiting for eject request.
2019-11-20 19:43:03,644 : DEBUG : ball_device.bd_trough : Counted 0 balls. Active switches: []. Old: 0
2019-11-20 19:43:03,663 : WARNING : FAST : Port NET received more messages than were sent! Resetting!
2019-11-20 19:43:03,663 : WARNING : FAST : Port NET received more messages than were sent! Resetting!
2019-11-20 19:43:03,663 : WARNING : FAST : Port NET received more messages than were sent! Resetting!
2019-11-20 19:43:03,664 : WARNING : FAST : Port NET received more messages than were sent! Resetting!
2019-11-20 19:43:03,664 : WARNING : FAST : Port NET received more messages than were sent! Resetting!
2019-11-20 19:43:03,664 : WARNING : FAST : Port NET received more messages than were sent! Resetting!
2019-11-20 19:43:03,664 : WARNING : FAST : Port NET received more messages than were sent! Resetting!
2019-11-20 19:43:03,665 : WARNING : FAST : Port NET received more messages than were sent! Resetting!
2019-11-20 19:43:03,665 : WARNING : FAST : Port NET received more messages than were sent! Resetting!
2019-11-20 19:43:03,665 : WARNING : FAST : Port NET received more messages than were sent! Resetting!
2019-11-20 19:43:03,665 : WARNING : FAST : Port NET received more messages than were sent! Resetting!
2019-11-20 19:43:03,666 : WARNING : FAST : Port NET received more messages than were sent! Resetting!
2019-11-20 19:43:03,666 : WARNING : FAST : Port NET received more messages than were sent! Resetting!
2019-11-20 19:43:03,666 : WARNING : FAST : Port NET received more messages than were sent! Resetting!
2019-11-20 19:43:03,666 : WARNING : FAST : Port NET received more messages than were sent! Resetting!
2019-11-20 19:43:03,667 : WARNING : FAST : Port NET received more messages than were sent! Resetting!
2019-11-20 19:43:03,667 : WARNING : FAST : Port NET received more messages than were sent! Resetting!
2019-11-20 19:43:03,667 : WARNING : FAST : Port NET received more messages than were sent! Resetting!
2019-11-20 19:43:03,667 : WARNING : FAST : Port NET received more messages than were sent! Resetting!
2019-11-20 19:43:03,668 : WARNING : FAST : Port NET received more messages than were sent! Resetting!
2019-11-20 19:43:03,668 : WARNING : FAST : Port NET received more messages than were sent! Resetting!
2019-11-20 19:43:03,668 : WARNING : FAST : Port NET received more messages than were sent! Resetting!
2019-11-20 19:43:03,668 : WARNING : FAST : Port NET received more messages than were sent! Resetting!
2019-11-20 19:43:03,671 : WARNING : FAST : Port NET received more messages than were sent! Resetting!
2019-11-20 19:43:03,671 : WARNING : FAST : Port NET received more messages than were sent! Resetting!
2019-11-20 19:43:03,671 : WARNING : FAST : Port NET received more messages than were sent! Resetting!
2019-11-20 19:43:03,671 : WARNING : FAST : Port NET received more messages than were sent! Resetting!
2019-11-20 19:43:03,672 : WARNING : FAST : Port NET received more messages than were sent! Resetting!
2019-11-20 19:43:03,672 : WARNING : FAST : Port NET received more messages than were sent! Resetting!
2019-11-20 19:43:03,672 : WARNING : FAST : Port NET received more messages than were sent! Resetting!
2019-11-20 19:43:03,673 : WARNING : FAST : Port NET received more messages than were sent! Resetting!
2019-11-20 19:43:03,673 : WARNING : FAST : Port NET received more messages than were sent! Resetting!
2019-11-20 19:43:03,673 : WARNING : FAST : Port NET received more messages than were sent! Resetting!
2019-11-20 19:43:03,673 : WARNING : FAST : Port NET received more messages than were sent! Resetting!
2019-11-20 19:43:03,674 : WARNING : FAST : Port NET received more messages than were sent! Resetting!
2019-11-20 19:43:03,674 : WARNING : FAST : Port NET received more messages than were sent! Resetting!
2019-11-20 19:43:03,674 : WARNING : FAST : Port NET received more messages than were sent! Resetting!
2019-11-20 19:43:03,674 : WARNING : FAST : Port NET received more messages than were sent! Resetting!
2019-11-20 19:43:03,675 : WARNING : FAST : Port NET received more messages than were sent! Resetting!
2019-11-20 19:43:03,675 : WARNING : FAST : Port NET received more messages than were sent! Resetting!
2019-11-20 19:43:03,675 : WARNING : FAST : Port NET received more messages than were sent! Resetting!
2019-11-20 19:43:03,675 : WARNING : FAST : Port NET received more messages than were sent! Resetting!
2019-11-20 19:43:03,676 : WARNING : FAST : Port NET received more messages than were sent! Resetting!
2019-11-20 19:43:03,676 : WARNING : FAST : Port NET received more messages than were sent! Resetting!
2019-11-20 19:43:03,854 : INFO : coil.c_drop_reset : Enabling Driver for 400ms (1.0 pulse_power)
2019-11-20 19:43:03,860 : INFO : Mode.attract : Started. Priority: 10
2019-11-20 19:43:03,894 : INFO : Machine : Starting the main run loop.
2019-11-20 19:43:03,898 : DEBUG : ball_device.bd_trough : Ready to receive from <ball_device.bd_drain>. Free space 1 (Capacity: 1, Balls: 0), incoming_balls: 0
2019-11-20 19:43:03,899 : INFO : ball_device.bd_drain : Ejecting ball to <ball_device.bd_trough>
2019-11-20 19:43:03,904 : INFO : coil.c_drain : Pulsing Driver for 20ms (1.0 pulse_power)
2019-11-20 19:43:03,926 : INFO : SwitchController : <<<<<<< 's_drop_center' inactive >>>>>>>
2019-11-20 19:43:03,943 : INFO : SwitchController : <<<<<<< 's_drain' inactive >>>>>>>
2019-11-20 19:43:03,961 : DEBUG : ball_device.bd_trough : Adding incoming ball from <ball_device.bd_drain>
2019-11-20 19:43:04,238 : INFO : coil.c_drop_reset : Disabling Driver
2019-11-20 19:43:04,312 : INFO : SwitchController : <<<<<<< 's_trough' active >>>>>>>
2019-11-20 19:43:04,343 : INFO : SwitchController : <<<<<<< 's_trough' inactive >>>>>>>
2019-11-20 19:43:04,535 : INFO : SwitchController : <<<<<<< 's_trough' active >>>>>>>
2019-11-20 19:43:05,036 : DEBUG : ball_device.bd_trough : Counted 1 balls. Active switches: ['s_trough']. Old: 0
2019-11-20 19:43:05,039 : DEBUG : ball_device.bd_trough : BCH: Counting. New count: 1 Old count: 0
2019-11-20 19:43:05,039 : DEBUG : ball_device.bd_trough : BCH: Found 1 new balls
2019-11-20 19:43:05,040 : DEBUG : ball_device.bd_trough : Received ball from <ball_device.bd_drain>
2019-11-20 19:43:05,040 : DEBUG : ball_device.bd_trough : Removing incoming ball from <ball_device.bd_drain>
2019-11-20 19:43:05,040 : DEBUG : ball_device.bd_trough : Processing new ball
2019-11-20 19:43:07,448 : INFO : SwitchController : <<<<<<< 's_start' active >>>>>>>
2019-11-20 19:43:07,608 : INFO : SwitchController : <<<<<<< 's_start' inactive >>>>>>>
2019-11-20 19:43:07,643 : INFO : Mode.attract : Stopped.
2019-11-20 19:43:07,644 : INFO : Mode.game : Started. Priority: 20
2019-11-20 19:43:07,653 : INFO : Mode.game : Player added successfully. Total players: 1
2019-11-20 19:43:07,661 : WARNING : Mode.gym0 : WARNING: Can only start mode gym0 during a game. Aborting start.
2019-11-20 19:43:07,673 : INFO : coil.c_drop_reset : Enabling Driver for 400ms (1.0 pulse_power)
2019-11-20 19:43:07,676 : INFO : Mode.base : Started. Priority: 31
2019-11-20 19:43:07,692 : INFO : Mode.pichu : Started. Priority: 75
2019-11-20 19:43:07,703 : DEBUG : ball_device.bd_trough : Adding eject chain
2019-11-20 19:43:07,707 : DEBUG : ball_device.bd_trough : Got eject request
2019-11-20 19:43:07,711 : DEBUG : ball_device.bd_trough : BCH: Counting. New count: 1 Old count: 1
2019-11-20 19:43:07,714 : DEBUG : ball_device.bd_trough : State: waiting_for_target_ready
2019-11-20 19:43:07,718 : DEBUG : ball_device.bd_trough : State: ejecting
2019-11-20 19:43:07,718 : INFO : ball_device.bd_trough : Ejecting ball to <ball_device.bd_plunger>
2019-11-20 19:43:07,722 : DEBUG : ball_device.bd_trough : Entered eject mode.
2019-11-20 19:43:07,727 : DEBUG : ball_device.bd_trough : Wait for ball to leave device
2019-11-20 19:43:07,728 : INFO : coil.c_trough : Pulsing Driver for 7ms (1.0 pulse_power)
2019-11-20 19:43:07,728 : DEBUG : ball_device.bd_trough : Firing eject coil. Current balls: 1.
2019-11-20 19:43:07,766 : INFO : SwitchController : <<<<<<< 's_trough' inactive >>>>>>>
2019-11-20 19:43:07,798 : DEBUG : ball_device.bd_trough : Got ball left during eject
2019-11-20 19:43:07,798 : DEBUG : ball_device.bd_trough : Switch 's_trough' changed too recently. Aborting count!
2019-11-20 19:43:07,801 : DEBUG : ball_device.bd_trough : State: ball_left
2019-11-20 19:43:07,802 : DEBUG : ball_device.bd_trough : Ball left
2019-11-20 19:43:07,802 : DEBUG : ball_device.bd_trough : Wait for confirm with timeout 10.0
2019-11-20 19:43:08,051 : INFO : coil.c_drop_reset : Disabling Driver
2019-11-20 19:43:08,255 : DEBUG : ball_device.bd_trough : Counted 0 balls. Active switches: []. Old: 0
2019-11-20 19:43:13,272 : INFO : SwitchController : <<<<<<< 's_flipper_right' active >>>>>>>
2019-11-20 19:43:13,336 : INFO : SwitchController : <<<<<<< 's_flipper_right' inactive >>>>>>>
2019-11-20 19:43:13,448 : INFO : SwitchController : <<<<<<< 's_flipper_right' active >>>>>>>
2019-11-20 19:43:13,559 : INFO : SwitchController : <<<<<<< 's_flipper_right' inactive >>>>>>>
2019-11-20 19:43:16,662 : INFO : SwitchController : <<<<<<< 's_spinner' active >>>>>>>
2019-11-20 19:43:17,031 : INFO : SwitchController : <<<<<<< 's_spinner' inactive >>>>>>>
2019-11-20 19:43:17,287 : INFO : SwitchController : <<<<<<< 's_flipper_right' active >>>>>>>
2019-11-20 19:43:17,383 : INFO : SwitchController : <<<<<<< 's_flipper_right' inactive >>>>>>>
2019-11-20 19:43:17,802 : DEBUG : ball_device.bd_trough : State: failed_confirm
2019-11-20 19:43:17,802 : DEBUG : ball_device.bd_trough : Got timeout (10.0s) before confirm from <ball_device.bd_plunger>
2019-11-20 19:43:21,990 : INFO : SwitchController : <<<<<<< 's_drain' active >>>>>>>
2019-11-20 19:43:22,008 : INFO : SwitchController : <<<<<<< 's_drain' inactive >>>>>>>
2019-11-20 19:43:22,167 : INFO : SwitchController : <<<<<<< 's_drain' active >>>>>>>
2019-11-20 19:43:22,199 : INFO : SwitchController : <<<<<<< 's_drain' inactive >>>>>>>
2019-11-20 19:43:22,226 : INFO : SwitchController : <<<<<<< 's_drain' active >>>>>>>
2019-11-20 19:43:22,727 : DEBUG : ball_device.bd_trough : Counted 0 balls. Active switches: []. Old: 0
2019-11-20 19:43:22,738 : DEBUG : ball_device.bd_trough : Eject successful
2019-11-20 19:43:22,741 : INFO : Mode.base : Stopped.
2019-11-20 19:43:22,743 : INFO : Mode.pichu : Stopped.
2019-11-20 19:43:22,747 : DEBUG : ball_device.bd_trough : Exited eject mode. Eject success: True
2019-11-20 19:43:22,749 : DEBUG : ball_device.bd_trough : State: idle
2019-11-20 19:43:22,749 : DEBUG : ball_device.bd_trough : Waiting for eject request.
2019-11-20 19:43:22,754 : DEBUG : ball_device.bd_trough : BCH: Counting. New count: 0 Old count: 0
2019-11-20 19:43:22,760 : DEBUG : ball_device.bd_trough : Ready to receive from <ball_device.bd_drain>. Free space 1 (Capacity: 1, Balls: 0), incoming_balls: 0
2019-11-20 19:43:22,761 : INFO : ball_device.bd_drain : Ejecting ball to <ball_device.bd_trough>
2019-11-20 19:43:22,764 : DEBUG : ball_device.bd_trough : BCH: Counting. New count: 0 Old count: 0
2019-11-20 19:43:22,771 : INFO : coil.c_drain : Pulsing Driver for 20ms (1.0 pulse_power)
2019-11-20 19:43:22,789 : INFO : Mode.base : Started. Priority: 31
2019-11-20 19:43:22,805 : INFO : Mode.pichu : Started. Priority: 75
2019-11-20 19:43:22,809 : INFO : coil.c_drop_reset : Enabling Driver for 400ms (1.0 pulse_power)
2019-11-20 19:43:22,816 : DEBUG : ball_device.bd_trough : Adding eject chain
2019-11-20 19:43:22,820 : DEBUG : ball_device.bd_trough : Got eject request
2019-11-20 19:43:22,824 : INFO : SwitchController : <<<<<<< 's_drain' inactive >>>>>>>
2019-11-20 19:43:22,841 : DEBUG : ball_device.bd_trough : BCH: Counting. New count: 0 Old count: 0
2019-11-20 19:43:22,845 : DEBUG : ball_device.bd_trough : State: waiting_for_ball
2019-11-20 19:43:22,848 : DEBUG : ball_device.bd_trough : No ball found. Waiting for balls.
2019-11-20 19:43:22,852 : DEBUG : ball_device.bd_trough : Adding incoming ball from <ball_device.bd_drain>
2019-11-20 19:43:23,190 : INFO : SwitchController : <<<<<<< 's_trough' active >>>>>>>
2019-11-20 19:43:23,208 : INFO : coil.c_drop_reset : Disabling Driver
2019-11-20 19:43:23,222 : INFO : SwitchController : <<<<<<< 's_trough' inactive >>>>>>>
2019-11-20 19:43:23,382 : INFO : SwitchController : <<<<<<< 's_drop_left' active >>>>>>>
2019-11-20 19:43:23,446 : INFO : SwitchController : <<<<<<< 's_trough' active >>>>>>>
2019-11-20 19:43:23,942 : DEBUG : ball_device.bd_trough : Counted 1 balls. Active switches: ['s_trough']. Old: 0
2019-11-20 19:43:23,946 : DEBUG : ball_device.bd_trough : BCH: Found 1 new balls
2019-11-20 19:43:23,946 : DEBUG : ball_device.bd_trough : Received ball from <ball_device.bd_drain>
2019-11-20 19:43:23,947 : DEBUG : ball_device.bd_trough : Removing incoming ball from <ball_device.bd_drain>
2019-11-20 19:43:23,948 : DEBUG : ball_device.bd_trough : Processing new ball
2019-11-20 19:43:23,951 : DEBUG : ball_device.bd_trough : BCH: Counting. New count: 1 Old count: 1
2019-11-20 19:43:23,956 : DEBUG : ball_device.bd_trough : A ball arrived. Progressing.
2019-11-20 19:43:23,961 : DEBUG : ball_device.bd_trough : State: waiting_for_target_ready
2019-11-20 19:43:23,966 : DEBUG : ball_device.bd_trough : State: ejecting
2019-11-20 19:43:23,967 : INFO : ball_device.bd_trough : Ejecting ball to <ball_device.bd_plunger>
2019-11-20 19:43:23,972 : DEBUG : ball_device.bd_trough : Entered eject mode.
2019-11-20 19:43:23,977 : DEBUG : ball_device.bd_trough : Wait for ball to leave device
2019-11-20 19:43:23,978 : INFO : coil.c_trough : Pulsing Driver for 7ms (1.0 pulse_power)
2019-11-20 19:43:23,979 : DEBUG : ball_device.bd_trough : Firing eject coil. Current balls: 1.
2019-11-20 19:43:24,006 : INFO : SwitchController : <<<<<<< 's_trough' inactive >>>>>>>
2019-11-20 19:43:24,023 : DEBUG : ball_device.bd_trough : Got ball left during eject
2019-11-20 19:43:24,024 : DEBUG : ball_device.bd_trough : Switch 's_trough' changed too recently. Aborting count!
2019-11-20 19:43:24,026 : DEBUG : ball_device.bd_trough : State: ball_left
2019-11-20 19:43:24,026 : DEBUG : ball_device.bd_trough : Ball left
2019-11-20 19:43:24,027 : DEBUG : ball_device.bd_trough : Wait for confirm with timeout 10.0
2019-11-20 19:43:24,505 : DEBUG : ball_device.bd_trough : Counted 0 balls. Active switches: []. Old: 0
2019-11-20 19:43:30,231 : INFO : SwitchController : <<<<<<< 's_spinner' active >>>>>>>
2019-11-20 19:43:30,326 : INFO : SwitchController : <<<<<<< 's_spinner' inactive >>>>>>>
2019-11-20 19:43:30,895 : INFO : SwitchController : <<<<<<< 's_flipper_right' active >>>>>>>
2019-11-20 19:43:30,950 : INFO : SwitchController : <<<<<<< 's_flipper_right' inactive >>>>>>>
2019-11-20 19:43:31,126 : INFO : SwitchController : <<<<<<< 's_pop_bottom' active >>>>>>>
2019-11-20 19:43:31,158 : INFO : SwitchController : <<<<<<< 's_pop_bottom' inactive >>>>>>>
2019-11-20 19:43:31,176 : INFO : SwitchController : <<<<<<< 's_pop_bottom' active >>>>>>>
2019-11-20 19:43:31,192 : INFO : SwitchController : <<<<<<< 's_pop_bottom' inactive >>>>>>>
2019-11-20 19:43:32,102 : INFO : SwitchController : <<<<<<< 's_flipper_right' active >>>>>>>
2019-11-20 19:43:32,630 : INFO : SwitchController : <<<<<<< 's_flipper_right' inactive >>>>>>>
2019-11-20 19:43:32,759 : INFO : SwitchController : <<<<<<< 's_flipper_right' active >>>>>>>
2019-11-20 19:43:32,822 : INFO : SwitchController : <<<<<<< 's_flipper_right' inactive >>>>>>>
2019-11-20 19:43:33,078 : INFO : SwitchController : <<<<<<< 's_sling_left' active >>>>>>>
2019-11-20 19:43:33,100 : INFO : SwitchController : <<<<<<< 's_sling_left' inactive >>>>>>>
2019-11-20 19:43:33,206 : INFO : SwitchController : <<<<<<< 's_flipper_left' active >>>>>>>
2019-11-20 19:43:33,350 : INFO : SwitchController : <<<<<<< 's_flipper_right' active >>>>>>>
2019-11-20 19:43:33,398 : INFO : SwitchController : <<<<<<< 's_flipper_left' inactive >>>>>>>
2019-11-20 19:43:33,671 : INFO : SwitchController : <<<<<<< 's_flipper_right' inactive >>>>>>>
2019-11-20 19:43:34,019 : DEBUG : ball_device.bd_trough : State: failed_confirm
2019-11-20 19:43:34,020 : DEBUG : ball_device.bd_trough : Got timeout (10.0s) before confirm from <ball_device.bd_plunger>
2019-11-20 19:43:35,719 : INFO : SwitchController : <<<<<<< 's_flipper_right' active >>>>>>>
2019-11-20 19:43:35,781 : INFO : SwitchController : <<<<<<< 's_flipper_right' inactive >>>>>>>
2019-11-20 19:43:36,102 : INFO : SwitchController : <<<<<<< 's_flipper_right' active >>>>>>>
2019-11-20 19:43:36,438 : INFO : SwitchController : <<<<<<< 's_flipper_right' inactive >>>>>>>
2019-11-20 19:43:36,897 : INFO : SwitchController : <<<<<<< 's_flipper_right' active >>>>>>>
2019-11-20 19:43:37,253 : INFO : SwitchController : <<<<<<< 's_flipper_left' active >>>>>>>
2019-11-20 19:43:37,270 : INFO : SwitchController : <<<<<<< 's_flipper_right' inactive >>>>>>>
2019-11-20 19:43:37,958 : INFO : SwitchController : <<<<<<< 's_flipper_left' inactive >>>>>>>
2019-11-20 19:43:39,030 : INFO : SwitchController : <<<<<<< 's_flipper_left' active >>>>>>>
2019-11-20 19:43:39,110 : INFO : SwitchController : <<<<<<< 's_flipper_left' inactive >>>>>>>
2019-11-20 19:43:39,351 : INFO : SwitchController : <<<<<<< 's_drop_center' active >>>>>>>
2019-11-20 19:43:39,390 : DEBUG : ball_device.bd_trough : Eject successful
2019-11-20 19:43:39,393 : DEBUG : ball_device.bd_trough : Exited eject mode. Eject success: True
2019-11-20 19:43:39,394 : DEBUG : ball_device.bd_trough : State: idle
2019-11-20 19:43:39,395 : DEBUG : ball_device.bd_trough : Waiting for eject request.
2019-11-20 19:43:39,397 : DEBUG : ball_device.bd_trough : BCH: Counting. New count: 0 Old count: 0
2019-11-20 19:43:39,401 : DEBUG : ball_device.bd_trough : BCH: Counting. New count: 0 Old count: 0
2019-11-20 19:43:40,055 : INFO : SwitchController : <<<<<<< 's_flipper_right' active >>>>>>>
2019-11-20 19:43:40,151 : INFO : SwitchController : <<<<<<< 's_sling_right' active >>>>>>>
2019-11-20 19:43:40,192 : INFO : SwitchController : <<<<<<< 's_sling_right' inactive >>>>>>>
2019-11-20 19:43:40,389 : INFO : SwitchController : <<<<<<< 's_flipper_right' inactive >>>>>>>
2019-11-20 19:43:42,245 : INFO : SwitchController : <<<<<<< 's_drain' active >>>>>>>
2019-11-20 19:43:42,743 : DEBUG : ball_device.bd_trough : Counted 0 balls. Active switches: []. Old: 0
2019-11-20 19:43:42,753 : INFO : Mode.base : Stopped.
2019-11-20 19:43:42,756 : INFO : Mode.pichu : Stopped.
2019-11-20 19:43:42,767 : DEBUG : ball_device.bd_trough : Ready to receive from <ball_device.bd_drain>. Free space 1 (Capacity: 1, Balls: 0), incoming_balls: 0
2019-11-20 19:43:42,767 : INFO : ball_device.bd_drain : Ejecting ball to <ball_device.bd_trough>
2019-11-20 19:43:42,773 : INFO : coil.c_drain : Pulsing Driver for 20ms (1.0 pulse_power)
2019-11-20 19:43:42,791 : INFO : Mode.base : Started. Priority: 31
2019-11-20 19:43:42,809 : INFO : Mode.pichu : Started. Priority: 75
2019-11-20 19:43:42,814 : INFO : coil.c_drop_reset : Enabling Driver for 400ms (1.0 pulse_power)
2019-11-20 19:43:42,822 : DEBUG : ball_device.bd_trough : Adding eject chain
2019-11-20 19:43:42,823 : INFO : SwitchController : <<<<<<< 's_drain' inactive >>>>>>>
2019-11-20 19:43:42,842 : DEBUG : ball_device.bd_trough : Got eject request
2019-11-20 19:43:42,846 : DEBUG : ball_device.bd_trough : Adding incoming ball from <ball_device.bd_drain>
2019-11-20 19:43:42,848 : DEBUG : ball_device.bd_trough : BCH: Counting. New count: 0 Old count: 0
2019-11-20 19:43:42,852 : DEBUG : ball_device.bd_trough : State: waiting_for_ball
2019-11-20 19:43:42,854 : DEBUG : ball_device.bd_trough : No ball found. Waiting for balls.
2019-11-20 19:43:42,891 : INFO : SwitchController : <<<<<<< 's_drop_left' inactive >>>>>>>
2019-11-20 19:43:42,918 : INFO : SwitchController : <<<<<<< 's_drop_center' inactive >>>>>>>
2019-11-20 19:43:43,062 : INFO : SwitchController : <<<<<<< 's_trough' active >>>>>>>
2019-11-20 19:43:43,098 : INFO : SwitchController : <<<<<<< 's_trough' inactive >>>>>>>
2019-11-20 19:43:43,125 : INFO : SwitchController : <<<<<<< 's_trough' active >>>>>>>
2019-11-20 19:43:43,192 : INFO : coil.c_drop_reset : Disabling Driver
2019-11-20 19:43:43,367 : INFO : SwitchController : <<<<<<< 's_drop_right' active >>>>>>>
2019-11-20 19:43:43,614 : DEBUG : ball_device.bd_trough : Counted 1 balls. Active switches: ['s_trough']. Old: 0
2019-11-20 19:43:43,617 : DEBUG : ball_device.bd_trough : BCH: Found 1 new balls
2019-11-20 19:43:43,618 : DEBUG : ball_device.bd_trough : Received ball from <ball_device.bd_drain>
2019-11-20 19:43:43,619 : DEBUG : ball_device.bd_trough : Removing incoming ball from <ball_device.bd_drain>
2019-11-20 19:43:43,619 : DEBUG : ball_device.bd_trough : Processing new ball
2019-11-20 19:43:43,621 : DEBUG : ball_device.bd_trough : BCH: Counting. New count: 1 Old count: 1
2019-11-20 19:43:43,624 : DEBUG : ball_device.bd_trough : A ball arrived. Progressing.
2019-11-20 19:43:43,629 : DEBUG : ball_device.bd_trough : State: waiting_for_target_ready
2019-11-20 19:43:43,637 : DEBUG : ball_device.bd_trough : State: ejecting
2019-11-20 19:43:43,638 : INFO : ball_device.bd_trough : Ejecting ball to <ball_device.bd_plunger>
2019-11-20 19:43:43,641 : DEBUG : ball_device.bd_trough : Entered eject mode.
2019-11-20 19:43:43,645 : DEBUG : ball_device.bd_trough : Wait for ball to leave device
2019-11-20 19:43:43,645 : INFO : coil.c_trough : Pulsing Driver for 7ms (1.0 pulse_power)
2019-11-20 19:43:43,646 : DEBUG : ball_device.bd_trough : Firing eject coil. Current balls: 1.
2019-11-20 19:43:43,685 : INFO : SwitchController : <<<<<<< 's_trough' inactive >>>>>>>
2019-11-20 19:43:43,703 : DEBUG : ball_device.bd_trough : Got ball left during eject
2019-11-20 19:43:43,704 : DEBUG : ball_device.bd_trough : Switch 's_trough' changed too recently. Aborting count!
2019-11-20 19:43:43,705 : DEBUG : ball_device.bd_trough : State: ball_left
2019-11-20 19:43:43,706 : DEBUG : ball_device.bd_trough : Ball left
2019-11-20 19:43:43,706 : DEBUG : ball_device.bd_trough : Wait for confirm with timeout 10.0
2019-11-20 19:43:44,176 : DEBUG : ball_device.bd_trough : Counted 0 balls. Active switches: []. Old: 0
2019-11-20 19:43:49,558 : INFO : SwitchController : <<<<<<< 's_spinner' active >>>>>>>
2019-11-20 19:43:49,653 : INFO : SwitchController : <<<<<<< 's_flipper_right' active >>>>>>>
2019-11-20 19:43:49,671 : INFO : SwitchController : <<<<<<< 's_spinner' inactive >>>>>>>
2019-11-20 19:43:50,101 : INFO : SwitchController : <<<<<<< 's_flipper_right' inactive >>>>>>>
2019-11-20 19:43:50,198 : INFO : SwitchController : <<<<<<< 's_flipper_right' active >>>>>>>
2019-11-20 19:43:50,310 : INFO : SwitchController : <<<<<<< 's_flipper_right' inactive >>>>>>>
2019-11-20 19:43:50,790 : INFO : SwitchController : <<<<<<< 's_gym' active >>>>>>>
2019-11-20 19:43:50,820 : INFO : SwitchController : <<<<<<< 's_gym' inactive >>>>>>>
2019-11-20 19:43:52,069 : INFO : SwitchController : <<<<<<< 's_flipper_left' active >>>>>>>
2019-11-20 19:43:52,758 : INFO : SwitchController : <<<<<<< 's_flipper_left' inactive >>>>>>>
2019-11-20 19:43:53,126 : INFO : SwitchController : <<<<<<< 's_flipper_right' active >>>>>>>
2019-11-20 19:43:53,692 : DEBUG : ball_device.bd_trough : State: failed_confirm
2019-11-20 19:43:53,693 : DEBUG : ball_device.bd_trough : Got timeout (10.0s) before confirm from <ball_device.bd_plunger>
2019-11-20 19:43:59,573 : INFO : SwitchController : <<<<<<< 's_flipper_right' inactive >>>>>>>
2019-11-20 19:44:00,550 : INFO : SwitchController : <<<<<<< 's_flipper_right' active >>>>>>>
2019-11-20 19:44:00,644 : INFO : SwitchController : <<<<<<< 's_flipper_right' inactive >>>>>>>
2019-11-20 19:44:01,862 : INFO : SwitchController : <<<<<<< 's_flipper_right' active >>>>>>>
2019-11-20 19:44:01,940 : INFO : SwitchController : <<<<<<< 's_flipper_right' inactive >>>>>>>
2019-11-20 19:44:02,374 : INFO : SwitchController : <<<<<<< 's_flipper_left' active >>>>>>>
2019-11-20 19:44:03,697 : DEBUG : ball_device.bd_trough : Eject successful
2019-11-20 19:44:03,699 : DEBUG : ball_device.bd_trough : Exited eject mode. Eject success: True
2019-11-20 19:44:03,700 : DEBUG : ball_device.bd_trough : State: idle
2019-11-20 19:44:03,701 : DEBUG : ball_device.bd_trough : Waiting for eject request.
2019-11-20 19:44:03,703 : DEBUG : ball_device.bd_trough : BCH: Counting. New count: 0 Old count: 0
2019-11-20 19:44:03,708 : DEBUG : ball_device.bd_trough : BCH: Counting. New count: 0 Old count: 0
2019-11-20 19:44:03,781 : INFO : SwitchController : <<<<<<< 's_flipper_left' inactive >>>>>>>
2019-11-20 19:44:04,133 : INFO : SwitchController : <<<<<<< 's_flipper_left' active >>>>>>>
2019-11-20 19:44:04,261 : INFO : SwitchController : <<<<<<< 's_flipper_left' inactive >>>>>>>
2019-11-20 19:44:05,782 : INFO : SwitchController : <<<<<<< 's_pop_bottom' active >>>>>>>
2019-11-20 19:44:05,814 : INFO : SwitchController : <<<<<<< 's_pop_bottom' inactive >>>>>>>
2019-11-20 19:44:05,834 : INFO : SwitchController : <<<<<<< 's_pop_bottom' active >>>>>>>
2019-11-20 19:44:05,853 : INFO : SwitchController : <<<<<<< 's_pop_bottom' inactive >>>>>>>
2019-11-20 19:44:09,094 : INFO : SwitchController : <<<<<<< 's_flipper_right' active >>>>>>>
2019-11-20 19:44:09,301 : INFO : SwitchController : <<<<<<< 's_flipper_right' inactive >>>>>>>
2019-11-20 19:44:09,429 : INFO : SwitchController : <<<<<<< 's_flipper_right' active >>>>>>>
2019-11-20 19:44:09,476 : INFO : SwitchController : <<<<<<< 's_flipper_right' inactive >>>>>>>
2019-11-20 19:44:09,780 : INFO : SwitchController : <<<<<<< 's_pop_bottom' active >>>>>>>
2019-11-20 19:44:09,803 : INFO : SwitchController : <<<<<<< 's_pop_bottom' inactive >>>>>>>
2019-11-20 19:44:12,485 : INFO : SwitchController : <<<<<<< 's_flipper_right' active >>>>>>>
2019-11-20 19:44:12,581 : INFO : SwitchController : <<<<<<< 's_flipper_right' inactive >>>>>>>
2019-11-20 19:44:16,228 : INFO : SwitchController : <<<<<<< 's_flipper_right' active >>>>>>>
2019-11-20 19:44:16,308 : INFO : SwitchController : <<<<<<< 's_flipper_right' inactive >>>>>>>
2019-11-20 19:44:16,500 : INFO : SwitchController : <<<<<<< 's_spinner' active >>>>>>>
2019-11-20 19:44:16,522 : INFO : SwitchController : <<<<<<< 's_spinner' inactive >>>>>>>
2019-11-20 19:44:16,580 : INFO : SwitchController : <<<<<<< 's_spinner' active >>>>>>>
2019-11-20 19:44:16,603 : INFO : SwitchController : <<<<<<< 's_spinner' inactive >>>>>>>
2019-11-20 19:44:16,660 : INFO : SwitchController : <<<<<<< 's_spinner' active >>>>>>>
2019-11-20 19:44:16,681 : INFO : SwitchController : <<<<<<< 's_spinner' inactive >>>>>>>
2019-11-20 19:44:16,756 : INFO : SwitchController : <<<<<<< 's_spinner' active >>>>>>>
2019-11-20 19:44:16,778 : INFO : SwitchController : <<<<<<< 's_spinner' inactive >>>>>>>
2019-11-20 19:44:16,836 : INFO : SwitchController : <<<<<<< 's_spinner' active >>>>>>>
2019-11-20 19:44:16,891 : INFO : SwitchController : <<<<<<< 's_spinner' inactive >>>>>>>
2019-11-20 19:44:16,932 : INFO : SwitchController : <<<<<<< 's_spinner' active >>>>>>>
2019-11-20 19:44:16,964 : INFO : SwitchController : <<<<<<< 's_spinner' inactive >>>>>>>
2019-11-20 19:44:17,044 : INFO : SwitchController : <<<<<<< 's_spinner' active >>>>>>>
2019-11-20 19:44:17,076 : INFO : SwitchController : <<<<<<< 's_spinner' inactive >>>>>>>
2019-11-20 19:44:17,156 : INFO : SwitchController : <<<<<<< 's_spinner' active >>>>>>>
2019-11-20 19:44:17,188 : INFO : SwitchController : <<<<<<< 's_spinner' inactive >>>>>>>
2019-11-20 19:44:17,284 : INFO : SwitchController : <<<<<<< 's_spinner' active >>>>>>>
2019-11-20 19:44:17,317 : INFO : SwitchController : <<<<<<< 's_spinner' inactive >>>>>>>
2019-11-20 19:44:17,427 : INFO : SwitchController : <<<<<<< 's_spinner' active >>>>>>>
2019-11-20 19:44:17,476 : INFO : SwitchController : <<<<<<< 's_spinner' inactive >>>>>>>
2019-11-20 19:44:17,588 : INFO : SwitchController : <<<<<<< 's_spinner' active >>>>>>>
2019-11-20 19:44:17,652 : INFO : SwitchController : <<<<<<< 's_spinner' inactive >>>>>>>
2019-11-20 19:44:17,796 : INFO : SwitchController : <<<<<<< 's_spinner' active >>>>>>>
2019-11-20 19:44:17,885 : INFO : SwitchController : <<<<<<< 's_spinner' inactive >>>>>>>
2019-11-20 19:44:18,067 : INFO : SwitchController : <<<<<<< 's_spinner' active >>>>>>>
2019-11-20 19:44:18,164 : INFO : SwitchController : <<<<<<< 's_spinner' inactive >>>>>>>
2019-11-20 19:44:21,476 : INFO : SwitchController : <<<<<<< 's_saucer' active >>>>>>>
2019-11-20 19:44:21,522 : INFO : Mode.pichu : Stopped.
2019-11-20 19:44:21,526 : INFO : Mode.evolve_pichu : Started. Priority: 101
2019-11-20 19:44:21,976 : DEBUG : ball_device.bd_trough : Counted 0 balls. Active switches: []. Old: 0
2019-11-20 19:44:21,984 : INFO : ball_device.bd_saucer : Ejecting ball to <playfield.playfield>
2019-11-20 19:44:21,990 : INFO : coil.c_saucer : Pulsing Driver for 60ms (1.0 pulse_power)
2019-11-20 19:44:22,036 : INFO : SwitchController : <<<<<<< 's_saucer' inactive >>>>>>>
2019-11-20 19:44:24,052 : INFO : SwitchController : <<<<<<< 's_pop_right' active >>>>>>>
2019-11-20 19:44:24,070 : INFO : SwitchController : <<<<<<< 's_pop_right' inactive >>>>>>>
2019-11-20 19:44:24,087 : INFO : SwitchController : <<<<<<< 's_pop_right' active >>>>>>>
2019-11-20 19:44:24,109 : INFO : SwitchController : <<<<<<< 's_pop_right' inactive >>>>>>>
2019-11-20 19:44:25,652 : INFO : SwitchController : <<<<<<< 's_pop_right' active >>>>>>>
2019-11-20 19:44:25,674 : INFO : SwitchController : <<<<<<< 's_pop_right' inactive >>>>>>>
2019-11-20 19:44:25,690 : INFO : SwitchController : <<<<<<< 's_pop_right' active >>>>>>>
2019-11-20 19:44:25,707 : INFO : SwitchController : <<<<<<< 's_pop_right' inactive >>>>>>>
2019-11-20 19:44:25,723 : INFO : SwitchController : <<<<<<< 's_pop_right' active >>>>>>>
2019-11-20 19:44:25,746 : INFO : SwitchController : <<<<<<< 's_pop_right' inactive >>>>>>>
2019-11-20 19:44:25,765 : INFO : SwitchController : <<<<<<< 's_pop_right' active >>>>>>>
2019-11-20 19:44:25,787 : INFO : SwitchController : <<<<<<< 's_pop_right' inactive >>>>>>>
2019-11-20 19:44:26,292 : INFO : SwitchController : <<<<<<< 's_pop_right' active >>>>>>>
2019-11-20 19:44:26,313 : INFO : SwitchController : <<<<<<< 's_pop_right' inactive >>>>>>>
2019-11-20 19:44:27,059 : INFO : SwitchController : <<<<<<< 's_pop_right' active >>>>>>>
2019-11-20 19:44:27,076 : INFO : SwitchController : <<<<<<< 's_pop_right' inactive >>>>>>>
2019-11-20 19:44:27,096 : INFO : SwitchController : <<<<<<< 's_pop_right' active >>>>>>>
2019-11-20 19:44:27,115 : INFO : SwitchController : <<<<<<< 's_pop_right' inactive >>>>>>>
2019-11-20 19:44:27,135 : INFO : SwitchController : <<<<<<< 's_pop_right' active >>>>>>>
2019-11-20 19:44:27,158 : INFO : SwitchController : <<<<<<< 's_pop_right' inactive >>>>>>>
2019-11-20 19:44:27,175 : INFO : SwitchController : <<<<<<< 's_pop_right' active >>>>>>>
2019-11-20 19:44:27,196 : INFO : SwitchController : <<<<<<< 's_pop_right' inactive >>>>>>>
2019-11-20 19:44:27,763 : INFO : SwitchController : <<<<<<< 's_pop_right' active >>>>>>>
2019-11-20 19:44:27,795 : INFO : SwitchController : <<<<<<< 's_pop_right' inactive >>>>>>>
2019-11-20 19:44:27,815 : INFO : SwitchController : <<<<<<< 's_pop_right' active >>>>>>>
2019-11-20 19:44:27,833 : INFO : SwitchController : <<<<<<< 's_pop_right' inactive >>>>>>>
2019-11-20 19:44:27,854 : INFO : SwitchController : <<<<<<< 's_pop_right' active >>>>>>>
2019-11-20 19:44:27,901 : INFO : SwitchController : <<<<<<< 's_pop_right' inactive >>>>>>>
2019-11-20 19:44:30,405 : INFO : SwitchController : <<<<<<< 's_flipper_left' active >>>>>>>
2019-11-20 19:44:30,820 : INFO : SwitchController : <<<<<<< 's_flipper_left' inactive >>>>>>>
2019-11-20 19:44:31,125 : INFO : SwitchController : <<<<<<< 's_flipper_right' active >>>>>>>
2019-11-20 19:44:31,605 : INFO : SwitchController : <<<<<<< 's_flipper_right' inactive >>>>>>>
2019-11-20 19:44:31,907 : INFO : SwitchController : <<<<<<< 's_flipper_right' active >>>>>>>
2019-11-20 19:44:31,987 : INFO : SwitchController : <<<<<<< 's_flipper_right' inactive >>>>>>>
2019-11-20 19:44:32,277 : INFO : SwitchController : <<<<<<< 's_pop_bottom' active >>>>>>>
2019-11-20 19:44:32,317 : INFO : SwitchController : <<<<<<< 's_pop_bottom' inactive >>>>>>>
2019-11-20 19:44:32,350 : INFO : SwitchController : <<<<<<< 's_pop_bottom' active >>>>>>>
2019-11-20 19:44:32,371 : INFO : SwitchController : <<<<<<< 's_pop_bottom' inactive >>>>>>>
2019-11-20 19:44:32,644 : INFO : SwitchController : <<<<<<< 's_pop_top' active >>>>>>>
2019-11-20 19:44:32,682 : INFO : SwitchController : <<<<<<< 's_pop_top' inactive >>>>>>>
2019-11-20 19:44:35,588 : INFO : SwitchController : <<<<<<< 's_saucer' active >>>>>>>
2019-11-20 19:44:35,633 : INFO : Mode.evolve_pichu : Stopped.
2019-11-20 19:44:35,636 : INFO : Mode.pikachu : Started. Priority: 125
2019-11-20 19:44:36,085 : DEBUG : ball_device.bd_trough : Counted 0 balls. Active switches: []. Old: 0
2019-11-20 19:44:36,092 : INFO : ball_device.bd_saucer : Ejecting ball to <playfield.playfield>
2019-11-20 19:44:36,096 : INFO : coil.c_saucer : Pulsing Driver for 60ms (1.0 pulse_power)
2019-11-20 19:44:36,132 : INFO : SwitchController : <<<<<<< 's_saucer' inactive >>>>>>>
2019-11-20 19:44:39,268 : INFO : SwitchController : <<<<<<< 's_flipper_right' active >>>>>>>
2019-11-20 19:44:39,764 : INFO : SwitchController : <<<<<<< 's_flipper_right' inactive >>>>>>>
2019-11-20 19:44:39,900 : INFO : SwitchController : <<<<<<< 's_flipper_right' active >>>>>>>
2019-11-20 19:44:39,939 : INFO : SwitchController : <<<<<<< 's_flipper_right' inactive >>>>>>>
2019-11-20 19:44:42,420 : INFO : SwitchController : <<<<<<< 's_pop_bottom' active >>>>>>>
2019-11-20 19:44:42,461 : INFO : SwitchController : <<<<<<< 's_pop_bottom' inactive >>>>>>>
2019-11-20 19:44:46,596 : INFO : SwitchController : <<<<<<< 's_drain' active >>>>>>>
2019-11-20 19:44:46,630 : INFO : SwitchController : <<<<<<< 's_drain' inactive >>>>>>>
2019-11-20 19:44:46,649 : INFO : SwitchController : <<<<<<< 's_drain' active >>>>>>>
2019-11-20 19:44:46,667 : INFO : SwitchController : <<<<<<< 's_drain' inactive >>>>>>>
2019-11-20 19:44:46,755 : INFO : SwitchController : <<<<<<< 's_drain' active >>>>>>>
2019-11-20 19:44:46,772 : INFO : SwitchController : <<<<<<< 's_drain' inactive >>>>>>>
2019-11-20 19:44:46,788 : INFO : SwitchController : <<<<<<< 's_drain' active >>>>>>>
2019-11-20 19:44:47,288 : DEBUG : ball_device.bd_trough : Counted 0 balls. Active switches: []. Old: 0
2019-11-20 19:44:47,299 : INFO : Mode.base : Stopped.
2019-11-20 19:44:47,300 : INFO : Mode.pikachu : Stopped.
2019-11-20 19:44:47,312 : DEBUG : ball_device.bd_trough : Ready to receive from <ball_device.bd_drain>. Free space 1 (Capacity: 1, Balls: 0), incoming_balls: 0
2019-11-20 19:44:47,313 : INFO : ball_device.bd_drain : Ejecting ball to <ball_device.bd_trough>
2019-11-20 19:44:47,320 : INFO : coil.c_drain : Pulsing Driver for 20ms (1.0 pulse_power)
2019-11-20 19:44:47,337 : INFO : Mode.attract : Started. Priority: 10
2019-11-20 19:44:47,340 : INFO : Mode.game : Stopped.
2019-11-20 19:44:47,379 : INFO : SwitchController : <<<<<<< 's_drain' inactive >>>>>>>
2019-11-20 19:44:47,409 : DEBUG : ball_device.bd_trough : Adding incoming ball from <ball_device.bd_drain>
2019-11-20 19:44:47,817 : INFO : SwitchController : <<<<<<< 's_trough' active >>>>>>>
2019-11-20 19:44:47,850 : INFO : SwitchController : <<<<<<< 's_trough' inactive >>>>>>>
2019-11-20 19:44:48,019 : INFO : SwitchController : <<<<<<< 's_trough' active >>>>>>>
2019-11-20 19:44:48,520 : DEBUG : ball_device.bd_trough : Counted 1 balls. Active switches: ['s_trough']. Old: 0
2019-11-20 19:44:48,524 : DEBUG : ball_device.bd_trough : BCH: Counting. New count: 1 Old count: 0
2019-11-20 19:44:48,525 : DEBUG : ball_device.bd_trough : BCH: Found 1 new balls
2019-11-20 19:44:48,526 : DEBUG : ball_device.bd_trough : Received ball from <ball_device.bd_drain>
2019-11-20 19:44:48,527 : DEBUG : ball_device.bd_trough : Removing incoming ball from <ball_device.bd_drain>
2019-11-20 19:44:48,527 : DEBUG : ball_device.bd_trough : Processing new ball
2019-11-20 19:44:56,500 : INFO : SwitchController : <<<<<<< 's_start' active >>>>>>>
2019-11-20 19:44:56,612 : INFO : SwitchController : <<<<<<< 's_start' inactive >>>>>>>
2019-11-20 19:44:56,648 : INFO : Mode.attract : Stopped.
2019-11-20 19:44:56,651 : INFO : Mode.game : Started. Priority: 20
2019-11-20 19:44:56,668 : INFO : Mode.game : Player added successfully. Total players: 1
2019-11-20 19:44:56,681 : WARNING : Mode.gym0 : WARNING: Can only start mode gym0 during a game. Aborting start.
2019-11-20 19:44:56,713 : INFO : coil.c_drop_reset : Enabling Driver for 400ms (1.0 pulse_power)
2019-11-20 19:44:56,716 : INFO : Mode.base : Started. Priority: 31
2019-11-20 19:44:56,733 : INFO : Mode.pichu : Started. Priority: 75
2019-11-20 19:44:56,745 : DEBUG : ball_device.bd_trough : Adding eject chain
2019-11-20 19:44:56,750 : DEBUG : ball_device.bd_trough : Got eject request
2019-11-20 19:44:56,754 : DEBUG : ball_device.bd_trough : BCH: Counting. New count: 1 Old count: 1
2019-11-20 19:44:56,757 : DEBUG : ball_device.bd_trough : State: waiting_for_target_ready
2019-11-20 19:44:56,761 : DEBUG : ball_device.bd_trough : State: ejecting
2019-11-20 19:44:56,762 : INFO : ball_device.bd_trough : Ejecting ball to <ball_device.bd_plunger>
2019-11-20 19:44:56,765 : DEBUG : ball_device.bd_trough : Entered eject mode.
2019-11-20 19:44:56,768 : DEBUG : ball_device.bd_trough : Wait for ball to leave device
2019-11-20 19:44:56,769 : INFO : coil.c_trough : Pulsing Driver for 7ms (1.0 pulse_power)
2019-11-20 19:44:56,770 : DEBUG : ball_device.bd_trough : Firing eject coil. Current balls: 1.
2019-11-20 19:44:56,786 : INFO : SwitchController : <<<<<<< 's_drop_right' inactive >>>>>>>
2019-11-20 19:44:56,809 : INFO : SwitchController : <<<<<<< 's_trough' inactive >>>>>>>
2019-11-20 19:44:56,830 : DEBUG : ball_device.bd_trough : Got ball left during eject
2019-11-20 19:44:56,830 : DEBUG : ball_device.bd_trough : Switch 's_trough' changed too recently. Aborting count!
2019-11-20 19:44:56,833 : DEBUG : ball_device.bd_trough : State: ball_left
2019-11-20 19:44:56,833 : DEBUG : ball_device.bd_trough : Ball left
2019-11-20 19:44:56,834 : DEBUG : ball_device.bd_trough : Wait for confirm with timeout 10.0
2019-11-20 19:44:57,097 : INFO : coil.c_drop_reset : Disabling Driver
2019-11-20 19:44:57,283 : INFO : SwitchController : <<<<<<< 's_drop_center' active >>>>>>>
2019-11-20 19:44:57,322 : DEBUG : ball_device.bd_trough : Counted 0 balls. Active switches: []. Old: 0
2019-11-20 19:44:57,539 : INFO : SwitchController : <<<<<<< 's_trough' active >>>>>>>
2019-11-20 19:44:57,556 : INFO : SwitchController : <<<<<<< 's_trough' inactive >>>>>>>
2019-11-20 19:44:57,714 : INFO : SwitchController : <<<<<<< 's_trough' active >>>>>>>
2019-11-20 19:44:58,209 : DEBUG : ball_device.bd_trough : Counted 1 balls. Active switches: ['s_trough']. Old: 0
2019-11-20 19:44:58,210 : DEBUG : ball_device.bd_trough : Got 1 unknown ball during eject
2019-11-20 19:45:06,817 : DEBUG : ball_device.bd_trough : State: failed_confirm
2019-11-20 19:45:06,818 : DEBUG : ball_device.bd_trough : Got timeout (10.0s) before confirm from <ball_device.bd_plunger>
2019-11-20 19:45:06,828 : DEBUG : ball_device.bd_trough : Got unknown balls. Assuming a ball returned.
2019-11-20 19:45:06,830 : DEBUG : ball_device.bd_trough : Exited eject mode. Eject success: False
2019-11-20 19:45:06,832 : DEBUG : ball_device.bd_trough : BCH: Counting. New count: 1 Old count: 1
2019-11-20 19:45:06,837 : DEBUG : ball_device.bd_trough : BCH: Counting. New count: 1 Old count: 1
2019-11-20 19:45:06,840 : DEBUG : ball_device.bd_trough : State: waiting_for_target_ready
2019-11-20 19:45:06,842 : DEBUG : ball_device.bd_trough : State: ejecting
2019-11-20 19:45:06,843 : INFO : ball_device.bd_trough : Ejecting ball to <ball_device.bd_plunger>
2019-11-20 19:45:06,843 : DEBUG : ball_device.bd_trough : BCH: Counting. New count: 1 Old count: 1
2019-11-20 19:45:06,848 : DEBUG : ball_device.bd_trough : Entered eject mode.
2019-11-20 19:45:06,851 : DEBUG : ball_device.bd_trough : Wait for ball to leave device
2019-11-20 19:45:06,852 : INFO : coil.c_trough : Pulsing Driver for 7ms (1.0 pulse_power)
2019-11-20 19:45:06,852 : DEBUG : ball_device.bd_trough : Firing eject coil. Current balls: 1.
2019-11-20 19:45:06,886 : INFO : SwitchController : <<<<<<< 's_trough' inactive >>>>>>>
2019-11-20 19:45:06,905 : DEBUG : ball_device.bd_trough : Got ball left during eject
2019-11-20 19:45:06,906 : DEBUG : ball_device.bd_trough : Switch 's_trough' changed too recently. Aborting count!
2019-11-20 19:45:06,908 : DEBUG : ball_device.bd_trough : State: ball_left
2019-11-20 19:45:06,908 : DEBUG : ball_device.bd_trough : Ball left
2019-11-20 19:45:06,909 : DEBUG : ball_device.bd_trough : Wait for confirm with timeout 10.0
2019-11-20 19:45:07,380 : DEBUG : ball_device.bd_trough : Counted 0 balls. Active switches: []. Old: 0
2019-11-20 19:45:07,427 : INFO : SwitchController : <<<<<<< 's_trough' active >>>>>>>
2019-11-20 19:45:07,460 : INFO : SwitchController : <<<<<<< 's_trough' inactive >>>>>>>
2019-11-20 19:45:07,586 : INFO : SwitchController : <<<<<<< 's_trough' active >>>>>>>
2019-11-20 19:45:08,082 : DEBUG : ball_device.bd_trough : Counted 1 balls. Active switches: ['s_trough']. Old: 0
2019-11-20 19:45:08,083 : DEBUG : ball_device.bd_trough : Got 1 unknown ball during eject
2019-11-20 19:45:16,894 : DEBUG : ball_device.bd_trough : State: failed_confirm
2019-11-20 19:45:16,895 : DEBUG : ball_device.bd_trough : Got timeout (10.0s) before confirm from <ball_device.bd_plunger>
2019-11-20 19:45:16,900 : DEBUG : ball_device.bd_trough : Got unknown balls. Assuming a ball returned.
2019-11-20 19:45:16,900 : DEBUG : ball_device.bd_trough : Exited eject mode. Eject success: False
2019-11-20 19:45:16,903 : DEBUG : ball_device.bd_trough : BCH: Counting. New count: 1 Old count: 1
2019-11-20 19:45:16,907 : DEBUG : ball_device.bd_trough : BCH: Counting. New count: 1 Old count: 1
2019-11-20 19:45:16,909 : DEBUG : ball_device.bd_trough : State: waiting_for_target_ready
2019-11-20 19:45:16,912 : DEBUG : ball_device.bd_trough : State: ejecting
2019-11-20 19:45:16,912 : INFO : ball_device.bd_trough : Ejecting ball to <ball_device.bd_plunger>
2019-11-20 19:45:16,913 : DEBUG : ball_device.bd_trough : BCH: Counting. New count: 1 Old count: 1
2019-11-20 19:45:16,916 : DEBUG : ball_device.bd_trough : Entered eject mode.
2019-11-20 19:45:16,919 : DEBUG : ball_device.bd_trough : Wait for ball to leave device
2019-11-20 19:45:16,920 : INFO : coil.c_trough : Pulsing Driver for 7ms (1.0 pulse_power)
2019-11-20 19:45:16,921 : DEBUG : ball_device.bd_trough : Firing eject coil. Current balls: 1.
2019-11-20 19:45:16,962 : INFO : SwitchController : <<<<<<< 's_trough' inactive >>>>>>>
2019-11-20 19:45:16,979 : DEBUG : ball_device.bd_trough : Got ball left during eject
2019-11-20 19:45:16,980 : DEBUG : ball_device.bd_trough : Switch 's_trough' changed too recently. Aborting count!
2019-11-20 19:45:16,982 : DEBUG : ball_device.bd_trough : State: ball_left
2019-11-20 19:45:16,982 : DEBUG : ball_device.bd_trough : Ball left
2019-11-20 19:45:16,982 : DEBUG : ball_device.bd_trough : Wait for confirm with timeout 10.0
2019-11-20 19:45:17,059 : INFO : SwitchController : <<<<<<< 's_flipper_left' active >>>>>>>
2019-11-20 19:45:17,106 : INFO : SwitchController : <<<<<<< 's_flipper_left' inactive >>>>>>>
2019-11-20 19:45:17,457 : DEBUG : ball_device.bd_trough : Counted 0 balls. Active switches: []. Old: 0
2019-11-20 19:45:22,883 : INFO : SwitchController : <<<<<<< 's_spinner' active >>>>>>>
2019-11-20 19:45:22,962 : INFO : SwitchController : <<<<<<< 's_spinner' inactive >>>>>>>
2019-11-20 19:45:23,490 : INFO : SwitchController : <<<<<<< 's_flipper_right' active >>>>>>>
2019-11-20 19:45:23,618 : INFO : SwitchController : <<<<<<< 's_flipper_right' inactive >>>>>>>
2019-11-20 19:45:23,969 : INFO : SwitchController : <<<<<<< 's_pop_bottom' active >>>>>>>
2019-11-20 19:45:23,992 : INFO : SwitchController : <<<<<<< 's_pop_bottom' inactive >>>>>>>
2019-11-20 19:45:24,577 : INFO : SwitchController : <<<<<<< 's_flipper_right' active >>>>>>>
2019-11-20 19:45:24,834 : INFO : SwitchController : <<<<<<< 's_flipper_right' inactive >>>>>>>
2019-11-20 19:45:25,729 : INFO : SwitchController : <<<<<<< 's_flipper_right' active >>>>>>>
2019-11-20 19:45:26,465 : INFO : SwitchController : <<<<<<< 's_flipper_left' active >>>>>>>
2019-11-20 19:45:26,484 : INFO : SwitchController : <<<<<<< 's_flipper_right' inactive >>>>>>>
2019-11-20 19:45:26,972 : DEBUG : ball_device.bd_trough : State: failed_confirm
2019-11-20 19:45:26,973 : DEBUG : ball_device.bd_trough : Got timeout (10.0s) before confirm from <ball_device.bd_plunger>
2019-11-20 19:45:27,009 : INFO : SwitchController : <<<<<<< 's_flipper_left' inactive >>>>>>>
2019-11-20 19:45:28,241 : INFO : SwitchController : <<<<<<< 's_flipper_left' active >>>>>>>
2019-11-20 19:45:28,337 : INFO : SwitchController : <<<<<<< 's_flipper_left' inactive >>>>>>>
2019-11-20 19:45:29,201 : INFO : SwitchController : <<<<<<< 's_pop_bottom' active >>>>>>>
2019-11-20 19:45:29,220 : INFO : SwitchController : <<<<<<< 's_pop_bottom' inactive >>>>>>>
2019-11-20 19:45:29,248 : DEBUG : ball_device.bd_trough : Eject successful
2019-11-20 19:45:29,250 : DEBUG : ball_device.bd_trough : Exited eject mode. Eject success: True
2019-11-20 19:45:29,251 : DEBUG : ball_device.bd_trough : State: idle
2019-11-20 19:45:29,252 : DEBUG : ball_device.bd_trough : Waiting for eject request.
2019-11-20 19:45:29,254 : DEBUG : ball_device.bd_trough : BCH: Counting. New count: 0 Old count: 0
2019-11-20 19:45:29,259 : DEBUG : ball_device.bd_trough : BCH: Counting. New count: 0 Old count: 0
2019-11-20 19:45:31,410 : INFO : SwitchController : <<<<<<< 's_flipper_right' active >>>>>>>
2019-11-20 19:45:31,489 : INFO : SwitchController : <<<<<<< 's_flipper_right' inactive >>>>>>>
2019-11-20 19:45:31,649 : INFO : SwitchController : <<<<<<< 's_spinner' active >>>>>>>
2019-11-20 19:45:31,670 : INFO : SwitchController : <<<<<<< 's_spinner' inactive >>>>>>>
2019-11-20 19:45:31,729 : INFO : SwitchController : <<<<<<< 's_spinner' active >>>>>>>
2019-11-20 19:45:31,746 : INFO : SwitchController : <<<<<<< 's_spinner' inactive >>>>>>>
2019-11-20 19:45:31,793 : INFO : SwitchController : <<<<<<< 's_spinner' active >>>>>>>
2019-11-20 19:45:31,814 : INFO : SwitchController : <<<<<<< 's_spinner' inactive >>>>>>>
2019-11-20 19:45:31,885 : INFO : SwitchController : <<<<<<< 's_spinner' active >>>>>>>
2019-11-20 19:45:31,907 : INFO : SwitchController : <<<<<<< 's_spinner' inactive >>>>>>>
2019-11-20 19:45:31,954 : INFO : SwitchController : <<<<<<< 's_spinner' active >>>>>>>
2019-11-20 19:45:31,975 : INFO : SwitchController : <<<<<<< 's_spinner' inactive >>>>>>>
2019-11-20 19:45:32,033 : INFO : SwitchController : <<<<<<< 's_spinner' active >>>>>>>
2019-11-20 19:45:32,053 : INFO : SwitchController : <<<<<<< 's_spinner' inactive >>>>>>>
2019-11-20 19:45:32,130 : INFO : SwitchController : <<<<<<< 's_spinner' active >>>>>>>
2019-11-20 19:45:32,169 : INFO : SwitchController : <<<<<<< 's_spinner' inactive >>>>>>>
2019-11-20 19:45:32,225 : INFO : SwitchController : <<<<<<< 's_spinner' active >>>>>>>
2019-11-20 19:45:32,251 : INFO : SwitchController : <<<<<<< 's_spinner' inactive >>>>>>>
2019-11-20 19:45:32,321 : INFO : SwitchController : <<<<<<< 's_spinner' active >>>>>>>
2019-11-20 19:45:32,359 : INFO : SwitchController : <<<<<<< 's_spinner' inactive >>>>>>>
2019-11-20 19:45:32,434 : INFO : SwitchController : <<<<<<< 's_spinner' active >>>>>>>
2019-11-20 19:45:32,471 : INFO : SwitchController : <<<<<<< 's_spinner' inactive >>>>>>>
2019-11-20 19:45:32,562 : INFO : SwitchController : <<<<<<< 's_spinner' active >>>>>>>
2019-11-20 19:45:32,601 : INFO : SwitchController : <<<<<<< 's_spinner' inactive >>>>>>>
2019-11-20 19:45:32,706 : INFO : SwitchController : <<<<<<< 's_spinner' active >>>>>>>
2019-11-20 19:45:32,753 : INFO : SwitchController : <<<<<<< 's_spinner' inactive >>>>>>>
2019-11-20 19:45:32,884 : INFO : SwitchController : <<<<<<< 's_spinner' active >>>>>>>
2019-11-20 19:45:32,929 : INFO : SwitchController : <<<<<<< 's_spinner' inactive >>>>>>>
2019-11-20 19:45:33,090 : INFO : SwitchController : <<<<<<< 's_spinner' active >>>>>>>
2019-11-20 19:45:33,169 : INFO : SwitchController : <<<<<<< 's_spinner' inactive >>>>>>>
2019-11-20 19:45:33,393 : INFO : SwitchController : <<<<<<< 's_spinner' active >>>>>>>
2019-11-20 19:45:33,441 : INFO : SwitchController : <<<<<<< 's_spinner' inactive >>>>>>>
2019-11-20 19:45:35,889 : INFO : SwitchController : <<<<<<< 's_pop_right' active >>>>>>>
2019-11-20 19:45:35,911 : INFO : SwitchController : <<<<<<< 's_pop_right' inactive >>>>>>>
2019-11-20 19:45:37,761 : INFO : SwitchController : <<<<<<< 's_pop_right' active >>>>>>>
2019-11-20 19:45:37,797 : INFO : SwitchController : <<<<<<< 's_pop_right' inactive >>>>>>>
2019-11-20 19:45:37,814 : INFO : SwitchController : <<<<<<< 's_pop_right' active >>>>>>>
2019-11-20 19:45:37,831 : INFO : SwitchController : <<<<<<< 's_pop_right' inactive >>>>>>>
2019-11-20 19:45:37,851 : INFO : SwitchController : <<<<<<< 's_pop_right' active >>>>>>>
2019-11-20 19:45:37,868 : INFO : SwitchController : <<<<<<< 's_pop_right' inactive >>>>>>>
2019-11-20 19:45:37,884 : INFO : SwitchController : <<<<<<< 's_pop_right' active >>>>>>>
2019-11-20 19:45:37,900 : INFO : SwitchController : <<<<<<< 's_pop_right' inactive >>>>>>>
2019-11-20 19:45:37,916 : INFO : SwitchController : <<<<<<< 's_pop_right' active >>>>>>>
2019-11-20 19:45:37,933 : INFO : SwitchController : <<<<<<< 's_pop_right' inactive >>>>>>>
2019-11-20 19:45:40,368 : INFO : SwitchController : <<<<<<< 's_flipper_right' active >>>>>>>
2019-11-20 19:45:40,657 : INFO : SwitchController : <<<<<<< 's_flipper_right' inactive >>>>>>>
2019-11-20 19:45:41,664 : INFO : SwitchController : <<<<<<< 's_flipper_left' active >>>>>>>
2019-11-20 19:45:41,777 : INFO : SwitchController : <<<<<<< 's_flipper_left' inactive >>>>>>>
2019-11-20 19:45:42,033 : INFO : SwitchController : <<<<<<< 's_drop_right' active >>>>>>>
2019-11-20 19:45:42,496 : INFO : SwitchController : <<<<<<< 's_sling_left' active >>>>>>>
2019-11-20 19:45:42,515 : INFO : SwitchController : <<<<<<< 's_sling_left' inactive >>>>>>>
2019-11-20 19:45:43,281 : INFO : SwitchController : <<<<<<< 's_pop_bottom' active >>>>>>>
2019-11-20 19:45:43,305 : INFO : SwitchController : <<<<<<< 's_pop_bottom' inactive >>>>>>>
2019-11-20 19:45:43,472 : INFO : SwitchController : <<<<<<< 's_spinner' active >>>>>>>
2019-11-20 19:45:43,521 : INFO : SwitchController : <<<<<<< 's_spinner' inactive >>>>>>>
2019-11-20 19:45:43,648 : INFO : SwitchController : <<<<<<< 's_spinner' active >>>>>>>
2019-11-20 19:45:43,696 : INFO : SwitchController : <<<<<<< 's_spinner' inactive >>>>>>>
2019-11-20 19:45:43,841 : INFO : SwitchController : <<<<<<< 's_spinner' active >>>>>>>
2019-11-20 19:45:43,921 : INFO : SwitchController : <<<<<<< 's_flipper_right' active >>>>>>>
2019-11-20 19:45:43,941 : INFO : SwitchController : <<<<<<< 's_spinner' inactive >>>>>>>
2019-11-20 19:45:44,160 : INFO : SwitchController : <<<<<<< 's_spinner' active >>>>>>>
2019-11-20 19:45:44,208 : INFO : SwitchController : <<<<<<< 's_spinner' inactive >>>>>>>
2019-11-20 19:45:44,336 : INFO : SwitchController : <<<<<<< 's_flipper_right' inactive >>>>>>>
2019-11-20 19:45:45,312 : INFO : SwitchController : <<<<<<< 's_flipper_right' active >>>>>>>
2019-11-20 19:45:45,585 : INFO : SwitchController : <<<<<<< 's_flipper_right' inactive >>>>>>>
2019-11-20 19:45:47,264 : INFO : SwitchController : <<<<<<< 's_flipper_right' active >>>>>>>
2019-11-20 19:45:47,345 : INFO : SwitchController : <<<<<<< 's_flipper_right' inactive >>>>>>>
2019-11-20 19:45:47,553 : INFO : SwitchController : <<<<<<< 's_spinner' active >>>>>>>
2019-11-20 19:45:47,569 : INFO : SwitchController : <<<<<<< 's_spinner' inactive >>>>>>>
2019-11-20 19:45:47,601 : INFO : SwitchController : <<<<<<< 's_spinner' active >>>>>>>
2019-11-20 19:45:47,622 : INFO : SwitchController : <<<<<<< 's_spinner' inactive >>>>>>>
2019-11-20 19:45:47,664 : INFO : SwitchController : <<<<<<< 's_spinner' active >>>>>>>
2019-11-20 19:45:47,685 : INFO : SwitchController : <<<<<<< 's_spinner' inactive >>>>>>>
2019-11-20 19:45:47,728 : INFO : SwitchController : <<<<<<< 's_spinner' active >>>>>>>
2019-11-20 19:45:47,744 : INFO : SwitchController : <<<<<<< 's_spinner' inactive >>>>>>>
2019-11-20 19:45:47,792 : INFO : SwitchController : <<<<<<< 's_spinner' active >>>>>>>
2019-11-20 19:45:47,813 : INFO : SwitchController : <<<<<<< 's_spinner' inactive >>>>>>>
2019-11-20 19:45:47,856 : INFO : SwitchController : <<<<<<< 's_spinner' active >>>>>>>
2019-11-20 19:45:47,901 : INFO : SwitchController : <<<<<<< 's_spinner' inactive >>>>>>>
2019-11-20 19:45:47,936 : INFO : SwitchController : <<<<<<< 's_spinner' active >>>>>>>
2019-11-20 19:45:47,957 : INFO : SwitchController : <<<<<<< 's_spinner' inactive >>>>>>>
2019-11-20 19:45:48,017 : INFO : SwitchController : <<<<<<< 's_spinner' active >>>>>>>
2019-11-20 19:45:48,033 : INFO : SwitchController : <<<<<<< 's_spinner' inactive >>>>>>>
2019-11-20 19:45:48,097 : INFO : SwitchController : <<<<<<< 's_spinner' active >>>>>>>
2019-11-20 19:45:48,119 : INFO : SwitchController : <<<<<<< 's_spinner' inactive >>>>>>>
2019-11-20 19:45:48,177 : INFO : SwitchController : <<<<<<< 's_spinner' active >>>>>>>
2019-11-20 19:45:48,199 : INFO : SwitchController : <<<<<<< 's_spinner' inactive >>>>>>>
2019-11-20 19:45:48,273 : INFO : SwitchController : <<<<<<< 's_spinner' active >>>>>>>
2019-11-20 19:45:48,295 : INFO : SwitchController : <<<<<<< 's_spinner' inactive >>>>>>>
2019-11-20 19:45:48,384 : INFO : SwitchController : <<<<<<< 's_spinner' active >>>>>>>
2019-11-20 19:45:48,406 : INFO : SwitchController : <<<<<<< 's_spinner' inactive >>>>>>>
2019-11-20 19:45:48,480 : INFO : SwitchController : <<<<<<< 's_spinner' active >>>>>>>
2019-11-20 19:45:48,512 : INFO : SwitchController : <<<<<<< 's_spinner' inactive >>>>>>>
2019-11-20 19:45:48,608 : INFO : SwitchController : <<<<<<< 's_spinner' active >>>>>>>
2019-11-20 19:45:48,641 : INFO : SwitchController : <<<<<<< 's_spinner' inactive >>>>>>>
2019-11-20 19:45:48,737 : INFO : SwitchController : <<<<<<< 's_spinner' active >>>>>>>
2019-11-20 19:45:48,785 : INFO : SwitchController : <<<<<<< 's_spinner' inactive >>>>>>>
2019-11-20 19:45:48,897 : INFO : SwitchController : <<<<<<< 's_spinner' active >>>>>>>
2019-11-20 19:45:48,944 : INFO : SwitchController : <<<<<<< 's_spinner' inactive >>>>>>>
2019-11-20 19:45:49,088 : INFO : SwitchController : <<<<<<< 's_spinner' active >>>>>>>
2019-11-20 19:45:49,152 : INFO : SwitchController : <<<<<<< 's_spinner' inactive >>>>>>>
2019-11-20 19:45:49,329 : INFO : SwitchController : <<<<<<< 's_spinner' active >>>>>>>
2019-11-20 19:45:49,600 : INFO : SwitchController : <<<<<<< 's_spinner' inactive >>>>>>>
2019-11-20 19:45:52,928 : INFO : SwitchController : <<<<<<< 's_saucer' active >>>>>>>
2019-11-20 19:45:52,975 : INFO : Mode.pichu : Stopped.
2019-11-20 19:45:52,981 : INFO : Mode.evolve_pichu : Started. Priority: 101
2019-11-20 19:45:53,431 : DEBUG : ball_device.bd_trough : Counted 0 balls. Active switches: []. Old: 0
2019-11-20 19:45:53,439 : INFO : ball_device.bd_saucer : Ejecting ball to <playfield.playfield>
2019-11-20 19:45:53,445 : INFO : coil.c_saucer : Pulsing Driver for 60ms (1.0 pulse_power)
2019-11-20 19:45:53,488 : INFO : SwitchController : <<<<<<< 's_saucer' inactive >>>>>>>
2019-11-20 19:45:56,736 : INFO : SwitchController : <<<<<<< 's_flipper_right' active >>>>>>>
2019-11-20 19:45:57,089 : INFO : SwitchController : <<<<<<< 's_flipper_right' inactive >>>>>>>
2019-11-20 19:45:58,241 : INFO : SwitchController : <<<<<<< 's_flipper_right' active >>>>>>>
2019-11-20 19:45:58,337 : INFO : SwitchController : <<<<<<< 's_flipper_right' inactive >>>>>>>
2019-11-20 19:46:02,481 : INFO : SwitchController : <<<<<<< 's_drain' active >>>>>>>
2019-11-20 19:46:02,511 : INFO : SwitchController : <<<<<<< 's_drain' inactive >>>>>>>
2019-11-20 19:46:02,625 : INFO : SwitchController : <<<<<<< 's_drain' active >>>>>>>
2019-11-20 19:46:03,118 : DEBUG : ball_device.bd_trough : Counted 0 balls. Active switches: []. Old: 0
2019-11-20 19:46:03,130 : INFO : Mode.base : Stopped.
2019-11-20 19:46:03,133 : INFO : Mode.evolve_pichu : Stopped.
2019-11-20 19:46:03,143 : DEBUG : ball_device.bd_trough : Ready to receive from <ball_device.bd_drain>. Free space 1 (Capacity: 1, Balls: 0), incoming_balls: 0
2019-11-20 19:46:03,143 : INFO : ball_device.bd_drain : Ejecting ball to <ball_device.bd_trough>
2019-11-20 19:46:03,152 : INFO : coil.c_drain : Pulsing Driver for 20ms (1.0 pulse_power)
2019-11-20 19:46:03,184 : INFO : Mode.evolve_pichu : Started. Priority: 101
2019-11-20 19:46:03,185 : INFO : Mode.base : Started. Priority: 31
2019-11-20 19:46:03,188 : INFO : coil.c_drop_reset : Enabling Driver for 400ms (1.0 pulse_power)
2019-11-20 19:46:03,198 : DEBUG : ball_device.bd_trough : Adding eject chain
2019-11-20 19:46:03,202 : DEBUG : ball_device.bd_trough : Got eject request
2019-11-20 19:46:03,206 : DEBUG : ball_device.bd_trough : BCH: Counting. New count: 0 Old count: 0
2019-11-20 19:46:03,209 : DEBUG : ball_device.bd_trough : State: waiting_for_ball
2019-11-20 19:46:03,211 : DEBUG : ball_device.bd_trough : No ball found. Waiting for balls.
2019-11-20 19:46:03,216 : INFO : SwitchController : <<<<<<< 's_drain' inactive >>>>>>>
2019-11-20 19:46:03,239 : DEBUG : ball_device.bd_trough : Adding incoming ball from <ball_device.bd_drain>
2019-11-20 19:46:03,263 : INFO : SwitchController : <<<<<<< 's_drop_center' inactive >>>>>>>
2019-11-20 19:46:03,280 : INFO : SwitchController : <<<<<<< 's_drop_right' inactive >>>>>>>
2019-11-20 19:46:03,566 : INFO : coil.c_drop_reset : Disabling Driver
2019-11-20 19:46:03,584 : INFO : SwitchController : <<<<<<< 's_trough' active >>>>>>>
2019-11-20 19:46:03,616 : INFO : SwitchController : <<<<<<< 's_trough' inactive >>>>>>>
2019-11-20 19:46:03,825 : INFO : SwitchController : <<<<<<< 's_trough' active >>>>>>>
2019-11-20 19:46:04,318 : DEBUG : ball_device.bd_trough : Counted 1 balls. Active switches: ['s_trough']. Old: 0
2019-11-20 19:46:04,322 : DEBUG : ball_device.bd_trough : BCH: Found 1 new balls
2019-11-20 19:46:04,323 : DEBUG : ball_device.bd_trough : Received ball from <ball_device.bd_drain>
2019-11-20 19:46:04,323 : DEBUG : ball_device.bd_trough : Removing incoming ball from <ball_device.bd_drain>
2019-11-20 19:46:04,324 : DEBUG : ball_device.bd_trough : Processing new ball
2019-11-20 19:46:04,327 : DEBUG : ball_device.bd_trough : BCH: Counting. New count: 1 Old count: 1
2019-11-20 19:46:04,331 : DEBUG : ball_device.bd_trough : A ball arrived. Progressing.
2019-11-20 19:46:04,335 : DEBUG : ball_device.bd_trough : State: waiting_for_target_ready
2019-11-20 19:46:04,343 : DEBUG : ball_device.bd_trough : State: ejecting
2019-11-20 19:46:04,344 : INFO : ball_device.bd_trough : Ejecting ball to <ball_device.bd_plunger>
2019-11-20 19:46:04,348 : DEBUG : ball_device.bd_trough : Entered eject mode.
2019-11-20 19:46:04,354 : DEBUG : ball_device.bd_trough : Wait for ball to leave device
2019-11-20 19:46:04,355 : INFO : coil.c_trough : Pulsing Driver for 7ms (1.0 pulse_power)
2019-11-20 19:46:04,356 : DEBUG : ball_device.bd_trough : Firing eject coil. Current balls: 1.
2019-11-20 19:46:04,384 : INFO : SwitchController : <<<<<<< 's_trough' inactive >>>>>>>
2019-11-20 19:46:04,404 : DEBUG : ball_device.bd_trough : Got ball left during eject
2019-11-20 19:46:04,405 : DEBUG : ball_device.bd_trough : Switch 's_trough' changed too recently. Aborting count!
2019-11-20 19:46:04,408 : DEBUG : ball_device.bd_trough : State: ball_left
2019-11-20 19:46:04,409 : DEBUG : ball_device.bd_trough : Ball left
2019-11-20 19:46:04,410 : DEBUG : ball_device.bd_trough : Wait for confirm with timeout 10.0
2019-11-20 19:46:04,907 : DEBUG : ball_device.bd_trough : Counted 0 balls. Active switches: []. Old: 0
2019-11-20 19:46:10,304 : INFO : SwitchController : <<<<<<< 's_spinner' active >>>>>>>
2019-11-20 19:46:10,432 : INFO : SwitchController : <<<<<<< 's_spinner' inactive >>>>>>>
2019-11-20 19:46:10,911 : INFO : SwitchController : <<<<<<< 's_flipper_right' active >>>>>>>
2019-11-20 19:46:11,023 : INFO : SwitchController : <<<<<<< 's_flipper_right' inactive >>>>>>>
2019-11-20 19:46:12,000 : INFO : SwitchController : <<<<<<< 's_flipper_right' active >>>>>>>
2019-11-20 19:46:12,081 : INFO : SwitchController : <<<<<<< 's_flipper_right' inactive >>>>>>>
2019-11-20 19:46:12,303 : INFO : SwitchController : <<<<<<< 's_pop_bottom' active >>>>>>>
2019-11-20 19:46:12,323 : INFO : SwitchController : <<<<<<< 's_pop_bottom' inactive >>>>>>>
2019-11-20 19:46:12,496 : INFO : SwitchController : <<<<<<< 's_pop_right' active >>>>>>>
2019-11-20 19:46:12,532 : INFO : SwitchController : <<<<<<< 's_pop_right' inactive >>>>>>>
2019-11-20 19:46:14,394 : DEBUG : ball_device.bd_trough : State: failed_confirm
2019-11-20 19:46:14,395 : DEBUG : ball_device.bd_trough : Got timeout (10.0s) before confirm from <ball_device.bd_plunger>
2019-11-20 19:46:15,184 : INFO : SwitchController : <<<<<<< 's_spinner' active >>>>>>>
2019-11-20 19:46:15,232 : DEBUG : ball_device.bd_trough : Eject successful
2019-11-20 19:46:15,234 : DEBUG : ball_device.bd_trough : Exited eject mode. Eject success: True
2019-11-20 19:46:15,235 : DEBUG : ball_device.bd_trough : State: idle
2019-11-20 19:46:15,235 : DEBUG : ball_device.bd_trough : Waiting for eject request.
2019-11-20 19:46:15,237 : DEBUG : ball_device.bd_trough : BCH: Counting. New count: 0 Old count: 0
2019-11-20 19:46:15,240 : DEBUG : ball_device.bd_trough : BCH: Counting. New count: 0 Old count: 0
2019-11-20 19:46:15,280 : INFO : SwitchController : <<<<<<< 's_spinner' inactive >>>>>>>
2019-11-20 19:46:15,471 : INFO : SwitchController : <<<<<<< 's_spinner' active >>>>>>>
2019-11-20 19:46:15,551 : INFO : SwitchController : <<<<<<< 's_spinner' inactive >>>>>>>
2019-11-20 19:46:15,792 : INFO : SwitchController : <<<<<<< 's_flipper_right' active >>>>>>>
2019-11-20 19:46:15,902 : INFO : SwitchController : <<<<<<< 's_flipper_right' inactive >>>>>>>
2019-11-20 19:46:16,287 : INFO : SwitchController : <<<<<<< 's_pop_bottom' active >>>>>>>
2019-11-20 19:46:16,319 : INFO : SwitchController : <<<<<<< 's_pop_bottom' inactive >>>>>>>
2019-11-20 19:46:16,336 : INFO : SwitchController : <<<<<<< 's_pop_bottom' active >>>>>>>
2019-11-20 19:46:16,353 : INFO : SwitchController : <<<<<<< 's_pop_bottom' inactive >>>>>>>
2019-11-20 19:46:16,496 : INFO : SwitchController : <<<<<<< 's_spinner' active >>>>>>>
2019-11-20 19:46:16,560 : INFO : SwitchController : <<<<<<< 's_spinner' inactive >>>>>>>
2019-11-20 19:46:16,720 : INFO : SwitchController : <<<<<<< 's_spinner' active >>>>>>>
2019-11-20 19:46:16,895 : INFO : SwitchController : <<<<<<< 's_sling_right' active >>>>>>>
2019-11-20 19:46:16,927 : INFO : SwitchController : <<<<<<< 's_sling_right' inactive >>>>>>>
2019-11-20 19:46:16,991 : INFO : SwitchController : <<<<<<< 's_spinner' inactive >>>>>>>
2019-11-20 19:46:18,208 : INFO : SwitchController : <<<<<<< 's_flipper_left' active >>>>>>>
2019-11-20 19:46:18,304 : INFO : SwitchController : <<<<<<< 's_flipper_left' inactive >>>>>>>
2019-11-20 19:46:18,655 : INFO : SwitchController : <<<<<<< 's_pop_bottom' active >>>>>>>
2019-11-20 19:46:18,687 : INFO : SwitchController : <<<<<<< 's_pop_bottom' inactive >>>>>>>
2019-11-20 19:46:18,704 : INFO : SwitchController : <<<<<<< 's_pop_bottom' active >>>>>>>
2019-11-20 19:46:18,722 : INFO : SwitchController : <<<<<<< 's_pop_bottom' inactive >>>>>>>
2019-11-20 19:46:19,137 : INFO : SwitchController : <<<<<<< 's_pop_bottom' active >>>>>>>
2019-11-20 19:46:19,169 : INFO : SwitchController : <<<<<<< 's_pop_bottom' inactive >>>>>>>
2019-11-20 19:46:19,280 : INFO : SwitchController : <<<<<<< 's_pop_right' active >>>>>>>
2019-11-20 19:46:19,311 : INFO : SwitchController : <<<<<<< 's_pop_right' inactive >>>>>>>
2019-11-20 19:46:19,327 : INFO : SwitchController : <<<<<<< 's_pop_right' active >>>>>>>
2019-11-20 19:46:19,343 : INFO : SwitchController : <<<<<<< 's_pop_right' inactive >>>>>>>
2019-11-20 19:46:19,439 : INFO : SwitchController : <<<<<<< 's_pop_top' active >>>>>>>
2019-11-20 19:46:19,455 : INFO : SwitchController : <<<<<<< 's_pop_top' inactive >>>>>>>
2019-11-20 19:46:19,470 : INFO : SwitchController : <<<<<<< 's_pop_top' active >>>>>>>
2019-11-20 19:46:19,491 : INFO : SwitchController : <<<<<<< 's_pop_top' inactive >>>>>>>
2019-11-20 19:46:19,968 : INFO : SwitchController : <<<<<<< 's_pop_bottom' active >>>>>>>
2019-11-20 19:46:20,003 : INFO : SwitchController : <<<<<<< 's_pop_bottom' inactive >>>>>>>
2019-11-20 19:46:20,736 : INFO : SwitchController : <<<<<<< 's_pop_right' active >>>>>>>
2019-11-20 19:46:20,777 : INFO : SwitchController : <<<<<<< 's_pop_right' inactive >>>>>>>
2019-11-20 19:46:22,975 : INFO : SwitchController : <<<<<<< 's_flipper_right' active >>>>>>>
2019-11-20 19:46:23,472 : INFO : SwitchController : <<<<<<< 's_flipper_right' inactive >>>>>>>
2019-11-20 19:46:24,192 : INFO : SwitchController : <<<<<<< 's_flipper_right' active >>>>>>>
2019-11-20 19:46:24,255 : INFO : SwitchController : <<<<<<< 's_flipper_right' inactive >>>>>>>
2019-11-20 19:46:25,663 : INFO : SwitchController : <<<<<<< 's_flipper_right' active >>>>>>>
2019-11-20 19:46:25,727 : INFO : SwitchController : <<<<<<< 's_flipper_right' inactive >>>>>>>
2019-11-20 19:46:25,951 : INFO : SwitchController : <<<<<<< 's_spinner' active >>>>>>>
2019-11-20 19:46:25,969 : INFO : SwitchController : <<<<<<< 's_spinner' inactive >>>>>>>
2019-11-20 19:46:25,999 : INFO : SwitchController : <<<<<<< 's_spinner' active >>>>>>>
2019-11-20 19:46:26,020 : INFO : SwitchController : <<<<<<< 's_spinner' inactive >>>>>>>
2019-11-20 19:46:26,048 : INFO : SwitchController : <<<<<<< 's_spinner' active >>>>>>>
2019-11-20 19:46:26,068 : INFO : SwitchController : <<<<<<< 's_spinner' inactive >>>>>>>
2019-11-20 19:46:26,111 : INFO : SwitchController : <<<<<<< 's_spinner' active >>>>>>>
2019-11-20 19:46:26,131 : INFO : SwitchController : <<<<<<< 's_spinner' inactive >>>>>>>
2019-11-20 19:46:26,175 : INFO : SwitchController : <<<<<<< 's_spinner' active >>>>>>>
2019-11-20 19:46:26,194 : INFO : SwitchController : <<<<<<< 's_spinner' inactive >>>>>>>
2019-11-20 19:46:26,239 : INFO : SwitchController : <<<<<<< 's_spinner' active >>>>>>>
2019-11-20 19:46:26,258 : INFO : SwitchController : <<<<<<< 's_spinner' inactive >>>>>>>
2019-11-20 19:46:26,303 : INFO : SwitchController : <<<<<<< 's_spinner' active >>>>>>>
2019-11-20 19:46:26,322 : INFO : SwitchController : <<<<<<< 's_spinner' inactive >>>>>>>
2019-11-20 19:46:26,367 : INFO : SwitchController : <<<<<<< 's_spinner' active >>>>>>>
2019-11-20 19:46:26,387 : INFO : SwitchController : <<<<<<< 's_spinner' inactive >>>>>>>
2019-11-20 19:46:26,447 : INFO : SwitchController : <<<<<<< 's_spinner' active >>>>>>>
2019-11-20 19:46:26,483 : INFO : SwitchController : <<<<<<< 's_spinner' inactive >>>>>>>
2019-11-20 19:46:26,527 : INFO : SwitchController : <<<<<<< 's_spinner' active >>>>>>>
2019-11-20 19:46:26,553 : INFO : SwitchController : <<<<<<< 's_spinner' inactive >>>>>>>
2019-11-20 19:46:26,608 : INFO : SwitchController : <<<<<<< 's_spinner' active >>>>>>>
2019-11-20 19:46:26,638 : INFO : SwitchController : <<<<<<< 's_spinner' inactive >>>>>>>
2019-11-20 19:46:26,703 : INFO : SwitchController : <<<<<<< 's_spinner' active >>>>>>>
2019-11-20 19:46:26,723 : INFO : SwitchController : <<<<<<< 's_spinner' inactive >>>>>>>
2019-11-20 19:46:26,799 : INFO : SwitchController : <<<<<<< 's_spinner' active >>>>>>>
2019-11-20 19:46:26,819 : INFO : SwitchController : <<<<<<< 's_spinner' inactive >>>>>>>
2019-11-20 19:46:26,895 : INFO : SwitchController : <<<<<<< 's_spinner' active >>>>>>>
2019-11-20 19:46:26,927 : INFO : SwitchController : <<<<<<< 's_spinner' inactive >>>>>>>
2019-11-20 19:46:27,022 : INFO : SwitchController : <<<<<<< 's_spinner' active >>>>>>>
2019-11-20 19:46:27,045 : INFO : SwitchController : <<<<<<< 's_spinner' inactive >>>>>>>
2019-11-20 19:46:27,135 : INFO : SwitchController : <<<<<<< 's_spinner' active >>>>>>>
2019-11-20 19:46:27,167 : INFO : SwitchController : <<<<<<< 's_spinner' inactive >>>>>>>
2019-11-20 19:46:27,279 : INFO : SwitchController : <<<<<<< 's_spinner' active >>>>>>>
2019-11-20 19:46:27,327 : INFO : SwitchController : <<<<<<< 's_spinner' inactive >>>>>>>
2019-11-20 19:46:27,439 : INFO : SwitchController : <<<<<<< 's_spinner' active >>>>>>>
2019-11-20 19:46:27,504 : INFO : SwitchController : <<<<<<< 's_spinner' inactive >>>>>>>
2019-11-20 19:46:27,647 : INFO : SwitchController : <<<<<<< 's_spinner' active >>>>>>>
2019-11-20 19:46:27,727 : INFO : SwitchController : <<<<<<< 's_spinner' inactive >>>>>>>
2019-11-20 19:46:27,935 : INFO : SwitchController : <<<<<<< 's_spinner' active >>>>>>>
2019-11-20 19:46:28,015 : INFO : SwitchController : <<<<<<< 's_spinner' inactive >>>>>>>
2019-11-20 19:46:32,159 : INFO : SwitchController : <<<<<<< 's_saucer' active >>>>>>>
2019-11-20 19:46:32,211 : INFO : Mode.evolve_pichu : Stopped.
2019-11-20 19:46:32,215 : INFO : Mode.pikachu : Started. Priority: 125
2019-11-20 19:46:32,664 : DEBUG : ball_device.bd_trough : Counted 0 balls. Active switches: []. Old: 0
2019-11-20 19:46:32,672 : INFO : ball_device.bd_saucer : Ejecting ball to <playfield.playfield>
2019-11-20 19:46:32,676 : INFO : coil.c_saucer : Pulsing Driver for 60ms (1.0 pulse_power)
2019-11-20 19:46:32,718 : INFO : SwitchController : <<<<<<< 's_saucer' inactive >>>>>>>
2019-11-20 19:46:34,336 : INFO : SwitchController : <<<<<<< 's_pop_right' active >>>>>>>
2019-11-20 19:46:34,379 : INFO : SwitchController : <<<<<<< 's_pop_right' inactive >>>>>>>
2019-11-20 19:46:34,406 : INFO : SwitchController : <<<<<<< 's_pop_right' active >>>>>>>
2019-11-20 19:46:34,422 : INFO : SwitchController : <<<<<<< 's_pop_right' inactive >>>>>>>
2019-11-20 19:46:35,567 : INFO : SwitchController : <<<<<<< 's_pop_right' active >>>>>>>
2019-11-20 19:46:35,603 : INFO : SwitchController : <<<<<<< 's_pop_right' inactive >>>>>>>
2019-11-20 19:46:37,391 : INFO : SwitchController : <<<<<<< 's_flipper_left' active >>>>>>>
2019-11-20 19:46:37,535 : INFO : SwitchController : <<<<<<< 's_flipper_right' active >>>>>>>
2019-11-20 19:46:37,567 : INFO : SwitchController : <<<<<<< 's_flipper_left' inactive >>>>>>>
2019-11-20 19:46:37,934 : INFO : SwitchController : <<<<<<< 's_flipper_right' inactive >>>>>>>
2019-11-20 19:46:39,008 : INFO : SwitchController : <<<<<<< 's_flipper_left' active >>>>>>>
2019-11-20 19:46:39,102 : INFO : SwitchController : <<<<<<< 's_flipper_left' inactive >>>>>>>
2019-11-20 19:46:39,311 : INFO : SwitchController : <<<<<<< 's_drop_left' active >>>>>>>
2019-11-20 19:46:39,329 : INFO : SwitchController : <<<<<<< 's_drop_center' active >>>>>>>
2019-11-20 19:46:41,376 : INFO : SwitchController : <<<<<<< 's_flipper_left' active >>>>>>>
2019-11-20 19:46:41,455 : INFO : SwitchController : <<<<<<< 's_flipper_left' inactive >>>>>>>
2019-11-20 19:46:41,694 : INFO : SwitchController : <<<<<<< 's_drop_right' active >>>>>>>
2019-11-20 19:46:42,693 : INFO : coil.c_drop_reset : Enabling Driver for 400ms (1.0 pulse_power)
2019-11-20 19:46:42,751 : INFO : SwitchController : <<<<<<< 's_drop_left' inactive >>>>>>>
2019-11-20 19:46:42,784 : INFO : SwitchController : <<<<<<< 's_drop_right' inactive >>>>>>>
2019-11-20 19:46:42,808 : INFO : SwitchController : <<<<<<< 's_drop_center' inactive >>>>>>>
2019-11-20 19:46:43,082 : INFO : coil.c_drop_reset : Disabling Driver
2019-11-20 19:46:43,408 : INFO : SwitchController : <<<<<<< 's_flipper_left' active >>>>>>>
2019-11-20 19:46:44,080 : INFO : SwitchController : <<<<<<< 's_flipper_left' inactive >>>>>>>
2019-11-20 19:46:45,583 : INFO : SwitchController : <<<<<<< 's_flipper_right' active >>>>>>>
2019-11-20 19:46:45,695 : INFO : SwitchController : <<<<<<< 's_flipper_right' inactive >>>>>>>
2019-11-20 19:46:45,919 : INFO : SwitchController : <<<<<<< 's_pop_bottom' active >>>>>>>
2019-11-20 19:46:45,941 : INFO : SwitchController : <<<<<<< 's_pop_bottom' inactive >>>>>>>
2019-11-20 19:46:45,959 : INFO : SwitchController : <<<<<<< 's_pop_bottom' active >>>>>>>
2019-11-20 19:46:45,975 : INFO : SwitchController : <<<<<<< 's_pop_bottom' inactive >>>>>>>
2019-11-20 19:46:46,158 : INFO : SwitchController : <<<<<<< 's_pop_top' active >>>>>>>
2019-11-20 19:46:46,180 : INFO : SwitchController : <<<<<<< 's_pop_top' inactive >>>>>>>
2019-11-20 19:46:47,502 : INFO : SwitchController : <<<<<<< 's_flipper_right' active >>>>>>>
2019-11-20 19:46:47,790 : INFO : SwitchController : <<<<<<< 's_flipper_right' inactive >>>>>>>
2019-11-20 19:46:48,735 : INFO : SwitchController : <<<<<<< 's_flipper_right' active >>>>>>>
2019-11-20 19:46:48,782 : INFO : SwitchController : <<<<<<< 's_flipper_right' inactive >>>>>>>
2019-11-20 19:46:50,399 : INFO : SwitchController : <<<<<<< 's_flipper_right' active >>>>>>>
2019-11-20 19:46:50,526 : INFO : SwitchController : <<<<<<< 's_flipper_right' inactive >>>>>>>
2019-11-20 19:46:52,671 : INFO : SwitchController : <<<<<<< 's_flipper_right' active >>>>>>>
2019-11-20 19:46:52,767 : INFO : SwitchController : <<<<<<< 's_flipper_right' inactive >>>>>>>
2019-11-20 19:46:55,006 : INFO : SwitchController : <<<<<<< 's_flipper_right' active >>>>>>>
2019-11-20 19:46:55,534 : INFO : SwitchController : <<<<<<< 's_flipper_right' inactive >>>>>>>
2019-11-20 19:46:57,327 : INFO : SwitchController : <<<<<<< 's_flipper_left' active >>>>>>>
2019-11-20 19:46:57,407 : INFO : SwitchController : <<<<<<< 's_flipper_left' inactive >>>>>>>
2019-11-20 19:46:58,526 : INFO : SwitchController : <<<<<<< 's_flipper_right' active >>>>>>>
2019-11-20 19:46:58,899 : INFO : SwitchController : <<<<<<< 's_flipper_right' inactive >>>>>>>
2019-11-20 19:46:59,247 : INFO : SwitchController : <<<<<<< 's_flipper_right' active >>>>>>>
2019-11-20 19:46:59,469 : INFO : SwitchController : <<<<<<< 's_flipper_right' inactive >>>>>>>
2019-11-20 19:46:59,935 : INFO : SwitchController : <<<<<<< 's_flipper_right' active >>>>>>>
2019-11-20 19:47:00,062 : INFO : SwitchController : <<<<<<< 's_flipper_right' inactive >>>>>>>
2019-11-20 19:47:00,510 : INFO : SwitchController : <<<<<<< 's_pop_right' active >>>>>>>
2019-11-20 19:47:00,531 : INFO : SwitchController : <<<<<<< 's_pop_right' inactive >>>>>>>
2019-11-20 19:47:01,151 : INFO : SwitchController : <<<<<<< 's_flipper_left' active >>>>>>>
2019-11-20 19:47:01,278 : INFO : SwitchController : <<<<<<< 's_flipper_left' inactive >>>>>>>
2019-11-20 19:47:01,549 : INFO : SwitchController : <<<<<<< 's_drop_center' active >>>>>>>
2019-11-20 19:47:02,638 : INFO : SwitchController : <<<<<<< 's_flipper_right' active >>>>>>>
2019-11-20 19:47:02,702 : INFO : SwitchController : <<<<<<< 's_flipper_right' inactive >>>>>>>
2019-11-20 19:47:04,638 : INFO : SwitchController : <<<<<<< 's_drain' active >>>>>>>
2019-11-20 19:47:04,673 : INFO : SwitchController : <<<<<<< 's_drain' inactive >>>>>>>
2019-11-20 19:47:04,696 : INFO : SwitchController : <<<<<<< 's_drain' active >>>>>>>
2019-11-20 19:47:04,712 : INFO : SwitchController : <<<<<<< 's_drain' inactive >>>>>>>
2019-11-20 19:47:04,729 : INFO : SwitchController : <<<<<<< 's_drain' active >>>>>>>
2019-11-20 19:47:04,745 : INFO : SwitchController : <<<<<<< 's_drain' inactive >>>>>>>
2019-11-20 19:47:04,761 : INFO : SwitchController : <<<<<<< 's_drain' active >>>>>>>
2019-11-20 19:47:05,259 : DEBUG : ball_device.bd_trough : Counted 0 balls. Active switches: []. Old: 0
2019-11-20 19:47:05,270 : INFO : Mode.base : Stopped.
2019-11-20 19:47:05,272 : INFO : Mode.pikachu : Stopped.
2019-11-20 19:47:05,283 : DEBUG : ball_device.bd_trough : Ready to receive from <ball_device.bd_drain>. Free space 1 (Capacity: 1, Balls: 0), incoming_balls: 0
2019-11-20 19:47:05,284 : INFO : ball_device.bd_drain : Ejecting ball to <ball_device.bd_trough>
2019-11-20 19:47:05,290 : INFO : coil.c_drain : Pulsing Driver for 20ms (1.0 pulse_power)
2019-11-20 19:47:05,328 : INFO : Mode.pikachu : Started. Priority: 125
2019-11-20 19:47:05,330 : INFO : Mode.base : Started. Priority: 31
2019-11-20 19:47:05,333 : INFO : coil.c_drop_reset : Enabling Driver for 400ms (1.0 pulse_power)
2019-11-20 19:47:05,342 : DEBUG : ball_device.bd_trough : Adding eject chain
2019-11-20 19:47:05,346 : DEBUG : ball_device.bd_trough : Got eject request
2019-11-20 19:47:05,350 : DEBUG : ball_device.bd_trough : BCH: Counting. New count: 0 Old count: 0
2019-11-20 19:47:05,353 : DEBUG : ball_device.bd_trough : State: waiting_for_ball
2019-11-20 19:47:05,356 : DEBUG : ball_device.bd_trough : No ball found. Waiting for balls.
2019-11-20 19:47:05,360 : INFO : SwitchController : <<<<<<< 's_drain' inactive >>>>>>>
2019-11-20 19:47:05,382 : DEBUG : ball_device.bd_trough : Adding incoming ball from <ball_device.bd_drain>
2019-11-20 19:47:05,389 : INFO : SwitchController : <<<<<<< 's_drop_center' inactive >>>>>>>
2019-11-20 19:47:05,723 : INFO : coil.c_drop_reset : Disabling Driver
2019-11-20 19:47:05,759 : INFO : SwitchController : <<<<<<< 's_trough' active >>>>>>>
2019-11-20 19:47:05,789 : INFO : SwitchController : <<<<<<< 's_trough' inactive >>>>>>>
2019-11-20 19:47:05,997 : INFO : SwitchController : <<<<<<< 's_trough' active >>>>>>>
2019-11-20 19:47:06,489 : DEBUG : ball_device.bd_trough : Counted 1 balls. Active switches: ['s_trough']. Old: 0
2019-11-20 19:47:06,492 : DEBUG : ball_device.bd_trough : BCH: Found 1 new balls
2019-11-20 19:47:06,493 : DEBUG : ball_device.bd_trough : Received ball from <ball_device.bd_drain>
2019-11-20 19:47:06,494 : DEBUG : ball_device.bd_trough : Removing incoming ball from <ball_device.bd_drain>
2019-11-20 19:47:06,494 : DEBUG : ball_device.bd_trough : Processing new ball
2019-11-20 19:47:06,496 : DEBUG : ball_device.bd_trough : BCH: Counting. New count: 1 Old count: 1
2019-11-20 19:47:06,500 : DEBUG : ball_device.bd_trough : A ball arrived. Progressing.
2019-11-20 19:47:06,502 : DEBUG : ball_device.bd_trough : State: waiting_for_target_ready
2019-11-20 19:47:06,508 : DEBUG : ball_device.bd_trough : State: ejecting
2019-11-20 19:47:06,509 : INFO : ball_device.bd_trough : Ejecting ball to <ball_device.bd_plunger>
2019-11-20 19:47:06,512 : DEBUG : ball_device.bd_trough : Entered eject mode.
2019-11-20 19:47:06,517 : DEBUG : ball_device.bd_trough : Wait for ball to leave device
2019-11-20 19:47:06,518 : INFO : coil.c_trough : Pulsing Driver for 7ms (1.0 pulse_power)
2019-11-20 19:47:06,519 : DEBUG : ball_device.bd_trough : Firing eject coil. Current balls: 1.
2019-11-20 19:47:06,557 : INFO : SwitchController : <<<<<<< 's_trough' inactive >>>>>>>
2019-11-20 19:47:06,575 : DEBUG : ball_device.bd_trough : Got ball left during eject
2019-11-20 19:47:06,576 : DEBUG : ball_device.bd_trough : Switch 's_trough' changed too recently. Aborting count!
2019-11-20 19:47:06,578 : DEBUG : ball_device.bd_trough : State: ball_left
2019-11-20 19:47:06,578 : DEBUG : ball_device.bd_trough : Ball left
2019-11-20 19:47:06,579 : DEBUG : ball_device.bd_trough : Wait for confirm with timeout 10.0
2019-11-20 19:47:07,051 : DEBUG : ball_device.bd_trough : Counted 0 balls. Active switches: []. Old: 0
2019-11-20 19:47:12,898 : INFO : SwitchController : <<<<<<< 's_spinner' active >>>>>>>
2019-11-20 19:47:13,021 : INFO : SwitchController : <<<<<<< 's_spinner' inactive >>>>>>>
2019-11-20 19:47:14,430 : INFO : SwitchController : <<<<<<< 's_flipper_right' active >>>>>>>
2019-11-20 19:47:14,733 : INFO : SwitchController : <<<<<<< 's_flipper_right' inactive >>>>>>>
2019-11-20 19:47:16,205 : INFO : SwitchController : <<<<<<< 's_flipper_right' active >>>>>>>
2019-11-20 19:47:16,301 : INFO : SwitchController : <<<<<<< 's_flipper_right' inactive >>>>>>>
2019-11-20 19:47:16,494 : INFO : SwitchController : <<<<<<< 's_spinner' active >>>>>>>
2019-11-20 19:47:16,515 : INFO : SwitchController : <<<<<<< 's_spinner' inactive >>>>>>>
2019-11-20 19:47:16,558 : INFO : SwitchController : <<<<<<< 's_pop_bottom' active >>>>>>>
2019-11-20 19:47:16,574 : INFO : SwitchController : <<<<<<< 's_pop_bottom' inactive >>>>>>>
2019-11-20 19:47:16,594 : INFO : SwitchController : <<<<<<< 's_spinner' active >>>>>>>
2019-11-20 19:47:16,612 : DEBUG : ball_device.bd_trough : State: failed_confirm
2019-11-20 19:47:16,612 : DEBUG : ball_device.bd_trough : Got timeout (10.0s) before confirm from <ball_device.bd_plunger>
2019-11-20 19:47:16,619 : INFO : SwitchController : <<<<<<< 's_spinner' inactive >>>>>>>
2019-11-20 19:47:16,685 : INFO : SwitchController : <<<<<<< 's_spinner' active >>>>>>>
2019-11-20 19:47:16,709 : DEBUG : ball_device.bd_trough : Eject successful
2019-11-20 19:47:16,712 : DEBUG : ball_device.bd_trough : Exited eject mode. Eject success: True
2019-11-20 19:47:16,713 : DEBUG : ball_device.bd_trough : State: idle
2019-11-20 19:47:16,713 : DEBUG : ball_device.bd_trough : Waiting for eject request.
2019-11-20 19:47:16,716 : DEBUG : ball_device.bd_trough : BCH: Counting. New count: 0 Old count: 0
2019-11-20 19:47:16,720 : INFO : SwitchController : <<<<<<< 's_spinner' inactive >>>>>>>
2019-11-20 19:47:16,736 : DEBUG : ball_device.bd_trough : BCH: Counting. New count: 0 Old count: 0
2019-11-20 19:47:16,797 : INFO : SwitchController : <<<<<<< 's_spinner' active >>>>>>>
2019-11-20 19:47:16,829 : INFO : SwitchController : <<<<<<< 's_spinner' inactive >>>>>>>
2019-11-20 19:47:16,909 : INFO : SwitchController : <<<<<<< 's_spinner' active >>>>>>>
2019-11-20 19:47:16,941 : INFO : SwitchController : <<<<<<< 's_spinner' inactive >>>>>>>
2019-11-20 19:47:17,038 : INFO : SwitchController : <<<<<<< 's_spinner' active >>>>>>>
2019-11-20 19:47:17,077 : INFO : SwitchController : <<<<<<< 's_spinner' inactive >>>>>>>
2019-11-20 19:47:17,182 : INFO : SwitchController : <<<<<<< 's_spinner' active >>>>>>>
2019-11-20 19:47:17,231 : INFO : SwitchController : <<<<<<< 's_spinner' inactive >>>>>>>
2019-11-20 19:47:17,357 : INFO : SwitchController : <<<<<<< 's_spinner' active >>>>>>>
2019-11-20 19:47:17,421 : INFO : SwitchController : <<<<<<< 's_spinner' inactive >>>>>>>
2019-11-20 19:47:17,566 : INFO : SwitchController : <<<<<<< 's_spinner' active >>>>>>>
2019-11-20 19:47:17,678 : INFO : SwitchController : <<<<<<< 's_spinner' inactive >>>>>>>
2019-11-20 19:47:22,622 : INFO : SwitchController : <<<<<<< 's_saucer' active >>>>>>>
2019-11-20 19:47:23,121 : DEBUG : ball_device.bd_trough : Counted 0 balls. Active switches: []. Old: 0
2019-11-20 19:47:23,136 : INFO : ball_device.bd_saucer : Ejecting ball to <playfield.playfield>
2019-11-20 19:47:23,143 : INFO : coil.c_saucer : Pulsing Driver for 60ms (1.0 pulse_power)
2019-11-20 19:47:23,181 : INFO : SwitchController : <<<<<<< 's_saucer' inactive >>>>>>>
2019-11-20 19:47:26,622 : INFO : SwitchController : <<<<<<< 's_flipper_left' active >>>>>>>
2019-11-20 19:47:26,829 : INFO : SwitchController : <<<<<<< 's_flipper_right' active >>>>>>>
2019-11-20 19:47:26,863 : INFO : SwitchController : <<<<<<< 's_flipper_left' inactive >>>>>>>
2019-11-20 19:47:27,006 : INFO : SwitchController : <<<<<<< 's_flipper_right' inactive >>>>>>>
2019-11-20 19:47:27,038 : INFO : SwitchController : <<<<<<< 's_drain' active >>>>>>>
2019-11-20 19:47:27,056 : INFO : SwitchController : <<<<<<< 's_drain' inactive >>>>>>>
2019-11-20 19:47:27,197 : INFO : SwitchController : <<<<<<< 's_drain' active >>>>>>>
2019-11-20 19:47:27,215 : INFO : SwitchController : <<<<<<< 's_drain' inactive >>>>>>>
2019-11-20 19:47:27,231 : INFO : SwitchController : <<<<<<< 's_drain' active >>>>>>>
2019-11-20 19:47:27,730 : DEBUG : ball_device.bd_trough : Counted 0 balls. Active switches: []. Old: 0
2019-11-20 19:47:27,748 : INFO : Mode.base : Stopped.
2019-11-20 19:47:27,751 : INFO : Mode.pikachu : Stopped.
2019-11-20 19:47:27,766 : DEBUG : ball_device.bd_trough : Ready to receive from <ball_device.bd_drain>. Free space 1 (Capacity: 1, Balls: 0), incoming_balls: 0
2019-11-20 19:47:27,766 : INFO : ball_device.bd_drain : Ejecting ball to <ball_device.bd_trough>
2019-11-20 19:47:27,772 : INFO : coil.c_drain : Pulsing Driver for 20ms (1.0 pulse_power)
2019-11-20 19:47:27,789 : INFO : Mode.attract : Started. Priority: 10
2019-11-20 19:47:27,793 : INFO : Mode.game : Stopped.
2019-11-20 19:47:27,837 : INFO : SwitchController : <<<<<<< 's_drain' inactive >>>>>>>
2019-11-20 19:47:27,860 : DEBUG : ball_device.bd_trough : Adding incoming ball from <ball_device.bd_drain>
2019-11-20 19:47:28,189 : INFO : SwitchController : <<<<<<< 's_trough' active >>>>>>>
2019-11-20 19:47:28,269 : INFO : SwitchController : <<<<<<< 's_trough' inactive >>>>>>>
2019-11-20 19:47:28,398 : INFO : SwitchController : <<<<<<< 's_trough' active >>>>>>>
2019-11-20 19:47:28,898 : DEBUG : ball_device.bd_trough : Counted 1 balls. Active switches: ['s_trough']. Old: 0
2019-11-20 19:47:28,901 : DEBUG : ball_device.bd_trough : BCH: Counting. New count: 1 Old count: 0
2019-11-20 19:47:28,902 : DEBUG : ball_device.bd_trough : BCH: Found 1 new balls
2019-11-20 19:47:28,902 : DEBUG : ball_device.bd_trough : Received ball from <ball_device.bd_drain>
2019-11-20 19:47:28,903 : DEBUG : ball_device.bd_trough : Removing incoming ball from <ball_device.bd_drain>
2019-11-20 19:47:28,903 : DEBUG : ball_device.bd_trough : Processing new ball
2019-11-20 19:47:30,141 : INFO : SwitchController : <<<<<<< 's_flipper_left' active >>>>>>>
2019-11-20 19:47:30,175 : INFO : SwitchController : <<<<<<< 's_flipper_right' active >>>>>>>
2019-11-20 19:47:30,204 : INFO : SwitchController : <<<<<<< 's_flipper_left' inactive >>>>>>>
2019-11-20 19:47:30,221 : INFO : SwitchController : <<<<<<< 's_flipper_right' inactive >>>>>>>
2019-11-20 19:47:30,285 : INFO : SwitchController : <<<<<<< 's_flipper_left' active >>>>>>>
2019-11-20 19:47:30,333 : INFO : SwitchController : <<<<<<< 's_flipper_right' active >>>>>>>
2019-11-20 19:47:30,350 : INFO : SwitchController : <<<<<<< 's_flipper_left' inactive >>>>>>>
2019-11-20 19:47:30,367 : INFO : SwitchController : <<<<<<< 's_flipper_right' inactive >>>>>>>
2019-11-20 19:47:30,413 : INFO : SwitchController : <<<<<<< 's_flipper_left' active >>>>>>>
2019-11-20 19:47:30,461 : INFO : SwitchController : <<<<<<< 's_flipper_right' active >>>>>>>
2019-11-20 19:47:30,493 : INFO : SwitchController : <<<<<<< 's_flipper_left' inactive >>>>>>>
2019-11-20 19:47:30,541 : INFO : SwitchController : <<<<<<< 's_flipper_right' inactive >>>>>>>
2019-11-20 19:47:32,897 : INFO : Machine : Shutting down...
2019-11-20 19:47:32,928 : DEBUG : ball_device.bd_trough : Stopping ball device
2019-11-20 19:47:32,944 : ERROR : FAST : Stop called on serial connection com5
2019-11-20 19:47:32,944 : ERROR : FAST : Stop called on serial connection com4
2019-11-20 19:47:33,210 : INFO : root : MPF run loop ended.
