2019-12-14 10:07:23,974 : INFO : Machine : Mission Pinball Framework Core Engine v0.50.17
2019-12-14 10:07:23,974 : INFO : Machine : Command line arguments: {'no_load_cache': False, 'mc_file_name': None, 'loglevel': 15, 'logfile': 'logs\\2019-12-14-10-07-23-mpf-DESKTOP-I5I6D25.log', 'mpfconfigfile': 'c:\\python34\\lib\\site-packages\\mpf\\mpfconfig.yaml', 'pause': False, 'create_config_cache': True, 'production': False, 'bcp': True, 'configfile': ['config.yaml'], 'text_ui': True, 'force_assets_load': False, 'consoleloglevel': 20, 'force_platform': None, 'syslog_address': None}
2019-12-14 10:07:23,974 : INFO : Machine : MPF path: c:\python34\lib\site-packages\mpf
2019-12-14 10:07:23,974 : INFO : Machine : Machine path: E:\POKEMON - 3 - GYMS DISPLAYS
2019-12-14 10:07:23,974 : INFO : Machine : Platform: win32
2019-12-14 10:07:23,974 : INFO : Machine : Python executable location: c:\python34\python.exe
2019-12-14 10:07:23,974 : INFO : Machine : Python version: 3.4.4 (64-bit)
2019-12-14 10:07:25,583 : INFO : Machine : Machine config file #1: config.yaml
2019-12-14 10:07:25,599 : WARNING : ConfigProcessor : Config file in cache changed: E:\POKEMON - 3 - GYMS DISPLAYS\config\config.yaml
2019-12-14 10:07:25,599 : INFO : ConfigProcessor : Loading config from file c:\python34\lib\site-packages\mpf\mpfconfig.yaml.
2019-12-14 10:07:25,958 : INFO : ConfigProcessor : Loading config: c:\python34\lib\site-packages\mpf\mpfconfig.yaml
2019-12-14 10:07:25,974 : INFO : ConfigProcessor : Loading config from file E:\POKEMON - 3 - GYMS DISPLAYS\config\config.yaml.
2019-12-14 10:07:26,208 : INFO : ConfigProcessor : Loading config: E:\POKEMON - 3 - GYMS DISPLAYS\config\config.yaml
2019-12-14 10:07:26,224 : INFO : ConfigProcessor : Loading config: E:\POKEMON - 3 - GYMS DISPLAYS\config\player_variables.yaml
2019-12-14 10:07:26,255 : INFO : ConfigProcessor : Loading config: E:\POKEMON - 3 - GYMS DISPLAYS\config\key_mapping.yaml
2019-12-14 10:07:26,255 : INFO : ConfigProcessor : Config file cache created: C:\Users\MISSIO~1\AppData\Local\Temp\ea212a0c8bdfa5028f5ffb6b971ae718.mpf_cache
2019-12-14 10:07:26,286 : INFO : Machine : Initialise MPF.
2019-12-14 10:07:27,114 : INFO : FAST : Connecting to com4 at 921600bps
2019-12-14 10:07:27,161 : INFO : FAST : Connected! Processor: NET, Board Type: FP-CPU-002-2, Firmware: 01.01
2019-12-14 10:07:27,161 : WARNING : FAST : Not resetting FAST NET because firmware is currently broken.
2019-12-14 10:07:27,224 : INFO : FAST : Connecting to com5 at 921600bps
2019-12-14 10:07:27,286 : INFO : FAST : Connected! Processor: RGB, Board Type: FP-CPU-002-2, Firmware: 01.00
2019-12-14 10:07:27,802 : INFO : ConfigProcessor : Loading config from cache: C:\Users\MISSIO~1\AppData\Local\Temp\37af0ab3cb4984093f408b6580ccda04.mpf_cache
2019-12-14 10:07:27,802 : INFO : ConfigProcessor : Loading config from cache: C:\Users\MISSIO~1\AppData\Local\Temp\868965d45e8ef85973deb1cc43e3c6e9.mpf_cache
2019-12-14 10:07:27,817 : INFO : ConfigProcessor : Loading config from cache: C:\Users\MISSIO~1\AppData\Local\Temp\325be8140670be7b4f7f24b4ea9ecf41.mpf_cache
2019-12-14 10:07:27,833 : INFO : ConfigProcessor : Loading config from cache: C:\Users\MISSIO~1\AppData\Local\Temp\03465e6905c319de2817a60078df797b.mpf_cache
2019-12-14 10:07:27,833 : INFO : ConfigProcessor : Loading config from cache: C:\Users\MISSIO~1\AppData\Local\Temp\d868708421ecefdd23b54f4fefaa5a63.mpf_cache
2019-12-14 10:07:27,864 : INFO : ConfigProcessor : Loading config from cache: C:\Users\MISSIO~1\AppData\Local\Temp\230c7edf879901b77e29ab003ecfd977.mpf_cache
2019-12-14 10:07:27,880 : INFO : ConfigProcessor : Loading config from cache: C:\Users\MISSIO~1\AppData\Local\Temp\c8c985d122de6339937b15f5cde5ffe7.mpf_cache
2019-12-14 10:07:27,911 : INFO : ConfigProcessor : Loading config from cache: C:\Users\MISSIO~1\AppData\Local\Temp\ffc5df461fc927df7502c20268b6e23c.mpf_cache
2019-12-14 10:07:27,927 : INFO : ConfigProcessor : Loading config from cache: C:\Users\MISSIO~1\AppData\Local\Temp\691014465c877a30c4e85c0b37ef7391.mpf_cache
2019-12-14 10:07:27,942 : INFO : ConfigProcessor : Loading config from cache: C:\Users\MISSIO~1\AppData\Local\Temp\c4c39d8157ba863610e7d2b8306a4087.mpf_cache
2019-12-14 10:07:27,958 : INFO : ConfigProcessor : Loading config from cache: C:\Users\MISSIO~1\AppData\Local\Temp\da1c75dbc5d48bb99b7ea9aec7919bfa.mpf_cache
2019-12-14 10:07:27,974 : INFO : ConfigProcessor : Loading config from cache: C:\Users\MISSIO~1\AppData\Local\Temp\10f8871b1481fbf59bf30d5b3d29537e.mpf_cache
2019-12-14 10:07:28,005 : INFO : ConfigProcessor : Loading config from cache: C:\Users\MISSIO~1\AppData\Local\Temp\00b811264d7e79f39b66bcbc6609bb6e.mpf_cache
2019-12-14 10:07:28,020 : INFO : ConfigProcessor : Loading config from cache: C:\Users\MISSIO~1\AppData\Local\Temp\aad48548988dd5e95d839b70bde2a6c9.mpf_cache
2019-12-14 10:07:28,036 : INFO : ConfigProcessor : Loading config from cache: C:\Users\MISSIO~1\AppData\Local\Temp\0c90eb48fda27bb17da0cfa70b6cea42.mpf_cache
2019-12-14 10:07:28,052 : INFO : ConfigProcessor : Loading config from cache: C:\Users\MISSIO~1\AppData\Local\Temp\91c30393a7736530c48ab886a6ae90df.mpf_cache
2019-12-14 10:07:28,067 : INFO : ConfigProcessor : Loading config from cache: C:\Users\MISSIO~1\AppData\Local\Temp\e94996e3615e593edab21d6f0e7b4569.mpf_cache
2019-12-14 10:07:28,083 : INFO : ConfigProcessor : Loading config from cache: C:\Users\MISSIO~1\AppData\Local\Temp\7c8a3dbd3a1f76b71c509d64239c80b0.mpf_cache
2019-12-14 10:07:28,099 : INFO : ConfigProcessor : Loading config from cache: C:\Users\MISSIO~1\AppData\Local\Temp\9463ad916821e4687af4640a7d04ba98.mpf_cache
2019-12-14 10:07:28,114 : INFO : ConfigProcessor : Loading config from cache: C:\Users\MISSIO~1\AppData\Local\Temp\1b6068dc0dcf1445cf37058c25ad802b.mpf_cache
2019-12-14 10:07:28,130 : INFO : ConfigProcessor : Loading config from cache: C:\Users\MISSIO~1\AppData\Local\Temp\3512d3a51b29689f2a9a6db585213e7b.mpf_cache
2019-12-14 10:07:28,145 : INFO : ConfigProcessor : Loading config from cache: C:\Users\MISSIO~1\AppData\Local\Temp\2ad3e4afc7b8ab807ff1625862e58922.mpf_cache
2019-12-14 10:07:28,161 : INFO : ConfigProcessor : Loading config from cache: C:\Users\MISSIO~1\AppData\Local\Temp\aacde2a5df2e44f5e01226064ab4c3c5.mpf_cache
2019-12-14 10:07:28,177 : INFO : ConfigProcessor : Loading config from cache: C:\Users\MISSIO~1\AppData\Local\Temp\2bf399aa483f8a887eec2aa10342ca9f.mpf_cache
2019-12-14 10:07:28,192 : INFO : ConfigProcessor : Loading config from cache: C:\Users\MISSIO~1\AppData\Local\Temp\4ed449c86f3920ad38c9f19e6b1fcd80.mpf_cache
2019-12-14 10:07:28,224 : DEBUG : coil.c_trough : Configuring device with settings: '{'number': '1-1', 'label': '%', 'default_pulse_ms': 7, 'default_pulse_power': None, 'enable_events': {}, 'disable_events': {}, 'file_log': 'full', 'allow_enable': False, 'platform': None, 'max_pulse_ms': None, 'default_recycle': False, 'tags': [], 'platform_settings': {}, 'max_hold_power': None, 'pulse_events': {}, 'psu': <psu.default>, 'debug': True, 'max_pulse_power': 1.0, 'default_hold_power': None, 'console_log': 'full'}'
2019-12-14 10:07:28,224 : DEBUG : coil.c_trough : Configuring device with settings: '{'number': '1-1', 'label': '%', 'default_pulse_ms': 7, 'default_pulse_power': None, 'enable_events': {}, 'disable_events': {}, 'file_log': 'full', 'allow_enable': False, 'platform': None, 'max_pulse_ms': None, 'default_recycle': False, 'tags': [], 'platform_settings': {'recycle_ms': None, 'connection': 'auto'}, 'max_hold_power': None, 'pulse_events': {}, 'psu': <psu.default>, 'debug': True, 'max_pulse_power': 1.0, 'default_hold_power': None, 'console_log': 'full'}'
2019-12-14 10:07:28,255 : DEBUG : ball_device.bd_trough : Configuring device with settings: '{'label': '%', 'eject_coil_jam_pulse': None, 'idle_missing_ball_timeout': 5.0, 'retries_before_increasing_pulse': 4, 'target_on_unexpected_ball': None, 'ball_switches': [<switch.s_trough>], 'console_log': 'full', 'file_log': 'full', 'eject_coil_reorder_pulse': None, 'eject_events': {}, 'ball_capacity': None, 'hold_events': {}, 'hold_coil': None, 'ball_missing_timeouts': [], 'auto_fire_on_unexpected_ball': True, 'eject_coil_max_wait_ms': 200, 'request_ball_events': [], 'confirm_eject_type': 'target', 'entrance_event_timeout': 5.0, 'max_eject_attempts': 0, 'exit_count_delay': 500, 'tags': ['home', 'trough'], 'hold_coil_release_time': 1000, 'jam_switch': None, 'eject_coil_enable_time': [], 'entrance_switch_full_timeout': 0, 'hold_switches': [], 'eject_coil_retry_pulse': None, 'entrance_events': {}, 'confirm_eject_event': None, 'eject_timeouts': [], 'entrance_count_delay': 500, 'ball_search_order': 200, 'mechanical_eject': False, 'entrance_switch': None, 'ball_missing_target': <playfield.playfield>, 'eject_targets': [<ball_device.bd_plunger>], 'eject_all_events': {}, 'debug': True, 'eject_coil': <coil.c_trough>, 'player_controlled_eject_event': None, 'captures_from': <playfield.playfield>, 'confirm_eject_switch': None}'
2019-12-14 10:07:28,474 : INFO : BCPClientSocket.local_display : Connecting BCP to 'local_display' at localhost:5050...
2019-12-14 10:07:29,552 : WARNING : FAST : Port com4 was blocked for more than 1s. Reseting send queue! If this happens frequently report a bug!
2019-12-14 10:07:30,567 : WARNING : FAST : Port com4 was blocked for more than 1s. Reseting send queue! If this happens frequently report a bug!
2019-12-14 10:07:31,567 : WARNING : FAST : Port com4 was blocked for more than 1s. Reseting send queue! If this happens frequently report a bug!
2019-12-14 10:07:35,213 : INFO : BCPClientSocket.local_display : Connected BCP to 'local_display' localhost:5050
2019-12-14 10:07:35,265 : DEBUG : ball_device.bd_trough : Counted 0 balls. Active switches: []. Old: None
2019-12-14 10:07:35,268 : DEBUG : ball_device.bd_trough : State: idle
2019-12-14 10:07:35,268 : DEBUG : ball_device.bd_trough : Waiting for eject request.
2019-12-14 10:07:35,413 : DEBUG : ball_device.bd_trough : Counted 0 balls. Active switches: []. Old: 0
2019-12-14 10:07:35,443 : WARNING : FAST : Port NET received more messages than were sent! Resetting!
2019-12-14 10:07:35,443 : WARNING : FAST : Port NET received more messages than were sent! Resetting!
2019-12-14 10:07:35,444 : WARNING : FAST : Port NET received more messages than were sent! Resetting!
2019-12-14 10:07:35,444 : WARNING : FAST : Port NET received more messages than were sent! Resetting!
2019-12-14 10:07:35,445 : WARNING : FAST : Port NET received more messages than were sent! Resetting!
2019-12-14 10:07:35,445 : WARNING : FAST : Port NET received more messages than were sent! Resetting!
2019-12-14 10:07:35,445 : WARNING : FAST : Port NET received more messages than were sent! Resetting!
2019-12-14 10:07:35,446 : WARNING : FAST : Port NET received more messages than were sent! Resetting!
2019-12-14 10:07:35,446 : WARNING : FAST : Port NET received more messages than were sent! Resetting!
2019-12-14 10:07:35,446 : WARNING : FAST : Port NET received more messages than were sent! Resetting!
2019-12-14 10:07:35,447 : WARNING : FAST : Port NET received more messages than were sent! Resetting!
2019-12-14 10:07:35,447 : WARNING : FAST : Port NET received more messages than were sent! Resetting!
2019-12-14 10:07:35,447 : WARNING : FAST : Port NET received more messages than were sent! Resetting!
2019-12-14 10:07:35,448 : WARNING : FAST : Port NET received more messages than were sent! Resetting!
2019-12-14 10:07:35,448 : WARNING : FAST : Port NET received more messages than were sent! Resetting!
2019-12-14 10:07:35,448 : WARNING : FAST : Port NET received more messages than were sent! Resetting!
2019-12-14 10:07:35,450 : WARNING : FAST : Port NET received more messages than were sent! Resetting!
2019-12-14 10:07:35,450 : WARNING : FAST : Port NET received more messages than were sent! Resetting!
2019-12-14 10:07:35,451 : WARNING : FAST : Port NET received more messages than were sent! Resetting!
2019-12-14 10:07:35,451 : WARNING : FAST : Port NET received more messages than were sent! Resetting!
2019-12-14 10:07:35,451 : WARNING : FAST : Port NET received more messages than were sent! Resetting!
2019-12-14 10:07:35,452 : WARNING : FAST : Port NET received more messages than were sent! Resetting!
2019-12-14 10:07:35,452 : WARNING : FAST : Port NET received more messages than were sent! Resetting!
2019-12-14 10:07:35,452 : WARNING : FAST : Port NET received more messages than were sent! Resetting!
2019-12-14 10:07:35,453 : WARNING : FAST : Port NET received more messages than were sent! Resetting!
2019-12-14 10:07:35,453 : WARNING : FAST : Port NET received more messages than were sent! Resetting!
2019-12-14 10:07:35,453 : WARNING : FAST : Port NET received more messages than were sent! Resetting!
2019-12-14 10:07:35,454 : WARNING : FAST : Port NET received more messages than were sent! Resetting!
2019-12-14 10:07:35,454 : WARNING : FAST : Port NET received more messages than were sent! Resetting!
2019-12-14 10:07:35,455 : WARNING : FAST : Port NET received more messages than were sent! Resetting!
2019-12-14 10:07:35,455 : WARNING : FAST : Port NET received more messages than were sent! Resetting!
2019-12-14 10:07:35,457 : WARNING : FAST : Port NET received more messages than were sent! Resetting!
2019-12-14 10:07:35,458 : WARNING : FAST : Port NET received more messages than were sent! Resetting!
2019-12-14 10:07:35,523 : INFO : coil.c_drop_reset : Enabling Driver for 400ms (1.0 pulse_power)
2019-12-14 10:07:35,531 : INFO : Mode.attract : Started. Priority: 10
2019-12-14 10:07:35,536 : INFO : Machine : Starting the main run loop.
2019-12-14 10:07:35,902 : INFO : coil.c_drop_reset : Disabling Driver
2019-12-14 10:07:36,897 : INFO : SwitchController : <<<<<<< 's_start' active >>>>>>>
2019-12-14 10:07:37,168 : INFO : SwitchController : <<<<<<< 's_start' inactive >>>>>>>
2019-12-14 10:07:37,185 : WARNING : BallController : WARNING: BallController denies game start. Not enough balls. 0 found. 1 required
2019-12-14 10:07:38,272 : INFO : SwitchController : <<<<<<< 's_start' active >>>>>>>
2019-12-14 10:07:38,752 : INFO : SwitchController : <<<<<<< 's_start' inactive >>>>>>>
2019-12-14 10:07:38,776 : WARNING : BallController : WARNING: BallController denies game start. Not enough balls. 0 found. 1 required
2019-12-14 10:07:39,345 : INFO : SwitchController : <<<<<<< 's_start' active >>>>>>>
2019-12-14 10:07:39,648 : INFO : SwitchController : <<<<<<< 's_start' inactive >>>>>>>
2019-12-14 10:07:39,668 : WARNING : BallController : WARNING: BallController denies game start. Not enough balls. 0 found. 1 required
2019-12-14 10:07:39,921 : INFO : SwitchController : <<<<<<< 's_start' active >>>>>>>
2019-12-14 10:07:40,096 : INFO : SwitchController : <<<<<<< 's_start' inactive >>>>>>>
2019-12-14 10:07:40,115 : WARNING : BallController : WARNING: BallController denies game start. Not enough balls. 0 found. 1 required
2019-12-14 10:07:40,529 : INFO : SwitchController : <<<<<<< 's_start' active >>>>>>>
2019-12-14 10:07:40,688 : INFO : SwitchController : <<<<<<< 's_start' inactive >>>>>>>
2019-12-14 10:07:40,709 : WARNING : BallController : WARNING: BallController denies game start. Not enough balls. 0 found. 1 required
2019-12-14 10:07:44,976 : INFO : SwitchController : <<<<<<< 's_start' active >>>>>>>
2019-12-14 10:07:45,361 : INFO : SwitchController : <<<<<<< 's_start' inactive >>>>>>>
2019-12-14 10:07:45,381 : WARNING : BallController : WARNING: BallController denies game start. Not enough balls. 0 found. 1 required
2019-12-14 10:07:46,576 : INFO : SwitchController : <<<<<<< 's_start' active >>>>>>>
2019-12-14 10:07:47,153 : INFO : SwitchController : <<<<<<< 's_start' inactive >>>>>>>
2019-12-14 10:07:47,173 : WARNING : BallController : WARNING: BallController denies game start. Not enough balls. 0 found. 1 required
2019-12-14 10:07:47,553 : INFO : SwitchController : <<<<<<< 's_start' active >>>>>>>
2019-12-14 10:07:47,649 : INFO : SwitchController : <<<<<<< 's_start' inactive >>>>>>>
2019-12-14 10:07:47,669 : WARNING : BallController : WARNING: BallController denies game start. Not enough balls. 0 found. 1 required
2019-12-14 10:07:47,744 : INFO : SwitchController : <<<<<<< 's_start' active >>>>>>>
2019-12-14 10:07:47,841 : INFO : SwitchController : <<<<<<< 's_start' inactive >>>>>>>
2019-12-14 10:07:47,859 : WARNING : BallController : WARNING: BallController denies game start. Not enough balls. 0 found. 1 required
2019-12-14 10:07:47,951 : INFO : SwitchController : <<<<<<< 's_start' active >>>>>>>
2019-12-14 10:07:48,047 : INFO : SwitchController : <<<<<<< 's_start' inactive >>>>>>>
2019-12-14 10:07:48,065 : WARNING : BallController : WARNING: BallController denies game start. Not enough balls. 0 found. 1 required
2019-12-14 10:07:48,576 : INFO : SwitchController : <<<<<<< 's_start' active >>>>>>>
2019-12-14 10:07:48,993 : INFO : SwitchController : <<<<<<< 's_start' inactive >>>>>>>
2019-12-14 10:07:49,012 : WARNING : BallController : WARNING: BallController denies game start. Not enough balls. 0 found. 1 required
2019-12-14 10:07:49,872 : INFO : SwitchController : <<<<<<< 's_start' active >>>>>>>
2019-12-14 10:07:49,999 : INFO : SwitchController : <<<<<<< 's_start' inactive >>>>>>>
2019-12-14 10:07:50,017 : WARNING : BallController : WARNING: BallController denies game start. Not enough balls. 0 found. 1 required
2019-12-14 10:07:56,502 : INFO : Machine : Shutting down...
2019-12-14 10:07:56,502 : DEBUG : ball_device.bd_trough : Stopping ball device
2019-12-14 10:07:56,533 : ERROR : FAST : Stop called on serial connection com4
2019-12-14 10:07:56,533 : ERROR : FAST : Stop called on serial connection com5
2019-12-14 10:07:56,799 : INFO : root : MPF run loop ended.
