2019-12-19 19:10:06,811 : INFO : Machine : Mission Pinball Framework Core Engine v0.52.9
2019-12-19 19:10:06,811 : INFO : Machine : Command line arguments: {'force_assets_load': False, 'no_sound': False, 'jsonlogging': False, 'loglevel': 15, 'consoleloglevel': 20, 'configfile': ['config.yaml'], 'create_config_cache': True, 'text_ui': True, 'no_load_cache': False, 'syslog_address': None, 'logfile': 'logs\\2019-12-19-19-10-06-mpf-DESKTOP-I5I6D25.log', 'bcp': True, 'pause': False, 'force_platform': None, 'production': False, 'mc_file_name': None, 'mpfconfigfile': 'c:\\users\\mission pinball\\appdata\\local\\programs\\python\\python35\\lib\\site-packages\\mpf\\mpfconfig.yaml'}
2019-12-19 19:10:06,811 : INFO : Machine : MPF path: c:\users\mission pinball\appdata\local\programs\python\python35\lib\site-packages\mpf
2019-12-19 19:10:06,811 : INFO : Machine : Machine path: E:\POKEMON - 3 - GYMS DISPLAYS
2019-12-19 19:10:06,811 : INFO : Machine : Platform: win32
2019-12-19 19:10:06,811 : INFO : Machine : Python executable location: c:\users\mission pinball\appdata\local\programs\python\python35\python.exe
2019-12-19 19:10:06,811 : INFO : Machine : Python version: 3.5.4 (64-bit)
2019-12-19 19:10:06,811 : INFO : Machine : Machine config file #1: config.yaml
2019-12-19 19:10:06,827 : INFO : ConfigProcessor : Loading config from cache: C:\Users\MISSIO~1\AppData\Local\Temp\e9c23ebab43a14b7e211b4dd18480f15.mpf_cache
2019-12-19 19:10:06,827 : INFO : Machine : Initialise MPF.
2019-12-19 19:10:07,373 : INFO : FAST : Connecting to com4 at 921600bps
2019-12-19 19:10:07,451 : INFO : FAST : Connected! Processor: NET, Board Type: FP-CPU-002-2, Firmware: 01.01
2019-12-19 19:10:07,451 : INFO : EventManager : Event: ======'machine_var_fast_net_firmware'====== Args={'value': '01.01', 'prev_value': None, 'change': True}
2019-12-19 19:10:07,451 : INFO : EventManager : Event: ======'machine_var_fast_net_model'====== Args={'value': 'FP-CPU-002-2', 'prev_value': None, 'change': True}
2019-12-19 19:10:07,451 : WARNING : FAST : Not resetting FAST NET because firmware is currently broken.
2019-12-19 19:10:07,530 : INFO : FAST : Connecting to com5 at 921600bps
2019-12-19 19:10:07,576 : INFO : FAST : Connected! Processor: RGB, Board Type: FP-CPU-002-2, Firmware: 01.00
2019-12-19 19:10:07,576 : INFO : EventManager : Event: ======'machine_var_fast_rgb_firmware'====== Args={'value': '01.00', 'prev_value': None, 'change': True}
2019-12-19 19:10:07,576 : INFO : EventManager : Event: ======'machine_var_fast_rgb_model'====== Args={'value': 'FP-CPU-002-2', 'prev_value': None, 'change': True}
2019-12-19 19:10:07,576 : INFO : EventManager : Event: ======'machine_var_credits_string'====== Args={'value': 'FREE PLAY', 'prev_value': None, 'change': True}
2019-12-19 19:10:07,842 : INFO : EventManager : Event: ======'machine_var_player1_score'====== Args={'value': 183, 'prev_value': None, 'change': True}
2019-12-19 19:10:07,842 : INFO : EventManager : Event: ======'machine_var_mpf_version'====== Args={'value': 'MPF v0.52.9', 'prev_value': None, 'change': True}
2019-12-19 19:10:07,842 : INFO : EventManager : Event: ======'machine_var_mpf_extended_version'====== Args={'value': 'MPF v0.52.9, Config version:5, Show version: 5, BCP version:1.1', 'prev_value': None, 'change': True}
2019-12-19 19:10:07,842 : INFO : EventManager : Event: ======'machine_var_python_version'====== Args={'value': '3.5.4', 'prev_value': None, 'change': True}
2019-12-19 19:10:07,842 : INFO : EventManager : Event: ======'machine_var_platform'====== Args={'value': 'Windows-10-10.0.18362-SP0', 'prev_value': None, 'change': True}
2019-12-19 19:10:07,842 : INFO : EventManager : Event: ======'machine_var_platform_system'====== Args={'value': 'Windows', 'prev_value': None, 'change': True}
2019-12-19 19:10:07,842 : INFO : EventManager : Event: ======'machine_var_platform_release'====== Args={'value': '10', 'prev_value': None, 'change': True}
2019-12-19 19:10:07,842 : INFO : EventManager : Event: ======'machine_var_platform_version'====== Args={'value': '10.0.18362', 'prev_value': None, 'change': True}
2019-12-19 19:10:07,842 : INFO : EventManager : Event: ======'machine_var_platform_machine'====== Args={'value': 'AMD64', 'prev_value': None, 'change': True}
2019-12-19 19:10:07,842 : INFO : EventManager : Event: ======'init_phase_1'====== Args={}
2019-12-19 19:10:08,045 : INFO : ConfigProcessor : Loading config from cache: C:\Users\MISSIO~1\AppData\Local\Temp\4ed449c86f3920ad38c9f19e6b1fcd80.mpf_cache
2019-12-19 19:10:08,061 : INFO : ConfigProcessor : Loading config from cache: C:\Users\MISSIO~1\AppData\Local\Temp\c4c39d8157ba863610e7d2b8306a4087.mpf_cache
2019-12-19 19:10:08,076 : INFO : ConfigProcessor : Loading config from cache: C:\Users\MISSIO~1\AppData\Local\Temp\2bf399aa483f8a887eec2aa10342ca9f.mpf_cache
2019-12-19 19:10:08,108 : INFO : ConfigProcessor : Loading config from cache: C:\Users\MISSIO~1\AppData\Local\Temp\325be8140670be7b4f7f24b4ea9ecf41.mpf_cache
2019-12-19 19:10:08,108 : INFO : ConfigProcessor : Loading config from cache: C:\Users\MISSIO~1\AppData\Local\Temp\2ad3e4afc7b8ab807ff1625862e58922.mpf_cache
2019-12-19 19:10:08,139 : INFO : ConfigProcessor : Loading config from cache: C:\Users\MISSIO~1\AppData\Local\Temp\37af0ab3cb4984093f408b6580ccda04.mpf_cache
2019-12-19 19:10:08,155 : INFO : ConfigProcessor : Loading config from cache: C:\Users\MISSIO~1\AppData\Local\Temp\91c30393a7736530c48ab886a6ae90df.mpf_cache
2019-12-19 19:10:08,170 : INFO : ConfigProcessor : Loading config from cache: C:\Users\MISSIO~1\AppData\Local\Temp\3512d3a51b29689f2a9a6db585213e7b.mpf_cache
2019-12-19 19:10:08,189 : INFO : ConfigProcessor : Loading config from cache: C:\Users\MISSIO~1\AppData\Local\Temp\aacde2a5df2e44f5e01226064ab4c3c5.mpf_cache
2019-12-19 19:10:08,205 : INFO : ConfigProcessor : Loading config from cache: C:\Users\MISSIO~1\AppData\Local\Temp\691014465c877a30c4e85c0b37ef7391.mpf_cache
2019-12-19 19:10:08,220 : INFO : ConfigProcessor : Loading config from cache: C:\Users\MISSIO~1\AppData\Local\Temp\7c8a3dbd3a1f76b71c509d64239c80b0.mpf_cache
2019-12-19 19:10:08,236 : INFO : ConfigProcessor : Loading config from cache: C:\Users\MISSIO~1\AppData\Local\Temp\db69f4aeb06b399317225bf0f2d24564.mpf_cache
2019-12-19 19:10:08,267 : INFO : ConfigProcessor : Loading config from cache: C:\Users\MISSIO~1\AppData\Local\Temp\868965d45e8ef85973deb1cc43e3c6e9.mpf_cache
2019-12-19 19:10:08,283 : INFO : ConfigProcessor : Loading config from cache: C:\Users\MISSIO~1\AppData\Local\Temp\ffc5df461fc927df7502c20268b6e23c.mpf_cache
2019-12-19 19:10:08,298 : INFO : ConfigProcessor : Loading config from cache: C:\Users\MISSIO~1\AppData\Local\Temp\0c90eb48fda27bb17da0cfa70b6cea42.mpf_cache
2019-12-19 19:10:08,783 : INFO : ConfigProcessor : Loading config from cache: C:\Users\MISSIO~1\AppData\Local\Temp\9463ad916821e4687af4640a7d04ba98.mpf_cache
2019-12-19 19:10:09,001 : WARNING : ConfigProcessor : Config file in cache changed: E:\POKEMON - 3 - GYMS DISPLAYS\modes\score_display\config\score_display.yaml
2019-12-19 19:10:09,017 : INFO : ConfigProcessor : Loading config from file E:\POKEMON - 3 - GYMS DISPLAYS\modes\score_display\config\score_display.yaml.
2019-12-19 19:10:09,220 : INFO : ConfigProcessor : Loading config: E:\POKEMON - 3 - GYMS DISPLAYS\modes\score_display\config\score_display.yaml
2019-12-19 19:10:09,220 : INFO : ConfigProcessor : Config file cache created: C:\Users\MISSIO~1\AppData\Local\Temp\697775242c2892da86063c51f7d13ddb.mpf_cache
2019-12-19 19:10:09,236 : INFO : ConfigProcessor : Loading config from cache: C:\Users\MISSIO~1\AppData\Local\Temp\1b6068dc0dcf1445cf37058c25ad802b.mpf_cache
2019-12-19 19:10:09,267 : INFO : ConfigProcessor : Loading config from cache: C:\Users\MISSIO~1\AppData\Local\Temp\230c7edf879901b77e29ab003ecfd977.mpf_cache
2019-12-19 19:10:09,283 : INFO : ConfigProcessor : Loading config from cache: C:\Users\MISSIO~1\AppData\Local\Temp\e94996e3615e593edab21d6f0e7b4569.mpf_cache
2019-12-19 19:10:09,298 : INFO : ConfigProcessor : Loading config from cache: C:\Users\MISSIO~1\AppData\Local\Temp\03465e6905c319de2817a60078df797b.mpf_cache
2019-12-19 19:10:09,314 : INFO : ConfigProcessor : Loading config from cache: C:\Users\MISSIO~1\AppData\Local\Temp\da1c75dbc5d48bb99b7ea9aec7919bfa.mpf_cache
2019-12-19 19:10:09,329 : INFO : ConfigProcessor : Loading config from cache: C:\Users\MISSIO~1\AppData\Local\Temp\d868708421ecefdd23b54f4fefaa5a63.mpf_cache
2019-12-19 19:10:09,345 : INFO : ConfigProcessor : Loading config from cache: C:\Users\MISSIO~1\AppData\Local\Temp\00b811264d7e79f39b66bcbc6609bb6e.mpf_cache
2019-12-19 19:10:09,361 : INFO : ConfigProcessor : Loading config from cache: C:\Users\MISSIO~1\AppData\Local\Temp\aad48548988dd5e95d839b70bde2a6c9.mpf_cache
2019-12-19 19:10:09,376 : INFO : ConfigProcessor : Loading config from cache: C:\Users\MISSIO~1\AppData\Local\Temp\c721f48534ae43d3f9c4e17312560aaa.mpf_cache
2019-12-19 19:10:09,486 : INFO : EventManager : Event: ======'drop_target_bank_right_bank_up'====== Args={}
2019-12-19 19:10:09,501 : INFO : EventManager : Event: ======'init_phase_2'====== Args={}
2019-12-19 19:10:09,501 : INFO : SwitchController : Found active switch: (('09', 1), <Platform.FAST>)
2019-12-19 19:10:09,611 : INFO : EventManager : Event: ======'bcp_connection_attempt'====== Args={'host': 'localhost', 'name': 'local_display', 'port': 5050}
2019-12-19 19:10:09,626 : INFO : BCPClientSocket.local_display : Connecting BCP to 'local_display' at localhost:5050...
2019-12-19 19:10:10,658 : WARNING : FAST : Port com4 was blocked for more than 1s. Reseting send queue! If this happens frequently report a bug!
2019-12-19 19:10:11,670 : WARNING : FAST : Port com4 was blocked for more than 1s. Reseting send queue! If this happens frequently report a bug!
2019-12-19 19:10:15,797 : INFO : BCPClientSocket.local_display : Connected BCP to 'local_display' localhost:5050
2019-12-19 19:10:15,805 : INFO : EventManager : Event: ======'bcp_clients_connected'====== Args={}
2019-12-19 19:10:15,848 : INFO : EventManager : Event: ======'machine_var_master_volume'====== Args={'value': 0.5, 'prev_value': None, 'change': True}
2019-12-19 19:10:15,947 : INFO : EventManager : Event: ======'init_phase_3'====== Args={}
2019-12-19 19:10:15,974 : INFO : EventManager : Event: ======'init_phase_4'====== Args={}
2019-12-19 19:10:15,976 : INFO : EventManager : Event: ======'playfield_active'====== Args={}
2019-12-19 19:10:15,977 : INFO : EventManager : Event: ======'unexpected_ball_on_playfield'====== Args={}
2019-12-19 19:10:15,977 : INFO : EventManager : Event: ======'drop_target_drop2_down'====== Args={'device': <drop_target.drop2>}
2019-12-19 19:10:15,978 : INFO : EventManager : Event: ======'drop_target_bank_right_bank_mixed'====== Args={'down': 1}
2019-12-19 19:10:15,986 : INFO : EventManager : Event: ======'machine_var_audits_switches_s_flipper_right'====== Args={'value': 11229, 'prev_value': None, 'change': True}
2019-12-19 19:10:15,987 : INFO : EventManager : Event: ======'machine_var_audits_switches_s_sling_left'====== Args={'value': 1075, 'prev_value': None, 'change': True}
2019-12-19 19:10:15,988 : INFO : EventManager : Event: ======'machine_var_audits_switches_s_spinner'====== Args={'value': 9259, 'prev_value': None, 'change': True}
2019-12-19 19:10:15,989 : INFO : EventManager : Event: ======'machine_var_audits_switches_s_flipper_left'====== Args={'value': 7576, 'prev_value': None, 'change': True}
2019-12-19 19:10:15,990 : INFO : EventManager : Event: ======'machine_var_audits_switches_s_saucer'====== Args={'value': 1211, 'prev_value': None, 'change': True}
2019-12-19 19:10:15,991 : INFO : EventManager : Event: ======'machine_var_audits_switches_s_trough'====== Args={'value': 1617, 'prev_value': None, 'change': True}
2019-12-19 19:10:15,992 : INFO : EventManager : Event: ======'machine_var_audits_switches_s_pop_bottom'====== Args={'value': 2930, 'prev_value': None, 'change': True}
2019-12-19 19:10:15,993 : INFO : EventManager : Event: ======'machine_var_audits_switches_s_drain'====== Args={'value': 2781, 'prev_value': None, 'change': True}
2019-12-19 19:10:15,994 : INFO : EventManager : Event: ======'machine_var_audits_switches_s_drop_center'====== Args={'value': 669, 'prev_value': None, 'change': True}
2019-12-19 19:10:15,996 : INFO : EventManager : Event: ======'machine_var_audits_switches_s_drop_right'====== Args={'value': 519, 'prev_value': None, 'change': True}
2019-12-19 19:10:15,997 : INFO : EventManager : Event: ======'machine_var_audits_switches_s_plunger_lane'====== Args={'value': 88, 'prev_value': None, 'change': True}
2019-12-19 19:10:15,998 : INFO : EventManager : Event: ======'machine_var_audits_switches_s_drop_left'====== Args={'value': 593, 'prev_value': None, 'change': True}
2019-12-19 19:10:15,999 : INFO : EventManager : Event: ======'machine_var_audits_switches_s_gym'====== Args={'value': 459, 'prev_value': None, 'change': True}
2019-12-19 19:10:16,001 : INFO : EventManager : Event: ======'machine_var_audits_switches_s_sling_right'====== Args={'value': 1242, 'prev_value': None, 'change': True}
2019-12-19 19:10:16,002 : INFO : EventManager : Event: ======'machine_var_audits_switches_s_pop_left'====== Args={'value': 10, 'prev_value': None, 'change': True}
2019-12-19 19:10:16,003 : INFO : EventManager : Event: ======'machine_var_audits_switches_s_start'====== Args={'value': 63, 'prev_value': None, 'change': True}
2019-12-19 19:10:16,004 : INFO : EventManager : Event: ======'machine_var_audits_switches_s_pop_right'====== Args={'value': 3634, 'prev_value': None, 'change': True}
2019-12-19 19:10:16,005 : INFO : EventManager : Event: ======'machine_var_audits_switches_s_pop_top'====== Args={'value': 1171, 'prev_value': None, 'change': True}
2019-12-19 19:10:16,006 : INFO : EventManager : Event: ======'machine_var_audits_player_score'====== Args={'value': {'average': 242.90196078431373, 'top': [1053, 829, 828, 828, 808, 778, 726, 724, 722, 706], 'total': 306}, 'prev_value': None, 'change': True}
2019-12-19 19:10:16,008 : INFO : EventManager : Event: ======'machine_var_audits_events_game_started'====== Args={'value': 363, 'prev_value': None, 'change': True}
2019-12-19 19:10:16,009 : INFO : EventManager : Event: ======'machine_var_audits_events_game_ended'====== Args={'value': 287, 'prev_value': None, 'change': True}
2019-12-19 19:10:16,011 : INFO : EventManager : Event: ======'init_phase_5'====== Args={}
2019-12-19 19:10:16,013 : INFO : EventManager : Event: ======'init_done'====== Args={}
2019-12-19 19:10:16,015 : WARNING : FAST : Port NET received more messages than were sent! Resetting!
2019-12-19 19:10:16,015 : WARNING : FAST : Port NET received more messages than were sent! Resetting!
2019-12-19 19:10:16,015 : WARNING : FAST : Port NET received more messages than were sent! Resetting!
2019-12-19 19:10:16,015 : WARNING : FAST : Port NET received more messages than were sent! Resetting!
2019-12-19 19:10:16,016 : WARNING : FAST : Port NET received more messages than were sent! Resetting!
2019-12-19 19:10:16,016 : WARNING : FAST : Port NET received more messages than were sent! Resetting!
2019-12-19 19:10:16,016 : WARNING : FAST : Port NET received more messages than were sent! Resetting!
2019-12-19 19:10:16,016 : WARNING : FAST : Port NET received more messages than were sent! Resetting!
2019-12-19 19:10:16,017 : WARNING : FAST : Port NET received more messages than were sent! Resetting!
2019-12-19 19:10:16,017 : WARNING : FAST : Port NET received more messages than were sent! Resetting!
2019-12-19 19:10:16,017 : WARNING : FAST : Port NET received more messages than were sent! Resetting!
2019-12-19 19:10:16,017 : WARNING : FAST : Port NET received more messages than were sent! Resetting!
2019-12-19 19:10:16,017 : WARNING : FAST : Port NET received more messages than were sent! Resetting!
2019-12-19 19:10:16,018 : WARNING : FAST : Port NET received more messages than were sent! Resetting!
2019-12-19 19:10:16,018 : WARNING : FAST : Port NET received more messages than were sent! Resetting!
2019-12-19 19:10:16,018 : WARNING : FAST : Port NET received more messages than were sent! Resetting!
2019-12-19 19:10:16,018 : WARNING : FAST : Port NET received more messages than were sent! Resetting!
2019-12-19 19:10:16,019 : WARNING : FAST : Port NET received more messages than were sent! Resetting!
2019-12-19 19:10:16,019 : WARNING : FAST : Port NET received more messages than were sent! Resetting!
2019-12-19 19:10:16,019 : WARNING : FAST : Port NET received more messages than were sent! Resetting!
2019-12-19 19:10:16,019 : WARNING : FAST : Port NET received more messages than were sent! Resetting!
2019-12-19 19:10:16,019 : WARNING : FAST : Port NET received more messages than were sent! Resetting!
2019-12-19 19:10:16,020 : INFO : SwitchController : <<<<<<< 's_spinner' active >>>>>>>
2019-12-19 19:10:16,020 : INFO : EventManager : Event: ======'sw_playfield_active'====== Args={}
2019-12-19 19:10:16,028 : INFO : SwitchController : <<<<<<< 's_spinner' inactive >>>>>>>
2019-12-19 19:10:16,037 : INFO : EventManager : Event: ======'playfield_active'====== Args={}
2019-12-19 19:10:16,037 : INFO : EventManager : Event: ======'unexpected_ball_on_playfield'====== Args={}
2019-12-19 19:10:16,038 : INFO : EventManager : Event: ======'machine_reset_phase_1'====== Args={}
2019-12-19 19:10:16,046 : INFO : EventManager : Event: ======'slide_welcome_slide_removed'====== Args={'_from_bcp': True}
2019-12-19 19:10:16,056 : INFO : EventManager : Event: ======'slide_welcome_slide_created'====== Args={'_from_bcp': True}
2019-12-19 19:10:16,060 : INFO : EventManager : Event: ======'slide_welcome_slide_active'====== Args={'_from_bcp': True}
2019-12-19 19:10:16,080 : INFO : EventManager : Event: ======'machine_reset_phase_2'====== Args={}
2019-12-19 19:10:16,082 : INFO : EventManager : Event: ======'machine_reset_phase_3'====== Args={}
2019-12-19 19:10:16,084 : INFO : drop_target_bank.right_bank : 1 targets are down. Will reset those.
2019-12-19 19:10:16,085 : INFO : coil.c_drop_reset : Enabling Driver for 400ms (1.0 pulse_power)
2019-12-19 19:10:16,088 : INFO : EventManager : Event: ======'reset_complete'====== Args={}
2019-12-19 19:10:16,089 : INFO : EventManager : Event: ======'mode_attract_will_start'====== Args={}
2019-12-19 19:10:16,091 : INFO : EventManager : Event: ======'mode_attract_starting'====== Args={}
2019-12-19 19:10:16,092 : INFO : Mode.attract : Started. Priority: 10
2019-12-19 19:10:16,092 : INFO : EventManager : Event: ======'mode_attract_started'====== Args={}
2019-12-19 19:10:16,094 : INFO : EventManager : Event: ======'collecting_balls_complete'====== Args={}
2019-12-19 19:10:16,109 : INFO : Machine : Starting the main run loop.
2019-12-19 19:10:16,121 : INFO : EventManager : Event: ======'slide_attract_started_created'====== Args={'_from_bcp': True}
2019-12-19 19:10:16,126 : INFO : EventManager : Event: ======'slide_attract_started_active'====== Args={'_from_bcp': True}
2019-12-19 19:10:16,144 : INFO : SwitchController : <<<<<<< 's_drop_center' inactive >>>>>>>
2019-12-19 19:10:16,144 : INFO : EventManager : Event: ======'playfield_active'====== Args={}
2019-12-19 19:10:16,145 : INFO : EventManager : Event: ======'unexpected_ball_on_playfield'====== Args={}
2019-12-19 19:10:16,145 : INFO : EventManager : Event: ======'drop_target_drop2_up'====== Args={'device': <drop_target.drop2>}
2019-12-19 19:10:16,468 : INFO : coil.c_drop_reset : Disabling Driver
2019-12-19 19:10:16,576 : INFO : EventManager : Event: ======'restore'====== Args={}
2019-12-19 19:10:16,578 : INFO : EventManager : Event: ======'drop_target_bank_right_bank_up'====== Args={}
2019-12-19 19:10:16,639 : INFO : SwitchController : <<<<<<< 's_drop_left' active >>>>>>>
2019-12-19 19:10:16,640 : INFO : EventManager : Event: ======'playfield_active'====== Args={}
2019-12-19 19:10:16,641 : INFO : EventManager : Event: ======'unexpected_ball_on_playfield'====== Args={}
2019-12-19 19:10:16,642 : INFO : EventManager : Event: ======'drop_target_drop1_down'====== Args={'device': <drop_target.drop1>}
2019-12-19 19:10:16,642 : INFO : EventManager : Event: ======'drop_target_bank_right_bank_mixed'====== Args={'down': 1}
2019-12-19 19:10:19,378 : INFO : SwitchController : <<<<<<< 's_drain' active >>>>>>>
2019-12-19 19:10:19,424 : INFO : SwitchController : <<<<<<< 's_drain' inactive >>>>>>>
2019-12-19 19:10:19,472 : INFO : SwitchController : <<<<<<< 's_drain' active >>>>>>>
2019-12-19 19:10:19,973 : INFO : EventManager : Event: ======'balldevice_bd_drain_ball_count_changed'====== Args={'balls': 1}
2019-12-19 19:10:19,975 : INFO : EventManager : Event: ======'balldevice_captured_from_playfield'====== Args={'balls': 1}
2019-12-19 19:10:19,980 : INFO : EventManager : Event: ======'sw_playfield_active'====== Args={'balls': 1}
2019-12-19 19:10:19,982 : INFO : EventManager : Event: ======'playfield_active'====== Args={}
2019-12-19 19:10:19,983 : INFO : EventManager : Event: ======'unexpected_ball_on_playfield'====== Args={}
2019-12-19 19:10:19,984 : INFO : EventManager : Event: ======'playfield_ball_count_change'====== Args={'balls': -1, 'change': -1}
2019-12-19 19:10:19,991 : INFO : EventManager : Event: ======'balldevice_playfield_ball_enter'====== Args={'new_balls': 1, 'device': <playfield.playfield>, 'unclaimed_balls': 1}
2019-12-19 19:10:19,992 : INFO : EventManager : Event: ======'playfield_ball_count_change'====== Args={'balls': 0, 'change': 1}
2019-12-19 19:10:19,993 : INFO : BallController : Found a new ball which was captured from playfield. Known balls: 1
2019-12-19 19:10:19,994 : INFO : EventManager : Event: ======'found_new_ball'====== Args={}
2019-12-19 19:10:19,997 : INFO : EventManager : Event: ======'balldevice_bd_drain_ball_enter'====== Args={'device': <ball_device.bd_drain>, 'new_balls': 1, 'new_available_balls': 1, 'unclaimed_balls': 1}
2019-12-19 19:10:20,002 : INFO : EventManager : Event: ======'ball_drain'====== Args={'balls': 1, 'device': <ball_device.bd_drain>}
2019-12-19 19:10:20,008 : INFO : EventManager : Event: ======'balldevice_balls_available'====== Args={}
2019-12-19 19:10:20,010 : INFO : EventManager : Event: ======'balldevice_balls_available'====== Args={}
2019-12-19 19:10:20,011 : INFO : EventManager : Event: ======'balldevice_bd_drain_ball_entered'====== Args={'new_balls': 1, 'device': <ball_device.bd_drain>}
2019-12-19 19:10:20,028 : INFO : EventManager : Event: ======'balldevice_bd_drain_ball_eject_attempt'====== Args={'balls': 1, 'source': <ball_device.bd_drain>, 'num_attempts': 0, 'mechanical_eject': False, 'target': <ball_device.bd_trough>}
2019-12-19 19:10:20,035 : INFO : ball_device.bd_drain : Ejecting ball to <ball_device.bd_trough>
2019-12-19 19:10:20,040 : INFO : EventManager : Event: ======'balldevice_bd_drain_ejecting_ball'====== Args={'balls': 1, 'source': <ball_device.bd_drain>, 'num_attempts': 0, 'mechanical_eject': False, 'target': <ball_device.bd_trough>}
2019-12-19 19:10:20,051 : INFO : coil.c_drain : Pulsing Driver for 20ms (1.0 pulse_power)
2019-12-19 19:10:20,151 : INFO : SwitchController : <<<<<<< 's_drain' inactive >>>>>>>
2019-12-19 19:10:20,449 : INFO : SwitchController : <<<<<<< 's_trough' active >>>>>>>
2019-12-19 19:10:20,480 : INFO : SwitchController : <<<<<<< 's_trough' inactive >>>>>>>
2019-12-19 19:10:20,687 : INFO : SwitchController : <<<<<<< 's_trough' active >>>>>>>
2019-12-19 19:10:21,191 : INFO : EventManager : Event: ======'balldevice_bd_trough_ball_count_changed'====== Args={'balls': 1}
2019-12-19 19:10:21,193 : INFO : EventManager : Event: ======'balldevice_bd_trough_ball_enter'====== Args={'device': <ball_device.bd_trough>, 'new_balls': 1, 'new_available_balls': 0, 'unclaimed_balls': 0}
2019-12-19 19:10:21,198 : INFO : EventManager : Event: ======'ball_drain'====== Args={'balls': 0, 'device': <ball_device.bd_trough>}
2019-12-19 19:10:21,202 : INFO : EventManager : Event: ======'balldevice_bd_trough_ball_entered'====== Args={'new_balls': 0, 'device': <ball_device.bd_trough>}
2019-12-19 19:10:21,207 : INFO : EventManager : Event: ======'balldevice_bd_drain_ball_eject_success'====== Args={'balls': 1, 'target': <ball_device.bd_trough>}
2019-12-19 19:10:21,212 : INFO : EventManager : Event: ======'balldevice_bd_drain_ball_count_changed'====== Args={'balls': 0}
2019-12-19 19:10:22,159 : INFO : SwitchController : <<<<<<< 's_start' active >>>>>>>
2019-12-19 19:10:22,322 : INFO : SwitchController : <<<<<<< 's_start' inactive >>>>>>>
2019-12-19 19:10:22,323 : INFO : EventManager : Event: ======'request_to_start_game'====== Args={}
2019-12-19 19:10:22,344 : INFO : EventManager : Event: ======'game_start'====== Args={'buttons': [], 'hold_time': 0.15600000001722947}
2019-12-19 19:10:22,345 : INFO : EventManager : Event: ======'mode_game_will_start'====== Args={'buttons': [], 'hold_time': 0.15600000001722947}
2019-12-19 19:10:22,350 : INFO : EventManager : Event: ======'mode_game_starting'====== Args={'buttons': [], 'hold_time': 0.15600000001722947}
2019-12-19 19:10:22,351 : INFO : EventManager : Event: ======'mode_attract_will_stop'====== Args={}
2019-12-19 19:10:22,352 : INFO : EventManager : Event: ======'mode_attract_stopping'====== Args={}
2019-12-19 19:10:22,352 : INFO : Mode.attract : Stopped.
2019-12-19 19:10:22,355 : INFO : EventManager : Event: ======'mode_attract_stopped'====== Args={}
2019-12-19 19:10:22,356 : INFO : EventManager : Event: ======'clear'====== Args={'key': 'attract'}
2019-12-19 19:10:22,357 : INFO : Mode.game : Started. Priority: 20
2019-12-19 19:10:22,357 : INFO : EventManager : Event: ======'mode_game_started'====== Args={'buttons': [], 'hold_time': 0.15600000001722947}
2019-12-19 19:10:22,360 : INFO : EventManager : Event: ======'game_will_start'====== Args={}
2019-12-19 19:10:22,364 : INFO : EventManager : Event: ======'game_starting'====== Args={'game': <Mode.game>}
2019-12-19 19:10:22,367 : INFO : EventManager : Event: ======'player_add_request'====== Args={}
2019-12-19 19:10:22,368 : INFO : EventManager : Event: ======'player_will_add'====== Args={'number': 1}
2019-12-19 19:10:22,371 : INFO : EventManager : Event: ======'player_adding'====== Args={'number': 1, 'player': <Player 1>}
2019-12-19 19:10:22,372 : INFO : EventManager : Event: ======'player_added'====== Args={'num': 1, 'player': <Player 1>}
2019-12-19 19:10:22,372 : INFO : Mode.game : Player added successfully. Total players: 1
2019-12-19 19:10:22,373 : INFO : EventManager : Event: ======'player_gym4_slingshot'====== Args={'value': 0, 'player_num': 1, 'prev_value': 0, 'change': 0}
2019-12-19 19:10:22,374 : INFO : EventManager : Event: ======'player_gym1_pop'====== Args={'value': 0, 'player_num': 1, 'prev_value': 0, 'change': 0}
2019-12-19 19:10:22,376 : INFO : EventManager : Event: ======'player_gym6_gym'====== Args={'value': 0, 'player_num': 1, 'prev_value': 0, 'change': 0}
2019-12-19 19:10:22,377 : INFO : EventManager : Event: ======'player_pichu_exp'====== Args={'value': 1, 'player_num': 1, 'prev_value': 1, 'change': 0}
2019-12-19 19:10:22,378 : INFO : EventManager : Event: ======'player_gym5_drop_targets'====== Args={'value': 0, 'player_num': 1, 'prev_value': 0, 'change': 0}
2019-12-19 19:10:22,380 : INFO : EventManager : Event: ======'player_pikachu_exp'====== Args={'value': 1, 'player_num': 1, 'prev_value': 1, 'change': 0}
2019-12-19 19:10:22,381 : INFO : EventManager : Event: ======'player_gym3_spinner'====== Args={'value': 0, 'player_num': 1, 'prev_value': 0, 'change': 0}
2019-12-19 19:10:22,382 : INFO : EventManager : Event: ======'player_index'====== Args={'value': 0, 'player_num': 1, 'prev_value': 0, 'change': 0}
2019-12-19 19:10:22,383 : INFO : EventManager : Event: ======'player_gym2_drop_targets'====== Args={'value': 0, 'player_num': 1, 'prev_value': 0, 'change': 0}
2019-12-19 19:10:22,384 : INFO : EventManager : Event: ======'player_score'====== Args={'value': 0, 'player_num': 1, 'prev_value': 0, 'change': 0}
2019-12-19 19:10:22,386 : INFO : EventManager : Event: ======'player_raichu_exp'====== Args={'value': 1, 'player_num': 1, 'prev_value': 1, 'change': 0}
2019-12-19 19:10:22,387 : INFO : EventManager : Event: ======'player_number'====== Args={'value': 1, 'player_num': 1, 'prev_value': 1, 'change': 0}
2019-12-19 19:10:22,392 : INFO : EventManager : Event: ======'game_started'====== Args={}
2019-12-19 19:10:22,394 : INFO : EventManager : Event: ======'player_turn_will_start'====== Args={'number': 1, 'player': <Player 1>}
2019-12-19 19:10:22,395 : INFO : EventManager : Event: ======'slide_layout_3_mini_created'====== Args={'_from_bcp': True}
2019-12-19 19:10:22,397 : INFO : EventManager : Event: ======'player_turn_starting'====== Args={'number': 1, 'player': <Player 1>}
2019-12-19 19:10:22,399 : INFO : EventManager : Event: ======'player_ball'====== Args={'value': 1, 'player_num': 1, 'prev_value': 0, 'change': 1}
2019-12-19 19:10:22,400 : INFO : EventManager : Event: ======'player_turn_started'====== Args={'number': 1, 'player': <Player 1>}
2019-12-19 19:10:22,403 : INFO : EventManager : Event: ======'ball_will_start'====== Args={'player': 1, 'is_extra_ball': False, 'ball': 1, 'balls_remaining': 2}
2019-12-19 19:10:22,405 : INFO : EventManager : Event: ======'ball_starting'====== Args={'player': 1, 'is_extra_ball': False, 'ball': 1, 'balls_remaining': 2}
2019-12-19 19:10:22,407 : INFO : EventManager : Event: ======'mode_score_display_will_start'====== Args={'is_extra_ball': False, 'ball': 1, 'balls_remaining': 2, 'queue': <QueuedEvent>, 'player': 1}
2019-12-19 19:10:22,409 : INFO : EventManager : Duplicate handler for class PluginPlayer.widgets on event player_added with priority 300. Handlers: [RegisteredHandler(callback=<bound method ConfigPlayer.config_play_callback of PluginPlayer.widgets>, priority=300, kwargs={'mode': <Mode.score_display>, 'settings': {'player_4_lcd_info_widget': {'priority': 0, 'key': None, 'action': 'add', 'slide': 'slide_mode_score_display_started', 'target': None}}, 'calling_context': 'player_added{num==4}'}, key=UUID('25c024d7-01c6-4bde-b5ef-a9bffb8a97ee'), condition=<mpf.core.placeholder_manager.BoolTemplate object at 0x00000263A0841CF0>, blocking_facility=None)]
2019-12-19 19:10:22,410 : INFO : EventManager : Duplicate handler for class PluginPlayer.widgets on event player_added with priority 300. Handlers: [RegisteredHandler(callback=<bound method ConfigPlayer.config_play_callback of PluginPlayer.widgets>, priority=300, kwargs={'mode': <Mode.score_display>, 'settings': {'player_4_lcd_info_widget': {'priority': 0, 'key': None, 'action': 'add', 'slide': 'slide_mode_score_display_started', 'target': None}}, 'calling_context': 'player_added{num==4}'}, key=UUID('25c024d7-01c6-4bde-b5ef-a9bffb8a97ee'), condition=<mpf.core.placeholder_manager.BoolTemplate object at 0x00000263A0841CF0>, blocking_facility=None)]
2019-12-19 19:10:22,410 : INFO : EventManager : Duplicate handler for class PluginPlayer.widgets on event player_added with priority 300. Handlers: [RegisteredHandler(callback=<bound method ConfigPlayer.config_play_callback of PluginPlayer.widgets>, priority=300, kwargs={'mode': <Mode.score_display>, 'settings': {'player_3_lcd_info_widget': {'priority': 0, 'key': None, 'action': 'add', 'slide': 'slide_mode_score_display_started', 'target': None}}, 'calling_context': 'player_added{num==3}'}, key=UUID('21fc34d2-ab41-4fa9-92f4-3dc6909b06fb'), condition=<mpf.core.placeholder_manager.BoolTemplate object at 0x00000263A0841DC8>, blocking_facility=None)]
2019-12-19 19:10:22,412 : INFO : EventManager : Event: ======'mode_score_display_starting'====== Args={'is_extra_ball': False, 'ball': 1, 'balls_remaining': 2, 'queue': <QueuedEvent>, 'player': 1}
2019-12-19 19:10:22,413 : INFO : EventManager : Event: ======'mode_base_will_start'====== Args={'is_extra_ball': False, 'ball': 1, 'balls_remaining': 2, 'queue': <QueuedEvent>, 'player': 1}
2019-12-19 19:10:22,416 : INFO : EventManager : Event: ======'mode_base_starting'====== Args={'is_extra_ball': False, 'ball': 1, 'balls_remaining': 2, 'queue': <QueuedEvent>, 'player': 1}
2019-12-19 19:10:22,416 : INFO : drop_target_bank.right_bank : 1 targets are down. Will reset those.
2019-12-19 19:10:22,417 : INFO : coil.c_drop_reset : Enabling Driver for 400ms (1.0 pulse_power)
2019-12-19 19:10:22,420 : INFO : Mode.base : Started. Priority: 31
2019-12-19 19:10:22,421 : INFO : EventManager : Event: ======'mode_base_started'====== Args={'is_extra_ball': False, 'ball': 1, 'balls_remaining': 2, 'queue': <QueuedEvent>, 'player': 1}
2019-12-19 19:10:22,422 : INFO : EventManager : Event: ======'start_mode_pichu'====== Args={'priority': 0}
2019-12-19 19:10:22,422 : INFO : EventManager : Event: ======'mode_pichu_will_start'====== Args={'priority': 0}
2019-12-19 19:10:22,436 : INFO : EventManager : Event: ======'mode_pichu_starting'====== Args={'priority': 0}
2019-12-19 19:10:22,437 : INFO : Mode.pichu : Started. Priority: 75
2019-12-19 19:10:22,438 : INFO : EventManager : Event: ======'mode_pichu_started'====== Args={'priority': 0}
2019-12-19 19:10:22,439 : INFO : Mode.score_display : Started. Priority: 300
2019-12-19 19:10:22,440 : INFO : EventManager : Event: ======'mode_score_display_started'====== Args={'is_extra_ball': False, 'ball': 1, 'balls_remaining': 2, 'queue': <QueuedEvent>, 'player': 1}
2019-12-19 19:10:22,442 : INFO : EventManager : Event: ======'balls_in_play'====== Args={'balls': 1}
2019-12-19 19:10:22,442 : INFO : EventManager : Event: ======'ball_started'====== Args={'player': 1, 'is_extra_ball': False, 'ball': 1, 'balls_remaining': 2}
2019-12-19 19:10:22,446 : INFO : EventManager : Event: ======'start_gym0_event'====== Args={'priority': 0}
2019-12-19 19:10:22,451 : INFO : EventManager : Event: ======'mode_gym0_will_start'====== Args={'priority': 0}
2019-12-19 19:10:22,454 : INFO : EventManager : Event: ======'mode_gym0_starting'====== Args={'priority': 0}
2019-12-19 19:10:22,454 : INFO : Mode.gym0 : Started. Priority: 200
2019-12-19 19:10:22,455 : INFO : EventManager : Event: ======'mode_gym0_started'====== Args={'priority': 0}
2019-12-19 19:10:22,457 : INFO : EventManager : Event: ======'slide_layout_3_mini_active'====== Args={'_from_bcp': True}
2019-12-19 19:10:22,460 : INFO : EventManager : Event: ======'single_player_ball_started'====== Args={}
2019-12-19 19:10:22,464 : INFO : EventManager : Event: ======'slide_layout_3_mini_removed'====== Args={'_from_bcp': True}
2019-12-19 19:10:22,467 : INFO : EventManager : Event: ======'balldevice_balls_available'====== Args={}
2019-12-19 19:10:22,473 : INFO : EventManager : Event: ======'balldevice_bd_trough_ball_eject_attempt'====== Args={'balls': 1, 'source': <ball_device.bd_trough>, 'num_attempts': 0, 'mechanical_eject': True, 'target': <ball_device.bd_plunger>}
2019-12-19 19:10:22,478 : INFO : ball_device.bd_trough : Ejecting ball to <ball_device.bd_plunger>
2019-12-19 19:10:22,478 : INFO : EventManager : Event: ======'balldevice_bd_trough_ejecting_ball'====== Args={'balls': 1, 'source': <ball_device.bd_trough>, 'num_attempts': 0, 'mechanical_eject': True, 'target': <ball_device.bd_plunger>}
2019-12-19 19:10:22,482 : INFO : EventManager : Event: ======'slide_layout_3_mini_created'====== Args={'_from_bcp': True}
2019-12-19 19:10:22,484 : INFO : coil.c_trough : Pulsing Driver for 7ms (1.0 pulse_power)
2019-12-19 19:10:22,511 : INFO : SwitchController : <<<<<<< 's_drop_left' inactive >>>>>>>
2019-12-19 19:10:22,512 : INFO : EventManager : Event: ======'playfield_active'====== Args={}
2019-12-19 19:10:22,512 : INFO : EventManager : Event: ======'unexpected_ball_on_playfield'====== Args={}
2019-12-19 19:10:22,512 : INFO : EventManager : Event: ======'drop_target_drop1_up'====== Args={'device': <drop_target.drop1>}
2019-12-19 19:10:22,536 : INFO : SwitchController : <<<<<<< 's_trough' inactive >>>>>>>
2019-12-19 19:10:22,544 : INFO : EventManager : Event: ======'slide_slide_mode_pichu_started_created'====== Args={'_from_bcp': True}
2019-12-19 19:10:22,553 : INFO : EventManager : Event: ======'slide_slide_mode_score_display_started_created'====== Args={'_from_bcp': True}
2019-12-19 19:10:22,561 : INFO : EventManager : Event: ======'slide_layout_3_mini_active'====== Args={'_from_bcp': True}
2019-12-19 19:10:22,588 : INFO : EventManager : Event: ======'slide_slide_mode_pichu_started_active'====== Args={'_from_bcp': True}
2019-12-19 19:10:22,592 : INFO : EventManager : Event: ======'slide_slide_mode_score_display_started_active'====== Args={'_from_bcp': True}
2019-12-19 19:10:22,642 : INFO : EventManager : Event: ======'slide_slide_mode_gym0_started_created'====== Args={'_from_bcp': True}
2019-12-19 19:10:22,650 : INFO : EventManager : Event: ======'slide_slide_mode_gym0_started_active'====== Args={'_from_bcp': True}
2019-12-19 19:10:22,795 : INFO : coil.c_drop_reset : Disabling Driver
2019-12-19 19:10:22,905 : INFO : EventManager : Event: ======'restore'====== Args={}
2019-12-19 19:10:22,908 : INFO : EventManager : Event: ======'drop_target_bank_right_bank_up'====== Args={}
2019-12-19 19:10:22,977 : INFO : SwitchController : <<<<<<< 's_drop_center' active >>>>>>>
2019-12-19 19:10:22,978 : INFO : EventManager : Event: ======'s_drop_center_active'====== Args={}
2019-12-19 19:10:22,979 : INFO : EventManager : Event: ======'playfield_active'====== Args={}
2019-12-19 19:10:22,980 : INFO : EventManager : Event: ======'unexpected_ball_on_playfield'====== Args={}
2019-12-19 19:10:22,981 : INFO : EventManager : Event: ======'drop_target_drop2_down'====== Args={'device': <drop_target.drop2>}
2019-12-19 19:10:22,984 : INFO : EventManager : Event: ======'drop_target_bank_right_bank_mixed'====== Args={'down': 1}
2019-12-19 19:10:23,004 : INFO : EventManager : Event: ======'machine_var_audits_switches_s_drop_center'====== Args={'value': 670, 'prev_value': 669, 'change': 1}
2019-12-19 19:10:23,010 : INFO : EventManager : Event: ======'player_pichu_exp'====== Args={'value': 8, 'player_num': 1, 'prev_value': 1, 'change': 7}
2019-12-19 19:10:23,012 : INFO : EventManager : Event: ======'player_score'====== Args={'value': 7, 'player_num': 1, 'prev_value': 0, 'change': 7}
2019-12-19 19:10:23,015 : INFO : EventManager : Event: ======'check_evolve_pichu'====== Args={'priority': 0}
2019-12-19 19:10:24,737 : INFO : SwitchController : <<<<<<< 's_start' active >>>>>>>
2019-12-19 19:10:24,738 : INFO : EventManager : Event: ======'sw_start'====== Args={}
2019-12-19 19:10:24,773 : INFO : EventManager : Event: ======'machine_var_audits_switches_s_start'====== Args={'value': 64, 'prev_value': 63, 'change': 1}
2019-12-19 19:10:24,779 : INFO : EventManager : Event: ======'player_add_request'====== Args={}
2019-12-19 19:10:24,780 : INFO : EventManager : Event: ======'player_will_add'====== Args={'number': 2}
2019-12-19 19:10:24,790 : INFO : EventManager : Event: ======'player_adding'====== Args={'number': 2, 'player': <Player 2>}
2019-12-19 19:10:24,791 : INFO : EventManager : Event: ======'player_added'====== Args={'num': 2, 'player': <Player 2>}
2019-12-19 19:10:24,792 : INFO : Mode.game : Player added successfully. Total players: 2
2019-12-19 19:10:24,793 : INFO : EventManager : Event: ======'multiplayer_game'====== Args={}
2019-12-19 19:10:24,798 : INFO : EventManager : Event: ======'player_gym4_slingshot'====== Args={'value': 0, 'player_num': 2, 'prev_value': 0, 'change': 0}
2019-12-19 19:10:24,802 : INFO : EventManager : Event: ======'player_gym1_pop'====== Args={'value': 0, 'player_num': 2, 'prev_value': 0, 'change': 0}
2019-12-19 19:10:24,805 : INFO : EventManager : Event: ======'player_gym6_gym'====== Args={'value': 0, 'player_num': 2, 'prev_value': 0, 'change': 0}
2019-12-19 19:10:24,809 : INFO : EventManager : Event: ======'player_pichu_exp'====== Args={'value': 1, 'player_num': 2, 'prev_value': 1, 'change': 0}
2019-12-19 19:10:24,812 : INFO : EventManager : Event: ======'player_gym5_drop_targets'====== Args={'value': 0, 'player_num': 2, 'prev_value': 0, 'change': 0}
2019-12-19 19:10:24,815 : INFO : EventManager : Event: ======'player_pikachu_exp'====== Args={'value': 1, 'player_num': 2, 'prev_value': 1, 'change': 0}
2019-12-19 19:10:24,817 : INFO : EventManager : Event: ======'player_gym3_spinner'====== Args={'value': 0, 'player_num': 2, 'prev_value': 0, 'change': 0}
2019-12-19 19:10:24,820 : INFO : EventManager : Event: ======'player_index'====== Args={'value': 1, 'player_num': 2, 'prev_value': 1, 'change': 0}
2019-12-19 19:10:24,822 : INFO : EventManager : Event: ======'player_gym2_drop_targets'====== Args={'value': 0, 'player_num': 2, 'prev_value': 0, 'change': 0}
2019-12-19 19:10:24,824 : INFO : EventManager : Event: ======'player_score'====== Args={'value': 0, 'player_num': 2, 'prev_value': 0, 'change': 0}
2019-12-19 19:10:24,827 : INFO : EventManager : Event: ======'player_raichu_exp'====== Args={'value': 1, 'player_num': 2, 'prev_value': 1, 'change': 0}
2019-12-19 19:10:24,829 : INFO : EventManager : Event: ======'player_number'====== Args={'value': 2, 'player_num': 2, 'prev_value': 2, 'change': 0}
2019-12-19 19:10:24,911 : INFO : SwitchController : <<<<<<< 's_start' inactive >>>>>>>
2019-12-19 19:10:32,556 : INFO : EventManager : Event: ======'balldevice_bd_plunger_ejecting_ball'====== Args={'balls': 1, 'source': <ball_device.bd_plunger>, 'num_attempts': 1, 'mechanical_eject': None, 'target': <playfield.playfield>}
2019-12-19 19:10:34,336 : INFO : SwitchController : <<<<<<< 's_spinner' active >>>>>>>
2019-12-19 19:10:34,337 : INFO : EventManager : Event: ======'s_spinner_active'====== Args={}
2019-12-19 19:10:34,338 : INFO : EventManager : Event: ======'sw_playfield_active'====== Args={}
2019-12-19 19:10:34,361 : INFO : EventManager : Event: ======'machine_var_audits_switches_s_spinner'====== Args={'value': 9260, 'prev_value': 9259, 'change': 1}
2019-12-19 19:10:34,367 : INFO : EventManager : Event: ======'player_pichu_exp'====== Args={'value': 9, 'player_num': 1, 'prev_value': 8, 'change': 1}
2019-12-19 19:10:34,370 : INFO : EventManager : Event: ======'player_score'====== Args={'value': 8, 'player_num': 1, 'prev_value': 7, 'change': 1}
2019-12-19 19:10:34,373 : INFO : EventManager : Event: ======'check_evolve_pichu'====== Args={'priority': 0}
2019-12-19 19:10:34,377 : INFO : EventManager : Event: ======'playfield_active'====== Args={}
2019-12-19 19:10:34,411 : INFO : EventManager : Event: ======'balldevice_bd_plunger_ball_eject_success'====== Args={'balls': 1, 'target': <playfield.playfield>}
2019-12-19 19:10:34,413 : INFO : EventManager : Event: ======'balldevice_playfield_ball_enter'====== Args={'new_balls': 1, 'device': <playfield.playfield>, 'unclaimed_balls': 1}
2019-12-19 19:10:34,415 : INFO : EventManager : Event: ======'playfield_ball_count_change'====== Args={'balls': 1, 'change': 1}
2019-12-19 19:10:34,419 : INFO : EventManager : Event: ======'balldevice_bd_trough_ball_eject_success'====== Args={'balls': 1, 'target': <ball_device.bd_plunger>}
2019-12-19 19:10:34,421 : INFO : EventManager : Event: ======'balldevice_bd_trough_ball_count_changed'====== Args={'balls': 0}
2019-12-19 19:10:34,463 : INFO : SwitchController : <<<<<<< 's_spinner' inactive >>>>>>>
2019-12-19 19:10:34,960 : INFO : SwitchController : <<<<<<< 's_flipper_right' active >>>>>>>
2019-12-19 19:10:34,981 : INFO : EventManager : Event: ======'machine_var_audits_switches_s_flipper_right'====== Args={'value': 11230, 'prev_value': 11229, 'change': 1}
2019-12-19 19:10:35,087 : INFO : SwitchController : <<<<<<< 's_flipper_right' inactive >>>>>>>
2019-12-19 19:10:35,393 : INFO : SwitchController : <<<<<<< 's_pop_bottom' active >>>>>>>
2019-12-19 19:10:35,395 : INFO : EventManager : Event: ======'s_pop_bottom_active'====== Args={}
2019-12-19 19:10:35,428 : INFO : EventManager : Event: ======'machine_var_audits_switches_s_pop_bottom'====== Args={'value': 2931, 'prev_value': 2930, 'change': 1}
2019-12-19 19:10:35,434 : INFO : EventManager : Event: ======'player_pichu_exp'====== Args={'value': 14, 'player_num': 1, 'prev_value': 9, 'change': 5}
2019-12-19 19:10:35,437 : INFO : EventManager : Event: ======'player_score'====== Args={'value': 13, 'player_num': 1, 'prev_value': 8, 'change': 5}
2019-12-19 19:10:35,440 : INFO : EventManager : Event: ======'check_evolve_pichu'====== Args={'priority': 0}
2019-12-19 19:10:35,446 : INFO : SwitchController : <<<<<<< 's_pop_bottom' inactive >>>>>>>
2019-12-19 19:10:35,777 : INFO : SwitchController : <<<<<<< 's_pop_right' active >>>>>>>
2019-12-19 19:10:35,778 : INFO : EventManager : Event: ======'s_pop_right_active'====== Args={}
2019-12-19 19:10:35,802 : INFO : EventManager : Event: ======'machine_var_audits_switches_s_pop_right'====== Args={'value': 3635, 'prev_value': 3634, 'change': 1}
2019-12-19 19:10:35,806 : INFO : EventManager : Event: ======'player_pichu_exp'====== Args={'value': 19, 'player_num': 1, 'prev_value': 14, 'change': 5}
2019-12-19 19:10:35,808 : INFO : EventManager : Event: ======'player_score'====== Args={'value': 18, 'player_num': 1, 'prev_value': 13, 'change': 5}
2019-12-19 19:10:35,810 : INFO : EventManager : Event: ======'check_evolve_pichu'====== Args={'priority': 0}
2019-12-19 19:10:35,816 : INFO : SwitchController : <<<<<<< 's_pop_right' inactive >>>>>>>
2019-12-19 19:10:38,243 : INFO : SwitchController : <<<<<<< 's_flipper_right' active >>>>>>>
2019-12-19 19:10:38,282 : INFO : EventManager : Event: ======'machine_var_audits_switches_s_flipper_right'====== Args={'value': 11231, 'prev_value': 11230, 'change': 1}
2019-12-19 19:10:38,367 : INFO : SwitchController : <<<<<<< 's_flipper_right' inactive >>>>>>>
2019-12-19 19:10:38,529 : INFO : SwitchController : <<<<<<< 's_pop_bottom' active >>>>>>>
2019-12-19 19:10:38,530 : INFO : EventManager : Event: ======'s_pop_bottom_active'====== Args={}
2019-12-19 19:10:38,556 : INFO : EventManager : Event: ======'machine_var_audits_switches_s_pop_bottom'====== Args={'value': 2932, 'prev_value': 2931, 'change': 1}
2019-12-19 19:10:38,561 : INFO : EventManager : Event: ======'player_pichu_exp'====== Args={'value': 24, 'player_num': 1, 'prev_value': 19, 'change': 5}
2019-12-19 19:10:38,565 : INFO : EventManager : Event: ======'player_score'====== Args={'value': 23, 'player_num': 1, 'prev_value': 18, 'change': 5}
2019-12-19 19:10:38,569 : INFO : EventManager : Event: ======'check_evolve_pichu'====== Args={'priority': 0}
2019-12-19 19:10:38,576 : INFO : SwitchController : <<<<<<< 's_pop_bottom' inactive >>>>>>>
2019-12-19 19:10:43,088 : INFO : SwitchController : <<<<<<< 's_saucer' active >>>>>>>
2019-12-19 19:10:43,089 : INFO : EventManager : Event: ======'s_saucer_active'====== Args={}
2019-12-19 19:10:43,111 : INFO : EventManager : Event: ======'machine_var_audits_switches_s_saucer'====== Args={'value': 1212, 'prev_value': 1211, 'change': 1}
2019-12-19 19:10:43,116 : INFO : EventManager : Event: ======'player_pichu_exp'====== Args={'value': 39, 'player_num': 1, 'prev_value': 24, 'change': 15}
2019-12-19 19:10:43,119 : INFO : EventManager : Event: ======'player_score'====== Args={'value': 38, 'player_num': 1, 'prev_value': 23, 'change': 15}
2019-12-19 19:10:43,121 : INFO : EventManager : Event: ======'check_evolve_pichu'====== Args={'priority': 0}
2019-12-19 19:10:43,582 : INFO : EventManager : Event: ======'balldevice_bd_saucer_ball_count_changed'====== Args={'balls': 1}
2019-12-19 19:10:43,584 : INFO : EventManager : Event: ======'balldevice_captured_from_playfield'====== Args={'balls': 1}
2019-12-19 19:10:43,590 : INFO : EventManager : Event: ======'sw_playfield_active'====== Args={'balls': 1}
2019-12-19 19:10:43,592 : INFO : EventManager : Event: ======'playfield_ball_count_change'====== Args={'balls': 0, 'change': -1}
2019-12-19 19:10:43,599 : INFO : EventManager : Event: ======'balldevice_bd_saucer_ball_enter'====== Args={'device': <ball_device.bd_saucer>, 'new_balls': 1, 'new_available_balls': 1, 'unclaimed_balls': 1}
2019-12-19 19:10:43,606 : INFO : EventManager : Event: ======'balldevice_balls_available'====== Args={}
2019-12-19 19:10:43,607 : INFO : EventManager : Event: ======'balldevice_balls_available'====== Args={}
2019-12-19 19:10:43,608 : INFO : EventManager : Event: ======'balldevice_bd_saucer_ball_entered'====== Args={'new_balls': 1, 'device': <ball_device.bd_saucer>}
2019-12-19 19:10:43,627 : INFO : EventManager : Event: ======'balldevice_bd_saucer_ball_eject_attempt'====== Args={'balls': 1, 'source': <ball_device.bd_saucer>, 'num_attempts': 0, 'mechanical_eject': False, 'target': <playfield.playfield>}
2019-12-19 19:10:43,633 : INFO : ball_device.bd_saucer : Ejecting ball to <playfield.playfield>
2019-12-19 19:10:43,640 : INFO : EventManager : Event: ======'balldevice_bd_saucer_ejecting_ball'====== Args={'balls': 1, 'source': <ball_device.bd_saucer>, 'num_attempts': 0, 'mechanical_eject': False, 'target': <playfield.playfield>}
2019-12-19 19:10:43,652 : INFO : coil.c_saucer : Pulsing Driver for 60ms (1.0 pulse_power)
2019-12-19 19:10:43,695 : INFO : SwitchController : <<<<<<< 's_saucer' inactive >>>>>>>
2019-12-19 19:10:44,796 : INFO : EventManager : Event: ======'balldevice_bd_saucer_ball_eject_success'====== Args={'balls': 1, 'target': <playfield.playfield>}
2019-12-19 19:10:44,800 : INFO : EventManager : Event: ======'balldevice_playfield_ball_enter'====== Args={'new_balls': 1, 'device': <playfield.playfield>, 'unclaimed_balls': 1}
2019-12-19 19:10:44,801 : INFO : EventManager : Event: ======'playfield_ball_count_change'====== Args={'balls': 1, 'change': 1}
2019-12-19 19:10:44,806 : INFO : EventManager : Event: ======'balldevice_bd_saucer_ball_count_changed'====== Args={'balls': 0}
2019-12-19 19:10:45,360 : INFO : SwitchController : <<<<<<< 's_pop_right' active >>>>>>>
2019-12-19 19:10:45,361 : INFO : EventManager : Event: ======'s_pop_right_active'====== Args={}
2019-12-19 19:10:45,385 : INFO : EventManager : Event: ======'machine_var_audits_switches_s_pop_right'====== Args={'value': 3636, 'prev_value': 3635, 'change': 1}
2019-12-19 19:10:45,391 : INFO : EventManager : Event: ======'player_pichu_exp'====== Args={'value': 44, 'player_num': 1, 'prev_value': 39, 'change': 5}
2019-12-19 19:10:45,394 : INFO : EventManager : Event: ======'player_score'====== Args={'value': 43, 'player_num': 1, 'prev_value': 38, 'change': 5}
2019-12-19 19:10:45,395 : INFO : EventManager : Event: ======'check_evolve_pichu'====== Args={'priority': 0}
2019-12-19 19:10:45,428 : INFO : SwitchController : <<<<<<< 's_pop_right' inactive >>>>>>>
2019-12-19 19:10:46,082 : INFO : SwitchController : <<<<<<< 's_pop_top' active >>>>>>>
2019-12-19 19:10:46,083 : INFO : EventManager : Event: ======'s_pop_top_active'====== Args={}
2019-12-19 19:10:46,115 : INFO : EventManager : Event: ======'machine_var_audits_switches_s_pop_top'====== Args={'value': 1172, 'prev_value': 1171, 'change': 1}
2019-12-19 19:10:46,122 : INFO : EventManager : Event: ======'player_pichu_exp'====== Args={'value': 49, 'player_num': 1, 'prev_value': 44, 'change': 5}
2019-12-19 19:10:46,125 : INFO : EventManager : Event: ======'player_score'====== Args={'value': 48, 'player_num': 1, 'prev_value': 43, 'change': 5}
2019-12-19 19:10:46,130 : INFO : EventManager : Event: ======'check_evolve_pichu'====== Args={'priority': 0}
2019-12-19 19:10:46,177 : INFO : SwitchController : <<<<<<< 's_pop_top' inactive >>>>>>>
2019-12-19 19:10:46,191 : INFO : SwitchController : <<<<<<< 's_pop_top' active >>>>>>>
2019-12-19 19:10:46,203 : INFO : EventManager : Event: ======'machine_var_audits_switches_s_pop_top'====== Args={'value': 1173, 'prev_value': 1172, 'change': 1}
2019-12-19 19:10:46,205 : INFO : SwitchController : <<<<<<< 's_pop_top' inactive >>>>>>>
2019-12-19 19:10:47,664 : INFO : SwitchController : <<<<<<< 's_pop_bottom' active >>>>>>>
2019-12-19 19:10:47,665 : INFO : EventManager : Event: ======'s_pop_bottom_active'====== Args={}
2019-12-19 19:10:47,681 : INFO : EventManager : Event: ======'machine_var_audits_switches_s_pop_bottom'====== Args={'value': 2933, 'prev_value': 2932, 'change': 1}
2019-12-19 19:10:47,683 : INFO : EventManager : Event: ======'player_pichu_exp'====== Args={'value': 54, 'player_num': 1, 'prev_value': 49, 'change': 5}
2019-12-19 19:10:47,684 : INFO : EventManager : Event: ======'player_score'====== Args={'value': 53, 'player_num': 1, 'prev_value': 48, 'change': 5}
2019-12-19 19:10:47,685 : INFO : EventManager : Event: ======'check_evolve_pichu'====== Args={'priority': 0}
2019-12-19 19:10:47,688 : INFO : SwitchController : <<<<<<< 's_pop_bottom' inactive >>>>>>>
2019-12-19 19:10:50,560 : INFO : SwitchController : <<<<<<< 's_flipper_right' active >>>>>>>
2019-12-19 19:10:50,584 : INFO : EventManager : Event: ======'machine_var_audits_switches_s_flipper_right'====== Args={'value': 11232, 'prev_value': 11231, 'change': 1}
2019-12-19 19:10:50,671 : INFO : SwitchController : <<<<<<< 's_flipper_right' inactive >>>>>>>
2019-12-19 19:10:52,703 : INFO : SwitchController : <<<<<<< 's_flipper_left' active >>>>>>>
2019-12-19 19:10:52,713 : INFO : EventManager : Event: ======'machine_var_audits_switches_s_flipper_left'====== Args={'value': 7577, 'prev_value': 7576, 'change': 1}
2019-12-19 19:10:52,767 : INFO : SwitchController : <<<<<<< 's_flipper_left' inactive >>>>>>>
2019-12-19 19:10:53,023 : INFO : SwitchController : <<<<<<< 's_pop_bottom' active >>>>>>>
2019-12-19 19:10:53,024 : INFO : EventManager : Event: ======'s_pop_bottom_active'====== Args={}
2019-12-19 19:10:53,048 : INFO : EventManager : Event: ======'machine_var_audits_switches_s_pop_bottom'====== Args={'value': 2934, 'prev_value': 2933, 'change': 1}
2019-12-19 19:10:53,052 : INFO : EventManager : Event: ======'player_pichu_exp'====== Args={'value': 59, 'player_num': 1, 'prev_value': 54, 'change': 5}
2019-12-19 19:10:53,054 : INFO : EventManager : Event: ======'player_score'====== Args={'value': 58, 'player_num': 1, 'prev_value': 53, 'change': 5}
2019-12-19 19:10:53,057 : INFO : EventManager : Event: ======'check_evolve_pichu'====== Args={'priority': 0}
2019-12-19 19:10:53,063 : INFO : SwitchController : <<<<<<< 's_pop_bottom' inactive >>>>>>>
2019-12-19 19:10:53,078 : INFO : SwitchController : <<<<<<< 's_pop_bottom' active >>>>>>>
2019-12-19 19:10:53,086 : INFO : EventManager : Event: ======'machine_var_audits_switches_s_pop_bottom'====== Args={'value': 2935, 'prev_value': 2934, 'change': 1}
2019-12-19 19:10:53,088 : INFO : SwitchController : <<<<<<< 's_pop_bottom' inactive >>>>>>>
2019-12-19 19:10:53,441 : INFO : SwitchController : <<<<<<< 's_sling_right' active >>>>>>>
2019-12-19 19:10:53,442 : INFO : EventManager : Event: ======'s_sling_right_active'====== Args={}
2019-12-19 19:10:53,475 : INFO : EventManager : Event: ======'machine_var_audits_switches_s_sling_right'====== Args={'value': 1243, 'prev_value': 1242, 'change': 1}
2019-12-19 19:10:53,479 : INFO : SwitchController : <<<<<<< 's_sling_right' inactive >>>>>>>
2019-12-19 19:10:53,501 : INFO : EventManager : Event: ======'player_pichu_exp'====== Args={'value': 60, 'player_num': 1, 'prev_value': 59, 'change': 1}
2019-12-19 19:10:53,504 : INFO : EventManager : Event: ======'player_score'====== Args={'value': 59, 'player_num': 1, 'prev_value': 58, 'change': 1}
2019-12-19 19:10:53,506 : INFO : EventManager : Event: ======'check_evolve_pichu'====== Args={'priority': 0}
2019-12-19 19:10:53,512 : INFO : SwitchController : <<<<<<< 's_flipper_right' active >>>>>>>
2019-12-19 19:10:53,527 : INFO : EventManager : Event: ======'machine_var_audits_switches_s_flipper_right'====== Args={'value': 11233, 'prev_value': 11232, 'change': 1}
2019-12-19 19:10:53,728 : INFO : SwitchController : <<<<<<< 's_flipper_right' inactive >>>>>>>
2019-12-19 19:10:54,896 : INFO : SwitchController : <<<<<<< 's_drain' active >>>>>>>
2019-12-19 19:10:54,923 : INFO : EventManager : Event: ======'machine_var_audits_switches_s_drain'====== Args={'value': 2782, 'prev_value': 2781, 'change': 1}
2019-12-19 19:10:55,392 : INFO : EventManager : Event: ======'balldevice_bd_drain_ball_count_changed'====== Args={'balls': 1}
2019-12-19 19:10:55,393 : INFO : EventManager : Event: ======'balldevice_captured_from_playfield'====== Args={'balls': 1}
2019-12-19 19:10:55,397 : INFO : EventManager : Event: ======'sw_playfield_active'====== Args={'balls': 1}
2019-12-19 19:10:55,398 : INFO : EventManager : Event: ======'playfield_ball_count_change'====== Args={'balls': 0, 'change': -1}
2019-12-19 19:10:55,402 : INFO : EventManager : Event: ======'balldevice_bd_drain_ball_enter'====== Args={'device': <ball_device.bd_drain>, 'new_balls': 1, 'new_available_balls': 1, 'unclaimed_balls': 1}
2019-12-19 19:10:55,405 : INFO : EventManager : Event: ======'ball_drain'====== Args={'balls': 1, 'device': <ball_device.bd_drain>}
2019-12-19 19:10:55,410 : INFO : EventManager : Event: ======'ball_will_end'====== Args={}
2019-12-19 19:10:55,411 : INFO : EventManager : Event: ======'balldevice_balls_available'====== Args={}
2019-12-19 19:10:55,412 : INFO : EventManager : Event: ======'balldevice_balls_available'====== Args={}
2019-12-19 19:10:55,413 : INFO : EventManager : Event: ======'balldevice_bd_drain_ball_entered'====== Args={'new_balls': 1, 'device': <ball_device.bd_drain>}
2019-12-19 19:10:55,423 : INFO : EventManager : Event: ======'ball_ending'====== Args={}
2019-12-19 19:10:55,427 : INFO : EventManager : Event: ======'mode_score_display_will_stop'====== Args={}
2019-12-19 19:10:55,428 : INFO : EventManager : Event: ======'mode_score_display_stopping'====== Args={}
2019-12-19 19:10:55,429 : INFO : EventManager : Event: ======'mode_gym0_will_stop'====== Args={}
2019-12-19 19:10:55,429 : INFO : EventManager : Event: ======'mode_gym0_stopping'====== Args={}
2019-12-19 19:10:55,430 : INFO : EventManager : Event: ======'mode_pichu_will_stop'====== Args={}
2019-12-19 19:10:55,431 : INFO : EventManager : Event: ======'mode_pichu_stopping'====== Args={}
2019-12-19 19:10:55,432 : INFO : EventManager : Event: ======'mode_base_will_stop'====== Args={}
2019-12-19 19:10:55,432 : INFO : EventManager : Event: ======'mode_base_stopping'====== Args={}
2019-12-19 19:10:55,439 : INFO : Mode.base : Stopped.
2019-12-19 19:10:55,442 : INFO : EventManager : Event: ======'mode_base_stopped'====== Args={}
2019-12-19 19:10:55,443 : INFO : EventManager : Event: ======'clear'====== Args={'key': 'base'}
2019-12-19 19:10:55,444 : INFO : Mode.pichu : Stopped.
2019-12-19 19:10:55,448 : INFO : EventManager : Event: ======'mode_pichu_stopped'====== Args={}
2019-12-19 19:10:55,449 : INFO : EventManager : Event: ======'clear'====== Args={'key': 'pichu'}
2019-12-19 19:10:55,449 : INFO : Mode.gym0 : Stopped.
2019-12-19 19:10:55,451 : INFO : EventManager : Event: ======'mode_gym0_stopped'====== Args={}
2019-12-19 19:10:55,452 : INFO : EventManager : Event: ======'clear'====== Args={'key': 'gym0'}
2019-12-19 19:10:55,453 : INFO : Mode.score_display : Stopped.
2019-12-19 19:10:55,457 : INFO : EventManager : Event: ======'mode_score_display_stopped'====== Args={}
2019-12-19 19:10:55,457 : INFO : EventManager : Event: ======'clear'====== Args={'key': 'score_display'}
2019-12-19 19:10:55,463 : INFO : EventManager : Event: ======'ball_ended'====== Args={}
2019-12-19 19:10:55,464 : INFO : EventManager : Event: ======'balldevice_bd_drain_ball_eject_attempt'====== Args={'balls': 1, 'source': <ball_device.bd_drain>, 'num_attempts': 0, 'mechanical_eject': False, 'target': <ball_device.bd_trough>}
2019-12-19 19:10:55,469 : INFO : ball_device.bd_drain : Ejecting ball to <ball_device.bd_trough>
2019-12-19 19:10:55,469 : INFO : EventManager : Event: ======'balldevice_bd_drain_ejecting_ball'====== Args={'balls': 1, 'source': <ball_device.bd_drain>, 'num_attempts': 0, 'mechanical_eject': False, 'target': <ball_device.bd_trough>}
2019-12-19 19:10:55,470 : INFO : EventManager : Event: ======'player_turn_will_end'====== Args={'number': 1, 'player': <Player 1>}
2019-12-19 19:10:55,473 : INFO : EventManager : Event: ======'player_turn_ending'====== Args={'number': 1, 'player': <Player 1>}
2019-12-19 19:10:55,475 : INFO : EventManager : Event: ======'slide_slide_mode_pichu_started_removed'====== Args={'_from_bcp': True}
2019-12-19 19:10:55,478 : INFO : EventManager : Event: ======'player_turn_ended'====== Args={'number': 1, 'player': <Player 1>}
2019-12-19 19:10:55,479 : INFO : coil.c_drain : Pulsing Driver for 20ms (1.0 pulse_power)
2019-12-19 19:10:55,481 : INFO : EventManager : Event: ======'slide_slide_mode_gym0_started_removed'====== Args={'_from_bcp': True}
2019-12-19 19:10:55,485 : INFO : EventManager : Event: ======'player_turn_will_start'====== Args={'number': 2, 'player': <Player 2>}
2019-12-19 19:10:55,487 : INFO : EventManager : Event: ======'player_turn_starting'====== Args={'number': 2, 'player': <Player 2>}
2019-12-19 19:10:55,490 : INFO : EventManager : Event: ======'player_ball'====== Args={'value': 1, 'player_num': 2, 'prev_value': 0, 'change': 1}
2019-12-19 19:10:55,491 : INFO : EventManager : Event: ======'player_turn_started'====== Args={'number': 2, 'player': <Player 2>}
2019-12-19 19:10:55,494 : INFO : EventManager : Event: ======'ball_will_start'====== Args={'player': 2, 'is_extra_ball': False, 'ball': 1, 'balls_remaining': 2}
2019-12-19 19:10:55,496 : INFO : EventManager : Event: ======'slide_slide_mode_score_display_started_removed'====== Args={'_from_bcp': True}
2019-12-19 19:10:55,498 : INFO : EventManager : Event: ======'ball_starting'====== Args={'player': 2, 'is_extra_ball': False, 'ball': 1, 'balls_remaining': 2}
2019-12-19 19:10:55,500 : INFO : EventManager : Event: ======'slide_top_blank_active'====== Args={'_from_bcp': True}
2019-12-19 19:10:55,501 : INFO : EventManager : Event: ======'mode_score_display_will_start'====== Args={'is_extra_ball': False, 'ball': 1, 'balls_remaining': 2, 'queue': <QueuedEvent>, 'player': 2}
2019-12-19 19:10:55,505 : INFO : EventManager : Duplicate handler for class PluginPlayer.widgets on event player_added with priority 300. Handlers: [RegisteredHandler(callback=<bound method ConfigPlayer.config_play_callback of PluginPlayer.widgets>, priority=300, kwargs={'mode': <Mode.score_display>, 'settings': {'player_4_lcd_info_widget': {'priority': 0, 'key': None, 'action': 'add', 'slide': 'slide_mode_score_display_started', 'target': None}}, 'calling_context': 'player_added{num==4}'}, key=UUID('e8a80138-afe4-4efb-a5c5-8a4ca186851d'), condition=<mpf.core.placeholder_manager.BoolTemplate object at 0x00000263A0841F30>, blocking_facility=None)]
2019-12-19 19:10:55,506 : INFO : EventManager : Duplicate handler for class PluginPlayer.widgets on event player_added with priority 300. Handlers: [RegisteredHandler(callback=<bound method ConfigPlayer.config_play_callback of PluginPlayer.widgets>, priority=300, kwargs={'mode': <Mode.score_display>, 'settings': {'player_4_lcd_info_widget': {'priority': 0, 'key': None, 'action': 'add', 'slide': 'slide_mode_score_display_started', 'target': None}}, 'calling_context': 'player_added{num==4}'}, key=UUID('e8a80138-afe4-4efb-a5c5-8a4ca186851d'), condition=<mpf.core.placeholder_manager.BoolTemplate object at 0x00000263A0841F30>, blocking_facility=None)]
2019-12-19 19:10:55,507 : INFO : EventManager : Duplicate handler for class PluginPlayer.widgets on event player_added with priority 300. Handlers: [RegisteredHandler(callback=<bound method ConfigPlayer.config_play_callback of PluginPlayer.widgets>, priority=300, kwargs={'mode': <Mode.score_display>, 'settings': {'player_3_lcd_info_widget': {'priority': 0, 'key': None, 'action': 'add', 'slide': 'slide_mode_score_display_started', 'target': None}}, 'calling_context': 'player_added{num==3}'}, key=UUID('5e5d4337-0667-4673-91f0-8bf0989cb632'), condition=<mpf.core.placeholder_manager.BoolTemplate object at 0x00000263A060FF78>, blocking_facility=None)]
2019-12-19 19:10:55,510 : INFO : EventManager : Event: ======'mode_score_display_starting'====== Args={'is_extra_ball': False, 'ball': 1, 'balls_remaining': 2, 'queue': <QueuedEvent>, 'player': 2}
2019-12-19 19:10:55,511 : INFO : EventManager : Event: ======'mode_base_will_start'====== Args={'is_extra_ball': False, 'ball': 1, 'balls_remaining': 2, 'queue': <QueuedEvent>, 'player': 2}
2019-12-19 19:10:55,515 : INFO : EventManager : Event: ======'mode_base_starting'====== Args={'is_extra_ball': False, 'ball': 1, 'balls_remaining': 2, 'queue': <QueuedEvent>, 'player': 2}
2019-12-19 19:10:55,515 : INFO : drop_target_bank.right_bank : 1 targets are down. Will reset those.
2019-12-19 19:10:55,516 : INFO : coil.c_drop_reset : Enabling Driver for 400ms (1.0 pulse_power)
2019-12-19 19:10:55,518 : INFO : EventManager : Event: ======'slide_middle_blank_active'====== Args={'_from_bcp': True}
2019-12-19 19:10:55,522 : INFO : Mode.base : Started. Priority: 31
2019-12-19 19:10:55,522 : INFO : EventManager : Event: ======'mode_base_started'====== Args={'is_extra_ball': False, 'ball': 1, 'balls_remaining': 2, 'queue': <QueuedEvent>, 'player': 2}
2019-12-19 19:10:55,523 : INFO : EventManager : Event: ======'start_mode_pichu'====== Args={'priority': 0}
2019-12-19 19:10:55,523 : INFO : EventManager : Event: ======'mode_pichu_will_start'====== Args={'priority': 0}
2019-12-19 19:10:55,533 : INFO : EventManager : Event: ======'mode_pichu_starting'====== Args={'priority': 0}
2019-12-19 19:10:55,534 : INFO : Mode.pichu : Started. Priority: 75
2019-12-19 19:10:55,534 : INFO : EventManager : Event: ======'mode_pichu_started'====== Args={'priority': 0}
2019-12-19 19:10:55,535 : INFO : Mode.score_display : Started. Priority: 300
2019-12-19 19:10:55,536 : INFO : EventManager : Event: ======'mode_score_display_started'====== Args={'is_extra_ball': False, 'ball': 1, 'balls_remaining': 2, 'queue': <QueuedEvent>, 'player': 2}
2019-12-19 19:10:55,538 : INFO : EventManager : Event: ======'balls_in_play'====== Args={'balls': 1}
2019-12-19 19:10:55,538 : INFO : EventManager : Event: ======'ball_started'====== Args={'player': 2, 'is_extra_ball': False, 'ball': 1, 'balls_remaining': 2}
2019-12-19 19:10:55,539 : INFO : EventManager : Event: ======'slide_bottom_blank_active'====== Args={'_from_bcp': True}
2019-12-19 19:10:55,542 : INFO : EventManager : Event: ======'start_gym0_event'====== Args={'priority': 0}
2019-12-19 19:10:55,546 : INFO : EventManager : Event: ======'mode_gym0_will_start'====== Args={'priority': 0}
2019-12-19 19:10:55,549 : INFO : EventManager : Event: ======'mode_gym0_starting'====== Args={'priority': 0}
2019-12-19 19:10:55,549 : INFO : Mode.gym0 : Started. Priority: 200
2019-12-19 19:10:55,550 : INFO : EventManager : Event: ======'mode_gym0_started'====== Args={'priority': 0}
2019-12-19 19:10:55,553 : INFO : EventManager : Event: ======'multi_player_ball_started'====== Args={}
2019-12-19 19:10:55,557 : INFO : SwitchController : <<<<<<< 's_drain' inactive >>>>>>>
2019-12-19 19:10:55,566 : INFO : EventManager : Event: ======'player_2_ball_started'====== Args={}
2019-12-19 19:10:55,569 : INFO : EventManager : Event: ======'balldevice_balls_available'====== Args={}
2019-12-19 19:10:55,581 : INFO : EventManager : Event: ======'slide_slide_mode_pichu_started_created'====== Args={'_from_bcp': True}
2019-12-19 19:10:55,603 : INFO : EventManager : Event: ======'slide_slide_mode_score_display_started_created'====== Args={'_from_bcp': True}
2019-12-19 19:10:55,614 : INFO : EventManager : Event: ======'slide_slide_mode_pichu_started_active'====== Args={'_from_bcp': True}
2019-12-19 19:10:55,616 : INFO : SwitchController : <<<<<<< 's_drop_center' inactive >>>>>>>
2019-12-19 19:10:55,617 : INFO : EventManager : Event: ======'playfield_active'====== Args={}
2019-12-19 19:10:55,617 : INFO : EventManager : Event: ======'unexpected_ball_on_playfield'====== Args={}
2019-12-19 19:10:55,617 : INFO : EventManager : Event: ======'drop_target_drop2_up'====== Args={'device': <drop_target.drop2>}
2019-12-19 19:10:55,630 : INFO : EventManager : Event: ======'slide_slide_mode_score_display_started_active'====== Args={'_from_bcp': True}
2019-12-19 19:10:55,660 : INFO : EventManager : Event: ======'slide_slide_mode_gym0_started_created'====== Args={'_from_bcp': True}
2019-12-19 19:10:55,667 : INFO : EventManager : Event: ======'slide_slide_mode_gym0_started_active'====== Args={'_from_bcp': True}
2019-12-19 19:10:55,888 : INFO : SwitchController : <<<<<<< 's_trough' active >>>>>>>
2019-12-19 19:10:55,908 : INFO : EventManager : Event: ======'machine_var_audits_switches_s_trough'====== Args={'value': 1618, 'prev_value': 1617, 'change': 1}
2019-12-19 19:10:55,913 : INFO : coil.c_drop_reset : Disabling Driver
2019-12-19 19:10:55,920 : INFO : SwitchController : <<<<<<< 's_trough' inactive >>>>>>>
2019-12-19 19:10:56,000 : INFO : EventManager : Event: ======'restore'====== Args={}
2019-12-19 19:10:56,001 : INFO : EventManager : Event: ======'drop_target_bank_right_bank_up'====== Args={}
2019-12-19 19:10:56,141 : INFO : SwitchController : <<<<<<< 's_drop_left' active >>>>>>>
2019-12-19 19:10:56,142 : INFO : EventManager : Event: ======'s_drop_left_active'====== Args={}
2019-12-19 19:10:56,143 : INFO : EventManager : Event: ======'playfield_active'====== Args={}
2019-12-19 19:10:56,143 : INFO : EventManager : Event: ======'unexpected_ball_on_playfield'====== Args={}
2019-12-19 19:10:56,144 : INFO : EventManager : Event: ======'drop_target_drop1_down'====== Args={'device': <drop_target.drop1>}
2019-12-19 19:10:56,146 : INFO : EventManager : Event: ======'drop_target_bank_right_bank_mixed'====== Args={'down': 1}
2019-12-19 19:10:56,168 : INFO : EventManager : Event: ======'machine_var_audits_switches_s_drop_left'====== Args={'value': 594, 'prev_value': 593, 'change': 1}
2019-12-19 19:10:56,171 : INFO : EventManager : Event: ======'player_pichu_exp'====== Args={'value': 8, 'player_num': 2, 'prev_value': 1, 'change': 7}
2019-12-19 19:10:56,173 : INFO : EventManager : Event: ======'player_score'====== Args={'value': 7, 'player_num': 2, 'prev_value': 0, 'change': 7}
2019-12-19 19:10:56,176 : INFO : EventManager : Event: ======'check_evolve_pichu'====== Args={'priority': 0}
2019-12-19 19:10:56,181 : INFO : SwitchController : <<<<<<< 's_trough' active >>>>>>>
2019-12-19 19:10:56,194 : INFO : EventManager : Event: ======'machine_var_audits_switches_s_trough'====== Args={'value': 1619, 'prev_value': 1618, 'change': 1}
2019-12-19 19:10:56,680 : INFO : EventManager : Event: ======'balldevice_bd_trough_ball_enter'====== Args={'device': <ball_device.bd_trough>, 'new_balls': 1, 'new_available_balls': 0, 'unclaimed_balls': 0}
2019-12-19 19:10:56,682 : INFO : EventManager : Event: ======'ball_drain'====== Args={'balls': 0, 'device': <ball_device.bd_trough>}
2019-12-19 19:10:56,685 : INFO : EventManager : Event: ======'balldevice_bd_trough_ball_entered'====== Args={'new_balls': 0, 'device': <ball_device.bd_trough>}
2019-12-19 19:10:56,685 : INFO : EventManager : Event: ======'balldevice_bd_trough_ball_count_changed'====== Args={'balls': 1}
2019-12-19 19:10:56,687 : INFO : EventManager : Event: ======'balldevice_bd_drain_ball_eject_success'====== Args={'balls': 1, 'target': <ball_device.bd_trough>}
2019-12-19 19:10:56,689 : INFO : EventManager : Event: ======'balldevice_bd_trough_ball_eject_attempt'====== Args={'balls': 1, 'source': <ball_device.bd_trough>, 'num_attempts': 0, 'mechanical_eject': True, 'target': <ball_device.bd_plunger>}
2019-12-19 19:10:56,691 : INFO : EventManager : Event: ======'balldevice_bd_drain_ball_count_changed'====== Args={'balls': 0}
2019-12-19 19:10:56,694 : INFO : ball_device.bd_trough : Ejecting ball to <ball_device.bd_plunger>
2019-12-19 19:10:56,695 : INFO : EventManager : Event: ======'balldevice_bd_trough_ejecting_ball'====== Args={'balls': 1, 'source': <ball_device.bd_trough>, 'num_attempts': 0, 'mechanical_eject': True, 'target': <ball_device.bd_plunger>}
2019-12-19 19:10:56,699 : INFO : coil.c_trough : Pulsing Driver for 7ms (1.0 pulse_power)
2019-12-19 19:10:56,735 : INFO : SwitchController : <<<<<<< 's_trough' inactive >>>>>>>
2019-12-19 19:11:06,724 : INFO : EventManager : Event: ======'balldevice_bd_plunger_ejecting_ball'====== Args={'balls': 1, 'source': <ball_device.bd_plunger>, 'num_attempts': 1, 'mechanical_eject': None, 'target': <playfield.playfield>}
2019-12-19 19:11:07,888 : INFO : SwitchController : <<<<<<< 's_start' active >>>>>>>
2019-12-19 19:11:07,889 : INFO : EventManager : Event: ======'sw_start'====== Args={}
2019-12-19 19:11:07,926 : INFO : EventManager : Event: ======'machine_var_audits_switches_s_start'====== Args={'value': 65, 'prev_value': 64, 'change': 1}
2019-12-19 19:11:07,933 : INFO : EventManager : Event: ======'player_add_request'====== Args={}
2019-12-19 19:11:07,935 : INFO : EventManager : Event: ======'player_will_add'====== Args={'number': 3}
2019-12-19 19:11:07,943 : INFO : EventManager : Event: ======'player_adding'====== Args={'number': 3, 'player': <Player 3>}
2019-12-19 19:11:07,944 : INFO : EventManager : Event: ======'player_added'====== Args={'num': 3, 'player': <Player 3>}
2019-12-19 19:11:07,945 : INFO : Mode.game : Player added successfully. Total players: 3
2019-12-19 19:11:07,965 : INFO : EventManager : Event: ======'player_gym4_slingshot'====== Args={'value': 0, 'player_num': 3, 'prev_value': 0, 'change': 0}
2019-12-19 19:11:07,967 : INFO : EventManager : Event: ======'player_gym1_pop'====== Args={'value': 0, 'player_num': 3, 'prev_value': 0, 'change': 0}
2019-12-19 19:11:07,982 : INFO : EventManager : Event: ======'player_gym6_gym'====== Args={'value': 0, 'player_num': 3, 'prev_value': 0, 'change': 0}
2019-12-19 19:11:07,991 : INFO : EventManager : Event: ======'player_pichu_exp'====== Args={'value': 1, 'player_num': 3, 'prev_value': 1, 'change': 0}
2019-12-19 19:11:07,999 : INFO : EventManager : Event: ======'player_gym5_drop_targets'====== Args={'value': 0, 'player_num': 3, 'prev_value': 0, 'change': 0}
2019-12-19 19:11:08,007 : INFO : EventManager : Event: ======'player_pikachu_exp'====== Args={'value': 1, 'player_num': 3, 'prev_value': 1, 'change': 0}
2019-12-19 19:11:08,012 : INFO : EventManager : Event: ======'player_gym3_spinner'====== Args={'value': 0, 'player_num': 3, 'prev_value': 0, 'change': 0}
2019-12-19 19:11:08,015 : INFO : EventManager : Event: ======'player_index'====== Args={'value': 2, 'player_num': 3, 'prev_value': 2, 'change': 0}
2019-12-19 19:11:08,016 : INFO : EventManager : Event: ======'player_gym2_drop_targets'====== Args={'value': 0, 'player_num': 3, 'prev_value': 0, 'change': 0}
2019-12-19 19:11:08,018 : INFO : EventManager : Event: ======'player_score'====== Args={'value': 0, 'player_num': 3, 'prev_value': 0, 'change': 0}
2019-12-19 19:11:08,019 : INFO : EventManager : Event: ======'player_raichu_exp'====== Args={'value': 1, 'player_num': 3, 'prev_value': 1, 'change': 0}
2019-12-19 19:11:08,020 : INFO : EventManager : Event: ======'player_number'====== Args={'value': 3, 'player_num': 3, 'prev_value': 3, 'change': 0}
2019-12-19 19:11:08,047 : INFO : SwitchController : <<<<<<< 's_start' inactive >>>>>>>
2019-12-19 19:11:16,718 : INFO : EventManager : Event: ======'balldevice_bd_plunger_ball_eject_success'====== Args={'balls': 1, 'target': <playfield.playfield>}
2019-12-19 19:11:16,723 : INFO : EventManager : Event: ======'balldevice_playfield_ball_enter'====== Args={'new_balls': 1, 'device': <playfield.playfield>, 'unclaimed_balls': 1}
2019-12-19 19:11:16,724 : INFO : EventManager : Event: ======'playfield_ball_count_change'====== Args={'balls': 1, 'change': 1}
2019-12-19 19:11:16,733 : INFO : EventManager : Event: ======'balldevice_bd_trough_ball_eject_success'====== Args={'balls': 1, 'target': <ball_device.bd_plunger>}
2019-12-19 19:11:16,738 : INFO : EventManager : Event: ======'balldevice_bd_trough_ball_count_changed'====== Args={'balls': 0}
2019-12-19 19:13:02,144 : INFO : Machine : Shutting down...
2019-12-19 19:13:02,144 : INFO : EventManager : Event: ======'shutdown'====== Args={}
2019-12-19 19:13:02,238 : ERROR : FAST : Stop called on serial connection com4
2019-12-19 19:13:02,238 : ERROR : FAST : Stop called on serial connection com5
2019-12-19 19:13:02,504 : INFO : root : MPF run loop ended.
