2019-12-17 22:04:53,410 : INFO : Machine : Mission Pinball Framework Core Engine v0.52.9
2019-12-17 22:04:53,410 : INFO : Machine : Command line arguments: {'create_config_cache': True, 'loglevel': 15, 'no_load_cache': False, 'force_platform': None, 'syslog_address': None, 'consoleloglevel': 20, 'mc_file_name': None, 'bcp': True, 'mpfconfigfile': 'c:\\users\\mission pinball\\appdata\\local\\programs\\python\\python35\\lib\\site-packages\\mpf\\mpfconfig.yaml', 'jsonlogging': False, 'force_assets_load': False, 'text_ui': True, 'configfile': ['config.yaml'], 'no_sound': False, 'pause': False, 'logfile': 'logs\\2019-12-17-22-04-53-mpf-DESKTOP-I5I6D25.log', 'production': False}
2019-12-17 22:04:53,410 : INFO : Machine : MPF path: c:\users\mission pinball\appdata\local\programs\python\python35\lib\site-packages\mpf
2019-12-17 22:04:53,410 : INFO : Machine : Machine path: E:\POKEMON - 3 - GYMS DISPLAYS
2019-12-17 22:04:53,410 : INFO : Machine : Platform: win32
2019-12-17 22:04:53,410 : INFO : Machine : Python executable location: c:\users\mission pinball\appdata\local\programs\python\python35\python.exe
2019-12-17 22:04:53,410 : INFO : Machine : Python version: 3.5.4 (64-bit)
2019-12-17 22:04:53,410 : INFO : Machine : Machine config file #1: config.yaml
2019-12-17 22:04:53,425 : INFO : ConfigProcessor : Loading config from cache: C:\Users\MISSIO~1\AppData\Local\Temp\e9c23ebab43a14b7e211b4dd18480f15.mpf_cache
2019-12-17 22:04:53,456 : INFO : Machine : Initialise MPF.
2019-12-17 22:04:53,988 : INFO : FAST : Connecting to com4 at 921600bps
2019-12-17 22:04:54,050 : INFO : FAST : Connected! Processor: NET, Board Type: FP-CPU-002-2, Firmware: 01.01
2019-12-17 22:04:54,050 : INFO : EventManager : Event: ======'machine_var_fast_net_firmware'====== Args={'change': True, 'prev_value': None, 'value': '01.01'}
2019-12-17 22:04:54,050 : INFO : EventManager : Event: ======'machine_var_fast_net_model'====== Args={'change': True, 'prev_value': None, 'value': 'FP-CPU-002-2'}
2019-12-17 22:04:54,050 : WARNING : FAST : Not resetting FAST NET because firmware is currently broken.
2019-12-17 22:04:54,113 : INFO : FAST : Connecting to com5 at 921600bps
2019-12-17 22:04:54,160 : INFO : FAST : Connected! Processor: RGB, Board Type: FP-CPU-002-2, Firmware: 01.00
2019-12-17 22:04:54,160 : INFO : EventManager : Event: ======'machine_var_fast_rgb_firmware'====== Args={'change': True, 'prev_value': None, 'value': '01.00'}
2019-12-17 22:04:54,160 : INFO : EventManager : Event: ======'machine_var_fast_rgb_model'====== Args={'change': True, 'prev_value': None, 'value': 'FP-CPU-002-2'}
2019-12-17 22:04:54,160 : INFO : EventManager : Event: ======'machine_var_credits_string'====== Args={'change': True, 'prev_value': None, 'value': 'FREE PLAY'}
2019-12-17 22:04:54,394 : INFO : EventManager : Event: ======'machine_var_player1_score'====== Args={'change': True, 'prev_value': None, 'value': 159}
2019-12-17 22:04:54,394 : INFO : EventManager : Event: ======'machine_var_mpf_version'====== Args={'change': True, 'prev_value': None, 'value': 'MPF v0.52.9'}
2019-12-17 22:04:54,394 : INFO : EventManager : Event: ======'machine_var_mpf_extended_version'====== Args={'change': True, 'prev_value': None, 'value': 'MPF v0.52.9, Config version:5, Show version: 5, BCP version:1.1'}
2019-12-17 22:04:54,394 : INFO : EventManager : Event: ======'machine_var_python_version'====== Args={'change': True, 'prev_value': None, 'value': '3.5.4'}
2019-12-17 22:04:54,394 : INFO : EventManager : Event: ======'machine_var_platform'====== Args={'change': True, 'prev_value': None, 'value': 'Windows-10-10.0.18362-SP0'}
2019-12-17 22:04:54,394 : INFO : EventManager : Event: ======'machine_var_platform_system'====== Args={'change': True, 'prev_value': None, 'value': 'Windows'}
2019-12-17 22:04:54,394 : INFO : EventManager : Event: ======'machine_var_platform_release'====== Args={'change': True, 'prev_value': None, 'value': '10'}
2019-12-17 22:04:54,394 : INFO : EventManager : Event: ======'machine_var_platform_version'====== Args={'change': True, 'prev_value': None, 'value': '10.0.18362'}
2019-12-17 22:04:54,394 : INFO : EventManager : Event: ======'machine_var_platform_machine'====== Args={'change': True, 'prev_value': None, 'value': 'AMD64'}
2019-12-17 22:04:54,394 : INFO : EventManager : Event: ======'init_phase_1'====== Args={}
2019-12-17 22:04:54,878 : INFO : ConfigProcessor : Loading config from cache: C:\Users\MISSIO~1\AppData\Local\Temp\03465e6905c319de2817a60078df797b.mpf_cache
2019-12-17 22:04:54,925 : INFO : ConfigProcessor : Loading config from cache: C:\Users\MISSIO~1\AppData\Local\Temp\c721f48534ae43d3f9c4e17312560aaa.mpf_cache
2019-12-17 22:04:54,956 : INFO : ConfigProcessor : Loading config from cache: C:\Users\MISSIO~1\AppData\Local\Temp\691014465c877a30c4e85c0b37ef7391.mpf_cache
2019-12-17 22:04:54,972 : INFO : ConfigProcessor : Loading config from cache: C:\Users\MISSIO~1\AppData\Local\Temp\aacde2a5df2e44f5e01226064ab4c3c5.mpf_cache
2019-12-17 22:04:54,988 : INFO : ConfigProcessor : Loading config from cache: C:\Users\MISSIO~1\AppData\Local\Temp\7c8a3dbd3a1f76b71c509d64239c80b0.mpf_cache
2019-12-17 22:04:55,003 : INFO : ConfigProcessor : Loading config from cache: C:\Users\MISSIO~1\AppData\Local\Temp\91c30393a7736530c48ab886a6ae90df.mpf_cache
2019-12-17 22:04:55,019 : INFO : ConfigProcessor : Loading config from cache: C:\Users\MISSIO~1\AppData\Local\Temp\1b6068dc0dcf1445cf37058c25ad802b.mpf_cache
2019-12-17 22:04:55,035 : INFO : ConfigProcessor : Loading config from cache: C:\Users\MISSIO~1\AppData\Local\Temp\3585cb1a70d2f2b7c5655afaacf1bc74.mpf_cache
2019-12-17 22:04:55,050 : INFO : ConfigProcessor : Loading config from cache: C:\Users\MISSIO~1\AppData\Local\Temp\2bf399aa483f8a887eec2aa10342ca9f.mpf_cache
2019-12-17 22:04:55,066 : INFO : ConfigProcessor : Loading config from cache: C:\Users\MISSIO~1\AppData\Local\Temp\e94996e3615e593edab21d6f0e7b4569.mpf_cache
2019-12-17 22:04:55,081 : INFO : ConfigProcessor : Loading config from cache: C:\Users\MISSIO~1\AppData\Local\Temp\ffc5df461fc927df7502c20268b6e23c.mpf_cache
2019-12-17 22:04:55,097 : INFO : ConfigProcessor : Loading config from cache: C:\Users\MISSIO~1\AppData\Local\Temp\60827c7dca166edb23011cd46fd5e301.mpf_cache
2019-12-17 22:04:55,113 : INFO : ConfigProcessor : Loading config from cache: C:\Users\MISSIO~1\AppData\Local\Temp\2ad3e4afc7b8ab807ff1625862e58922.mpf_cache
2019-12-17 22:04:55,128 : INFO : ConfigProcessor : Loading config from cache: C:\Users\MISSIO~1\AppData\Local\Temp\c4c39d8157ba863610e7d2b8306a4087.mpf_cache
2019-12-17 22:04:55,144 : INFO : ConfigProcessor : Loading config from cache: C:\Users\MISSIO~1\AppData\Local\Temp\325be8140670be7b4f7f24b4ea9ecf41.mpf_cache
2019-12-17 22:04:55,160 : INFO : ConfigProcessor : Loading config from cache: C:\Users\MISSIO~1\AppData\Local\Temp\37af0ab3cb4984093f408b6580ccda04.mpf_cache
2019-12-17 22:04:55,175 : INFO : ConfigProcessor : Loading config from cache: C:\Users\MISSIO~1\AppData\Local\Temp\0c90eb48fda27bb17da0cfa70b6cea42.mpf_cache
2019-12-17 22:04:55,191 : INFO : ConfigProcessor : Loading config from cache: C:\Users\MISSIO~1\AppData\Local\Temp\aad48548988dd5e95d839b70bde2a6c9.mpf_cache
2019-12-17 22:04:55,206 : INFO : ConfigProcessor : Loading config from cache: C:\Users\MISSIO~1\AppData\Local\Temp\868965d45e8ef85973deb1cc43e3c6e9.mpf_cache
2019-12-17 22:04:55,222 : INFO : ConfigProcessor : Loading config from cache: C:\Users\MISSIO~1\AppData\Local\Temp\00b811264d7e79f39b66bcbc6609bb6e.mpf_cache
2019-12-17 22:04:55,238 : INFO : ConfigProcessor : Loading config from cache: C:\Users\MISSIO~1\AppData\Local\Temp\4ed449c86f3920ad38c9f19e6b1fcd80.mpf_cache
2019-12-17 22:04:55,253 : INFO : ConfigProcessor : Loading config from cache: C:\Users\MISSIO~1\AppData\Local\Temp\9463ad916821e4687af4640a7d04ba98.mpf_cache
2019-12-17 22:04:55,269 : INFO : ConfigProcessor : Loading config from cache: C:\Users\MISSIO~1\AppData\Local\Temp\da1c75dbc5d48bb99b7ea9aec7919bfa.mpf_cache
2019-12-17 22:04:55,285 : INFO : ConfigProcessor : Loading config from cache: C:\Users\MISSIO~1\AppData\Local\Temp\230c7edf879901b77e29ab003ecfd977.mpf_cache
2019-12-17 22:04:55,300 : INFO : ConfigProcessor : Loading config from cache: C:\Users\MISSIO~1\AppData\Local\Temp\3512d3a51b29689f2a9a6db585213e7b.mpf_cache
2019-12-17 22:04:55,316 : INFO : ConfigProcessor : Loading config from cache: C:\Users\MISSIO~1\AppData\Local\Temp\d868708421ecefdd23b54f4fefaa5a63.mpf_cache
2019-12-17 22:04:55,331 : INFO : ConfigProcessor : Loading config from cache: C:\Users\MISSIO~1\AppData\Local\Temp\db69f4aeb06b399317225bf0f2d24564.mpf_cache
2019-12-17 22:04:55,441 : INFO : EventManager : Event: ======'drop_target_bank_right_bank_up'====== Args={}
2019-12-17 22:04:55,456 : INFO : EventManager : Event: ======'init_phase_2'====== Args={}
2019-12-17 22:04:55,581 : INFO : EventManager : Event: ======'bcp_connection_attempt'====== Args={'host': 'localhost', 'name': 'local_display', 'port': 5050}
2019-12-17 22:04:55,597 : INFO : BCPClientSocket.local_display : Connecting BCP to 'local_display' at localhost:5050...
2019-12-17 22:04:56,613 : WARNING : FAST : Port com4 was blocked for more than 1s. Reseting send queue! If this happens frequently report a bug!
2019-12-17 22:04:57,613 : WARNING : FAST : Port com4 was blocked for more than 1s. Reseting send queue! If this happens frequently report a bug!
2019-12-17 22:05:01,785 : INFO : BCPClientSocket.local_display : Connected BCP to 'local_display' localhost:5050
2019-12-17 22:05:01,790 : INFO : EventManager : Event: ======'bcp_clients_connected'====== Args={}
2019-12-17 22:05:01,859 : INFO : EventManager : Event: ======'machine_var_master_volume'====== Args={'change': True, 'prev_value': None, 'value': 0.5}
2019-12-17 22:05:02,466 : INFO : EventManager : Event: ======'init_phase_3'====== Args={}
2019-12-17 22:05:02,494 : INFO : EventManager : Event: ======'init_phase_4'====== Args={}
2019-12-17 22:05:02,503 : INFO : EventManager : Event: ======'machine_var_audits_events_game_started'====== Args={'change': True, 'prev_value': None, 'value': 350}
2019-12-17 22:05:02,504 : INFO : EventManager : Event: ======'machine_var_audits_events_game_ended'====== Args={'change': True, 'prev_value': None, 'value': 286}
2019-12-17 22:05:02,505 : INFO : EventManager : Event: ======'machine_var_audits_player_score'====== Args={'change': True, 'prev_value': None, 'value': {'average': 243.0983606557377, 'top': [1053, 829, 828, 828, 808, 778, 726, 724, 722, 706], 'total': 305}}
2019-12-17 22:05:02,507 : INFO : EventManager : Event: ======'machine_var_audits_switches_s_spinner'====== Args={'change': True, 'prev_value': None, 'value': 9176}
2019-12-17 22:05:02,508 : INFO : EventManager : Event: ======'machine_var_audits_switches_s_plunger_lane'====== Args={'change': True, 'prev_value': None, 'value': 88}
2019-12-17 22:05:02,509 : INFO : EventManager : Event: ======'machine_var_audits_switches_s_sling_right'====== Args={'change': True, 'prev_value': None, 'value': 1238}
2019-12-17 22:05:02,510 : INFO : EventManager : Event: ======'machine_var_audits_switches_s_pop_left'====== Args={'change': True, 'prev_value': None, 'value': 10}
2019-12-17 22:05:02,511 : INFO : EventManager : Event: ======'machine_var_audits_switches_s_start'====== Args={'change': True, 'prev_value': None, 'value': 54}
2019-12-17 22:05:02,513 : INFO : EventManager : Event: ======'machine_var_audits_switches_s_flipper_right'====== Args={'change': True, 'prev_value': None, 'value': 11203}
2019-12-17 22:05:02,514 : INFO : EventManager : Event: ======'machine_var_audits_switches_s_pop_top'====== Args={'change': True, 'prev_value': None, 'value': 1165}
2019-12-17 22:05:02,515 : INFO : EventManager : Event: ======'machine_var_audits_switches_s_pop_right'====== Args={'change': True, 'prev_value': None, 'value': 3616}
2019-12-17 22:05:02,516 : INFO : EventManager : Event: ======'machine_var_audits_switches_s_gym'====== Args={'change': True, 'prev_value': None, 'value': 457}
2019-12-17 22:05:02,517 : INFO : EventManager : Event: ======'machine_var_audits_switches_s_flipper_left'====== Args={'change': True, 'prev_value': None, 'value': 7567}
2019-12-17 22:05:02,519 : INFO : EventManager : Event: ======'machine_var_audits_switches_s_pop_bottom'====== Args={'change': True, 'prev_value': None, 'value': 2917}
2019-12-17 22:05:02,520 : INFO : EventManager : Event: ======'machine_var_audits_switches_s_drop_left'====== Args={'change': True, 'prev_value': None, 'value': 591}
2019-12-17 22:05:02,521 : INFO : EventManager : Event: ======'machine_var_audits_switches_s_drop_right'====== Args={'change': True, 'prev_value': None, 'value': 518}
2019-12-17 22:05:02,522 : INFO : EventManager : Event: ======'machine_var_audits_switches_s_drop_center'====== Args={'change': True, 'prev_value': None, 'value': 663}
2019-12-17 22:05:02,523 : INFO : EventManager : Event: ======'machine_var_audits_switches_s_trough'====== Args={'change': True, 'prev_value': None, 'value': 1591}
2019-12-17 22:05:02,524 : INFO : EventManager : Event: ======'machine_var_audits_switches_s_saucer'====== Args={'change': True, 'prev_value': None, 'value': 1203}
2019-12-17 22:05:02,525 : INFO : EventManager : Event: ======'machine_var_audits_switches_s_sling_left'====== Args={'change': True, 'prev_value': None, 'value': 1074}
2019-12-17 22:05:02,526 : INFO : EventManager : Event: ======'machine_var_audits_switches_s_drain'====== Args={'change': True, 'prev_value': None, 'value': 2766}
2019-12-17 22:05:02,529 : INFO : EventManager : Event: ======'init_phase_5'====== Args={}
2019-12-17 22:05:02,531 : INFO : EventManager : Event: ======'init_done'====== Args={}
2019-12-17 22:05:02,533 : WARNING : FAST : Port NET received more messages than were sent! Resetting!
2019-12-17 22:05:02,533 : WARNING : FAST : Port NET received more messages than were sent! Resetting!
2019-12-17 22:05:02,533 : WARNING : FAST : Port NET received more messages than were sent! Resetting!
2019-12-17 22:05:02,534 : WARNING : FAST : Port NET received more messages than were sent! Resetting!
2019-12-17 22:05:02,534 : WARNING : FAST : Port NET received more messages than were sent! Resetting!
2019-12-17 22:05:02,534 : WARNING : FAST : Port NET received more messages than were sent! Resetting!
2019-12-17 22:05:02,534 : WARNING : FAST : Port NET received more messages than were sent! Resetting!
2019-12-17 22:05:02,534 : WARNING : FAST : Port NET received more messages than were sent! Resetting!
2019-12-17 22:05:02,535 : WARNING : FAST : Port NET received more messages than were sent! Resetting!
2019-12-17 22:05:02,535 : WARNING : FAST : Port NET received more messages than were sent! Resetting!
2019-12-17 22:05:02,535 : WARNING : FAST : Port NET received more messages than were sent! Resetting!
2019-12-17 22:05:02,535 : WARNING : FAST : Port NET received more messages than were sent! Resetting!
2019-12-17 22:05:02,536 : WARNING : FAST : Port NET received more messages than were sent! Resetting!
2019-12-17 22:05:02,536 : WARNING : FAST : Port NET received more messages than were sent! Resetting!
2019-12-17 22:05:02,536 : WARNING : FAST : Port NET received more messages than were sent! Resetting!
2019-12-17 22:05:02,536 : WARNING : FAST : Port NET received more messages than were sent! Resetting!
2019-12-17 22:05:02,537 : WARNING : FAST : Port NET received more messages than were sent! Resetting!
2019-12-17 22:05:02,537 : WARNING : FAST : Port NET received more messages than were sent! Resetting!
2019-12-17 22:05:02,537 : WARNING : FAST : Port NET received more messages than were sent! Resetting!
2019-12-17 22:05:02,537 : WARNING : FAST : Port NET received more messages than were sent! Resetting!
2019-12-17 22:05:02,537 : WARNING : FAST : Port NET received more messages than were sent! Resetting!
2019-12-17 22:05:02,538 : WARNING : FAST : Port NET received more messages than were sent! Resetting!
2019-12-17 22:05:02,541 : INFO : EventManager : Event: ======'machine_reset_phase_1'====== Args={}
2019-12-17 22:05:02,551 : INFO : EventManager : Event: ======'slide_welcome_slide_removed'====== Args={'_from_bcp': True}
2019-12-17 22:05:02,561 : INFO : EventManager : Event: ======'slide_welcome_slide_created'====== Args={'_from_bcp': True}
2019-12-17 22:05:02,569 : INFO : EventManager : Event: ======'machine_reset_phase_2'====== Args={}
2019-12-17 22:05:02,571 : INFO : EventManager : Event: ======'machine_reset_phase_3'====== Args={}
2019-12-17 22:05:02,573 : INFO : drop_target_bank.right_bank : All targets are already up. Will not reset bank.
2019-12-17 22:05:02,574 : INFO : EventManager : Event: ======'slide_welcome_slide_active'====== Args={'_from_bcp': True}
2019-12-17 22:05:02,577 : INFO : EventManager : Event: ======'reset_complete'====== Args={}
2019-12-17 22:05:02,578 : INFO : EventManager : Event: ======'mode_attract_will_start'====== Args={}
2019-12-17 22:05:02,581 : INFO : EventManager : Event: ======'mode_attract_starting'====== Args={}
2019-12-17 22:05:02,582 : INFO : Mode.attract : Started. Priority: 10
2019-12-17 22:05:02,584 : INFO : EventManager : Event: ======'mode_attract_started'====== Args={}
2019-12-17 22:05:02,586 : INFO : EventManager : Event: ======'collecting_balls_complete'====== Args={}
2019-12-17 22:05:02,590 : INFO : Machine : Starting the main run loop.
2019-12-17 22:05:02,602 : INFO : EventManager : Event: ======'slide_attract_started_created'====== Args={'_from_bcp': True}
2019-12-17 22:05:02,607 : INFO : EventManager : Event: ======'slide_attract_started_active'====== Args={'_from_bcp': True}
2019-12-17 22:05:07,849 : INFO : SwitchController : <<<<<<< 's_start' active >>>>>>>
2019-12-17 22:05:07,976 : INFO : SwitchController : <<<<<<< 's_start' inactive >>>>>>>
2019-12-17 22:05:07,977 : INFO : EventManager : Event: ======'request_to_start_game'====== Args={}
2019-12-17 22:05:07,995 : INFO : BallController : playfield contains 0 balls. Tags ['default']
2019-12-17 22:05:07,996 : INFO : BallController : bd_trough contains 0 balls. Tags ['home', 'trough']
2019-12-17 22:05:07,996 : INFO : BallController : bd_plunger contains 0 balls. Tags []
2019-12-17 22:05:07,997 : INFO : BallController : bd_saucer contains 0 balls. Tags []
2019-12-17 22:05:07,997 : INFO : BallController : bd_drain contains 0 balls. Tags ['drain']
2019-12-17 22:05:07,997 : WARNING : BallController : WARNING: BallController denies game start. Not enough balls. 0 found. 1 required
2019-12-17 22:05:11,256 : INFO : SwitchController : <<<<<<< 's_start' active >>>>>>>
2019-12-17 22:05:11,416 : INFO : SwitchController : <<<<<<< 's_start' inactive >>>>>>>
2019-12-17 22:05:11,417 : INFO : EventManager : Event: ======'request_to_start_game'====== Args={}
2019-12-17 22:05:11,430 : INFO : BallController : playfield contains 0 balls. Tags ['default']
2019-12-17 22:05:11,431 : INFO : BallController : bd_trough contains 0 balls. Tags ['home', 'trough']
2019-12-17 22:05:11,431 : INFO : BallController : bd_plunger contains 0 balls. Tags []
2019-12-17 22:05:11,431 : INFO : BallController : bd_saucer contains 0 balls. Tags []
2019-12-17 22:05:11,432 : INFO : BallController : bd_drain contains 0 balls. Tags ['drain']
2019-12-17 22:05:11,432 : WARNING : BallController : WARNING: BallController denies game start. Not enough balls. 0 found. 1 required
2019-12-17 22:05:12,025 : INFO : SwitchController : <<<<<<< 's_start' active >>>>>>>
2019-12-17 22:05:12,280 : INFO : SwitchController : <<<<<<< 's_start' inactive >>>>>>>
2019-12-17 22:05:12,281 : INFO : EventManager : Event: ======'request_to_start_game'====== Args={}
2019-12-17 22:05:12,296 : INFO : BallController : playfield contains 0 balls. Tags ['default']
2019-12-17 22:05:12,297 : INFO : BallController : bd_trough contains 0 balls. Tags ['home', 'trough']
2019-12-17 22:05:12,298 : INFO : BallController : bd_plunger contains 0 balls. Tags []
2019-12-17 22:05:12,298 : INFO : BallController : bd_saucer contains 0 balls. Tags []
2019-12-17 22:05:12,298 : INFO : BallController : bd_drain contains 0 balls. Tags ['drain']
2019-12-17 22:05:12,299 : WARNING : BallController : WARNING: BallController denies game start. Not enough balls. 0 found. 1 required
2019-12-17 22:05:13,656 : INFO : SwitchController : <<<<<<< 's_start' active >>>>>>>
2019-12-17 22:05:13,912 : INFO : SwitchController : <<<<<<< 's_start' inactive >>>>>>>
2019-12-17 22:05:13,913 : INFO : EventManager : Event: ======'request_to_start_game'====== Args={}
2019-12-17 22:05:13,940 : INFO : BallController : playfield contains 0 balls. Tags ['default']
2019-12-17 22:05:13,940 : INFO : BallController : bd_trough contains 0 balls. Tags ['home', 'trough']
2019-12-17 22:05:13,941 : INFO : BallController : bd_plunger contains 0 balls. Tags []
2019-12-17 22:05:13,941 : INFO : BallController : bd_saucer contains 0 balls. Tags []
2019-12-17 22:05:13,942 : INFO : BallController : bd_drain contains 0 balls. Tags ['drain']
2019-12-17 22:05:13,942 : WARNING : BallController : WARNING: BallController denies game start. Not enough balls. 0 found. 1 required
2019-12-17 22:05:14,737 : INFO : SwitchController : <<<<<<< 's_start' active >>>>>>>
2019-12-17 22:05:14,808 : INFO : SwitchController : <<<<<<< 's_start' inactive >>>>>>>
2019-12-17 22:05:14,808 : INFO : EventManager : Event: ======'request_to_start_game'====== Args={}
2019-12-17 22:05:14,816 : INFO : BallController : playfield contains 0 balls. Tags ['default']
2019-12-17 22:05:14,817 : INFO : BallController : bd_trough contains 0 balls. Tags ['home', 'trough']
2019-12-17 22:05:14,817 : INFO : BallController : bd_plunger contains 0 balls. Tags []
2019-12-17 22:05:14,817 : INFO : BallController : bd_saucer contains 0 balls. Tags []
2019-12-17 22:05:14,817 : INFO : BallController : bd_drain contains 0 balls. Tags ['drain']
2019-12-17 22:05:14,818 : WARNING : BallController : WARNING: BallController denies game start. Not enough balls. 0 found. 1 required
2019-12-17 22:05:14,952 : INFO : SwitchController : <<<<<<< 's_start' active >>>>>>>
2019-12-17 22:05:15,048 : INFO : SwitchController : <<<<<<< 's_start' inactive >>>>>>>
2019-12-17 22:05:15,049 : INFO : EventManager : Event: ======'request_to_start_game'====== Args={}
2019-12-17 22:05:15,063 : INFO : BallController : playfield contains 0 balls. Tags ['default']
2019-12-17 22:05:15,064 : INFO : BallController : bd_trough contains 0 balls. Tags ['home', 'trough']
2019-12-17 22:05:15,064 : INFO : BallController : bd_plunger contains 0 balls. Tags []
2019-12-17 22:05:15,065 : INFO : BallController : bd_saucer contains 0 balls. Tags []
2019-12-17 22:05:15,065 : INFO : BallController : bd_drain contains 0 balls. Tags ['drain']
2019-12-17 22:05:15,066 : WARNING : BallController : WARNING: BallController denies game start. Not enough balls. 0 found. 1 required
2019-12-17 22:05:15,304 : INFO : SwitchController : <<<<<<< 's_start' active >>>>>>>
2019-12-17 22:05:15,739 : INFO : SwitchController : <<<<<<< 's_start' inactive >>>>>>>
2019-12-17 22:05:15,740 : INFO : EventManager : Event: ======'request_to_start_game'====== Args={}
2019-12-17 22:05:15,751 : INFO : BallController : playfield contains 0 balls. Tags ['default']
2019-12-17 22:05:15,751 : INFO : BallController : bd_trough contains 0 balls. Tags ['home', 'trough']
2019-12-17 22:05:15,752 : INFO : BallController : bd_plunger contains 0 balls. Tags []
2019-12-17 22:05:15,752 : INFO : BallController : bd_saucer contains 0 balls. Tags []
2019-12-17 22:05:15,752 : INFO : BallController : bd_drain contains 0 balls. Tags ['drain']
2019-12-17 22:05:15,752 : WARNING : BallController : WARNING: BallController denies game start. Not enough balls. 0 found. 1 required
2019-12-17 22:05:21,064 : INFO : SwitchController : <<<<<<< 's_start' active >>>>>>>
2019-12-17 22:05:21,160 : INFO : SwitchController : <<<<<<< 's_start' inactive >>>>>>>
2019-12-17 22:05:21,160 : INFO : EventManager : Event: ======'request_to_start_game'====== Args={}
2019-12-17 22:05:21,169 : INFO : BallController : playfield contains 0 balls. Tags ['default']
2019-12-17 22:05:21,170 : INFO : BallController : bd_trough contains 0 balls. Tags ['home', 'trough']
2019-12-17 22:05:21,170 : INFO : BallController : bd_plunger contains 0 balls. Tags []
2019-12-17 22:05:21,170 : INFO : BallController : bd_saucer contains 0 balls. Tags []
2019-12-17 22:05:21,170 : INFO : BallController : bd_drain contains 0 balls. Tags ['drain']
2019-12-17 22:05:21,170 : WARNING : BallController : WARNING: BallController denies game start. Not enough balls. 0 found. 1 required
2019-12-17 22:05:21,961 : INFO : SwitchController : <<<<<<< 's_start' active >>>>>>>
2019-12-17 22:05:22,265 : INFO : SwitchController : <<<<<<< 's_start' inactive >>>>>>>
2019-12-17 22:05:22,265 : INFO : EventManager : Event: ======'request_to_start_game'====== Args={}
2019-12-17 22:05:22,282 : INFO : BallController : playfield contains 0 balls. Tags ['default']
2019-12-17 22:05:22,283 : INFO : BallController : bd_trough contains 0 balls. Tags ['home', 'trough']
2019-12-17 22:05:22,284 : INFO : BallController : bd_plunger contains 0 balls. Tags []
2019-12-17 22:05:22,284 : INFO : BallController : bd_saucer contains 0 balls. Tags []
2019-12-17 22:05:22,284 : INFO : BallController : bd_drain contains 0 balls. Tags ['drain']
2019-12-17 22:05:22,285 : WARNING : BallController : WARNING: BallController denies game start. Not enough balls. 0 found. 1 required
2019-12-17 22:05:23,761 : INFO : Machine : Shutting down...
2019-12-17 22:05:23,761 : INFO : EventManager : Event: ======'shutdown'====== Args={}
2019-12-17 22:05:23,824 : ERROR : FAST : Stop called on serial connection com4
2019-12-17 22:05:23,824 : ERROR : FAST : Stop called on serial connection com5
2019-12-17 22:05:24,074 : INFO : root : MPF run loop ended.
