2019-09-23 23:41:54,750 : INFO : Machine : Mission Pinball Framework Core Engine v0.50.17
2019-09-23 23:41:54,750 : INFO : Machine : Command line arguments: {'configfile': ['config.yaml'], 'consoleloglevel': 20, 'create_config_cache': True, 'bcp': True, 'mc_file_name': None, 'syslog_address': None, 'force_assets_load': False, 'no_load_cache': False, 'mpfconfigfile': 'c:\\python34\\lib\\site-packages\\mpf\\mpfconfig.yaml', 'production': False, 'text_ui': True, 'force_platform': None, 'pause': False, 'loglevel': 15, 'logfile': 'logs\\2019-09-23-23-41-54-mpf-DESKTOP-I5I6D25.log'}
2019-09-23 23:41:54,766 : INFO : Machine : MPF path: c:\python34\lib\site-packages\mpf
2019-09-23 23:41:54,766 : INFO : Machine : Machine path: D:\POKEMON
2019-09-23 23:41:54,766 : INFO : Machine : Platform: win32
2019-09-23 23:41:54,766 : INFO : Machine : Python executable location: c:\python34\python.exe
2019-09-23 23:41:54,766 : INFO : Machine : Python version: 3.4.4 (64-bit)
2019-09-23 23:41:56,266 : INFO : Machine : Machine config file #1: config.yaml
2019-09-23 23:41:56,281 : INFO : ConfigProcessor : Loading config from cache: C:\Users\MISSIO~1\AppData\Local\Temp\d99dba3f33c3bdd270e8cf6c1a53f44e.mpf_cache
2019-09-23 23:41:56,297 : INFO : Machine : Initialise MPF.
2019-09-23 23:41:57,078 : INFO : FAST : Connecting to com4 at 921600bps
2019-09-23 23:41:57,125 : INFO : FAST : Connected! Processor: NET, Board Type: FP-CPU-002-2, Firmware: 01.01
2019-09-23 23:41:57,125 : WARNING : FAST : Not resetting FAST NET because firmware is currently broken.
2019-09-23 23:41:57,188 : INFO : FAST : Connecting to com5 at 921600bps
2019-09-23 23:41:57,234 : INFO : FAST : Connected! Processor: RGB, Board Type: FP-CPU-002-2, Firmware: 01.00
2019-09-23 23:41:57,656 : INFO : ConfigProcessor : Loading config from cache: C:\Users\MISSIO~1\AppData\Local\Temp\01c5ea7020f20fc8cd2609416c749c9a.mpf_cache
2019-09-23 23:41:57,688 : INFO : ConfigProcessor : Loading config from cache: C:\Users\MISSIO~1\AppData\Local\Temp\3468305e031c5bbf036e7bdff3037650.mpf_cache
2019-09-23 23:41:57,688 : INFO : ConfigProcessor : Loading config from cache: C:\Users\MISSIO~1\AppData\Local\Temp\10f8871b1481fbf59bf30d5b3d29537e.mpf_cache
2019-09-23 23:41:57,719 : INFO : ConfigProcessor : Loading config from cache: C:\Users\MISSIO~1\AppData\Local\Temp\c8c985d122de6339937b15f5cde5ffe7.mpf_cache
2019-09-23 23:41:57,750 : ERROR : asyncio : Exception in callback EventManager._async_handler_done(<QueuedEvent>)(<Task finishe...modes_all.',)>) at c:\python34\lib\site-packages\mpf\core\events.py:96
handle: <Handle EventManager._async_handler_done(<QueuedEvent>)(<Task finishe...modes_all.',)>) at c:\python34\lib\site-packages\mpf\core\events.py:96>
Traceback (most recent call last):
  File "c:\python34\lib\asyncio\events.py", line 125, in _run
    self._callback(*self._args)
  File "c:\python34\lib\site-packages\mpf\core\events.py", line 99, in _async_handler_done
    future.result()
  File "c:\python34\lib\asyncio\futures.py", line 274, in result
    raise self._exception
  File "c:\python34\lib\asyncio\tasks.py", line 239, in _step
    result = coro.send(None)
  File "c:\python34\lib\site-packages\mpf\core\mode_controller.py", line 113, in load_modes
    self.machine.modes[mode] = self._load_mode(mode)
  File "c:\python34\lib\site-packages\mpf\core\mode_controller.py", line 262, in _load_mode
    config = self._load_mode_config(mode_string)
  File "c:\python34\lib\site-packages\mpf\core\mode_controller.py", line 176, in _load_mode_config
    raise AssertionError("Did not find any config for mode {}.".format(mode_string))
AssertionError: Did not find any config for mode modes_all.
2019-09-23 23:41:58,141 : ERROR : root : Exception is not set.
Traceback (most recent call last):
  File "c:\python34\lib\site-packages\mpf\commands\game.py", line 208, in __init__
    MachineController(mpf_path, machine_path, vars(self.args)).run()
  File "c:\python34\lib\site-packages\mpf\core\machine.py", line 661, in run
    self.initialise_mpf()
  File "c:\python34\lib\site-packages\mpf\core\machine.py", line 653, in initialise_mpf
    if init.exception():
  File "c:\python34\lib\asyncio\futures.py", line 288, in exception
    raise InvalidStateError('Exception is not set.')
asyncio.futures.InvalidStateError: Exception is not set.
