2019-12-14 10:07:25,474 : kivy : Factory: 194 symbols loaded
2019-12-14 10:07:26,145 : kivy : Image: Providers: img_tex, img_dds, img_sdl2, img_pil, img_gif (img_ffpyplayer ignored)
2019-12-14 10:07:26,567 : kivy : VideoGstplayer: Using Gstreamer 1.10.2.0
2019-12-14 10:07:26,645 : kivy : Video: Provider: gstplayer
2019-12-14 10:07:27,036 : kivy : Loading MPF-MC controller
2019-12-14 10:07:27,036 : mpfmc : Mission Pinball Framework Media Controller v0.50.8
2019-12-14 10:07:27,036 : mpfmc : Mission Pinball Framework Game Engine v0.50.17
2019-12-14 10:07:27,036 : mpfmc : Machine path: E:\POKEMON - 3 - GYMS DISPLAYS
2019-12-14 10:07:27,052 : ConfigProcessor : Config file in cache changed: E:\POKEMON - 3 - GYMS DISPLAYS\config\config
2019-12-14 10:07:28,911 : ConfigProcessor : Loading config from file c:\python34\lib\site-packages\mpfmc\mcconfig.yaml.
2019-12-14 10:07:29,130 : ConfigProcessor : Loading config: c:\python34\lib\site-packages\mpfmc\mcconfig.yaml
2019-12-14 10:07:29,130 : ConfigProcessor : Loading config from file E:\POKEMON - 3 - GYMS DISPLAYS\config\config.
2019-12-14 10:07:29,427 : ConfigProcessor : Loading config: E:\POKEMON - 3 - GYMS DISPLAYS\config\config
2019-12-14 10:07:29,458 : ConfigProcessor : Loading config: E:\POKEMON - 3 - GYMS DISPLAYS\config\player_variables.yaml
2019-12-14 10:07:29,474 : ConfigProcessor : Loading config: E:\POKEMON - 3 - GYMS DISPLAYS\config\key_mapping.yaml
2019-12-14 10:07:29,489 : ConfigProcessor : Config file cache created: C:\Users\MISSIO~1\AppData\Local\Temp\aa033f1fd07646de8b3bd008da80b834.mpf_cache
2019-12-14 10:07:29,489 : mpfmc : Starting clock at 60.0Hz
2019-12-14 10:07:29,614 : kivy : Text: Provider: sdl2
2019-12-14 10:07:31,552 : kivy : OSC: using <thread> for socket
2019-12-14 10:07:31,583 : kivy : Window: Provider: sdl2
2019-12-14 10:07:31,857 : kivy : GL: Using the "OpenGL" graphics system
2019-12-14 10:07:31,860 : kivy : GL: GLEW initialization succeeded
2019-12-14 10:07:31,861 : kivy : GL: Backend used <glew>
2019-12-14 10:07:31,862 : kivy : GL: OpenGL version <b'4.4.0 - Build 20.19.15.4835'>
2019-12-14 10:07:31,862 : kivy : GL: OpenGL vendor <b'Intel'>
2019-12-14 10:07:31,863 : kivy : GL: OpenGL renderer <b'Intel(R) HD Graphics'>
2019-12-14 10:07:31,863 : kivy : GL: OpenGL parsed version: 4, 4
2019-12-14 10:07:31,864 : kivy : GL: Shading version <b'4.40 - Build 20.19.15.4835'>
2019-12-14 10:07:31,864 : kivy : GL: Texture max size <16384>
2019-12-14 10:07:31,865 : kivy : GL: Texture max units <32>
2019-12-14 10:07:31,925 : kivy : Shader: fragment shader: <b"WARNING: 0:7: '' :  #version directive missing">
2019-12-14 10:07:31,927 : kivy : Shader: vertex shader: <b"WARNING: 0:7: '' :  #version directive missing">
2019-12-14 10:07:31,947 : kivy : Window: auto add sdl2 input provider
2019-12-14 10:07:31,948 : kivy : Window: virtual keyboard not allowed, single mode, not docked
2019-12-14 10:07:32,014 : SoundSystem : SoundSystem: Using default 'sound_system' settings
2019-12-14 10:07:34,345 : AudioInterface : Initialized
2019-12-14 10:07:34,346 : SoundSystem : No audio tracks are specified in your machine config file. a track named 'default' has been created.
2019-12-14 10:07:34,364 : kivy : Base: Start application main loop
2019-12-14 10:07:34,459 : mpfmc : Display: Setting 'window' as default display
2019-12-14 10:07:34,708 : ConfigProcessor : Loading config from cache: C:\Users\MISSIO~1\AppData\Local\Temp\9463ad916821e4687af4640a7d04ba98.mpf_cache
2019-12-14 10:07:34,716 : ConfigProcessor : Loading config from cache: C:\Users\MISSIO~1\AppData\Local\Temp\3512d3a51b29689f2a9a6db585213e7b.mpf_cache
2019-12-14 10:07:34,727 : ConfigProcessor : Loading config from cache: C:\Users\MISSIO~1\AppData\Local\Temp\c8c985d122de6339937b15f5cde5ffe7.mpf_cache
2019-12-14 10:07:34,730 : ConfigProcessor : Loading config from cache: C:\Users\MISSIO~1\AppData\Local\Temp\da1c75dbc5d48bb99b7ea9aec7919bfa.mpf_cache
2019-12-14 10:07:34,740 : ConfigProcessor : Loading config from cache: C:\Users\MISSIO~1\AppData\Local\Temp\7c8a3dbd3a1f76b71c509d64239c80b0.mpf_cache
2019-12-14 10:07:34,751 : ConfigProcessor : Loading config from cache: C:\Users\MISSIO~1\AppData\Local\Temp\ffc5df461fc927df7502c20268b6e23c.mpf_cache
2019-12-14 10:07:34,755 : ConfigProcessor : Loading config from cache: C:\Users\MISSIO~1\AppData\Local\Temp\4ed449c86f3920ad38c9f19e6b1fcd80.mpf_cache
2019-12-14 10:07:34,762 : ConfigProcessor : Loading config from cache: C:\Users\MISSIO~1\AppData\Local\Temp\03465e6905c319de2817a60078df797b.mpf_cache
2019-12-14 10:07:34,775 : ConfigProcessor : Loading config from cache: C:\Users\MISSIO~1\AppData\Local\Temp\2ad3e4afc7b8ab807ff1625862e58922.mpf_cache
2019-12-14 10:07:34,782 : ConfigProcessor : Loading config from cache: C:\Users\MISSIO~1\AppData\Local\Temp\d868708421ecefdd23b54f4fefaa5a63.mpf_cache
2019-12-14 10:07:34,802 : ConfigProcessor : Loading config from cache: C:\Users\MISSIO~1\AppData\Local\Temp\0c90eb48fda27bb17da0cfa70b6cea42.mpf_cache
2019-12-14 10:07:34,810 : ConfigProcessor : Loading config from cache: C:\Users\MISSIO~1\AppData\Local\Temp\c4c39d8157ba863610e7d2b8306a4087.mpf_cache
2019-12-14 10:07:34,821 : ConfigProcessor : Loading config from cache: C:\Users\MISSIO~1\AppData\Local\Temp\10f8871b1481fbf59bf30d5b3d29537e.mpf_cache
2019-12-14 10:07:34,826 : ConfigProcessor : Loading config from cache: C:\Users\MISSIO~1\AppData\Local\Temp\aacde2a5df2e44f5e01226064ab4c3c5.mpf_cache
2019-12-14 10:07:34,836 : ConfigProcessor : Loading config from cache: C:\Users\MISSIO~1\AppData\Local\Temp\2bf399aa483f8a887eec2aa10342ca9f.mpf_cache
2019-12-14 10:07:34,848 : ConfigProcessor : Loading config from cache: C:\Users\MISSIO~1\AppData\Local\Temp\aad48548988dd5e95d839b70bde2a6c9.mpf_cache
2019-12-14 10:07:34,859 : ConfigProcessor : Loading config from cache: C:\Users\MISSIO~1\AppData\Local\Temp\e94996e3615e593edab21d6f0e7b4569.mpf_cache
2019-12-14 10:07:34,867 : ConfigProcessor : Loading config from cache: C:\Users\MISSIO~1\AppData\Local\Temp\325be8140670be7b4f7f24b4ea9ecf41.mpf_cache
2019-12-14 10:07:34,887 : ConfigProcessor : Loading config from cache: C:\Users\MISSIO~1\AppData\Local\Temp\91c30393a7736530c48ab886a6ae90df.mpf_cache
2019-12-14 10:07:34,909 : ConfigProcessor : Loading config from cache: C:\Users\MISSIO~1\AppData\Local\Temp\37af0ab3cb4984093f408b6580ccda04.mpf_cache
2019-12-14 10:07:34,918 : ConfigProcessor : Loading config from cache: C:\Users\MISSIO~1\AppData\Local\Temp\691014465c877a30c4e85c0b37ef7391.mpf_cache
2019-12-14 10:07:34,927 : ConfigProcessor : Loading config from cache: C:\Users\MISSIO~1\AppData\Local\Temp\230c7edf879901b77e29ab003ecfd977.mpf_cache
2019-12-14 10:07:34,946 : ConfigProcessor : Loading config from cache: C:\Users\MISSIO~1\AppData\Local\Temp\868965d45e8ef85973deb1cc43e3c6e9.mpf_cache
2019-12-14 10:07:34,968 : ConfigProcessor : Loading config from cache: C:\Users\MISSIO~1\AppData\Local\Temp\1b6068dc0dcf1445cf37058c25ad802b.mpf_cache
2019-12-14 10:07:34,980 : ConfigProcessor : Loading config from cache: C:\Users\MISSIO~1\AppData\Local\Temp\00b811264d7e79f39b66bcbc6609bb6e.mpf_cache
2019-12-14 10:07:35,007 : MPF-MC BCP Server : Starting up on localhost port 5050
2019-12-14 10:07:35,037 : MPF-MC BCP Server : Waiting for a connection...
2019-12-14 10:07:35,039 : mpfmc : SlidePlayer: Play called with settings={'slides': {'welcome_slide': {'expire': None, 'action': 'play', 'target': None, 'slide': None, 'transition': None, 'show': True, 'force': False, 'priority': None, 'transition_out': None, 'background_color': [0.0, 0.0, 0.0, 1.0]}}}
2019-12-14 10:07:35,222 : MPF-MC BCP Server : Received connection from: 127.0.0.1:50425
2019-12-14 10:07:35,248 : kivy : GL: NPOT texture support is available
2019-12-14 10:07:35,415 : BcpProcessor : Received invalid BCP command: mode_list
2019-12-14 10:07:35,463 : mpfmc : SlidePlayer: Play called with settings={'slides': {'welcome_slide': {'expire': None, 'action': 'play', 'target': None, 'slide': None, 'transition': None, 'show': True, 'force': False, 'priority': None, 'transition_out': None, 'background_color': [0.0, 0.0, 0.0, 1.0]}}}
2019-12-14 10:07:35,545 : mpfmc : SlidePlayer: Play called with settings={'slides': {'attract_started': {'expire': None, 'action': 'play', 'target': None, 'slide': None, 'transition': None, 'show': True, 'force': False, 'priority': None, 'transition_out': None, 'background_color': [0.0, 0.0, 0.0, 1.0]}}}
2019-12-14 10:07:55,356 : kivy : Base: Leaving application in progress...
2019-12-14 10:07:55,612 : mpfmc : Stopping...
2019-12-14 10:07:55,612 : mpfmc : Loop rate 75.34 Hz
2019-12-14 10:07:55,612 : kivy : MC run loop ended.
2019-12-14 10:07:55,612 : kivy : Stopping child threads... (3 remaining)
2019-12-14 10:07:56,487 : mpfmc : Stopping...
2019-12-14 10:07:56,487 : mpfmc : Loop rate 72.36 Hz
2019-12-14 10:07:56,627 : MPF-MC BCP Server : Stopping BCP sending thread
2019-12-14 10:07:56,705 : kivy : All child threads stopped.
