2019-12-14 15:43:43,097 : INFO : Machine : Mission Pinball Framework Core Engine v0.52.9
2019-12-14 15:43:43,097 : INFO : Machine : Command line arguments: {'no_load_cache': False, 'create_config_cache': True, 'bcp': True, 'configfile': ['config.yaml'], 'mpfconfigfile': 'c:\\users\\mission pinball\\appdata\\local\\programs\\python\\python36\\lib\\site-packages\\mpf\\mpfconfig.yaml', 'force_assets_load': False, 'jsonlogging': False, 'logfile': 'logs\\2019-12-14-15-43-42-mpf-DESKTOP-I5I6D25.log', 'pause': False, 'production': False, 'text_ui': True, 'loglevel': 15, 'consoleloglevel': 20, 'force_platform': None, 'syslog_address': None, 'mc_file_name': None, 'no_sound': False}
2019-12-14 15:43:43,097 : INFO : Machine : MPF path: c:\users\mission pinball\appdata\local\programs\python\python36\lib\site-packages\mpf
2019-12-14 15:43:43,097 : INFO : Machine : Machine path: E:\POKEMON - 3 - GYMS DISPLAYS
2019-12-14 15:43:43,097 : INFO : Machine : Platform: win32
2019-12-14 15:43:43,097 : INFO : Machine : Python executable location: c:\users\mission pinball\appdata\local\programs\python\python36\python.exe
2019-12-14 15:43:43,097 : INFO : Machine : Python version: 3.6.4 (64-bit)
2019-12-14 15:43:43,113 : INFO : Machine : Machine config file #1: config.yaml
2019-12-14 15:43:43,129 : WARNING : ConfigProcessor : Cache file not found: C:\Users\MISSIO~1\AppData\Local\Temp\da9833b65bba8487c845b9baf72a53be.mpf_cache
2019-12-14 15:43:43,129 : INFO : ConfigProcessor : Loading config from file c:\users\mission pinball\appdata\local\programs\python\python36\lib\site-packages\mpf\mpfconfig.yaml.
2019-12-14 15:43:43,535 : INFO : ConfigProcessor : Loading config: c:\users\mission pinball\appdata\local\programs\python\python36\lib\site-packages\mpf\mpfconfig.yaml
2019-12-14 15:43:45,379 : INFO : ConfigValidator : Config spec file cache created: C:\Users\MISSIO~1\AppData\Local\Temp\config_spec.mpf_cache
2019-12-14 15:43:45,410 : INFO : ConfigProcessor : Loading config from file E:\POKEMON - 3 - GYMS DISPLAYS\config\config.yaml.
2019-12-14 15:43:45,675 : INFO : ConfigProcessor : Loading config: E:\POKEMON - 3 - GYMS DISPLAYS\config\config.yaml
2019-12-14 15:43:45,722 : INFO : ConfigProcessor : Loading config: E:\POKEMON - 3 - GYMS DISPLAYS\config\player_variables.yaml
2019-12-14 15:43:45,769 : INFO : ConfigProcessor : Loading config: E:\POKEMON - 3 - GYMS DISPLAYS\config\key_mapping.yaml
2019-12-14 15:43:45,769 : INFO : ConfigProcessor : Config file cache created: C:\Users\MISSIO~1\AppData\Local\Temp\da9833b65bba8487c845b9baf72a53be.mpf_cache
2019-12-14 15:43:45,785 : INFO : Machine : Initialise MPF.
2019-12-14 15:43:46,238 : INFO : FAST : Connecting to com4 at 921600bps
2019-12-14 15:43:46,300 : INFO : FAST : Connected! Processor: NET, Board Type: FP-CPU-002-2, Firmware: 01.01
2019-12-14 15:43:46,300 : INFO : EventManager : Event: ======'machine_var_fast_net_firmware'====== Args={'value': '01.01', 'prev_value': None, 'change': True}
2019-12-14 15:43:46,300 : INFO : EventManager : Event: ======'machine_var_fast_net_model'====== Args={'value': 'FP-CPU-002-2', 'prev_value': None, 'change': True}
2019-12-14 15:43:46,300 : WARNING : FAST : Not resetting FAST NET because firmware is currently broken.
2019-12-14 15:43:46,363 : INFO : FAST : Connecting to com5 at 921600bps
2019-12-14 15:43:46,410 : INFO : FAST : Connected! Processor: RGB, Board Type: FP-CPU-002-2, Firmware: 01.00
2019-12-14 15:43:46,410 : INFO : EventManager : Event: ======'machine_var_fast_rgb_firmware'====== Args={'value': '01.00', 'prev_value': None, 'change': True}
2019-12-14 15:43:46,410 : INFO : EventManager : Event: ======'machine_var_fast_rgb_model'====== Args={'value': 'FP-CPU-002-2', 'prev_value': None, 'change': True}
2019-12-14 15:43:46,410 : INFO : EventManager : Event: ======'machine_var_credits_string'====== Args={'value': 'FREE PLAY', 'prev_value': None, 'change': True}
2019-12-14 15:43:46,660 : INFO : EventManager : Event: ======'machine_var_player1_score'====== Args={'value': 548, 'prev_value': None, 'change': True}
2019-12-14 15:43:46,660 : INFO : EventManager : Event: ======'machine_var_mpf_version'====== Args={'value': 'MPF v0.52.9', 'prev_value': None, 'change': True}
2019-12-14 15:43:46,660 : INFO : EventManager : Event: ======'machine_var_mpf_extended_version'====== Args={'value': 'MPF v0.52.9, Config version:5, Show version: 5, BCP version:1.1', 'prev_value': None, 'change': True}
2019-12-14 15:43:46,660 : INFO : EventManager : Event: ======'machine_var_python_version'====== Args={'value': '3.6.4', 'prev_value': None, 'change': True}
2019-12-14 15:43:46,660 : INFO : EventManager : Event: ======'machine_var_platform'====== Args={'value': 'Windows-10-10.0.18362-SP0', 'prev_value': None, 'change': True}
2019-12-14 15:43:46,660 : INFO : EventManager : Event: ======'machine_var_platform_system'====== Args={'value': 'Windows', 'prev_value': None, 'change': True}
2019-12-14 15:43:46,660 : INFO : EventManager : Event: ======'machine_var_platform_release'====== Args={'value': '10', 'prev_value': None, 'change': True}
2019-12-14 15:43:46,660 : INFO : EventManager : Event: ======'machine_var_platform_version'====== Args={'value': '10.0.18362', 'prev_value': None, 'change': True}
2019-12-14 15:43:46,660 : INFO : EventManager : Event: ======'machine_var_platform_machine'====== Args={'value': 'AMD64', 'prev_value': None, 'change': True}
2019-12-14 15:43:46,660 : INFO : EventManager : Event: ======'init_phase_1'====== Args={}
2019-12-14 15:43:46,925 : WARNING : ConfigProcessor : Cache file not found: C:\Users\MISSIO~1\AppData\Local\Temp\868965d45e8ef85973deb1cc43e3c6e9.mpf_cache
2019-12-14 15:43:46,925 : INFO : ConfigProcessor : Loading config from file E:\POKEMON - 3 - GYMS DISPLAYS\modes\pikachu\config\pikachu.yaml.
2019-12-14 15:43:47,050 : INFO : ConfigProcessor : Loading config: E:\POKEMON - 3 - GYMS DISPLAYS\modes\pikachu\config\pikachu.yaml
2019-12-14 15:43:47,050 : INFO : ConfigProcessor : Config file cache created: C:\Users\MISSIO~1\AppData\Local\Temp\868965d45e8ef85973deb1cc43e3c6e9.mpf_cache
2019-12-14 15:43:47,066 : WARNING : ConfigProcessor : Cache file not found: C:\Users\MISSIO~1\AppData\Local\Temp\da1c75dbc5d48bb99b7ea9aec7919bfa.mpf_cache
2019-12-14 15:43:47,066 : INFO : ConfigProcessor : Loading config from file E:\POKEMON - 3 - GYMS DISPLAYS\modes\gym5_ended\config\gym5_ended.yaml.
2019-12-14 15:43:47,120 : INFO : ConfigProcessor : Loading config: E:\POKEMON - 3 - GYMS DISPLAYS\modes\gym5_ended\config\gym5_ended.yaml
2019-12-14 15:43:47,122 : INFO : ConfigProcessor : Config file cache created: C:\Users\MISSIO~1\AppData\Local\Temp\da1c75dbc5d48bb99b7ea9aec7919bfa.mpf_cache
2019-12-14 15:43:47,134 : WARNING : ConfigProcessor : Cache file not found: C:\Users\MISSIO~1\AppData\Local\Temp\37af0ab3cb4984093f408b6580ccda04.mpf_cache
2019-12-14 15:43:47,135 : INFO : ConfigProcessor : Loading config from file E:\POKEMON - 3 - GYMS DISPLAYS\modes\gym4_ended\config\gym4_ended.yaml.
2019-12-14 15:43:47,179 : INFO : ConfigProcessor : Loading config: E:\POKEMON - 3 - GYMS DISPLAYS\modes\gym4_ended\config\gym4_ended.yaml
2019-12-14 15:43:47,182 : INFO : ConfigProcessor : Config file cache created: C:\Users\MISSIO~1\AppData\Local\Temp\37af0ab3cb4984093f408b6580ccda04.mpf_cache
2019-12-14 15:43:47,192 : WARNING : ConfigProcessor : Cache file not found: C:\Users\MISSIO~1\AppData\Local\Temp\c85e938ce77c7988aa69fb6b28849683.mpf_cache
2019-12-14 15:43:47,193 : INFO : ConfigProcessor : Loading config from file c:\users\mission pinball\appdata\local\programs\python\python36\lib\site-packages\mpf\modes\game\config\game.yaml.
2019-12-14 15:43:47,217 : INFO : ConfigProcessor : Loading config: c:\users\mission pinball\appdata\local\programs\python\python36\lib\site-packages\mpf\modes\game\config\game.yaml
2019-12-14 15:43:47,219 : INFO : ConfigProcessor : Config file cache created: C:\Users\MISSIO~1\AppData\Local\Temp\c85e938ce77c7988aa69fb6b28849683.mpf_cache
2019-12-14 15:43:47,252 : WARNING : ConfigProcessor : Cache file not found: C:\Users\MISSIO~1\AppData\Local\Temp\aad48548988dd5e95d839b70bde2a6c9.mpf_cache
2019-12-14 15:43:47,253 : INFO : ConfigProcessor : Loading config from file E:\POKEMON - 3 - GYMS DISPLAYS\modes\gym7\config\gym7.yaml.
2019-12-14 15:43:47,308 : INFO : ConfigProcessor : Loading config: E:\POKEMON - 3 - GYMS DISPLAYS\modes\gym7\config\gym7.yaml
2019-12-14 15:43:47,310 : INFO : ConfigProcessor : Config file cache created: C:\Users\MISSIO~1\AppData\Local\Temp\aad48548988dd5e95d839b70bde2a6c9.mpf_cache
2019-12-14 15:43:47,323 : WARNING : ConfigProcessor : Cache file not found: C:\Users\MISSIO~1\AppData\Local\Temp\7c8a3dbd3a1f76b71c509d64239c80b0.mpf_cache
2019-12-14 15:43:47,324 : INFO : ConfigProcessor : Loading config from file E:\POKEMON - 3 - GYMS DISPLAYS\modes\gym3\config\gym3.yaml.
2019-12-14 15:43:47,385 : INFO : ConfigProcessor : Loading config: E:\POKEMON - 3 - GYMS DISPLAYS\modes\gym3\config\gym3.yaml
2019-12-14 15:43:47,387 : INFO : ConfigProcessor : Config file cache created: C:\Users\MISSIO~1\AppData\Local\Temp\7c8a3dbd3a1f76b71c509d64239c80b0.mpf_cache
2019-12-14 15:43:47,400 : WARNING : ConfigProcessor : Cache file not found: C:\Users\MISSIO~1\AppData\Local\Temp\03465e6905c319de2817a60078df797b.mpf_cache
2019-12-14 15:43:47,401 : INFO : ConfigProcessor : Loading config from file E:\POKEMON - 3 - GYMS DISPLAYS\modes\gym5\config\gym5.yaml.
2019-12-14 15:43:47,469 : INFO : ConfigProcessor : Loading config: E:\POKEMON - 3 - GYMS DISPLAYS\modes\gym5\config\gym5.yaml
2019-12-14 15:43:47,471 : INFO : ConfigProcessor : Config file cache created: C:\Users\MISSIO~1\AppData\Local\Temp\03465e6905c319de2817a60078df797b.mpf_cache
2019-12-14 15:43:47,481 : WARNING : ConfigProcessor : Cache file not found: C:\Users\MISSIO~1\AppData\Local\Temp\9463ad916821e4687af4640a7d04ba98.mpf_cache
2019-12-14 15:43:47,482 : INFO : ConfigProcessor : Loading config from file E:\POKEMON - 3 - GYMS DISPLAYS\modes\gym0\config\gym0.yaml.
2019-12-14 15:43:47,536 : INFO : ConfigProcessor : Loading config: E:\POKEMON - 3 - GYMS DISPLAYS\modes\gym0\config\gym0.yaml
2019-12-14 15:43:47,538 : INFO : ConfigProcessor : Config file cache created: C:\Users\MISSIO~1\AppData\Local\Temp\9463ad916821e4687af4640a7d04ba98.mpf_cache
2019-12-14 15:43:47,552 : WARNING : ConfigProcessor : Cache file not found: C:\Users\MISSIO~1\AppData\Local\Temp\e94996e3615e593edab21d6f0e7b4569.mpf_cache
2019-12-14 15:43:47,552 : INFO : ConfigProcessor : Loading config from file E:\POKEMON - 3 - GYMS DISPLAYS\modes\gym1_ended\config\gym1_ended.yaml.
2019-12-14 15:43:47,623 : INFO : ConfigProcessor : Loading config: E:\POKEMON - 3 - GYMS DISPLAYS\modes\gym1_ended\config\gym1_ended.yaml
2019-12-14 15:43:47,634 : INFO : ConfigProcessor : Config file cache created: C:\Users\MISSIO~1\AppData\Local\Temp\e94996e3615e593edab21d6f0e7b4569.mpf_cache
2019-12-14 15:43:47,651 : WARNING : ConfigProcessor : Cache file not found: C:\Users\MISSIO~1\AppData\Local\Temp\00b811264d7e79f39b66bcbc6609bb6e.mpf_cache
2019-12-14 15:43:47,652 : INFO : ConfigProcessor : Loading config from file E:\POKEMON - 3 - GYMS DISPLAYS\modes\gym2_ended\config\gym2_ended.yaml.
2019-12-14 15:43:47,700 : INFO : ConfigProcessor : Loading config: E:\POKEMON - 3 - GYMS DISPLAYS\modes\gym2_ended\config\gym2_ended.yaml
2019-12-14 15:43:47,703 : INFO : ConfigProcessor : Config file cache created: C:\Users\MISSIO~1\AppData\Local\Temp\00b811264d7e79f39b66bcbc6609bb6e.mpf_cache
2019-12-14 15:43:47,715 : WARNING : ConfigProcessor : Cache file not found: C:\Users\MISSIO~1\AppData\Local\Temp\691014465c877a30c4e85c0b37ef7391.mpf_cache
2019-12-14 15:43:47,715 : INFO : ConfigProcessor : Loading config from file E:\POKEMON - 3 - GYMS DISPLAYS\modes\gym3_ended\config\gym3_ended.yaml.
2019-12-14 15:43:47,761 : INFO : ConfigProcessor : Loading config: E:\POKEMON - 3 - GYMS DISPLAYS\modes\gym3_ended\config\gym3_ended.yaml
2019-12-14 15:43:47,764 : INFO : ConfigProcessor : Config file cache created: C:\Users\MISSIO~1\AppData\Local\Temp\691014465c877a30c4e85c0b37ef7391.mpf_cache
2019-12-14 15:43:47,778 : WARNING : ConfigProcessor : Cache file not found: C:\Users\MISSIO~1\AppData\Local\Temp\3512d3a51b29689f2a9a6db585213e7b.mpf_cache
2019-12-14 15:43:47,778 : INFO : ConfigProcessor : Loading config from file E:\POKEMON - 3 - GYMS DISPLAYS\modes\gym1\config\gym1.yaml.
2019-12-14 15:43:47,843 : INFO : ConfigProcessor : Loading config: E:\POKEMON - 3 - GYMS DISPLAYS\modes\gym1\config\gym1.yaml
2019-12-14 15:43:47,845 : INFO : ConfigProcessor : Config file cache created: C:\Users\MISSIO~1\AppData\Local\Temp\3512d3a51b29689f2a9a6db585213e7b.mpf_cache
2019-12-14 15:43:47,858 : WARNING : ConfigProcessor : Cache file not found: C:\Users\MISSIO~1\AppData\Local\Temp\d868708421ecefdd23b54f4fefaa5a63.mpf_cache
2019-12-14 15:43:47,858 : INFO : ConfigProcessor : Loading config from file E:\POKEMON - 3 - GYMS DISPLAYS\modes\evolve_pikachu\config\evolve_pikachu.yaml.
2019-12-14 15:43:47,942 : INFO : ConfigProcessor : Loading config: E:\POKEMON - 3 - GYMS DISPLAYS\modes\evolve_pikachu\config\evolve_pikachu.yaml
2019-12-14 15:43:47,945 : INFO : ConfigProcessor : Config file cache created: C:\Users\MISSIO~1\AppData\Local\Temp\d868708421ecefdd23b54f4fefaa5a63.mpf_cache
2019-12-14 15:43:47,963 : WARNING : ConfigProcessor : Cache file not found: C:\Users\MISSIO~1\AppData\Local\Temp\4ed449c86f3920ad38c9f19e6b1fcd80.mpf_cache
2019-12-14 15:43:47,964 : INFO : ConfigProcessor : Loading config from file E:\POKEMON - 3 - GYMS DISPLAYS\modes\gym8_ended\config\gym8_ended.yaml.
2019-12-14 15:43:48,006 : INFO : ConfigProcessor : Loading config: E:\POKEMON - 3 - GYMS DISPLAYS\modes\gym8_ended\config\gym8_ended.yaml
2019-12-14 15:43:48,009 : INFO : ConfigProcessor : Config file cache created: C:\Users\MISSIO~1\AppData\Local\Temp\4ed449c86f3920ad38c9f19e6b1fcd80.mpf_cache
2019-12-14 15:43:48,022 : WARNING : ConfigProcessor : Cache file not found: C:\Users\MISSIO~1\AppData\Local\Temp\0c90eb48fda27bb17da0cfa70b6cea42.mpf_cache
2019-12-14 15:43:48,022 : INFO : ConfigProcessor : Loading config from file E:\POKEMON - 3 - GYMS DISPLAYS\modes\gym7_ended\config\gym7_ended.yaml.
2019-12-14 15:43:48,065 : INFO : ConfigProcessor : Loading config: E:\POKEMON - 3 - GYMS DISPLAYS\modes\gym7_ended\config\gym7_ended.yaml
2019-12-14 15:43:48,067 : INFO : ConfigProcessor : Config file cache created: C:\Users\MISSIO~1\AppData\Local\Temp\0c90eb48fda27bb17da0cfa70b6cea42.mpf_cache
2019-12-14 15:43:48,080 : WARNING : ConfigProcessor : Cache file not found: C:\Users\MISSIO~1\AppData\Local\Temp\c4c39d8157ba863610e7d2b8306a4087.mpf_cache
2019-12-14 15:43:48,081 : INFO : ConfigProcessor : Loading config from file E:\POKEMON - 3 - GYMS DISPLAYS\modes\gym8\config\gym8.yaml.
2019-12-14 15:43:48,148 : INFO : ConfigProcessor : Loading config: E:\POKEMON - 3 - GYMS DISPLAYS\modes\gym8\config\gym8.yaml
2019-12-14 15:43:48,150 : INFO : ConfigProcessor : Config file cache created: C:\Users\MISSIO~1\AppData\Local\Temp\c4c39d8157ba863610e7d2b8306a4087.mpf_cache
2019-12-14 15:43:48,164 : WARNING : ConfigProcessor : Cache file not found: C:\Users\MISSIO~1\AppData\Local\Temp\325be8140670be7b4f7f24b4ea9ecf41.mpf_cache
2019-12-14 15:43:48,165 : INFO : ConfigProcessor : Loading config from file E:\POKEMON - 3 - GYMS DISPLAYS\modes\evolve_pichu\config\evolve_pichu.yaml.
2019-12-14 15:43:48,255 : INFO : ConfigProcessor : Loading config: E:\POKEMON - 3 - GYMS DISPLAYS\modes\evolve_pichu\config\evolve_pichu.yaml
2019-12-14 15:43:48,258 : INFO : ConfigProcessor : Config file cache created: C:\Users\MISSIO~1\AppData\Local\Temp\325be8140670be7b4f7f24b4ea9ecf41.mpf_cache
2019-12-14 15:43:48,271 : WARNING : ConfigProcessor : Cache file not found: C:\Users\MISSIO~1\AppData\Local\Temp\230c7edf879901b77e29ab003ecfd977.mpf_cache
2019-12-14 15:43:48,272 : INFO : ConfigProcessor : Loading config from file E:\POKEMON - 3 - GYMS DISPLAYS\modes\pichu\config\pichu.yaml.
2019-12-14 15:43:48,390 : INFO : ConfigProcessor : Loading config: E:\POKEMON - 3 - GYMS DISPLAYS\modes\pichu\config\pichu.yaml
2019-12-14 15:43:48,393 : INFO : ConfigProcessor : Config file cache created: C:\Users\MISSIO~1\AppData\Local\Temp\230c7edf879901b77e29ab003ecfd977.mpf_cache
2019-12-14 15:43:48,403 : WARNING : ConfigProcessor : Cache file not found: C:\Users\MISSIO~1\AppData\Local\Temp\31d36942b6dd457222076fb92d13832c.mpf_cache
2019-12-14 15:43:48,404 : INFO : ConfigProcessor : Loading config from file c:\users\mission pinball\appdata\local\programs\python\python36\lib\site-packages\mpf\modes\attract\config\attract.yaml.
2019-12-14 15:43:48,430 : INFO : ConfigProcessor : Loading config: c:\users\mission pinball\appdata\local\programs\python\python36\lib\site-packages\mpf\modes\attract\config\attract.yaml
2019-12-14 15:43:48,431 : INFO : ConfigProcessor : Config file cache created: C:\Users\MISSIO~1\AppData\Local\Temp\31d36942b6dd457222076fb92d13832c.mpf_cache
2019-12-14 15:43:48,457 : WARNING : ConfigProcessor : Cache file not found: C:\Users\MISSIO~1\AppData\Local\Temp\1b6068dc0dcf1445cf37058c25ad802b.mpf_cache
2019-12-14 15:43:48,457 : INFO : ConfigProcessor : Loading config from file E:\POKEMON - 3 - GYMS DISPLAYS\modes\gym2\config\gym2.yaml.
2019-12-14 15:43:48,514 : INFO : ConfigProcessor : Loading config: E:\POKEMON - 3 - GYMS DISPLAYS\modes\gym2\config\gym2.yaml
2019-12-14 15:43:48,516 : INFO : ConfigProcessor : Config file cache created: C:\Users\MISSIO~1\AppData\Local\Temp\1b6068dc0dcf1445cf37058c25ad802b.mpf_cache
2019-12-14 15:43:48,529 : WARNING : ConfigProcessor : Cache file not found: C:\Users\MISSIO~1\AppData\Local\Temp\aacde2a5df2e44f5e01226064ab4c3c5.mpf_cache
2019-12-14 15:43:48,529 : INFO : ConfigProcessor : Loading config from file E:\POKEMON - 3 - GYMS DISPLAYS\modes\gym6\config\gym6.yaml.
2019-12-14 15:43:48,586 : INFO : ConfigProcessor : Loading config: E:\POKEMON - 3 - GYMS DISPLAYS\modes\gym6\config\gym6.yaml
2019-12-14 15:43:48,588 : INFO : ConfigProcessor : Config file cache created: C:\Users\MISSIO~1\AppData\Local\Temp\aacde2a5df2e44f5e01226064ab4c3c5.mpf_cache
2019-12-14 15:43:48,602 : WARNING : ConfigProcessor : Cache file not found: C:\Users\MISSIO~1\AppData\Local\Temp\91c30393a7736530c48ab886a6ae90df.mpf_cache
2019-12-14 15:43:48,603 : INFO : ConfigProcessor : Loading config from file E:\POKEMON - 3 - GYMS DISPLAYS\modes\raichu\config\raichu.yaml.
2019-12-14 15:43:48,702 : INFO : ConfigProcessor : Loading config: E:\POKEMON - 3 - GYMS DISPLAYS\modes\raichu\config\raichu.yaml
2019-12-14 15:43:48,704 : INFO : ConfigProcessor : Config file cache created: C:\Users\MISSIO~1\AppData\Local\Temp\91c30393a7736530c48ab886a6ae90df.mpf_cache
2019-12-14 15:43:48,718 : WARNING : ConfigProcessor : Cache file not found: C:\Users\MISSIO~1\AppData\Local\Temp\2bf399aa483f8a887eec2aa10342ca9f.mpf_cache
2019-12-14 15:43:48,718 : INFO : ConfigProcessor : Loading config from file E:\POKEMON - 3 - GYMS DISPLAYS\modes\gym4\config\gym4.yaml.
2019-12-14 15:43:48,781 : INFO : ConfigProcessor : Loading config: E:\POKEMON - 3 - GYMS DISPLAYS\modes\gym4\config\gym4.yaml
2019-12-14 15:43:48,783 : INFO : ConfigProcessor : Config file cache created: C:\Users\MISSIO~1\AppData\Local\Temp\2bf399aa483f8a887eec2aa10342ca9f.mpf_cache
2019-12-14 15:43:48,796 : WARNING : ConfigProcessor : Cache file not found: C:\Users\MISSIO~1\AppData\Local\Temp\ffc5df461fc927df7502c20268b6e23c.mpf_cache
2019-12-14 15:43:48,796 : INFO : ConfigProcessor : Loading config from file E:\POKEMON - 3 - GYMS DISPLAYS\modes\base\config\base.yaml.
2019-12-14 15:43:48,820 : INFO : ConfigProcessor : Loading config: E:\POKEMON - 3 - GYMS DISPLAYS\modes\base\config\base.yaml
2019-12-14 15:43:48,822 : INFO : ConfigProcessor : Config file cache created: C:\Users\MISSIO~1\AppData\Local\Temp\ffc5df461fc927df7502c20268b6e23c.mpf_cache
2019-12-14 15:43:48,835 : WARNING : ConfigProcessor : Cache file not found: C:\Users\MISSIO~1\AppData\Local\Temp\2ad3e4afc7b8ab807ff1625862e58922.mpf_cache
2019-12-14 15:43:48,835 : INFO : ConfigProcessor : Loading config from file E:\POKEMON - 3 - GYMS DISPLAYS\modes\gym6_ended\config\gym6_ended.yaml.
2019-12-14 15:43:48,874 : INFO : ConfigProcessor : Loading config: E:\POKEMON - 3 - GYMS DISPLAYS\modes\gym6_ended\config\gym6_ended.yaml
2019-12-14 15:43:48,876 : INFO : ConfigProcessor : Config file cache created: C:\Users\MISSIO~1\AppData\Local\Temp\2ad3e4afc7b8ab807ff1625862e58922.mpf_cache
2019-12-14 15:43:48,940 : ERROR : asyncio : Exception in callback EventManager._async_handler_done(<QueuedEvent>)(<Task finishe...at switch.",)>) at c:\users\mission pinball\appdata\local\programs\python\python36\lib\site-packages\mpf\core\events.py:96
handle: <Handle EventManager._async_handler_done(<QueuedEvent>)(<Task finishe...at switch.",)>) at c:\users\mission pinball\appdata\local\programs\python\python36\lib\site-packages\mpf\core\events.py:96>
Traceback (most recent call last):
  File "c:\users\mission pinball\appdata\local\programs\python\python36\lib\asyncio\events.py", line 145, in _run
    self._callback(*self._args)
  File "c:\users\mission pinball\appdata\local\programs\python\python36\lib\site-packages\mpf\core\events.py", line 99, in _async_handler_done
    future.result()
  File "c:\users\mission pinball\appdata\local\programs\python\python36\lib\site-packages\mpf\core\device_manager.py", line 117, in _load_device_modules
    yield from self.initialize_devices()
  File "c:\users\mission pinball\appdata\local\programs\python\python36\lib\site-packages\mpf\core\device_manager.py", line 214, in initialize_devices
    yield from collection[device_name].device_added_system_wide()
  File "c:\users\mission pinball\appdata\local\programs\python\python36\lib\site-packages\mpf\core\system_wide_device.py", line 17, in device_added_system_wide
    yield from self._initialize()
  File "c:\users\mission pinball\appdata\local\programs\python\python36\lib\site-packages\mpf\devices\autofire.py", line 73, in _initialize
    self.config['playfield'].name), 1)
  File "c:\users\mission pinball\appdata\local\programs\python\python36\lib\site-packages\mpf\core\logging.py", line 139, in raise_config_error
    raise ConfigFileError(msg, error_no, self.log.name, context)
mpf.exceptions.ConfigFileError.ConfigFileError: Config File Error in autofire.pop_top: Autofire device 'pop_top' uses switch 's_pop_top' which has a 'playfield_active' tag. This is handled internally by the device. Remove the redundant 'playfield_active' tag from that switch. Error Code: CFE-autofire.pop_top-1
2019-12-14 15:43:49,039 : INFO : Machine : Starting the main run loop.
2019-12-14 15:43:49,041 : INFO : Machine : Shutting down...
2019-12-14 15:43:49,041 : INFO : EventManager : Event: ======'shutdown'====== Args={}
2019-12-14 15:43:49,055 : ERROR : FAST : Stop called on serial connection com4
2019-12-14 15:43:49,056 : ERROR : FAST : Stop called on serial connection com5
2019-12-14 15:43:49,346 : ERROR : root : Config File Error in autofire.pop_top: Autofire device 'pop_top' uses switch 's_pop_top' which has a 'playfield_active' tag. This is handled internally by the device. Remove the redundant 'playfield_active' tag from that switch. Error Code: CFE-autofire.pop_top-1
Traceback (most recent call last):
  File "c:\users\mission pinball\appdata\local\programs\python\python36\lib\site-packages\mpf\commands\game.py", line 220, in __init__
    MachineController(mpf_path, machine_path, vars(self.args)).run()
  File "c:\users\mission pinball\appdata\local\programs\python\python36\lib\site-packages\mpf\core\machine.py", line 709, in run
    self._run_loop()
  File "c:\users\mission pinball\appdata\local\programs\python\python36\lib\site-packages\mpf\core\machine.py", line 769, in _run_loop
    raise self._exception['exception']
  File "c:\users\mission pinball\appdata\local\programs\python\python36\lib\asyncio\events.py", line 145, in _run
    self._callback(*self._args)
  File "c:\users\mission pinball\appdata\local\programs\python\python36\lib\site-packages\mpf\core\events.py", line 99, in _async_handler_done
    future.result()
  File "c:\users\mission pinball\appdata\local\programs\python\python36\lib\site-packages\mpf\core\device_manager.py", line 117, in _load_device_modules
    yield from self.initialize_devices()
  File "c:\users\mission pinball\appdata\local\programs\python\python36\lib\site-packages\mpf\core\device_manager.py", line 214, in initialize_devices
    yield from collection[device_name].device_added_system_wide()
  File "c:\users\mission pinball\appdata\local\programs\python\python36\lib\site-packages\mpf\core\system_wide_device.py", line 17, in device_added_system_wide
    yield from self._initialize()
  File "c:\users\mission pinball\appdata\local\programs\python\python36\lib\site-packages\mpf\devices\autofire.py", line 73, in _initialize
    self.config['playfield'].name), 1)
  File "c:\users\mission pinball\appdata\local\programs\python\python36\lib\site-packages\mpf\core\logging.py", line 139, in raise_config_error
    raise ConfigFileError(msg, error_no, self.log.name, context)
mpf.exceptions.ConfigFileError.ConfigFileError: Config File Error in autofire.pop_top: Autofire device 'pop_top' uses switch 's_pop_top' which has a 'playfield_active' tag. This is handled internally by the device. Remove the redundant 'playfield_active' tag from that switch. Error Code: CFE-autofire.pop_top-1
