2019-05-29 20:38:19,936 : kivy : Factory: 194 symbols loaded
2019-05-29 20:38:20,498 : kivy : Image: Providers: img_tex, img_dds, img_sdl2, img_pil, img_gif (img_ffpyplayer ignored)
2019-05-29 20:38:20,795 : kivy : VideoGstplayer: Using Gstreamer 1.10.2.0
2019-05-29 20:38:20,795 : kivy : Video: Provider: gstplayer
2019-05-29 20:38:21,061 : kivy : Loading MPF-MC controller
2019-05-29 20:38:21,061 : mpfmc : Mission Pinball Framework Media Controller v0.50.8
2019-05-29 20:38:21,061 : mpfmc : Mission Pinball Framework Game Engine v0.50.17
2019-05-29 20:38:21,061 : mpfmc : Machine path: D:\POKEMON
2019-05-29 20:38:21,077 : ConfigProcessor : Config file in cache changed: D:\POKEMON\config\config
2019-05-29 20:38:22,623 : ConfigProcessor : Loading config from file c:\python34\lib\site-packages\mpfmc\mcconfig.yaml.
2019-05-29 20:38:22,826 : ConfigProcessor : Loading config: c:\python34\lib\site-packages\mpfmc\mcconfig.yaml
2019-05-29 20:38:22,826 : ConfigProcessor : Loading config from file D:\POKEMON\config\config.
2019-05-29 20:38:22,983 : ConfigProcessor : Loading config: D:\POKEMON\config\config
2019-05-29 20:38:22,998 : ConfigProcessor : Config file cache created: C:\Users\MISSIO~1\AppData\Local\Temp\42582fcba572e096272241837be67618.mpf_cache
2019-05-29 20:38:23,014 : mpfmc : Starting clock at 60.0Hz
2019-05-29 20:38:23,061 : kivy : Text: Provider: sdl2
2019-05-29 20:38:24,686 : kivy : OSC: using <thread> for socket
2019-05-29 20:38:24,780 : kivy : Window: Provider: sdl2
2019-05-29 20:38:25,022 : kivy : GL: Using the "OpenGL" graphics system
2019-05-29 20:38:25,026 : kivy : GL: GLEW initialization succeeded
2019-05-29 20:38:25,027 : kivy : GL: Backend used <glew>
2019-05-29 20:38:25,028 : kivy : GL: OpenGL version <b'4.4.0 - Build 20.19.15.4835'>
2019-05-29 20:38:25,028 : kivy : GL: OpenGL vendor <b'Intel'>
2019-05-29 20:38:25,028 : kivy : GL: OpenGL renderer <b'Intel(R) HD Graphics'>
2019-05-29 20:38:25,028 : kivy : GL: OpenGL parsed version: 4, 4
2019-05-29 20:38:25,029 : kivy : GL: Shading version <b'4.40 - Build 20.19.15.4835'>
2019-05-29 20:38:25,029 : kivy : GL: Texture max size <16384>
2019-05-29 20:38:25,029 : kivy : GL: Texture max units <32>
2019-05-29 20:38:25,080 : kivy : Shader: fragment shader: <b"WARNING: 0:7: '' :  #version directive missing">
2019-05-29 20:38:25,081 : kivy : Shader: vertex shader: <b"WARNING: 0:7: '' :  #version directive missing">
2019-05-29 20:38:25,099 : kivy : Window: auto add sdl2 input provider
2019-05-29 20:38:25,100 : kivy : Window: virtual keyboard not allowed, single mode, not docked
2019-05-29 20:38:25,132 : SoundSystem : SoundSystem: Using default 'sound_system' settings
2019-05-29 20:38:26,819 : AudioInterface : Initialized
2019-05-29 20:38:26,820 : SoundSystem : No audio tracks are specified in your machine config file. a track named 'default' has been created.
2019-05-29 20:38:26,832 : kivy : Base: Start application main loop
2019-05-29 20:38:26,887 : mpfmc : Display: Setting 'window' as default display
2019-05-29 20:38:27,040 : ConfigProcessor : Loading config from cache: C:\Users\MISSIO~1\AppData\Local\Temp\01c5ea7020f20fc8cd2609416c749c9a.mpf_cache
2019-05-29 20:38:27,054 : ConfigProcessor : Loading config from cache: C:\Users\MISSIO~1\AppData\Local\Temp\c8c985d122de6339937b15f5cde5ffe7.mpf_cache
2019-05-29 20:38:27,058 : ConfigProcessor : Loading config from cache: C:\Users\MISSIO~1\AppData\Local\Temp\10f8871b1481fbf59bf30d5b3d29537e.mpf_cache
2019-05-29 20:38:27,063 : MPF-MC BCP Server : Starting up on localhost port 5050
2019-05-29 20:38:27,087 : MPF-MC BCP Server : Waiting for a connection...
2019-05-29 20:38:27,088 : mpfmc : SlidePlayer: Play called with settings={'slides': {'welcome_slide': {'background_color': [0.0, 0.0, 0.0, 1.0], 'action': 'play', 'force': False, 'transition_out': None, 'expire': None, 'priority': None, 'target': None, 'show': True, 'transition': None, 'slide': None}}}
2019-05-29 20:38:27,139 : MPF-MC BCP Server : Received connection from: 127.0.0.1:49952
2019-05-29 20:38:27,289 : kivy : GL: NPOT texture support is available
2019-05-29 20:38:27,321 : mpfmc : SlidePlayer: Play called with settings={'slides': {'welcome_slide': {'background_color': [0.0, 0.0, 0.0, 1.0], 'action': 'play', 'force': False, 'transition_out': None, 'expire': None, 'priority': None, 'target': None, 'show': True, 'transition': None, 'slide': None}}}
2019-05-29 20:38:27,364 : BcpProcessor : Received invalid BCP command: mode_list
2019-05-29 20:38:27,384 : mpfmc : SlidePlayer: Play called with settings={'slides': {'attract_started': {'background_color': [0.0, 0.0, 0.0, 1.0], 'action': 'play', 'force': False, 'transition_out': None, 'expire': None, 'priority': None, 'target': None, 'show': True, 'transition': None, 'slide': None}}}
2019-05-29 20:38:34,213 : mpfmc : SlidePlayer: Play called with settings={'slides': {'widgets': {'background_color': [0.0, 0.0, 0.0, 1.0], 'action': 'play', 'force': False, 'transition_out': None, 'expire': None, 'priority': None, 'target': None, 'show': True, 'widgets': [{'text': '(score)', 'min_digits': 2, 'font_size': 100, 'y': '40', 'reset_animations_events': [], '_default_settings': ['font_size'], 'scale': 1.0, 'style': None, 'round_anchor_y': None, 'italic': False, 'animations': None, 'key': None, 'round_anchor_x': None, 'z': 0, 'adjust_left': 0, 'rotation': 0, 'expire': None, 'adjust_bottom': 0, 'casing': None, 'x': '40', 'anchor_x': 'left', 'halign': 'center', 'anchor_y': 'bottom', 'bitmap_font': False, 'number_grouping': True, 'color': [1.0, 1.0, 1.0, 1.0], 'bold': False, 'adjust_top': 0, 'adjust_right': 0, 'type': 'text', 'opacity': 1.0, 'font_kerning': True, 'valign': 'middle'}, {'text': 'PICHU EXP (pichu_exp)/100', 'min_digits': 2, 'font_size': 100, 'y': '30', 'reset_animations_events': [], '_default_settings': ['font_size'], 'scale': 1.0, 'style': None, 'round_anchor_y': None, 'italic': False, 'animations': None, 'key': None, 'round_anchor_x': None, 'z': 0, 'adjust_left': 0, 'rotation': 0, 'expire': None, 'adjust_bottom': 0, 'casing': None, 'x': '40', 'anchor_x': 'right', 'halign': 'center', 'anchor_y': 'bottom', 'bitmap_font': False, 'number_grouping': True, 'color': [1.0, 1.0, 1.0, 1.0], 'bold': False, 'adjust_top': 0, 'adjust_right': 0, 'type': 'text', 'opacity': 1.0, 'font_kerning': True, 'valign': 'middle'}, {'text': 'PLAYER (number)', 'min_digits': 0, 'font_size': 50, 'y': '10', 'reset_animations_events': [], '_default_settings': ['font_size'], 'scale': 1.0, 'style': None, 'round_anchor_y': None, 'italic': False, 'animations': None, 'key': None, 'round_anchor_x': None, 'z': 0, 'adjust_left': 0, 'rotation': 0, 'expire': None, 'adjust_bottom': 0, 'casing': None, 'x': '10', 'anchor_x': 'left', 'halign': 'center', 'anchor_y': 'bottom', 'bitmap_font': False, 'number_grouping': False, 'color': [1.0, 1.0, 1.0, 1.0], 'bold': False, 'adjust_top': 0, 'adjust_right': 0, 'type': 'text', 'opacity': 1.0, 'font_kerning': True, 'valign': 'middle'}, {'text': 'BALL (ball)', 'min_digits': 0, 'font_size': 50, 'y': '10', 'reset_animations_events': [], '_default_settings': ['font_size'], 'scale': 1.0, 'style': None, 'round_anchor_y': None, 'italic': False, 'animations': None, 'key': None, 'round_anchor_x': None, 'z': 0, 'adjust_left': 0, 'rotation': 0, 'expire': None, 'adjust_bottom': 0, 'casing': None, 'x': 'right-10', 'anchor_x': 'right', 'halign': 'center', 'anchor_y': 'bottom', 'bitmap_font': False, 'number_grouping': False, 'color': [1.0, 1.0, 1.0, 1.0], 'bold': False, 'adjust_top': 0, 'adjust_right': 0, 'type': 'text', 'opacity': 1.0, 'font_kerning': True, 'valign': 'middle'}], 'slide': None, 'transition': None}}}
2019-05-29 20:38:59,193 : mpfmc : SlidePlayer: Play called with settings={'slides': {'widgets': {'background_color': [0.0, 0.0, 0.0, 1.0], 'action': 'play', 'force': False, 'transition_out': None, 'expire': None, 'priority': None, 'target': None, 'show': True, 'widgets': [{'text': '(score)', 'min_digits': 2, 'font_size': 100, 'y': '40', 'reset_animations_events': [], '_default_settings': ['font_size'], 'scale': 1.0, 'style': None, 'round_anchor_y': None, 'italic': False, 'animations': None, 'key': None, 'round_anchor_x': None, 'z': 0, 'adjust_left': 0, 'rotation': 0, 'expire': None, 'adjust_bottom': 0, 'casing': None, 'x': '40', 'anchor_x': 'left', 'halign': 'center', 'anchor_y': 'bottom', 'bitmap_font': False, 'number_grouping': True, 'color': [1.0, 1.0, 1.0, 1.0], 'bold': False, 'adjust_top': 0, 'adjust_right': 0, 'type': 'text', 'opacity': 1.0, 'font_kerning': True, 'valign': 'middle'}, {'text': 'PICHU EXP (pichu_exp)/100', 'min_digits': 2, 'font_size': 100, 'y': '30', 'reset_animations_events': [], '_default_settings': ['font_size'], 'scale': 1.0, 'style': None, 'round_anchor_y': None, 'italic': False, 'animations': None, 'key': None, 'round_anchor_x': None, 'z': 0, 'adjust_left': 0, 'rotation': 0, 'expire': None, 'adjust_bottom': 0, 'casing': None, 'x': '40', 'anchor_x': 'right', 'halign': 'center', 'anchor_y': 'bottom', 'bitmap_font': False, 'number_grouping': True, 'color': [1.0, 1.0, 1.0, 1.0], 'bold': False, 'adjust_top': 0, 'adjust_right': 0, 'type': 'text', 'opacity': 1.0, 'font_kerning': True, 'valign': 'middle'}, {'text': 'PLAYER (number)', 'min_digits': 0, 'font_size': 50, 'y': '10', 'reset_animations_events': [], '_default_settings': ['font_size'], 'scale': 1.0, 'style': None, 'round_anchor_y': None, 'italic': False, 'animations': None, 'key': None, 'round_anchor_x': None, 'z': 0, 'adjust_left': 0, 'rotation': 0, 'expire': None, 'adjust_bottom': 0, 'casing': None, 'x': '10', 'anchor_x': 'left', 'halign': 'center', 'anchor_y': 'bottom', 'bitmap_font': False, 'number_grouping': False, 'color': [1.0, 1.0, 1.0, 1.0], 'bold': False, 'adjust_top': 0, 'adjust_right': 0, 'type': 'text', 'opacity': 1.0, 'font_kerning': True, 'valign': 'middle'}, {'text': 'BALL (ball)', 'min_digits': 0, 'font_size': 50, 'y': '10', 'reset_animations_events': [], '_default_settings': ['font_size'], 'scale': 1.0, 'style': None, 'round_anchor_y': None, 'italic': False, 'animations': None, 'key': None, 'round_anchor_x': None, 'z': 0, 'adjust_left': 0, 'rotation': 0, 'expire': None, 'adjust_bottom': 0, 'casing': None, 'x': 'right-10', 'anchor_x': 'right', 'halign': 'center', 'anchor_y': 'bottom', 'bitmap_font': False, 'number_grouping': False, 'color': [1.0, 1.0, 1.0, 1.0], 'bold': False, 'adjust_top': 0, 'adjust_right': 0, 'type': 'text', 'opacity': 1.0, 'font_kerning': True, 'valign': 'middle'}], 'slide': None, 'transition': None}}}
2019-05-29 20:39:54,904 : mpfmc : SlidePlayer: Play called with settings={'slides': {'widgets': {'background_color': [0.0, 0.0, 0.0, 1.0], 'action': 'play', 'force': False, 'transition_out': None, 'expire': None, 'priority': None, 'target': None, 'show': True, 'widgets': [{'text': '(score)', 'min_digits': 2, 'font_size': 100, 'y': '40', 'reset_animations_events': [], '_default_settings': ['font_size'], 'scale': 1.0, 'style': None, 'round_anchor_y': None, 'italic': False, 'animations': None, 'key': None, 'round_anchor_x': None, 'z': 0, 'adjust_left': 0, 'rotation': 0, 'expire': None, 'adjust_bottom': 0, 'casing': None, 'x': '40', 'anchor_x': 'left', 'halign': 'center', 'anchor_y': 'bottom', 'bitmap_font': False, 'number_grouping': True, 'color': [1.0, 1.0, 1.0, 1.0], 'bold': False, 'adjust_top': 0, 'adjust_right': 0, 'type': 'text', 'opacity': 1.0, 'font_kerning': True, 'valign': 'middle'}, {'text': 'PICHU EXP (pichu_exp)/100', 'min_digits': 2, 'font_size': 100, 'y': '30', 'reset_animations_events': [], '_default_settings': ['font_size'], 'scale': 1.0, 'style': None, 'round_anchor_y': None, 'italic': False, 'animations': None, 'key': None, 'round_anchor_x': None, 'z': 0, 'adjust_left': 0, 'rotation': 0, 'expire': None, 'adjust_bottom': 0, 'casing': None, 'x': '40', 'anchor_x': 'right', 'halign': 'center', 'anchor_y': 'bottom', 'bitmap_font': False, 'number_grouping': True, 'color': [1.0, 1.0, 1.0, 1.0], 'bold': False, 'adjust_top': 0, 'adjust_right': 0, 'type': 'text', 'opacity': 1.0, 'font_kerning': True, 'valign': 'middle'}, {'text': 'PLAYER (number)', 'min_digits': 0, 'font_size': 50, 'y': '10', 'reset_animations_events': [], '_default_settings': ['font_size'], 'scale': 1.0, 'style': None, 'round_anchor_y': None, 'italic': False, 'animations': None, 'key': None, 'round_anchor_x': None, 'z': 0, 'adjust_left': 0, 'rotation': 0, 'expire': None, 'adjust_bottom': 0, 'casing': None, 'x': '10', 'anchor_x': 'left', 'halign': 'center', 'anchor_y': 'bottom', 'bitmap_font': False, 'number_grouping': False, 'color': [1.0, 1.0, 1.0, 1.0], 'bold': False, 'adjust_top': 0, 'adjust_right': 0, 'type': 'text', 'opacity': 1.0, 'font_kerning': True, 'valign': 'middle'}, {'text': 'BALL (ball)', 'min_digits': 0, 'font_size': 50, 'y': '10', 'reset_animations_events': [], '_default_settings': ['font_size'], 'scale': 1.0, 'style': None, 'round_anchor_y': None, 'italic': False, 'animations': None, 'key': None, 'round_anchor_x': None, 'z': 0, 'adjust_left': 0, 'rotation': 0, 'expire': None, 'adjust_bottom': 0, 'casing': None, 'x': 'right-10', 'anchor_x': 'right', 'halign': 'center', 'anchor_y': 'bottom', 'bitmap_font': False, 'number_grouping': False, 'color': [1.0, 1.0, 1.0, 1.0], 'bold': False, 'adjust_top': 0, 'adjust_right': 0, 'type': 'text', 'opacity': 1.0, 'font_kerning': True, 'valign': 'middle'}], 'slide': None, 'transition': None}}}
2019-05-29 20:40:20,296 : mpfmc : SlidePlayer: Play called with settings={'slides': {'attract_started': {'background_color': [0.0, 0.0, 0.0, 1.0], 'action': 'play', 'force': False, 'transition_out': None, 'expire': None, 'priority': None, 'target': None, 'show': True, 'transition': None, 'slide': None}}}
2019-05-29 20:42:17,281 : kivy : Base: Leaving application in progress...
2019-05-29 20:42:17,609 : mpfmc : Stopping...
2019-05-29 20:42:17,609 : mpfmc : Loop rate 80.23 Hz
2019-05-29 20:42:17,609 : kivy : MC run loop ended.
2019-05-29 20:42:17,609 : kivy : Stopping child threads... (3 remaining)
2019-05-29 20:42:18,412 : mpfmc : Stopping...
2019-05-29 20:42:18,412 : mpfmc : Loop rate 79.95 Hz
2019-05-29 20:42:18,616 : MPF-MC BCP Server : Stopping BCP sending thread
2019-05-29 20:42:18,694 : kivy : All child threads stopped.
