2019-10-11 21:57:59,657 : kivy : Factory: 194 symbols loaded
2019-10-11 21:58:00,235 : kivy : Image: Providers: img_tex, img_dds, img_sdl2, img_pil, img_gif (img_ffpyplayer ignored)
2019-10-11 21:58:00,594 : kivy : VideoGstplayer: Using Gstreamer 1.10.2.0
2019-10-11 21:58:00,594 : kivy : Video: Provider: gstplayer
2019-10-11 21:58:00,938 : kivy : Loading MPF-MC controller
2019-10-11 21:58:00,938 : mpfmc : Mission Pinball Framework Media Controller v0.50.8
2019-10-11 21:58:00,938 : mpfmc : Mission Pinball Framework Game Engine v0.50.17
2019-10-11 21:58:00,938 : mpfmc : Machine path: D:\POKEMON - 2
2019-10-11 21:58:00,954 : ConfigProcessor : Config file in cache changed: D:\POKEMON - 2\config\config
2019-10-11 21:58:02,469 : ConfigProcessor : Loading config from file c:\python34\lib\site-packages\mpfmc\mcconfig.yaml.
2019-10-11 21:58:02,735 : ConfigProcessor : Loading config: c:\python34\lib\site-packages\mpfmc\mcconfig.yaml
2019-10-11 21:58:02,735 : ConfigProcessor : Loading config from file D:\POKEMON - 2\config\config.
2019-10-11 21:58:02,891 : ConfigProcessor : Loading config: D:\POKEMON - 2\config\config
2019-10-11 21:58:02,907 : ConfigProcessor : Loading config: D:\POKEMON - 2\config\player_variables.yaml
2019-10-11 21:58:02,922 : ConfigProcessor : Loading config: D:\POKEMON - 2\config\key_mapping.yaml
2019-10-11 21:58:02,922 : ConfigProcessor : Config file cache created: C:\Users\MISSIO~1\AppData\Local\Temp\9066572af3754bcb4e8ca411bd20a237.mpf_cache
2019-10-11 21:58:02,922 : mpfmc : Starting clock at 60.0Hz
2019-10-11 21:58:03,000 : kivy : Text: Provider: sdl2
2019-10-11 21:58:04,641 : kivy : OSC: using <thread> for socket
2019-10-11 21:58:04,657 : kivy : Window: Provider: sdl2
2019-10-11 21:58:04,929 : kivy : GL: Using the "OpenGL" graphics system
2019-10-11 21:58:04,933 : kivy : GL: GLEW initialization succeeded
2019-10-11 21:58:04,934 : kivy : GL: Backend used <glew>
2019-10-11 21:58:04,935 : kivy : GL: OpenGL version <b'4.4.0 - Build 20.19.15.4835'>
2019-10-11 21:58:04,935 : kivy : GL: OpenGL vendor <b'Intel'>
2019-10-11 21:58:04,935 : kivy : GL: OpenGL renderer <b'Intel(R) HD Graphics'>
2019-10-11 21:58:04,936 : kivy : GL: OpenGL parsed version: 4, 4
2019-10-11 21:58:04,936 : kivy : GL: Shading version <b'4.40 - Build 20.19.15.4835'>
2019-10-11 21:58:04,937 : kivy : GL: Texture max size <16384>
2019-10-11 21:58:04,937 : kivy : GL: Texture max units <32>
2019-10-11 21:58:04,989 : kivy : Shader: fragment shader: <b"WARNING: 0:7: '' :  #version directive missing">
2019-10-11 21:58:04,991 : kivy : Shader: vertex shader: <b"WARNING: 0:7: '' :  #version directive missing">
2019-10-11 21:58:05,009 : kivy : Window: auto add sdl2 input provider
2019-10-11 21:58:05,010 : kivy : Window: virtual keyboard not allowed, single mode, not docked
2019-10-11 21:58:05,051 : SoundSystem : SoundSystem: Using default 'sound_system' settings
2019-10-11 21:58:07,026 : AudioInterface : Initialized
2019-10-11 21:58:07,027 : SoundSystem : No audio tracks are specified in your machine config file. a track named 'default' has been created.
2019-10-11 21:58:07,039 : kivy : Base: Start application main loop
2019-10-11 21:58:07,095 : mpfmc : Display: Setting 'window' as default display
2019-10-11 21:58:07,265 : ConfigProcessor : Loading config from cache: C:\Users\MISSIO~1\AppData\Local\Temp\7617ad08085ea70a79f3bb3393b07073.mpf_cache
2019-10-11 21:58:07,309 : ConfigProcessor : Loading config from cache: C:\Users\MISSIO~1\AppData\Local\Temp\4db3b4eb08bf5f2e1b30e7df1dec754e.mpf_cache
2019-10-11 21:58:07,327 : ConfigProcessor : Loading config from cache: C:\Users\MISSIO~1\AppData\Local\Temp\358e8f7f798064734531a27f21b0f2ba.mpf_cache
2019-10-11 21:58:07,361 : ConfigProcessor : Loading config from cache: C:\Users\MISSIO~1\AppData\Local\Temp\10f8871b1481fbf59bf30d5b3d29537e.mpf_cache
2019-10-11 21:58:07,364 : ConfigProcessor : Loading config from cache: C:\Users\MISSIO~1\AppData\Local\Temp\c8c985d122de6339937b15f5cde5ffe7.mpf_cache
2019-10-11 21:58:07,368 : ConfigProcessor : Loading config from cache: C:\Users\MISSIO~1\AppData\Local\Temp\d7f8a5ee622046c7da753c9c40514d63.mpf_cache
2019-10-11 21:58:07,384 : ConfigProcessor : Loading config from cache: C:\Users\MISSIO~1\AppData\Local\Temp\6f2a382b9c765c6a1f408e05b1d50db1.mpf_cache
2019-10-11 21:58:07,387 : ConfigProcessor : Loading config from cache: C:\Users\MISSIO~1\AppData\Local\Temp\b016e39aaa9fcc310b2c911cb998ccc7.mpf_cache
2019-10-11 21:58:07,410 : MPF-MC BCP Server : Starting up on localhost port 5050
2019-10-11 21:58:07,436 : MPF-MC BCP Server : Waiting for a connection...
2019-10-11 21:58:07,437 : mpfmc : SlidePlayer: Play called with settings={'slides': {'welcome_slide': {'transition_out': None, 'background_color': [0.0, 0.0, 0.0, 1.0], 'action': 'play', 'slide': None, 'priority': None, 'show': True, 'force': False, 'expire': None, 'transition': None, 'target': None}}}
2019-10-11 21:58:07,621 : kivy : GL: NPOT texture support is available
2019-10-11 21:58:07,788 : MPF-MC BCP Server : Received connection from: 127.0.0.1:53968
2019-10-11 21:58:07,993 : mpfmc : SlidePlayer: Play called with settings={'slides': {'welcome_slide': {'transition_out': None, 'background_color': [0.0, 0.0, 0.0, 1.0], 'action': 'play', 'slide': None, 'priority': None, 'show': True, 'force': False, 'expire': None, 'transition': None, 'target': None}}}
2019-10-11 21:58:08,032 : BcpProcessor : Received invalid BCP command: mode_list
2019-10-11 21:58:08,053 : mpfmc : SlidePlayer: Play called with settings={'slides': {'attract_started': {'transition_out': None, 'background_color': [0.0, 0.0, 0.0, 1.0], 'action': 'play', 'slide': None, 'priority': None, 'show': True, 'force': False, 'expire': None, 'transition': None, 'target': None}}}
2019-10-11 21:58:10,530 : mpfmc : SlidePlayer: Play called with settings={'slides': {'widgets': {'transition_out': None, 'background_color': [0.0, 0.0, 0.0, 1.0], 'action': 'play', 'slide': None, 'priority': None, 'show': True, 'expire': None, 'force': False, 'widgets': [{'rotation': 0, 'type': 'text', 'casing': None, 'min_digits': 2, 'number_grouping': True, 'style': None, 'font_size': 100, 'adjust_top': 0, '_default_settings': ['font_size'], 'scale': 1.0, 'italic': False, 'round_anchor_y': None, 'adjust_bottom': 0, 'anchor_y': 'bottom', 'adjust_left': 0, 'text': '(score)', 'adjust_right': 0, 'y': '400', 'opacity': 1.0, 'bitmap_font': False, 'animations': None, 'valign': 'middle', 'anchor_x': 'left', 'x': '0', 'key': None, 'halign': 'center', 'color': [1.0, 1.0, 1.0, 1.0], 'bold': False, 'z': 0, 'round_anchor_x': None, 'expire': None, 'reset_animations_events': [], 'font_kerning': True}, {'rotation': 0, 'type': 'text', 'casing': None, 'min_digits': 2, 'number_grouping': True, 'style': None, 'font_size': 50, 'adjust_top': 0, '_default_settings': ['font_size'], 'scale': 1.0, 'italic': False, 'round_anchor_y': None, 'adjust_bottom': 0, 'anchor_y': 'bottom', 'adjust_left': 0, 'text': 'RAICHU EXP (raichu_exp)', 'adjust_right': 0, 'y': '70', 'opacity': 1.0, 'bitmap_font': False, 'animations': None, 'valign': 'middle', 'anchor_x': 'left', 'x': '10', 'key': None, 'halign': 'center', 'color': [1.0, 1.0, 1.0, 1.0], 'bold': False, 'z': 0, 'round_anchor_x': None, 'expire': None, 'reset_animations_events': [], 'font_kerning': True}, {'rotation': 0, 'type': 'text', 'casing': None, 'min_digits': 0, 'number_grouping': False, 'style': None, 'font_size': 50, 'adjust_top': 0, '_default_settings': ['font_size'], 'scale': 1.0, 'italic': False, 'round_anchor_y': None, 'adjust_bottom': 0, 'anchor_y': 'bottom', 'adjust_left': 0, 'text': 'PLAYER (number)', 'adjust_right': 0, 'y': '10', 'opacity': 1.0, 'bitmap_font': False, 'animations': None, 'valign': 'middle', 'anchor_x': 'left', 'x': '10', 'key': None, 'halign': 'center', 'color': [1.0, 1.0, 1.0, 1.0], 'bold': False, 'z': 0, 'round_anchor_x': None, 'expire': None, 'reset_animations_events': [], 'font_kerning': True}, {'rotation': 0, 'type': 'text', 'casing': None, 'min_digits': 0, 'number_grouping': False, 'style': None, 'font_size': 50, 'adjust_top': 0, '_default_settings': ['font_size'], 'scale': 1.0, 'italic': False, 'round_anchor_y': None, 'adjust_bottom': 0, 'anchor_y': 'bottom', 'adjust_left': 0, 'text': 'BALL (ball)', 'adjust_right': 0, 'y': '10', 'opacity': 1.0, 'bitmap_font': False, 'animations': None, 'valign': 'middle', 'anchor_x': 'right', 'x': 'right-10', 'key': None, 'halign': 'center', 'color': [1.0, 1.0, 1.0, 1.0], 'bold': False, 'z': 0, 'round_anchor_x': None, 'expire': None, 'reset_animations_events': [], 'font_kerning': True}, {'rotation': 0, 'type': 'text', 'casing': None, 'min_digits': 0, 'number_grouping': False, 'style': None, 'font_size': 50, 'adjust_top': 0, '_default_settings': ['font_size'], 'scale': 1.0, 'italic': False, 'round_anchor_y': None, 'adjust_bottom': 0, 'anchor_y': 'bottom', 'adjust_left': 0, 'text': 'pichu', 'adjust_right': 0, 'y': '40', 'opacity': 1.0, 'bitmap_font': False, 'animations': None, 'valign': 'middle', 'anchor_x': 'right', 'x': 'right-10', 'key': None, 'halign': 'center', 'color': [1.0, 1.0, 1.0, 1.0], 'bold': False, 'z': 0, 'round_anchor_x': None, 'expire': None, 'reset_animations_events': [], 'font_kerning': True}], 'transition': None, 'target': None}}}
2019-10-11 21:58:10,598 : mpfmc : SlidePlayer: Play called with settings={'slides': {'widgets': {'transition_out': None, 'background_color': [0.0, 0.0, 0.0, 1.0], 'action': 'play', 'slide': None, 'priority': None, 'show': True, 'expire': None, 'force': False, 'widgets': [{'rotation': 0, 'type': 'text', 'casing': None, 'min_digits': 2, 'number_grouping': True, 'style': None, 'font_size': 100, 'adjust_top': 0, '_default_settings': ['font_size'], 'scale': 1.0, 'italic': False, 'round_anchor_y': None, 'adjust_bottom': 0, 'anchor_y': 'bottom', 'adjust_left': 0, 'text': '(score)', 'adjust_right': 0, 'y': '400', 'opacity': 1.0, 'bitmap_font': False, 'animations': None, 'valign': 'middle', 'anchor_x': 'left', 'x': '0', 'key': None, 'halign': 'center', 'color': [1.0, 1.0, 1.0, 1.0], 'bold': False, 'z': 0, 'round_anchor_x': None, 'expire': None, 'reset_animations_events': [], 'font_kerning': True}, {'rotation': 0, 'type': 'text', 'casing': None, 'min_digits': 2, 'number_grouping': True, 'style': None, 'font_size': 50, 'adjust_top': 0, '_default_settings': ['font_size'], 'scale': 1.0, 'italic': False, 'round_anchor_y': None, 'adjust_bottom': 0, 'anchor_y': 'bottom', 'adjust_left': 0, 'text': 'PICHU EXP (pichu_exp)/100', 'adjust_right': 0, 'y': '70', 'opacity': 1.0, 'bitmap_font': False, 'animations': None, 'valign': 'middle', 'anchor_x': 'left', 'x': '10', 'key': None, 'halign': 'center', 'color': [1.0, 1.0, 1.0, 1.0], 'bold': False, 'z': 0, 'round_anchor_x': None, 'expire': None, 'reset_animations_events': [], 'font_kerning': True}, {'rotation': 0, 'type': 'text', 'casing': None, 'min_digits': 0, 'number_grouping': False, 'style': None, 'font_size': 50, 'adjust_top': 0, '_default_settings': ['font_size'], 'scale': 1.0, 'italic': False, 'round_anchor_y': None, 'adjust_bottom': 0, 'anchor_y': 'bottom', 'adjust_left': 0, 'text': 'PLAYER (number)', 'adjust_right': 0, 'y': '10', 'opacity': 1.0, 'bitmap_font': False, 'animations': None, 'valign': 'middle', 'anchor_x': 'left', 'x': '10', 'key': None, 'halign': 'center', 'color': [1.0, 1.0, 1.0, 1.0], 'bold': False, 'z': 0, 'round_anchor_x': None, 'expire': None, 'reset_animations_events': [], 'font_kerning': True}, {'rotation': 0, 'type': 'text', 'casing': None, 'min_digits': 0, 'number_grouping': False, 'style': None, 'font_size': 50, 'adjust_top': 0, '_default_settings': ['font_size'], 'scale': 1.0, 'italic': False, 'round_anchor_y': None, 'adjust_bottom': 0, 'anchor_y': 'bottom', 'adjust_left': 0, 'text': 'BALL (ball)', 'adjust_right': 0, 'y': '10', 'opacity': 1.0, 'bitmap_font': False, 'animations': None, 'valign': 'middle', 'anchor_x': 'right', 'x': 'right-10', 'key': None, 'halign': 'center', 'color': [1.0, 1.0, 1.0, 1.0], 'bold': False, 'z': 0, 'round_anchor_x': None, 'expire': None, 'reset_animations_events': [], 'font_kerning': True}, {'rotation': 0, 'type': 'text', 'casing': None, 'min_digits': 0, 'number_grouping': False, 'style': None, 'font_size': 50, 'adjust_top': 0, '_default_settings': ['font_size'], 'scale': 1.0, 'italic': False, 'round_anchor_y': None, 'adjust_bottom': 0, 'anchor_y': 'bottom', 'adjust_left': 0, 'text': 'pichu', 'adjust_right': 0, 'y': '40', 'opacity': 1.0, 'bitmap_font': False, 'animations': None, 'valign': 'middle', 'anchor_x': 'right', 'x': 'right-10', 'key': None, 'halign': 'center', 'color': [1.0, 1.0, 1.0, 1.0], 'bold': False, 'z': 0, 'round_anchor_x': None, 'expire': None, 'reset_animations_events': [], 'font_kerning': True}], 'transition': None, 'target': None}}}
2019-10-11 21:58:35,911 : mpfmc : SlidePlayer: Play called with settings={'slides': {'widgets': {'transition_out': None, 'background_color': [0.0, 0.0, 0.0, 1.0], 'action': 'play', 'slide': None, 'priority': None, 'show': True, 'expire': None, 'force': False, 'widgets': [{'rotation': 0, 'type': 'text', 'casing': None, 'min_digits': 2, 'number_grouping': True, 'style': None, 'font_size': 100, 'adjust_top': 0, '_default_settings': ['font_size'], 'scale': 1.0, 'italic': False, 'round_anchor_y': None, 'adjust_bottom': 0, 'anchor_y': 'bottom', 'adjust_left': 0, 'text': '(score)', 'adjust_right': 0, 'y': '400', 'opacity': 1.0, 'bitmap_font': False, 'animations': None, 'valign': 'middle', 'anchor_x': 'left', 'x': '0', 'key': None, 'halign': 'center', 'color': [1.0, 1.0, 1.0, 1.0], 'bold': False, 'z': 0, 'round_anchor_x': None, 'expire': None, 'reset_animations_events': [], 'font_kerning': True}, {'rotation': 0, 'type': 'text', 'casing': None, 'min_digits': 2, 'number_grouping': True, 'style': None, 'font_size': 50, 'adjust_top': 0, '_default_settings': ['font_size'], 'scale': 1.0, 'italic': False, 'round_anchor_y': None, 'adjust_bottom': 0, 'anchor_y': 'bottom', 'adjust_left': 0, 'text': 'RAICHU EXP (raichu_exp)', 'adjust_right': 0, 'y': '70', 'opacity': 1.0, 'bitmap_font': False, 'animations': None, 'valign': 'middle', 'anchor_x': 'left', 'x': '10', 'key': None, 'halign': 'center', 'color': [1.0, 1.0, 1.0, 1.0], 'bold': False, 'z': 0, 'round_anchor_x': None, 'expire': None, 'reset_animations_events': [], 'font_kerning': True}, {'rotation': 0, 'type': 'text', 'casing': None, 'min_digits': 0, 'number_grouping': False, 'style': None, 'font_size': 50, 'adjust_top': 0, '_default_settings': ['font_size'], 'scale': 1.0, 'italic': False, 'round_anchor_y': None, 'adjust_bottom': 0, 'anchor_y': 'bottom', 'adjust_left': 0, 'text': 'PLAYER (number)', 'adjust_right': 0, 'y': '10', 'opacity': 1.0, 'bitmap_font': False, 'animations': None, 'valign': 'middle', 'anchor_x': 'left', 'x': '10', 'key': None, 'halign': 'center', 'color': [1.0, 1.0, 1.0, 1.0], 'bold': False, 'z': 0, 'round_anchor_x': None, 'expire': None, 'reset_animations_events': [], 'font_kerning': True}, {'rotation': 0, 'type': 'text', 'casing': None, 'min_digits': 0, 'number_grouping': False, 'style': None, 'font_size': 50, 'adjust_top': 0, '_default_settings': ['font_size'], 'scale': 1.0, 'italic': False, 'round_anchor_y': None, 'adjust_bottom': 0, 'anchor_y': 'bottom', 'adjust_left': 0, 'text': 'BALL (ball)', 'adjust_right': 0, 'y': '10', 'opacity': 1.0, 'bitmap_font': False, 'animations': None, 'valign': 'middle', 'anchor_x': 'right', 'x': 'right-10', 'key': None, 'halign': 'center', 'color': [1.0, 1.0, 1.0, 1.0], 'bold': False, 'z': 0, 'round_anchor_x': None, 'expire': None, 'reset_animations_events': [], 'font_kerning': True}, {'rotation': 0, 'type': 'text', 'casing': None, 'min_digits': 0, 'number_grouping': False, 'style': None, 'font_size': 50, 'adjust_top': 0, '_default_settings': ['font_size'], 'scale': 1.0, 'italic': False, 'round_anchor_y': None, 'adjust_bottom': 0, 'anchor_y': 'bottom', 'adjust_left': 0, 'text': 'pichu', 'adjust_right': 0, 'y': '40', 'opacity': 1.0, 'bitmap_font': False, 'animations': None, 'valign': 'middle', 'anchor_x': 'right', 'x': 'right-10', 'key': None, 'halign': 'center', 'color': [1.0, 1.0, 1.0, 1.0], 'bold': False, 'z': 0, 'round_anchor_x': None, 'expire': None, 'reset_animations_events': [], 'font_kerning': True}], 'transition': None, 'target': None}}}
2019-10-11 21:58:35,997 : mpfmc : SlidePlayer: Play called with settings={'slides': {'widgets': {'transition_out': None, 'background_color': [0.0, 0.0, 0.0, 1.0], 'action': 'play', 'slide': None, 'priority': None, 'show': True, 'expire': None, 'force': False, 'widgets': [{'rotation': 0, 'type': 'text', 'casing': None, 'min_digits': 2, 'number_grouping': True, 'style': None, 'font_size': 100, 'adjust_top': 0, '_default_settings': ['font_size'], 'scale': 1.0, 'italic': False, 'round_anchor_y': None, 'adjust_bottom': 0, 'anchor_y': 'bottom', 'adjust_left': 0, 'text': '(score)', 'adjust_right': 0, 'y': '400', 'opacity': 1.0, 'bitmap_font': False, 'animations': None, 'valign': 'middle', 'anchor_x': 'left', 'x': '0', 'key': None, 'halign': 'center', 'color': [1.0, 1.0, 1.0, 1.0], 'bold': False, 'z': 0, 'round_anchor_x': None, 'expire': None, 'reset_animations_events': [], 'font_kerning': True}, {'rotation': 0, 'type': 'text', 'casing': None, 'min_digits': 2, 'number_grouping': True, 'style': None, 'font_size': 50, 'adjust_top': 0, '_default_settings': ['font_size'], 'scale': 1.0, 'italic': False, 'round_anchor_y': None, 'adjust_bottom': 0, 'anchor_y': 'bottom', 'adjust_left': 0, 'text': 'PICHU EXP (pichu_exp)/100', 'adjust_right': 0, 'y': '70', 'opacity': 1.0, 'bitmap_font': False, 'animations': None, 'valign': 'middle', 'anchor_x': 'left', 'x': '10', 'key': None, 'halign': 'center', 'color': [1.0, 1.0, 1.0, 1.0], 'bold': False, 'z': 0, 'round_anchor_x': None, 'expire': None, 'reset_animations_events': [], 'font_kerning': True}, {'rotation': 0, 'type': 'text', 'casing': None, 'min_digits': 0, 'number_grouping': False, 'style': None, 'font_size': 50, 'adjust_top': 0, '_default_settings': ['font_size'], 'scale': 1.0, 'italic': False, 'round_anchor_y': None, 'adjust_bottom': 0, 'anchor_y': 'bottom', 'adjust_left': 0, 'text': 'PLAYER (number)', 'adjust_right': 0, 'y': '10', 'opacity': 1.0, 'bitmap_font': False, 'animations': None, 'valign': 'middle', 'anchor_x': 'left', 'x': '10', 'key': None, 'halign': 'center', 'color': [1.0, 1.0, 1.0, 1.0], 'bold': False, 'z': 0, 'round_anchor_x': None, 'expire': None, 'reset_animations_events': [], 'font_kerning': True}, {'rotation': 0, 'type': 'text', 'casing': None, 'min_digits': 0, 'number_grouping': False, 'style': None, 'font_size': 50, 'adjust_top': 0, '_default_settings': ['font_size'], 'scale': 1.0, 'italic': False, 'round_anchor_y': None, 'adjust_bottom': 0, 'anchor_y': 'bottom', 'adjust_left': 0, 'text': 'BALL (ball)', 'adjust_right': 0, 'y': '10', 'opacity': 1.0, 'bitmap_font': False, 'animations': None, 'valign': 'middle', 'anchor_x': 'right', 'x': 'right-10', 'key': None, 'halign': 'center', 'color': [1.0, 1.0, 1.0, 1.0], 'bold': False, 'z': 0, 'round_anchor_x': None, 'expire': None, 'reset_animations_events': [], 'font_kerning': True}, {'rotation': 0, 'type': 'text', 'casing': None, 'min_digits': 0, 'number_grouping': False, 'style': None, 'font_size': 50, 'adjust_top': 0, '_default_settings': ['font_size'], 'scale': 1.0, 'italic': False, 'round_anchor_y': None, 'adjust_bottom': 0, 'anchor_y': 'bottom', 'adjust_left': 0, 'text': 'pichu', 'adjust_right': 0, 'y': '40', 'opacity': 1.0, 'bitmap_font': False, 'animations': None, 'valign': 'middle', 'anchor_x': 'right', 'x': 'right-10', 'key': None, 'halign': 'center', 'color': [1.0, 1.0, 1.0, 1.0], 'bold': False, 'z': 0, 'round_anchor_x': None, 'expire': None, 'reset_animations_events': [], 'font_kerning': True}], 'transition': None, 'target': None}}}
2019-10-11 21:58:37,776 : kivy : Base: Leaving application in progress...
2019-10-11 21:58:38,050 : mpfmc : Stopping...
2019-10-11 21:58:38,050 : mpfmc : Loop rate 78.64 Hz
2019-10-11 21:58:38,050 : kivy : MC run loop ended.
2019-10-11 21:58:38,050 : kivy : Stopping child threads... (3 remaining)
2019-10-11 21:58:38,829 : mpfmc : Stopping...
2019-10-11 21:58:38,829 : mpfmc : Loop rate 76.72 Hz
2019-10-11 21:58:39,063 : MPF-MC BCP Server : Stopping BCP sending thread
2019-10-11 21:58:39,141 : kivy : All child threads stopped.
