2019-05-29 19:41:44,259 : kivy : Factory: 194 symbols loaded
2019-05-29 19:41:45,728 : kivy : Image: Providers: img_tex, img_dds, img_sdl2, img_pil, img_gif (img_ffpyplayer ignored)
2019-05-29 19:41:46,853 : kivy : VideoGstplayer: Using Gstreamer 1.10.2.0
2019-05-29 19:41:47,056 : kivy : Video: Provider: gstplayer
2019-05-29 19:41:48,150 : kivy : Loading MPF-MC controller
2019-05-29 19:41:48,150 : mpfmc : Mission Pinball Framework Media Controller v0.50.8
2019-05-29 19:41:48,150 : mpfmc : Mission Pinball Framework Game Engine v0.50.17
2019-05-29 19:41:48,150 : mpfmc : Machine path: D:\POKEMON
2019-05-29 19:41:48,165 : ConfigProcessor : Config file in cache changed: D:\POKEMON\config\config
2019-05-29 19:41:49,712 : ConfigProcessor : Loading config from file c:\python34\lib\site-packages\mpfmc\mcconfig.yaml.
2019-05-29 19:41:50,009 : ConfigProcessor : Loading config: c:\python34\lib\site-packages\mpfmc\mcconfig.yaml
2019-05-29 19:41:50,009 : ConfigProcessor : Loading config from file D:\POKEMON\config\config.
2019-05-29 19:41:50,196 : ConfigProcessor : Loading config: D:\POKEMON\config\config
2019-05-29 19:41:50,212 : ConfigProcessor : Config file cache created: C:\Users\MISSIO~1\AppData\Local\Temp\42582fcba572e096272241837be67618.mpf_cache
2019-05-29 19:41:50,228 : mpfmc : Starting clock at 60.0Hz
2019-05-29 19:41:50,728 : kivy : Text: Provider: sdl2
2019-05-29 19:41:53,353 : kivy : OSC: using <thread> for socket
2019-05-29 19:41:53,540 : kivy : Window: Provider: sdl2
2019-05-29 19:41:54,177 : kivy : GL: Using the "OpenGL" graphics system
2019-05-29 19:41:54,187 : kivy : GL: GLEW initialization succeeded
2019-05-29 19:41:54,189 : kivy : GL: Backend used <glew>
2019-05-29 19:41:54,192 : kivy : GL: OpenGL version <b'4.4.0 - Build 20.19.15.4835'>
2019-05-29 19:41:54,192 : kivy : GL: OpenGL vendor <b'Intel'>
2019-05-29 19:41:54,193 : kivy : GL: OpenGL renderer <b'Intel(R) HD Graphics'>
2019-05-29 19:41:54,194 : kivy : GL: OpenGL parsed version: 4, 4
2019-05-29 19:41:54,194 : kivy : GL: Shading version <b'4.40 - Build 20.19.15.4835'>
2019-05-29 19:41:54,195 : kivy : GL: Texture max size <16384>
2019-05-29 19:41:54,196 : kivy : GL: Texture max units <32>
2019-05-29 19:41:54,274 : kivy : Shader: fragment shader: <b"WARNING: 0:7: '' :  #version directive missing">
2019-05-29 19:41:54,277 : kivy : Shader: vertex shader: <b"WARNING: 0:7: '' :  #version directive missing">
2019-05-29 19:41:54,330 : kivy : Window: auto add sdl2 input provider
2019-05-29 19:41:54,525 : kivy : Window: virtual keyboard not allowed, single mode, not docked
2019-05-29 19:41:54,699 : SoundSystem : SoundSystem: Using default 'sound_system' settings
2019-05-29 19:42:01,038 : AudioInterface : Initialized
2019-05-29 19:42:01,044 : SoundSystem : No audio tracks are specified in your machine config file. a track named 'default' has been created.
2019-05-29 19:42:01,057 : kivy : Base: Start application main loop
2019-05-29 19:42:01,126 : mpfmc : Display: Setting 'window' as default display
2019-05-29 19:42:01,438 : ConfigProcessor : Loading config from cache: C:\Users\MISSIO~1\AppData\Local\Temp\10f8871b1481fbf59bf30d5b3d29537e.mpf_cache
2019-05-29 19:42:01,445 : ConfigProcessor : Loading config from cache: C:\Users\MISSIO~1\AppData\Local\Temp\01c5ea7020f20fc8cd2609416c749c9a.mpf_cache
2019-05-29 19:42:01,459 : ConfigProcessor : Loading config from cache: C:\Users\MISSIO~1\AppData\Local\Temp\c8c985d122de6339937b15f5cde5ffe7.mpf_cache
2019-05-29 19:42:01,465 : MPF-MC BCP Server : Starting up on localhost port 5050
2019-05-29 19:42:01,489 : MPF-MC BCP Server : Waiting for a connection...
2019-05-29 19:42:01,490 : mpfmc : SlidePlayer: Play called with settings={'slides': {'welcome_slide': {'show': True, 'expire': None, 'background_color': [0.0, 0.0, 0.0, 1.0], 'target': None, 'slide': None, 'action': 'play', 'transition': None, 'force': False, 'priority': None, 'transition_out': None}}}
2019-05-29 19:42:01,711 : kivy : GL: NPOT texture support is available
2019-05-29 19:42:01,722 : MPF-MC BCP Server : Received connection from: 127.0.0.1:49890
2019-05-29 19:42:01,779 : BcpProcessor : Received invalid BCP command: mode_list
2019-05-29 19:42:02,239 : mpfmc : SlidePlayer: Play called with settings={'slides': {'welcome_slide': {'show': True, 'expire': None, 'background_color': [0.0, 0.0, 0.0, 1.0], 'target': None, 'slide': None, 'action': 'play', 'transition': None, 'force': False, 'priority': None, 'transition_out': None}}}
2019-05-29 19:42:02,280 : mpfmc : SlidePlayer: Play called with settings={'slides': {'attract_started': {'show': True, 'expire': None, 'background_color': [0.0, 0.0, 0.0, 1.0], 'target': None, 'slide': None, 'action': 'play', 'transition': None, 'force': False, 'priority': None, 'transition_out': None}}}
2019-05-29 19:42:04,763 : mpfmc : SlidePlayer: Play called with settings={'slides': {'widgets': {'show': True, 'expire': None, 'background_color': [0.0, 0.0, 0.0, 1.0], 'force': False, 'target': None, 'slide': None, 'action': 'play', 'transition': None, 'widgets': [{'font_size': 100, 'min_digits': 2, '_default_settings': ['font_size'], 'casing': None, 'adjust_left': 0, 'number_grouping': True, 'anchor_y': 'center', 'bold': False, 'reset_animations_events': [], 'expire': None, 'text': '(score)', 'opacity': 1.0, 'font_kerning': True, 'y': None, 'key': None, 'anchor_x': 'center', 'round_anchor_x': None, 'scale': 1.0, 'color': [1.0, 1.0, 1.0, 1.0], 'x': None, 'rotation': 0, 'adjust_bottom': 0, 'round_anchor_y': None, 'italic': False, 'halign': 'center', 'type': 'text', 'style': None, 'animations': None, 'adjust_top': 0, 'z': 0, 'bitmap_font': False, 'valign': 'middle', 'adjust_right': 0}, {'font_size': 100, 'min_digits': 2, '_default_settings': ['font_size'], 'casing': None, 'adjust_left': 0, 'number_grouping': True, 'anchor_y': 'center', 'bold': False, 'reset_animations_events': [], 'expire': None, 'text': 'PICHU EXP (pichu_exp)/100', 'opacity': 1.0, 'font_kerning': True, 'y': None, 'key': None, 'anchor_x': 'center', 'round_anchor_x': None, 'scale': 1.0, 'color': [1.0, 1.0, 1.0, 1.0], 'x': None, 'rotation': 0, 'adjust_bottom': 0, 'round_anchor_y': None, 'italic': False, 'halign': 'center', 'type': 'text', 'style': None, 'animations': None, 'adjust_top': 0, 'z': 0, 'bitmap_font': False, 'valign': 'middle', 'adjust_right': 0}, {'font_size': 50, 'min_digits': 0, '_default_settings': ['font_size'], 'casing': None, 'adjust_left': 0, 'number_grouping': False, 'anchor_y': 'bottom', 'bold': False, 'reset_animations_events': [], 'expire': None, 'text': 'PLAYER (number)', 'opacity': 1.0, 'font_kerning': True, 'y': '10', 'key': None, 'anchor_x': 'left', 'round_anchor_x': None, 'scale': 1.0, 'color': [1.0, 1.0, 1.0, 1.0], 'x': '10', 'rotation': 0, 'adjust_bottom': 0, 'round_anchor_y': None, 'italic': False, 'halign': 'center', 'type': 'text', 'style': None, 'animations': None, 'adjust_top': 0, 'z': 0, 'bitmap_font': False, 'valign': 'middle', 'adjust_right': 0}, {'font_size': 50, 'min_digits': 0, '_default_settings': ['font_size'], 'casing': None, 'adjust_left': 0, 'number_grouping': False, 'anchor_y': 'bottom', 'bold': False, 'reset_animations_events': [], 'expire': None, 'text': 'BALL (ball)', 'opacity': 1.0, 'font_kerning': True, 'y': '10', 'key': None, 'anchor_x': 'right', 'round_anchor_x': None, 'scale': 1.0, 'color': [1.0, 1.0, 1.0, 1.0], 'x': 'right-10', 'rotation': 0, 'adjust_bottom': 0, 'round_anchor_y': None, 'italic': False, 'halign': 'center', 'type': 'text', 'style': None, 'animations': None, 'adjust_top': 0, 'z': 0, 'bitmap_font': False, 'valign': 'middle', 'adjust_right': 0}], 'priority': None, 'transition_out': None}}}
2019-05-29 19:43:22,908 : mpfmc : SlidePlayer: Play called with settings={'slides': {'widgets': {'show': True, 'expire': None, 'background_color': [0.0, 0.0, 0.0, 1.0], 'force': False, 'target': None, 'slide': None, 'action': 'play', 'transition': None, 'widgets': [{'font_size': 100, 'min_digits': 2, '_default_settings': ['font_size'], 'casing': None, 'adjust_left': 0, 'number_grouping': True, 'anchor_y': 'center', 'bold': False, 'reset_animations_events': [], 'expire': None, 'text': '(score)', 'opacity': 1.0, 'font_kerning': True, 'y': None, 'key': None, 'anchor_x': 'center', 'round_anchor_x': None, 'scale': 1.0, 'color': [1.0, 1.0, 1.0, 1.0], 'x': None, 'rotation': 0, 'adjust_bottom': 0, 'round_anchor_y': None, 'italic': False, 'halign': 'center', 'type': 'text', 'style': None, 'animations': None, 'adjust_top': 0, 'z': 0, 'bitmap_font': False, 'valign': 'middle', 'adjust_right': 0}, {'font_size': 100, 'min_digits': 2, '_default_settings': ['font_size'], 'casing': None, 'adjust_left': 0, 'number_grouping': True, 'anchor_y': 'center', 'bold': False, 'reset_animations_events': [], 'expire': None, 'text': 'PICHU EXP (pichu_exp)/100', 'opacity': 1.0, 'font_kerning': True, 'y': None, 'key': None, 'anchor_x': 'center', 'round_anchor_x': None, 'scale': 1.0, 'color': [1.0, 1.0, 1.0, 1.0], 'x': None, 'rotation': 0, 'adjust_bottom': 0, 'round_anchor_y': None, 'italic': False, 'halign': 'center', 'type': 'text', 'style': None, 'animations': None, 'adjust_top': 0, 'z': 0, 'bitmap_font': False, 'valign': 'middle', 'adjust_right': 0}, {'font_size': 50, 'min_digits': 0, '_default_settings': ['font_size'], 'casing': None, 'adjust_left': 0, 'number_grouping': False, 'anchor_y': 'bottom', 'bold': False, 'reset_animations_events': [], 'expire': None, 'text': 'PLAYER (number)', 'opacity': 1.0, 'font_kerning': True, 'y': '10', 'key': None, 'anchor_x': 'left', 'round_anchor_x': None, 'scale': 1.0, 'color': [1.0, 1.0, 1.0, 1.0], 'x': '10', 'rotation': 0, 'adjust_bottom': 0, 'round_anchor_y': None, 'italic': False, 'halign': 'center', 'type': 'text', 'style': None, 'animations': None, 'adjust_top': 0, 'z': 0, 'bitmap_font': False, 'valign': 'middle', 'adjust_right': 0}, {'font_size': 50, 'min_digits': 0, '_default_settings': ['font_size'], 'casing': None, 'adjust_left': 0, 'number_grouping': False, 'anchor_y': 'bottom', 'bold': False, 'reset_animations_events': [], 'expire': None, 'text': 'BALL (ball)', 'opacity': 1.0, 'font_kerning': True, 'y': '10', 'key': None, 'anchor_x': 'right', 'round_anchor_x': None, 'scale': 1.0, 'color': [1.0, 1.0, 1.0, 1.0], 'x': 'right-10', 'rotation': 0, 'adjust_bottom': 0, 'round_anchor_y': None, 'italic': False, 'halign': 'center', 'type': 'text', 'style': None, 'animations': None, 'adjust_top': 0, 'z': 0, 'bitmap_font': False, 'valign': 'middle', 'adjust_right': 0}], 'priority': None, 'transition_out': None}}}
2019-05-29 19:43:35,502 : mpfmc : SlidePlayer: Play called with settings={'slides': {'widgets': {'show': True, 'expire': None, 'background_color': [0.0, 0.0, 0.0, 1.0], 'force': False, 'target': None, 'slide': None, 'action': 'play', 'transition': None, 'widgets': [{'font_size': 100, 'min_digits': 2, '_default_settings': ['font_size'], 'casing': None, 'adjust_left': 0, 'number_grouping': True, 'anchor_y': 'center', 'bold': False, 'reset_animations_events': [], 'expire': None, 'text': '(score)', 'opacity': 1.0, 'font_kerning': True, 'y': None, 'key': None, 'anchor_x': 'center', 'round_anchor_x': None, 'scale': 1.0, 'color': [1.0, 1.0, 1.0, 1.0], 'x': None, 'rotation': 0, 'adjust_bottom': 0, 'round_anchor_y': None, 'italic': False, 'halign': 'center', 'type': 'text', 'style': None, 'animations': None, 'adjust_top': 0, 'z': 0, 'bitmap_font': False, 'valign': 'middle', 'adjust_right': 0}, {'font_size': 100, 'min_digits': 2, '_default_settings': ['font_size'], 'casing': None, 'adjust_left': 0, 'number_grouping': True, 'anchor_y': 'center', 'bold': False, 'reset_animations_events': [], 'expire': None, 'text': 'PICHU EXP (pichu_exp)/100', 'opacity': 1.0, 'font_kerning': True, 'y': None, 'key': None, 'anchor_x': 'center', 'round_anchor_x': None, 'scale': 1.0, 'color': [1.0, 1.0, 1.0, 1.0], 'x': None, 'rotation': 0, 'adjust_bottom': 0, 'round_anchor_y': None, 'italic': False, 'halign': 'center', 'type': 'text', 'style': None, 'animations': None, 'adjust_top': 0, 'z': 0, 'bitmap_font': False, 'valign': 'middle', 'adjust_right': 0}, {'font_size': 50, 'min_digits': 0, '_default_settings': ['font_size'], 'casing': None, 'adjust_left': 0, 'number_grouping': False, 'anchor_y': 'bottom', 'bold': False, 'reset_animations_events': [], 'expire': None, 'text': 'PLAYER (number)', 'opacity': 1.0, 'font_kerning': True, 'y': '10', 'key': None, 'anchor_x': 'left', 'round_anchor_x': None, 'scale': 1.0, 'color': [1.0, 1.0, 1.0, 1.0], 'x': '10', 'rotation': 0, 'adjust_bottom': 0, 'round_anchor_y': None, 'italic': False, 'halign': 'center', 'type': 'text', 'style': None, 'animations': None, 'adjust_top': 0, 'z': 0, 'bitmap_font': False, 'valign': 'middle', 'adjust_right': 0}, {'font_size': 50, 'min_digits': 0, '_default_settings': ['font_size'], 'casing': None, 'adjust_left': 0, 'number_grouping': False, 'anchor_y': 'bottom', 'bold': False, 'reset_animations_events': [], 'expire': None, 'text': 'BALL (ball)', 'opacity': 1.0, 'font_kerning': True, 'y': '10', 'key': None, 'anchor_x': 'right', 'round_anchor_x': None, 'scale': 1.0, 'color': [1.0, 1.0, 1.0, 1.0], 'x': 'right-10', 'rotation': 0, 'adjust_bottom': 0, 'round_anchor_y': None, 'italic': False, 'halign': 'center', 'type': 'text', 'style': None, 'animations': None, 'adjust_top': 0, 'z': 0, 'bitmap_font': False, 'valign': 'middle', 'adjust_right': 0}], 'priority': None, 'transition_out': None}}}
2019-05-29 20:00:48,211 : mpfmc : SlidePlayer: Play called with settings={'slides': {'attract_started': {'show': True, 'expire': None, 'background_color': [0.0, 0.0, 0.0, 1.0], 'target': None, 'slide': None, 'action': 'play', 'transition': None, 'force': False, 'priority': None, 'transition_out': None}}}
2019-05-29 20:00:49,877 : kivy : Base: Leaving application in progress...
2019-05-29 20:00:50,219 : mpfmc : Stopping...
2019-05-29 20:00:50,219 : mpfmc : Loop rate 80.82 Hz
2019-05-29 20:00:50,219 : kivy : MC run loop ended.
2019-05-29 20:00:50,219 : kivy : Stopping child threads... (3 remaining)
2019-05-29 20:00:50,349 : mpfmc : Stopping...
2019-05-29 20:00:50,349 : mpfmc : Loop rate 80.81 Hz
2019-05-29 20:00:50,365 : MPF-MC BCP Server : Stopping BCP sending thread
2019-05-29 20:00:50,677 : kivy : All child threads stopped.
