2019-09-15 13:25:29,897 : kivy : Factory: 194 symbols loaded
2019-09-15 13:25:31,663 : kivy : Image: Providers: img_tex, img_dds, img_sdl2, img_pil, img_gif (img_ffpyplayer ignored)
2019-09-15 13:25:33,350 : kivy : VideoGstplayer: Using Gstreamer 1.10.2.0
2019-09-15 13:25:33,350 : kivy : Video: Provider: gstplayer
2019-09-15 13:25:34,694 : kivy : Loading MPF-MC controller
2019-09-15 13:25:34,694 : mpfmc : Mission Pinball Framework Media Controller v0.50.8
2019-09-15 13:25:34,710 : mpfmc : Mission Pinball Framework Game Engine v0.50.17
2019-09-15 13:25:34,710 : mpfmc : Machine path: D:\POKEMON
2019-09-15 13:25:34,710 : ConfigProcessor : Cache file not found: C:\Users\MISSIO~1\AppData\Local\Temp\42582fcba572e096272241837be67618.mpf_cache
2019-09-15 13:25:37,116 : ConfigProcessor : Loading config from file c:\python34\lib\site-packages\mpfmc\mcconfig.yaml.
2019-09-15 13:25:37,459 : ConfigProcessor : Loading config: c:\python34\lib\site-packages\mpfmc\mcconfig.yaml
2019-09-15 13:25:37,459 : ConfigProcessor : Loading config from file D:\POKEMON\config\config.
2019-09-15 13:25:37,631 : ConfigProcessor : Loading config: D:\POKEMON\config\config
2019-09-15 13:25:37,631 : ConfigProcessor : Config file cache created: C:\Users\MISSIO~1\AppData\Local\Temp\42582fcba572e096272241837be67618.mpf_cache
2019-09-15 13:25:37,663 : mpfmc : Starting clock at 60.0Hz
2019-09-15 13:25:38,075 : kivy : Text: Provider: sdl2
2019-09-15 13:25:40,544 : kivy : OSC: using <thread> for socket
2019-09-15 13:25:40,591 : kivy : Window: Provider: sdl2
2019-09-15 13:25:42,073 : kivy : GL: Using the "OpenGL" graphics system
2019-09-15 13:25:42,116 : kivy : GL: GLEW initialization succeeded
2019-09-15 13:25:42,118 : kivy : GL: Backend used <glew>
2019-09-15 13:25:42,120 : kivy : GL: OpenGL version <b'4.4.0 - Build 20.19.15.4835'>
2019-09-15 13:25:42,121 : kivy : GL: OpenGL vendor <b'Intel'>
2019-09-15 13:25:42,122 : kivy : GL: OpenGL renderer <b'Intel(R) HD Graphics'>
2019-09-15 13:25:42,122 : kivy : GL: OpenGL parsed version: 4, 4
2019-09-15 13:25:42,123 : kivy : GL: Shading version <b'4.40 - Build 20.19.15.4835'>
2019-09-15 13:25:42,125 : kivy : GL: Texture max size <16384>
2019-09-15 13:25:42,125 : kivy : GL: Texture max units <32>
2019-09-15 13:25:42,252 : kivy : Shader: fragment shader: <b"WARNING: 0:7: '' :  #version directive missing">
2019-09-15 13:25:42,255 : kivy : Shader: vertex shader: <b"WARNING: 0:7: '' :  #version directive missing">
2019-09-15 13:25:42,352 : kivy : Window: auto add sdl2 input provider
2019-09-15 13:25:42,354 : kivy : Window: virtual keyboard not allowed, single mode, not docked
2019-09-15 13:25:42,420 : SoundSystem : SoundSystem: Using default 'sound_system' settings
2019-09-15 13:25:52,270 : AudioInterface : Initialized
2019-09-15 13:25:52,275 : SoundSystem : No audio tracks are specified in your machine config file. a track named 'default' has been created.
2019-09-15 13:25:52,292 : kivy : Base: Start application main loop
2019-09-15 13:25:52,432 : mpfmc : Display: Setting 'window' as default display
2019-09-15 13:25:52,760 : ConfigProcessor : Cache file not found: C:\Users\MISSIO~1\AppData\Local\Temp\10f8871b1481fbf59bf30d5b3d29537e.mpf_cache
2019-09-15 13:25:52,761 : ConfigProcessor : Loading config from file c:\python34\lib\site-packages\mpf\modes\attract\config\attract.yaml.
2019-09-15 13:25:52,791 : ConfigProcessor : Loading config: c:\python34\lib\site-packages\mpf\modes\attract\config\attract.yaml
2019-09-15 13:25:52,794 : ConfigProcessor : Config file cache created: C:\Users\MISSIO~1\AppData\Local\Temp\10f8871b1481fbf59bf30d5b3d29537e.mpf_cache
2019-09-15 13:25:52,821 : ConfigProcessor : Cache file not found: C:\Users\MISSIO~1\AppData\Local\Temp\c8c985d122de6339937b15f5cde5ffe7.mpf_cache
2019-09-15 13:25:52,822 : ConfigProcessor : Loading config from file c:\python34\lib\site-packages\mpf\modes\game\config\game.yaml.
2019-09-15 13:25:52,849 : ConfigProcessor : Loading config: c:\python34\lib\site-packages\mpf\modes\game\config\game.yaml
2019-09-15 13:25:52,851 : ConfigProcessor : Config file cache created: C:\Users\MISSIO~1\AppData\Local\Temp\c8c985d122de6339937b15f5cde5ffe7.mpf_cache
2019-09-15 13:25:52,877 : ConfigProcessor : Cache file not found: C:\Users\MISSIO~1\AppData\Local\Temp\01c5ea7020f20fc8cd2609416c749c9a.mpf_cache
2019-09-15 13:25:52,878 : ConfigProcessor : Loading config from file D:\POKEMON\modes\pichu\config\pichu.yaml.
2019-09-15 13:25:52,997 : ConfigProcessor : Loading config: D:\POKEMON\modes\pichu\config\pichu.yaml
2019-09-15 13:25:53,001 : ConfigProcessor : Config file cache created: C:\Users\MISSIO~1\AppData\Local\Temp\01c5ea7020f20fc8cd2609416c749c9a.mpf_cache
2019-09-15 13:25:53,049 : ConfigProcessor : Cache file not found: C:\Users\MISSIO~1\AppData\Local\Temp\3468305e031c5bbf036e7bdff3037650.mpf_cache
2019-09-15 13:25:53,049 : ConfigProcessor : Loading config from file D:\POKEMON\modes\evolve_pichu\config\evolve_pichu.yaml.
2019-09-15 13:25:53,137 : ConfigProcessor : Loading config: D:\POKEMON\modes\evolve_pichu\config\evolve_pichu.yaml
2019-09-15 13:25:53,140 : ConfigProcessor : Config file cache created: C:\Users\MISSIO~1\AppData\Local\Temp\3468305e031c5bbf036e7bdff3037650.mpf_cache
2019-09-15 13:25:53,247 : MPF-MC BCP Server : Starting up on localhost port 5050
2019-09-15 13:25:53,290 : MPF-MC BCP Server : Waiting for a connection...
2019-09-15 13:25:53,291 : mpfmc : SlidePlayer: Play called with settings={'slides': {'welcome_slide': {'target': None, 'background_color': [0.0, 0.0, 0.0, 1.0], 'force': False, 'transition_out': None, 'action': 'play', 'show': True, 'slide': None, 'expire': None, 'transition': None, 'priority': None}}}
2019-09-15 13:25:53,728 : kivy : GL: NPOT texture support is available
2019-09-15 13:28:23,984 : kivy : Base: Leaving application in progress...
