2019-09-23 18:15:20,892 : kivy : Factory: 194 symbols loaded
2019-09-23 18:15:21,517 : kivy : Image: Providers: img_tex, img_dds, img_sdl2, img_pil, img_gif (img_ffpyplayer ignored)
2019-09-23 18:15:21,861 : kivy : VideoGstplayer: Using Gstreamer 1.10.2.0
2019-09-23 18:15:21,861 : kivy : Video: Provider: gstplayer
2019-09-23 18:15:22,174 : kivy : Loading MPF-MC controller
2019-09-23 18:15:22,189 : mpfmc : Mission Pinball Framework Media Controller v0.50.8
2019-09-23 18:15:22,189 : mpfmc : Mission Pinball Framework Game Engine v0.50.17
2019-09-23 18:15:22,189 : mpfmc : Machine path: D:\POKEMON
2019-09-23 18:15:22,189 : ConfigProcessor : Config file in cache changed: D:\POKEMON\config\config
2019-09-23 18:15:23,689 : ConfigProcessor : Loading config from file c:\python34\lib\site-packages\mpfmc\mcconfig.yaml.
2019-09-23 18:15:23,892 : ConfigProcessor : Loading config: c:\python34\lib\site-packages\mpfmc\mcconfig.yaml
2019-09-23 18:15:23,892 : ConfigProcessor : Loading config from file D:\POKEMON\config\config.
2019-09-23 18:15:24,049 : ConfigProcessor : Loading config: D:\POKEMON\config\config
2019-09-23 18:15:24,049 : ConfigProcessor : Config file cache created: C:\Users\MISSIO~1\AppData\Local\Temp\42582fcba572e096272241837be67618.mpf_cache
2019-09-23 18:15:24,080 : mpfmc : Starting clock at 60.0Hz
2019-09-23 18:15:24,142 : kivy : Text: Provider: sdl2
2019-09-23 18:15:25,783 : kivy : OSC: using <thread> for socket
2019-09-23 18:15:25,799 : kivy : Window: Provider: sdl2
2019-09-23 18:15:26,049 : kivy : GL: Using the "OpenGL" graphics system
2019-09-23 18:15:26,053 : kivy : GL: GLEW initialization succeeded
2019-09-23 18:15:26,054 : kivy : GL: Backend used <glew>
2019-09-23 18:15:26,054 : kivy : GL: OpenGL version <b'4.4.0 - Build 20.19.15.4835'>
2019-09-23 18:15:26,054 : kivy : GL: OpenGL vendor <b'Intel'>
2019-09-23 18:15:26,055 : kivy : GL: OpenGL renderer <b'Intel(R) HD Graphics'>
2019-09-23 18:15:26,055 : kivy : GL: OpenGL parsed version: 4, 4
2019-09-23 18:15:26,055 : kivy : GL: Shading version <b'4.40 - Build 20.19.15.4835'>
2019-09-23 18:15:26,056 : kivy : GL: Texture max size <16384>
2019-09-23 18:15:26,056 : kivy : GL: Texture max units <32>
2019-09-23 18:15:26,105 : kivy : Shader: fragment shader: <b"WARNING: 0:7: '' :  #version directive missing">
2019-09-23 18:15:26,107 : kivy : Shader: vertex shader: <b"WARNING: 0:7: '' :  #version directive missing">
2019-09-23 18:15:26,124 : kivy : Window: auto add sdl2 input provider
2019-09-23 18:15:26,125 : kivy : Window: virtual keyboard not allowed, single mode, not docked
2019-09-23 18:15:26,164 : SoundSystem : SoundSystem: Using default 'sound_system' settings
2019-09-23 18:15:28,119 : AudioInterface : Initialized
2019-09-23 18:15:28,120 : SoundSystem : No audio tracks are specified in your machine config file. a track named 'default' has been created.
2019-09-23 18:15:28,132 : kivy : Base: Start application main loop
2019-09-23 18:15:28,184 : mpfmc : Display: Setting 'window' as default display
2019-09-23 18:15:28,345 : ConfigProcessor : Loading config from cache: C:\Users\MISSIO~1\AppData\Local\Temp\10f8871b1481fbf59bf30d5b3d29537e.mpf_cache
2019-09-23 18:15:28,348 : ConfigProcessor : Loading config from cache: C:\Users\MISSIO~1\AppData\Local\Temp\c8c985d122de6339937b15f5cde5ffe7.mpf_cache
2019-09-23 18:15:28,351 : ConfigProcessor : Loading config from cache: C:\Users\MISSIO~1\AppData\Local\Temp\3468305e031c5bbf036e7bdff3037650.mpf_cache
2019-09-23 18:15:28,365 : ConfigProcessor : Loading config from cache: C:\Users\MISSIO~1\AppData\Local\Temp\d41d8cd98f00b204e9800998ecf8427e.mpf_cache
2019-09-23 18:15:28,367 : ConfigProcessor : Config file cache created: C:\Users\MISSIO~1\AppData\Local\Temp\d41d8cd98f00b204e9800998ecf8427e.mpf_cache
2019-09-23 18:15:28,373 : ConfigProcessor : Loading config from cache: C:\Users\MISSIO~1\AppData\Local\Temp\01c5ea7020f20fc8cd2609416c749c9a.mpf_cache
2019-09-23 18:15:28,395 : MPF-MC BCP Server : Starting up on localhost port 5050
2019-09-23 18:15:28,422 : MPF-MC BCP Server : Waiting for a connection...
2019-09-23 18:15:28,423 : mpfmc : SlidePlayer: Play called with settings={'slides': {'welcome_slide': {'action': 'play', 'force': False, 'priority': None, 'show': True, 'expire': None, 'transition': None, 'target': None, 'background_color': [0.0, 0.0, 0.0, 1.0], 'transition_out': None, 'slide': None}}}
2019-09-23 18:15:28,589 : kivy : GL: NPOT texture support is available
2019-09-23 18:16:16,136 : kivy : Base: Leaving application in progress...
2019-09-23 18:16:16,404 : mpfmc : Stopping...
2019-09-23 18:16:16,404 : mpfmc : Loop rate 77.1 Hz
2019-09-23 18:16:16,404 : kivy : MC run loop ended.
2019-09-23 18:16:16,404 : kivy : Stopping child threads... (3 remaining)
2019-09-23 18:16:16,475 : MPF-MC BCP Server : Stopping BCP sending thread
2019-09-23 18:16:16,491 : MPF-MC BCP Server : Stopping BCP listener thread
2019-09-23 18:16:17,491 : kivy : All child threads stopped.
