2019-05-27 11:42:39,684 : kivy : Factory: 194 symbols loaded
2019-05-27 11:42:40,619 : kivy : Image: Providers: img_tex, img_dds, img_sdl2, img_pil, img_gif (img_ffpyplayer ignored)
2019-05-27 11:42:41,178 : kivy : VideoGstplayer: Using Gstreamer 1.10.2.0
2019-05-27 11:42:41,178 : kivy : Video: Provider: gstplayer
2019-05-27 11:42:41,726 : kivy : Loading MPF-MC controller
2019-05-27 11:42:41,726 : mpfmc : Mission Pinball Framework Media Controller v0.50.8
2019-05-27 11:42:41,735 : mpfmc : Mission Pinball Framework Game Engine v0.50.17
2019-05-27 11:42:41,735 : mpfmc : Machine path: D:\POKEMON
2019-05-27 11:42:41,767 : ConfigProcessor : Config file in cache changed: D:\POKEMON\config\config
2019-05-27 11:42:44,373 : ConfigProcessor : Loading config from file c:\python34\lib\site-packages\mpfmc\mcconfig.yaml.
2019-05-27 11:42:44,651 : ConfigProcessor : Loading config: c:\python34\lib\site-packages\mpfmc\mcconfig.yaml
2019-05-27 11:42:44,651 : ConfigProcessor : Loading config from file D:\POKEMON\config\config.
2019-05-27 11:42:44,859 : ConfigProcessor : Loading config: D:\POKEMON\config\config
2019-05-27 11:42:44,874 : ConfigProcessor : Config file cache created: C:\Users\MISSIO~1\AppData\Local\Temp\42582fcba572e096272241837be67618.mpf_cache
2019-05-27 11:42:44,905 : mpfmc : Starting clock at 60.0Hz
2019-05-27 11:42:45,021 : kivy : Text: Provider: sdl2
2019-05-27 11:42:47,571 : kivy : OSC: using <thread> for socket
2019-05-27 11:42:47,618 : kivy : Window: Provider: sdl2
2019-05-27 11:42:48,516 : kivy : GL: Using the "OpenGL" graphics system
2019-05-27 11:42:48,525 : kivy : GL: GLEW initialization succeeded
2019-05-27 11:42:48,526 : kivy : GL: Backend used <glew>
2019-05-27 11:42:48,526 : kivy : GL: OpenGL version <b'4.4.0 - Build 20.19.15.4835'>
2019-05-27 11:42:48,527 : kivy : GL: OpenGL vendor <b'Intel'>
2019-05-27 11:42:48,527 : kivy : GL: OpenGL renderer <b'Intel(R) HD Graphics'>
2019-05-27 11:42:48,528 : kivy : GL: OpenGL parsed version: 4, 4
2019-05-27 11:42:48,529 : kivy : GL: Shading version <b'4.40 - Build 20.19.15.4835'>
2019-05-27 11:42:48,529 : kivy : GL: Texture max size <16384>
2019-05-27 11:42:48,530 : kivy : GL: Texture max units <32>
2019-05-27 11:42:48,612 : kivy : Shader: fragment shader: <b"WARNING: 0:7: '' :  #version directive missing">
2019-05-27 11:42:48,614 : kivy : Shader: vertex shader: <b"WARNING: 0:7: '' :  #version directive missing">
2019-05-27 11:42:48,645 : kivy : Window: auto add sdl2 input provider
2019-05-27 11:42:48,647 : kivy : Window: virtual keyboard not allowed, single mode, not docked
2019-05-27 11:42:48,713 : SoundSystem : SoundSystem: Using default 'sound_system' settings
2019-05-27 11:43:01,709 : AudioInterface : Initialized
2019-05-27 11:43:01,720 : SoundSystem : No audio tracks are specified in your machine config file. a track named 'default' has been created.
2019-05-27 11:43:01,763 : kivy : Base: Start application main loop
2019-05-27 11:43:01,984 : mpfmc : Display: Setting 'window' as default display
2019-05-27 11:43:02,550 : ConfigProcessor : Loading config from cache: C:\Users\MISSIO~1\AppData\Local\Temp\01c5ea7020f20fc8cd2609416c749c9a.mpf_cache
2019-05-27 11:43:02,585 : ConfigProcessor : Loading config from cache: C:\Users\MISSIO~1\AppData\Local\Temp\10f8871b1481fbf59bf30d5b3d29537e.mpf_cache
2019-05-27 11:43:02,592 : ConfigProcessor : Loading config from cache: C:\Users\MISSIO~1\AppData\Local\Temp\c8c985d122de6339937b15f5cde5ffe7.mpf_cache
2019-05-27 11:43:02,605 : MPF-MC BCP Server : Starting up on localhost port 5050
2019-05-27 11:43:02,672 : MPF-MC BCP Server : Waiting for a connection...
2019-05-27 11:43:02,674 : mpfmc : SlidePlayer: Play called with settings={'slides': {'welcome_slide': {'slide': None, 'action': 'play', 'expire': None, 'force': False, 'show': True, 'target': None, 'background_color': [0.0, 0.0, 0.0, 1.0], 'transition': None, 'transition_out': None, 'priority': None}}}
2019-05-27 11:43:02,946 : MPF-MC BCP Server : Received connection from: 127.0.0.1:52636
2019-05-27 11:43:03,354 : kivy : GL: NPOT texture support is available
2019-05-27 11:43:03,931 : mpfmc : SlidePlayer: Play called with settings={'slides': {'welcome_slide': {'slide': None, 'action': 'play', 'expire': None, 'force': False, 'show': True, 'target': None, 'background_color': [0.0, 0.0, 0.0, 1.0], 'transition': None, 'transition_out': None, 'priority': None}}}
2019-05-27 11:43:04,038 : BcpProcessor : Received invalid BCP command: mode_list
2019-05-27 11:43:04,075 : mpfmc : SlidePlayer: Play called with settings={'slides': {'attract_started': {'slide': None, 'action': 'play', 'expire': None, 'force': False, 'show': True, 'target': None, 'background_color': [0.0, 0.0, 0.0, 1.0], 'transition': None, 'transition_out': None, 'priority': None}}}
2019-05-27 11:43:47,360 : kivy : Base: Leaving application in progress...
2019-05-27 11:43:47,360 : mpfmc : Stopping...
2019-05-27 11:43:47,360 : mpfmc : Loop rate 74.63 Hz
2019-05-27 11:43:47,368 : kivy : MC run loop ended.
2019-05-27 11:43:47,368 : kivy : Stopping child threads... (3 remaining)
2019-05-27 11:43:48,232 : mpfmc : Stopping...
2019-05-27 11:43:48,232 : mpfmc : Loop rate 73.23 Hz
2019-05-27 11:43:48,363 : MPF-MC BCP Server : Stopping BCP sending thread
2019-05-27 11:43:48,548 : kivy : All child threads stopped.
