2019-09-20 17:37:15,835 : kivy : Factory: 194 symbols loaded
2019-09-20 17:37:17,038 : kivy : Image: Providers: img_tex, img_dds, img_sdl2, img_pil, img_gif (img_ffpyplayer ignored)
2019-09-20 17:37:18,054 : kivy : VideoGstplayer: Using Gstreamer 1.10.2.0
2019-09-20 17:37:18,054 : kivy : Video: Provider: gstplayer
2019-09-20 17:37:18,726 : kivy : Loading MPF-MC controller
2019-09-20 17:37:18,726 : mpfmc : Mission Pinball Framework Media Controller v0.50.8
2019-09-20 17:37:18,726 : mpfmc : Mission Pinball Framework Game Engine v0.50.17
2019-09-20 17:37:18,726 : mpfmc : Machine path: D:\POKEMON
2019-09-20 17:37:18,726 : ConfigProcessor : Config file in cache changed: D:\POKEMON\config\config
2019-09-20 17:37:20,225 : ConfigProcessor : Loading config from file c:\python34\lib\site-packages\mpfmc\mcconfig.yaml.
2019-09-20 17:37:20,428 : ConfigProcessor : Loading config: c:\python34\lib\site-packages\mpfmc\mcconfig.yaml
2019-09-20 17:37:20,428 : ConfigProcessor : Loading config from file D:\POKEMON\config\config.
2019-09-20 17:37:20,991 : ConfigProcessor : Loading config: D:\POKEMON\config\config
2019-09-20 17:37:20,991 : ConfigProcessor : Config file cache created: C:\Users\MISSIO~1\AppData\Local\Temp\42582fcba572e096272241837be67618.mpf_cache
2019-09-20 17:37:21,022 : mpfmc : Starting clock at 60.0Hz
2019-09-20 17:37:21,335 : kivy : Text: Provider: sdl2
2019-09-20 17:37:23,210 : kivy : OSC: using <thread> for socket
2019-09-20 17:37:23,241 : kivy : Window: Provider: sdl2
2019-09-20 17:37:23,878 : kivy : GL: Using the "OpenGL" graphics system
2019-09-20 17:37:24,092 : kivy : GL: GLEW initialization succeeded
2019-09-20 17:37:24,095 : kivy : GL: Backend used <glew>
2019-09-20 17:37:24,096 : kivy : GL: OpenGL version <b'4.4.0 - Build 20.19.15.4835'>
2019-09-20 17:37:24,097 : kivy : GL: OpenGL vendor <b'Intel'>
2019-09-20 17:37:24,097 : kivy : GL: OpenGL renderer <b'Intel(R) HD Graphics'>
2019-09-20 17:37:24,098 : kivy : GL: OpenGL parsed version: 4, 4
2019-09-20 17:37:24,098 : kivy : GL: Shading version <b'4.40 - Build 20.19.15.4835'>
2019-09-20 17:37:24,100 : kivy : GL: Texture max size <16384>
2019-09-20 17:37:24,101 : kivy : GL: Texture max units <32>
2019-09-20 17:37:24,174 : kivy : Shader: fragment shader: <b"WARNING: 0:7: '' :  #version directive missing">
2019-09-20 17:37:24,176 : kivy : Shader: vertex shader: <b"WARNING: 0:7: '' :  #version directive missing">
2019-09-20 17:37:24,222 : kivy : Window: auto add sdl2 input provider
2019-09-20 17:37:24,223 : kivy : Window: virtual keyboard not allowed, single mode, not docked
2019-09-20 17:37:24,283 : SoundSystem : SoundSystem: Using default 'sound_system' settings
2019-09-20 17:37:31,575 : AudioInterface : Initialized
2019-09-20 17:37:31,578 : SoundSystem : No audio tracks are specified in your machine config file. a track named 'default' has been created.
2019-09-20 17:37:31,591 : kivy : Base: Start application main loop
2019-09-20 17:37:31,666 : mpfmc : Display: Setting 'window' as default display
2019-09-20 17:37:31,858 : ConfigProcessor : Loading config from cache: C:\Users\MISSIO~1\AppData\Local\Temp\01c5ea7020f20fc8cd2609416c749c9a.mpf_cache
2019-09-20 17:37:31,876 : ConfigProcessor : Loading config from cache: C:\Users\MISSIO~1\AppData\Local\Temp\c8c985d122de6339937b15f5cde5ffe7.mpf_cache
2019-09-20 17:37:31,879 : ConfigProcessor : Loading config from cache: C:\Users\MISSIO~1\AppData\Local\Temp\3468305e031c5bbf036e7bdff3037650.mpf_cache
2019-09-20 17:37:31,895 : ConfigProcessor : Loading config from cache: C:\Users\MISSIO~1\AppData\Local\Temp\10f8871b1481fbf59bf30d5b3d29537e.mpf_cache
2019-09-20 17:37:31,901 : MPF-MC BCP Server : Starting up on localhost port 5050
2019-09-20 17:37:31,928 : MPF-MC BCP Server : Waiting for a connection...
2019-09-20 17:37:31,929 : mpfmc : SlidePlayer: Play called with settings={'slides': {'welcome_slide': {'force': False, 'action': 'play', 'priority': None, 'show': True, 'transition_out': None, 'expire': None, 'slide': None, 'target': None, 'transition': None, 'background_color': [0.0, 0.0, 0.0, 1.0]}}}
2019-09-20 17:37:32,217 : kivy : GL: NPOT texture support is available
2019-09-20 17:37:32,400 : MPF-MC BCP Server : Received connection from: 127.0.0.1:50550
2019-09-20 17:37:32,451 : BcpProcessor : Received invalid BCP command: mode_list
2019-09-20 17:37:32,830 : mpfmc : SlidePlayer: Play called with settings={'slides': {'welcome_slide': {'force': False, 'action': 'play', 'priority': None, 'show': True, 'transition_out': None, 'expire': None, 'slide': None, 'target': None, 'transition': None, 'background_color': [0.0, 0.0, 0.0, 1.0]}}}
2019-09-20 17:37:32,873 : mpfmc : SlidePlayer: Play called with settings={'slides': {'attract_started': {'force': False, 'action': 'play', 'priority': None, 'show': True, 'transition_out': None, 'expire': None, 'slide': None, 'target': None, 'transition': None, 'background_color': [0.0, 0.0, 0.0, 1.0]}}}
2019-09-20 17:39:08,358 : mpfmc : SlidePlayer: Play called with settings={'slides': {'attract_started': {'force': False, 'action': 'play', 'priority': None, 'show': True, 'transition_out': None, 'expire': None, 'slide': None, 'target': None, 'transition': None, 'background_color': [0.0, 0.0, 0.0, 1.0]}}}
2019-09-20 17:42:05,604 : mpfmc : SlidePlayer: Play called with settings={'slides': {'attract_started': {'force': False, 'action': 'play', 'priority': None, 'show': True, 'transition_out': None, 'expire': None, 'slide': None, 'target': None, 'transition': None, 'background_color': [0.0, 0.0, 0.0, 1.0]}}}
2019-09-20 17:45:39,711 : mpfmc : SlidePlayer: Play called with settings={'slides': {'attract_started': {'force': False, 'action': 'play', 'priority': None, 'show': True, 'transition_out': None, 'expire': None, 'slide': None, 'target': None, 'transition': None, 'background_color': [0.0, 0.0, 0.0, 1.0]}}}
2019-09-20 17:47:34,052 : mpfmc : SlidePlayer: Play called with settings={'slides': {'attract_started': {'force': False, 'action': 'play', 'priority': None, 'show': True, 'transition_out': None, 'expire': None, 'slide': None, 'target': None, 'transition': None, 'background_color': [0.0, 0.0, 0.0, 1.0]}}}
2019-09-20 17:50:44,795 : mpfmc : SlidePlayer: Play called with settings={'slides': {'attract_started': {'force': False, 'action': 'play', 'priority': None, 'show': True, 'transition_out': None, 'expire': None, 'slide': None, 'target': None, 'transition': None, 'background_color': [0.0, 0.0, 0.0, 1.0]}}}
2019-09-20 17:58:10,414 : mpfmc : SlidePlayer: Play called with settings={'slides': {'attract_started': {'force': False, 'action': 'play', 'priority': None, 'show': True, 'transition_out': None, 'expire': None, 'slide': None, 'target': None, 'transition': None, 'background_color': [0.0, 0.0, 0.0, 1.0]}}}
2019-09-20 17:59:47,705 : mpfmc : SlidePlayer: Play called with settings={'slides': {'attract_started': {'force': False, 'action': 'play', 'priority': None, 'show': True, 'transition_out': None, 'expire': None, 'slide': None, 'target': None, 'transition': None, 'background_color': [0.0, 0.0, 0.0, 1.0]}}}
2019-09-20 18:01:41,179 : mpfmc : SlidePlayer: Play called with settings={'slides': {'attract_started': {'force': False, 'action': 'play', 'priority': None, 'show': True, 'transition_out': None, 'expire': None, 'slide': None, 'target': None, 'transition': None, 'background_color': [0.0, 0.0, 0.0, 1.0]}}}
