2019-05-29 22:07:44,870 : kivy : Factory: 194 symbols loaded
2019-05-29 22:07:45,417 : kivy : Image: Providers: img_tex, img_dds, img_sdl2, img_pil, img_gif (img_ffpyplayer ignored)
2019-05-29 22:07:45,729 : kivy : VideoGstplayer: Using Gstreamer 1.10.2.0
2019-05-29 22:07:45,729 : kivy : Video: Provider: gstplayer
2019-05-29 22:07:46,042 : kivy : Loading MPF-MC controller
2019-05-29 22:07:46,042 : mpfmc : Mission Pinball Framework Media Controller v0.50.8
2019-05-29 22:07:46,042 : mpfmc : Mission Pinball Framework Game Engine v0.50.17
2019-05-29 22:07:46,042 : mpfmc : Machine path: D:\POKEMON
2019-05-29 22:07:46,042 : ConfigProcessor : Config file in cache changed: D:\POKEMON\config\config
2019-05-29 22:07:47,542 : ConfigProcessor : Loading config from file c:\python34\lib\site-packages\mpfmc\mcconfig.yaml.
2019-05-29 22:07:47,729 : ConfigProcessor : Loading config: c:\python34\lib\site-packages\mpfmc\mcconfig.yaml
2019-05-29 22:07:47,729 : ConfigProcessor : Loading config from file D:\POKEMON\config\config.
2019-05-29 22:07:47,885 : ConfigProcessor : Loading config: D:\POKEMON\config\config
2019-05-29 22:07:47,885 : ConfigProcessor : Config file cache created: C:\Users\MISSIO~1\AppData\Local\Temp\42582fcba572e096272241837be67618.mpf_cache
2019-05-29 22:07:47,932 : mpfmc : Starting clock at 60.0Hz
2019-05-29 22:07:47,995 : kivy : Text: Provider: sdl2
2019-05-29 22:07:49,550 : kivy : OSC: using <thread> for socket
2019-05-29 22:07:49,581 : kivy : Window: Provider: sdl2
2019-05-29 22:07:49,831 : kivy : GL: Using the "OpenGL" graphics system
2019-05-29 22:07:49,834 : kivy : GL: GLEW initialization succeeded
2019-05-29 22:07:49,835 : kivy : GL: Backend used <glew>
2019-05-29 22:07:49,835 : kivy : GL: OpenGL version <b'4.4.0 - Build 20.19.15.4835'>
2019-05-29 22:07:49,835 : kivy : GL: OpenGL vendor <b'Intel'>
2019-05-29 22:07:49,836 : kivy : GL: OpenGL renderer <b'Intel(R) HD Graphics'>
2019-05-29 22:07:49,836 : kivy : GL: OpenGL parsed version: 4, 4
2019-05-29 22:07:49,836 : kivy : GL: Shading version <b'4.40 - Build 20.19.15.4835'>
2019-05-29 22:07:49,837 : kivy : GL: Texture max size <16384>
2019-05-29 22:07:49,837 : kivy : GL: Texture max units <32>
2019-05-29 22:07:49,888 : kivy : Shader: fragment shader: <b"WARNING: 0:7: '' :  #version directive missing">
2019-05-29 22:07:49,890 : kivy : Shader: vertex shader: <b"WARNING: 0:7: '' :  #version directive missing">
2019-05-29 22:07:49,906 : kivy : Window: auto add sdl2 input provider
2019-05-29 22:07:49,907 : kivy : Window: virtual keyboard not allowed, single mode, not docked
2019-05-29 22:07:49,943 : SoundSystem : SoundSystem: Using default 'sound_system' settings
2019-05-29 22:07:51,625 : AudioInterface : Initialized
2019-05-29 22:07:51,626 : SoundSystem : No audio tracks are specified in your machine config file. a track named 'default' has been created.
2019-05-29 22:07:51,640 : kivy : Base: Start application main loop
2019-05-29 22:07:51,695 : mpfmc : Display: Setting 'window' as default display
2019-05-29 22:07:51,853 : ConfigProcessor : Loading config from cache: C:\Users\MISSIO~1\AppData\Local\Temp\3468305e031c5bbf036e7bdff3037650.mpf_cache
2019-05-29 22:07:51,868 : ConfigProcessor : Loading config from cache: C:\Users\MISSIO~1\AppData\Local\Temp\c8c985d122de6339937b15f5cde5ffe7.mpf_cache
2019-05-29 22:07:51,872 : ConfigProcessor : Loading config from cache: C:\Users\MISSIO~1\AppData\Local\Temp\01c5ea7020f20fc8cd2609416c749c9a.mpf_cache
2019-05-29 22:07:51,888 : ConfigProcessor : Loading config from cache: C:\Users\MISSIO~1\AppData\Local\Temp\10f8871b1481fbf59bf30d5b3d29537e.mpf_cache
2019-05-29 22:07:51,894 : MPF-MC BCP Server : Starting up on localhost port 5050
2019-05-29 22:07:51,919 : MPF-MC BCP Server : Waiting for a connection...
2019-05-29 22:07:51,920 : mpfmc : SlidePlayer: Play called with settings={'slides': {'welcome_slide': {'target': None, 'background_color': [0.0, 0.0, 0.0, 1.0], 'slide': None, 'action': 'play', 'show': True, 'expire': None, 'transition_out': None, 'transition': None, 'priority': None, 'force': False}}}
2019-05-29 22:07:52,105 : kivy : GL: NPOT texture support is available
2019-05-29 22:07:52,372 : MPF-MC BCP Server : Received connection from: 127.0.0.1:50090
2019-05-29 22:07:53,447 : mpfmc : SlidePlayer: Play called with settings={'slides': {'welcome_slide': {'target': None, 'background_color': [0.0, 0.0, 0.0, 1.0], 'slide': None, 'action': 'play', 'show': True, 'expire': None, 'transition_out': None, 'transition': None, 'priority': None, 'force': False}}}
2019-05-29 22:07:53,485 : BcpProcessor : Received invalid BCP command: mode_list
2019-05-29 22:07:53,507 : mpfmc : SlidePlayer: Play called with settings={'slides': {'attract_started': {'target': None, 'background_color': [0.0, 0.0, 0.0, 1.0], 'slide': None, 'action': 'play', 'show': True, 'expire': None, 'transition_out': None, 'transition': None, 'priority': None, 'force': False}}}
2019-05-29 22:07:56,139 : mpfmc : SlidePlayer: Play called with settings={'slides': {'widgets': {'target': None, 'widgets': [{'round_anchor_x': None, 'anchor_x': 'left', 'animations': None, 'adjust_right': 0, 'scale': 1.0, 'adjust_bottom': 0, 'casing': None, 'round_anchor_y': None, 'color': [1.0, 1.0, 1.0, 1.0], 'z': 0, 'text': '(score)', 'min_digits': 2, 'number_grouping': True, 'font_kerning': True, 'x': '0', 'adjust_top': 0, 'type': 'text', 'bold': False, 'valign': 'middle', 'font_size': 100, 'reset_animations_events': [], 'rotation': 0, 'opacity': 1.0, 'expire': None, 'italic': False, 'style': None, '_default_settings': ['font_size'], 'key': None, 'adjust_left': 0, 'y': '400', 'halign': 'center', 'bitmap_font': False, 'anchor_y': 'bottom'}, {'round_anchor_x': None, 'anchor_x': 'left', 'animations': None, 'adjust_right': 0, 'scale': 1.0, 'adjust_bottom': 0, 'casing': None, 'round_anchor_y': None, 'color': [1.0, 1.0, 1.0, 1.0], 'z': 0, 'text': 'PICHU EXP (pichu_exp)/100', 'min_digits': 2, 'number_grouping': True, 'font_kerning': True, 'x': '10', 'adjust_top': 0, 'type': 'text', 'bold': False, 'valign': 'middle', 'font_size': 50, 'reset_animations_events': [], 'rotation': 0, 'opacity': 1.0, 'expire': None, 'italic': False, 'style': None, '_default_settings': ['font_size'], 'key': None, 'adjust_left': 0, 'y': '70', 'halign': 'center', 'bitmap_font': False, 'anchor_y': 'bottom'}, {'round_anchor_y': None, 'anchor_x': 'left', 'animations': None, 'adjust_right': 0, 'scale': 1.0, 'adjust_bottom': 0, 'casing': None, 'round_anchor_x': None, 'color': [1.0, 1.0, 1.0, 1.0], 'z': 0, 'text': 'PLAYER (number)', 'min_digits': 0, 'number_grouping': False, 'font_kerning': True, 'x': '10', 'adjust_top': 0, 'type': 'text', 'bold': False, 'valign': 'middle', 'font_size': 50, 'reset_animations_events': [], 'opacity': 1.0, 'expire': None, 'italic': False, 'style': None, 'anchor_y': 'bottom', '_default_settings': ['font_size'], 'key': None, 'adjust_left': 0, 'y': '10', 'halign': 'center', 'bitmap_font': False, 'rotation': 0}, {'round_anchor_y': None, 'anchor_x': 'right', 'animations': None, 'adjust_right': 0, 'scale': 1.0, 'adjust_bottom': 0, 'casing': None, 'round_anchor_x': None, 'color': [1.0, 1.0, 1.0, 1.0], 'z': 0, 'text': 'BALL (ball)', 'min_digits': 0, 'number_grouping': False, 'font_kerning': True, 'x': 'right-10', 'adjust_top': 0, 'type': 'text', 'bold': False, 'valign': 'middle', 'font_size': 50, 'reset_animations_events': [], 'opacity': 1.0, 'expire': None, 'italic': False, 'style': None, 'anchor_y': 'bottom', '_default_settings': ['font_size'], 'key': None, 'adjust_left': 0, 'y': '10', 'halign': 'center', 'bitmap_font': False, 'rotation': 0}], 'slide': None, 'action': 'play', 'show': True, 'expire': None, 'transition_out': None, 'priority': None, 'background_color': [0.0, 0.0, 0.0, 1.0], 'transition': None, 'force': False}}}
2019-05-29 22:09:15,375 : mpfmc : SlidePlayer: Play called with settings={'slides': {'widgets': {'target': None, 'widgets': [{'round_anchor_x': None, 'anchor_x': 'left', 'animations': None, 'adjust_right': 0, 'scale': 1.0, 'adjust_bottom': 0, 'casing': None, 'round_anchor_y': None, 'color': [1.0, 1.0, 1.0, 1.0], 'z': 0, 'text': '(score)', 'min_digits': 2, 'number_grouping': True, 'font_kerning': True, 'x': '0', 'adjust_top': 0, 'type': 'text', 'bold': False, 'valign': 'middle', 'font_size': 100, 'reset_animations_events': [], 'rotation': 0, 'opacity': 1.0, 'expire': None, 'italic': False, 'style': None, '_default_settings': ['font_size'], 'key': None, 'adjust_left': 0, 'y': '400', 'halign': 'center', 'bitmap_font': False, 'anchor_y': 'bottom'}, {'round_anchor_x': None, 'anchor_x': 'left', 'animations': None, 'adjust_right': 0, 'scale': 1.0, 'adjust_bottom': 0, 'casing': None, 'round_anchor_y': None, 'color': [1.0, 1.0, 1.0, 1.0], 'z': 0, 'text': 'PICHU EXP (pichu_exp)/100', 'min_digits': 2, 'number_grouping': True, 'font_kerning': True, 'x': '10', 'adjust_top': 0, 'type': 'text', 'bold': False, 'valign': 'middle', 'font_size': 50, 'reset_animations_events': [], 'rotation': 0, 'opacity': 1.0, 'expire': None, 'italic': False, 'style': None, '_default_settings': ['font_size'], 'key': None, 'adjust_left': 0, 'y': '70', 'halign': 'center', 'bitmap_font': False, 'anchor_y': 'bottom'}, {'round_anchor_y': None, 'anchor_x': 'left', 'animations': None, 'adjust_right': 0, 'scale': 1.0, 'adjust_bottom': 0, 'casing': None, 'round_anchor_x': None, 'color': [1.0, 1.0, 1.0, 1.0], 'z': 0, 'text': 'PLAYER (number)', 'min_digits': 0, 'number_grouping': False, 'font_kerning': True, 'x': '10', 'adjust_top': 0, 'type': 'text', 'bold': False, 'valign': 'middle', 'font_size': 50, 'reset_animations_events': [], 'opacity': 1.0, 'expire': None, 'italic': False, 'style': None, 'anchor_y': 'bottom', '_default_settings': ['font_size'], 'key': None, 'adjust_left': 0, 'y': '10', 'halign': 'center', 'bitmap_font': False, 'rotation': 0}, {'round_anchor_y': None, 'anchor_x': 'right', 'animations': None, 'adjust_right': 0, 'scale': 1.0, 'adjust_bottom': 0, 'casing': None, 'round_anchor_x': None, 'color': [1.0, 1.0, 1.0, 1.0], 'z': 0, 'text': 'BALL (ball)', 'min_digits': 0, 'number_grouping': False, 'font_kerning': True, 'x': 'right-10', 'adjust_top': 0, 'type': 'text', 'bold': False, 'valign': 'middle', 'font_size': 50, 'reset_animations_events': [], 'opacity': 1.0, 'expire': None, 'italic': False, 'style': None, 'anchor_y': 'bottom', '_default_settings': ['font_size'], 'key': None, 'adjust_left': 0, 'y': '10', 'halign': 'center', 'bitmap_font': False, 'rotation': 0}], 'slide': None, 'action': 'play', 'show': True, 'expire': None, 'transition_out': None, 'priority': None, 'background_color': [0.0, 0.0, 0.0, 1.0], 'transition': None, 'force': False}}}
2019-05-29 22:09:48,379 : mpfmc : SlidePlayer: Play called with settings={'slides': {'widgets': {'target': None, 'widgets': [{'round_anchor_x': None, 'anchor_x': 'left', 'animations': None, 'adjust_right': 0, 'scale': 1.0, 'adjust_bottom': 0, 'casing': None, 'round_anchor_y': None, 'color': [1.0, 1.0, 1.0, 1.0], 'z': 0, 'text': '(score)', 'min_digits': 2, 'number_grouping': True, 'font_kerning': True, 'x': '0', 'adjust_top': 0, 'type': 'text', 'bold': False, 'valign': 'middle', 'font_size': 100, 'reset_animations_events': [], 'rotation': 0, 'opacity': 1.0, 'expire': None, 'italic': False, 'style': None, '_default_settings': ['font_size'], 'key': None, 'adjust_left': 0, 'y': '400', 'halign': 'center', 'bitmap_font': False, 'anchor_y': 'bottom'}, {'round_anchor_x': None, 'anchor_x': 'left', 'animations': None, 'adjust_right': 0, 'scale': 1.0, 'adjust_bottom': 0, 'casing': None, 'round_anchor_y': None, 'color': [1.0, 1.0, 1.0, 1.0], 'z': 0, 'text': 'PICHU EXP (pichu_exp)/100', 'min_digits': 2, 'number_grouping': True, 'font_kerning': True, 'x': '10', 'adjust_top': 0, 'type': 'text', 'bold': False, 'valign': 'middle', 'font_size': 50, 'reset_animations_events': [], 'rotation': 0, 'opacity': 1.0, 'expire': None, 'italic': False, 'style': None, '_default_settings': ['font_size'], 'key': None, 'adjust_left': 0, 'y': '70', 'halign': 'center', 'bitmap_font': False, 'anchor_y': 'bottom'}, {'round_anchor_y': None, 'anchor_x': 'left', 'animations': None, 'adjust_right': 0, 'scale': 1.0, 'adjust_bottom': 0, 'casing': None, 'round_anchor_x': None, 'color': [1.0, 1.0, 1.0, 1.0], 'z': 0, 'text': 'PLAYER (number)', 'min_digits': 0, 'number_grouping': False, 'font_kerning': True, 'x': '10', 'adjust_top': 0, 'type': 'text', 'bold': False, 'valign': 'middle', 'font_size': 50, 'reset_animations_events': [], 'opacity': 1.0, 'expire': None, 'italic': False, 'style': None, 'anchor_y': 'bottom', '_default_settings': ['font_size'], 'key': None, 'adjust_left': 0, 'y': '10', 'halign': 'center', 'bitmap_font': False, 'rotation': 0}, {'round_anchor_y': None, 'anchor_x': 'right', 'animations': None, 'adjust_right': 0, 'scale': 1.0, 'adjust_bottom': 0, 'casing': None, 'round_anchor_x': None, 'color': [1.0, 1.0, 1.0, 1.0], 'z': 0, 'text': 'BALL (ball)', 'min_digits': 0, 'number_grouping': False, 'font_kerning': True, 'x': 'right-10', 'adjust_top': 0, 'type': 'text', 'bold': False, 'valign': 'middle', 'font_size': 50, 'reset_animations_events': [], 'opacity': 1.0, 'expire': None, 'italic': False, 'style': None, 'anchor_y': 'bottom', '_default_settings': ['font_size'], 'key': None, 'adjust_left': 0, 'y': '10', 'halign': 'center', 'bitmap_font': False, 'rotation': 0}], 'slide': None, 'action': 'play', 'show': True, 'expire': None, 'transition_out': None, 'priority': None, 'background_color': [0.0, 0.0, 0.0, 1.0], 'transition': None, 'force': False}}}
2019-05-29 22:10:00,889 : mpfmc : SlidePlayer: Play called with settings={'slides': {'attract_started': {'target': None, 'background_color': [0.0, 0.0, 0.0, 1.0], 'slide': None, 'action': 'play', 'show': True, 'expire': None, 'transition_out': None, 'transition': None, 'priority': None, 'force': False}}}
2019-05-29 22:10:04,416 : kivy : Base: Leaving application in progress...
2019-05-29 22:10:04,738 : mpfmc : Stopping...
2019-05-29 22:10:04,738 : mpfmc : Loop rate 80.92 Hz
2019-05-29 22:10:04,738 : kivy : MC run loop ended.
2019-05-29 22:10:04,738 : kivy : Stopping child threads... (3 remaining)
2019-05-29 22:10:05,636 : mpfmc : Stopping...
2019-05-29 22:10:05,636 : mpfmc : Loop rate 80.37 Hz
2019-05-29 22:10:05,746 : MPF-MC BCP Server : Stopping BCP sending thread
2019-05-29 22:10:05,840 : kivy : All child threads stopped.
