2019-05-29 20:59:04,623 : kivy : Factory: 194 symbols loaded
2019-05-29 20:59:05,170 : kivy : Image: Providers: img_tex, img_dds, img_sdl2, img_pil, img_gif (img_ffpyplayer ignored)
2019-05-29 20:59:05,467 : kivy : VideoGstplayer: Using Gstreamer 1.10.2.0
2019-05-29 20:59:05,467 : kivy : Video: Provider: gstplayer
2019-05-29 20:59:05,748 : kivy : Loading MPF-MC controller
2019-05-29 20:59:06,061 : mpfmc : Mission Pinball Framework Media Controller v0.50.8
2019-05-29 20:59:06,061 : mpfmc : Mission Pinball Framework Game Engine v0.50.17
2019-05-29 20:59:06,076 : mpfmc : Machine path: D:\POKEMON
2019-05-29 20:59:06,076 : ConfigProcessor : Config file in cache changed: D:\POKEMON\config\config
2019-05-29 20:59:07,654 : ConfigProcessor : Loading config from file c:\python34\lib\site-packages\mpfmc\mcconfig.yaml.
2019-05-29 20:59:07,842 : ConfigProcessor : Loading config: c:\python34\lib\site-packages\mpfmc\mcconfig.yaml
2019-05-29 20:59:07,842 : ConfigProcessor : Loading config from file D:\POKEMON\config\config.
2019-05-29 20:59:07,998 : ConfigProcessor : Loading config: D:\POKEMON\config\config
2019-05-29 20:59:08,014 : ConfigProcessor : Config file cache created: C:\Users\MISSIO~1\AppData\Local\Temp\42582fcba572e096272241837be67618.mpf_cache
2019-05-29 20:59:08,029 : mpfmc : Starting clock at 60.0Hz
2019-05-29 20:59:08,092 : kivy : Text: Provider: sdl2
2019-05-29 20:59:09,670 : kivy : OSC: using <thread> for socket
2019-05-29 20:59:09,686 : kivy : Window: Provider: sdl2
2019-05-29 20:59:09,948 : kivy : GL: Using the "OpenGL" graphics system
2019-05-29 20:59:09,951 : kivy : GL: GLEW initialization succeeded
2019-05-29 20:59:09,952 : kivy : GL: Backend used <glew>
2019-05-29 20:59:09,953 : kivy : GL: OpenGL version <b'4.4.0 - Build 20.19.15.4835'>
2019-05-29 20:59:09,953 : kivy : GL: OpenGL vendor <b'Intel'>
2019-05-29 20:59:09,953 : kivy : GL: OpenGL renderer <b'Intel(R) HD Graphics'>
2019-05-29 20:59:09,954 : kivy : GL: OpenGL parsed version: 4, 4
2019-05-29 20:59:09,954 : kivy : GL: Shading version <b'4.40 - Build 20.19.15.4835'>
2019-05-29 20:59:09,955 : kivy : GL: Texture max size <16384>
2019-05-29 20:59:09,955 : kivy : GL: Texture max units <32>
2019-05-29 20:59:10,010 : kivy : Shader: fragment shader: <b"WARNING: 0:7: '' :  #version directive missing">
2019-05-29 20:59:10,012 : kivy : Shader: vertex shader: <b"WARNING: 0:7: '' :  #version directive missing">
2019-05-29 20:59:10,028 : kivy : Window: auto add sdl2 input provider
2019-05-29 20:59:10,030 : kivy : Window: virtual keyboard not allowed, single mode, not docked
2019-05-29 20:59:10,062 : SoundSystem : SoundSystem: Using default 'sound_system' settings
2019-05-29 20:59:11,766 : AudioInterface : Initialized
2019-05-29 20:59:11,767 : SoundSystem : No audio tracks are specified in your machine config file. a track named 'default' has been created.
2019-05-29 20:59:11,781 : kivy : Base: Start application main loop
2019-05-29 20:59:11,838 : mpfmc : Display: Setting 'window' as default display
2019-05-29 20:59:11,992 : ConfigProcessor : Loading config from cache: C:\Users\MISSIO~1\AppData\Local\Temp\c8c985d122de6339937b15f5cde5ffe7.mpf_cache
2019-05-29 20:59:11,995 : ConfigProcessor : Loading config from cache: C:\Users\MISSIO~1\AppData\Local\Temp\10f8871b1481fbf59bf30d5b3d29537e.mpf_cache
2019-05-29 20:59:11,998 : ConfigProcessor : Loading config from cache: C:\Users\MISSIO~1\AppData\Local\Temp\01c5ea7020f20fc8cd2609416c749c9a.mpf_cache
2019-05-29 20:59:12,015 : MPF-MC BCP Server : Starting up on localhost port 5050
2019-05-29 20:59:12,041 : MPF-MC BCP Server : Waiting for a connection...
2019-05-29 20:59:12,042 : mpfmc : SlidePlayer: Play called with settings={'slides': {'welcome_slide': {'priority': None, 'show': True, 'transition': None, 'target': None, 'action': 'play', 'transition_out': None, 'background_color': [0.0, 0.0, 0.0, 1.0], 'slide': None, 'force': False, 'expire': None}}}
2019-05-29 20:59:12,232 : kivy : GL: NPOT texture support is available
2019-05-29 20:59:12,439 : MPF-MC BCP Server : Received connection from: 127.0.0.1:49998
2019-05-29 20:59:12,497 : BcpProcessor : Received invalid BCP command: mode_list
2019-05-29 20:59:12,624 : mpfmc : SlidePlayer: Play called with settings={'slides': {'welcome_slide': {'priority': None, 'show': True, 'transition': None, 'target': None, 'action': 'play', 'transition_out': None, 'background_color': [0.0, 0.0, 0.0, 1.0], 'slide': None, 'force': False, 'expire': None}}}
2019-05-29 20:59:12,665 : mpfmc : SlidePlayer: Play called with settings={'slides': {'attract_started': {'priority': None, 'show': True, 'transition': None, 'target': None, 'action': 'play', 'transition_out': None, 'background_color': [0.0, 0.0, 0.0, 1.0], 'slide': None, 'force': False, 'expire': None}}}
2019-05-29 20:59:18,179 : mpfmc : SlidePlayer: Play called with settings={'slides': {'widgets': {'priority': None, 'show': True, 'expire': None, 'transition': None, 'target': None, 'transition_out': None, 'widgets': [{'text': '(score)', 'style': None, 'bitmap_font': False, 'italic': False, 'round_anchor_y': None, 'halign': 'center', 'opacity': 1.0, '_default_settings': ['font_size'], 'scale': 1.0, 'animations': None, 'expire': None, 'casing': None, 'adjust_bottom': 0, 'anchor_x': 'left', 'bold': False, 'color': [1.0, 1.0, 1.0, 1.0], 'rotation': 0, 'z': 0, 'font_kerning': True, 'key': None, 'valign': 'middle', 'font_size': 100, 'number_grouping': True, 'min_digits': 2, 'reset_animations_events': [], 'x': '300', 'adjust_left': 0, 'anchor_y': 'bottom', 'round_anchor_x': None, 'adjust_right': 0, 'type': 'text', 'adjust_top': 0, 'y': '300'}, {'text': 'PICHU EXP (pichu_exp)/100', 'style': None, 'bitmap_font': False, 'italic': False, 'round_anchor_y': None, 'halign': 'center', 'opacity': 1.0, '_default_settings': ['font_size'], 'scale': 1.0, 'animations': None, 'expire': None, 'casing': None, 'adjust_bottom': 0, 'anchor_x': 'left', 'bold': False, 'color': [1.0, 1.0, 1.0, 1.0], 'rotation': 0, 'z': 0, 'font_kerning': True, 'key': None, 'valign': 'middle', 'font_size': 50, 'number_grouping': True, 'min_digits': 2, 'reset_animations_events': [], 'x': '10', 'adjust_left': 0, 'anchor_y': 'bottom', 'round_anchor_x': None, 'adjust_right': 0, 'type': 'text', 'adjust_top': 0, 'y': '70'}, {'text': 'PLAYER (number)', 'style': None, 'bitmap_font': False, 'italic': False, 'round_anchor_y': None, 'halign': 'center', 'opacity': 1.0, '_default_settings': ['font_size'], 'scale': 1.0, 'animations': None, 'expire': None, 'casing': None, 'adjust_bottom': 0, 'anchor_x': 'left', 'bold': False, 'color': [1.0, 1.0, 1.0, 1.0], 'rotation': 0, 'z': 0, 'font_kerning': True, 'key': None, 'valign': 'middle', 'font_size': 50, 'number_grouping': False, 'min_digits': 0, 'reset_animations_events': [], 'x': '10', 'adjust_left': 0, 'anchor_y': 'bottom', 'round_anchor_x': None, 'adjust_right': 0, 'type': 'text', 'adjust_top': 0, 'y': '10'}, {'text': 'BALL (ball)', 'style': None, 'bitmap_font': False, 'italic': False, 'round_anchor_y': None, 'halign': 'center', 'opacity': 1.0, '_default_settings': ['font_size'], 'scale': 1.0, 'animations': None, 'expire': None, 'casing': None, 'adjust_bottom': 0, 'anchor_x': 'right', 'bold': False, 'color': [1.0, 1.0, 1.0, 1.0], 'rotation': 0, 'z': 0, 'font_kerning': True, 'key': None, 'valign': 'middle', 'font_size': 50, 'number_grouping': False, 'min_digits': 0, 'reset_animations_events': [], 'x': 'right-10', 'adjust_left': 0, 'anchor_y': 'bottom', 'round_anchor_x': None, 'adjust_right': 0, 'type': 'text', 'adjust_top': 0, 'y': '10'}], 'background_color': [0.0, 0.0, 0.0, 1.0], 'action': 'play', 'force': False, 'slide': None}}}
2019-05-29 20:59:49,917 : mpfmc : SlidePlayer: Play called with settings={'slides': {'widgets': {'priority': None, 'show': True, 'expire': None, 'transition': None, 'target': None, 'transition_out': None, 'widgets': [{'text': '(score)', 'style': None, 'bitmap_font': False, 'italic': False, 'round_anchor_y': None, 'halign': 'center', 'opacity': 1.0, '_default_settings': ['font_size'], 'scale': 1.0, 'animations': None, 'expire': None, 'casing': None, 'adjust_bottom': 0, 'anchor_x': 'left', 'bold': False, 'color': [1.0, 1.0, 1.0, 1.0], 'rotation': 0, 'z': 0, 'font_kerning': True, 'key': None, 'valign': 'middle', 'font_size': 100, 'number_grouping': True, 'min_digits': 2, 'reset_animations_events': [], 'x': '300', 'adjust_left': 0, 'anchor_y': 'bottom', 'round_anchor_x': None, 'adjust_right': 0, 'type': 'text', 'adjust_top': 0, 'y': '300'}, {'text': 'PICHU EXP (pichu_exp)/100', 'style': None, 'bitmap_font': False, 'italic': False, 'round_anchor_y': None, 'halign': 'center', 'opacity': 1.0, '_default_settings': ['font_size'], 'scale': 1.0, 'animations': None, 'expire': None, 'casing': None, 'adjust_bottom': 0, 'anchor_x': 'left', 'bold': False, 'color': [1.0, 1.0, 1.0, 1.0], 'rotation': 0, 'z': 0, 'font_kerning': True, 'key': None, 'valign': 'middle', 'font_size': 50, 'number_grouping': True, 'min_digits': 2, 'reset_animations_events': [], 'x': '10', 'adjust_left': 0, 'anchor_y': 'bottom', 'round_anchor_x': None, 'adjust_right': 0, 'type': 'text', 'adjust_top': 0, 'y': '70'}, {'text': 'PLAYER (number)', 'style': None, 'bitmap_font': False, 'italic': False, 'round_anchor_y': None, 'halign': 'center', 'opacity': 1.0, '_default_settings': ['font_size'], 'scale': 1.0, 'animations': None, 'expire': None, 'casing': None, 'adjust_bottom': 0, 'anchor_x': 'left', 'bold': False, 'color': [1.0, 1.0, 1.0, 1.0], 'rotation': 0, 'z': 0, 'font_kerning': True, 'key': None, 'valign': 'middle', 'font_size': 50, 'number_grouping': False, 'min_digits': 0, 'reset_animations_events': [], 'x': '10', 'adjust_left': 0, 'anchor_y': 'bottom', 'round_anchor_x': None, 'adjust_right': 0, 'type': 'text', 'adjust_top': 0, 'y': '10'}, {'text': 'BALL (ball)', 'style': None, 'bitmap_font': False, 'italic': False, 'round_anchor_y': None, 'halign': 'center', 'opacity': 1.0, '_default_settings': ['font_size'], 'scale': 1.0, 'animations': None, 'expire': None, 'casing': None, 'adjust_bottom': 0, 'anchor_x': 'right', 'bold': False, 'color': [1.0, 1.0, 1.0, 1.0], 'rotation': 0, 'z': 0, 'font_kerning': True, 'key': None, 'valign': 'middle', 'font_size': 50, 'number_grouping': False, 'min_digits': 0, 'reset_animations_events': [], 'x': 'right-10', 'adjust_left': 0, 'anchor_y': 'bottom', 'round_anchor_x': None, 'adjust_right': 0, 'type': 'text', 'adjust_top': 0, 'y': '10'}], 'background_color': [0.0, 0.0, 0.0, 1.0], 'action': 'play', 'force': False, 'slide': None}}}
2019-05-29 21:00:04,585 : mpfmc : SlidePlayer: Play called with settings={'slides': {'widgets': {'priority': None, 'show': True, 'expire': None, 'transition': None, 'target': None, 'transition_out': None, 'widgets': [{'text': '(score)', 'style': None, 'bitmap_font': False, 'italic': False, 'round_anchor_y': None, 'halign': 'center', 'opacity': 1.0, '_default_settings': ['font_size'], 'scale': 1.0, 'animations': None, 'expire': None, 'casing': None, 'adjust_bottom': 0, 'anchor_x': 'left', 'bold': False, 'color': [1.0, 1.0, 1.0, 1.0], 'rotation': 0, 'z': 0, 'font_kerning': True, 'key': None, 'valign': 'middle', 'font_size': 100, 'number_grouping': True, 'min_digits': 2, 'reset_animations_events': [], 'x': '300', 'adjust_left': 0, 'anchor_y': 'bottom', 'round_anchor_x': None, 'adjust_right': 0, 'type': 'text', 'adjust_top': 0, 'y': '300'}, {'text': 'PICHU EXP (pichu_exp)/100', 'style': None, 'bitmap_font': False, 'italic': False, 'round_anchor_y': None, 'halign': 'center', 'opacity': 1.0, '_default_settings': ['font_size'], 'scale': 1.0, 'animations': None, 'expire': None, 'casing': None, 'adjust_bottom': 0, 'anchor_x': 'left', 'bold': False, 'color': [1.0, 1.0, 1.0, 1.0], 'rotation': 0, 'z': 0, 'font_kerning': True, 'key': None, 'valign': 'middle', 'font_size': 50, 'number_grouping': True, 'min_digits': 2, 'reset_animations_events': [], 'x': '10', 'adjust_left': 0, 'anchor_y': 'bottom', 'round_anchor_x': None, 'adjust_right': 0, 'type': 'text', 'adjust_top': 0, 'y': '70'}, {'text': 'PLAYER (number)', 'style': None, 'bitmap_font': False, 'italic': False, 'round_anchor_y': None, 'halign': 'center', 'opacity': 1.0, '_default_settings': ['font_size'], 'scale': 1.0, 'animations': None, 'expire': None, 'casing': None, 'adjust_bottom': 0, 'anchor_x': 'left', 'bold': False, 'color': [1.0, 1.0, 1.0, 1.0], 'rotation': 0, 'z': 0, 'font_kerning': True, 'key': None, 'valign': 'middle', 'font_size': 50, 'number_grouping': False, 'min_digits': 0, 'reset_animations_events': [], 'x': '10', 'adjust_left': 0, 'anchor_y': 'bottom', 'round_anchor_x': None, 'adjust_right': 0, 'type': 'text', 'adjust_top': 0, 'y': '10'}, {'text': 'BALL (ball)', 'style': None, 'bitmap_font': False, 'italic': False, 'round_anchor_y': None, 'halign': 'center', 'opacity': 1.0, '_default_settings': ['font_size'], 'scale': 1.0, 'animations': None, 'expire': None, 'casing': None, 'adjust_bottom': 0, 'anchor_x': 'right', 'bold': False, 'color': [1.0, 1.0, 1.0, 1.0], 'rotation': 0, 'z': 0, 'font_kerning': True, 'key': None, 'valign': 'middle', 'font_size': 50, 'number_grouping': False, 'min_digits': 0, 'reset_animations_events': [], 'x': 'right-10', 'adjust_left': 0, 'anchor_y': 'bottom', 'round_anchor_x': None, 'adjust_right': 0, 'type': 'text', 'adjust_top': 0, 'y': '10'}], 'background_color': [0.0, 0.0, 0.0, 1.0], 'action': 'play', 'force': False, 'slide': None}}}
2019-05-29 21:00:36,690 : mpfmc : SlidePlayer: Play called with settings={'slides': {'attract_started': {'priority': None, 'show': True, 'transition': None, 'target': None, 'action': 'play', 'transition_out': None, 'background_color': [0.0, 0.0, 0.0, 1.0], 'slide': None, 'force': False, 'expire': None}}}
2019-05-29 21:00:43,727 : mpfmc : SlidePlayer: Play called with settings={'slides': {'widgets': {'priority': None, 'show': True, 'expire': None, 'transition': None, 'target': None, 'transition_out': None, 'widgets': [{'text': '(score)', 'style': None, 'bitmap_font': False, 'italic': False, 'round_anchor_y': None, 'halign': 'center', 'opacity': 1.0, '_default_settings': ['font_size'], 'scale': 1.0, 'animations': None, 'expire': None, 'casing': None, 'adjust_bottom': 0, 'anchor_x': 'left', 'bold': False, 'color': [1.0, 1.0, 1.0, 1.0], 'rotation': 0, 'z': 0, 'font_kerning': True, 'key': None, 'valign': 'middle', 'font_size': 100, 'number_grouping': True, 'min_digits': 2, 'reset_animations_events': [], 'x': '300', 'adjust_left': 0, 'anchor_y': 'bottom', 'round_anchor_x': None, 'adjust_right': 0, 'type': 'text', 'adjust_top': 0, 'y': '300'}, {'text': 'PICHU EXP (pichu_exp)/100', 'style': None, 'bitmap_font': False, 'italic': False, 'round_anchor_y': None, 'halign': 'center', 'opacity': 1.0, '_default_settings': ['font_size'], 'scale': 1.0, 'animations': None, 'expire': None, 'casing': None, 'adjust_bottom': 0, 'anchor_x': 'left', 'bold': False, 'color': [1.0, 1.0, 1.0, 1.0], 'rotation': 0, 'z': 0, 'font_kerning': True, 'key': None, 'valign': 'middle', 'font_size': 50, 'number_grouping': True, 'min_digits': 2, 'reset_animations_events': [], 'x': '10', 'adjust_left': 0, 'anchor_y': 'bottom', 'round_anchor_x': None, 'adjust_right': 0, 'type': 'text', 'adjust_top': 0, 'y': '70'}, {'text': 'PLAYER (number)', 'style': None, 'bitmap_font': False, 'italic': False, 'round_anchor_y': None, 'halign': 'center', 'opacity': 1.0, '_default_settings': ['font_size'], 'scale': 1.0, 'animations': None, 'expire': None, 'casing': None, 'adjust_bottom': 0, 'anchor_x': 'left', 'bold': False, 'color': [1.0, 1.0, 1.0, 1.0], 'rotation': 0, 'z': 0, 'font_kerning': True, 'key': None, 'valign': 'middle', 'font_size': 50, 'number_grouping': False, 'min_digits': 0, 'reset_animations_events': [], 'x': '10', 'adjust_left': 0, 'anchor_y': 'bottom', 'round_anchor_x': None, 'adjust_right': 0, 'type': 'text', 'adjust_top': 0, 'y': '10'}, {'text': 'BALL (ball)', 'style': None, 'bitmap_font': False, 'italic': False, 'round_anchor_y': None, 'halign': 'center', 'opacity': 1.0, '_default_settings': ['font_size'], 'scale': 1.0, 'animations': None, 'expire': None, 'casing': None, 'adjust_bottom': 0, 'anchor_x': 'right', 'bold': False, 'color': [1.0, 1.0, 1.0, 1.0], 'rotation': 0, 'z': 0, 'font_kerning': True, 'key': None, 'valign': 'middle', 'font_size': 50, 'number_grouping': False, 'min_digits': 0, 'reset_animations_events': [], 'x': 'right-10', 'adjust_left': 0, 'anchor_y': 'bottom', 'round_anchor_x': None, 'adjust_right': 0, 'type': 'text', 'adjust_top': 0, 'y': '10'}], 'background_color': [0.0, 0.0, 0.0, 1.0], 'action': 'play', 'force': False, 'slide': None}}}
2019-05-29 21:01:07,271 : kivy : Base: Leaving application in progress...
2019-05-29 21:01:07,598 : mpfmc : Stopping...
2019-05-29 21:01:07,598 : mpfmc : Loop rate 80.04 Hz
2019-05-29 21:01:07,598 : kivy : MC run loop ended.
2019-05-29 21:01:07,598 : kivy : Stopping child threads... (3 remaining)
2019-05-29 21:01:07,756 : mpfmc : Stopping...
2019-05-29 21:01:07,756 : mpfmc : Loop rate 79.93 Hz
2019-05-29 21:01:07,772 : MPF-MC BCP Server : Stopping BCP sending thread
2019-05-29 21:01:07,928 : kivy : All child threads stopped.
