2019-12-13 20:04:19,441 : kivy : Factory: 194 symbols loaded
2019-12-13 20:04:20,035 : kivy : Image: Providers: img_tex, img_dds, img_sdl2, img_pil, img_gif (img_ffpyplayer ignored)
2019-12-13 20:04:20,394 : kivy : VideoGstplayer: Using Gstreamer 1.10.2.0
2019-12-13 20:04:20,394 : kivy : Video: Provider: gstplayer
2019-12-13 20:04:20,738 : kivy : Loading MPF-MC controller
2019-12-13 20:04:20,738 : mpfmc : Mission Pinball Framework Media Controller v0.50.8
2019-12-13 20:04:20,738 : mpfmc : Mission Pinball Framework Game Engine v0.50.17
2019-12-13 20:04:20,738 : mpfmc : Machine path: E:\POKEMON - 3 - GYMS DISPLAYS
2019-12-13 20:04:20,753 : ConfigProcessor : Config file in cache changed: E:\POKEMON - 3 - GYMS DISPLAYS\config\config
2019-12-13 20:04:22,347 : ConfigProcessor : Loading config from file c:\python34\lib\site-packages\mpfmc\mcconfig.yaml.
2019-12-13 20:04:22,550 : ConfigProcessor : Loading config: c:\python34\lib\site-packages\mpfmc\mcconfig.yaml
2019-12-13 20:04:22,550 : ConfigProcessor : Loading config from file E:\POKEMON - 3 - GYMS DISPLAYS\config\config.
2019-12-13 20:04:22,753 : ConfigProcessor : Loading config: E:\POKEMON - 3 - GYMS DISPLAYS\config\config
2019-12-13 20:04:22,785 : ConfigProcessor : Loading config: E:\POKEMON - 3 - GYMS DISPLAYS\config\player_variables.yaml
2019-12-13 20:04:22,800 : ConfigProcessor : Loading config: E:\POKEMON - 3 - GYMS DISPLAYS\config\key_mapping.yaml
2019-12-13 20:04:22,816 : ConfigProcessor : Config file cache created: C:\Users\MISSIO~1\AppData\Local\Temp\aa033f1fd07646de8b3bd008da80b834.mpf_cache
2019-12-13 20:04:22,816 : mpfmc : Starting clock at 60.0Hz
2019-12-13 20:04:22,894 : kivy : Text: Provider: sdl2
2019-12-13 20:04:24,613 : kivy : OSC: using <thread> for socket
2019-12-13 20:04:24,785 : kivy : Window: Provider: sdl2
2019-12-13 20:04:25,076 : kivy : GL: Using the "OpenGL" graphics system
2019-12-13 20:04:25,079 : kivy : GL: GLEW initialization succeeded
2019-12-13 20:04:25,079 : kivy : GL: Backend used <glew>
2019-12-13 20:04:25,080 : kivy : GL: OpenGL version <b'4.4.0 - Build 20.19.15.4835'>
2019-12-13 20:04:25,080 : kivy : GL: OpenGL vendor <b'Intel'>
2019-12-13 20:04:25,080 : kivy : GL: OpenGL renderer <b'Intel(R) HD Graphics'>
2019-12-13 20:04:25,081 : kivy : GL: OpenGL parsed version: 4, 4
2019-12-13 20:04:25,081 : kivy : GL: Shading version <b'4.40 - Build 20.19.15.4835'>
2019-12-13 20:04:25,081 : kivy : GL: Texture max size <16384>
2019-12-13 20:04:25,082 : kivy : GL: Texture max units <32>
2019-12-13 20:04:25,136 : kivy : Shader: fragment shader: <b"WARNING: 0:7: '' :  #version directive missing">
2019-12-13 20:04:25,138 : kivy : Shader: vertex shader: <b"WARNING: 0:7: '' :  #version directive missing">
2019-12-13 20:04:25,156 : kivy : Window: auto add sdl2 input provider
2019-12-13 20:04:25,158 : kivy : Window: virtual keyboard not allowed, single mode, not docked
2019-12-13 20:04:25,210 : SoundSystem : SoundSystem: Using default 'sound_system' settings
2019-12-13 20:04:27,251 : AudioInterface : Initialized
2019-12-13 20:04:27,252 : SoundSystem : No audio tracks are specified in your machine config file. a track named 'default' has been created.
2019-12-13 20:04:27,265 : kivy : Base: Start application main loop
2019-12-13 20:04:27,345 : mpfmc : Display: Setting 'window' as default display
2019-12-13 20:04:27,559 : ConfigProcessor : Loading config from cache: C:\Users\MISSIO~1\AppData\Local\Temp\3512d3a51b29689f2a9a6db585213e7b.mpf_cache
2019-12-13 20:04:27,569 : ConfigProcessor : Loading config from cache: C:\Users\MISSIO~1\AppData\Local\Temp\c4c39d8157ba863610e7d2b8306a4087.mpf_cache
2019-12-13 20:04:27,579 : ConfigProcessor : Loading config from cache: C:\Users\MISSIO~1\AppData\Local\Temp\00b811264d7e79f39b66bcbc6609bb6e.mpf_cache
2019-12-13 20:04:27,586 : ConfigProcessor : Loading config from cache: C:\Users\MISSIO~1\AppData\Local\Temp\aad48548988dd5e95d839b70bde2a6c9.mpf_cache
2019-12-13 20:04:27,596 : ConfigProcessor : Loading config from cache: C:\Users\MISSIO~1\AppData\Local\Temp\37af0ab3cb4984093f408b6580ccda04.mpf_cache
2019-12-13 20:04:27,603 : ConfigProcessor : Loading config from cache: C:\Users\MISSIO~1\AppData\Local\Temp\91c30393a7736530c48ab886a6ae90df.mpf_cache
2019-12-13 20:04:27,622 : ConfigProcessor : Loading config from cache: C:\Users\MISSIO~1\AppData\Local\Temp\868965d45e8ef85973deb1cc43e3c6e9.mpf_cache
2019-12-13 20:04:27,641 : ConfigProcessor : Loading config from cache: C:\Users\MISSIO~1\AppData\Local\Temp\c8c985d122de6339937b15f5cde5ffe7.mpf_cache
2019-12-13 20:04:27,644 : ConfigProcessor : Loading config from cache: C:\Users\MISSIO~1\AppData\Local\Temp\da1c75dbc5d48bb99b7ea9aec7919bfa.mpf_cache
2019-12-13 20:04:27,651 : ConfigProcessor : Loading config from cache: C:\Users\MISSIO~1\AppData\Local\Temp\9463ad916821e4687af4640a7d04ba98.mpf_cache
2019-12-13 20:04:27,659 : ConfigProcessor : Loading config from cache: C:\Users\MISSIO~1\AppData\Local\Temp\10f8871b1481fbf59bf30d5b3d29537e.mpf_cache
2019-12-13 20:04:27,662 : ConfigProcessor : Loading config from cache: C:\Users\MISSIO~1\AppData\Local\Temp\0c90eb48fda27bb17da0cfa70b6cea42.mpf_cache
2019-12-13 20:04:27,669 : ConfigProcessor : Loading config from cache: C:\Users\MISSIO~1\AppData\Local\Temp\4ed449c86f3920ad38c9f19e6b1fcd80.mpf_cache
2019-12-13 20:04:27,676 : ConfigProcessor : Loading config from cache: C:\Users\MISSIO~1\AppData\Local\Temp\d868708421ecefdd23b54f4fefaa5a63.mpf_cache
2019-12-13 20:04:27,692 : ConfigProcessor : Loading config from cache: C:\Users\MISSIO~1\AppData\Local\Temp\03465e6905c319de2817a60078df797b.mpf_cache
2019-12-13 20:04:27,701 : ConfigProcessor : Loading config from cache: C:\Users\MISSIO~1\AppData\Local\Temp\2ad3e4afc7b8ab807ff1625862e58922.mpf_cache
2019-12-13 20:04:27,708 : ConfigProcessor : Loading config from cache: C:\Users\MISSIO~1\AppData\Local\Temp\230c7edf879901b77e29ab003ecfd977.mpf_cache
2019-12-13 20:04:27,724 : ConfigProcessor : Loading config from cache: C:\Users\MISSIO~1\AppData\Local\Temp\325be8140670be7b4f7f24b4ea9ecf41.mpf_cache
2019-12-13 20:04:27,740 : ConfigProcessor : Loading config from cache: C:\Users\MISSIO~1\AppData\Local\Temp\e94996e3615e593edab21d6f0e7b4569.mpf_cache
2019-12-13 20:04:27,747 : ConfigProcessor : Loading config from cache: C:\Users\MISSIO~1\AppData\Local\Temp\1b6068dc0dcf1445cf37058c25ad802b.mpf_cache
2019-12-13 20:04:27,757 : ConfigProcessor : Loading config from cache: C:\Users\MISSIO~1\AppData\Local\Temp\aacde2a5df2e44f5e01226064ab4c3c5.mpf_cache
2019-12-13 20:04:27,768 : ConfigProcessor : Loading config from cache: C:\Users\MISSIO~1\AppData\Local\Temp\691014465c877a30c4e85c0b37ef7391.mpf_cache
2019-12-13 20:04:27,775 : ConfigProcessor : Loading config from cache: C:\Users\MISSIO~1\AppData\Local\Temp\ffc5df461fc927df7502c20268b6e23c.mpf_cache
2019-12-13 20:04:27,778 : ConfigProcessor : Loading config from cache: C:\Users\MISSIO~1\AppData\Local\Temp\7c8a3dbd3a1f76b71c509d64239c80b0.mpf_cache
2019-12-13 20:04:27,788 : ConfigProcessor : Loading config from cache: C:\Users\MISSIO~1\AppData\Local\Temp\2bf399aa483f8a887eec2aa10342ca9f.mpf_cache
2019-12-13 20:04:27,839 : MPF-MC BCP Server : Starting up on localhost port 5050
2019-12-13 20:04:27,867 : MPF-MC BCP Server : Waiting for a connection...
2019-12-13 20:04:27,868 : mpfmc : SlidePlayer: Play called with settings={'slides': {'welcome_slide': {'priority': None, 'target': None, 'force': False, 'action': 'play', 'expire': None, 'transition_out': None, 'background_color': [0.0, 0.0, 0.0, 1.0], 'show': True, 'transition': None, 'slide': None}}}
2019-12-13 20:04:28,024 : kivy : GL: NPOT texture support is available
2019-12-13 20:04:28,366 : MPF-MC BCP Server : Received connection from: 127.0.0.1:50051
2019-12-13 20:04:28,452 : BcpProcessor : Received invalid BCP command: mode_list
2019-12-13 20:04:28,797 : mpfmc : SlidePlayer: Play called with settings={'slides': {'welcome_slide': {'priority': None, 'target': None, 'force': False, 'action': 'play', 'expire': None, 'transition_out': None, 'background_color': [0.0, 0.0, 0.0, 1.0], 'show': True, 'transition': None, 'slide': None}}}
2019-12-13 20:04:28,886 : mpfmc : SlidePlayer: Play called with settings={'slides': {'attract_started': {'priority': None, 'target': None, 'force': False, 'action': 'play', 'expire': None, 'transition_out': None, 'background_color': [0.0, 0.0, 0.0, 1.0], 'show': True, 'transition': None, 'slide': None}}}
2019-12-13 20:04:35,419 : mpfmc : SlidePlayer: Play called with settings={'slides': {'layout_3_mini': {'priority': None, 'target': 'window', 'force': False, 'action': 'play', 'expire': None, 'transition_out': None, 'background_color': [0.0, 0.0, 0.0, 1.0], 'show': True, 'transition': None, 'slide': None}}}
2019-12-13 20:04:35,492 : mpfmc : SlidePlayer: Play called with settings={'slides': {'layout_3_mini': {'priority': None, 'target': 'window', 'force': False, 'action': 'play', 'expire': None, 'transition_out': None, 'background_color': [0.0, 0.0, 0.0, 1.0], 'show': True, 'transition': None, 'slide': None}}}
2019-12-13 20:04:35,524 : mpfmc : SlidePlayer: Play called with settings={'slides': {'slide_mode_pichu_started': {'priority': None, 'target': 'top', 'force': False, 'action': 'play', 'expire': None, 'transition_out': None, 'background_color': [0.0, 0.0, 0.0, 1.0], 'show': True, 'transition': None, 'slide': None}}}
2019-12-13 20:04:35,638 : mpfmc : SlidePlayer: Play called with settings={'slides': {'slide_mode_gym0_started': {'priority': None, 'target': 'middle', 'force': False, 'action': 'play', 'expire': None, 'transition_out': None, 'background_color': [0.0, 0.0, 0.0, 1.0], 'show': True, 'transition': None, 'slide': None}}}
2019-12-13 20:04:53,017 : mpfmc : SlidePlayer: Play called with settings={'slides': {'slide_mode_gym1_started': {'priority': None, 'target': 'middle', 'force': False, 'action': 'play', 'expire': None, 'transition_out': None, 'background_color': [0.0, 0.0, 0.0, 1.0], 'show': True, 'transition': None, 'slide': None}}}
2019-12-13 20:05:05,387 : mpfmc : SlidePlayer: Play called with settings={'slides': {'slide_mode_evolve_pichu_started': {'priority': None, 'target': 'top', 'force': False, 'action': 'play', 'expire': None, 'transition_out': None, 'background_color': [0.0, 0.0, 0.0, 1.0], 'show': True, 'transition': None, 'slide': None}}}
2019-12-13 20:05:05,440 : mpfmc : SlidePlayer: Play called with settings={'slides': {'slide_mode_gym1_ended_started': {'priority': None, 'target': 'middle', 'force': False, 'action': 'play', 'expire': None, 'transition_out': None, 'background_color': [0.0, 0.0, 0.0, 1.0], 'show': True, 'transition': None, 'slide': None}}}
2019-12-13 20:05:09,074 : mpfmc : SlidePlayer: Play called with settings={'slides': {'slide_mode_pikachu_started': {'priority': None, 'target': 'top', 'force': False, 'action': 'play', 'expire': None, 'transition_out': None, 'background_color': [0.0, 0.0, 0.0, 1.0], 'show': True, 'transition': None, 'slide': None}}}
2019-12-13 20:05:19,494 : mpfmc : SlidePlayer: Play called with settings={'slides': {'slide_mode_gym2_started': {'priority': None, 'target': 'middle', 'force': False, 'action': 'play', 'expire': None, 'transition_out': None, 'background_color': [0.0, 0.0, 0.0, 1.0], 'show': True, 'transition': None, 'slide': None}}}
2019-12-13 20:05:55,209 : mpfmc : SlidePlayer: Play called with settings={'slides': {'slide_mode_evolve_pikachu_started': {'priority': None, 'target': 'top', 'force': False, 'action': 'play', 'expire': None, 'transition_out': None, 'background_color': [0.0, 0.0, 0.0, 1.0], 'show': True, 'transition': None, 'slide': None}}}
2019-12-13 20:06:32,066 : mpfmc : SlidePlayer: Play called with settings={'slides': {'slide_mode_raichu_started': {'priority': None, 'target': 'top', 'force': False, 'action': 'play', 'expire': None, 'transition_out': None, 'background_color': [0.0, 0.0, 0.0, 1.0], 'show': True, 'transition': None, 'slide': None}}}
2019-12-13 20:06:45,933 : mpfmc : SlidePlayer: Play called with settings={'slides': {'slide_mode_gym2_ended_started': {'priority': None, 'target': 'middle', 'force': False, 'action': 'play', 'expire': None, 'transition_out': None, 'background_color': [0.0, 0.0, 0.0, 1.0], 'show': True, 'transition': None, 'slide': None}}}
2019-12-13 20:06:58,180 : mpfmc : SlidePlayer: Play called with settings={'slides': {'slide_mode_gym3_started': {'priority': None, 'target': 'middle', 'force': False, 'action': 'play', 'expire': None, 'transition_out': None, 'background_color': [0.0, 0.0, 0.0, 1.0], 'show': True, 'transition': None, 'slide': None}}}
2019-12-13 20:07:41,723 : mpfmc : SlidePlayer: Play called with settings={'slides': {'slide_mode_raichu_started': {'priority': None, 'target': 'top', 'force': False, 'action': 'play', 'expire': None, 'transition_out': None, 'background_color': [0.0, 0.0, 0.0, 1.0], 'show': True, 'transition': None, 'slide': None}}}
2019-12-13 20:07:41,795 : mpfmc : SlidePlayer: Play called with settings={'slides': {'slide_mode_gym3_started': {'priority': None, 'target': 'middle', 'force': False, 'action': 'play', 'expire': None, 'transition_out': None, 'background_color': [0.0, 0.0, 0.0, 1.0], 'show': True, 'transition': None, 'slide': None}}}
2019-12-13 20:08:06,836 : mpfmc : SlidePlayer: Play called with settings={'slides': {'slide_mode_raichu_started': {'priority': None, 'target': 'top', 'force': False, 'action': 'play', 'expire': None, 'transition_out': None, 'background_color': [0.0, 0.0, 0.0, 1.0], 'show': True, 'transition': None, 'slide': None}}}
2019-12-13 20:08:06,928 : mpfmc : SlidePlayer: Play called with settings={'slides': {'slide_mode_gym3_started': {'priority': None, 'target': 'middle', 'force': False, 'action': 'play', 'expire': None, 'transition_out': None, 'background_color': [0.0, 0.0, 0.0, 1.0], 'show': True, 'transition': None, 'slide': None}}}
2019-12-13 20:09:32,820 : mpfmc : SlidePlayer: Play called with settings={'slides': {'slide_mode_gym3_ended_started': {'priority': None, 'target': 'middle', 'force': False, 'action': 'play', 'expire': None, 'transition_out': None, 'background_color': [0.0, 0.0, 0.0, 1.0], 'show': True, 'transition': None, 'slide': None}}}
2019-12-13 20:10:10,987 : mpfmc : SlidePlayer: Play called with settings={'slides': {'attract_started': {'priority': None, 'target': None, 'force': False, 'action': 'play', 'expire': None, 'transition_out': None, 'background_color': [0.0, 0.0, 0.0, 1.0], 'show': True, 'transition': None, 'slide': None}}}
2019-12-13 20:10:12,418 : mpfmc : SlidePlayer: Play called with settings={'slides': {'layout_3_mini': {'priority': None, 'target': 'window', 'force': False, 'action': 'play', 'expire': None, 'transition_out': None, 'background_color': [0.0, 0.0, 0.0, 1.0], 'show': True, 'transition': None, 'slide': None}}}
2019-12-13 20:10:12,519 : mpfmc : SlidePlayer: Play called with settings={'slides': {'layout_3_mini': {'priority': None, 'target': 'window', 'force': False, 'action': 'play', 'expire': None, 'transition_out': None, 'background_color': [0.0, 0.0, 0.0, 1.0], 'show': True, 'transition': None, 'slide': None}}}
2019-12-13 20:10:12,550 : mpfmc : SlidePlayer: Play called with settings={'slides': {'slide_mode_pichu_started': {'priority': None, 'target': 'top', 'force': False, 'action': 'play', 'expire': None, 'transition_out': None, 'background_color': [0.0, 0.0, 0.0, 1.0], 'show': True, 'transition': None, 'slide': None}}}
2019-12-13 20:10:12,606 : mpfmc : SlidePlayer: Play called with settings={'slides': {'slide_mode_gym0_started': {'priority': None, 'target': 'middle', 'force': False, 'action': 'play', 'expire': None, 'transition_out': None, 'background_color': [0.0, 0.0, 0.0, 1.0], 'show': True, 'transition': None, 'slide': None}}}
2019-12-13 20:10:24,955 : mpfmc : SlidePlayer: Play called with settings={'slides': {'slide_mode_gym1_started': {'priority': None, 'target': 'middle', 'force': False, 'action': 'play', 'expire': None, 'transition_out': None, 'background_color': [0.0, 0.0, 0.0, 1.0], 'show': True, 'transition': None, 'slide': None}}}
2019-12-13 20:10:32,984 : mpfmc : SlidePlayer: Play called with settings={'slides': {'slide_mode_gym1_started': {'priority': None, 'target': 'middle', 'force': False, 'action': 'play', 'expire': None, 'transition_out': None, 'background_color': [0.0, 0.0, 0.0, 1.0], 'show': True, 'transition': None, 'slide': None}}}
2019-12-13 20:10:33,036 : mpfmc : SlidePlayer: Play called with settings={'slides': {'slide_mode_pichu_started': {'priority': None, 'target': 'top', 'force': False, 'action': 'play', 'expire': None, 'transition_out': None, 'background_color': [0.0, 0.0, 0.0, 1.0], 'show': True, 'transition': None, 'slide': None}}}
2019-12-13 20:10:58,210 : mpfmc : SlidePlayer: Play called with settings={'slides': {'slide_mode_evolve_pichu_started': {'priority': None, 'target': 'top', 'force': False, 'action': 'play', 'expire': None, 'transition_out': None, 'background_color': [0.0, 0.0, 0.0, 1.0], 'show': True, 'transition': None, 'slide': None}}}
2019-12-13 20:11:03,421 : mpfmc : SlidePlayer: Play called with settings={'slides': {'slide_mode_gym1_ended_started': {'priority': None, 'target': 'middle', 'force': False, 'action': 'play', 'expire': None, 'transition_out': None, 'background_color': [0.0, 0.0, 0.0, 1.0], 'show': True, 'transition': None, 'slide': None}}}
2019-12-13 20:11:29,054 : mpfmc : SlidePlayer: Play called with settings={'slides': {'slide_mode_gym2_started': {'priority': None, 'target': 'middle', 'force': False, 'action': 'play', 'expire': None, 'transition_out': None, 'background_color': [0.0, 0.0, 0.0, 1.0], 'show': True, 'transition': None, 'slide': None}}}
2019-12-13 20:11:49,615 : mpfmc : SlidePlayer: Play called with settings={'slides': {'slide_mode_evolve_pichu_started': {'priority': None, 'target': 'top', 'force': False, 'action': 'play', 'expire': None, 'transition_out': None, 'background_color': [0.0, 0.0, 0.0, 1.0], 'show': True, 'transition': None, 'slide': None}}}
2019-12-13 20:11:49,664 : mpfmc : SlidePlayer: Play called with settings={'slides': {'slide_mode_gym2_started': {'priority': None, 'target': 'middle', 'force': False, 'action': 'play', 'expire': None, 'transition_out': None, 'background_color': [0.0, 0.0, 0.0, 1.0], 'show': True, 'transition': None, 'slide': None}}}
2019-12-13 20:12:07,490 : mpfmc : SlidePlayer: Play called with settings={'slides': {'attract_started': {'priority': None, 'target': None, 'force': False, 'action': 'play', 'expire': None, 'transition_out': None, 'background_color': [0.0, 0.0, 0.0, 1.0], 'show': True, 'transition': None, 'slide': None}}}
2019-12-13 20:12:08,993 : mpfmc : SlidePlayer: Play called with settings={'slides': {'layout_3_mini': {'priority': None, 'target': 'window', 'force': False, 'action': 'play', 'expire': None, 'transition_out': None, 'background_color': [0.0, 0.0, 0.0, 1.0], 'show': True, 'transition': None, 'slide': None}}}
2019-12-13 20:12:09,349 : mpfmc : SlidePlayer: Play called with settings={'slides': {'layout_3_mini': {'priority': None, 'target': 'window', 'force': False, 'action': 'play', 'expire': None, 'transition_out': None, 'background_color': [0.0, 0.0, 0.0, 1.0], 'show': True, 'transition': None, 'slide': None}}}
2019-12-13 20:12:09,380 : mpfmc : SlidePlayer: Play called with settings={'slides': {'slide_mode_pichu_started': {'priority': None, 'target': 'top', 'force': False, 'action': 'play', 'expire': None, 'transition_out': None, 'background_color': [0.0, 0.0, 0.0, 1.0], 'show': True, 'transition': None, 'slide': None}}}
2019-12-13 20:12:09,425 : mpfmc : SlidePlayer: Play called with settings={'slides': {'slide_mode_gym0_started': {'priority': None, 'target': 'middle', 'force': False, 'action': 'play', 'expire': None, 'transition_out': None, 'background_color': [0.0, 0.0, 0.0, 1.0], 'show': True, 'transition': None, 'slide': None}}}
2019-12-13 20:12:21,981 : mpfmc : SlidePlayer: Play called with settings={'slides': {'slide_mode_gym0_started': {'priority': None, 'target': 'middle', 'force': False, 'action': 'play', 'expire': None, 'transition_out': None, 'background_color': [0.0, 0.0, 0.0, 1.0], 'show': True, 'transition': None, 'slide': None}}}
2019-12-13 20:12:22,011 : mpfmc : SlidePlayer: Play called with settings={'slides': {'slide_mode_pichu_started': {'priority': None, 'target': 'top', 'force': False, 'action': 'play', 'expire': None, 'transition_out': None, 'background_color': [0.0, 0.0, 0.0, 1.0], 'show': True, 'transition': None, 'slide': None}}}
2019-12-13 20:12:49,088 : mpfmc : SlidePlayer: Play called with settings={'slides': {'slide_mode_gym1_started': {'priority': None, 'target': 'middle', 'force': False, 'action': 'play', 'expire': None, 'transition_out': None, 'background_color': [0.0, 0.0, 0.0, 1.0], 'show': True, 'transition': None, 'slide': None}}}
2019-12-13 20:13:09,398 : mpfmc : SlidePlayer: Play called with settings={'slides': {'slide_mode_evolve_pichu_started': {'priority': None, 'target': 'top', 'force': False, 'action': 'play', 'expire': None, 'transition_out': None, 'background_color': [0.0, 0.0, 0.0, 1.0], 'show': True, 'transition': None, 'slide': None}}}
2019-12-13 20:13:26,830 : mpfmc : SlidePlayer: Play called with settings={'slides': {'slide_mode_pikachu_started': {'priority': None, 'target': 'top', 'force': False, 'action': 'play', 'expire': None, 'transition_out': None, 'background_color': [0.0, 0.0, 0.0, 1.0], 'show': True, 'transition': None, 'slide': None}}}
2019-12-13 20:13:29,534 : mpfmc : SlidePlayer: Play called with settings={'slides': {'slide_mode_gym1_ended_started': {'priority': None, 'target': 'middle', 'force': False, 'action': 'play', 'expire': None, 'transition_out': None, 'background_color': [0.0, 0.0, 0.0, 1.0], 'show': True, 'transition': None, 'slide': None}}}
2019-12-13 20:13:39,337 : mpfmc : SlidePlayer: Play called with settings={'slides': {'slide_mode_gym2_started': {'priority': None, 'target': 'middle', 'force': False, 'action': 'play', 'expire': None, 'transition_out': None, 'background_color': [0.0, 0.0, 0.0, 1.0], 'show': True, 'transition': None, 'slide': None}}}
2019-12-13 20:14:04,347 : mpfmc : SlidePlayer: Play called with settings={'slides': {'slide_mode_evolve_pikachu_started': {'priority': None, 'target': 'top', 'force': False, 'action': 'play', 'expire': None, 'transition_out': None, 'background_color': [0.0, 0.0, 0.0, 1.0], 'show': True, 'transition': None, 'slide': None}}}
2019-12-13 20:14:16,567 : mpfmc : SlidePlayer: Play called with settings={'slides': {'slide_mode_evolve_pikachu_started': {'priority': None, 'target': 'top', 'force': False, 'action': 'play', 'expire': None, 'transition_out': None, 'background_color': [0.0, 0.0, 0.0, 1.0], 'show': True, 'transition': None, 'slide': None}}}
2019-12-13 20:14:16,619 : mpfmc : SlidePlayer: Play called with settings={'slides': {'slide_mode_gym2_started': {'priority': None, 'target': 'middle', 'force': False, 'action': 'play', 'expire': None, 'transition_out': None, 'background_color': [0.0, 0.0, 0.0, 1.0], 'show': True, 'transition': None, 'slide': None}}}
2019-12-13 20:14:52,141 : mpfmc : SlidePlayer: Play called with settings={'slides': {'slide_mode_raichu_started': {'priority': None, 'target': 'top', 'force': False, 'action': 'play', 'expire': None, 'transition_out': None, 'background_color': [0.0, 0.0, 0.0, 1.0], 'show': True, 'transition': None, 'slide': None}}}
2019-12-13 20:16:04,856 : mpfmc : SlidePlayer: Play called with settings={'slides': {'slide_mode_gym2_ended_started': {'priority': None, 'target': 'middle', 'force': False, 'action': 'play', 'expire': None, 'transition_out': None, 'background_color': [0.0, 0.0, 0.0, 1.0], 'show': True, 'transition': None, 'slide': None}}}
2019-12-13 20:16:14,837 : mpfmc : SlidePlayer: Play called with settings={'slides': {'attract_started': {'priority': None, 'target': None, 'force': False, 'action': 'play', 'expire': None, 'transition_out': None, 'background_color': [0.0, 0.0, 0.0, 1.0], 'show': True, 'transition': None, 'slide': None}}}
2019-12-13 20:16:20,343 : kivy : Base: Leaving application in progress...
2019-12-13 20:16:20,855 : mpfmc : Stopping...
2019-12-13 20:16:20,855 : mpfmc : Loop rate 81.66 Hz
2019-12-13 20:16:20,855 : kivy : MC run loop ended.
2019-12-13 20:16:20,855 : kivy : Stopping child threads... (3 remaining)
2019-12-13 20:16:21,243 : mpfmc : Stopping...
2019-12-13 20:16:21,243 : mpfmc : Loop rate 81.62 Hz
2019-12-13 20:16:21,243 : MPF-MC BCP Server : Stopping BCP sending thread
2019-12-13 20:16:21,962 : kivy : All child threads stopped.
