2019-12-17 22:08:38,233 : INFO : Machine : Mission Pinball Framework Core Engine v0.52.9
2019-12-17 22:08:38,233 : INFO : Machine : Command line arguments: {'production': False, 'mc_file_name': None, 'loglevel': 15, 'mpfconfigfile': 'c:\\users\\mission pinball\\appdata\\local\\programs\\python\\python35\\lib\\site-packages\\mpf\\mpfconfig.yaml', 'configfile': ['config.yaml'], 'syslog_address': None, 'force_platform': None, 'create_config_cache': True, 'logfile': 'logs\\2019-12-17-22-08-37-mpf-DESKTOP-I5I6D25.log', 'text_ui': True, 'consoleloglevel': 20, 'jsonlogging': False, 'no_load_cache': False, 'bcp': True, 'pause': False, 'force_assets_load': False, 'no_sound': False}
2019-12-17 22:08:38,233 : INFO : Machine : MPF path: c:\users\mission pinball\appdata\local\programs\python\python35\lib\site-packages\mpf
2019-12-17 22:08:38,233 : INFO : Machine : Machine path: E:\POKEMON - 3 - GYMS DISPLAYS
2019-12-17 22:08:38,233 : INFO : Machine : Platform: win32
2019-12-17 22:08:38,233 : INFO : Machine : Python executable location: c:\users\mission pinball\appdata\local\programs\python\python35\python.exe
2019-12-17 22:08:38,233 : INFO : Machine : Python version: 3.5.4 (64-bit)
2019-12-17 22:08:38,233 : INFO : Machine : Machine config file #1: config.yaml
2019-12-17 22:08:38,233 : INFO : ConfigProcessor : Loading config from cache: C:\Users\MISSIO~1\AppData\Local\Temp\e9c23ebab43a14b7e211b4dd18480f15.mpf_cache
2019-12-17 22:08:38,248 : INFO : Machine : Initialise MPF.
2019-12-17 22:08:38,795 : INFO : FAST : Connecting to com4 at 921600bps
2019-12-17 22:08:38,842 : INFO : FAST : Connected! Processor: NET, Board Type: FP-CPU-002-2, Firmware: 01.01
2019-12-17 22:08:38,842 : INFO : EventManager : Event: ======'machine_var_fast_net_firmware'====== Args={'prev_value': None, 'change': True, 'value': '01.01'}
2019-12-17 22:08:38,842 : INFO : EventManager : Event: ======'machine_var_fast_net_model'====== Args={'prev_value': None, 'change': True, 'value': 'FP-CPU-002-2'}
2019-12-17 22:08:38,842 : WARNING : FAST : Not resetting FAST NET because firmware is currently broken.
2019-12-17 22:08:38,920 : INFO : FAST : Connecting to com5 at 921600bps
2019-12-17 22:08:38,951 : INFO : FAST : Connected! Processor: RGB, Board Type: FP-CPU-002-2, Firmware: 01.00
2019-12-17 22:08:38,951 : INFO : EventManager : Event: ======'machine_var_fast_rgb_firmware'====== Args={'prev_value': None, 'change': True, 'value': '01.00'}
2019-12-17 22:08:38,951 : INFO : EventManager : Event: ======'machine_var_fast_rgb_model'====== Args={'prev_value': None, 'change': True, 'value': 'FP-CPU-002-2'}
2019-12-17 22:08:38,951 : INFO : EventManager : Event: ======'machine_var_credits_string'====== Args={'prev_value': None, 'change': True, 'value': 'FREE PLAY'}
2019-12-17 22:08:39,281 : INFO : EventManager : Event: ======'machine_var_player1_score'====== Args={'prev_value': None, 'change': True, 'value': 159}
2019-12-17 22:08:39,281 : INFO : EventManager : Event: ======'machine_var_mpf_version'====== Args={'prev_value': None, 'change': True, 'value': 'MPF v0.52.9'}
2019-12-17 22:08:39,297 : INFO : EventManager : Event: ======'machine_var_mpf_extended_version'====== Args={'prev_value': None, 'change': True, 'value': 'MPF v0.52.9, Config version:5, Show version: 5, BCP version:1.1'}
2019-12-17 22:08:39,297 : INFO : EventManager : Event: ======'machine_var_python_version'====== Args={'prev_value': None, 'change': True, 'value': '3.5.4'}
2019-12-17 22:08:39,297 : INFO : EventManager : Event: ======'machine_var_platform'====== Args={'prev_value': None, 'change': True, 'value': 'Windows-10-10.0.18362-SP0'}
2019-12-17 22:08:39,297 : INFO : EventManager : Event: ======'machine_var_platform_system'====== Args={'prev_value': None, 'change': True, 'value': 'Windows'}
2019-12-17 22:08:39,297 : INFO : EventManager : Event: ======'machine_var_platform_release'====== Args={'prev_value': None, 'change': True, 'value': '10'}
2019-12-17 22:08:39,297 : INFO : EventManager : Event: ======'machine_var_platform_version'====== Args={'prev_value': None, 'change': True, 'value': '10.0.18362'}
2019-12-17 22:08:39,297 : INFO : EventManager : Event: ======'machine_var_platform_machine'====== Args={'prev_value': None, 'change': True, 'value': 'AMD64'}
2019-12-17 22:08:39,297 : INFO : EventManager : Event: ======'init_phase_1'====== Args={}
2019-12-17 22:08:39,547 : WARNING : ConfigProcessor : Config file in cache changed: E:\POKEMON - 3 - GYMS DISPLAYS\modes\2player\config\2player.yaml
2019-12-17 22:08:39,562 : INFO : ConfigProcessor : Loading config from file E:\POKEMON - 3 - GYMS DISPLAYS\modes\2player\config\2player.yaml.
2019-12-17 22:08:39,625 : INFO : ConfigProcessor : Loading config: E:\POKEMON - 3 - GYMS DISPLAYS\modes\2player\config\2player.yaml
2019-12-17 22:08:39,625 : INFO : ConfigProcessor : Config file cache created: C:\Users\MISSIO~1\AppData\Local\Temp\3585cb1a70d2f2b7c5655afaacf1bc74.mpf_cache
2019-12-17 22:08:39,640 : INFO : ConfigProcessor : Loading config from cache: C:\Users\MISSIO~1\AppData\Local\Temp\37af0ab3cb4984093f408b6580ccda04.mpf_cache
2019-12-17 22:08:39,656 : INFO : ConfigProcessor : Loading config from cache: C:\Users\MISSIO~1\AppData\Local\Temp\868965d45e8ef85973deb1cc43e3c6e9.mpf_cache
2019-12-17 22:08:39,672 : INFO : ConfigProcessor : Loading config from cache: C:\Users\MISSIO~1\AppData\Local\Temp\2ad3e4afc7b8ab807ff1625862e58922.mpf_cache
2019-12-17 22:08:39,672 : INFO : ConfigProcessor : Loading config from cache: C:\Users\MISSIO~1\AppData\Local\Temp\91c30393a7736530c48ab886a6ae90df.mpf_cache
2019-12-17 22:08:39,703 : INFO : ConfigProcessor : Loading config from cache: C:\Users\MISSIO~1\AppData\Local\Temp\3512d3a51b29689f2a9a6db585213e7b.mpf_cache
2019-12-17 22:08:39,718 : INFO : ConfigProcessor : Loading config from cache: C:\Users\MISSIO~1\AppData\Local\Temp\325be8140670be7b4f7f24b4ea9ecf41.mpf_cache
2019-12-17 22:08:39,734 : INFO : ConfigProcessor : Loading config from cache: C:\Users\MISSIO~1\AppData\Local\Temp\60827c7dca166edb23011cd46fd5e301.mpf_cache
2019-12-17 22:08:39,750 : INFO : ConfigProcessor : Loading config from cache: C:\Users\MISSIO~1\AppData\Local\Temp\03465e6905c319de2817a60078df797b.mpf_cache
2019-12-17 22:08:39,765 : INFO : ConfigProcessor : Loading config from cache: C:\Users\MISSIO~1\AppData\Local\Temp\4ed449c86f3920ad38c9f19e6b1fcd80.mpf_cache
2019-12-17 22:08:39,781 : INFO : ConfigProcessor : Loading config from cache: C:\Users\MISSIO~1\AppData\Local\Temp\c4c39d8157ba863610e7d2b8306a4087.mpf_cache
2019-12-17 22:08:39,797 : INFO : ConfigProcessor : Loading config from cache: C:\Users\MISSIO~1\AppData\Local\Temp\c721f48534ae43d3f9c4e17312560aaa.mpf_cache
2019-12-17 22:08:39,843 : INFO : ConfigProcessor : Loading config from cache: C:\Users\MISSIO~1\AppData\Local\Temp\e94996e3615e593edab21d6f0e7b4569.mpf_cache
2019-12-17 22:08:39,859 : INFO : ConfigProcessor : Loading config from cache: C:\Users\MISSIO~1\AppData\Local\Temp\1b6068dc0dcf1445cf37058c25ad802b.mpf_cache
2019-12-17 22:08:39,875 : INFO : ConfigProcessor : Loading config from cache: C:\Users\MISSIO~1\AppData\Local\Temp\2bf399aa483f8a887eec2aa10342ca9f.mpf_cache
2019-12-17 22:08:39,890 : INFO : ConfigProcessor : Loading config from cache: C:\Users\MISSIO~1\AppData\Local\Temp\00b811264d7e79f39b66bcbc6609bb6e.mpf_cache
2019-12-17 22:08:39,906 : INFO : ConfigProcessor : Loading config from cache: C:\Users\MISSIO~1\AppData\Local\Temp\aacde2a5df2e44f5e01226064ab4c3c5.mpf_cache
2019-12-17 22:08:39,922 : INFO : ConfigProcessor : Loading config from cache: C:\Users\MISSIO~1\AppData\Local\Temp\9463ad916821e4687af4640a7d04ba98.mpf_cache
2019-12-17 22:08:39,937 : INFO : ConfigProcessor : Loading config from cache: C:\Users\MISSIO~1\AppData\Local\Temp\aad48548988dd5e95d839b70bde2a6c9.mpf_cache
2019-12-17 22:08:39,953 : INFO : ConfigProcessor : Loading config from cache: C:\Users\MISSIO~1\AppData\Local\Temp\da1c75dbc5d48bb99b7ea9aec7919bfa.mpf_cache
2019-12-17 22:08:39,968 : INFO : ConfigProcessor : Loading config from cache: C:\Users\MISSIO~1\AppData\Local\Temp\d868708421ecefdd23b54f4fefaa5a63.mpf_cache
2019-12-17 22:08:39,984 : INFO : ConfigProcessor : Loading config from cache: C:\Users\MISSIO~1\AppData\Local\Temp\0c90eb48fda27bb17da0cfa70b6cea42.mpf_cache
2019-12-17 22:08:40,000 : INFO : ConfigProcessor : Loading config from cache: C:\Users\MISSIO~1\AppData\Local\Temp\691014465c877a30c4e85c0b37ef7391.mpf_cache
2019-12-17 22:08:40,015 : INFO : ConfigProcessor : Loading config from cache: C:\Users\MISSIO~1\AppData\Local\Temp\ffc5df461fc927df7502c20268b6e23c.mpf_cache
2019-12-17 22:08:40,031 : INFO : ConfigProcessor : Loading config from cache: C:\Users\MISSIO~1\AppData\Local\Temp\7c8a3dbd3a1f76b71c509d64239c80b0.mpf_cache
2019-12-17 22:08:40,047 : INFO : ConfigProcessor : Loading config from cache: C:\Users\MISSIO~1\AppData\Local\Temp\230c7edf879901b77e29ab003ecfd977.mpf_cache
2019-12-17 22:08:40,062 : INFO : ConfigProcessor : Loading config from cache: C:\Users\MISSIO~1\AppData\Local\Temp\db69f4aeb06b399317225bf0f2d24564.mpf_cache
2019-12-17 22:08:40,172 : INFO : EventManager : Event: ======'drop_target_bank_right_bank_up'====== Args={}
2019-12-17 22:08:40,172 : INFO : EventManager : Event: ======'init_phase_2'====== Args={}
2019-12-17 22:08:40,187 : INFO : SwitchController : Found active switch: (('10', 1), <Platform.FAST>)
2019-12-17 22:08:40,312 : INFO : EventManager : Event: ======'bcp_connection_attempt'====== Args={'port': 5050, 'name': 'local_display', 'host': 'localhost'}
2019-12-17 22:08:40,328 : INFO : BCPClientSocket.local_display : Connecting BCP to 'local_display' at localhost:5050...
2019-12-17 22:08:41,344 : WARNING : FAST : Port com4 was blocked for more than 1s. Reseting send queue! If this happens frequently report a bug!
2019-12-17 22:08:42,332 : WARNING : FAST : Port com4 was blocked for more than 1s. Reseting send queue! If this happens frequently report a bug!
2019-12-17 22:08:46,522 : INFO : BCPClientSocket.local_display : Connected BCP to 'local_display' localhost:5050
2019-12-17 22:08:46,525 : INFO : EventManager : Event: ======'bcp_clients_connected'====== Args={}
2019-12-17 22:08:46,560 : INFO : EventManager : Event: ======'machine_var_master_volume'====== Args={'prev_value': None, 'change': True, 'value': 0.5}
2019-12-17 22:08:46,655 : INFO : EventManager : Event: ======'init_phase_3'====== Args={}
2019-12-17 22:08:46,684 : INFO : EventManager : Event: ======'init_phase_4'====== Args={}
2019-12-17 22:08:46,693 : INFO : EventManager : Event: ======'machine_var_audits_player_score'====== Args={'prev_value': None, 'change': True, 'value': {'top': [1053, 829, 828, 828, 808, 778, 726, 724, 722, 706], 'average': 243.0983606557377, 'total': 305}}
2019-12-17 22:08:46,694 : INFO : EventManager : Event: ======'machine_var_audits_switches_s_drop_right'====== Args={'prev_value': None, 'change': True, 'value': 518}
2019-12-17 22:08:46,695 : INFO : EventManager : Event: ======'machine_var_audits_switches_s_flipper_left'====== Args={'prev_value': None, 'change': True, 'value': 7567}
2019-12-17 22:08:46,696 : INFO : EventManager : Event: ======'machine_var_audits_switches_s_flipper_right'====== Args={'prev_value': None, 'change': True, 'value': 11203}
2019-12-17 22:08:46,697 : INFO : EventManager : Event: ======'machine_var_audits_switches_s_spinner'====== Args={'prev_value': None, 'change': True, 'value': 9176}
2019-12-17 22:08:46,698 : INFO : EventManager : Event: ======'machine_var_audits_switches_s_pop_top'====== Args={'prev_value': None, 'change': True, 'value': 1165}
2019-12-17 22:08:46,700 : INFO : EventManager : Event: ======'machine_var_audits_switches_s_trough'====== Args={'prev_value': None, 'change': True, 'value': 1593}
2019-12-17 22:08:46,701 : INFO : EventManager : Event: ======'machine_var_audits_switches_s_plunger_lane'====== Args={'prev_value': None, 'change': True, 'value': 88}
2019-12-17 22:08:46,702 : INFO : EventManager : Event: ======'machine_var_audits_switches_s_pop_right'====== Args={'prev_value': None, 'change': True, 'value': 3616}
2019-12-17 22:08:46,703 : INFO : EventManager : Event: ======'machine_var_audits_switches_s_start'====== Args={'prev_value': None, 'change': True, 'value': 55}
2019-12-17 22:08:46,704 : INFO : EventManager : Event: ======'machine_var_audits_switches_s_gym'====== Args={'prev_value': None, 'change': True, 'value': 457}
2019-12-17 22:08:46,705 : INFO : EventManager : Event: ======'machine_var_audits_switches_s_drop_left'====== Args={'prev_value': None, 'change': True, 'value': 591}
2019-12-17 22:08:46,706 : INFO : EventManager : Event: ======'machine_var_audits_switches_s_sling_right'====== Args={'prev_value': None, 'change': True, 'value': 1238}
2019-12-17 22:08:46,708 : INFO : EventManager : Event: ======'machine_var_audits_switches_s_drop_center'====== Args={'prev_value': None, 'change': True, 'value': 663}
2019-12-17 22:08:46,709 : INFO : EventManager : Event: ======'machine_var_audits_switches_s_pop_bottom'====== Args={'prev_value': None, 'change': True, 'value': 2917}
2019-12-17 22:08:46,710 : INFO : EventManager : Event: ======'machine_var_audits_switches_s_saucer'====== Args={'prev_value': None, 'change': True, 'value': 1203}
2019-12-17 22:08:46,712 : INFO : EventManager : Event: ======'machine_var_audits_switches_s_pop_left'====== Args={'prev_value': None, 'change': True, 'value': 10}
2019-12-17 22:08:46,713 : INFO : EventManager : Event: ======'machine_var_audits_switches_s_drain'====== Args={'prev_value': None, 'change': True, 'value': 2766}
2019-12-17 22:08:46,714 : INFO : EventManager : Event: ======'machine_var_audits_switches_s_sling_left'====== Args={'prev_value': None, 'change': True, 'value': 1074}
2019-12-17 22:08:46,716 : INFO : EventManager : Event: ======'machine_var_audits_events_game_ended'====== Args={'prev_value': None, 'change': True, 'value': 286}
2019-12-17 22:08:46,717 : INFO : EventManager : Event: ======'machine_var_audits_events_game_started'====== Args={'prev_value': None, 'change': True, 'value': 351}
2019-12-17 22:08:46,719 : INFO : EventManager : Event: ======'init_phase_5'====== Args={}
2019-12-17 22:08:46,722 : INFO : EventManager : Event: ======'init_done'====== Args={}
2019-12-17 22:08:46,724 : WARNING : FAST : Port NET received more messages than were sent! Resetting!
2019-12-17 22:08:46,724 : WARNING : FAST : Port NET received more messages than were sent! Resetting!
2019-12-17 22:08:46,724 : WARNING : FAST : Port NET received more messages than were sent! Resetting!
2019-12-17 22:08:46,725 : WARNING : FAST : Port NET received more messages than were sent! Resetting!
2019-12-17 22:08:46,725 : WARNING : FAST : Port NET received more messages than were sent! Resetting!
2019-12-17 22:08:46,725 : WARNING : FAST : Port NET received more messages than were sent! Resetting!
2019-12-17 22:08:46,725 : WARNING : FAST : Port NET received more messages than were sent! Resetting!
2019-12-17 22:08:46,726 : WARNING : FAST : Port NET received more messages than were sent! Resetting!
2019-12-17 22:08:46,726 : WARNING : FAST : Port NET received more messages than were sent! Resetting!
2019-12-17 22:08:46,726 : WARNING : FAST : Port NET received more messages than were sent! Resetting!
2019-12-17 22:08:46,727 : WARNING : FAST : Port NET received more messages than were sent! Resetting!
2019-12-17 22:08:46,727 : WARNING : FAST : Port NET received more messages than were sent! Resetting!
2019-12-17 22:08:46,727 : WARNING : FAST : Port NET received more messages than were sent! Resetting!
2019-12-17 22:08:46,727 : WARNING : FAST : Port NET received more messages than were sent! Resetting!
2019-12-17 22:08:46,728 : WARNING : FAST : Port NET received more messages than were sent! Resetting!
2019-12-17 22:08:46,728 : WARNING : FAST : Port NET received more messages than were sent! Resetting!
2019-12-17 22:08:46,728 : WARNING : FAST : Port NET received more messages than were sent! Resetting!
2019-12-17 22:08:46,728 : WARNING : FAST : Port NET received more messages than were sent! Resetting!
2019-12-17 22:08:46,728 : WARNING : FAST : Port NET received more messages than were sent! Resetting!
2019-12-17 22:08:46,729 : WARNING : FAST : Port NET received more messages than were sent! Resetting!
2019-12-17 22:08:46,729 : WARNING : FAST : Port NET received more messages than were sent! Resetting!
2019-12-17 22:08:46,729 : WARNING : FAST : Port NET received more messages than were sent! Resetting!
2019-12-17 22:08:46,731 : INFO : SwitchController : <<<<<<< 's_start' active >>>>>>>
2019-12-17 22:08:46,738 : INFO : SwitchController : <<<<<<< 's_start' inactive >>>>>>>
2019-12-17 22:08:46,747 : INFO : EventManager : Event: ======'machine_reset_phase_1'====== Args={}
2019-12-17 22:08:46,755 : INFO : EventManager : Event: ======'slide_welcome_slide_removed'====== Args={'_from_bcp': True}
2019-12-17 22:08:46,765 : INFO : EventManager : Event: ======'slide_welcome_slide_created'====== Args={'_from_bcp': True}
2019-12-17 22:08:46,770 : INFO : EventManager : Event: ======'slide_welcome_slide_active'====== Args={'_from_bcp': True}
2019-12-17 22:08:46,786 : INFO : EventManager : Event: ======'machine_reset_phase_2'====== Args={}
2019-12-17 22:08:46,788 : INFO : EventManager : Event: ======'machine_reset_phase_3'====== Args={}
2019-12-17 22:08:46,790 : INFO : drop_target_bank.right_bank : All targets are already up. Will not reset bank.
2019-12-17 22:08:46,792 : INFO : EventManager : Event: ======'reset_complete'====== Args={}
2019-12-17 22:08:46,793 : INFO : EventManager : Event: ======'mode_attract_will_start'====== Args={}
2019-12-17 22:08:46,796 : INFO : EventManager : Event: ======'mode_attract_starting'====== Args={}
2019-12-17 22:08:46,796 : INFO : Mode.attract : Started. Priority: 10
2019-12-17 22:08:46,798 : INFO : EventManager : Event: ======'mode_attract_started'====== Args={}
2019-12-17 22:08:46,800 : INFO : EventManager : Event: ======'collecting_balls'====== Args={}
2019-12-17 22:08:46,801 : INFO : EventManager : Event: ======'balldevice_balls_available'====== Args={}
2019-12-17 22:08:46,805 : INFO : Machine : Starting the main run loop.
2019-12-17 22:08:46,807 : INFO : EventManager : Event: ======'balldevice_bd_drain_ball_eject_attempt'====== Args={'target': <ball_device.bd_trough>, 'balls': 1, 'num_attempts': 0, 'source': <ball_device.bd_drain>, 'mechanical_eject': False}
2019-12-17 22:08:46,809 : INFO : ball_device.bd_drain : Ejecting ball to <ball_device.bd_trough>
2019-12-17 22:08:46,811 : INFO : EventManager : Event: ======'balldevice_bd_drain_ejecting_ball'====== Args={'target': <ball_device.bd_trough>, 'balls': 1, 'num_attempts': 0, 'source': <ball_device.bd_drain>, 'mechanical_eject': False}
2019-12-17 22:08:46,813 : INFO : coil.c_drain : Pulsing Driver for 20ms (1.0 pulse_power)
2019-12-17 22:08:46,825 : INFO : EventManager : Event: ======'slide_attract_started_created'====== Args={'_from_bcp': True}
2019-12-17 22:08:46,831 : INFO : EventManager : Event: ======'slide_attract_started_active'====== Args={'_from_bcp': True}
2019-12-17 22:08:47,502 : INFO : SwitchController : <<<<<<< 's_start' active >>>>>>>
2019-12-17 22:08:47,663 : INFO : SwitchController : <<<<<<< 's_start' inactive >>>>>>>
2019-12-17 22:08:47,664 : INFO : EventManager : Event: ======'request_to_start_game'====== Args={}
2019-12-17 22:08:47,690 : INFO : EventManager : Event: ======'game_start'====== Args={'buttons': [], 'hold_time': 0.17199999999138527}
2019-12-17 22:08:47,691 : INFO : EventManager : Event: ======'mode_game_will_start'====== Args={'buttons': [], 'hold_time': 0.17199999999138527}
2019-12-17 22:08:47,696 : INFO : EventManager : Event: ======'mode_game_starting'====== Args={'buttons': [], 'hold_time': 0.17199999999138527}
2019-12-17 22:08:47,697 : INFO : EventManager : Event: ======'mode_attract_will_stop'====== Args={}
2019-12-17 22:08:47,697 : INFO : EventManager : Event: ======'mode_attract_stopping'====== Args={}
2019-12-17 22:08:47,698 : INFO : Mode.attract : Stopped.
2019-12-17 22:08:47,700 : INFO : EventManager : Event: ======'mode_attract_stopped'====== Args={}
2019-12-17 22:08:47,700 : INFO : EventManager : Event: ======'clear'====== Args={'key': 'attract'}
2019-12-17 22:08:47,701 : INFO : Mode.game : Started. Priority: 20
2019-12-17 22:08:47,701 : INFO : EventManager : Event: ======'mode_game_started'====== Args={'buttons': [], 'hold_time': 0.17199999999138527}
2019-12-17 22:08:47,705 : INFO : EventManager : Event: ======'game_will_start'====== Args={}
2019-12-17 22:08:47,710 : INFO : EventManager : Event: ======'game_starting'====== Args={'game': <Mode.game>}
2019-12-17 22:08:47,715 : INFO : EventManager : Event: ======'player_add_request'====== Args={}
2019-12-17 22:08:47,718 : INFO : EventManager : Event: ======'player_will_add'====== Args={'number': 1}
2019-12-17 22:08:47,721 : INFO : EventManager : Event: ======'player_adding'====== Args={'player': <Player 1>, 'number': 1}
2019-12-17 22:08:47,722 : INFO : EventManager : Event: ======'player_added'====== Args={'player': <Player 1>, 'num': 1}
2019-12-17 22:08:47,722 : INFO : Mode.game : Player added successfully. Total players: 1
2019-12-17 22:08:47,724 : INFO : EventManager : Event: ======'player_gym5_drop_targets'====== Args={'player_num': 1, 'prev_value': 0, 'change': 0, 'value': 0}
2019-12-17 22:08:47,726 : INFO : EventManager : Event: ======'player_number'====== Args={'player_num': 1, 'prev_value': 1, 'change': 0, 'value': 1}
2019-12-17 22:08:47,727 : INFO : EventManager : Event: ======'player_score'====== Args={'player_num': 1, 'prev_value': 0, 'change': 0, 'value': 0}
2019-12-17 22:08:47,728 : INFO : EventManager : Event: ======'player_gym3_spinner'====== Args={'player_num': 1, 'prev_value': 0, 'change': 0, 'value': 0}
2019-12-17 22:08:47,729 : INFO : EventManager : Event: ======'player_gym6_gym'====== Args={'player_num': 1, 'prev_value': 0, 'change': 0, 'value': 0}
2019-12-17 22:08:47,730 : INFO : EventManager : Event: ======'player_index'====== Args={'player_num': 1, 'prev_value': 0, 'change': 0, 'value': 0}
2019-12-17 22:08:47,732 : INFO : EventManager : Event: ======'player_pikachu_exp'====== Args={'player_num': 1, 'prev_value': 1, 'change': 0, 'value': 1}
2019-12-17 22:08:47,733 : INFO : EventManager : Event: ======'player_gym4_slingshot'====== Args={'player_num': 1, 'prev_value': 0, 'change': 0, 'value': 0}
2019-12-17 22:08:47,734 : INFO : EventManager : Event: ======'player_raichu_exp'====== Args={'player_num': 1, 'prev_value': 1, 'change': 0, 'value': 1}
2019-12-17 22:08:47,735 : INFO : EventManager : Event: ======'player_gym1_pop'====== Args={'player_num': 1, 'prev_value': 0, 'change': 0, 'value': 0}
2019-12-17 22:08:47,737 : INFO : EventManager : Event: ======'player_pichu_exp'====== Args={'player_num': 1, 'prev_value': 1, 'change': 0, 'value': 1}
2019-12-17 22:08:47,738 : INFO : EventManager : Event: ======'player_gym2_drop_targets'====== Args={'player_num': 1, 'prev_value': 0, 'change': 0, 'value': 0}
2019-12-17 22:08:47,742 : INFO : EventManager : Event: ======'game_started'====== Args={}
2019-12-17 22:08:47,743 : WARNING : Mode.1player : WARNING: Can only start mode 1player during a game. Aborting start.
2019-12-17 22:08:47,746 : INFO : EventManager : Event: ======'player_turn_will_start'====== Args={'player': <Player 1>, 'number': 1}
2019-12-17 22:08:47,747 : INFO : EventManager : Event: ======'slide_layout_3_mini_created'====== Args={'_from_bcp': True}
2019-12-17 22:08:47,749 : INFO : EventManager : Event: ======'player_turn_starting'====== Args={'player': <Player 1>, 'number': 1}
2019-12-17 22:08:47,751 : INFO : EventManager : Event: ======'player_ball'====== Args={'player_num': 1, 'prev_value': 0, 'change': 1, 'value': 1}
2019-12-17 22:08:47,752 : INFO : EventManager : Event: ======'player_turn_started'====== Args={'player': <Player 1>, 'number': 1}
2019-12-17 22:08:47,755 : INFO : EventManager : Event: ======'ball_will_start'====== Args={'player': 1, 'ball': 1, 'is_extra_ball': False, 'balls_remaining': 2}
2019-12-17 22:08:47,757 : INFO : EventManager : Event: ======'ball_starting'====== Args={'player': 1, 'ball': 1, 'is_extra_ball': False, 'balls_remaining': 2}
2019-12-17 22:08:47,759 : INFO : EventManager : Event: ======'mode_base_will_start'====== Args={'player': 1, 'ball': 1, 'is_extra_ball': False, 'balls_remaining': 2, 'queue': <QueuedEvent>}
2019-12-17 22:08:47,762 : INFO : EventManager : Event: ======'mode_base_starting'====== Args={'player': 1, 'ball': 1, 'is_extra_ball': False, 'balls_remaining': 2, 'queue': <QueuedEvent>}
2019-12-17 22:08:47,763 : INFO : drop_target_bank.right_bank : All targets are already up. Will not reset bank.
2019-12-17 22:08:47,765 : INFO : Mode.base : Started. Priority: 31
2019-12-17 22:08:47,765 : INFO : EventManager : Event: ======'mode_base_started'====== Args={'player': 1, 'ball': 1, 'is_extra_ball': False, 'balls_remaining': 2, 'queue': <QueuedEvent>}
2019-12-17 22:08:47,766 : INFO : EventManager : Event: ======'start_mode_pichu'====== Args={'priority': 0}
2019-12-17 22:08:47,766 : INFO : EventManager : Event: ======'mode_pichu_will_start'====== Args={'priority': 0}
2019-12-17 22:08:47,780 : INFO : EventManager : Event: ======'mode_pichu_starting'====== Args={'priority': 0}
2019-12-17 22:08:47,780 : INFO : Mode.pichu : Started. Priority: 75
2019-12-17 22:08:47,781 : INFO : EventManager : Event: ======'mode_pichu_started'====== Args={'priority': 0}
2019-12-17 22:08:47,783 : INFO : EventManager : Event: ======'balls_in_play'====== Args={'balls': 1}
2019-12-17 22:08:47,784 : INFO : EventManager : Event: ======'ball_started'====== Args={'player': 1, 'ball': 1, 'is_extra_ball': False, 'balls_remaining': 2}
2019-12-17 22:08:47,787 : INFO : EventManager : Event: ======'start_gym0_event'====== Args={'priority': 0}
2019-12-17 22:08:47,792 : INFO : EventManager : Event: ======'mode_gym0_will_start'====== Args={'priority': 0}
2019-12-17 22:08:47,794 : INFO : EventManager : Event: ======'mode_gym0_starting'====== Args={'priority': 0}
2019-12-17 22:08:47,795 : INFO : Mode.gym0 : Started. Priority: 200
2019-12-17 22:08:47,795 : INFO : EventManager : Event: ======'mode_gym0_started'====== Args={'priority': 0}
2019-12-17 22:08:47,797 : INFO : EventManager : Event: ======'slide_layout_3_mini_active'====== Args={'_from_bcp': True}
2019-12-17 22:08:47,800 : INFO : EventManager : Event: ======'single_player_ball_started'====== Args={}
2019-12-17 22:08:47,802 : INFO : EventManager : Event: ======'slide_layout_3_mini_removed'====== Args={'_from_bcp': True}
2019-12-17 22:08:47,804 : INFO : EventManager : Event: ======'balldevice_balls_available'====== Args={}
2019-12-17 22:08:47,818 : INFO : EventManager : Event: ======'slide_layout_3_mini_created'====== Args={'_from_bcp': True}
2019-12-17 22:08:47,870 : INFO : EventManager : Event: ======'slide_slide_mode_pichu_started_created'====== Args={'_from_bcp': True}
2019-12-17 22:08:47,880 : INFO : EventManager : Event: ======'slide_layout_3_mini_active'====== Args={'_from_bcp': True}
2019-12-17 22:08:47,908 : INFO : EventManager : Event: ======'slide_slide_mode_pichu_started_active'====== Args={'_from_bcp': True}
2019-12-17 22:08:47,948 : INFO : EventManager : Event: ======'slide_slide_mode_gym0_started_created'====== Args={'_from_bcp': True}
2019-12-17 22:08:47,954 : INFO : EventManager : Event: ======'slide_slide_mode_gym0_started_active'====== Args={'_from_bcp': True}
2019-12-17 22:08:53,502 : INFO : SwitchController : <<<<<<< 's_flipper_left' active >>>>>>>
2019-12-17 22:08:53,512 : INFO : EventManager : Event: ======'machine_var_audits_switches_s_flipper_left'====== Args={'prev_value': 7567, 'change': 1, 'value': 7568}
2019-12-17 22:08:53,550 : INFO : SwitchController : <<<<<<< 's_flipper_left' inactive >>>>>>>
2019-12-17 22:08:55,279 : INFO : SwitchController : <<<<<<< 's_start' active >>>>>>>
2019-12-17 22:08:55,280 : INFO : EventManager : Event: ======'sw_start'====== Args={}
2019-12-17 22:08:55,300 : INFO : EventManager : Event: ======'machine_var_audits_switches_s_start'====== Args={'prev_value': 55, 'change': 1, 'value': 56}
2019-12-17 22:08:55,305 : INFO : EventManager : Event: ======'player_add_request'====== Args={}
2019-12-17 22:08:55,306 : INFO : EventManager : Event: ======'player_will_add'====== Args={'number': 2}
2019-12-17 22:08:55,311 : INFO : EventManager : Event: ======'player_adding'====== Args={'player': <Player 2>, 'number': 2}
2019-12-17 22:08:55,312 : INFO : EventManager : Event: ======'player_added'====== Args={'player': <Player 2>, 'num': 2}
2019-12-17 22:08:55,313 : INFO : Mode.game : Player added successfully. Total players: 2
2019-12-17 22:08:55,313 : INFO : EventManager : Event: ======'multiplayer_game'====== Args={}
2019-12-17 22:08:55,314 : INFO : EventManager : Event: ======'mode_2player_will_start'====== Args={'player': <Player 2>, 'num': 2}
2019-12-17 22:08:55,336 : INFO : EventManager : Event: ======'mode_2player_starting'====== Args={'player': <Player 2>, 'num': 2}
2019-12-17 22:08:55,345 : INFO : Mode.2player : Started. Priority: 300
2019-12-17 22:08:55,345 : INFO : EventManager : Event: ======'mode_2player_started'====== Args={'player': <Player 2>, 'num': 2}
2019-12-17 22:08:55,346 : INFO : EventManager : Event: ======'player_gym5_drop_targets'====== Args={'player_num': 2, 'prev_value': 0, 'change': 0, 'value': 0}
2019-12-17 22:08:55,354 : INFO : EventManager : Event: ======'player_number'====== Args={'player_num': 2, 'prev_value': 2, 'change': 0, 'value': 2}
2019-12-17 22:08:55,362 : INFO : EventManager : Event: ======'player_score'====== Args={'player_num': 2, 'prev_value': 0, 'change': 0, 'value': 0}
2019-12-17 22:08:55,364 : INFO : EventManager : Event: ======'player_gym3_spinner'====== Args={'player_num': 2, 'prev_value': 0, 'change': 0, 'value': 0}
2019-12-17 22:08:55,367 : INFO : EventManager : Event: ======'player_gym6_gym'====== Args={'player_num': 2, 'prev_value': 0, 'change': 0, 'value': 0}
2019-12-17 22:08:55,369 : INFO : EventManager : Event: ======'player_index'====== Args={'player_num': 2, 'prev_value': 1, 'change': 0, 'value': 1}
2019-12-17 22:08:55,371 : INFO : EventManager : Event: ======'player_pikachu_exp'====== Args={'player_num': 2, 'prev_value': 1, 'change': 0, 'value': 1}
2019-12-17 22:08:55,373 : INFO : EventManager : Event: ======'player_gym4_slingshot'====== Args={'player_num': 2, 'prev_value': 0, 'change': 0, 'value': 0}
2019-12-17 22:08:55,374 : INFO : EventManager : Event: ======'player_raichu_exp'====== Args={'player_num': 2, 'prev_value': 1, 'change': 0, 'value': 1}
2019-12-17 22:08:55,375 : INFO : EventManager : Event: ======'player_gym1_pop'====== Args={'player_num': 2, 'prev_value': 0, 'change': 0, 'value': 0}
2019-12-17 22:08:55,376 : INFO : EventManager : Event: ======'player_pichu_exp'====== Args={'player_num': 2, 'prev_value': 1, 'change': 0, 'value': 1}
2019-12-17 22:08:55,377 : INFO : EventManager : Event: ======'player_gym2_drop_targets'====== Args={'player_num': 2, 'prev_value': 0, 'change': 0, 'value': 0}
2019-12-17 22:08:55,502 : INFO : SwitchController : <<<<<<< 's_start' inactive >>>>>>>
2019-12-17 22:08:56,804 : INFO : EventManager : Event: ======'balldevice_bd_drain_ball_eject_failed'====== Args={'retry': True, 'target': <ball_device.bd_trough>, 'balls': 1, 'num_attempts': 1}
2019-12-17 22:08:56,823 : INFO : EventManager : Event: ======'balldevice_bd_drain_ball_eject_attempt'====== Args={'target': <ball_device.bd_trough>, 'balls': 1, 'num_attempts': 1, 'source': <ball_device.bd_drain>, 'mechanical_eject': False}
2019-12-17 22:08:56,831 : INFO : ball_device.bd_drain : Ejecting ball to <ball_device.bd_trough>
2019-12-17 22:08:56,833 : INFO : EventManager : Event: ======'balldevice_bd_drain_ejecting_ball'====== Args={'target': <ball_device.bd_trough>, 'balls': 1, 'num_attempts': 1, 'source': <ball_device.bd_drain>, 'mechanical_eject': False}
2019-12-17 22:08:56,846 : INFO : coil.c_drain : Pulsing Driver for 20ms (1.0 pulse_power)
2019-12-17 22:08:56,895 : INFO : SwitchController : <<<<<<< 's_drain' inactive >>>>>>>
2019-12-17 22:08:57,279 : INFO : SwitchController : <<<<<<< 's_trough' active >>>>>>>
2019-12-17 22:08:57,299 : INFO : EventManager : Event: ======'machine_var_audits_switches_s_trough'====== Args={'prev_value': 1593, 'change': 1, 'value': 1594}
2019-12-17 22:08:57,335 : INFO : SwitchController : <<<<<<< 's_trough' inactive >>>>>>>
2019-12-17 22:08:57,530 : INFO : SwitchController : <<<<<<< 's_trough' active >>>>>>>
2019-12-17 22:08:57,538 : INFO : EventManager : Event: ======'machine_var_audits_switches_s_trough'====== Args={'prev_value': 1594, 'change': 1, 'value': 1595}
2019-12-17 22:08:58,025 : INFO : EventManager : Event: ======'balldevice_bd_trough_ball_enter'====== Args={'new_balls': 1, 'unclaimed_balls': 0, 'device': <ball_device.bd_trough>, 'new_available_balls': 0}
2019-12-17 22:08:58,032 : INFO : EventManager : Event: ======'ball_drain'====== Args={'balls': 0, 'device': <ball_device.bd_trough>}
2019-12-17 22:08:58,039 : INFO : EventManager : Event: ======'balldevice_bd_trough_ball_entered'====== Args={'new_balls': 0, 'device': <ball_device.bd_trough>}
2019-12-17 22:08:58,040 : INFO : EventManager : Event: ======'balldevice_bd_trough_ball_count_changed'====== Args={'balls': 1}
2019-12-17 22:08:58,046 : INFO : EventManager : Event: ======'balldevice_bd_drain_ball_eject_success'====== Args={'target': <ball_device.bd_trough>, 'balls': 1}
2019-12-17 22:08:58,052 : INFO : EventManager : Event: ======'balldevice_bd_trough_ball_eject_attempt'====== Args={'target': <ball_device.bd_plunger>, 'balls': 1, 'num_attempts': 0, 'source': <ball_device.bd_trough>, 'mechanical_eject': True}
2019-12-17 22:08:58,058 : INFO : EventManager : Event: ======'balldevice_bd_drain_ball_count_changed'====== Args={'balls': 0}
2019-12-17 22:08:58,066 : INFO : ball_device.bd_trough : Ejecting ball to <ball_device.bd_plunger>
2019-12-17 22:08:58,068 : INFO : EventManager : Event: ======'balldevice_bd_trough_ejecting_ball'====== Args={'target': <ball_device.bd_plunger>, 'balls': 1, 'num_attempts': 0, 'source': <ball_device.bd_trough>, 'mechanical_eject': True}
2019-12-17 22:08:58,083 : INFO : coil.c_trough : Pulsing Driver for 7ms (1.0 pulse_power)
2019-12-17 22:08:58,128 : INFO : SwitchController : <<<<<<< 's_trough' inactive >>>>>>>
2019-12-17 22:09:08,138 : INFO : EventManager : Event: ======'balldevice_bd_plunger_ejecting_ball'====== Args={'target': <playfield.playfield>, 'balls': 1, 'num_attempts': 1, 'source': <ball_device.bd_plunger>, 'mechanical_eject': None}
2019-12-17 22:09:16,509 : INFO : Machine : Shutting down...
2019-12-17 22:09:16,509 : INFO : EventManager : Event: ======'shutdown'====== Args={}
2019-12-17 22:09:16,540 : ERROR : FAST : Stop called on serial connection com5
2019-12-17 22:09:16,540 : ERROR : FAST : Stop called on serial connection com4
2019-12-17 22:09:16,775 : INFO : root : MPF run loop ended.
