2019-10-11 14:56:07,018 : kivy : Factory: 194 symbols loaded
2019-10-11 14:56:07,643 : kivy : Image: Providers: img_tex, img_dds, img_sdl2, img_pil, img_gif (img_ffpyplayer ignored)
2019-10-11 14:56:08,002 : kivy : VideoGstplayer: Using Gstreamer 1.10.2.0
2019-10-11 14:56:08,127 : kivy : Video: Provider: gstplayer
2019-10-11 14:56:08,471 : kivy : Loading MPF-MC controller
2019-10-11 14:56:08,471 : mpfmc : Mission Pinball Framework Media Controller v0.50.8
2019-10-11 14:56:08,471 : mpfmc : Mission Pinball Framework Game Engine v0.50.17
2019-10-11 14:56:08,471 : mpfmc : Machine path: D:\POKEMON - 2
2019-10-11 14:56:08,487 : ConfigProcessor : Config file in cache changed: D:\POKEMON - 2\config\config
2019-10-11 14:56:10,065 : ConfigProcessor : Loading config from file c:\python34\lib\site-packages\mpfmc\mcconfig.yaml.
2019-10-11 14:56:10,268 : ConfigProcessor : Loading config: c:\python34\lib\site-packages\mpfmc\mcconfig.yaml
2019-10-11 14:56:10,268 : ConfigProcessor : Loading config from file D:\POKEMON - 2\config\config.
2019-10-11 14:56:10,440 : ConfigProcessor : Loading config: D:\POKEMON - 2\config\config
2019-10-11 14:56:10,440 : ConfigProcessor : Loading config: D:\POKEMON - 2\config\player_variables.yaml
2019-10-11 14:56:10,471 : ConfigProcessor : Loading config: D:\POKEMON - 2\config\key_mapping.yaml
2019-10-11 14:56:10,471 : ConfigProcessor : Config file cache created: C:\Users\MISSIO~1\AppData\Local\Temp\9066572af3754bcb4e8ca411bd20a237.mpf_cache
2019-10-11 14:56:10,471 : mpfmc : Starting clock at 60.0Hz
2019-10-11 14:56:10,580 : kivy : Text: Provider: sdl2
2019-10-11 14:56:12,268 : kivy : OSC: using <thread> for socket
2019-10-11 14:56:12,299 : kivy : Window: Provider: sdl2
2019-10-11 14:56:12,590 : kivy : GL: Using the "OpenGL" graphics system
2019-10-11 14:56:12,595 : kivy : GL: GLEW initialization succeeded
2019-10-11 14:56:12,597 : kivy : GL: Backend used <glew>
2019-10-11 14:56:12,598 : kivy : GL: OpenGL version <b'4.4.0 - Build 20.19.15.4835'>
2019-10-11 14:56:12,598 : kivy : GL: OpenGL vendor <b'Intel'>
2019-10-11 14:56:12,598 : kivy : GL: OpenGL renderer <b'Intel(R) HD Graphics'>
2019-10-11 14:56:12,599 : kivy : GL: OpenGL parsed version: 4, 4
2019-10-11 14:56:12,600 : kivy : GL: Shading version <b'4.40 - Build 20.19.15.4835'>
2019-10-11 14:56:12,600 : kivy : GL: Texture max size <16384>
2019-10-11 14:56:12,601 : kivy : GL: Texture max units <32>
2019-10-11 14:56:12,667 : kivy : Shader: fragment shader: <b"WARNING: 0:7: '' :  #version directive missing">
2019-10-11 14:56:12,668 : kivy : Shader: vertex shader: <b"WARNING: 0:7: '' :  #version directive missing">
2019-10-11 14:56:12,687 : kivy : Window: auto add sdl2 input provider
2019-10-11 14:56:12,688 : kivy : Window: virtual keyboard not allowed, single mode, not docked
2019-10-11 14:56:12,731 : SoundSystem : SoundSystem: Using default 'sound_system' settings
2019-10-11 14:56:14,762 : AudioInterface : Initialized
2019-10-11 14:56:14,764 : SoundSystem : No audio tracks are specified in your machine config file. a track named 'default' has been created.
2019-10-11 14:56:14,776 : kivy : Base: Start application main loop
2019-10-11 14:56:14,833 : mpfmc : Display: Setting 'window' as default display
2019-10-11 14:56:15,003 : ConfigProcessor : Loading config from cache: C:\Users\MISSIO~1\AppData\Local\Temp\b016e39aaa9fcc310b2c911cb998ccc7.mpf_cache
2019-10-11 14:56:15,021 : ConfigProcessor : Loading config from cache: C:\Users\MISSIO~1\AppData\Local\Temp\4db3b4eb08bf5f2e1b30e7df1dec754e.mpf_cache
2019-10-11 14:56:15,038 : ConfigProcessor : Loading config from cache: C:\Users\MISSIO~1\AppData\Local\Temp\d7f8a5ee622046c7da753c9c40514d63.mpf_cache
2019-10-11 14:56:15,081 : ConfigProcessor : Loading config from cache: C:\Users\MISSIO~1\AppData\Local\Temp\6f2a382b9c765c6a1f408e05b1d50db1.mpf_cache
2019-10-11 14:56:15,084 : ConfigProcessor : Loading config from cache: C:\Users\MISSIO~1\AppData\Local\Temp\10f8871b1481fbf59bf30d5b3d29537e.mpf_cache
2019-10-11 14:56:15,086 : ConfigProcessor : Loading config from cache: C:\Users\MISSIO~1\AppData\Local\Temp\c8c985d122de6339937b15f5cde5ffe7.mpf_cache
2019-10-11 14:56:15,094 : MPF-MC BCP Server : Starting up on localhost port 5050
2019-10-11 14:56:15,122 : MPF-MC BCP Server : Waiting for a connection...
2019-10-11 14:56:15,123 : mpfmc : SlidePlayer: Play called with settings={'slides': {'welcome_slide': {'priority': None, 'transition': None, 'expire': None, 'slide': None, 'show': True, 'transition_out': None, 'target': None, 'action': 'play', 'force': False, 'background_color': [0.0, 0.0, 0.0, 1.0]}}}
2019-10-11 14:56:15,310 : kivy : GL: NPOT texture support is available
2019-10-11 14:56:15,350 : MPF-MC BCP Server : Received connection from: 127.0.0.1:53050
2019-10-11 14:56:15,399 : BcpProcessor : Received invalid BCP command: mode_list
2019-10-11 14:56:15,548 : mpfmc : SlidePlayer: Play called with settings={'slides': {'welcome_slide': {'priority': None, 'transition': None, 'expire': None, 'slide': None, 'show': True, 'transition_out': None, 'target': None, 'action': 'play', 'force': False, 'background_color': [0.0, 0.0, 0.0, 1.0]}}}
2019-10-11 14:56:15,592 : mpfmc : SlidePlayer: Play called with settings={'slides': {'attract_started': {'priority': None, 'transition': None, 'expire': None, 'slide': None, 'show': True, 'transition_out': None, 'target': None, 'action': 'play', 'force': False, 'background_color': [0.0, 0.0, 0.0, 1.0]}}}
2019-10-11 14:57:07,442 : mpfmc : SlidePlayer: Play called with settings={'slides': {'widgets': {'priority': None, 'widgets': [{'round_anchor_y': None, 'z': 0, 'anchor_x': 'left', 'key': None, 'number_grouping': True, 'rotation': 0, 'expire': None, 'y': '400', 'opacity': 1.0, 'adjust_right': 0, 'scale': 1.0, 'x': '0', 'bitmap_font': False, 'adjust_bottom': 0, 'round_anchor_x': None, 'bold': False, 'casing': None, 'halign': 'center', 'type': 'text', 'min_digits': 2, 'style': None, 'italic': False, 'text': '(score)', '_default_settings': ['font_size'], 'anchor_y': 'bottom', 'valign': 'middle', 'animations': None, 'adjust_left': 0, 'color': [1.0, 1.0, 1.0, 1.0], 'font_kerning': True, 'font_size': 100, 'reset_animations_events': [], 'adjust_top': 0}, {'round_anchor_y': None, 'z': 0, 'anchor_x': 'left', 'key': None, 'number_grouping': True, 'rotation': 0, 'expire': None, 'y': '70', 'opacity': 1.0, 'adjust_right': 0, 'scale': 1.0, 'x': '10', 'bitmap_font': False, 'adjust_bottom': 0, 'round_anchor_x': None, 'bold': False, 'casing': None, 'halign': 'center', 'type': 'text', 'min_digits': 2, 'style': None, 'italic': False, 'text': 'PICHU EXP (pichu_exp)/100', '_default_settings': ['font_size'], 'anchor_y': 'bottom', 'valign': 'middle', 'animations': None, 'adjust_left': 0, 'color': [1.0, 1.0, 1.0, 1.0], 'font_kerning': True, 'font_size': 50, 'reset_animations_events': [], 'adjust_top': 0}, {'round_anchor_y': None, 'z': 0, 'anchor_x': 'left', 'key': None, 'font_size': 50, 'rotation': 0, 'expire': None, 'y': '10', 'opacity': 1.0, 'adjust_right': 0, 'scale': 1.0, 'x': '10', 'bitmap_font': False, 'adjust_bottom': 0, 'round_anchor_x': None, 'bold': False, 'casing': None, 'halign': 'center', 'type': 'text', 'min_digits': 0, 'style': None, 'italic': False, 'text': 'PLAYER (number)', '_default_settings': ['font_size'], 'anchor_y': 'bottom', 'valign': 'middle', 'animations': None, 'adjust_left': 0, 'color': [1.0, 1.0, 1.0, 1.0], 'font_kerning': True, 'number_grouping': False, 'reset_animations_events': [], 'adjust_top': 0}, {'round_anchor_y': None, 'z': 0, 'anchor_x': 'right', 'key': None, 'font_size': 50, 'rotation': 0, 'expire': None, 'y': '10', 'opacity': 1.0, 'adjust_right': 0, 'scale': 1.0, 'x': 'right-10', 'bitmap_font': False, 'adjust_bottom': 0, 'round_anchor_x': None, 'bold': False, 'casing': None, 'halign': 'center', 'type': 'text', 'min_digits': 0, 'style': None, 'italic': False, 'text': 'BALL (ball)', '_default_settings': ['font_size'], 'anchor_y': 'bottom', 'valign': 'middle', 'animations': None, 'adjust_left': 0, 'color': [1.0, 1.0, 1.0, 1.0], 'font_kerning': True, 'number_grouping': False, 'reset_animations_events': [], 'adjust_top': 0}, {'round_anchor_y': None, 'z': 0, 'anchor_x': 'right', 'key': None, 'font_size': 50, 'rotation': 0, 'expire': None, 'y': '40', 'opacity': 1.0, 'adjust_right': 0, 'scale': 1.0, 'x': 'right-10', 'bitmap_font': False, 'adjust_bottom': 0, 'round_anchor_x': None, 'bold': False, 'casing': None, 'halign': 'center', 'type': 'text', 'min_digits': 0, 'style': None, 'italic': False, 'text': 'pichu', '_default_settings': ['font_size'], 'anchor_y': 'bottom', 'valign': 'middle', 'animations': None, 'adjust_left': 0, 'color': [1.0, 1.0, 1.0, 1.0], 'font_kerning': True, 'number_grouping': False, 'reset_animations_events': [], 'adjust_top': 0}], 'transition': None, 'expire': None, 'slide': None, 'show': True, 'transition_out': None, 'target': None, 'action': 'play', 'force': False, 'background_color': [0.0, 0.0, 0.0, 1.0]}}}
2019-10-11 14:57:40,840 : mpfmc : SlidePlayer: Play called with settings={'slides': {'widgets': {'priority': None, 'widgets': [{'round_anchor_y': None, 'z': 0, 'anchor_x': 'left', 'key': None, 'font_size': 100, 'rotation': 0, 'expire': None, 'y': '300', 'opacity': 1.0, 'adjust_right': 0, 'scale': 1.0, 'x': '10', 'bitmap_font': False, 'adjust_bottom': 0, 'round_anchor_x': None, 'bold': False, 'casing': None, 'halign': 'center', 'type': 'text', 'min_digits': 2, 'style': None, 'italic': False, 'text': '(score)', '_default_settings': ['font_size'], 'anchor_y': 'bottom', 'valign': 'middle', 'animations': None, 'adjust_left': 0, 'color': [1.0, 1.0, 1.0, 1.0], 'font_kerning': True, 'number_grouping': True, 'reset_animations_events': [], 'adjust_top': 0}, {'round_anchor_y': None, 'z': 0, 'anchor_x': 'left', 'key': None, 'font_size': 50, 'rotation': 0, 'expire': None, 'y': '200', 'opacity': 1.0, 'adjust_right': 0, 'scale': 1.0, 'x': '10', 'bitmap_font': False, 'adjust_bottom': 0, 'round_anchor_x': None, 'bold': False, 'casing': None, 'halign': 'center', 'type': 'text', 'min_digits': 2, 'style': None, 'italic': False, 'text': 'SHOOT SAUCER!', '_default_settings': ['font_size'], 'anchor_y': 'bottom', 'valign': 'middle', 'animations': None, 'adjust_left': 0, 'color': [1.0, 1.0, 1.0, 1.0], 'font_kerning': True, 'number_grouping': True, 'reset_animations_events': [], 'adjust_top': 0}, {'round_anchor_y': None, 'z': 0, 'anchor_x': 'left', 'key': None, 'font_size': 50, 'rotation': 0, 'expire': None, 'y': '10', 'opacity': 1.0, 'adjust_right': 0, 'scale': 1.0, 'x': '10', 'bitmap_font': False, 'adjust_bottom': 0, 'round_anchor_x': None, 'bold': False, 'casing': None, 'halign': 'center', 'type': 'text', 'min_digits': 0, 'style': None, 'italic': False, 'text': 'PLAYER (number)', '_default_settings': ['font_size'], 'anchor_y': 'bottom', 'valign': 'middle', 'animations': None, 'adjust_left': 0, 'color': [1.0, 1.0, 1.0, 1.0], 'font_kerning': True, 'number_grouping': False, 'reset_animations_events': [], 'adjust_top': 0}, {'round_anchor_y': None, 'z': 0, 'anchor_x': 'right', 'key': None, 'font_size': 50, 'rotation': 0, 'expire': None, 'y': '10', 'opacity': 1.0, 'adjust_right': 0, 'scale': 1.0, 'x': 'right-10', 'bitmap_font': False, 'adjust_bottom': 0, 'round_anchor_x': None, 'bold': False, 'casing': None, 'halign': 'center', 'type': 'text', 'min_digits': 0, 'style': None, 'italic': False, 'text': 'BALL (ball)', '_default_settings': ['font_size'], 'anchor_y': 'bottom', 'valign': 'middle', 'animations': None, 'adjust_left': 0, 'color': [1.0, 1.0, 1.0, 1.0], 'font_kerning': True, 'number_grouping': False, 'reset_animations_events': [], 'adjust_top': 0}], 'transition': None, 'expire': None, 'slide': None, 'show': True, 'transition_out': None, 'target': None, 'action': 'play', 'force': False, 'background_color': [0.0, 0.0, 0.0, 1.0]}}}
2019-10-11 14:57:55,189 : mpfmc : SlidePlayer: Play called with settings={'slides': {'widgets': {'priority': None, 'widgets': [{'round_anchor_y': None, 'z': 0, 'anchor_x': 'left', 'key': None, 'font_size': 100, 'rotation': 0, 'expire': None, 'y': '300', 'opacity': 1.0, 'adjust_right': 0, 'scale': 1.0, 'x': '10', 'bitmap_font': False, 'adjust_bottom': 0, 'round_anchor_x': None, 'bold': False, 'casing': None, 'halign': 'center', 'type': 'text', 'min_digits': 2, 'style': None, 'italic': False, 'text': '(score)', '_default_settings': ['font_size'], 'anchor_y': 'bottom', 'valign': 'middle', 'animations': None, 'adjust_left': 0, 'color': [1.0, 1.0, 1.0, 1.0], 'font_kerning': True, 'number_grouping': True, 'reset_animations_events': [], 'adjust_top': 0}, {'round_anchor_y': None, 'z': 0, 'anchor_x': 'left', 'key': None, 'font_size': 50, 'rotation': 0, 'expire': None, 'y': '200', 'opacity': 1.0, 'adjust_right': 0, 'scale': 1.0, 'x': '10', 'bitmap_font': False, 'adjust_bottom': 0, 'round_anchor_x': None, 'bold': False, 'casing': None, 'halign': 'center', 'type': 'text', 'min_digits': 2, 'style': None, 'italic': False, 'text': 'SHOOT SAUCER!', '_default_settings': ['font_size'], 'anchor_y': 'bottom', 'valign': 'middle', 'animations': None, 'adjust_left': 0, 'color': [1.0, 1.0, 1.0, 1.0], 'font_kerning': True, 'number_grouping': True, 'reset_animations_events': [], 'adjust_top': 0}, {'round_anchor_y': None, 'z': 0, 'anchor_x': 'left', 'key': None, 'font_size': 50, 'rotation': 0, 'expire': None, 'y': '10', 'opacity': 1.0, 'adjust_right': 0, 'scale': 1.0, 'x': '10', 'bitmap_font': False, 'adjust_bottom': 0, 'round_anchor_x': None, 'bold': False, 'casing': None, 'halign': 'center', 'type': 'text', 'min_digits': 0, 'style': None, 'italic': False, 'text': 'PLAYER (number)', '_default_settings': ['font_size'], 'anchor_y': 'bottom', 'valign': 'middle', 'animations': None, 'adjust_left': 0, 'color': [1.0, 1.0, 1.0, 1.0], 'font_kerning': True, 'number_grouping': False, 'reset_animations_events': [], 'adjust_top': 0}, {'round_anchor_y': None, 'z': 0, 'anchor_x': 'right', 'key': None, 'font_size': 50, 'rotation': 0, 'expire': None, 'y': '10', 'opacity': 1.0, 'adjust_right': 0, 'scale': 1.0, 'x': 'right-10', 'bitmap_font': False, 'adjust_bottom': 0, 'round_anchor_x': None, 'bold': False, 'casing': None, 'halign': 'center', 'type': 'text', 'min_digits': 0, 'style': None, 'italic': False, 'text': 'BALL (ball)', '_default_settings': ['font_size'], 'anchor_y': 'bottom', 'valign': 'middle', 'animations': None, 'adjust_left': 0, 'color': [1.0, 1.0, 1.0, 1.0], 'font_kerning': True, 'number_grouping': False, 'reset_animations_events': [], 'adjust_top': 0}], 'transition': None, 'expire': None, 'slide': None, 'show': True, 'transition_out': None, 'target': None, 'action': 'play', 'force': False, 'background_color': [0.0, 0.0, 0.0, 1.0]}}}
2019-10-11 14:58:07,669 : mpfmc : SlidePlayer: Play called with settings={'slides': {'widgets': {'priority': None, 'widgets': [{'round_anchor_y': None, 'z': 0, 'anchor_x': 'left', 'key': None, 'font_size': 100, 'rotation': 0, 'expire': None, 'y': '300', 'opacity': 1.0, 'adjust_right': 0, 'scale': 1.0, 'x': '10', 'bitmap_font': False, 'adjust_bottom': 0, 'round_anchor_x': None, 'bold': False, 'casing': None, 'halign': 'center', 'type': 'text', 'min_digits': 2, 'style': None, 'italic': False, 'text': '(score)', '_default_settings': ['font_size'], 'anchor_y': 'bottom', 'valign': 'middle', 'animations': None, 'adjust_left': 0, 'color': [1.0, 1.0, 1.0, 1.0], 'font_kerning': True, 'number_grouping': True, 'reset_animations_events': [], 'adjust_top': 0}, {'round_anchor_y': None, 'z': 0, 'anchor_x': 'left', 'key': None, 'font_size': 50, 'rotation': 0, 'expire': None, 'y': '200', 'opacity': 1.0, 'adjust_right': 0, 'scale': 1.0, 'x': '10', 'bitmap_font': False, 'adjust_bottom': 0, 'round_anchor_x': None, 'bold': False, 'casing': None, 'halign': 'center', 'type': 'text', 'min_digits': 2, 'style': None, 'italic': False, 'text': 'SHOOT SAUCER!', '_default_settings': ['font_size'], 'anchor_y': 'bottom', 'valign': 'middle', 'animations': None, 'adjust_left': 0, 'color': [1.0, 1.0, 1.0, 1.0], 'font_kerning': True, 'number_grouping': True, 'reset_animations_events': [], 'adjust_top': 0}, {'round_anchor_y': None, 'z': 0, 'anchor_x': 'left', 'key': None, 'font_size': 50, 'rotation': 0, 'expire': None, 'y': '10', 'opacity': 1.0, 'adjust_right': 0, 'scale': 1.0, 'x': '10', 'bitmap_font': False, 'adjust_bottom': 0, 'round_anchor_x': None, 'bold': False, 'casing': None, 'halign': 'center', 'type': 'text', 'min_digits': 0, 'style': None, 'italic': False, 'text': 'PLAYER (number)', '_default_settings': ['font_size'], 'anchor_y': 'bottom', 'valign': 'middle', 'animations': None, 'adjust_left': 0, 'color': [1.0, 1.0, 1.0, 1.0], 'font_kerning': True, 'number_grouping': False, 'reset_animations_events': [], 'adjust_top': 0}, {'round_anchor_y': None, 'z': 0, 'anchor_x': 'right', 'key': None, 'font_size': 50, 'rotation': 0, 'expire': None, 'y': '10', 'opacity': 1.0, 'adjust_right': 0, 'scale': 1.0, 'x': 'right-10', 'bitmap_font': False, 'adjust_bottom': 0, 'round_anchor_x': None, 'bold': False, 'casing': None, 'halign': 'center', 'type': 'text', 'min_digits': 0, 'style': None, 'italic': False, 'text': 'BALL (ball)', '_default_settings': ['font_size'], 'anchor_y': 'bottom', 'valign': 'middle', 'animations': None, 'adjust_left': 0, 'color': [1.0, 1.0, 1.0, 1.0], 'font_kerning': True, 'number_grouping': False, 'reset_animations_events': [], 'adjust_top': 0}], 'transition': None, 'expire': None, 'slide': None, 'show': True, 'transition_out': None, 'target': None, 'action': 'play', 'force': False, 'background_color': [0.0, 0.0, 0.0, 1.0]}}}
2019-10-11 14:58:31,812 : mpfmc : SlidePlayer: Play called with settings={'slides': {'attract_started': {'priority': None, 'transition': None, 'expire': None, 'slide': None, 'show': True, 'transition_out': None, 'target': None, 'action': 'play', 'force': False, 'background_color': [0.0, 0.0, 0.0, 1.0]}}}
2019-10-11 14:58:33,197 : kivy : Base: Leaving application in progress...
2019-10-11 14:58:33,587 : mpfmc : Stopping...
2019-10-11 14:58:33,587 : mpfmc : Loop rate 80.86 Hz
2019-10-11 14:58:33,587 : kivy : MC run loop ended.
2019-10-11 14:58:33,587 : kivy : Stopping child threads... (3 remaining)
2019-10-11 14:58:34,326 : mpfmc : Stopping...
2019-10-11 14:58:34,326 : mpfmc : Loop rate 80.44 Hz
2019-10-11 14:58:34,592 : MPF-MC BCP Server : Stopping BCP sending thread
2019-10-11 14:58:34,685 : kivy : All child threads stopped.
