2019-05-27 11:39:32,901 : INFO : Machine : Mission Pinball Framework Core Engine v0.50.17
2019-05-27 11:39:32,901 : INFO : Machine : Command line arguments: {'no_load_cache': False, 'consoleloglevel': 20, 'text_ui': True, 'bcp': True, 'mc_file_name': None, 'production': False, 'force_assets_load': False, 'create_config_cache': True, 'syslog_address': None, 'configfile': ['config.yaml'], 'pause': False, 'logfile': 'logs\\2019-05-27-11-39-32-mpf-DESKTOP-I5I6D25.log', 'loglevel': 15, 'mpfconfigfile': 'c:\\python34\\lib\\site-packages\\mpf\\mpfconfig.yaml', 'force_platform': None}
2019-05-27 11:39:32,901 : INFO : Machine : MPF path: c:\python34\lib\site-packages\mpf
2019-05-27 11:39:32,901 : INFO : Machine : Machine path: D:\POKEMON
2019-05-27 11:39:32,916 : INFO : Machine : Platform: win32
2019-05-27 11:39:32,916 : INFO : Machine : Python executable location: c:\python34\python.exe
2019-05-27 11:39:32,916 : INFO : Machine : Python version: 3.4.4 (64-bit)
2019-05-27 11:39:34,901 : INFO : Machine : Machine config file #1: config.yaml
2019-05-27 11:39:34,978 : WARNING : ConfigProcessor : Config file in cache changed: D:\POKEMON\config\config.yaml
2019-05-27 11:39:34,978 : INFO : ConfigProcessor : Loading config from file c:\python34\lib\site-packages\mpf\mpfconfig.yaml.
2019-05-27 11:39:35,496 : INFO : ConfigProcessor : Loading config: c:\python34\lib\site-packages\mpf\mpfconfig.yaml
2019-05-27 11:39:35,496 : INFO : ConfigProcessor : Loading config from file D:\POKEMON\config\config.yaml.
2019-05-27 11:39:35,712 : INFO : ConfigProcessor : Loading config: D:\POKEMON\config\config.yaml
2019-05-27 11:39:35,712 : INFO : ConfigProcessor : Config file cache created: C:\Users\MISSIO~1\AppData\Local\Temp\d99dba3f33c3bdd270e8cf6c1a53f44e.mpf_cache
2019-05-27 11:39:35,796 : INFO : Machine : Initialise MPF.
2019-05-27 11:39:37,617 : INFO : FAST : Connecting to com4 at 921600bps
2019-05-27 11:39:37,686 : INFO : FAST : Connected! Processor: NET, Board Type: FP-CPU-002-2, Firmware: 01.01
2019-05-27 11:39:37,686 : WARNING : FAST : Not resetting FAST NET because firmware is currently broken.
2019-05-27 11:39:37,787 : INFO : FAST : Connecting to com5 at 921600bps
2019-05-27 11:39:37,818 : INFO : FAST : Connected! Processor: RGB, Board Type: FP-CPU-002-2, Firmware: 01.00
2019-05-27 11:39:39,090 : INFO : ConfigProcessor : Loading config from cache: C:\Users\MISSIO~1\AppData\Local\Temp\10f8871b1481fbf59bf30d5b3d29537e.mpf_cache
2019-05-27 11:39:39,291 : INFO : ConfigProcessor : Loading config from cache: C:\Users\MISSIO~1\AppData\Local\Temp\c8c985d122de6339937b15f5cde5ffe7.mpf_cache
2019-05-27 11:39:39,387 : INFO : ConfigProcessor : Loading config from cache: C:\Users\MISSIO~1\AppData\Local\Temp\01c5ea7020f20fc8cd2609416c749c9a.mpf_cache
2019-05-27 11:39:39,427 : DEBUG : coil.c_trough : Configuring device with settings: '{'default_recycle': False, 'disable_events': {}, 'platform_settings': {}, 'max_hold_power': None, 'debug': True, 'default_pulse_ms': 7, 'platform': None, 'max_pulse_ms': None, 'default_pulse_power': None, 'enable_events': {}, 'number': '1-1', 'console_log': 'full', 'label': '%', 'psu': <psu.default>, 'allow_enable': False, 'pulse_events': {}, 'max_pulse_power': 1.0, 'default_hold_power': None, 'tags': [], 'file_log': 'full'}'
2019-05-27 11:39:39,427 : DEBUG : coil.c_trough : Configuring device with settings: '{'default_recycle': False, 'disable_events': {}, 'platform_settings': {'connection': 'auto', 'recycle_ms': None}, 'max_hold_power': None, 'debug': True, 'default_pulse_ms': 7, 'platform': None, 'max_pulse_ms': None, 'default_pulse_power': None, 'enable_events': {}, 'number': '1-1', 'console_log': 'full', 'label': '%', 'psu': <psu.default>, 'allow_enable': False, 'pulse_events': {}, 'max_pulse_power': 1.0, 'default_hold_power': None, 'tags': [], 'file_log': 'full'}'
2019-05-27 11:39:39,478 : DEBUG : ball_device.bd_trough : Configuring device with settings: '{'idle_missing_ball_timeout': 5.0, 'eject_coil_reorder_pulse': None, 'retries_before_increasing_pulse': 4, 'debug': True, 'eject_all_events': {}, 'entrance_count_delay': 500, 'ball_search_order': 200, 'eject_timeouts': [], 'eject_coil_max_wait_ms': 200, 'confirm_eject_event': None, 'entrance_switch': None, 'exit_count_delay': 500, 'hold_coil_release_time': 1000, 'eject_coil': <coil.c_trough>, 'max_eject_attempts': 0, 'eject_coil_enable_time': [], 'hold_coil': None, 'ball_missing_target': <playfield.playfield>, 'eject_coil_retry_pulse': None, 'player_controlled_eject_event': None, 'confirm_eject_type': 'target', 'tags': ['home', 'trough'], 'file_log': 'full', 'hold_events': {}, 'ball_switches': [<switch.s_trough>], 'auto_fire_on_unexpected_ball': True, 'jam_switch': None, 'entrance_events': {}, 'eject_coil_jam_pulse': None, 'mechanical_eject': False, 'confirm_eject_switch': None, 'ball_capacity': None, 'eject_events': {}, 'request_ball_events': [], 'eject_targets': [<ball_device.bd_plunger>], 'console_log': 'full', 'label': '%', 'captures_from': <playfield.playfield>, 'hold_switches': [], 'entrance_switch_full_timeout': 0, 'ball_missing_timeouts': [], 'entrance_event_timeout': 5.0, 'target_on_unexpected_ball': None}'
2019-05-27 11:39:39,569 : INFO : SwitchController : Found active switch: s_drop_left
2019-05-27 11:39:39,569 : INFO : SwitchController : Found active switch: s_trough
2019-05-27 11:39:39,711 : INFO : BCPClientSocket.local_display : Connecting BCP to 'local_display' at localhost:5050...
2019-05-27 11:39:40,729 : WARNING : FAST : Port com4 was blocked for more than 1s. Reseting send queue! If this happens frequently report a bug!
2019-05-27 11:39:41,732 : WARNING : FAST : Port com4 was blocked for more than 1s. Reseting send queue! If this happens frequently report a bug!
2019-05-27 11:39:42,720 : WARNING : FAST : Port com4 was blocked for more than 1s. Reseting send queue! If this happens frequently report a bug!
2019-05-27 11:39:47,314 : WARNING : FAST : Port com4 was blocked for more than 1s. Reseting send queue! If this happens frequently report a bug!
2019-05-27 11:39:52,814 : WARNING : FAST : Port com4 was blocked for more than 1s. Reseting send queue! If this happens frequently report a bug!
2019-05-27 11:39:56,063 : INFO : BCPClientSocket.local_display : Connected BCP to 'local_display' localhost:5050
2019-05-27 11:39:56,119 : DEBUG : ball_device.bd_trough : Counted 1 balls. Active switches: ['s_trough']. Old: None
2019-05-27 11:39:56,123 : DEBUG : ball_device.bd_trough : State: idle
2019-05-27 11:39:56,124 : DEBUG : ball_device.bd_trough : Waiting for eject request.
2019-05-27 11:39:56,307 : DEBUG : ball_device.bd_trough : Counted 1 balls. Active switches: ['s_trough']. Old: 1
2019-05-27 11:39:56,333 : WARNING : FAST : Port NET received more messages than were sent! Resetting!
2019-05-27 11:39:56,333 : WARNING : FAST : Port NET received more messages than were sent! Resetting!
2019-05-27 11:39:56,334 : WARNING : FAST : Port NET received more messages than were sent! Resetting!
2019-05-27 11:39:56,334 : WARNING : FAST : Port NET received more messages than were sent! Resetting!
2019-05-27 11:39:56,334 : WARNING : FAST : Port NET received more messages than were sent! Resetting!
2019-05-27 11:39:56,335 : WARNING : FAST : Port NET received more messages than were sent! Resetting!
2019-05-27 11:39:56,335 : WARNING : FAST : Port NET received more messages than were sent! Resetting!
2019-05-27 11:39:56,335 : WARNING : FAST : Port NET received more messages than were sent! Resetting!
2019-05-27 11:39:56,336 : WARNING : FAST : Port NET received more messages than were sent! Resetting!
2019-05-27 11:39:56,336 : WARNING : FAST : Port NET received more messages than were sent! Resetting!
2019-05-27 11:39:56,337 : WARNING : FAST : Port NET received more messages than were sent! Resetting!
2019-05-27 11:39:56,337 : WARNING : FAST : Port NET received more messages than were sent! Resetting!
2019-05-27 11:39:56,337 : WARNING : FAST : Port NET received more messages than were sent! Resetting!
2019-05-27 11:39:56,338 : WARNING : FAST : Port NET received more messages than were sent! Resetting!
2019-05-27 11:39:56,338 : WARNING : FAST : Port NET received more messages than were sent! Resetting!
2019-05-27 11:39:56,340 : WARNING : FAST : Port NET received more messages than were sent! Resetting!
2019-05-27 11:39:56,340 : WARNING : FAST : Port NET received more messages than were sent! Resetting!
2019-05-27 11:39:56,341 : WARNING : FAST : Port NET received more messages than were sent! Resetting!
2019-05-27 11:39:56,341 : WARNING : FAST : Port NET received more messages than were sent! Resetting!
2019-05-27 11:39:56,341 : WARNING : FAST : Port NET received more messages than were sent! Resetting!
2019-05-27 11:39:56,342 : WARNING : FAST : Port NET received more messages than were sent! Resetting!
2019-05-27 11:39:56,342 : WARNING : FAST : Port NET received more messages than were sent! Resetting!
2019-05-27 11:39:56,342 : WARNING : FAST : Port NET received more messages than were sent! Resetting!
2019-05-27 11:39:56,343 : WARNING : FAST : Port NET received more messages than were sent! Resetting!
2019-05-27 11:39:56,343 : WARNING : FAST : Port NET received more messages than were sent! Resetting!
2019-05-27 11:39:56,343 : WARNING : FAST : Port NET received more messages than were sent! Resetting!
2019-05-27 11:39:56,344 : WARNING : FAST : Port NET received more messages than were sent! Resetting!
2019-05-27 11:39:56,344 : WARNING : FAST : Port NET received more messages than were sent! Resetting!
2019-05-27 11:39:56,345 : WARNING : FAST : Port NET received more messages than were sent! Resetting!
2019-05-27 11:39:56,345 : WARNING : FAST : Port NET received more messages than were sent! Resetting!
2019-05-27 11:39:56,345 : WARNING : FAST : Port NET received more messages than were sent! Resetting!
2019-05-27 11:39:56,347 : WARNING : FAST : Port NET received more messages than were sent! Resetting!
2019-05-27 11:39:56,347 : WARNING : FAST : Port NET received more messages than were sent! Resetting!
2019-05-27 11:39:56,347 : WARNING : FAST : Port NET received more messages than were sent! Resetting!
2019-05-27 11:39:56,348 : WARNING : FAST : Port NET received more messages than were sent! Resetting!
2019-05-27 11:39:56,348 : WARNING : FAST : Port NET received more messages than were sent! Resetting!
2019-05-27 11:39:56,348 : WARNING : FAST : Port NET received more messages than were sent! Resetting!
2019-05-27 11:39:56,349 : WARNING : FAST : Port NET received more messages than were sent! Resetting!
2019-05-27 11:39:56,349 : WARNING : FAST : Port NET received more messages than were sent! Resetting!
2019-05-27 11:39:56,349 : WARNING : FAST : Port NET received more messages than were sent! Resetting!
2019-05-27 11:39:56,350 : WARNING : FAST : Port NET received more messages than were sent! Resetting!
2019-05-27 11:39:56,350 : WARNING : FAST : Port NET received more messages than were sent! Resetting!
2019-05-27 11:39:56,350 : WARNING : FAST : Port NET received more messages than were sent! Resetting!
2019-05-27 11:39:56,350 : WARNING : FAST : Port NET received more messages than were sent! Resetting!
2019-05-27 11:39:56,351 : WARNING : FAST : Port NET received more messages than were sent! Resetting!
2019-05-27 11:39:56,351 : WARNING : FAST : Port NET received more messages than were sent! Resetting!
2019-05-27 11:39:56,351 : WARNING : FAST : Port NET received more messages than were sent! Resetting!
2019-05-27 11:39:56,353 : WARNING : FAST : Port NET received more messages than were sent! Resetting!
2019-05-27 11:39:56,353 : WARNING : FAST : Port NET received more messages than were sent! Resetting!
2019-05-27 11:39:56,354 : WARNING : FAST : Port NET received more messages than were sent! Resetting!
2019-05-27 11:39:56,354 : WARNING : FAST : Port NET received more messages than were sent! Resetting!
2019-05-27 11:39:56,355 : WARNING : FAST : Port NET received more messages than were sent! Resetting!
2019-05-27 11:39:56,355 : WARNING : FAST : Port NET received more messages than were sent! Resetting!
2019-05-27 11:39:56,356 : WARNING : FAST : Port NET received more messages than were sent! Resetting!
2019-05-27 11:39:56,363 : WARNING : FAST : Port NET received more messages than were sent! Resetting!
2019-05-27 11:39:56,403 : INFO : coil.c_drop_reset : Pulsing Driver for 200ms (1.0 pulse_power)
2019-05-27 11:39:56,410 : INFO : Mode.attract : Started. Priority: 10
2019-05-27 11:39:56,417 : INFO : Machine : Starting the main run loop.
2019-05-27 11:39:56,457 : INFO : SwitchController : <<<<<<< 's_drop_left' inactive >>>>>>>
2019-05-27 11:39:56,793 : INFO : SwitchController : <<<<<<< 's_drop_center' active >>>>>>>
2019-05-27 11:39:58,793 : INFO : SwitchController : <<<<<<< 's_flipper_left' active >>>>>>>
2019-05-27 11:39:58,813 : INFO : SwitchController : <<<<<<< 's_flipper_right' active >>>>>>>
2019-05-27 11:39:58,889 : INFO : SwitchController : <<<<<<< 's_flipper_right' inactive >>>>>>>
2019-05-27 11:39:58,936 : INFO : SwitchController : <<<<<<< 's_flipper_left' inactive >>>>>>>
2019-05-27 11:39:58,969 : INFO : SwitchController : <<<<<<< 's_flipper_right' active >>>>>>>
2019-05-27 11:39:58,988 : INFO : SwitchController : <<<<<<< 's_flipper_left' active >>>>>>>
2019-05-27 11:39:59,049 : INFO : SwitchController : <<<<<<< 's_flipper_right' inactive >>>>>>>
2019-05-27 11:39:59,081 : INFO : SwitchController : <<<<<<< 's_flipper_left' inactive >>>>>>>
2019-05-27 11:40:00,233 : INFO : SwitchController : <<<<<<< 's_start' active >>>>>>>
2019-05-27 11:40:00,313 : INFO : SwitchController : <<<<<<< 's_start' inactive >>>>>>>
2019-05-27 11:40:00,356 : INFO : Mode.attract : Stopped.
2019-05-27 11:40:00,358 : INFO : Mode.game : Started. Priority: 20
2019-05-27 11:40:00,370 : INFO : Mode.game : Player added successfully. Total players: 1
2019-05-27 11:40:00,416 : INFO : coil.c_drop_reset : Pulsing Driver for 200ms (1.0 pulse_power)
2019-05-27 11:40:00,419 : INFO : Mode.pichu : Started. Priority: 100
2019-05-27 11:40:00,464 : DEBUG : ball_device.bd_trough : Adding eject chain
2019-05-27 11:40:00,470 : DEBUG : ball_device.bd_trough : Got eject request
2019-05-27 11:40:00,474 : DEBUG : ball_device.bd_trough : BCH: Counting. New count: 1 Old count: 1
2019-05-27 11:40:00,478 : DEBUG : ball_device.bd_trough : State: waiting_for_target_ready
2019-05-27 11:40:00,484 : DEBUG : ball_device.bd_trough : State: ejecting
2019-05-27 11:40:00,484 : INFO : ball_device.bd_trough : Ejecting ball to <ball_device.bd_plunger>
2019-05-27 11:40:00,489 : DEBUG : ball_device.bd_trough : Entered eject mode.
2019-05-27 11:40:00,493 : DEBUG : ball_device.bd_trough : Wait for ball to leave device
2019-05-27 11:40:00,494 : DEBUG : coil.c_trough : Delaying pulse by 131.9999999832362ms pulse_ms: 7ms (1.0 pulse_power)
2019-05-27 11:40:00,495 : DEBUG : ball_device.bd_trough : Firing eject coil. Current balls: 1.
2019-05-27 11:40:00,504 : INFO : SwitchController : <<<<<<< 's_drop_center' inactive >>>>>>>
2019-05-27 11:40:00,609 : INFO : coil.c_trough : Pulsing Driver for 7ms (1.0 pulse_power)
2019-05-27 11:40:00,649 : INFO : SwitchController : <<<<<<< 's_trough' inactive >>>>>>>
2019-05-27 11:40:00,690 : DEBUG : ball_device.bd_trough : Got ball left during eject
2019-05-27 11:40:00,691 : DEBUG : ball_device.bd_trough : Switch 's_trough' changed too recently. Aborting count!
2019-05-27 11:40:00,693 : DEBUG : ball_device.bd_trough : State: ball_left
2019-05-27 11:40:00,694 : DEBUG : ball_device.bd_trough : Ball left
2019-05-27 11:40:00,694 : DEBUG : ball_device.bd_trough : Wait for confirm with timeout 10.0
2019-05-27 11:40:00,826 : INFO : SwitchController : <<<<<<< 's_drop_left' active >>>>>>>
2019-05-27 11:40:01,142 : DEBUG : ball_device.bd_trough : Counted 0 balls. Active switches: []. Old: 0
2019-05-27 11:40:02,761 : INFO : SwitchController : <<<<<<< 's_flipper_left' active >>>>>>>
2019-05-27 11:40:02,856 : INFO : SwitchController : <<<<<<< 's_flipper_left' inactive >>>>>>>
2019-05-27 11:40:02,969 : INFO : SwitchController : <<<<<<< 's_flipper_left' active >>>>>>>
2019-05-27 11:40:03,033 : INFO : SwitchController : <<<<<<< 's_flipper_left' inactive >>>>>>>
2019-05-27 11:40:07,049 : INFO : SwitchController : <<<<<<< 's_pop_bottom' active >>>>>>>
2019-05-27 11:40:07,073 : INFO : SwitchController : <<<<<<< 's_pop_bottom' inactive >>>>>>>
2019-05-27 11:40:07,093 : INFO : SwitchController : <<<<<<< 's_pop_bottom' active >>>>>>>
2019-05-27 11:40:07,113 : INFO : SwitchController : <<<<<<< 's_pop_bottom' inactive >>>>>>>
2019-05-27 11:40:07,138 : INFO : SwitchController : <<<<<<< 's_pop_top' active >>>>>>>
2019-05-27 11:40:07,162 : INFO : SwitchController : <<<<<<< 's_pop_top' inactive >>>>>>>
2019-05-27 11:40:10,688 : DEBUG : ball_device.bd_trough : State: failed_confirm
2019-05-27 11:40:10,689 : DEBUG : ball_device.bd_trough : Got timeout (10.0s) before confirm from <ball_device.bd_plunger>
2019-05-27 11:40:11,097 : INFO : SwitchController : <<<<<<< 's_flipper_right' active >>>>>>>
2019-05-27 11:40:11,352 : INFO : SwitchController : <<<<<<< 's_pop_top' active >>>>>>>
2019-05-27 11:40:11,376 : INFO : SwitchController : <<<<<<< 's_pop_top' inactive >>>>>>>
2019-05-27 11:40:11,408 : INFO : SwitchController : <<<<<<< 's_pop_top' active >>>>>>>
2019-05-27 11:40:11,428 : INFO : SwitchController : <<<<<<< 's_pop_top' inactive >>>>>>>
2019-05-27 11:40:11,478 : DEBUG : ball_device.bd_trough : Eject successful
2019-05-27 11:40:11,481 : DEBUG : ball_device.bd_trough : Exited eject mode. Eject success: True
2019-05-27 11:40:11,483 : DEBUG : ball_device.bd_trough : State: idle
2019-05-27 11:40:11,483 : DEBUG : ball_device.bd_trough : Waiting for eject request.
2019-05-27 11:40:11,485 : DEBUG : ball_device.bd_trough : BCH: Counting. New count: 0 Old count: 0
2019-05-27 11:40:11,489 : DEBUG : ball_device.bd_trough : BCH: Counting. New count: 0 Old count: 0
2019-05-27 11:40:11,560 : INFO : SwitchController : <<<<<<< 's_flipper_right' inactive >>>>>>>
2019-05-27 11:40:14,040 : INFO : SwitchController : <<<<<<< 's_spinner' active >>>>>>>
2019-05-27 11:40:14,104 : INFO : SwitchController : <<<<<<< 's_spinner' inactive >>>>>>>
2019-05-27 11:40:14,281 : INFO : SwitchController : <<<<<<< 's_spinner' active >>>>>>>
2019-05-27 11:40:14,712 : INFO : SwitchController : <<<<<<< 's_flipper_right' active >>>>>>>
2019-05-27 11:40:14,921 : INFO : SwitchController : <<<<<<< 's_pop_bottom' active >>>>>>>
2019-05-27 11:40:14,946 : INFO : SwitchController : <<<<<<< 's_pop_bottom' inactive >>>>>>>
2019-05-27 11:40:14,966 : INFO : SwitchController : <<<<<<< 's_spinner' inactive >>>>>>>
2019-05-27 11:40:15,336 : INFO : SwitchController : <<<<<<< 's_flipper_right' inactive >>>>>>>
2019-05-27 11:40:17,016 : INFO : SwitchController : <<<<<<< 's_saucer' active >>>>>>>
2019-05-27 11:40:17,521 : DEBUG : ball_device.bd_trough : Counted 0 balls. Active switches: []. Old: 0
2019-05-27 11:40:17,532 : INFO : ball_device.bd_saucer : Ejecting ball to <playfield.playfield>
2019-05-27 11:40:17,538 : INFO : coil.c_saucer : Pulsing Driver for 60ms (1.0 pulse_power)
2019-05-27 11:40:17,576 : INFO : SwitchController : <<<<<<< 's_saucer' inactive >>>>>>>
2019-05-27 11:40:19,112 : INFO : SwitchController : <<<<<<< 's_pop_right' active >>>>>>>
2019-05-27 11:40:19,160 : INFO : SwitchController : <<<<<<< 's_pop_right' inactive >>>>>>>
2019-05-27 11:40:22,936 : INFO : SwitchController : <<<<<<< 's_flipper_left' active >>>>>>>
2019-05-27 11:40:23,367 : INFO : SwitchController : <<<<<<< 's_flipper_left' inactive >>>>>>>
2019-05-27 11:40:23,399 : INFO : SwitchController : <<<<<<< 's_flipper_right' active >>>>>>>
2019-05-27 11:40:23,463 : INFO : SwitchController : <<<<<<< 's_flipper_right' inactive >>>>>>>
2019-05-27 11:40:23,816 : INFO : SwitchController : <<<<<<< 's_flipper_right' active >>>>>>>
2019-05-27 11:40:23,944 : INFO : SwitchController : <<<<<<< 's_flipper_right' inactive >>>>>>>
2019-05-27 11:40:28,343 : INFO : SwitchController : <<<<<<< 's_spinner' active >>>>>>>
2019-05-27 11:40:28,504 : INFO : SwitchController : <<<<<<< 's_spinner' inactive >>>>>>>
2019-05-27 11:40:28,999 : INFO : SwitchController : <<<<<<< 's_flipper_right' active >>>>>>>
2019-05-27 11:40:29,272 : INFO : SwitchController : <<<<<<< 's_gym' active >>>>>>>
2019-05-27 11:40:29,296 : INFO : SwitchController : <<<<<<< 's_gym' inactive >>>>>>>
2019-05-27 11:40:29,495 : INFO : SwitchController : <<<<<<< 's_flipper_right' inactive >>>>>>>
2019-05-27 11:40:31,495 : INFO : SwitchController : <<<<<<< 's_flipper_right' active >>>>>>>
2019-05-27 11:40:31,576 : INFO : SwitchController : <<<<<<< 's_flipper_left' active >>>>>>>
2019-05-27 11:40:31,608 : INFO : SwitchController : <<<<<<< 's_flipper_right' inactive >>>>>>>
2019-05-27 11:40:31,704 : INFO : SwitchController : <<<<<<< 's_flipper_left' inactive >>>>>>>
2019-05-27 11:40:32,392 : INFO : SwitchController : <<<<<<< 's_sling_left' active >>>>>>>
2019-05-27 11:40:32,417 : INFO : SwitchController : <<<<<<< 's_sling_left' inactive >>>>>>>
2019-05-27 11:40:32,568 : INFO : SwitchController : <<<<<<< 's_sling_right' active >>>>>>>
2019-05-27 11:40:32,594 : INFO : SwitchController : <<<<<<< 's_sling_right' inactive >>>>>>>
2019-05-27 11:40:37,239 : INFO : SwitchController : <<<<<<< 's_drain' active >>>>>>>
2019-05-27 11:40:37,264 : INFO : SwitchController : <<<<<<< 's_drain' inactive >>>>>>>
2019-05-27 11:40:37,367 : INFO : SwitchController : <<<<<<< 's_drain' active >>>>>>>
2019-05-27 11:40:37,870 : DEBUG : ball_device.bd_trough : Counted 0 balls. Active switches: []. Old: 0
2019-05-27 11:40:37,904 : INFO : Mode.pichu : Stopped.
2019-05-27 11:40:37,918 : DEBUG : ball_device.bd_trough : Ready to receive from <ball_device.bd_drain>. Free space 1 (Capacity: 1, Balls: 0), incoming_balls: 0
2019-05-27 11:40:37,918 : INFO : ball_device.bd_drain : Ejecting ball to <ball_device.bd_trough>
2019-05-27 11:40:37,925 : INFO : coil.c_drain : Pulsing Driver for 20ms (1.0 pulse_power)
2019-05-27 11:40:37,955 : INFO : Mode.pichu : Started. Priority: 100
2019-05-27 11:40:37,959 : INFO : coil.c_drop_reset : Pulsing Driver for 200ms (1.0 pulse_power)
2019-05-27 11:40:37,969 : DEBUG : ball_device.bd_trough : Adding eject chain
2019-05-27 11:40:37,973 : DEBUG : ball_device.bd_trough : Got eject request
2019-05-27 11:40:37,978 : DEBUG : ball_device.bd_trough : BCH: Counting. New count: 0 Old count: 0
2019-05-27 11:40:37,981 : DEBUG : ball_device.bd_trough : State: waiting_for_ball
2019-05-27 11:40:37,983 : DEBUG : ball_device.bd_trough : No ball found. Waiting for balls.
2019-05-27 11:40:38,007 : INFO : SwitchController : <<<<<<< 's_drain' inactive >>>>>>>
2019-05-27 11:40:38,029 : INFO : SwitchController : <<<<<<< 's_drop_left' inactive >>>>>>>
2019-05-27 11:40:38,050 : DEBUG : ball_device.bd_trough : Adding incoming ball from <ball_device.bd_drain>
2019-05-27 11:40:38,275 : INFO : SwitchController : <<<<<<< 's_trough' active >>>>>>>
2019-05-27 11:40:38,316 : INFO : SwitchController : <<<<<<< 's_trough' inactive >>>>>>>
2019-05-27 11:40:38,503 : INFO : SwitchController : <<<<<<< 's_trough' active >>>>>>>
2019-05-27 11:40:39,000 : DEBUG : ball_device.bd_trough : Counted 1 balls. Active switches: ['s_trough']. Old: 0
2019-05-27 11:40:39,003 : DEBUG : ball_device.bd_trough : BCH: Found 1 new balls
2019-05-27 11:40:39,004 : DEBUG : ball_device.bd_trough : Received ball from <ball_device.bd_drain>
2019-05-27 11:40:39,004 : DEBUG : ball_device.bd_trough : Removing incoming ball from <ball_device.bd_drain>
2019-05-27 11:40:39,005 : DEBUG : ball_device.bd_trough : Processing new ball
2019-05-27 11:40:39,007 : DEBUG : ball_device.bd_trough : BCH: Counting. New count: 1 Old count: 1
2019-05-27 11:40:39,010 : DEBUG : ball_device.bd_trough : A ball arrived. Progressing.
2019-05-27 11:40:39,013 : DEBUG : ball_device.bd_trough : State: waiting_for_target_ready
2019-05-27 11:40:39,017 : DEBUG : ball_device.bd_trough : State: ejecting
2019-05-27 11:40:39,018 : INFO : ball_device.bd_trough : Ejecting ball to <ball_device.bd_plunger>
2019-05-27 11:40:39,020 : DEBUG : ball_device.bd_trough : Entered eject mode.
2019-05-27 11:40:39,024 : DEBUG : ball_device.bd_trough : Wait for ball to leave device
2019-05-27 11:40:39,024 : INFO : coil.c_trough : Pulsing Driver for 7ms (1.0 pulse_power)
2019-05-27 11:40:39,025 : DEBUG : ball_device.bd_trough : Firing eject coil. Current balls: 1.
2019-05-27 11:40:39,063 : INFO : SwitchController : <<<<<<< 's_trough' inactive >>>>>>>
2019-05-27 11:40:39,096 : DEBUG : ball_device.bd_trough : Got ball left during eject
2019-05-27 11:40:39,096 : DEBUG : ball_device.bd_trough : Switch 's_trough' changed too recently. Aborting count!
2019-05-27 11:40:39,108 : DEBUG : ball_device.bd_trough : State: ball_left
2019-05-27 11:40:39,108 : DEBUG : ball_device.bd_trough : Ball left
2019-05-27 11:40:39,109 : DEBUG : ball_device.bd_trough : Wait for confirm with timeout 10.0
2019-05-27 11:40:39,564 : DEBUG : ball_device.bd_trough : Counted 0 balls. Active switches: []. Old: 0
2019-05-27 11:40:39,639 : INFO : SwitchController : <<<<<<< 's_trough' active >>>>>>>
2019-05-27 11:40:39,663 : INFO : SwitchController : <<<<<<< 's_trough' inactive >>>>>>>
2019-05-27 11:40:39,799 : INFO : SwitchController : <<<<<<< 's_trough' active >>>>>>>
2019-05-27 11:40:40,297 : DEBUG : ball_device.bd_trough : Counted 1 balls. Active switches: ['s_trough']. Old: 0
2019-05-27 11:40:40,299 : DEBUG : ball_device.bd_trough : Got 1 unknown ball during eject
2019-05-27 11:40:46,442 : INFO : Machine : Shutting down...
2019-05-27 11:40:46,467 : DEBUG : ball_device.bd_trough : Stopping ball device
2019-05-27 11:40:46,493 : ERROR : FAST : Stop called on serial connection com5
2019-05-27 11:40:46,493 : ERROR : FAST : Stop called on serial connection com4
2019-05-27 11:40:46,726 : INFO : root : MPF run loop ended.
