2019-09-23 23:12:59,618 : kivy : Factory: 194 symbols loaded
2019-09-23 23:13:00,766 : kivy : Image: Providers: img_tex, img_dds, img_sdl2, img_pil, img_gif (img_ffpyplayer ignored)
2019-09-23 23:13:01,829 : kivy : VideoGstplayer: Using Gstreamer 1.10.2.0
2019-09-23 23:13:01,844 : kivy : Video: Provider: gstplayer
2019-09-23 23:13:02,567 : kivy : Loading MPF-MC controller
2019-09-23 23:13:02,567 : mpfmc : Mission Pinball Framework Media Controller v0.50.8
2019-09-23 23:13:02,567 : mpfmc : Mission Pinball Framework Game Engine v0.50.17
2019-09-23 23:13:02,567 : mpfmc : Machine path: D:\POKEMON
2019-09-23 23:13:02,567 : ConfigProcessor : Config file in cache changed: D:\POKEMON\config\config
2019-09-23 23:13:04,098 : ConfigProcessor : Loading config from file c:\python34\lib\site-packages\mpfmc\mcconfig.yaml.
2019-09-23 23:13:04,286 : ConfigProcessor : Loading config: c:\python34\lib\site-packages\mpfmc\mcconfig.yaml
2019-09-23 23:13:04,301 : ConfigProcessor : Loading config from file D:\POKEMON\config\config.
2019-09-23 23:13:04,457 : ConfigProcessor : Loading config: D:\POKEMON\config\config
2019-09-23 23:13:04,457 : ConfigProcessor : Config file cache created: C:\Users\MISSIO~1\AppData\Local\Temp\42582fcba572e096272241837be67618.mpf_cache
2019-09-23 23:13:04,489 : mpfmc : Starting clock at 60.0Hz
2019-09-23 23:13:04,811 : kivy : Text: Provider: sdl2
2019-09-23 23:13:06,732 : kivy : OSC: using <thread> for socket
2019-09-23 23:13:06,768 : kivy : Window: Provider: sdl2
2019-09-23 23:13:07,510 : kivy : GL: Using the "OpenGL" graphics system
2019-09-23 23:13:07,520 : kivy : GL: GLEW initialization succeeded
2019-09-23 23:13:07,522 : kivy : GL: Backend used <glew>
2019-09-23 23:13:07,523 : kivy : GL: OpenGL version <b'4.4.0 - Build 20.19.15.4835'>
2019-09-23 23:13:07,524 : kivy : GL: OpenGL vendor <b'Intel'>
2019-09-23 23:13:07,524 : kivy : GL: OpenGL renderer <b'Intel(R) HD Graphics'>
2019-09-23 23:13:07,525 : kivy : GL: OpenGL parsed version: 4, 4
2019-09-23 23:13:07,525 : kivy : GL: Shading version <b'4.40 - Build 20.19.15.4835'>
2019-09-23 23:13:07,527 : kivy : GL: Texture max size <16384>
2019-09-23 23:13:07,528 : kivy : GL: Texture max units <32>
2019-09-23 23:13:07,597 : kivy : Shader: fragment shader: <b"WARNING: 0:7: '' :  #version directive missing">
2019-09-23 23:13:07,807 : kivy : Shader: vertex shader: <b"WARNING: 0:7: '' :  #version directive missing">
2019-09-23 23:13:07,899 : kivy : Window: auto add sdl2 input provider
2019-09-23 23:13:07,902 : kivy : Window: virtual keyboard not allowed, single mode, not docked
2019-09-23 23:13:07,967 : SoundSystem : SoundSystem: Using default 'sound_system' settings
2019-09-23 23:13:15,035 : AudioInterface : Initialized
2019-09-23 23:13:15,038 : SoundSystem : No audio tracks are specified in your machine config file. a track named 'default' has been created.
2019-09-23 23:13:15,050 : kivy : Base: Start application main loop
2019-09-23 23:13:15,134 : mpfmc : Display: Setting 'window' as default display
2019-09-23 23:13:15,322 : ConfigProcessor : Loading config from cache: C:\Users\MISSIO~1\AppData\Local\Temp\10f8871b1481fbf59bf30d5b3d29537e.mpf_cache
2019-09-23 23:13:15,325 : ConfigProcessor : Loading config from cache: C:\Users\MISSIO~1\AppData\Local\Temp\01c5ea7020f20fc8cd2609416c749c9a.mpf_cache
2019-09-23 23:13:15,342 : ConfigProcessor : Loading config from cache: C:\Users\MISSIO~1\AppData\Local\Temp\3468305e031c5bbf036e7bdff3037650.mpf_cache
2019-09-23 23:13:15,357 : ConfigProcessor : Loading config from cache: C:\Users\MISSIO~1\AppData\Local\Temp\c8c985d122de6339937b15f5cde5ffe7.mpf_cache
2019-09-23 23:13:15,361 : ConfigProcessor : Loading config from cache: C:\Users\MISSIO~1\AppData\Local\Temp\d41d8cd98f00b204e9800998ecf8427e.mpf_cache
2019-09-23 23:13:15,366 : ConfigProcessor : Config file cache created: C:\Users\MISSIO~1\AppData\Local\Temp\d41d8cd98f00b204e9800998ecf8427e.mpf_cache
2019-09-23 23:13:15,377 : MPF-MC BCP Server : Starting up on localhost port 5050
2019-09-23 23:13:15,410 : MPF-MC BCP Server : Waiting for a connection...
2019-09-23 23:13:15,411 : mpfmc : SlidePlayer: Play called with settings={'slides': {'welcome_slide': {'target': None, 'action': 'play', 'slide': None, 'transition_out': None, 'background_color': [0.0, 0.0, 0.0, 1.0], 'transition': None, 'priority': None, 'show': True, 'force': False, 'expire': None}}}
2019-09-23 23:13:15,700 : kivy : GL: NPOT texture support is available
2019-09-23 23:41:33,306 : kivy : Base: Leaving application in progress...
2019-09-23 23:41:33,614 : mpfmc : Stopping...
2019-09-23 23:41:33,614 : mpfmc : Loop rate 79.83 Hz
2019-09-23 23:41:33,614 : kivy : MC run loop ended.
2019-09-23 23:41:33,614 : kivy : Stopping child threads... (3 remaining)
2019-09-23 23:41:34,129 : MPF-MC BCP Server : Stopping BCP listener thread
2019-09-23 23:41:34,614 : MPF-MC BCP Server : Stopping BCP sending thread
2019-09-23 23:41:34,817 : kivy : All child threads stopped.
