2019-05-27 11:44:36,166 : kivy : Factory: 194 symbols loaded
2019-05-27 11:44:38,994 : kivy : Image: Providers: img_tex, img_dds, img_sdl2, img_pil, img_gif (img_ffpyplayer ignored)
2019-05-27 11:44:40,715 : kivy : VideoGstplayer: Using Gstreamer 1.10.2.0
2019-05-27 11:44:40,715 : kivy : Video: Provider: gstplayer
2019-05-27 11:44:41,986 : kivy : Loading MPF-MC controller
2019-05-27 11:44:42,049 : mpfmc : Mission Pinball Framework Media Controller v0.50.8
2019-05-27 11:44:42,049 : mpfmc : Mission Pinball Framework Game Engine v0.50.17
2019-05-27 11:44:42,065 : mpfmc : Machine path: D:\POKEMON
2019-05-27 11:44:42,080 : ConfigProcessor : Config file in cache changed: D:\POKEMON\config\config
2019-05-27 11:44:45,136 : ConfigProcessor : Loading config from file c:\python34\lib\site-packages\mpfmc\mcconfig.yaml.
2019-05-27 11:44:45,421 : ConfigProcessor : Loading config: c:\python34\lib\site-packages\mpfmc\mcconfig.yaml
2019-05-27 11:44:45,421 : ConfigProcessor : Loading config from file D:\POKEMON\config\config.
2019-05-27 11:44:45,659 : ConfigProcessor : Loading config: D:\POKEMON\config\config
2019-05-27 11:44:45,675 : ConfigProcessor : Config file cache created: C:\Users\MISSIO~1\AppData\Local\Temp\42582fcba572e096272241837be67618.mpf_cache
2019-05-27 11:44:45,706 : mpfmc : Starting clock at 60.0Hz
2019-05-27 11:44:46,292 : kivy : Text: Provider: sdl2
2019-05-27 11:44:50,245 : kivy : OSC: using <thread> for socket
2019-05-27 11:44:50,515 : kivy : Window: Provider: sdl2
2019-05-27 11:44:52,850 : kivy : GL: Using the "OpenGL" graphics system
2019-05-27 11:44:52,892 : kivy : GL: GLEW initialization succeeded
2019-05-27 11:44:52,898 : kivy : GL: Backend used <glew>
2019-05-27 11:44:52,904 : kivy : GL: OpenGL version <b'4.4.0 - Build 20.19.15.4835'>
2019-05-27 11:44:52,905 : kivy : GL: OpenGL vendor <b'Intel'>
2019-05-27 11:44:52,905 : kivy : GL: OpenGL renderer <b'Intel(R) HD Graphics'>
2019-05-27 11:44:52,907 : kivy : GL: OpenGL parsed version: 4, 4
2019-05-27 11:44:52,907 : kivy : GL: Shading version <b'4.40 - Build 20.19.15.4835'>
2019-05-27 11:44:52,908 : kivy : GL: Texture max size <16384>
2019-05-27 11:44:52,909 : kivy : GL: Texture max units <32>
2019-05-27 11:44:53,068 : kivy : Shader: fragment shader: <b"WARNING: 0:7: '' :  #version directive missing">
2019-05-27 11:44:53,075 : kivy : Shader: vertex shader: <b"WARNING: 0:7: '' :  #version directive missing">
2019-05-27 11:44:53,329 : kivy : Window: auto add sdl2 input provider
2019-05-27 11:44:53,345 : kivy : Window: virtual keyboard not allowed, single mode, not docked
2019-05-27 11:44:53,520 : SoundSystem : SoundSystem: Using default 'sound_system' settings
2019-05-27 11:45:06,845 : AudioInterface : Initialized
2019-05-27 11:45:06,853 : SoundSystem : No audio tracks are specified in your machine config file. a track named 'default' has been created.
2019-05-27 11:45:06,877 : kivy : Base: Start application main loop
2019-05-27 11:45:07,201 : mpfmc : Display: Setting 'window' as default display
2019-05-27 11:45:08,088 : ConfigProcessor : Loading config from cache: C:\Users\MISSIO~1\AppData\Local\Temp\01c5ea7020f20fc8cd2609416c749c9a.mpf_cache
2019-05-27 11:45:08,125 : ConfigProcessor : Loading config from cache: C:\Users\MISSIO~1\AppData\Local\Temp\10f8871b1481fbf59bf30d5b3d29537e.mpf_cache
2019-05-27 11:45:08,131 : ConfigProcessor : Loading config from cache: C:\Users\MISSIO~1\AppData\Local\Temp\c8c985d122de6339937b15f5cde5ffe7.mpf_cache
2019-05-27 11:45:08,144 : MPF-MC BCP Server : Starting up on localhost port 5050
2019-05-27 11:45:08,190 : MPF-MC BCP Server : Waiting for a connection...
2019-05-27 11:45:08,192 : mpfmc : SlidePlayer: Play called with settings={'slides': {'welcome_slide': {'target': None, 'priority': None, 'force': False, 'background_color': [0.0, 0.0, 0.0, 1.0], 'expire': None, 'action': 'play', 'transition': None, 'transition_out': None, 'slide': None, 'show': True}}}
2019-05-27 11:45:08,397 : MPF-MC BCP Server : Received connection from: 127.0.0.1:52662
2019-05-27 11:45:09,039 : kivy : GL: NPOT texture support is available
2019-05-27 11:45:09,117 : mpfmc : SlidePlayer: Play called with settings={'slides': {'welcome_slide': {'target': None, 'priority': None, 'force': False, 'background_color': [0.0, 0.0, 0.0, 1.0], 'expire': None, 'action': 'play', 'transition': None, 'transition_out': None, 'slide': None, 'show': True}}}
2019-05-27 11:45:09,165 : BcpProcessor : Received invalid BCP command: mode_list
2019-05-27 11:45:09,220 : mpfmc : SlidePlayer: Play called with settings={'slides': {'attract_started': {'target': None, 'priority': None, 'force': False, 'background_color': [0.0, 0.0, 0.0, 1.0], 'expire': None, 'action': 'play', 'transition': None, 'transition_out': None, 'slide': None, 'show': True}}}
2019-05-27 11:48:27,518 : mpfmc : SlidePlayer: Play called with settings={'slides': {'attract_started': {'target': None, 'priority': None, 'force': False, 'background_color': [0.0, 0.0, 0.0, 1.0], 'expire': None, 'action': 'play', 'transition': None, 'transition_out': None, 'slide': None, 'show': True}}}
2019-05-27 11:52:35,314 : mpfmc : SlidePlayer: Play called with settings={'slides': {'attract_started': {'target': None, 'priority': None, 'force': False, 'background_color': [0.0, 0.0, 0.0, 1.0], 'expire': None, 'action': 'play', 'transition': None, 'transition_out': None, 'slide': None, 'show': True}}}
2019-05-27 12:00:39,734 : kivy : Base: Leaving application in progress...
2019-05-27 12:00:39,743 : mpfmc : Stopping...
2019-05-27 12:00:39,753 : mpfmc : Loop rate 77.29 Hz
2019-05-27 12:00:39,753 : kivy : MC run loop ended.
2019-05-27 12:00:39,753 : kivy : Stopping child threads... (3 remaining)
2019-05-27 12:00:40,603 : mpfmc : Stopping...
2019-05-27 12:00:40,603 : mpfmc : Loop rate 77.22 Hz
2019-05-27 12:00:40,741 : MPF-MC BCP Server : Stopping BCP sending thread
2019-05-27 12:00:41,004 : kivy : All child threads stopped.
