2019-09-19 19:31:35,405 : kivy : Factory: 194 symbols loaded
2019-09-19 19:31:35,983 : kivy : Image: Providers: img_tex, img_dds, img_sdl2, img_pil, img_gif (img_ffpyplayer ignored)
2019-09-19 19:31:36,373 : kivy : VideoGstplayer: Using Gstreamer 1.10.2.0
2019-09-19 19:31:36,373 : kivy : Video: Provider: gstplayer
2019-09-19 19:31:36,686 : kivy : Loading MPF-MC controller
2019-09-19 19:31:36,779 : mpfmc : Mission Pinball Framework Media Controller v0.50.8
2019-09-19 19:31:36,795 : mpfmc : Mission Pinball Framework Game Engine v0.50.17
2019-09-19 19:31:36,795 : mpfmc : Machine path: D:\POKEMON
2019-09-19 19:31:36,795 : ConfigProcessor : Config file in cache changed: D:\POKEMON\config\config
2019-09-19 19:31:38,311 : ConfigProcessor : Loading config from file c:\python34\lib\site-packages\mpfmc\mcconfig.yaml.
2019-09-19 19:31:38,514 : ConfigProcessor : Loading config: c:\python34\lib\site-packages\mpfmc\mcconfig.yaml
2019-09-19 19:31:38,514 : ConfigProcessor : Loading config from file D:\POKEMON\config\config.
2019-09-19 19:31:38,670 : ConfigProcessor : Loading config: D:\POKEMON\config\config
2019-09-19 19:31:38,670 : ConfigProcessor : Config file cache created: C:\Users\MISSIO~1\AppData\Local\Temp\42582fcba572e096272241837be67618.mpf_cache
2019-09-19 19:31:38,701 : mpfmc : Starting clock at 60.0Hz
2019-09-19 19:31:38,826 : kivy : Text: Provider: sdl2
2019-09-19 19:31:40,420 : kivy : OSC: using <thread> for socket
2019-09-19 19:31:40,451 : kivy : Window: Provider: sdl2
2019-09-19 19:31:40,708 : kivy : GL: Using the "OpenGL" graphics system
2019-09-19 19:31:40,711 : kivy : GL: GLEW initialization succeeded
2019-09-19 19:31:40,712 : kivy : GL: Backend used <glew>
2019-09-19 19:31:40,712 : kivy : GL: OpenGL version <b'4.4.0 - Build 20.19.15.4835'>
2019-09-19 19:31:40,713 : kivy : GL: OpenGL vendor <b'Intel'>
2019-09-19 19:31:40,713 : kivy : GL: OpenGL renderer <b'Intel(R) HD Graphics'>
2019-09-19 19:31:40,713 : kivy : GL: OpenGL parsed version: 4, 4
2019-09-19 19:31:40,714 : kivy : GL: Shading version <b'4.40 - Build 20.19.15.4835'>
2019-09-19 19:31:40,714 : kivy : GL: Texture max size <16384>
2019-09-19 19:31:40,714 : kivy : GL: Texture max units <32>
2019-09-19 19:31:40,766 : kivy : Shader: fragment shader: <b"WARNING: 0:7: '' :  #version directive missing">
2019-09-19 19:31:40,769 : kivy : Shader: vertex shader: <b"WARNING: 0:7: '' :  #version directive missing">
2019-09-19 19:31:40,787 : kivy : Window: auto add sdl2 input provider
2019-09-19 19:31:40,788 : kivy : Window: virtual keyboard not allowed, single mode, not docked
2019-09-19 19:31:40,827 : SoundSystem : SoundSystem: Using default 'sound_system' settings
2019-09-19 19:31:42,827 : AudioInterface : Initialized
2019-09-19 19:31:42,828 : SoundSystem : No audio tracks are specified in your machine config file. a track named 'default' has been created.
2019-09-19 19:31:42,840 : kivy : Base: Start application main loop
2019-09-19 19:31:42,894 : mpfmc : Display: Setting 'window' as default display
2019-09-19 19:31:43,065 : ConfigProcessor : Loading config from cache: C:\Users\MISSIO~1\AppData\Local\Temp\01c5ea7020f20fc8cd2609416c749c9a.mpf_cache
2019-09-19 19:31:43,083 : ConfigProcessor : Loading config from cache: C:\Users\MISSIO~1\AppData\Local\Temp\10f8871b1481fbf59bf30d5b3d29537e.mpf_cache
2019-09-19 19:31:43,086 : ConfigProcessor : Loading config from cache: C:\Users\MISSIO~1\AppData\Local\Temp\c8c985d122de6339937b15f5cde5ffe7.mpf_cache
2019-09-19 19:31:43,089 : ConfigProcessor : Loading config from cache: C:\Users\MISSIO~1\AppData\Local\Temp\3468305e031c5bbf036e7bdff3037650.mpf_cache
2019-09-19 19:31:43,107 : MPF-MC BCP Server : Starting up on localhost port 5050
2019-09-19 19:31:43,133 : MPF-MC BCP Server : Waiting for a connection...
2019-09-19 19:31:43,134 : mpfmc : SlidePlayer: Play called with settings={'slides': {'welcome_slide': {'background_color': [0.0, 0.0, 0.0, 1.0], 'action': 'play', 'target': None, 'priority': None, 'slide': None, 'transition_out': None, 'show': True, 'transition': None, 'force': False, 'expire': None}}}
2019-09-19 19:31:43,321 : kivy : GL: NPOT texture support is available
2019-09-19 19:31:43,408 : MPF-MC BCP Server : Received connection from: 127.0.0.1:50174
2019-09-19 19:31:43,467 : BcpProcessor : Received invalid BCP command: mode_list
2019-09-19 19:31:43,589 : mpfmc : SlidePlayer: Play called with settings={'slides': {'welcome_slide': {'background_color': [0.0, 0.0, 0.0, 1.0], 'action': 'play', 'target': None, 'priority': None, 'slide': None, 'transition_out': None, 'show': True, 'transition': None, 'force': False, 'expire': None}}}
2019-09-19 19:31:43,640 : mpfmc : SlidePlayer: Play called with settings={'slides': {'attract_started': {'background_color': [0.0, 0.0, 0.0, 1.0], 'action': 'play', 'target': None, 'priority': None, 'slide': None, 'transition_out': None, 'show': True, 'transition': None, 'force': False, 'expire': None}}}
2019-09-19 19:32:12,591 : kivy : Base: Leaving application in progress...
2019-09-19 19:32:12,839 : mpfmc : Stopping...
2019-09-19 19:32:12,839 : mpfmc : Loop rate 77.03 Hz
2019-09-19 19:32:12,839 : kivy : MC run loop ended.
2019-09-19 19:32:12,839 : kivy : Stopping child threads... (3 remaining)
2019-09-19 19:32:12,945 : MPF-MC BCP Server : Stopping BCP sending thread
2019-09-19 19:32:12,945 : mpfmc : Stopping...
2019-09-19 19:32:12,945 : mpfmc : Loop rate 76.76 Hz
2019-09-19 19:32:13,054 : kivy : All child threads stopped.
