2019-05-29 21:07:33,618 : INFO : Machine : Mission Pinball Framework Core Engine v0.50.17
2019-05-29 21:07:33,618 : INFO : Machine : Command line arguments: {'syslog_address': None, 'mpfconfigfile': 'c:\\python34\\lib\\site-packages\\mpf\\mpfconfig.yaml', 'mc_file_name': None, 'consoleloglevel': 20, 'force_platform': None, 'bcp': True, 'configfile': ['config.yaml'], 'text_ui': True, 'no_load_cache': False, 'loglevel': 15, 'force_assets_load': False, 'pause': False, 'production': False, 'create_config_cache': True, 'logfile': 'logs\\2019-05-29-21-07-33-mpf-DESKTOP-I5I6D25.log'}
2019-05-29 21:07:33,618 : INFO : Machine : MPF path: c:\python34\lib\site-packages\mpf
2019-05-29 21:07:33,618 : INFO : Machine : Machine path: D:\POKEMON
2019-05-29 21:07:33,634 : INFO : Machine : Platform: win32
2019-05-29 21:07:33,634 : INFO : Machine : Python executable location: c:\python34\python.exe
2019-05-29 21:07:33,634 : INFO : Machine : Python version: 3.4.4 (64-bit)
2019-05-29 21:07:35,165 : INFO : Machine : Machine config file #1: config.yaml
2019-05-29 21:07:35,165 : INFO : ConfigProcessor : Loading config from cache: C:\Users\MISSIO~1\AppData\Local\Temp\d99dba3f33c3bdd270e8cf6c1a53f44e.mpf_cache
2019-05-29 21:07:35,181 : INFO : Machine : Initialise MPF.
2019-05-29 21:07:35,931 : INFO : FAST : Connecting to com4 at 921600bps
2019-05-29 21:07:35,978 : INFO : FAST : Connected! Processor: NET, Board Type: FP-CPU-002-2, Firmware: 01.01
2019-05-29 21:07:35,978 : WARNING : FAST : Not resetting FAST NET because firmware is currently broken.
2019-05-29 21:07:36,056 : INFO : FAST : Connecting to com5 at 921600bps
2019-05-29 21:07:36,087 : INFO : FAST : Connected! Processor: RGB, Board Type: FP-CPU-002-2, Firmware: 01.00
2019-05-29 21:07:36,478 : INFO : ConfigProcessor : Loading config from cache: C:\Users\MISSIO~1\AppData\Local\Temp\10f8871b1481fbf59bf30d5b3d29537e.mpf_cache
2019-05-29 21:07:36,509 : INFO : ConfigProcessor : Loading config from cache: C:\Users\MISSIO~1\AppData\Local\Temp\c8c985d122de6339937b15f5cde5ffe7.mpf_cache
2019-05-29 21:07:36,540 : WARNING : ConfigProcessor : Config file in cache changed: D:\POKEMON\modes\pichu\config\pichu.yaml
2019-05-29 21:07:36,540 : INFO : ConfigProcessor : Loading config from file D:\POKEMON\modes\pichu\config\pichu.yaml.
2019-05-29 21:07:36,603 : INFO : ConfigProcessor : Loading config: D:\POKEMON\modes\pichu\config\pichu.yaml
2019-05-29 21:07:36,603 : INFO : ConfigProcessor : Config file cache created: C:\Users\MISSIO~1\AppData\Local\Temp\01c5ea7020f20fc8cd2609416c749c9a.mpf_cache
2019-05-29 21:07:36,649 : DEBUG : coil.c_trough : Configuring device with settings: '{'default_recycle': False, 'platform': None, 'default_pulse_power': None, 'console_log': 'full', 'number': '1-1', 'max_pulse_ms': None, 'enable_events': {}, 'psu': <psu.default>, 'max_pulse_power': 1.0, 'pulse_events': {}, 'disable_events': {}, 'allow_enable': False, 'debug': True, 'file_log': 'full', 'platform_settings': {}, 'default_hold_power': None, 'tags': [], 'max_hold_power': None, 'default_pulse_ms': 7, 'label': '%'}'
2019-05-29 21:07:36,649 : DEBUG : coil.c_trough : Configuring device with settings: '{'default_recycle': False, 'platform': None, 'default_pulse_power': None, 'console_log': 'full', 'number': '1-1', 'max_pulse_ms': None, 'enable_events': {}, 'psu': <psu.default>, 'max_pulse_power': 1.0, 'pulse_events': {}, 'disable_events': {}, 'allow_enable': False, 'debug': True, 'file_log': 'full', 'platform_settings': {'recycle_ms': None, 'connection': 'auto'}, 'default_hold_power': None, 'tags': [], 'max_hold_power': None, 'default_pulse_ms': 7, 'label': '%'}'
2019-05-29 21:07:36,681 : DEBUG : ball_device.bd_trough : Configuring device with settings: '{'hold_switches': [], 'hold_coil': None, 'idle_missing_ball_timeout': 5.0, 'eject_coil_enable_time': [], 'entrance_count_delay': 500, 'request_ball_events': [], 'player_controlled_eject_event': None, 'ball_missing_timeouts': [], 'eject_events': {}, 'max_eject_attempts': 0, 'mechanical_eject': False, 'captures_from': <playfield.playfield>, 'ball_switches': [<switch.s_trough>], 'eject_all_events': {}, 'label': '%', 'file_log': 'full', 'eject_coil_reorder_pulse': None, 'entrance_switch_full_timeout': 0, 'ball_missing_target': <playfield.playfield>, 'eject_coil_jam_pulse': None, 'ball_search_order': 200, 'jam_switch': None, 'hold_events': {}, 'entrance_event_timeout': 5.0, 'ball_capacity': None, 'eject_coil_max_wait_ms': 200, 'tags': ['home', 'trough'], 'confirm_eject_event': None, 'console_log': 'full', 'entrance_switch': None, 'entrance_events': {}, 'eject_coil_retry_pulse': None, 'eject_timeouts': [], 'debug': True, 'hold_coil_release_time': 1000, 'eject_targets': [<ball_device.bd_plunger>], 'eject_coil': <coil.c_trough>, 'confirm_eject_type': 'target', 'exit_count_delay': 500, 'retries_before_increasing_pulse': 4, 'auto_fire_on_unexpected_ball': True, 'target_on_unexpected_ball': None, 'confirm_eject_switch': None}'
2019-05-29 21:07:36,728 : INFO : SwitchController : Found active switch: s_drop_center
2019-05-29 21:07:36,728 : INFO : SwitchController : Found active switch: s_drop_left
2019-05-29 21:07:36,728 : INFO : SwitchController : Found active switch: s_trough
2019-05-29 21:07:36,837 : INFO : BCPClientSocket.local_display : Connecting BCP to 'local_display' at localhost:5050...
2019-05-29 21:07:37,853 : WARNING : FAST : Port com4 was blocked for more than 1s. Reseting send queue! If this happens frequently report a bug!
2019-05-29 21:07:38,853 : WARNING : FAST : Port com4 was blocked for more than 1s. Reseting send queue! If this happens frequently report a bug!
2019-05-29 21:07:40,084 : WARNING : FAST : Port com4 was blocked for more than 1s. Reseting send queue! If this happens frequently report a bug!
2019-05-29 21:07:42,138 : INFO : BCPClientSocket.local_display : Connected BCP to 'local_display' localhost:5050
2019-05-29 21:07:42,180 : DEBUG : ball_device.bd_trough : Counted 1 balls. Active switches: ['s_trough']. Old: None
2019-05-29 21:07:42,183 : DEBUG : ball_device.bd_trough : State: idle
2019-05-29 21:07:42,184 : DEBUG : ball_device.bd_trough : Waiting for eject request.
2019-05-29 21:07:42,286 : DEBUG : ball_device.bd_trough : Counted 1 balls. Active switches: ['s_trough']. Old: 1
2019-05-29 21:07:42,304 : WARNING : FAST : Port NET received more messages than were sent! Resetting!
2019-05-29 21:07:42,305 : WARNING : FAST : Port NET received more messages than were sent! Resetting!
2019-05-29 21:07:42,305 : WARNING : FAST : Port NET received more messages than were sent! Resetting!
2019-05-29 21:07:42,305 : WARNING : FAST : Port NET received more messages than were sent! Resetting!
2019-05-29 21:07:42,305 : WARNING : FAST : Port NET received more messages than were sent! Resetting!
2019-05-29 21:07:42,306 : WARNING : FAST : Port NET received more messages than were sent! Resetting!
2019-05-29 21:07:42,306 : WARNING : FAST : Port NET received more messages than were sent! Resetting!
2019-05-29 21:07:42,306 : WARNING : FAST : Port NET received more messages than were sent! Resetting!
2019-05-29 21:07:42,306 : WARNING : FAST : Port NET received more messages than were sent! Resetting!
2019-05-29 21:07:42,307 : WARNING : FAST : Port NET received more messages than were sent! Resetting!
2019-05-29 21:07:42,307 : WARNING : FAST : Port NET received more messages than were sent! Resetting!
2019-05-29 21:07:42,307 : WARNING : FAST : Port NET received more messages than were sent! Resetting!
2019-05-29 21:07:42,307 : WARNING : FAST : Port NET received more messages than were sent! Resetting!
2019-05-29 21:07:42,307 : WARNING : FAST : Port NET received more messages than were sent! Resetting!
2019-05-29 21:07:42,307 : WARNING : FAST : Port NET received more messages than were sent! Resetting!
2019-05-29 21:07:42,307 : WARNING : FAST : Port NET received more messages than were sent! Resetting!
2019-05-29 21:07:42,307 : WARNING : FAST : Port NET received more messages than were sent! Resetting!
2019-05-29 21:07:42,308 : WARNING : FAST : Port NET received more messages than were sent! Resetting!
2019-05-29 21:07:42,308 : WARNING : FAST : Port NET received more messages than were sent! Resetting!
2019-05-29 21:07:42,308 : WARNING : FAST : Port NET received more messages than were sent! Resetting!
2019-05-29 21:07:42,308 : WARNING : FAST : Port NET received more messages than were sent! Resetting!
2019-05-29 21:07:42,309 : WARNING : FAST : Port NET received more messages than were sent! Resetting!
2019-05-29 21:07:42,309 : WARNING : FAST : Port NET received more messages than were sent! Resetting!
2019-05-29 21:07:42,309 : WARNING : FAST : Port NET received more messages than were sent! Resetting!
2019-05-29 21:07:42,309 : WARNING : FAST : Port NET received more messages than were sent! Resetting!
2019-05-29 21:07:42,312 : WARNING : FAST : Port NET received more messages than were sent! Resetting!
2019-05-29 21:07:42,312 : WARNING : FAST : Port NET received more messages than were sent! Resetting!
2019-05-29 21:07:42,312 : WARNING : FAST : Port NET received more messages than were sent! Resetting!
2019-05-29 21:07:42,312 : WARNING : FAST : Port NET received more messages than were sent! Resetting!
2019-05-29 21:07:42,312 : WARNING : FAST : Port NET received more messages than were sent! Resetting!
2019-05-29 21:07:42,312 : WARNING : FAST : Port NET received more messages than were sent! Resetting!
2019-05-29 21:07:42,312 : WARNING : FAST : Port NET received more messages than were sent! Resetting!
2019-05-29 21:07:42,313 : WARNING : FAST : Port NET received more messages than were sent! Resetting!
2019-05-29 21:07:42,347 : INFO : coil.c_drop_reset : Enabling Driver for 300ms (1.0 pulse_power)
2019-05-29 21:07:42,373 : INFO : Mode.attract : Started. Priority: 10
2019-05-29 21:07:42,380 : INFO : Machine : Starting the main run loop.
2019-05-29 21:07:42,431 : INFO : SwitchController : <<<<<<< 's_drop_left' inactive >>>>>>>
2019-05-29 21:07:42,450 : INFO : SwitchController : <<<<<<< 's_drop_center' inactive >>>>>>>
2019-05-29 21:07:42,630 : INFO : coil.c_drop_reset : Disabling Driver
2019-05-29 21:07:42,816 : INFO : SwitchController : <<<<<<< 's_drop_right' active >>>>>>>
2019-05-29 21:07:44,640 : INFO : SwitchController : <<<<<<< 's_start' active >>>>>>>
2019-05-29 21:07:44,815 : INFO : SwitchController : <<<<<<< 's_start' inactive >>>>>>>
2019-05-29 21:07:44,851 : INFO : Mode.attract : Stopped.
2019-05-29 21:07:44,854 : INFO : Mode.game : Started. Priority: 20
2019-05-29 21:07:44,870 : INFO : Mode.game : Player added successfully. Total players: 1
2019-05-29 21:07:44,905 : INFO : coil.c_drop_reset : Enabling Driver for 300ms (1.0 pulse_power)
2019-05-29 21:07:44,907 : INFO : Mode.pichu : Started. Priority: 100
2019-05-29 21:07:44,918 : DEBUG : ball_device.bd_trough : Adding eject chain
2019-05-29 21:07:44,922 : DEBUG : ball_device.bd_trough : Got eject request
2019-05-29 21:07:44,926 : DEBUG : ball_device.bd_trough : BCH: Counting. New count: 1 Old count: 1
2019-05-29 21:07:44,929 : DEBUG : ball_device.bd_trough : State: waiting_for_target_ready
2019-05-29 21:07:44,933 : DEBUG : ball_device.bd_trough : State: ejecting
2019-05-29 21:07:44,934 : INFO : ball_device.bd_trough : Ejecting ball to <ball_device.bd_plunger>
2019-05-29 21:07:44,937 : DEBUG : ball_device.bd_trough : Entered eject mode.
2019-05-29 21:07:44,940 : DEBUG : ball_device.bd_trough : Wait for ball to leave device
2019-05-29 21:07:44,941 : INFO : coil.c_trough : Pulsing Driver for 7ms (1.0 pulse_power)
2019-05-29 21:07:44,941 : DEBUG : ball_device.bd_trough : Firing eject coil. Current balls: 1.
2019-05-29 21:07:44,959 : INFO : SwitchController : <<<<<<< 's_drop_right' inactive >>>>>>>
2019-05-29 21:07:45,023 : INFO : SwitchController : <<<<<<< 's_trough' inactive >>>>>>>
2019-05-29 21:07:45,040 : DEBUG : ball_device.bd_trough : Got ball left during eject
2019-05-29 21:07:45,040 : DEBUG : ball_device.bd_trough : Switch 's_trough' changed too recently. Aborting count!
2019-05-29 21:07:45,042 : DEBUG : ball_device.bd_trough : State: ball_left
2019-05-29 21:07:45,043 : DEBUG : ball_device.bd_trough : Ball left
2019-05-29 21:07:45,043 : DEBUG : ball_device.bd_trough : Wait for confirm with timeout 10.0
2019-05-29 21:07:45,193 : INFO : coil.c_drop_reset : Disabling Driver
2019-05-29 21:07:45,522 : DEBUG : ball_device.bd_trough : Counted 0 balls. Active switches: []. Old: 0
2019-05-29 21:07:55,036 : DEBUG : ball_device.bd_trough : State: failed_confirm
2019-05-29 21:07:55,037 : DEBUG : ball_device.bd_trough : Got timeout (10.0s) before confirm from <ball_device.bd_plunger>
2019-05-29 21:07:56,127 : INFO : SwitchController : <<<<<<< 's_spinner' active >>>>>>>
2019-05-29 21:07:56,151 : DEBUG : ball_device.bd_trough : Eject successful
2019-05-29 21:07:56,154 : DEBUG : ball_device.bd_trough : Exited eject mode. Eject success: True
2019-05-29 21:07:56,155 : DEBUG : ball_device.bd_trough : State: idle
2019-05-29 21:07:56,156 : DEBUG : ball_device.bd_trough : Waiting for eject request.
2019-05-29 21:07:56,158 : DEBUG : ball_device.bd_trough : BCH: Counting. New count: 0 Old count: 0
2019-05-29 21:07:56,162 : DEBUG : ball_device.bd_trough : BCH: Counting. New count: 0 Old count: 0
2019-05-29 21:07:56,398 : INFO : SwitchController : <<<<<<< 's_spinner' inactive >>>>>>>
2019-05-29 21:07:58,446 : INFO : SwitchController : <<<<<<< 's_flipper_left' active >>>>>>>
2019-05-29 21:07:58,910 : INFO : SwitchController : <<<<<<< 's_flipper_left' inactive >>>>>>>
2019-05-29 21:07:59,599 : INFO : SwitchController : <<<<<<< 's_flipper_right' active >>>>>>>
2019-05-29 21:08:05,886 : INFO : SwitchController : <<<<<<< 's_flipper_right' inactive >>>>>>>
2019-05-29 21:08:06,750 : INFO : SwitchController : <<<<<<< 's_flipper_right' active >>>>>>>
2019-05-29 21:08:06,845 : INFO : SwitchController : <<<<<<< 's_flipper_right' inactive >>>>>>>
2019-05-29 21:08:07,038 : INFO : SwitchController : <<<<<<< 's_spinner' active >>>>>>>
2019-05-29 21:08:07,059 : INFO : SwitchController : <<<<<<< 's_spinner' inactive >>>>>>>
2019-05-29 21:08:07,102 : INFO : SwitchController : <<<<<<< 's_spinner' active >>>>>>>
2019-05-29 21:08:07,122 : INFO : SwitchController : <<<<<<< 's_spinner' inactive >>>>>>>
2019-05-29 21:08:07,150 : INFO : SwitchController : <<<<<<< 's_spinner' active >>>>>>>
2019-05-29 21:08:07,169 : INFO : SwitchController : <<<<<<< 's_spinner' inactive >>>>>>>
2019-05-29 21:08:07,214 : INFO : SwitchController : <<<<<<< 's_spinner' active >>>>>>>
2019-05-29 21:08:07,234 : INFO : SwitchController : <<<<<<< 's_spinner' inactive >>>>>>>
2019-05-29 21:08:07,278 : INFO : SwitchController : <<<<<<< 's_spinner' active >>>>>>>
2019-05-29 21:08:07,298 : INFO : SwitchController : <<<<<<< 's_spinner' inactive >>>>>>>
2019-05-29 21:08:07,341 : INFO : SwitchController : <<<<<<< 's_spinner' active >>>>>>>
2019-05-29 21:08:07,382 : INFO : SwitchController : <<<<<<< 's_spinner' inactive >>>>>>>
2019-05-29 21:08:07,422 : INFO : SwitchController : <<<<<<< 's_spinner' active >>>>>>>
2019-05-29 21:08:07,442 : INFO : SwitchController : <<<<<<< 's_spinner' inactive >>>>>>>
2019-05-29 21:08:07,486 : INFO : SwitchController : <<<<<<< 's_spinner' active >>>>>>>
2019-05-29 21:08:07,506 : INFO : SwitchController : <<<<<<< 's_spinner' inactive >>>>>>>
2019-05-29 21:08:07,566 : INFO : SwitchController : <<<<<<< 's_spinner' active >>>>>>>
2019-05-29 21:08:07,586 : INFO : SwitchController : <<<<<<< 's_spinner' inactive >>>>>>>
2019-05-29 21:08:07,662 : INFO : SwitchController : <<<<<<< 's_spinner' active >>>>>>>
2019-05-29 21:08:07,682 : INFO : SwitchController : <<<<<<< 's_spinner' inactive >>>>>>>
2019-05-29 21:08:07,742 : INFO : SwitchController : <<<<<<< 's_spinner' active >>>>>>>
2019-05-29 21:08:07,778 : INFO : SwitchController : <<<<<<< 's_spinner' inactive >>>>>>>
2019-05-29 21:08:07,839 : INFO : SwitchController : <<<<<<< 's_spinner' active >>>>>>>
2019-05-29 21:08:07,877 : INFO : SwitchController : <<<<<<< 's_spinner' inactive >>>>>>>
2019-05-29 21:08:07,950 : INFO : SwitchController : <<<<<<< 's_spinner' active >>>>>>>
2019-05-29 21:08:07,980 : INFO : SwitchController : <<<<<<< 's_spinner' inactive >>>>>>>
2019-05-29 21:08:08,061 : INFO : SwitchController : <<<<<<< 's_spinner' active >>>>>>>
2019-05-29 21:08:08,099 : INFO : SwitchController : <<<<<<< 's_spinner' inactive >>>>>>>
2019-05-29 21:08:08,174 : INFO : SwitchController : <<<<<<< 's_spinner' active >>>>>>>
2019-05-29 21:08:08,211 : INFO : SwitchController : <<<<<<< 's_spinner' inactive >>>>>>>
2019-05-29 21:08:08,318 : INFO : SwitchController : <<<<<<< 's_spinner' active >>>>>>>
2019-05-29 21:08:08,368 : INFO : SwitchController : <<<<<<< 's_spinner' inactive >>>>>>>
2019-05-29 21:08:08,479 : INFO : SwitchController : <<<<<<< 's_spinner' active >>>>>>>
2019-05-29 21:08:08,526 : INFO : SwitchController : <<<<<<< 's_spinner' inactive >>>>>>>
2019-05-29 21:08:08,653 : INFO : SwitchController : <<<<<<< 's_spinner' active >>>>>>>
2019-05-29 21:08:08,718 : INFO : SwitchController : <<<<<<< 's_spinner' inactive >>>>>>>
2019-05-29 21:08:08,910 : INFO : SwitchController : <<<<<<< 's_spinner' active >>>>>>>
2019-05-29 21:08:09,150 : INFO : SwitchController : <<<<<<< 's_spinner' inactive >>>>>>>
2019-05-29 21:08:11,854 : INFO : SwitchController : <<<<<<< 's_saucer' active >>>>>>>
2019-05-29 21:08:12,372 : DEBUG : ball_device.bd_trough : Counted 0 balls. Active switches: []. Old: 0
2019-05-29 21:08:12,380 : INFO : ball_device.bd_saucer : Ejecting ball to <playfield.playfield>
2019-05-29 21:08:12,385 : INFO : coil.c_saucer : Pulsing Driver for 60ms (1.0 pulse_power)
2019-05-29 21:08:13,388 : INFO : ball_device.bd_saucer : Ejecting ball to <playfield.playfield>
2019-05-29 21:08:13,392 : INFO : coil.c_saucer : Pulsing Driver for 60ms (1.0 pulse_power)
2019-05-29 21:08:13,438 : INFO : SwitchController : <<<<<<< 's_saucer' inactive >>>>>>>
2019-05-29 21:08:16,670 : INFO : SwitchController : <<<<<<< 's_flipper_right' active >>>>>>>
2019-05-29 21:08:16,877 : INFO : SwitchController : <<<<<<< 's_flipper_right' inactive >>>>>>>
2019-05-29 21:08:18,253 : INFO : SwitchController : <<<<<<< 's_flipper_right' active >>>>>>>
2019-05-29 21:08:18,349 : INFO : SwitchController : <<<<<<< 's_flipper_right' inactive >>>>>>>
2019-05-29 21:08:18,558 : INFO : SwitchController : <<<<<<< 's_spinner' active >>>>>>>
2019-05-29 21:08:18,595 : INFO : SwitchController : <<<<<<< 's_pop_bottom' active >>>>>>>
2019-05-29 21:08:18,613 : INFO : SwitchController : <<<<<<< 's_spinner' inactive >>>>>>>
2019-05-29 21:08:18,632 : INFO : SwitchController : <<<<<<< 's_pop_bottom' inactive >>>>>>>
2019-05-29 21:08:18,650 : INFO : SwitchController : <<<<<<< 's_pop_bottom' active >>>>>>>
2019-05-29 21:08:18,667 : INFO : SwitchController : <<<<<<< 's_pop_bottom' inactive >>>>>>>
2019-05-29 21:08:18,687 : INFO : SwitchController : <<<<<<< 's_spinner' active >>>>>>>
2019-05-29 21:08:18,719 : INFO : SwitchController : <<<<<<< 's_spinner' inactive >>>>>>>
2019-05-29 21:08:18,814 : INFO : SwitchController : <<<<<<< 's_spinner' active >>>>>>>
2019-05-29 21:08:18,845 : INFO : SwitchController : <<<<<<< 's_spinner' inactive >>>>>>>
2019-05-29 21:08:18,957 : INFO : SwitchController : <<<<<<< 's_spinner' active >>>>>>>
2019-05-29 21:08:19,021 : INFO : SwitchController : <<<<<<< 's_spinner' inactive >>>>>>>
2019-05-29 21:08:19,150 : INFO : SwitchController : <<<<<<< 's_spinner' active >>>>>>>
2019-05-29 21:08:19,214 : INFO : SwitchController : <<<<<<< 's_spinner' inactive >>>>>>>
2019-05-29 21:08:19,374 : INFO : SwitchController : <<<<<<< 's_spinner' active >>>>>>>
2019-05-29 21:08:19,533 : INFO : SwitchController : <<<<<<< 's_spinner' inactive >>>>>>>
2019-05-29 21:08:20,237 : INFO : SwitchController : <<<<<<< 's_spinner' active >>>>>>>
2019-05-29 21:08:20,398 : INFO : SwitchController : <<<<<<< 's_spinner' inactive >>>>>>>
2019-05-29 21:08:20,925 : INFO : SwitchController : <<<<<<< 's_flipper_right' active >>>>>>>
2019-05-29 21:08:20,989 : INFO : SwitchController : <<<<<<< 's_flipper_right' inactive >>>>>>>
2019-05-29 21:08:21,678 : INFO : SwitchController : <<<<<<< 's_flipper_left' active >>>>>>>
2019-05-29 21:08:21,823 : INFO : SwitchController : <<<<<<< 's_flipper_left' inactive >>>>>>>
2019-05-29 21:08:21,859 : INFO : SwitchController : <<<<<<< 's_flipper_right' active >>>>>>>
2019-05-29 21:08:22,158 : INFO : SwitchController : <<<<<<< 's_flipper_right' inactive >>>>>>>
2019-05-29 21:08:22,606 : INFO : SwitchController : <<<<<<< 's_drain' active >>>>>>>
2019-05-29 21:08:22,641 : INFO : SwitchController : <<<<<<< 's_drain' inactive >>>>>>>
2019-05-29 21:08:22,669 : INFO : SwitchController : <<<<<<< 's_drain' active >>>>>>>
2019-05-29 21:08:23,168 : DEBUG : ball_device.bd_trough : Counted 0 balls. Active switches: []. Old: 0
2019-05-29 21:08:23,183 : INFO : Mode.pichu : Stopped.
2019-05-29 21:08:23,193 : DEBUG : ball_device.bd_trough : Ready to receive from <ball_device.bd_drain>. Free space 1 (Capacity: 1, Balls: 0), incoming_balls: 0
2019-05-29 21:08:23,194 : INFO : ball_device.bd_drain : Ejecting ball to <ball_device.bd_trough>
2019-05-29 21:08:23,199 : INFO : coil.c_drain : Pulsing Driver for 20ms (1.0 pulse_power)
2019-05-29 21:08:23,225 : INFO : coil.c_drop_reset : Enabling Driver for 300ms (1.0 pulse_power)
2019-05-29 21:08:23,228 : INFO : Mode.pichu : Started. Priority: 100
2019-05-29 21:08:23,239 : DEBUG : ball_device.bd_trough : Adding eject chain
2019-05-29 21:08:23,243 : DEBUG : ball_device.bd_trough : Got eject request
2019-05-29 21:08:23,247 : DEBUG : ball_device.bd_trough : BCH: Counting. New count: 0 Old count: 0
2019-05-29 21:08:23,249 : DEBUG : ball_device.bd_trough : State: waiting_for_ball
2019-05-29 21:08:23,252 : DEBUG : ball_device.bd_trough : No ball found. Waiting for balls.
2019-05-29 21:08:23,277 : INFO : SwitchController : <<<<<<< 's_drain' inactive >>>>>>>
2019-05-29 21:08:23,298 : DEBUG : ball_device.bd_trough : Adding incoming ball from <ball_device.bd_drain>
2019-05-29 21:08:23,521 : INFO : coil.c_drop_reset : Disabling Driver
2019-05-29 21:08:23,629 : INFO : SwitchController : <<<<<<< 's_trough' active >>>>>>>
2019-05-29 21:08:23,661 : INFO : SwitchController : <<<<<<< 's_trough' inactive >>>>>>>
2019-05-29 21:08:23,869 : INFO : SwitchController : <<<<<<< 's_trough' active >>>>>>>
2019-05-29 21:08:24,369 : DEBUG : ball_device.bd_trough : Counted 1 balls. Active switches: ['s_trough']. Old: 0
2019-05-29 21:08:24,372 : DEBUG : ball_device.bd_trough : BCH: Found 1 new balls
2019-05-29 21:08:24,372 : DEBUG : ball_device.bd_trough : Received ball from <ball_device.bd_drain>
2019-05-29 21:08:24,373 : DEBUG : ball_device.bd_trough : Removing incoming ball from <ball_device.bd_drain>
2019-05-29 21:08:24,373 : DEBUG : ball_device.bd_trough : Processing new ball
2019-05-29 21:08:24,374 : DEBUG : ball_device.bd_trough : BCH: Counting. New count: 1 Old count: 1
2019-05-29 21:08:24,376 : DEBUG : ball_device.bd_trough : A ball arrived. Progressing.
2019-05-29 21:08:24,378 : DEBUG : ball_device.bd_trough : State: waiting_for_target_ready
2019-05-29 21:08:24,381 : DEBUG : ball_device.bd_trough : State: ejecting
2019-05-29 21:08:24,382 : INFO : ball_device.bd_trough : Ejecting ball to <ball_device.bd_plunger>
2019-05-29 21:08:24,383 : DEBUG : ball_device.bd_trough : Entered eject mode.
2019-05-29 21:08:24,386 : DEBUG : ball_device.bd_trough : Wait for ball to leave device
2019-05-29 21:08:24,386 : INFO : coil.c_trough : Pulsing Driver for 7ms (1.0 pulse_power)
2019-05-29 21:08:24,387 : DEBUG : ball_device.bd_trough : Firing eject coil. Current balls: 1.
2019-05-29 21:08:24,414 : INFO : SwitchController : <<<<<<< 's_trough' inactive >>>>>>>
2019-05-29 21:08:24,430 : DEBUG : ball_device.bd_trough : Got ball left during eject
2019-05-29 21:08:24,431 : DEBUG : ball_device.bd_trough : Switch 's_trough' changed too recently. Aborting count!
2019-05-29 21:08:24,432 : DEBUG : ball_device.bd_trough : State: ball_left
2019-05-29 21:08:24,433 : DEBUG : ball_device.bd_trough : Ball left
2019-05-29 21:08:24,433 : DEBUG : ball_device.bd_trough : Wait for confirm with timeout 10.0
2019-05-29 21:08:24,913 : DEBUG : ball_device.bd_trough : Counted 0 balls. Active switches: []. Old: 0
2019-05-29 21:08:31,005 : INFO : SwitchController : <<<<<<< 's_spinner' active >>>>>>>
2019-05-29 21:08:31,181 : INFO : SwitchController : <<<<<<< 's_spinner' inactive >>>>>>>
2019-05-29 21:08:33,485 : INFO : SwitchController : <<<<<<< 's_flipper_left' active >>>>>>>
2019-05-29 21:08:33,613 : INFO : SwitchController : <<<<<<< 's_flipper_left' inactive >>>>>>>
2019-05-29 21:08:34,428 : DEBUG : ball_device.bd_trough : State: failed_confirm
2019-05-29 21:08:34,429 : DEBUG : ball_device.bd_trough : Got timeout (10.0s) before confirm from <ball_device.bd_plunger>
2019-05-29 21:08:34,605 : INFO : SwitchController : <<<<<<< 's_flipper_right' active >>>>>>>
2019-05-29 21:08:34,668 : INFO : SwitchController : <<<<<<< 's_flipper_right' inactive >>>>>>>
2019-05-29 21:08:37,501 : INFO : SwitchController : <<<<<<< 's_spinner' active >>>>>>>
2019-05-29 21:08:37,547 : DEBUG : ball_device.bd_trough : Eject successful
2019-05-29 21:08:37,550 : DEBUG : ball_device.bd_trough : Exited eject mode. Eject success: True
2019-05-29 21:08:37,551 : DEBUG : ball_device.bd_trough : State: idle
2019-05-29 21:08:37,551 : DEBUG : ball_device.bd_trough : Waiting for eject request.
2019-05-29 21:08:37,553 : DEBUG : ball_device.bd_trough : BCH: Counting. New count: 0 Old count: 0
2019-05-29 21:08:37,557 : DEBUG : ball_device.bd_trough : BCH: Counting. New count: 0 Old count: 0
2019-05-29 21:08:37,630 : INFO : SwitchController : <<<<<<< 's_spinner' inactive >>>>>>>
2019-05-29 21:08:39,309 : INFO : SwitchController : <<<<<<< 's_flipper_left' active >>>>>>>
2019-05-29 21:08:39,421 : INFO : SwitchController : <<<<<<< 's_flipper_left' inactive >>>>>>>
2019-05-29 21:08:39,645 : INFO : SwitchController : <<<<<<< 's_drop_right' active >>>>>>>
2019-05-29 21:08:39,678 : INFO : SwitchController : <<<<<<< 's_drop_center' active >>>>>>>
2019-05-29 21:08:40,044 : INFO : SwitchController : <<<<<<< 's_sling_left' active >>>>>>>
2019-05-29 21:08:40,061 : INFO : SwitchController : <<<<<<< 's_sling_left' inactive >>>>>>>
2019-05-29 21:08:42,781 : INFO : SwitchController : <<<<<<< 's_flipper_left' active >>>>>>>
2019-05-29 21:08:42,910 : INFO : SwitchController : <<<<<<< 's_flipper_left' inactive >>>>>>>
2019-05-29 21:08:45,518 : INFO : SwitchController : <<<<<<< 's_flipper_right' active >>>>>>>
2019-05-29 21:08:45,996 : INFO : SwitchController : <<<<<<< 's_flipper_right' inactive >>>>>>>
2019-05-29 21:08:47,069 : INFO : SwitchController : <<<<<<< 's_flipper_right' active >>>>>>>
2019-05-29 21:08:47,164 : INFO : SwitchController : <<<<<<< 's_flipper_right' inactive >>>>>>>
2019-05-29 21:08:48,924 : INFO : SwitchController : <<<<<<< 's_flipper_right' active >>>>>>>
2019-05-29 21:08:49,036 : INFO : SwitchController : <<<<<<< 's_flipper_right' inactive >>>>>>>
2019-05-29 21:08:49,196 : INFO : SwitchController : <<<<<<< 's_spinner' active >>>>>>>
2019-05-29 21:08:49,212 : INFO : SwitchController : <<<<<<< 's_spinner' inactive >>>>>>>
2019-05-29 21:08:49,244 : INFO : SwitchController : <<<<<<< 's_spinner' active >>>>>>>
2019-05-29 21:08:49,262 : INFO : SwitchController : <<<<<<< 's_spinner' inactive >>>>>>>
2019-05-29 21:08:49,292 : INFO : SwitchController : <<<<<<< 's_spinner' active >>>>>>>
2019-05-29 21:08:49,314 : INFO : SwitchController : <<<<<<< 's_spinner' inactive >>>>>>>
2019-05-29 21:08:49,371 : INFO : SwitchController : <<<<<<< 's_spinner' active >>>>>>>
2019-05-29 21:08:49,387 : INFO : SwitchController : <<<<<<< 's_spinner' inactive >>>>>>>
2019-05-29 21:08:49,407 : INFO : SwitchController : <<<<<<< 's_spinner' active >>>>>>>
2019-05-29 21:08:49,429 : INFO : SwitchController : <<<<<<< 's_spinner' inactive >>>>>>>
2019-05-29 21:08:49,468 : INFO : SwitchController : <<<<<<< 's_spinner' active >>>>>>>
2019-05-29 21:08:49,488 : INFO : SwitchController : <<<<<<< 's_spinner' inactive >>>>>>>
2019-05-29 21:08:49,532 : INFO : SwitchController : <<<<<<< 's_spinner' active >>>>>>>
2019-05-29 21:08:49,552 : INFO : SwitchController : <<<<<<< 's_spinner' inactive >>>>>>>
2019-05-29 21:08:49,596 : INFO : SwitchController : <<<<<<< 's_spinner' active >>>>>>>
2019-05-29 21:08:49,616 : INFO : SwitchController : <<<<<<< 's_spinner' inactive >>>>>>>
2019-05-29 21:08:49,676 : INFO : SwitchController : <<<<<<< 's_spinner' active >>>>>>>
2019-05-29 21:08:49,696 : INFO : SwitchController : <<<<<<< 's_spinner' inactive >>>>>>>
2019-05-29 21:08:49,740 : INFO : SwitchController : <<<<<<< 's_spinner' active >>>>>>>
2019-05-29 21:08:49,760 : INFO : SwitchController : <<<<<<< 's_spinner' inactive >>>>>>>
2019-05-29 21:08:49,820 : INFO : SwitchController : <<<<<<< 's_spinner' active >>>>>>>
2019-05-29 21:08:49,840 : INFO : SwitchController : <<<<<<< 's_spinner' inactive >>>>>>>
2019-05-29 21:08:49,917 : INFO : SwitchController : <<<<<<< 's_spinner' active >>>>>>>
2019-05-29 21:08:49,938 : INFO : SwitchController : <<<<<<< 's_spinner' inactive >>>>>>>
2019-05-29 21:08:49,997 : INFO : SwitchController : <<<<<<< 's_spinner' active >>>>>>>
2019-05-29 21:08:50,016 : INFO : SwitchController : <<<<<<< 's_spinner' inactive >>>>>>>
2019-05-29 21:08:50,092 : INFO : SwitchController : <<<<<<< 's_spinner' active >>>>>>>
2019-05-29 21:08:50,124 : INFO : SwitchController : <<<<<<< 's_spinner' inactive >>>>>>>
2019-05-29 21:08:50,204 : INFO : SwitchController : <<<<<<< 's_spinner' active >>>>>>>
2019-05-29 21:08:50,225 : INFO : SwitchController : <<<<<<< 's_spinner' inactive >>>>>>>
2019-05-29 21:08:50,300 : INFO : SwitchController : <<<<<<< 's_spinner' active >>>>>>>
2019-05-29 21:08:50,332 : INFO : SwitchController : <<<<<<< 's_spinner' inactive >>>>>>>
2019-05-29 21:08:50,429 : INFO : SwitchController : <<<<<<< 's_spinner' active >>>>>>>
2019-05-29 21:08:50,461 : INFO : SwitchController : <<<<<<< 's_spinner' inactive >>>>>>>
2019-05-29 21:08:50,572 : INFO : SwitchController : <<<<<<< 's_spinner' active >>>>>>>
2019-05-29 21:08:50,603 : INFO : SwitchController : <<<<<<< 's_spinner' inactive >>>>>>>
2019-05-29 21:08:50,732 : INFO : SwitchController : <<<<<<< 's_spinner' active >>>>>>>
2019-05-29 21:08:50,764 : INFO : SwitchController : <<<<<<< 's_spinner' inactive >>>>>>>
2019-05-29 21:08:50,908 : INFO : SwitchController : <<<<<<< 's_spinner' active >>>>>>>
2019-05-29 21:08:50,972 : INFO : SwitchController : <<<<<<< 's_spinner' inactive >>>>>>>
2019-05-29 21:08:51,148 : INFO : SwitchController : <<<<<<< 's_spinner' active >>>>>>>
2019-05-29 21:08:55,261 : INFO : SwitchController : <<<<<<< 's_saucer' active >>>>>>>
2019-05-29 21:08:55,468 : INFO : SwitchController : <<<<<<< 's_spinner' inactive >>>>>>>
2019-05-29 21:08:55,759 : DEBUG : ball_device.bd_trough : Counted 0 balls. Active switches: []. Old: 0
2019-05-29 21:08:55,767 : INFO : ball_device.bd_saucer : Ejecting ball to <playfield.playfield>
2019-05-29 21:08:55,771 : INFO : coil.c_saucer : Pulsing Driver for 60ms (1.0 pulse_power)
2019-05-29 21:08:55,820 : INFO : SwitchController : <<<<<<< 's_saucer' inactive >>>>>>>
2019-05-29 21:08:59,773 : INFO : SwitchController : <<<<<<< 's_flipper_right' active >>>>>>>
2019-05-29 21:09:00,075 : INFO : SwitchController : <<<<<<< 's_flipper_right' inactive >>>>>>>
2019-05-29 21:09:01,804 : INFO : SwitchController : <<<<<<< 's_flipper_right' active >>>>>>>
2019-05-29 21:09:02,123 : INFO : SwitchController : <<<<<<< 's_pop_bottom' active >>>>>>>
2019-05-29 21:09:02,143 : INFO : SwitchController : <<<<<<< 's_pop_bottom' inactive >>>>>>>
2019-05-29 21:09:02,284 : INFO : SwitchController : <<<<<<< 's_flipper_right' inactive >>>>>>>
2019-05-29 21:09:03,756 : INFO : SwitchController : <<<<<<< 's_spinner' active >>>>>>>
2019-05-29 21:09:03,931 : INFO : SwitchController : <<<<<<< 's_spinner' inactive >>>>>>>
2019-05-29 21:09:04,027 : INFO : SwitchController : <<<<<<< 's_flipper_right' active >>>>>>>
2019-05-29 21:09:04,284 : INFO : SwitchController : <<<<<<< 's_flipper_right' inactive >>>>>>>
2019-05-29 21:09:04,396 : INFO : SwitchController : <<<<<<< 's_flipper_right' active >>>>>>>
2019-05-29 21:09:04,475 : INFO : SwitchController : <<<<<<< 's_flipper_right' inactive >>>>>>>
2019-05-29 21:09:04,956 : INFO : SwitchController : <<<<<<< 's_flipper_left' active >>>>>>>
2019-05-29 21:09:05,115 : INFO : SwitchController : <<<<<<< 's_flipper_left' inactive >>>>>>>
2019-05-29 21:09:05,131 : INFO : SwitchController : <<<<<<< 's_flipper_right' active >>>>>>>
2019-05-29 21:09:05,371 : INFO : SwitchController : <<<<<<< 's_flipper_left' active >>>>>>>
2019-05-29 21:09:05,388 : INFO : SwitchController : <<<<<<< 's_flipper_right' inactive >>>>>>>
2019-05-29 21:09:05,532 : INFO : SwitchController : <<<<<<< 's_flipper_left' inactive >>>>>>>
2019-05-29 21:09:05,563 : INFO : SwitchController : <<<<<<< 's_flipper_right' active >>>>>>>
2019-05-29 21:09:06,189 : INFO : SwitchController : <<<<<<< 's_flipper_right' inactive >>>>>>>
2019-05-29 21:09:07,020 : INFO : SwitchController : <<<<<<< 's_flipper_right' active >>>>>>>
2019-05-29 21:09:07,131 : INFO : SwitchController : <<<<<<< 's_flipper_right' inactive >>>>>>>
2019-05-29 21:09:07,516 : INFO : SwitchController : <<<<<<< 's_flipper_left' active >>>>>>>
2019-05-29 21:09:07,819 : INFO : SwitchController : <<<<<<< 's_drop_left' active >>>>>>>
2019-05-29 21:09:07,867 : INFO : SwitchController : <<<<<<< 's_flipper_left' inactive >>>>>>>
2019-05-29 21:09:08,156 : INFO : SwitchController : <<<<<<< 's_flipper_left' active >>>>>>>
2019-05-29 21:09:08,188 : INFO : SwitchController : <<<<<<< 's_sling_left' active >>>>>>>
2019-05-29 21:09:08,208 : INFO : SwitchController : <<<<<<< 's_sling_left' inactive >>>>>>>
2019-05-29 21:09:08,332 : INFO : SwitchController : <<<<<<< 's_flipper_left' inactive >>>>>>>
2019-05-29 21:09:08,402 : INFO : SwitchController : <<<<<<< 's_flipper_right' active >>>>>>>
2019-05-29 21:09:08,603 : INFO : SwitchController : <<<<<<< 's_flipper_right' inactive >>>>>>>
2019-05-29 21:09:08,619 : INFO : SwitchController : <<<<<<< 's_sling_left' active >>>>>>>
2019-05-29 21:09:08,641 : INFO : SwitchController : <<<<<<< 's_flipper_left' active >>>>>>>
2019-05-29 21:09:08,659 : INFO : SwitchController : <<<<<<< 's_sling_left' inactive >>>>>>>
2019-05-29 21:09:08,780 : INFO : SwitchController : <<<<<<< 's_flipper_left' inactive >>>>>>>
2019-05-29 21:09:08,803 : INFO : coil.c_drop_reset : Enabling Driver for 300ms (1.0 pulse_power)
2019-05-29 21:09:08,860 : INFO : SwitchController : <<<<<<< 's_drop_left' inactive >>>>>>>
2019-05-29 21:09:08,876 : INFO : SwitchController : <<<<<<< 's_drop_center' inactive >>>>>>>
2019-05-29 21:09:08,890 : INFO : SwitchController : <<<<<<< 's_drop_right' inactive >>>>>>>
2019-05-29 21:09:09,100 : INFO : coil.c_drop_reset : Disabling Driver
2019-05-29 21:09:10,971 : INFO : SwitchController : <<<<<<< 's_flipper_right' active >>>>>>>
2019-05-29 21:09:11,260 : INFO : SwitchController : <<<<<<< 's_drop_left' active >>>>>>>
2019-05-29 21:09:11,787 : INFO : SwitchController : <<<<<<< 's_flipper_right' inactive >>>>>>>
2019-05-29 21:09:12,764 : INFO : SwitchController : <<<<<<< 's_flipper_left' active >>>>>>>
2019-05-29 21:09:12,924 : INFO : SwitchController : <<<<<<< 's_flipper_left' inactive >>>>>>>
2019-05-29 21:09:13,211 : INFO : SwitchController : <<<<<<< 's_flipper_left' active >>>>>>>
2019-05-29 21:09:13,308 : INFO : SwitchController : <<<<<<< 's_flipper_left' inactive >>>>>>>
2019-05-29 21:09:14,395 : INFO : SwitchController : <<<<<<< 's_flipper_right' active >>>>>>>
2019-05-29 21:09:14,443 : INFO : SwitchController : <<<<<<< 's_flipper_right' inactive >>>>>>>
2019-05-29 21:09:14,555 : INFO : SwitchController : <<<<<<< 's_flipper_right' active >>>>>>>
2019-05-29 21:09:14,602 : INFO : SwitchController : <<<<<<< 's_flipper_right' inactive >>>>>>>
2019-05-29 21:09:19,212 : INFO : SwitchController : <<<<<<< 's_flipper_left' active >>>>>>>
2019-05-29 21:09:19,339 : INFO : SwitchController : <<<<<<< 's_flipper_left' inactive >>>>>>>
2019-05-29 21:09:19,932 : INFO : SwitchController : <<<<<<< 's_flipper_left' active >>>>>>>
2019-05-29 21:09:20,060 : INFO : SwitchController : <<<<<<< 's_flipper_left' inactive >>>>>>>
2019-05-29 21:09:20,235 : INFO : SwitchController : <<<<<<< 's_drop_center' active >>>>>>>
2019-05-29 21:09:20,667 : INFO : SwitchController : <<<<<<< 's_flipper_right' active >>>>>>>
2019-05-29 21:09:21,066 : INFO : SwitchController : <<<<<<< 's_flipper_right' inactive >>>>>>>
2019-05-29 21:09:21,995 : INFO : SwitchController : <<<<<<< 's_flipper_right' active >>>>>>>
2019-05-29 21:09:23,578 : INFO : SwitchController : <<<<<<< 's_flipper_right' inactive >>>>>>>
2019-05-29 21:09:23,642 : INFO : SwitchController : <<<<<<< 's_flipper_right' active >>>>>>>
2019-05-29 21:09:24,235 : INFO : SwitchController : <<<<<<< 's_flipper_left' active >>>>>>>
2019-05-29 21:09:24,266 : INFO : SwitchController : <<<<<<< 's_flipper_right' inactive >>>>>>>
2019-05-29 21:09:24,458 : INFO : SwitchController : <<<<<<< 's_flipper_left' inactive >>>>>>>
2019-05-29 21:09:24,715 : INFO : SwitchController : <<<<<<< 's_flipper_left' active >>>>>>>
2019-05-29 21:09:24,778 : INFO : SwitchController : <<<<<<< 's_flipper_left' inactive >>>>>>>
2019-05-29 21:09:26,154 : INFO : SwitchController : <<<<<<< 's_flipper_right' active >>>>>>>
2019-05-29 21:09:26,315 : INFO : SwitchController : <<<<<<< 's_flipper_right' inactive >>>>>>>
2019-05-29 21:09:27,164 : INFO : SwitchController : <<<<<<< 's_flipper_right' active >>>>>>>
2019-05-29 21:09:27,275 : INFO : SwitchController : <<<<<<< 's_flipper_right' inactive >>>>>>>
2019-05-29 21:09:27,787 : INFO : SwitchController : <<<<<<< 's_flipper_right' active >>>>>>>
2019-05-29 21:09:27,963 : INFO : SwitchController : <<<<<<< 's_flipper_left' active >>>>>>>
2019-05-29 21:09:28,000 : INFO : SwitchController : <<<<<<< 's_flipper_right' inactive >>>>>>>
2019-05-29 21:09:28,187 : INFO : SwitchController : <<<<<<< 's_flipper_left' inactive >>>>>>>
2019-05-29 21:09:28,890 : INFO : SwitchController : <<<<<<< 's_drain' active >>>>>>>
2019-05-29 21:09:28,939 : INFO : SwitchController : <<<<<<< 's_drain' inactive >>>>>>>
2019-05-29 21:09:29,035 : INFO : SwitchController : <<<<<<< 's_drain' active >>>>>>>
2019-05-29 21:09:29,525 : DEBUG : ball_device.bd_trough : Counted 0 balls. Active switches: []. Old: 0
2019-05-29 21:09:29,535 : INFO : Mode.pichu : Stopped.
2019-05-29 21:09:29,546 : DEBUG : ball_device.bd_trough : Ready to receive from <ball_device.bd_drain>. Free space 1 (Capacity: 1, Balls: 0), incoming_balls: 0
2019-05-29 21:09:29,546 : INFO : ball_device.bd_drain : Ejecting ball to <ball_device.bd_trough>
2019-05-29 21:09:29,553 : INFO : coil.c_drain : Pulsing Driver for 20ms (1.0 pulse_power)
2019-05-29 21:09:29,583 : INFO : Mode.pichu : Started. Priority: 100
2019-05-29 21:09:29,587 : INFO : coil.c_drop_reset : Enabling Driver for 300ms (1.0 pulse_power)
2019-05-29 21:09:29,595 : DEBUG : ball_device.bd_trough : Adding eject chain
2019-05-29 21:09:29,599 : DEBUG : ball_device.bd_trough : Got eject request
2019-05-29 21:09:29,603 : DEBUG : ball_device.bd_trough : BCH: Counting. New count: 0 Old count: 0
2019-05-29 21:09:29,606 : DEBUG : ball_device.bd_trough : State: waiting_for_ball
2019-05-29 21:09:29,609 : DEBUG : ball_device.bd_trough : No ball found. Waiting for balls.
2019-05-29 21:09:29,613 : INFO : SwitchController : <<<<<<< 's_drain' inactive >>>>>>>
2019-05-29 21:09:29,634 : DEBUG : ball_device.bd_trough : Adding incoming ball from <ball_device.bd_drain>
2019-05-29 21:09:29,643 : INFO : SwitchController : <<<<<<< 's_drop_left' inactive >>>>>>>
2019-05-29 21:09:29,660 : INFO : SwitchController : <<<<<<< 's_drop_center' inactive >>>>>>>
2019-05-29 21:09:29,880 : INFO : coil.c_drop_reset : Disabling Driver
2019-05-29 21:09:29,963 : INFO : SwitchController : <<<<<<< 's_trough' active >>>>>>>
2019-05-29 21:09:29,994 : INFO : SwitchController : <<<<<<< 's_trough' inactive >>>>>>>
2019-05-29 21:09:30,058 : INFO : SwitchController : <<<<<<< 's_drop_right' active >>>>>>>
2019-05-29 21:09:30,186 : INFO : SwitchController : <<<<<<< 's_trough' active >>>>>>>
2019-05-29 21:09:30,678 : DEBUG : ball_device.bd_trough : Counted 1 balls. Active switches: ['s_trough']. Old: 0
2019-05-29 21:09:30,681 : DEBUG : ball_device.bd_trough : BCH: Found 1 new balls
2019-05-29 21:09:30,681 : DEBUG : ball_device.bd_trough : Received ball from <ball_device.bd_drain>
2019-05-29 21:09:30,682 : DEBUG : ball_device.bd_trough : Removing incoming ball from <ball_device.bd_drain>
2019-05-29 21:09:30,683 : DEBUG : ball_device.bd_trough : Processing new ball
2019-05-29 21:09:30,686 : DEBUG : ball_device.bd_trough : BCH: Counting. New count: 1 Old count: 1
2019-05-29 21:09:30,691 : DEBUG : ball_device.bd_trough : A ball arrived. Progressing.
2019-05-29 21:09:30,696 : DEBUG : ball_device.bd_trough : State: waiting_for_target_ready
2019-05-29 21:09:30,702 : DEBUG : ball_device.bd_trough : State: ejecting
2019-05-29 21:09:30,703 : INFO : ball_device.bd_trough : Ejecting ball to <ball_device.bd_plunger>
2019-05-29 21:09:30,707 : DEBUG : ball_device.bd_trough : Entered eject mode.
2019-05-29 21:09:30,711 : DEBUG : ball_device.bd_trough : Wait for ball to leave device
2019-05-29 21:09:30,712 : INFO : coil.c_trough : Pulsing Driver for 7ms (1.0 pulse_power)
2019-05-29 21:09:30,712 : DEBUG : ball_device.bd_trough : Firing eject coil. Current balls: 1.
2019-05-29 21:09:30,746 : INFO : SwitchController : <<<<<<< 's_trough' inactive >>>>>>>
2019-05-29 21:09:30,764 : DEBUG : ball_device.bd_trough : Got ball left during eject
2019-05-29 21:09:30,764 : DEBUG : ball_device.bd_trough : Switch 's_trough' changed too recently. Aborting count!
2019-05-29 21:09:30,766 : DEBUG : ball_device.bd_trough : State: ball_left
2019-05-29 21:09:30,766 : DEBUG : ball_device.bd_trough : Ball left
2019-05-29 21:09:30,767 : DEBUG : ball_device.bd_trough : Wait for confirm with timeout 10.0
2019-05-29 21:09:31,241 : DEBUG : ball_device.bd_trough : Counted 0 balls. Active switches: []. Old: 0
2019-05-29 21:09:36,394 : INFO : SwitchController : <<<<<<< 's_spinner' active >>>>>>>
2019-05-29 21:09:36,523 : INFO : SwitchController : <<<<<<< 's_spinner' inactive >>>>>>>
2019-05-29 21:09:38,027 : INFO : SwitchController : <<<<<<< 's_flipper_left' active >>>>>>>
2019-05-29 21:09:38,121 : INFO : SwitchController : <<<<<<< 's_flipper_left' inactive >>>>>>>
2019-05-29 21:09:40,755 : DEBUG : ball_device.bd_trough : State: failed_confirm
2019-05-29 21:09:40,756 : DEBUG : ball_device.bd_trough : Got timeout (10.0s) before confirm from <ball_device.bd_plunger>
2019-05-29 21:09:42,666 : INFO : SwitchController : <<<<<<< 's_drain' active >>>>>>>
2019-05-29 21:09:42,714 : INFO : SwitchController : <<<<<<< 's_drain' inactive >>>>>>>
2019-05-29 21:09:42,810 : INFO : SwitchController : <<<<<<< 's_drain' active >>>>>>>
2019-05-29 21:09:43,308 : DEBUG : ball_device.bd_trough : Counted 0 balls. Active switches: []. Old: 0
2019-05-29 21:09:43,327 : DEBUG : ball_device.bd_trough : Eject successful
2019-05-29 21:09:43,330 : INFO : Mode.pichu : Stopped.
2019-05-29 21:09:43,336 : DEBUG : ball_device.bd_trough : Exited eject mode. Eject success: True
2019-05-29 21:09:43,337 : DEBUG : ball_device.bd_trough : State: idle
2019-05-29 21:09:43,338 : DEBUG : ball_device.bd_trough : Waiting for eject request.
2019-05-29 21:09:43,342 : DEBUG : ball_device.bd_trough : BCH: Counting. New count: 0 Old count: 0
2019-05-29 21:09:43,349 : DEBUG : ball_device.bd_trough : Ready to receive from <ball_device.bd_drain>. Free space 1 (Capacity: 1, Balls: 0), incoming_balls: 0
2019-05-29 21:09:43,349 : INFO : ball_device.bd_drain : Ejecting ball to <ball_device.bd_trough>
2019-05-29 21:09:43,352 : DEBUG : ball_device.bd_trough : BCH: Counting. New count: 0 Old count: 0
2019-05-29 21:09:43,391 : INFO : coil.c_drain : Pulsing Driver for 20ms (1.0 pulse_power)
2019-05-29 21:09:43,402 : INFO : Mode.attract : Started. Priority: 10
2019-05-29 21:09:43,404 : INFO : Mode.game : Stopped.
2019-05-29 21:09:43,434 : INFO : SwitchController : <<<<<<< 's_drain' inactive >>>>>>>
2019-05-29 21:09:43,456 : DEBUG : ball_device.bd_trough : Adding incoming ball from <ball_device.bd_drain>
2019-05-29 21:09:43,846 : INFO : SwitchController : <<<<<<< 's_trough' active >>>>>>>
2019-05-29 21:09:43,869 : INFO : SwitchController : <<<<<<< 's_trough' inactive >>>>>>>
2019-05-29 21:09:44,042 : INFO : SwitchController : <<<<<<< 's_trough' active >>>>>>>
2019-05-29 21:09:44,536 : DEBUG : ball_device.bd_trough : Counted 1 balls. Active switches: ['s_trough']. Old: 0
2019-05-29 21:09:44,539 : DEBUG : ball_device.bd_trough : BCH: Counting. New count: 1 Old count: 0
2019-05-29 21:09:44,539 : DEBUG : ball_device.bd_trough : BCH: Found 1 new balls
2019-05-29 21:09:44,540 : DEBUG : ball_device.bd_trough : Received ball from <ball_device.bd_drain>
2019-05-29 21:09:44,540 : DEBUG : ball_device.bd_trough : Removing incoming ball from <ball_device.bd_drain>
2019-05-29 21:09:44,540 : DEBUG : ball_device.bd_trough : Processing new ball
2019-05-29 21:09:45,378 : INFO : Machine : Shutting down...
2019-05-29 21:09:45,409 : DEBUG : ball_device.bd_trough : Stopping ball device
2019-05-29 21:09:45,425 : ERROR : FAST : Stop called on serial connection com4
2019-05-29 21:09:45,425 : ERROR : FAST : Stop called on serial connection com5
2019-05-29 21:09:45,675 : INFO : root : MPF run loop ended.
