2019-09-25 22:42:33,252 : kivy : Factory: 194 symbols loaded
2019-09-25 22:42:33,861 : kivy : Image: Providers: img_tex, img_dds, img_sdl2, img_pil, img_gif (img_ffpyplayer ignored)
2019-09-25 22:42:34,221 : kivy : VideoGstplayer: Using Gstreamer 1.10.2.0
2019-09-25 22:42:34,221 : kivy : Video: Provider: gstplayer
2019-09-25 22:42:34,549 : kivy : Loading MPF-MC controller
2019-09-25 22:42:34,549 : mpfmc : Mission Pinball Framework Media Controller v0.50.8
2019-09-25 22:42:34,549 : mpfmc : Mission Pinball Framework Game Engine v0.50.17
2019-09-25 22:42:34,549 : mpfmc : Machine path: D:\POKEMON - 2
2019-09-25 22:42:34,564 : ConfigProcessor : Config file in cache changed: D:\POKEMON - 2\config\config
2019-09-25 22:42:36,080 : ConfigProcessor : Loading config from file c:\python34\lib\site-packages\mpfmc\mcconfig.yaml.
2019-09-25 22:42:36,283 : ConfigProcessor : Loading config: c:\python34\lib\site-packages\mpfmc\mcconfig.yaml
2019-09-25 22:42:36,283 : ConfigProcessor : Loading config from file D:\POKEMON - 2\config\config.
2019-09-25 22:42:36,439 : ConfigProcessor : Loading config: D:\POKEMON - 2\config\config
2019-09-25 22:42:36,439 : ConfigProcessor : Loading config: D:\POKEMON - 2\config\player_variables.yaml
2019-09-25 22:42:36,455 : ConfigProcessor : Loading config: D:\POKEMON - 2\config\key_mapping.yaml
2019-09-25 22:42:36,471 : ConfigProcessor : Config file cache created: C:\Users\MISSIO~1\AppData\Local\Temp\9066572af3754bcb4e8ca411bd20a237.mpf_cache
2019-09-25 22:42:36,486 : mpfmc : Starting clock at 60.0Hz
2019-09-25 22:42:36,580 : kivy : Text: Provider: sdl2
2019-09-25 22:42:38,205 : kivy : OSC: using <thread> for socket
2019-09-25 22:42:38,236 : kivy : Window: Provider: sdl2
2019-09-25 22:42:38,485 : kivy : GL: Using the "OpenGL" graphics system
2019-09-25 22:42:38,488 : kivy : GL: GLEW initialization succeeded
2019-09-25 22:42:38,489 : kivy : GL: Backend used <glew>
2019-09-25 22:42:38,489 : kivy : GL: OpenGL version <b'4.4.0 - Build 20.19.15.4835'>
2019-09-25 22:42:38,490 : kivy : GL: OpenGL vendor <b'Intel'>
2019-09-25 22:42:38,490 : kivy : GL: OpenGL renderer <b'Intel(R) HD Graphics'>
2019-09-25 22:42:38,490 : kivy : GL: OpenGL parsed version: 4, 4
2019-09-25 22:42:38,490 : kivy : GL: Shading version <b'4.40 - Build 20.19.15.4835'>
2019-09-25 22:42:38,491 : kivy : GL: Texture max size <16384>
2019-09-25 22:42:38,491 : kivy : GL: Texture max units <32>
2019-09-25 22:42:38,540 : kivy : Shader: fragment shader: <b"WARNING: 0:7: '' :  #version directive missing">
2019-09-25 22:42:38,542 : kivy : Shader: vertex shader: <b"WARNING: 0:7: '' :  #version directive missing">
2019-09-25 22:42:38,559 : kivy : Window: auto add sdl2 input provider
2019-09-25 22:42:38,560 : kivy : Window: virtual keyboard not allowed, single mode, not docked
2019-09-25 22:42:38,597 : SoundSystem : SoundSystem: Using default 'sound_system' settings
2019-09-25 22:42:40,553 : AudioInterface : Initialized
2019-09-25 22:42:40,554 : SoundSystem : No audio tracks are specified in your machine config file. a track named 'default' has been created.
2019-09-25 22:42:40,566 : kivy : Base: Start application main loop
2019-09-25 22:42:40,623 : mpfmc : Display: Setting 'window' as default display
2019-09-25 22:42:40,781 : ConfigProcessor : Loading config from cache: C:\Users\MISSIO~1\AppData\Local\Temp\d7f8a5ee622046c7da753c9c40514d63.mpf_cache
2019-09-25 22:42:40,796 : ConfigProcessor : Loading config from cache: C:\Users\MISSIO~1\AppData\Local\Temp\c8c985d122de6339937b15f5cde5ffe7.mpf_cache
2019-09-25 22:42:40,798 : ConfigProcessor : Loading config from cache: C:\Users\MISSIO~1\AppData\Local\Temp\d41d8cd98f00b204e9800998ecf8427e.mpf_cache
2019-09-25 22:42:40,800 : ConfigProcessor : Config file cache created: C:\Users\MISSIO~1\AppData\Local\Temp\d41d8cd98f00b204e9800998ecf8427e.mpf_cache
2019-09-25 22:42:40,805 : ConfigProcessor : Loading config from cache: C:\Users\MISSIO~1\AppData\Local\Temp\6f2a382b9c765c6a1f408e05b1d50db1.mpf_cache
2019-09-25 22:42:40,808 : ConfigProcessor : Loading config from cache: C:\Users\MISSIO~1\AppData\Local\Temp\4db3b4eb08bf5f2e1b30e7df1dec754e.mpf_cache
2019-09-25 22:42:40,826 : ConfigProcessor : Loading config from cache: C:\Users\MISSIO~1\AppData\Local\Temp\10f8871b1481fbf59bf30d5b3d29537e.mpf_cache
2019-09-25 22:42:40,834 : MPF-MC BCP Server : Starting up on localhost port 5050
2019-09-25 22:42:40,861 : MPF-MC BCP Server : Waiting for a connection...
2019-09-25 22:42:40,862 : mpfmc : SlidePlayer: Play called with settings={'slides': {'welcome_slide': {'slide': None, 'force': False, 'target': None, 'action': 'play', 'transition_out': None, 'show': True, 'expire': None, 'transition': None, 'background_color': [0.0, 0.0, 0.0, 1.0], 'priority': None}}}
2019-09-25 22:42:41,009 : kivy : GL: NPOT texture support is available
2019-09-25 22:43:06,512 : kivy : Base: Leaving application in progress...
2019-09-25 22:43:06,821 : mpfmc : Stopping...
2019-09-25 22:43:06,821 : mpfmc : Loop rate 77.2 Hz
2019-09-25 22:43:06,821 : kivy : MC run loop ended.
2019-09-25 22:43:06,821 : kivy : Stopping child threads... (3 remaining)
2019-09-25 22:43:06,903 : MPF-MC BCP Server : Stopping BCP sending thread
2019-09-25 22:43:06,903 : MPF-MC BCP Server : Stopping BCP listener thread
2019-09-25 22:43:07,919 : kivy : All child threads stopped.
