2019-12-19 18:40:45,041 : INFO : Machine : Mission Pinball Framework Core Engine v0.52.9
2019-12-19 18:40:45,041 : INFO : Machine : Command line arguments: {'force_platform': None, 'no_load_cache': False, 'bcp': True, 'create_config_cache': True, 'loglevel': 15, 'configfile': ['config.yaml'], 'consoleloglevel': 20, 'pause': False, 'syslog_address': None, 'text_ui': True, 'no_sound': False, 'logfile': 'logs\\2019-12-19-18-40-44-mpf-DESKTOP-I5I6D25.log', 'force_assets_load': False, 'mpfconfigfile': 'c:\\users\\mission pinball\\appdata\\local\\programs\\python\\python35\\lib\\site-packages\\mpf\\mpfconfig.yaml', 'production': False, 'mc_file_name': None, 'jsonlogging': False}
2019-12-19 18:40:45,041 : INFO : Machine : MPF path: c:\users\mission pinball\appdata\local\programs\python\python35\lib\site-packages\mpf
2019-12-19 18:40:45,041 : INFO : Machine : Machine path: E:\POKEMON - 3 - GYMS DISPLAYS
2019-12-19 18:40:45,041 : INFO : Machine : Platform: win32
2019-12-19 18:40:45,041 : INFO : Machine : Python executable location: c:\users\mission pinball\appdata\local\programs\python\python35\python.exe
2019-12-19 18:40:45,041 : INFO : Machine : Python version: 3.5.4 (64-bit)
2019-12-19 18:40:45,041 : INFO : Machine : Machine config file #1: config.yaml
2019-12-19 18:40:45,056 : INFO : ConfigProcessor : Loading config from cache: C:\Users\MISSIO~1\AppData\Local\Temp\e9c23ebab43a14b7e211b4dd18480f15.mpf_cache
2019-12-19 18:40:45,072 : INFO : Machine : Initialise MPF.
2019-12-19 18:40:45,650 : INFO : FAST : Connecting to com4 at 921600bps
2019-12-19 18:40:45,697 : INFO : FAST : Connected! Processor: NET, Board Type: FP-CPU-002-2, Firmware: 01.01
2019-12-19 18:40:45,697 : INFO : EventManager : Event: ======'machine_var_fast_net_firmware'====== Args={'prev_value': None, 'value': '01.01', 'change': True}
2019-12-19 18:40:45,697 : INFO : EventManager : Event: ======'machine_var_fast_net_model'====== Args={'prev_value': None, 'value': 'FP-CPU-002-2', 'change': True}
2019-12-19 18:40:45,697 : WARNING : FAST : Not resetting FAST NET because firmware is currently broken.
2019-12-19 18:40:45,822 : INFO : FAST : Connecting to com5 at 921600bps
2019-12-19 18:40:45,885 : INFO : FAST : Connected! Processor: RGB, Board Type: FP-CPU-002-2, Firmware: 01.00
2019-12-19 18:40:45,885 : INFO : EventManager : Event: ======'machine_var_fast_rgb_firmware'====== Args={'prev_value': None, 'value': '01.00', 'change': True}
2019-12-19 18:40:45,885 : INFO : EventManager : Event: ======'machine_var_fast_rgb_model'====== Args={'prev_value': None, 'value': 'FP-CPU-002-2', 'change': True}
2019-12-19 18:40:45,901 : INFO : EventManager : Event: ======'machine_var_credits_string'====== Args={'prev_value': None, 'value': 'FREE PLAY', 'change': True}
2019-12-19 18:40:46,182 : INFO : EventManager : Event: ======'machine_var_player1_score'====== Args={'prev_value': None, 'value': 183, 'change': True}
2019-12-19 18:40:46,182 : INFO : EventManager : Event: ======'machine_var_mpf_version'====== Args={'prev_value': None, 'value': 'MPF v0.52.9', 'change': True}
2019-12-19 18:40:46,182 : INFO : EventManager : Event: ======'machine_var_mpf_extended_version'====== Args={'prev_value': None, 'value': 'MPF v0.52.9, Config version:5, Show version: 5, BCP version:1.1', 'change': True}
2019-12-19 18:40:46,182 : INFO : EventManager : Event: ======'machine_var_python_version'====== Args={'prev_value': None, 'value': '3.5.4', 'change': True}
2019-12-19 18:40:46,182 : INFO : EventManager : Event: ======'machine_var_platform'====== Args={'prev_value': None, 'value': 'Windows-10-10.0.18362-SP0', 'change': True}
2019-12-19 18:40:46,182 : INFO : EventManager : Event: ======'machine_var_platform_system'====== Args={'prev_value': None, 'value': 'Windows', 'change': True}
2019-12-19 18:40:46,182 : INFO : EventManager : Event: ======'machine_var_platform_release'====== Args={'prev_value': None, 'value': '10', 'change': True}
2019-12-19 18:40:46,182 : INFO : EventManager : Event: ======'machine_var_platform_version'====== Args={'prev_value': None, 'value': '10.0.18362', 'change': True}
2019-12-19 18:40:46,182 : INFO : EventManager : Event: ======'machine_var_platform_machine'====== Args={'prev_value': None, 'value': 'AMD64', 'change': True}
2019-12-19 18:40:46,182 : INFO : EventManager : Event: ======'init_phase_1'====== Args={}
2019-12-19 18:40:46,385 : INFO : ConfigProcessor : Loading config from cache: C:\Users\MISSIO~1\AppData\Local\Temp\2ad3e4afc7b8ab807ff1625862e58922.mpf_cache
2019-12-19 18:40:46,416 : INFO : ConfigProcessor : Loading config from cache: C:\Users\MISSIO~1\AppData\Local\Temp\7c8a3dbd3a1f76b71c509d64239c80b0.mpf_cache
2019-12-19 18:40:46,447 : WARNING : ConfigProcessor : Config file in cache changed: E:\POKEMON - 3 - GYMS DISPLAYS\modes\score_display\config\score_display.yaml
2019-12-19 18:40:46,447 : INFO : ConfigProcessor : Loading config from file E:\POKEMON - 3 - GYMS DISPLAYS\modes\score_display\config\score_display.yaml.
2019-12-19 18:40:46,604 : INFO : ConfigProcessor : Loading config: E:\POKEMON - 3 - GYMS DISPLAYS\modes\score_display\config\score_display.yaml
2019-12-19 18:40:46,619 : INFO : ConfigProcessor : Config file cache created: C:\Users\MISSIO~1\AppData\Local\Temp\697775242c2892da86063c51f7d13ddb.mpf_cache
2019-12-19 18:40:46,619 : INFO : ConfigProcessor : Loading config from cache: C:\Users\MISSIO~1\AppData\Local\Temp\aacde2a5df2e44f5e01226064ab4c3c5.mpf_cache
2019-12-19 18:40:46,651 : INFO : ConfigProcessor : Loading config from cache: C:\Users\MISSIO~1\AppData\Local\Temp\9463ad916821e4687af4640a7d04ba98.mpf_cache
2019-12-19 18:40:46,697 : INFO : ConfigProcessor : Loading config from cache: C:\Users\MISSIO~1\AppData\Local\Temp\91c30393a7736530c48ab886a6ae90df.mpf_cache
2019-12-19 18:40:46,729 : INFO : ConfigProcessor : Loading config from cache: C:\Users\MISSIO~1\AppData\Local\Temp\691014465c877a30c4e85c0b37ef7391.mpf_cache
2019-12-19 18:40:46,760 : INFO : ConfigProcessor : Loading config from cache: C:\Users\MISSIO~1\AppData\Local\Temp\ffc5df461fc927df7502c20268b6e23c.mpf_cache
2019-12-19 18:40:46,791 : INFO : ConfigProcessor : Loading config from cache: C:\Users\MISSIO~1\AppData\Local\Temp\325be8140670be7b4f7f24b4ea9ecf41.mpf_cache
2019-12-19 18:40:46,822 : INFO : ConfigProcessor : Loading config from cache: C:\Users\MISSIO~1\AppData\Local\Temp\3512d3a51b29689f2a9a6db585213e7b.mpf_cache
2019-12-19 18:40:46,854 : INFO : ConfigProcessor : Loading config from cache: C:\Users\MISSIO~1\AppData\Local\Temp\aad48548988dd5e95d839b70bde2a6c9.mpf_cache
2019-12-19 18:40:46,885 : INFO : ConfigProcessor : Loading config from cache: C:\Users\MISSIO~1\AppData\Local\Temp\230c7edf879901b77e29ab003ecfd977.mpf_cache
2019-12-19 18:40:46,916 : INFO : ConfigProcessor : Loading config from cache: C:\Users\MISSIO~1\AppData\Local\Temp\d868708421ecefdd23b54f4fefaa5a63.mpf_cache
2019-12-19 18:40:46,947 : INFO : ConfigProcessor : Loading config from cache: C:\Users\MISSIO~1\AppData\Local\Temp\868965d45e8ef85973deb1cc43e3c6e9.mpf_cache
2019-12-19 18:40:46,979 : INFO : ConfigProcessor : Loading config from cache: C:\Users\MISSIO~1\AppData\Local\Temp\2bf399aa483f8a887eec2aa10342ca9f.mpf_cache
2019-12-19 18:40:47,010 : INFO : ConfigProcessor : Loading config from cache: C:\Users\MISSIO~1\AppData\Local\Temp\0c90eb48fda27bb17da0cfa70b6cea42.mpf_cache
2019-12-19 18:40:47,041 : INFO : ConfigProcessor : Loading config from cache: C:\Users\MISSIO~1\AppData\Local\Temp\4ed449c86f3920ad38c9f19e6b1fcd80.mpf_cache
2019-12-19 18:40:47,072 : INFO : ConfigProcessor : Loading config from cache: C:\Users\MISSIO~1\AppData\Local\Temp\da1c75dbc5d48bb99b7ea9aec7919bfa.mpf_cache
2019-12-19 18:40:47,104 : INFO : ConfigProcessor : Loading config from cache: C:\Users\MISSIO~1\AppData\Local\Temp\e94996e3615e593edab21d6f0e7b4569.mpf_cache
2019-12-19 18:40:47,135 : INFO : ConfigProcessor : Loading config from cache: C:\Users\MISSIO~1\AppData\Local\Temp\c4c39d8157ba863610e7d2b8306a4087.mpf_cache
2019-12-19 18:40:47,166 : INFO : ConfigProcessor : Loading config from cache: C:\Users\MISSIO~1\AppData\Local\Temp\03465e6905c319de2817a60078df797b.mpf_cache
2019-12-19 18:40:47,197 : INFO : ConfigProcessor : Loading config from cache: C:\Users\MISSIO~1\AppData\Local\Temp\1b6068dc0dcf1445cf37058c25ad802b.mpf_cache
2019-12-19 18:40:47,229 : INFO : ConfigProcessor : Loading config from cache: C:\Users\MISSIO~1\AppData\Local\Temp\db69f4aeb06b399317225bf0f2d24564.mpf_cache
2019-12-19 18:40:47,276 : INFO : ConfigProcessor : Loading config from cache: C:\Users\MISSIO~1\AppData\Local\Temp\c721f48534ae43d3f9c4e17312560aaa.mpf_cache
2019-12-19 18:40:47,322 : INFO : ConfigProcessor : Loading config from cache: C:\Users\MISSIO~1\AppData\Local\Temp\37af0ab3cb4984093f408b6580ccda04.mpf_cache
2019-12-19 18:40:47,354 : INFO : ConfigProcessor : Loading config from cache: C:\Users\MISSIO~1\AppData\Local\Temp\00b811264d7e79f39b66bcbc6609bb6e.mpf_cache
2019-12-19 18:40:47,494 : INFO : EventManager : Event: ======'drop_target_bank_right_bank_up'====== Args={}
2019-12-19 18:40:47,494 : INFO : EventManager : Event: ======'init_phase_2'====== Args={}
2019-12-19 18:40:47,494 : INFO : SwitchController : Found active switch: (('09', 1), <Platform.FAST>)
2019-12-19 18:40:47,619 : INFO : EventManager : Event: ======'bcp_connection_attempt'====== Args={'host': 'localhost', 'port': 5050, 'name': 'local_display'}
2019-12-19 18:40:47,635 : INFO : BCPClientSocket.local_display : Connecting BCP to 'local_display' at localhost:5050...
2019-12-19 18:40:48,666 : WARNING : FAST : Port com4 was blocked for more than 1s. Reseting send queue! If this happens frequently report a bug!
2019-12-19 18:40:49,666 : WARNING : FAST : Port com4 was blocked for more than 1s. Reseting send queue! If this happens frequently report a bug!
2019-12-19 18:40:59,443 : INFO : BCPClientSocket.local_display : Connected BCP to 'local_display' localhost:5050
2019-12-19 18:40:59,447 : INFO : EventManager : Event: ======'bcp_clients_connected'====== Args={}
2019-12-19 18:40:59,484 : INFO : EventManager : Event: ======'machine_var_master_volume'====== Args={'prev_value': None, 'value': 0.5, 'change': True}
2019-12-19 18:40:59,579 : INFO : EventManager : Event: ======'init_phase_3'====== Args={}
2019-12-19 18:40:59,606 : INFO : EventManager : Event: ======'init_phase_4'====== Args={}
2019-12-19 18:40:59,608 : INFO : EventManager : Event: ======'playfield_active'====== Args={}
2019-12-19 18:40:59,608 : INFO : EventManager : Event: ======'unexpected_ball_on_playfield'====== Args={}
2019-12-19 18:40:59,609 : INFO : EventManager : Event: ======'drop_target_drop2_down'====== Args={'device': <drop_target.drop2>}
2019-12-19 18:40:59,609 : INFO : EventManager : Event: ======'drop_target_bank_right_bank_mixed'====== Args={'down': 1}
2019-12-19 18:40:59,618 : INFO : EventManager : Event: ======'machine_var_audits_switches_s_drop_left'====== Args={'prev_value': None, 'value': 593, 'change': True}
2019-12-19 18:40:59,619 : INFO : EventManager : Event: ======'machine_var_audits_switches_s_sling_right'====== Args={'prev_value': None, 'value': 1242, 'change': True}
2019-12-19 18:40:59,620 : INFO : EventManager : Event: ======'machine_var_audits_switches_s_sling_left'====== Args={'prev_value': None, 'value': 1075, 'change': True}
2019-12-19 18:40:59,621 : INFO : EventManager : Event: ======'machine_var_audits_switches_s_flipper_left'====== Args={'prev_value': None, 'value': 7576, 'change': True}
2019-12-19 18:40:59,622 : INFO : EventManager : Event: ======'machine_var_audits_switches_s_saucer'====== Args={'prev_value': None, 'value': 1211, 'change': True}
2019-12-19 18:40:59,623 : INFO : EventManager : Event: ======'machine_var_audits_switches_s_pop_right'====== Args={'prev_value': None, 'value': 3634, 'change': True}
2019-12-19 18:40:59,624 : INFO : EventManager : Event: ======'machine_var_audits_switches_s_gym'====== Args={'prev_value': None, 'value': 459, 'change': True}
2019-12-19 18:40:59,625 : INFO : EventManager : Event: ======'machine_var_audits_switches_s_plunger_lane'====== Args={'prev_value': None, 'value': 88, 'change': True}
2019-12-19 18:40:59,626 : INFO : EventManager : Event: ======'machine_var_audits_switches_s_pop_top'====== Args={'prev_value': None, 'value': 1171, 'change': True}
2019-12-19 18:40:59,627 : INFO : EventManager : Event: ======'machine_var_audits_switches_s_pop_bottom'====== Args={'prev_value': None, 'value': 2930, 'change': True}
2019-12-19 18:40:59,629 : INFO : EventManager : Event: ======'machine_var_audits_switches_s_drop_right'====== Args={'prev_value': None, 'value': 519, 'change': True}
2019-12-19 18:40:59,630 : INFO : EventManager : Event: ======'machine_var_audits_switches_s_trough'====== Args={'prev_value': None, 'value': 1617, 'change': True}
2019-12-19 18:40:59,631 : INFO : EventManager : Event: ======'machine_var_audits_switches_s_drop_center'====== Args={'prev_value': None, 'value': 668, 'change': True}
2019-12-19 18:40:59,632 : INFO : EventManager : Event: ======'machine_var_audits_switches_s_flipper_right'====== Args={'prev_value': None, 'value': 11229, 'change': True}
2019-12-19 18:40:59,634 : INFO : EventManager : Event: ======'machine_var_audits_switches_s_pop_left'====== Args={'prev_value': None, 'value': 10, 'change': True}
2019-12-19 18:40:59,635 : INFO : EventManager : Event: ======'machine_var_audits_switches_s_start'====== Args={'prev_value': None, 'value': 62, 'change': True}
2019-12-19 18:40:59,636 : INFO : EventManager : Event: ======'machine_var_audits_switches_s_spinner'====== Args={'prev_value': None, 'value': 9259, 'change': True}
2019-12-19 18:40:59,638 : INFO : EventManager : Event: ======'machine_var_audits_switches_s_drain'====== Args={'prev_value': None, 'value': 2781, 'change': True}
2019-12-19 18:40:59,639 : INFO : EventManager : Event: ======'machine_var_audits_player_score'====== Args={'prev_value': None, 'value': {'total': 306, 'average': 242.90196078431373, 'top': [1053, 829, 828, 828, 808, 778, 726, 724, 722, 706]}, 'change': True}
2019-12-19 18:40:59,640 : INFO : EventManager : Event: ======'machine_var_audits_events_game_ended'====== Args={'prev_value': None, 'value': 287, 'change': True}
2019-12-19 18:40:59,641 : INFO : EventManager : Event: ======'machine_var_audits_events_game_started'====== Args={'prev_value': None, 'value': 362, 'change': True}
2019-12-19 18:40:59,643 : INFO : EventManager : Event: ======'init_phase_5'====== Args={}
2019-12-19 18:40:59,646 : INFO : EventManager : Event: ======'init_done'====== Args={}
2019-12-19 18:40:59,647 : WARNING : FAST : Port NET received more messages than were sent! Resetting!
2019-12-19 18:40:59,648 : WARNING : FAST : Port NET received more messages than were sent! Resetting!
2019-12-19 18:40:59,648 : WARNING : FAST : Port NET received more messages than were sent! Resetting!
2019-12-19 18:40:59,648 : WARNING : FAST : Port NET received more messages than were sent! Resetting!
2019-12-19 18:40:59,648 : WARNING : FAST : Port NET received more messages than were sent! Resetting!
2019-12-19 18:40:59,649 : WARNING : FAST : Port NET received more messages than were sent! Resetting!
2019-12-19 18:40:59,649 : WARNING : FAST : Port NET received more messages than were sent! Resetting!
2019-12-19 18:40:59,649 : WARNING : FAST : Port NET received more messages than were sent! Resetting!
2019-12-19 18:40:59,649 : WARNING : FAST : Port NET received more messages than were sent! Resetting!
2019-12-19 18:40:59,650 : WARNING : FAST : Port NET received more messages than were sent! Resetting!
2019-12-19 18:40:59,650 : WARNING : FAST : Port NET received more messages than were sent! Resetting!
2019-12-19 18:40:59,650 : WARNING : FAST : Port NET received more messages than were sent! Resetting!
2019-12-19 18:40:59,650 : WARNING : FAST : Port NET received more messages than were sent! Resetting!
2019-12-19 18:40:59,650 : WARNING : FAST : Port NET received more messages than were sent! Resetting!
2019-12-19 18:40:59,651 : WARNING : FAST : Port NET received more messages than were sent! Resetting!
2019-12-19 18:40:59,651 : WARNING : FAST : Port NET received more messages than were sent! Resetting!
2019-12-19 18:40:59,651 : WARNING : FAST : Port NET received more messages than were sent! Resetting!
2019-12-19 18:40:59,651 : WARNING : FAST : Port NET received more messages than were sent! Resetting!
2019-12-19 18:40:59,651 : WARNING : FAST : Port NET received more messages than were sent! Resetting!
2019-12-19 18:40:59,652 : WARNING : FAST : Port NET received more messages than were sent! Resetting!
2019-12-19 18:40:59,652 : WARNING : FAST : Port NET received more messages than were sent! Resetting!
2019-12-19 18:40:59,652 : WARNING : FAST : Port NET received more messages than were sent! Resetting!
2019-12-19 18:40:59,655 : INFO : EventManager : Event: ======'machine_reset_phase_1'====== Args={}
2019-12-19 18:40:59,664 : INFO : EventManager : Event: ======'slide_welcome_slide_removed'====== Args={'_from_bcp': True}
2019-12-19 18:40:59,674 : INFO : EventManager : Event: ======'slide_welcome_slide_created'====== Args={'_from_bcp': True}
2019-12-19 18:40:59,679 : INFO : EventManager : Event: ======'slide_welcome_slide_active'====== Args={'_from_bcp': True}
2019-12-19 18:40:59,696 : INFO : EventManager : Event: ======'machine_reset_phase_2'====== Args={}
2019-12-19 18:40:59,699 : INFO : EventManager : Event: ======'machine_reset_phase_3'====== Args={}
2019-12-19 18:40:59,701 : INFO : drop_target_bank.right_bank : 1 targets are down. Will reset those.
2019-12-19 18:40:59,703 : INFO : coil.c_drop_reset : Enabling Driver for 400ms (1.0 pulse_power)
2019-12-19 18:40:59,705 : INFO : EventManager : Event: ======'reset_complete'====== Args={}
2019-12-19 18:40:59,707 : INFO : EventManager : Event: ======'mode_attract_will_start'====== Args={}
2019-12-19 18:40:59,708 : INFO : EventManager : Event: ======'mode_attract_starting'====== Args={}
2019-12-19 18:40:59,709 : INFO : Mode.attract : Started. Priority: 10
2019-12-19 18:40:59,709 : INFO : EventManager : Event: ======'mode_attract_started'====== Args={}
2019-12-19 18:40:59,711 : INFO : EventManager : Event: ======'collecting_balls_complete'====== Args={}
2019-12-19 18:40:59,716 : INFO : Machine : Starting the main run loop.
2019-12-19 18:40:59,737 : INFO : EventManager : Event: ======'slide_attract_started_created'====== Args={'_from_bcp': True}
2019-12-19 18:40:59,742 : INFO : EventManager : Event: ======'slide_attract_started_active'====== Args={'_from_bcp': True}
2019-12-19 18:40:59,766 : INFO : SwitchController : <<<<<<< 's_drop_center' inactive >>>>>>>
2019-12-19 18:40:59,766 : INFO : EventManager : Event: ======'playfield_active'====== Args={}
2019-12-19 18:40:59,767 : INFO : EventManager : Event: ======'unexpected_ball_on_playfield'====== Args={}
2019-12-19 18:40:59,767 : INFO : EventManager : Event: ======'drop_target_drop2_up'====== Args={'device': <drop_target.drop2>}
2019-12-19 18:41:00,088 : INFO : coil.c_drop_reset : Disabling Driver
2019-12-19 18:41:00,197 : INFO : EventManager : Event: ======'restore'====== Args={}
2019-12-19 18:41:00,198 : INFO : EventManager : Event: ======'drop_target_bank_right_bank_up'====== Args={}
2019-12-19 18:41:00,262 : INFO : SwitchController : <<<<<<< 's_drop_left' active >>>>>>>
2019-12-19 18:41:00,263 : INFO : EventManager : Event: ======'playfield_active'====== Args={}
2019-12-19 18:41:00,264 : INFO : EventManager : Event: ======'unexpected_ball_on_playfield'====== Args={}
2019-12-19 18:41:00,264 : INFO : EventManager : Event: ======'drop_target_drop1_down'====== Args={'device': <drop_target.drop1>}
2019-12-19 18:41:00,265 : INFO : EventManager : Event: ======'drop_target_bank_right_bank_mixed'====== Args={'down': 1}
2019-12-19 18:41:16,919 : INFO : SwitchController : <<<<<<< 's_start' active >>>>>>>
2019-12-19 18:41:17,094 : INFO : SwitchController : <<<<<<< 's_start' inactive >>>>>>>
2019-12-19 18:41:17,095 : INFO : EventManager : Event: ======'request_to_start_game'====== Args={}
2019-12-19 18:41:17,112 : INFO : BallController : bd_trough contains 0 balls. Tags ['home', 'trough']
2019-12-19 18:41:17,112 : INFO : BallController : bd_drain contains 0 balls. Tags ['drain']
2019-12-19 18:41:17,113 : INFO : BallController : playfield contains 0 balls. Tags ['default']
2019-12-19 18:41:17,113 : INFO : BallController : bd_saucer contains 0 balls. Tags []
2019-12-19 18:41:17,113 : INFO : BallController : bd_plunger contains 0 balls. Tags []
2019-12-19 18:41:17,114 : WARNING : BallController : WARNING: BallController denies game start. Not enough balls. 0 found. 1 required
2019-12-19 18:41:24,006 : INFO : SwitchController : <<<<<<< 's_saucer' active >>>>>>>
2019-12-19 18:41:24,496 : INFO : EventManager : Event: ======'balldevice_bd_saucer_ball_count_changed'====== Args={'balls': 1}
2019-12-19 18:41:24,497 : INFO : EventManager : Event: ======'balldevice_captured_from_playfield'====== Args={'balls': 1}
2019-12-19 18:41:24,498 : INFO : EventManager : Event: ======'sw_playfield_active'====== Args={'balls': 1}
2019-12-19 18:41:24,499 : INFO : EventManager : Event: ======'playfield_active'====== Args={}
2019-12-19 18:41:24,499 : INFO : EventManager : Event: ======'unexpected_ball_on_playfield'====== Args={}
2019-12-19 18:41:24,499 : INFO : EventManager : Event: ======'playfield_ball_count_change'====== Args={'change': -1, 'balls': -1}
2019-12-19 18:41:24,502 : INFO : EventManager : Event: ======'balldevice_playfield_ball_enter'====== Args={'unclaimed_balls': 1, 'new_balls': 1, 'device': <playfield.playfield>}
2019-12-19 18:41:24,503 : INFO : EventManager : Event: ======'playfield_ball_count_change'====== Args={'change': 1, 'balls': 0}
2019-12-19 18:41:24,503 : INFO : BallController : Found a new ball which was captured from playfield. Known balls: 1
2019-12-19 18:41:24,503 : INFO : EventManager : Event: ======'found_new_ball'====== Args={}
2019-12-19 18:41:24,504 : INFO : EventManager : Event: ======'balldevice_bd_saucer_ball_enter'====== Args={'unclaimed_balls': 1, 'new_balls': 1, 'device': <ball_device.bd_saucer>, 'new_available_balls': 1}
2019-12-19 18:41:24,507 : INFO : EventManager : Event: ======'balldevice_balls_available'====== Args={}
2019-12-19 18:41:24,507 : INFO : EventManager : Event: ======'balldevice_balls_available'====== Args={}
2019-12-19 18:41:24,507 : INFO : EventManager : Event: ======'balldevice_bd_saucer_ball_entered'====== Args={'new_balls': 1, 'device': <ball_device.bd_saucer>}
2019-12-19 18:41:24,513 : INFO : EventManager : Event: ======'balldevice_bd_saucer_ball_eject_attempt'====== Args={'num_attempts': 0, 'source': <ball_device.bd_saucer>, 'target': <playfield.playfield>, 'mechanical_eject': False, 'balls': 1}
2019-12-19 18:41:24,515 : INFO : ball_device.bd_saucer : Ejecting ball to <playfield.playfield>
2019-12-19 18:41:24,517 : INFO : EventManager : Event: ======'balldevice_bd_saucer_ejecting_ball'====== Args={'num_attempts': 0, 'source': <ball_device.bd_saucer>, 'target': <playfield.playfield>, 'mechanical_eject': False, 'balls': 1}
2019-12-19 18:41:24,522 : INFO : coil.c_saucer : Pulsing Driver for 60ms (1.0 pulse_power)
2019-12-19 18:41:24,566 : INFO : SwitchController : <<<<<<< 's_saucer' inactive >>>>>>>
2019-12-19 18:41:25,667 : INFO : EventManager : Event: ======'balldevice_bd_saucer_ball_eject_success'====== Args={'target': <playfield.playfield>, 'balls': 1}
2019-12-19 18:41:25,670 : INFO : EventManager : Event: ======'balldevice_playfield_ball_enter'====== Args={'unclaimed_balls': 1, 'new_balls': 1, 'device': <playfield.playfield>}
2019-12-19 18:41:25,671 : INFO : EventManager : Event: ======'playfield_ball_count_change'====== Args={'change': 1, 'balls': 1}
2019-12-19 18:41:25,674 : INFO : EventManager : Event: ======'balldevice_bd_saucer_ball_count_changed'====== Args={'balls': 0}
2019-12-19 18:41:26,246 : INFO : SwitchController : <<<<<<< 's_pop_right' active >>>>>>>
2019-12-19 18:41:26,376 : INFO : SwitchController : <<<<<<< 's_pop_right' inactive >>>>>>>
2019-12-19 18:41:27,062 : INFO : SwitchController : <<<<<<< 's_pop_bottom' active >>>>>>>
2019-12-19 18:41:27,093 : INFO : SwitchController : <<<<<<< 's_pop_bottom' inactive >>>>>>>
2019-12-19 18:41:30,919 : INFO : SwitchController : <<<<<<< 's_drain' active >>>>>>>
2019-12-19 18:41:30,982 : INFO : SwitchController : <<<<<<< 's_drain' inactive >>>>>>>
2019-12-19 18:41:31,030 : INFO : SwitchController : <<<<<<< 's_drain' active >>>>>>>
2019-12-19 18:41:31,528 : INFO : EventManager : Event: ======'balldevice_bd_drain_ball_count_changed'====== Args={'balls': 1}
2019-12-19 18:41:31,529 : INFO : EventManager : Event: ======'balldevice_captured_from_playfield'====== Args={'balls': 1}
2019-12-19 18:41:31,532 : INFO : EventManager : Event: ======'sw_playfield_active'====== Args={'balls': 1}
2019-12-19 18:41:31,533 : INFO : EventManager : Event: ======'playfield_ball_count_change'====== Args={'change': -1, 'balls': 0}
2019-12-19 18:41:31,537 : INFO : EventManager : Event: ======'balldevice_bd_drain_ball_enter'====== Args={'unclaimed_balls': 1, 'new_balls': 1, 'device': <ball_device.bd_drain>, 'new_available_balls': 1}
2019-12-19 18:41:31,540 : INFO : EventManager : Event: ======'ball_drain'====== Args={'device': <ball_device.bd_drain>, 'balls': 1}
2019-12-19 18:41:31,543 : INFO : EventManager : Event: ======'balldevice_balls_available'====== Args={}
2019-12-19 18:41:31,543 : INFO : EventManager : Event: ======'balldevice_balls_available'====== Args={}
2019-12-19 18:41:31,544 : INFO : EventManager : Event: ======'balldevice_bd_drain_ball_entered'====== Args={'new_balls': 1, 'device': <ball_device.bd_drain>}
2019-12-19 18:41:31,553 : INFO : EventManager : Event: ======'balldevice_bd_drain_ball_eject_attempt'====== Args={'num_attempts': 0, 'source': <ball_device.bd_drain>, 'target': <ball_device.bd_trough>, 'mechanical_eject': False, 'balls': 1}
2019-12-19 18:41:31,557 : INFO : ball_device.bd_drain : Ejecting ball to <ball_device.bd_trough>
2019-12-19 18:41:31,559 : INFO : EventManager : Event: ======'balldevice_bd_drain_ejecting_ball'====== Args={'num_attempts': 0, 'source': <ball_device.bd_drain>, 'target': <ball_device.bd_trough>, 'mechanical_eject': False, 'balls': 1}
2019-12-19 18:41:31,567 : INFO : coil.c_drain : Pulsing Driver for 20ms (1.0 pulse_power)
2019-12-19 18:41:31,606 : INFO : SwitchController : <<<<<<< 's_drain' inactive >>>>>>>
2019-12-19 18:41:31,941 : INFO : SwitchController : <<<<<<< 's_trough' active >>>>>>>
2019-12-19 18:41:31,974 : INFO : SwitchController : <<<<<<< 's_trough' inactive >>>>>>>
2019-12-19 18:41:32,166 : INFO : SwitchController : <<<<<<< 's_trough' active >>>>>>>
2019-12-19 18:41:32,669 : INFO : EventManager : Event: ======'balldevice_bd_trough_ball_count_changed'====== Args={'balls': 1}
2019-12-19 18:41:32,670 : INFO : EventManager : Event: ======'balldevice_bd_trough_ball_enter'====== Args={'unclaimed_balls': 0, 'new_balls': 1, 'device': <ball_device.bd_trough>, 'new_available_balls': 0}
2019-12-19 18:41:32,673 : INFO : EventManager : Event: ======'ball_drain'====== Args={'device': <ball_device.bd_trough>, 'balls': 0}
2019-12-19 18:41:32,676 : INFO : EventManager : Event: ======'balldevice_bd_trough_ball_entered'====== Args={'new_balls': 0, 'device': <ball_device.bd_trough>}
2019-12-19 18:41:32,679 : INFO : EventManager : Event: ======'balldevice_bd_drain_ball_eject_success'====== Args={'target': <ball_device.bd_trough>, 'balls': 1}
2019-12-19 18:41:32,683 : INFO : EventManager : Event: ======'balldevice_bd_drain_ball_count_changed'====== Args={'balls': 0}
2019-12-19 18:41:32,965 : INFO : SwitchController : <<<<<<< 's_start' active >>>>>>>
2019-12-19 18:41:33,191 : INFO : SwitchController : <<<<<<< 's_start' inactive >>>>>>>
2019-12-19 18:41:33,191 : INFO : EventManager : Event: ======'request_to_start_game'====== Args={}
2019-12-19 18:41:33,208 : INFO : EventManager : Event: ======'game_start'====== Args={'buttons': [], 'hold_time': 0.2190000000409782}
2019-12-19 18:41:33,209 : INFO : EventManager : Event: ======'mode_game_will_start'====== Args={'buttons': [], 'hold_time': 0.2190000000409782}
2019-12-19 18:41:33,216 : INFO : EventManager : Event: ======'mode_game_starting'====== Args={'buttons': [], 'hold_time': 0.2190000000409782}
2019-12-19 18:41:33,216 : INFO : EventManager : Event: ======'mode_attract_will_stop'====== Args={}
2019-12-19 18:41:33,217 : INFO : EventManager : Event: ======'mode_attract_stopping'====== Args={}
2019-12-19 18:41:33,218 : INFO : Mode.attract : Stopped.
2019-12-19 18:41:33,219 : INFO : EventManager : Event: ======'mode_attract_stopped'====== Args={}
2019-12-19 18:41:33,219 : INFO : EventManager : Event: ======'clear'====== Args={'key': 'attract'}
2019-12-19 18:41:33,220 : INFO : Mode.game : Started. Priority: 20
2019-12-19 18:41:33,220 : INFO : EventManager : Event: ======'mode_game_started'====== Args={'buttons': [], 'hold_time': 0.2190000000409782}
2019-12-19 18:41:33,223 : INFO : EventManager : Event: ======'game_will_start'====== Args={}
2019-12-19 18:41:33,228 : INFO : EventManager : Event: ======'game_starting'====== Args={'game': <Mode.game>}
2019-12-19 18:41:33,230 : INFO : EventManager : Event: ======'player_add_request'====== Args={}
2019-12-19 18:41:33,232 : INFO : EventManager : Event: ======'player_will_add'====== Args={'number': 1}
2019-12-19 18:41:33,235 : INFO : EventManager : Event: ======'player_adding'====== Args={'player': <Player 1>, 'number': 1}
2019-12-19 18:41:33,236 : INFO : EventManager : Event: ======'player_added'====== Args={'num': 1, 'player': <Player 1>}
2019-12-19 18:41:33,236 : INFO : Mode.game : Player added successfully. Total players: 1
2019-12-19 18:41:33,237 : INFO : EventManager : Event: ======'player_index'====== Args={'prev_value': 0, 'value': 0, 'change': 0, 'player_num': 1}
2019-12-19 18:41:33,239 : INFO : EventManager : Event: ======'player_score'====== Args={'prev_value': 0, 'value': 0, 'change': 0, 'player_num': 1}
2019-12-19 18:41:33,240 : INFO : EventManager : Event: ======'player_gym2_drop_targets'====== Args={'prev_value': 0, 'value': 0, 'change': 0, 'player_num': 1}
2019-12-19 18:41:33,241 : INFO : EventManager : Event: ======'player_pikachu_exp'====== Args={'prev_value': 1, 'value': 1, 'change': 0, 'player_num': 1}
2019-12-19 18:41:33,242 : INFO : EventManager : Event: ======'player_gym3_spinner'====== Args={'prev_value': 0, 'value': 0, 'change': 0, 'player_num': 1}
2019-12-19 18:41:33,243 : INFO : EventManager : Event: ======'player_raichu_exp'====== Args={'prev_value': 1, 'value': 1, 'change': 0, 'player_num': 1}
2019-12-19 18:41:33,244 : INFO : EventManager : Event: ======'player_gym4_slingshot'====== Args={'prev_value': 0, 'value': 0, 'change': 0, 'player_num': 1}
2019-12-19 18:41:33,245 : INFO : EventManager : Event: ======'player_pichu_exp'====== Args={'prev_value': 1, 'value': 1, 'change': 0, 'player_num': 1}
2019-12-19 18:41:33,246 : INFO : EventManager : Event: ======'player_gym5_drop_targets'====== Args={'prev_value': 0, 'value': 0, 'change': 0, 'player_num': 1}
2019-12-19 18:41:33,247 : INFO : EventManager : Event: ======'player_gym1_pop'====== Args={'prev_value': 0, 'value': 0, 'change': 0, 'player_num': 1}
2019-12-19 18:41:33,248 : INFO : EventManager : Event: ======'player_number'====== Args={'prev_value': 1, 'value': 1, 'change': 0, 'player_num': 1}
2019-12-19 18:41:33,249 : INFO : EventManager : Event: ======'player_gym6_gym'====== Args={'prev_value': 0, 'value': 0, 'change': 0, 'player_num': 1}
2019-12-19 18:41:33,254 : INFO : EventManager : Event: ======'game_started'====== Args={}
2019-12-19 18:41:33,257 : INFO : EventManager : Event: ======'player_turn_will_start'====== Args={'number': 1, 'player': <Player 1>}
2019-12-19 18:41:33,259 : INFO : EventManager : Event: ======'player_turn_starting'====== Args={'number': 1, 'player': <Player 1>}
2019-12-19 18:41:33,261 : INFO : EventManager : Event: ======'player_ball'====== Args={'prev_value': 0, 'value': 1, 'change': 1, 'player_num': 1}
2019-12-19 18:41:33,262 : INFO : EventManager : Event: ======'player_turn_started'====== Args={'number': 1, 'player': <Player 1>}
2019-12-19 18:41:33,263 : INFO : EventManager : Event: ======'slide_layout_3_mini_created'====== Args={'_from_bcp': True}
2019-12-19 18:41:33,266 : INFO : EventManager : Event: ======'ball_will_start'====== Args={'player': 1, 'ball': 1, 'is_extra_ball': False, 'balls_remaining': 2}
2019-12-19 18:41:33,268 : INFO : EventManager : Event: ======'ball_starting'====== Args={'player': 1, 'ball': 1, 'is_extra_ball': False, 'balls_remaining': 2}
2019-12-19 18:41:33,270 : INFO : EventManager : Event: ======'mode_score_display_will_start'====== Args={'player': 1, 'ball': 1, 'queue': <QueuedEvent>, 'is_extra_ball': False, 'balls_remaining': 2}
2019-12-19 18:41:33,273 : INFO : EventManager : Duplicate handler for class PluginPlayer.widgets on event player_added with priority 300. Handlers: [RegisteredHandler(callback=<bound method ConfigPlayer.config_play_callback of PluginPlayer.widgets>, priority=300, kwargs={'mode': <Mode.score_display>, 'calling_context': 'player_added{num==3}', 'settings': {'player_3_lcd_info_widget': {'key': None, 'action': 'add', 'target': None, 'priority': 0, 'slide': 'mode_score_display_started'}}}, key=UUID('578c322e-9d4e-4cfe-8789-7d46c55241aa'), condition=<mpf.core.placeholder_manager.BoolTemplate object at 0x000002AC1AC38AB0>, blocking_facility=None)]
2019-12-19 18:41:33,274 : INFO : EventManager : Duplicate handler for class PluginPlayer.widgets on event player_added with priority 300. Handlers: [RegisteredHandler(callback=<bound method ConfigPlayer.config_play_callback of PluginPlayer.widgets>, priority=300, kwargs={'mode': <Mode.score_display>, 'calling_context': 'player_added{num==3}', 'settings': {'player_3_lcd_info_widget': {'key': None, 'action': 'add', 'target': None, 'priority': 0, 'slide': 'mode_score_display_started'}}}, key=UUID('578c322e-9d4e-4cfe-8789-7d46c55241aa'), condition=<mpf.core.placeholder_manager.BoolTemplate object at 0x000002AC1AC38AB0>, blocking_facility=None)]
2019-12-19 18:41:33,274 : INFO : EventManager : Duplicate handler for class PluginPlayer.widgets on event player_added with priority 300. Handlers: [RegisteredHandler(callback=<bound method ConfigPlayer.config_play_callback of PluginPlayer.widgets>, priority=300, kwargs={'mode': <Mode.score_display>, 'calling_context': 'player_added{num==4}', 'settings': {'player_4_lcd_info_widget': {'key': None, 'action': 'add', 'target': None, 'priority': 0, 'slide': 'mode_score_display_started'}}}, key=UUID('440390ac-6035-4469-8dbd-710d55e50da5'), condition=<mpf.core.placeholder_manager.BoolTemplate object at 0x000002AC1AC38E10>, blocking_facility=None)]
2019-12-19 18:41:33,277 : INFO : EventManager : Event: ======'mode_score_display_starting'====== Args={'player': 1, 'ball': 1, 'queue': <QueuedEvent>, 'is_extra_ball': False, 'balls_remaining': 2}
2019-12-19 18:41:33,278 : INFO : EventManager : Event: ======'mode_base_will_start'====== Args={'player': 1, 'ball': 1, 'queue': <QueuedEvent>, 'is_extra_ball': False, 'balls_remaining': 2}
2019-12-19 18:41:33,281 : INFO : EventManager : Event: ======'mode_base_starting'====== Args={'player': 1, 'ball': 1, 'queue': <QueuedEvent>, 'is_extra_ball': False, 'balls_remaining': 2}
2019-12-19 18:41:33,281 : INFO : drop_target_bank.right_bank : 1 targets are down. Will reset those.
2019-12-19 18:41:33,282 : INFO : coil.c_drop_reset : Enabling Driver for 400ms (1.0 pulse_power)
2019-12-19 18:41:33,285 : INFO : Mode.base : Started. Priority: 31
2019-12-19 18:41:33,285 : INFO : EventManager : Event: ======'mode_base_started'====== Args={'player': 1, 'ball': 1, 'queue': <QueuedEvent>, 'is_extra_ball': False, 'balls_remaining': 2}
2019-12-19 18:41:33,287 : INFO : EventManager : Event: ======'start_mode_pichu'====== Args={'priority': 0}
2019-12-19 18:41:33,288 : INFO : EventManager : Event: ======'mode_pichu_will_start'====== Args={'priority': 0}
2019-12-19 18:41:33,302 : INFO : EventManager : Event: ======'mode_pichu_starting'====== Args={'priority': 0}
2019-12-19 18:41:33,302 : INFO : Mode.pichu : Started. Priority: 75
2019-12-19 18:41:33,303 : INFO : EventManager : Event: ======'mode_pichu_started'====== Args={'priority': 0}
2019-12-19 18:41:33,305 : INFO : Mode.score_display : Started. Priority: 300
2019-12-19 18:41:33,305 : INFO : EventManager : Event: ======'mode_score_display_started'====== Args={'player': 1, 'ball': 1, 'queue': <QueuedEvent>, 'is_extra_ball': False, 'balls_remaining': 2}
2019-12-19 18:41:33,308 : INFO : EventManager : Event: ======'balls_in_play'====== Args={'balls': 1}
2019-12-19 18:41:33,309 : INFO : EventManager : Event: ======'ball_started'====== Args={'player': 1, 'ball': 1, 'is_extra_ball': False, 'balls_remaining': 2}
2019-12-19 18:41:33,312 : INFO : EventManager : Event: ======'start_gym0_event'====== Args={'priority': 0}
2019-12-19 18:41:33,319 : INFO : EventManager : Event: ======'mode_gym0_will_start'====== Args={'priority': 0}
2019-12-19 18:41:33,323 : INFO : EventManager : Event: ======'mode_gym0_starting'====== Args={'priority': 0}
2019-12-19 18:41:33,323 : INFO : Mode.gym0 : Started. Priority: 200
2019-12-19 18:41:33,323 : INFO : EventManager : Event: ======'mode_gym0_started'====== Args={'priority': 0}
2019-12-19 18:41:33,327 : INFO : EventManager : Event: ======'single_player_ball_started'====== Args={}
2019-12-19 18:41:33,328 : INFO : EventManager : Event: ======'slide_layout_3_mini_active'====== Args={'_from_bcp': True}
2019-12-19 18:41:33,332 : INFO : EventManager : Event: ======'balldevice_balls_available'====== Args={}
2019-12-19 18:41:33,338 : INFO : EventManager : Event: ======'slide_layout_3_mini_removed'====== Args={'_from_bcp': True}
2019-12-19 18:41:33,341 : INFO : EventManager : Event: ======'balldevice_bd_trough_ball_eject_attempt'====== Args={'num_attempts': 0, 'source': <ball_device.bd_trough>, 'target': <ball_device.bd_plunger>, 'mechanical_eject': True, 'balls': 1}
2019-12-19 18:41:33,345 : INFO : ball_device.bd_trough : Ejecting ball to <ball_device.bd_plunger>
2019-12-19 18:41:33,345 : INFO : EventManager : Event: ======'balldevice_bd_trough_ejecting_ball'====== Args={'num_attempts': 0, 'source': <ball_device.bd_trough>, 'target': <ball_device.bd_plunger>, 'mechanical_eject': True, 'balls': 1}
2019-12-19 18:41:33,350 : INFO : coil.c_trough : Pulsing Driver for 7ms (1.0 pulse_power)
2019-12-19 18:41:33,386 : INFO : EventManager : Event: ======'slide_layout_3_mini_created'====== Args={'_from_bcp': True}
2019-12-19 18:41:33,388 : INFO : SwitchController : <<<<<<< 's_drop_left' inactive >>>>>>>
2019-12-19 18:41:33,389 : INFO : EventManager : Event: ======'playfield_active'====== Args={}
2019-12-19 18:41:33,389 : INFO : EventManager : Event: ======'unexpected_ball_on_playfield'====== Args={}
2019-12-19 18:41:33,389 : INFO : EventManager : Event: ======'drop_target_drop1_up'====== Args={'device': <drop_target.drop1>}
2019-12-19 18:41:33,412 : INFO : EventManager : Event: ======'slide_slide_mode_pichu_started_created'====== Args={'_from_bcp': True}
2019-12-19 18:41:33,439 : INFO : EventManager : Event: ======'slide_slide_mode_score_display_started_created'====== Args={'_from_bcp': True}
2019-12-19 18:41:33,445 : INFO : SwitchController : <<<<<<< 's_trough' inactive >>>>>>>
2019-12-19 18:41:33,458 : INFO : EventManager : Event: ======'slide_slide_mode_gym0_started_created'====== Args={'_from_bcp': True}
2019-12-19 18:41:33,466 : INFO : EventManager : Event: ======'slide_layout_3_mini_active'====== Args={'_from_bcp': True}
2019-12-19 18:41:33,510 : INFO : EventManager : Event: ======'slide_slide_mode_pichu_started_active'====== Args={'_from_bcp': True}
2019-12-19 18:41:33,511 : INFO : EventManager : Event: ======'slide_slide_mode_score_display_started_active'====== Args={'_from_bcp': True}
2019-12-19 18:41:33,512 : INFO : EventManager : Event: ======'slide_slide_mode_gym0_started_active'====== Args={'_from_bcp': True}
2019-12-19 18:41:33,666 : INFO : coil.c_drop_reset : Disabling Driver
2019-12-19 18:41:33,775 : INFO : EventManager : Event: ======'restore'====== Args={}
2019-12-19 18:41:33,776 : INFO : EventManager : Event: ======'drop_target_bank_right_bank_up'====== Args={}
2019-12-19 18:41:33,846 : INFO : SwitchController : <<<<<<< 's_drop_center' active >>>>>>>
2019-12-19 18:41:33,847 : INFO : EventManager : Event: ======'s_drop_center_active'====== Args={}
2019-12-19 18:41:33,847 : INFO : EventManager : Event: ======'playfield_active'====== Args={}
2019-12-19 18:41:33,848 : INFO : EventManager : Event: ======'unexpected_ball_on_playfield'====== Args={}
2019-12-19 18:41:33,849 : INFO : EventManager : Event: ======'drop_target_drop2_down'====== Args={'device': <drop_target.drop2>}
2019-12-19 18:41:33,849 : INFO : EventManager : Event: ======'drop_target_bank_right_bank_mixed'====== Args={'down': 1}
2019-12-19 18:41:33,866 : INFO : EventManager : Event: ======'machine_var_audits_switches_s_drop_center'====== Args={'prev_value': 668, 'value': 669, 'change': 1}
2019-12-19 18:41:33,872 : INFO : EventManager : Event: ======'check_evolve_pichu'====== Args={'priority': 0}
2019-12-19 18:41:33,873 : INFO : EventManager : Event: ======'player_score'====== Args={'prev_value': 0, 'value': 7, 'change': 7, 'player_num': 1}
2019-12-19 18:41:33,875 : INFO : EventManager : Event: ======'player_pichu_exp'====== Args={'prev_value': 1, 'value': 8, 'change': 7, 'player_num': 1}
2019-12-19 18:41:35,206 : INFO : SwitchController : <<<<<<< 's_start' active >>>>>>>
2019-12-19 18:41:35,207 : INFO : EventManager : Event: ======'sw_start'====== Args={}
2019-12-19 18:41:35,224 : INFO : EventManager : Event: ======'machine_var_audits_switches_s_start'====== Args={'prev_value': 62, 'value': 63, 'change': 1}
2019-12-19 18:41:35,228 : INFO : EventManager : Event: ======'player_add_request'====== Args={}
2019-12-19 18:41:35,229 : INFO : EventManager : Event: ======'player_will_add'====== Args={'number': 2}
2019-12-19 18:41:35,233 : INFO : EventManager : Event: ======'player_adding'====== Args={'player': <Player 2>, 'number': 2}
2019-12-19 18:41:35,234 : INFO : EventManager : Event: ======'player_added'====== Args={'num': 2, 'player': <Player 2>}
2019-12-19 18:41:35,235 : INFO : Mode.game : Player added successfully. Total players: 2
2019-12-19 18:41:35,238 : INFO : EventManager : Event: ======'multiplayer_game'====== Args={}
2019-12-19 18:41:35,241 : INFO : EventManager : Event: ======'player_index'====== Args={'prev_value': 1, 'value': 1, 'change': 0, 'player_num': 2}
2019-12-19 18:41:35,243 : INFO : EventManager : Event: ======'player_score'====== Args={'prev_value': 0, 'value': 0, 'change': 0, 'player_num': 2}
2019-12-19 18:41:35,245 : INFO : EventManager : Event: ======'player_gym2_drop_targets'====== Args={'prev_value': 0, 'value': 0, 'change': 0, 'player_num': 2}
2019-12-19 18:41:35,247 : INFO : EventManager : Event: ======'player_pikachu_exp'====== Args={'prev_value': 1, 'value': 1, 'change': 0, 'player_num': 2}
2019-12-19 18:41:35,249 : INFO : EventManager : Event: ======'player_gym3_spinner'====== Args={'prev_value': 0, 'value': 0, 'change': 0, 'player_num': 2}
2019-12-19 18:41:35,251 : INFO : EventManager : Event: ======'player_raichu_exp'====== Args={'prev_value': 1, 'value': 1, 'change': 0, 'player_num': 2}
2019-12-19 18:41:35,253 : INFO : EventManager : Event: ======'player_gym4_slingshot'====== Args={'prev_value': 0, 'value': 0, 'change': 0, 'player_num': 2}
2019-12-19 18:41:35,255 : INFO : EventManager : Event: ======'player_pichu_exp'====== Args={'prev_value': 1, 'value': 1, 'change': 0, 'player_num': 2}
2019-12-19 18:41:35,256 : INFO : EventManager : Event: ======'player_gym5_drop_targets'====== Args={'prev_value': 0, 'value': 0, 'change': 0, 'player_num': 2}
2019-12-19 18:41:35,257 : INFO : EventManager : Event: ======'player_gym1_pop'====== Args={'prev_value': 0, 'value': 0, 'change': 0, 'player_num': 2}
2019-12-19 18:41:35,258 : INFO : EventManager : Event: ======'player_number'====== Args={'prev_value': 2, 'value': 2, 'change': 0, 'player_num': 2}
2019-12-19 18:41:35,259 : INFO : EventManager : Event: ======'player_gym6_gym'====== Args={'prev_value': 0, 'value': 0, 'change': 0, 'player_num': 2}
2019-12-19 18:41:35,446 : INFO : SwitchController : <<<<<<< 's_start' inactive >>>>>>>
2019-12-19 18:41:36,393 : INFO : Machine : Shutting down...
2019-12-19 18:41:36,393 : INFO : EventManager : Event: ======'shutdown'====== Args={}
2019-12-19 18:41:36,427 : ERROR : FAST : Stop called on serial connection com5
2019-12-19 18:41:36,429 : ERROR : FAST : Stop called on serial connection com4
2019-12-19 18:41:36,658 : INFO : root : MPF run loop ended.
