2019-12-14 10:24:57,837 : INFO : Machine : Mission Pinball Framework Core Engine v0.50.17
2019-12-14 10:24:57,837 : INFO : Machine : Command line arguments: {'production': False, 'create_config_cache': True, 'mpfconfigfile': 'c:\\python34\\lib\\site-packages\\mpf\\mpfconfig.yaml', 'loglevel': 15, 'syslog_address': None, 'mc_file_name': None, 'text_ui': True, 'logfile': 'logs\\2019-12-14-10-24-57-mpf-DESKTOP-I5I6D25.log', 'no_load_cache': False, 'pause': False, 'configfile': ['config.yaml'], 'force_assets_load': False, 'bcp': True, 'consoleloglevel': 20, 'force_platform': None}
2019-12-14 10:24:57,837 : INFO : Machine : MPF path: c:\python34\lib\site-packages\mpf
2019-12-14 10:24:57,852 : INFO : Machine : Machine path: E:\POKEMON - 3 - GYMS DISPLAYS
2019-12-14 10:24:57,852 : INFO : Machine : Platform: win32
2019-12-14 10:24:57,852 : INFO : Machine : Python executable location: c:\python34\python.exe
2019-12-14 10:24:57,852 : INFO : Machine : Python version: 3.4.4 (64-bit)
2019-12-14 10:24:59,728 : INFO : Machine : Machine config file #1: config.yaml
2019-12-14 10:24:59,728 : INFO : ConfigProcessor : Loading config from cache: C:\Users\MISSIO~1\AppData\Local\Temp\ea212a0c8bdfa5028f5ffb6b971ae718.mpf_cache
2019-12-14 10:24:59,774 : WARNING : ConfigProcessor : Config file in cache changed: E:\POKEMON - 3 - GYMS DISPLAYS\config\player_variables.yaml
2019-12-14 10:24:59,774 : INFO : ConfigProcessor : Loading config from file c:\python34\lib\site-packages\mpf\mpfconfig.yaml.
2019-12-14 10:25:00,149 : INFO : ConfigProcessor : Loading config: c:\python34\lib\site-packages\mpf\mpfconfig.yaml
2019-12-14 10:25:00,149 : INFO : ConfigProcessor : Loading config from file E:\POKEMON - 3 - GYMS DISPLAYS\config\config.yaml.
2019-12-14 10:25:00,368 : INFO : ConfigProcessor : Loading config: E:\POKEMON - 3 - GYMS DISPLAYS\config\config.yaml
2019-12-14 10:25:00,399 : INFO : ConfigProcessor : Loading config: E:\POKEMON - 3 - GYMS DISPLAYS\config\player_variables.yaml
2019-12-14 10:25:00,431 : INFO : ConfigProcessor : Loading config: E:\POKEMON - 3 - GYMS DISPLAYS\config\key_mapping.yaml
2019-12-14 10:25:00,446 : INFO : ConfigProcessor : Config file cache created: C:\Users\MISSIO~1\AppData\Local\Temp\ea212a0c8bdfa5028f5ffb6b971ae718.mpf_cache
2019-12-14 10:25:00,477 : INFO : Machine : Initialise MPF.
2019-12-14 10:25:01,290 : INFO : FAST : Connecting to com4 at 921600bps
2019-12-14 10:25:01,337 : INFO : FAST : Connected! Processor: NET, Board Type: FP-CPU-002-2, Firmware: 01.01
2019-12-14 10:25:01,337 : WARNING : FAST : Not resetting FAST NET because firmware is currently broken.
2019-12-14 10:25:01,399 : INFO : FAST : Connecting to com5 at 921600bps
2019-12-14 10:25:01,462 : INFO : FAST : Connected! Processor: RGB, Board Type: FP-CPU-002-2, Firmware: 01.00
2019-12-14 10:25:02,024 : INFO : ConfigProcessor : Loading config from cache: C:\Users\MISSIO~1\AppData\Local\Temp\aad48548988dd5e95d839b70bde2a6c9.mpf_cache
2019-12-14 10:25:02,040 : INFO : ConfigProcessor : Loading config from cache: C:\Users\MISSIO~1\AppData\Local\Temp\7c8a3dbd3a1f76b71c509d64239c80b0.mpf_cache
2019-12-14 10:25:02,055 : INFO : ConfigProcessor : Loading config from cache: C:\Users\MISSIO~1\AppData\Local\Temp\e94996e3615e593edab21d6f0e7b4569.mpf_cache
2019-12-14 10:25:02,055 : INFO : ConfigProcessor : Loading config from cache: C:\Users\MISSIO~1\AppData\Local\Temp\03465e6905c319de2817a60078df797b.mpf_cache
2019-12-14 10:25:02,087 : INFO : ConfigProcessor : Loading config from cache: C:\Users\MISSIO~1\AppData\Local\Temp\00b811264d7e79f39b66bcbc6609bb6e.mpf_cache
2019-12-14 10:25:02,102 : INFO : ConfigProcessor : Loading config from cache: C:\Users\MISSIO~1\AppData\Local\Temp\0c90eb48fda27bb17da0cfa70b6cea42.mpf_cache
2019-12-14 10:25:02,118 : INFO : ConfigProcessor : Loading config from cache: C:\Users\MISSIO~1\AppData\Local\Temp\91c30393a7736530c48ab886a6ae90df.mpf_cache
2019-12-14 10:25:02,134 : INFO : ConfigProcessor : Loading config from cache: C:\Users\MISSIO~1\AppData\Local\Temp\10f8871b1481fbf59bf30d5b3d29537e.mpf_cache
2019-12-14 10:25:02,180 : INFO : ConfigProcessor : Loading config from cache: C:\Users\MISSIO~1\AppData\Local\Temp\37af0ab3cb4984093f408b6580ccda04.mpf_cache
2019-12-14 10:25:02,196 : INFO : ConfigProcessor : Loading config from cache: C:\Users\MISSIO~1\AppData\Local\Temp\c4c39d8157ba863610e7d2b8306a4087.mpf_cache
2019-12-14 10:25:02,212 : INFO : ConfigProcessor : Loading config from cache: C:\Users\MISSIO~1\AppData\Local\Temp\2ad3e4afc7b8ab807ff1625862e58922.mpf_cache
2019-12-14 10:25:02,227 : INFO : ConfigProcessor : Loading config from cache: C:\Users\MISSIO~1\AppData\Local\Temp\868965d45e8ef85973deb1cc43e3c6e9.mpf_cache
2019-12-14 10:25:02,243 : INFO : ConfigProcessor : Loading config from cache: C:\Users\MISSIO~1\AppData\Local\Temp\aacde2a5df2e44f5e01226064ab4c3c5.mpf_cache
2019-12-14 10:25:02,259 : INFO : ConfigProcessor : Loading config from cache: C:\Users\MISSIO~1\AppData\Local\Temp\2bf399aa483f8a887eec2aa10342ca9f.mpf_cache
2019-12-14 10:25:02,274 : INFO : ConfigProcessor : Loading config from cache: C:\Users\MISSIO~1\AppData\Local\Temp\691014465c877a30c4e85c0b37ef7391.mpf_cache
2019-12-14 10:25:02,290 : INFO : ConfigProcessor : Loading config from cache: C:\Users\MISSIO~1\AppData\Local\Temp\230c7edf879901b77e29ab003ecfd977.mpf_cache
2019-12-14 10:25:02,305 : INFO : ConfigProcessor : Loading config from cache: C:\Users\MISSIO~1\AppData\Local\Temp\1b6068dc0dcf1445cf37058c25ad802b.mpf_cache
2019-12-14 10:25:02,321 : INFO : ConfigProcessor : Loading config from cache: C:\Users\MISSIO~1\AppData\Local\Temp\da1c75dbc5d48bb99b7ea9aec7919bfa.mpf_cache
2019-12-14 10:25:02,337 : INFO : ConfigProcessor : Loading config from cache: C:\Users\MISSIO~1\AppData\Local\Temp\325be8140670be7b4f7f24b4ea9ecf41.mpf_cache
2019-12-14 10:25:02,352 : INFO : ConfigProcessor : Loading config from cache: C:\Users\MISSIO~1\AppData\Local\Temp\3512d3a51b29689f2a9a6db585213e7b.mpf_cache
2019-12-14 10:25:02,368 : INFO : ConfigProcessor : Loading config from cache: C:\Users\MISSIO~1\AppData\Local\Temp\ffc5df461fc927df7502c20268b6e23c.mpf_cache
2019-12-14 10:25:02,384 : INFO : ConfigProcessor : Loading config from cache: C:\Users\MISSIO~1\AppData\Local\Temp\9463ad916821e4687af4640a7d04ba98.mpf_cache
2019-12-14 10:25:02,399 : INFO : ConfigProcessor : Loading config from cache: C:\Users\MISSIO~1\AppData\Local\Temp\4ed449c86f3920ad38c9f19e6b1fcd80.mpf_cache
2019-12-14 10:25:02,415 : INFO : ConfigProcessor : Loading config from cache: C:\Users\MISSIO~1\AppData\Local\Temp\d868708421ecefdd23b54f4fefaa5a63.mpf_cache
2019-12-14 10:25:02,430 : INFO : ConfigProcessor : Loading config from cache: C:\Users\MISSIO~1\AppData\Local\Temp\c8c985d122de6339937b15f5cde5ffe7.mpf_cache
2019-12-14 10:25:02,493 : DEBUG : coil.c_trough : Configuring device with settings: '{'allow_enable': False, 'default_pulse_power': None, 'platform_settings': {}, 'default_hold_power': None, 'psu': <psu.default>, 'default_pulse_ms': 7, 'debug': True, 'enable_events': {}, 'max_hold_power': None, 'pulse_events': {}, 'disable_events': {}, 'file_log': 'full', 'console_log': 'full', 'max_pulse_ms': None, 'number': '1-1', 'max_pulse_power': 1.0, 'platform': None, 'default_recycle': False, 'tags': [], 'label': '%'}'
2019-12-14 10:25:02,493 : DEBUG : coil.c_trough : Configuring device with settings: '{'allow_enable': False, 'default_pulse_power': None, 'platform_settings': {'recycle_ms': None, 'connection': 'auto'}, 'default_hold_power': None, 'psu': <psu.default>, 'default_pulse_ms': 7, 'debug': True, 'enable_events': {}, 'max_hold_power': None, 'pulse_events': {}, 'disable_events': {}, 'file_log': 'full', 'console_log': 'full', 'max_pulse_ms': None, 'number': '1-1', 'max_pulse_power': 1.0, 'platform': None, 'default_recycle': False, 'tags': [], 'label': '%'}'
2019-12-14 10:25:02,524 : DEBUG : ball_device.bd_trough : Configuring device with settings: '{'hold_coil_release_time': 1000, 'max_eject_attempts': 0, 'target_on_unexpected_ball': None, 'debug': True, 'player_controlled_eject_event': None, 'idle_missing_ball_timeout': 5.0, 'eject_timeouts': [], 'console_log': 'full', 'hold_events': {}, 'entrance_count_delay': 500, 'retries_before_increasing_pulse': 4, 'entrance_switch': None, 'eject_events': {}, 'entrance_switch_full_timeout': 0, 'request_ball_events': [], 'eject_coil_jam_pulse': None, 'label': '%', 'entrance_events': {}, 'exit_count_delay': 500, 'entrance_event_timeout': 5.0, 'eject_all_events': {}, 'ball_missing_timeouts': [], 'auto_fire_on_unexpected_ball': True, 'ball_missing_target': <playfield.playfield>, 'eject_coil_max_wait_ms': 200, 'hold_coil': None, 'jam_switch': None, 'eject_coil': <coil.c_trough>, 'file_log': 'full', 'hold_switches': [], 'eject_coil_reorder_pulse': None, 'mechanical_eject': False, 'confirm_eject_type': 'target', 'captures_from': <playfield.playfield>, 'ball_switches': [<switch.s_trough>], 'ball_capacity': None, 'confirm_eject_event': None, 'ball_search_order': 200, 'eject_coil_enable_time': [], 'eject_targets': [<ball_device.bd_plunger>], 'tags': ['home', 'trough'], 'confirm_eject_switch': None, 'eject_coil_retry_pulse': None}'
2019-12-14 10:25:02,727 : INFO : BCPClientSocket.local_display : Connecting BCP to 'local_display' at localhost:5050...
2019-12-14 10:25:03,806 : WARNING : FAST : Port com4 was blocked for more than 1s. Reseting send queue! If this happens frequently report a bug!
2019-12-14 10:25:04,821 : WARNING : FAST : Port com4 was blocked for more than 1s. Reseting send queue! If this happens frequently report a bug!
2019-12-14 10:25:05,808 : WARNING : FAST : Port com4 was blocked for more than 1s. Reseting send queue! If this happens frequently report a bug!
2019-12-14 10:25:08,965 : INFO : BCPClientSocket.local_display : Connected BCP to 'local_display' localhost:5050
2019-12-14 10:25:09,019 : DEBUG : ball_device.bd_trough : Counted 0 balls. Active switches: []. Old: None
2019-12-14 10:25:09,023 : DEBUG : ball_device.bd_trough : State: idle
2019-12-14 10:25:09,024 : DEBUG : ball_device.bd_trough : Waiting for eject request.
2019-12-14 10:25:09,128 : DEBUG : ball_device.bd_trough : Counted 0 balls. Active switches: []. Old: 0
2019-12-14 10:25:09,143 : WARNING : FAST : Port NET received more messages than were sent! Resetting!
2019-12-14 10:25:09,143 : WARNING : FAST : Port NET received more messages than were sent! Resetting!
2019-12-14 10:25:09,143 : WARNING : FAST : Port NET received more messages than were sent! Resetting!
2019-12-14 10:25:09,144 : WARNING : FAST : Port NET received more messages than were sent! Resetting!
2019-12-14 10:25:09,144 : WARNING : FAST : Port NET received more messages than were sent! Resetting!
2019-12-14 10:25:09,144 : WARNING : FAST : Port NET received more messages than were sent! Resetting!
2019-12-14 10:25:09,145 : WARNING : FAST : Port NET received more messages than were sent! Resetting!
2019-12-14 10:25:09,145 : WARNING : FAST : Port NET received more messages than were sent! Resetting!
2019-12-14 10:25:09,145 : WARNING : FAST : Port NET received more messages than were sent! Resetting!
2019-12-14 10:25:09,145 : WARNING : FAST : Port NET received more messages than were sent! Resetting!
2019-12-14 10:25:09,146 : WARNING : FAST : Port NET received more messages than were sent! Resetting!
2019-12-14 10:25:09,146 : WARNING : FAST : Port NET received more messages than were sent! Resetting!
2019-12-14 10:25:09,146 : WARNING : FAST : Port NET received more messages than were sent! Resetting!
2019-12-14 10:25:09,147 : WARNING : FAST : Port NET received more messages than were sent! Resetting!
2019-12-14 10:25:09,147 : WARNING : FAST : Port NET received more messages than were sent! Resetting!
2019-12-14 10:25:09,147 : WARNING : FAST : Port NET received more messages than were sent! Resetting!
2019-12-14 10:25:09,147 : WARNING : FAST : Port NET received more messages than were sent! Resetting!
2019-12-14 10:25:09,148 : WARNING : FAST : Port NET received more messages than were sent! Resetting!
2019-12-14 10:25:09,148 : WARNING : FAST : Port NET received more messages than were sent! Resetting!
2019-12-14 10:25:09,148 : WARNING : FAST : Port NET received more messages than were sent! Resetting!
2019-12-14 10:25:09,149 : WARNING : FAST : Port NET received more messages than were sent! Resetting!
2019-12-14 10:25:09,151 : WARNING : FAST : Port NET received more messages than were sent! Resetting!
2019-12-14 10:25:09,151 : WARNING : FAST : Port NET received more messages than were sent! Resetting!
2019-12-14 10:25:09,152 : WARNING : FAST : Port NET received more messages than were sent! Resetting!
2019-12-14 10:25:09,152 : WARNING : FAST : Port NET received more messages than were sent! Resetting!
2019-12-14 10:25:09,153 : WARNING : FAST : Port NET received more messages than were sent! Resetting!
2019-12-14 10:25:09,154 : WARNING : FAST : Port NET received more messages than were sent! Resetting!
2019-12-14 10:25:09,154 : WARNING : FAST : Port NET received more messages than were sent! Resetting!
2019-12-14 10:25:09,155 : WARNING : FAST : Port NET received more messages than were sent! Resetting!
2019-12-14 10:25:09,155 : WARNING : FAST : Port NET received more messages than were sent! Resetting!
2019-12-14 10:25:09,157 : WARNING : FAST : Port NET received more messages than were sent! Resetting!
2019-12-14 10:25:09,157 : WARNING : FAST : Port NET received more messages than were sent! Resetting!
2019-12-14 10:25:09,157 : WARNING : FAST : Port NET received more messages than were sent! Resetting!
2019-12-14 10:25:09,364 : INFO : coil.c_drop_reset : Enabling Driver for 400ms (1.0 pulse_power)
2019-12-14 10:25:09,373 : INFO : Mode.attract : Started. Priority: 10
2019-12-14 10:25:09,379 : INFO : Machine : Starting the main run loop.
2019-12-14 10:25:09,746 : INFO : coil.c_drop_reset : Disabling Driver
2019-12-14 10:25:09,922 : INFO : SwitchController : <<<<<<< 's_drop_center' active >>>>>>>
2019-12-14 10:25:10,786 : INFO : SwitchController : <<<<<<< 's_start' active >>>>>>>
2019-12-14 10:25:11,154 : INFO : SwitchController : <<<<<<< 's_start' inactive >>>>>>>
2019-12-14 10:25:11,172 : WARNING : BallController : WARNING: BallController denies game start. Not enough balls. 0 found. 1 required
2019-12-14 10:25:11,794 : INFO : SwitchController : <<<<<<< 's_start' active >>>>>>>
2019-12-14 10:25:11,938 : INFO : SwitchController : <<<<<<< 's_start' inactive >>>>>>>
2019-12-14 10:25:11,958 : WARNING : BallController : WARNING: BallController denies game start. Not enough balls. 0 found. 1 required
2019-12-14 10:25:12,065 : INFO : SwitchController : <<<<<<< 's_start' active >>>>>>>
2019-12-14 10:25:12,145 : INFO : SwitchController : <<<<<<< 's_start' inactive >>>>>>>
2019-12-14 10:25:12,162 : WARNING : BallController : WARNING: BallController denies game start. Not enough balls. 0 found. 1 required
2019-12-14 10:25:12,257 : INFO : SwitchController : <<<<<<< 's_start' active >>>>>>>
2019-12-14 10:25:12,337 : INFO : SwitchController : <<<<<<< 's_start' inactive >>>>>>>
2019-12-14 10:25:12,355 : WARNING : BallController : WARNING: BallController denies game start. Not enough balls. 0 found. 1 required
2019-12-14 10:25:12,433 : INFO : SwitchController : <<<<<<< 's_start' active >>>>>>>
2019-12-14 10:25:12,497 : INFO : SwitchController : <<<<<<< 's_start' inactive >>>>>>>
2019-12-14 10:25:12,515 : WARNING : BallController : WARNING: BallController denies game start. Not enough balls. 0 found. 1 required
2019-12-14 10:25:12,609 : INFO : SwitchController : <<<<<<< 's_start' active >>>>>>>
2019-12-14 10:25:12,689 : INFO : SwitchController : <<<<<<< 's_start' inactive >>>>>>>
2019-12-14 10:25:12,708 : WARNING : BallController : WARNING: BallController denies game start. Not enough balls. 0 found. 1 required
2019-12-14 10:25:13,137 : INFO : SwitchController : <<<<<<< 's_start' active >>>>>>>
2019-12-14 10:25:13,249 : INFO : SwitchController : <<<<<<< 's_start' inactive >>>>>>>
2019-12-14 10:25:13,266 : WARNING : BallController : WARNING: BallController denies game start. Not enough balls. 0 found. 1 required
2019-12-14 10:25:20,561 : INFO : SwitchController : <<<<<<< 's_start' active >>>>>>>
2019-12-14 10:25:20,835 : INFO : SwitchController : <<<<<<< 's_start' inactive >>>>>>>
2019-12-14 10:25:20,861 : WARNING : BallController : WARNING: BallController denies game start. Not enough balls. 0 found. 1 required
2019-12-14 10:25:21,521 : INFO : SwitchController : <<<<<<< 's_start' active >>>>>>>
2019-12-14 10:25:21,665 : INFO : SwitchController : <<<<<<< 's_start' inactive >>>>>>>
2019-12-14 10:25:21,690 : WARNING : BallController : WARNING: BallController denies game start. Not enough balls. 0 found. 1 required
2019-12-14 10:25:22,048 : INFO : SwitchController : <<<<<<< 's_start' active >>>>>>>
2019-12-14 10:25:22,448 : INFO : SwitchController : <<<<<<< 's_start' inactive >>>>>>>
2019-12-14 10:25:22,466 : WARNING : BallController : WARNING: BallController denies game start. Not enough balls. 0 found. 1 required
2019-12-14 10:25:27,661 : INFO : Machine : Shutting down...
2019-12-14 10:25:27,676 : DEBUG : ball_device.bd_trough : Stopping ball device
2019-12-14 10:25:27,692 : ERROR : FAST : Stop called on serial connection com4
2019-12-14 10:25:27,692 : ERROR : FAST : Stop called on serial connection com5
2019-12-14 10:25:27,926 : INFO : root : MPF run loop ended.
