2019-10-11 14:33:41,699 : kivy : Factory: 194 symbols loaded
2019-10-11 14:33:43,371 : kivy : Image: Providers: img_tex, img_dds, img_sdl2, img_pil, img_gif (img_ffpyplayer ignored)
2019-10-11 14:33:44,731 : kivy : VideoGstplayer: Using Gstreamer 1.10.2.0
2019-10-11 14:33:44,731 : kivy : Video: Provider: gstplayer
2019-10-11 14:33:45,699 : kivy : Loading MPF-MC controller
2019-10-11 14:33:45,699 : mpfmc : Mission Pinball Framework Media Controller v0.50.8
2019-10-11 14:33:45,699 : mpfmc : Mission Pinball Framework Game Engine v0.50.17
2019-10-11 14:33:45,715 : mpfmc : Machine path: D:\POKEMON - 2
2019-10-11 14:33:45,715 : ConfigProcessor : Config file in cache changed: D:\POKEMON - 2\config\config
2019-10-11 14:33:47,699 : ConfigProcessor : Loading config from file c:\python34\lib\site-packages\mpfmc\mcconfig.yaml.
2019-10-11 14:33:47,965 : ConfigProcessor : Loading config: c:\python34\lib\site-packages\mpfmc\mcconfig.yaml
2019-10-11 14:33:47,965 : ConfigProcessor : Loading config from file D:\POKEMON - 2\config\config.
2019-10-11 14:33:48,168 : ConfigProcessor : Loading config: D:\POKEMON - 2\config\config
2019-10-11 14:33:48,184 : ConfigProcessor : Loading config: D:\POKEMON - 2\config\player_variables.yaml
2019-10-11 14:33:48,215 : ConfigProcessor : Loading config: D:\POKEMON - 2\config\key_mapping.yaml
2019-10-11 14:33:48,231 : ConfigProcessor : Config file cache created: C:\Users\MISSIO~1\AppData\Local\Temp\9066572af3754bcb4e8ca411bd20a237.mpf_cache
2019-10-11 14:33:48,231 : mpfmc : Starting clock at 60.0Hz
2019-10-11 14:33:48,684 : kivy : Text: Provider: sdl2
2019-10-11 14:33:51,230 : kivy : OSC: using <thread> for socket
2019-10-11 14:33:51,262 : kivy : Window: Provider: sdl2
2019-10-11 14:33:52,263 : kivy : GL: Using the "OpenGL" graphics system
2019-10-11 14:33:52,286 : kivy : GL: GLEW initialization succeeded
2019-10-11 14:33:52,290 : kivy : GL: Backend used <glew>
2019-10-11 14:33:52,295 : kivy : GL: OpenGL version <b'4.4.0 - Build 20.19.15.4835'>
2019-10-11 14:33:52,297 : kivy : GL: OpenGL vendor <b'Intel'>
2019-10-11 14:33:52,299 : kivy : GL: OpenGL renderer <b'Intel(R) HD Graphics'>
2019-10-11 14:33:52,302 : kivy : GL: OpenGL parsed version: 4, 4
2019-10-11 14:33:52,304 : kivy : GL: Shading version <b'4.40 - Build 20.19.15.4835'>
2019-10-11 14:33:52,309 : kivy : GL: Texture max size <16384>
2019-10-11 14:33:52,311 : kivy : GL: Texture max units <32>
2019-10-11 14:33:52,453 : kivy : Shader: fragment shader: <b"WARNING: 0:7: '' :  #version directive missing">
2019-10-11 14:33:52,461 : kivy : Shader: vertex shader: <b"WARNING: 0:7: '' :  #version directive missing">
2019-10-11 14:33:52,528 : kivy : Window: auto add sdl2 input provider
2019-10-11 14:33:52,530 : kivy : Window: virtual keyboard not allowed, single mode, not docked
2019-10-11 14:33:52,598 : SoundSystem : SoundSystem: Using default 'sound_system' settings
2019-10-11 14:34:02,053 : AudioInterface : Initialized
2019-10-11 14:34:02,058 : SoundSystem : No audio tracks are specified in your machine config file. a track named 'default' has been created.
2019-10-11 14:34:02,073 : kivy : Base: Start application main loop
2019-10-11 14:34:02,173 : mpfmc : Display: Setting 'window' as default display
2019-10-11 14:34:02,487 : ConfigProcessor : Loading config from cache: C:\Users\MISSIO~1\AppData\Local\Temp\10f8871b1481fbf59bf30d5b3d29537e.mpf_cache
2019-10-11 14:34:02,495 : ConfigProcessor : Loading config from cache: C:\Users\MISSIO~1\AppData\Local\Temp\d7f8a5ee622046c7da753c9c40514d63.mpf_cache
2019-10-11 14:34:02,515 : ConfigProcessor : Loading config from cache: C:\Users\MISSIO~1\AppData\Local\Temp\b016e39aaa9fcc310b2c911cb998ccc7.mpf_cache
2019-10-11 14:34:02,561 : ConfigProcessor : Loading config from cache: C:\Users\MISSIO~1\AppData\Local\Temp\4db3b4eb08bf5f2e1b30e7df1dec754e.mpf_cache
2019-10-11 14:34:02,584 : ConfigProcessor : Loading config from cache: C:\Users\MISSIO~1\AppData\Local\Temp\6f2a382b9c765c6a1f408e05b1d50db1.mpf_cache
2019-10-11 14:34:02,588 : ConfigProcessor : Loading config from cache: C:\Users\MISSIO~1\AppData\Local\Temp\c8c985d122de6339937b15f5cde5ffe7.mpf_cache
2019-10-11 14:34:02,602 : MPF-MC BCP Server : Starting up on localhost port 5050
2019-10-11 14:34:02,645 : MPF-MC BCP Server : Waiting for a connection...
2019-10-11 14:34:02,646 : mpfmc : SlidePlayer: Play called with settings={'slides': {'welcome_slide': {'action': 'play', 'transition': None, 'slide': None, 'show': True, 'expire': None, 'target': None, 'background_color': [0.0, 0.0, 0.0, 1.0], 'priority': None, 'transition_out': None, 'force': False}}}
2019-10-11 14:34:03,028 : kivy : GL: NPOT texture support is available
2019-10-11 14:34:09,537 : kivy : Base: Leaving application in progress...
2019-10-11 14:34:09,884 : mpfmc : Stopping...
2019-10-11 14:34:09,884 : mpfmc : Loop rate 67.58 Hz
2019-10-11 14:34:09,884 : kivy : MC run loop ended.
2019-10-11 14:34:09,884 : kivy : Stopping child threads... (3 remaining)
2019-10-11 14:34:10,884 : MPF-MC BCP Server : Stopping BCP listener thread
2019-10-11 14:34:10,884 : MPF-MC BCP Server : Stopping BCP sending thread
2019-10-11 14:34:11,087 : kivy : All child threads stopped.
