2019-11-20 19:52:44,427 : kivy : Factory: 194 symbols loaded
2019-11-20 19:52:45,459 : kivy : Image: Providers: img_tex, img_dds, img_sdl2, img_pil, img_gif (img_ffpyplayer ignored)
2019-11-20 19:52:46,630 : kivy : VideoGstplayer: Using Gstreamer 1.10.2.0
2019-11-20 19:52:46,646 : kivy : Video: Provider: gstplayer
2019-11-20 19:52:47,224 : kivy : Loading MPF-MC controller
2019-11-20 19:52:47,224 : mpfmc : Mission Pinball Framework Media Controller v0.50.8
2019-11-20 19:52:47,224 : mpfmc : Mission Pinball Framework Game Engine v0.50.17
2019-11-20 19:52:47,224 : mpfmc : Machine path: D:\POKEMON - 2
2019-11-20 19:52:47,240 : ConfigProcessor : Config file in cache changed: D:\POKEMON - 2\config\config
2019-11-20 19:52:48,740 : ConfigProcessor : Loading config from file c:\python34\lib\site-packages\mpfmc\mcconfig.yaml.
2019-11-20 19:52:48,943 : ConfigProcessor : Loading config: c:\python34\lib\site-packages\mpfmc\mcconfig.yaml
2019-11-20 19:52:48,959 : ConfigProcessor : Loading config from file D:\POKEMON - 2\config\config.
2019-11-20 19:52:49,130 : ConfigProcessor : Loading config: D:\POKEMON - 2\config\config
2019-11-20 19:52:49,162 : ConfigProcessor : Loading config: D:\POKEMON - 2\config\player_variables.yaml
2019-11-20 19:52:49,193 : ConfigProcessor : Loading config: D:\POKEMON - 2\config\key_mapping.yaml
2019-11-20 19:52:49,208 : ConfigProcessor : Config file cache created: C:\Users\MISSIO~1\AppData\Local\Temp\9066572af3754bcb4e8ca411bd20a237.mpf_cache
2019-11-20 19:52:49,208 : mpfmc : Starting clock at 60.0Hz
2019-11-20 19:52:49,443 : kivy : Text: Provider: sdl2
2019-11-20 19:52:51,099 : kivy : OSC: using <thread> for socket
2019-11-20 19:52:51,240 : kivy : Window: Provider: sdl2
2019-11-20 19:52:51,716 : kivy : GL: Using the "OpenGL" graphics system
2019-11-20 19:52:51,720 : kivy : GL: GLEW initialization succeeded
2019-11-20 19:52:51,721 : kivy : GL: Backend used <glew>
2019-11-20 19:52:51,721 : kivy : GL: OpenGL version <b'4.4.0 - Build 20.19.15.4835'>
2019-11-20 19:52:51,721 : kivy : GL: OpenGL vendor <b'Intel'>
2019-11-20 19:52:51,722 : kivy : GL: OpenGL renderer <b'Intel(R) HD Graphics'>
2019-11-20 19:52:51,723 : kivy : GL: OpenGL parsed version: 4, 4
2019-11-20 19:52:51,723 : kivy : GL: Shading version <b'4.40 - Build 20.19.15.4835'>
2019-11-20 19:52:51,724 : kivy : GL: Texture max size <16384>
2019-11-20 19:52:51,724 : kivy : GL: Texture max units <32>
2019-11-20 19:52:51,785 : kivy : Shader: fragment shader: <b"WARNING: 0:7: '' :  #version directive missing">
2019-11-20 19:52:51,787 : kivy : Shader: vertex shader: <b"WARNING: 0:7: '' :  #version directive missing">
2019-11-20 19:52:51,809 : kivy : Window: auto add sdl2 input provider
2019-11-20 19:52:51,810 : kivy : Window: virtual keyboard not allowed, single mode, not docked
2019-11-20 19:52:51,853 : SoundSystem : SoundSystem: Using default 'sound_system' settings
2019-11-20 19:52:58,953 : AudioInterface : Initialized
2019-11-20 19:52:58,954 : SoundSystem : No audio tracks are specified in your machine config file. a track named 'default' has been created.
2019-11-20 19:52:58,966 : kivy : Base: Start application main loop
2019-11-20 19:52:59,039 : mpfmc : Display: Setting 'window' as default display
2019-11-20 19:52:59,213 : ConfigProcessor : Loading config from cache: C:\Users\MISSIO~1\AppData\Local\Temp\10f8871b1481fbf59bf30d5b3d29537e.mpf_cache
2019-11-20 19:52:59,220 : ConfigProcessor : Loading config from cache: C:\Users\MISSIO~1\AppData\Local\Temp\6808cd8b5ba8b06b28d827981f3b2b15.mpf_cache
2019-11-20 19:52:59,242 : ConfigProcessor : Loading config from cache: C:\Users\MISSIO~1\AppData\Local\Temp\358e8f7f798064734531a27f21b0f2ba.mpf_cache
2019-11-20 19:52:59,257 : ConfigProcessor : Loading config from cache: C:\Users\MISSIO~1\AppData\Local\Temp\7617ad08085ea70a79f3bb3393b07073.mpf_cache
2019-11-20 19:52:59,274 : ConfigProcessor : Loading config from cache: C:\Users\MISSIO~1\AppData\Local\Temp\6f2a382b9c765c6a1f408e05b1d50db1.mpf_cache
2019-11-20 19:52:59,278 : ConfigProcessor : Loading config from cache: C:\Users\MISSIO~1\AppData\Local\Temp\c8c985d122de6339937b15f5cde5ffe7.mpf_cache
2019-11-20 19:52:59,281 : ConfigProcessor : Loading config from cache: C:\Users\MISSIO~1\AppData\Local\Temp\4db3b4eb08bf5f2e1b30e7df1dec754e.mpf_cache
2019-11-20 19:52:59,299 : ConfigProcessor : Loading config from cache: C:\Users\MISSIO~1\AppData\Local\Temp\d7f8a5ee622046c7da753c9c40514d63.mpf_cache
2019-11-20 19:52:59,315 : ConfigProcessor : Loading config from cache: C:\Users\MISSIO~1\AppData\Local\Temp\b016e39aaa9fcc310b2c911cb998ccc7.mpf_cache
2019-11-20 19:52:59,333 : ConfigProcessor : Loading config from cache: C:\Users\MISSIO~1\AppData\Local\Temp\2adad5b38c59418b36795145d5af6cba.mpf_cache
2019-11-20 19:52:59,373 : MPF-MC BCP Server : Starting up on localhost port 5050
2019-11-20 19:52:59,402 : MPF-MC BCP Server : Waiting for a connection...
2019-11-20 19:52:59,403 : mpfmc : SlidePlayer: Play called with settings={'slides': {'welcome_slide': {'expire': None, 'action': 'play', 'priority': None, 'background_color': [0.0, 0.0, 0.0, 1.0], 'force': False, 'target': None, 'slide': None, 'show': True, 'transition_out': None, 'transition': None}}}
2019-11-20 19:52:59,609 : kivy : GL: NPOT texture support is available
2019-11-20 19:53:00,314 : MPF-MC BCP Server : Received connection from: 127.0.0.1:50053
2019-11-20 19:53:00,507 : BcpProcessor : Received invalid BCP command: mode_list
2019-11-20 19:53:00,569 : mpfmc : SlidePlayer: Play called with settings={'slides': {'welcome_slide': {'expire': None, 'action': 'play', 'priority': None, 'background_color': [0.0, 0.0, 0.0, 1.0], 'force': False, 'target': None, 'slide': None, 'show': True, 'transition_out': None, 'transition': None}}}
2019-11-20 19:53:00,621 : mpfmc : SlidePlayer: Play called with settings={'slides': {'attract_started': {'expire': None, 'action': 'play', 'priority': None, 'background_color': [0.0, 0.0, 0.0, 1.0], 'force': False, 'target': None, 'slide': None, 'show': True, 'transition_out': None, 'transition': None}}}
2019-11-20 19:53:04,936 : mpfmc : SlidePlayer: Play called with settings={'slides': {'widgets': {'expire': None, 'widgets': [{'color': [1.0, 1.0, 1.0, 1.0], 'valign': 'middle', 'style': None, 'z': 0, 'halign': 'center', 'round_anchor_y': None, 'number_grouping': True, 'adjust_right': 0, 'scale': 1.0, '_default_settings': ['font_size'], 'adjust_left': 0, 'opacity': 1.0, 'round_anchor_x': None, 'type': 'text', 'text': '(score)', 'expire': None, 'italic': False, 'font_kerning': True, 'min_digits': 2, 'y': '400', 'bitmap_font': False, 'casing': None, 'adjust_bottom': 0, 'adjust_top': 0, 'rotation': 0, 'x': '0', 'key': None, 'bold': False, 'anchor_x': 'left', 'font_size': 100, 'animations': None, 'reset_animations_events': [], 'anchor_y': 'bottom'}, {'color': [1.0, 1.0, 1.0, 1.0], 'valign': 'middle', 'style': None, 'z': 0, 'halign': 'center', 'round_anchor_y': None, 'number_grouping': True, 'adjust_right': 0, 'scale': 1.0, '_default_settings': ['font_size'], 'adjust_left': 0, 'opacity': 1.0, 'round_anchor_x': None, 'type': 'text', 'text': 'PICHU EXP (pichu_exp)/100', 'expire': None, 'italic': False, 'font_kerning': True, 'min_digits': 2, 'y': '70', 'bitmap_font': False, 'casing': None, 'adjust_bottom': 0, 'adjust_top': 0, 'rotation': 0, 'x': '10', 'key': None, 'bold': False, 'anchor_x': 'left', 'font_size': 50, 'animations': None, 'reset_animations_events': [], 'anchor_y': 'bottom'}, {'color': [1.0, 1.0, 1.0, 1.0], 'valign': 'middle', 'style': None, 'z': 0, 'halign': 'center', 'round_anchor_y': None, 'number_grouping': False, 'adjust_right': 0, 'scale': 1.0, '_default_settings': ['font_size'], 'adjust_left': 0, 'opacity': 1.0, 'round_anchor_x': None, 'type': 'text', 'text': 'PLAYER (number)', 'expire': None, 'italic': False, 'font_kerning': True, 'min_digits': 0, 'y': '10', 'bitmap_font': False, 'casing': None, 'adjust_bottom': 0, 'adjust_top': 0, 'rotation': 0, 'x': '10', 'key': None, 'bold': False, 'anchor_x': 'left', 'font_size': 50, 'animations': None, 'reset_animations_events': [], 'anchor_y': 'bottom'}, {'color': [1.0, 1.0, 1.0, 1.0], 'valign': 'middle', 'style': None, 'z': 0, 'halign': 'center', 'round_anchor_y': None, 'number_grouping': False, 'adjust_right': 0, 'scale': 1.0, '_default_settings': ['font_size'], 'adjust_left': 0, 'opacity': 1.0, 'round_anchor_x': None, 'type': 'text', 'text': 'BALL (ball)', 'expire': None, 'italic': False, 'font_kerning': True, 'min_digits': 0, 'y': '10', 'bitmap_font': False, 'casing': None, 'adjust_bottom': 0, 'adjust_top': 0, 'rotation': 0, 'x': 'right-10', 'key': None, 'bold': False, 'anchor_x': 'right', 'font_size': 50, 'animations': None, 'reset_animations_events': [], 'anchor_y': 'bottom'}, {'color': [1.0, 1.0, 1.0, 1.0], 'valign': 'middle', 'style': None, 'z': 0, 'halign': 'center', 'round_anchor_y': None, 'number_grouping': False, 'adjust_right': 0, 'scale': 1.0, '_default_settings': ['font_size'], 'adjust_left': 0, 'opacity': 1.0, 'round_anchor_x': None, 'type': 'text', 'text': 'PICHU', 'expire': None, 'italic': False, 'font_kerning': True, 'min_digits': 0, 'y': '70', 'bitmap_font': False, 'casing': None, 'adjust_bottom': 0, 'adjust_top': 0, 'rotation': 0, 'x': 'right-10', 'key': None, 'bold': False, 'anchor_x': 'right', 'font_size': 50, 'animations': None, 'reset_animations_events': [], 'anchor_y': 'bottom'}], 'priority': None, 'background_color': [0.0, 0.0, 0.0, 1.0], 'transition': None, 'target': None, 'action': 'play', 'slide': None, 'show': True, 'transition_out': None, 'force': False}}}
2019-11-20 19:53:13,410 : kivy : Base: Leaving application in progress...
2019-11-20 19:53:13,648 : mpfmc : Stopping...
2019-11-20 19:53:13,648 : mpfmc : Loop rate 76.28 Hz
2019-11-20 19:53:13,648 : kivy : MC run loop ended.
2019-11-20 19:53:13,648 : kivy : Stopping child threads... (3 remaining)
2019-11-20 19:53:14,515 : mpfmc : Stopping...
2019-11-20 19:53:14,515 : mpfmc : Loop rate 72.02 Hz
2019-11-20 19:53:14,655 : MPF-MC BCP Server : Stopping BCP sending thread
2019-11-20 19:53:14,733 : kivy : All child threads stopped.
