2019-12-04 18:31:17,730 : kivy : Factory: 194 symbols loaded
2019-12-04 18:31:18,355 : kivy : Image: Providers: img_tex, img_dds, img_sdl2, img_pil, img_gif (img_ffpyplayer ignored)
2019-12-04 18:31:18,823 : kivy : VideoGstplayer: Using Gstreamer 1.10.2.0
2019-12-04 18:31:18,823 : kivy : Video: Provider: gstplayer
2019-12-04 18:31:19,183 : kivy : Loading MPF-MC controller
2019-12-04 18:31:19,183 : mpfmc : Mission Pinball Framework Media Controller v0.50.8
2019-12-04 18:31:19,183 : mpfmc : Mission Pinball Framework Game Engine v0.50.17
2019-12-04 18:31:19,183 : mpfmc : Machine path: E:\POKEMON - 3 - GYMS DISPLAYS
2019-12-04 18:31:19,183 : ConfigProcessor : Config file in cache changed: E:\POKEMON - 3 - GYMS DISPLAYS\config\config
2019-12-04 18:31:20,784 : ConfigProcessor : Loading config from file c:\python34\lib\site-packages\mpfmc\mcconfig.yaml.
2019-12-04 18:31:20,987 : ConfigProcessor : Loading config: c:\python34\lib\site-packages\mpfmc\mcconfig.yaml
2019-12-04 18:31:20,987 : ConfigProcessor : Loading config from file E:\POKEMON - 3 - GYMS DISPLAYS\config\config.
2019-12-04 18:31:21,190 : ConfigProcessor : Loading config: E:\POKEMON - 3 - GYMS DISPLAYS\config\config
2019-12-04 18:31:21,206 : ConfigProcessor : Loading config: E:\POKEMON - 3 - GYMS DISPLAYS\config\player_variables.yaml
2019-12-04 18:31:21,237 : ConfigProcessor : Loading config: E:\POKEMON - 3 - GYMS DISPLAYS\config\key_mapping.yaml
2019-12-04 18:31:21,237 : ConfigProcessor : Config file cache created: C:\Users\MISSIO~1\AppData\Local\Temp\aa033f1fd07646de8b3bd008da80b834.mpf_cache
2019-12-04 18:31:21,252 : mpfmc : Starting clock at 60.0Hz
2019-12-04 18:31:21,424 : kivy : Text: Provider: sdl2
2019-12-04 18:31:23,174 : kivy : OSC: using <thread> for socket
2019-12-04 18:31:23,206 : kivy : Window: Provider: sdl2
2019-12-04 18:31:23,851 : kivy : GL: Using the "OpenGL" graphics system
2019-12-04 18:31:23,861 : kivy : GL: GLEW initialization succeeded
2019-12-04 18:31:23,863 : kivy : GL: Backend used <glew>
2019-12-04 18:31:23,865 : kivy : GL: OpenGL version <b'4.4.0 - Build 20.19.15.4835'>
2019-12-04 18:31:23,865 : kivy : GL: OpenGL vendor <b'Intel'>
2019-12-04 18:31:23,865 : kivy : GL: OpenGL renderer <b'Intel(R) HD Graphics'>
2019-12-04 18:31:23,866 : kivy : GL: OpenGL parsed version: 4, 4
2019-12-04 18:31:23,866 : kivy : GL: Shading version <b'4.40 - Build 20.19.15.4835'>
2019-12-04 18:31:23,867 : kivy : GL: Texture max size <16384>
2019-12-04 18:31:23,867 : kivy : GL: Texture max units <32>
2019-12-04 18:31:23,948 : kivy : Shader: fragment shader: <b"WARNING: 0:7: '' :  #version directive missing">
2019-12-04 18:31:23,950 : kivy : Shader: vertex shader: <b"WARNING: 0:7: '' :  #version directive missing">
2019-12-04 18:31:24,007 : kivy : Window: auto add sdl2 input provider
2019-12-04 18:31:24,009 : kivy : Window: virtual keyboard not allowed, single mode, not docked
2019-12-04 18:31:24,070 : SoundSystem : SoundSystem: Using default 'sound_system' settings
2019-12-04 18:31:31,789 : AudioInterface : Initialized
2019-12-04 18:31:31,795 : SoundSystem : No audio tracks are specified in your machine config file. a track named 'default' has been created.
2019-12-04 18:31:31,808 : kivy : Base: Start application main loop
2019-12-04 18:31:31,917 : mpfmc : Display: Setting 'window' as default display
2019-12-04 18:31:32,123 : ConfigProcessor : Loading config from cache: C:\Users\MISSIO~1\AppData\Local\Temp\91c30393a7736530c48ab886a6ae90df.mpf_cache
2019-12-04 18:31:32,142 : ConfigProcessor : Loading config from cache: C:\Users\MISSIO~1\AppData\Local\Temp\d868708421ecefdd23b54f4fefaa5a63.mpf_cache
2019-12-04 18:31:32,157 : ConfigProcessor : Loading config from cache: C:\Users\MISSIO~1\AppData\Local\Temp\868965d45e8ef85973deb1cc43e3c6e9.mpf_cache
2019-12-04 18:31:32,176 : ConfigProcessor : Loading config from cache: C:\Users\MISSIO~1\AppData\Local\Temp\230c7edf879901b77e29ab003ecfd977.mpf_cache
2019-12-04 18:31:32,192 : ConfigProcessor : Loading config from cache: C:\Users\MISSIO~1\AppData\Local\Temp\325be8140670be7b4f7f24b4ea9ecf41.mpf_cache
2019-12-04 18:31:32,207 : ConfigProcessor : Loading config from cache: C:\Users\MISSIO~1\AppData\Local\Temp\c8c985d122de6339937b15f5cde5ffe7.mpf_cache
2019-12-04 18:31:32,211 : ConfigProcessor : Loading config from cache: C:\Users\MISSIO~1\AppData\Local\Temp\10f8871b1481fbf59bf30d5b3d29537e.mpf_cache
2019-12-04 18:31:32,214 : ConfigProcessor : Loading config from cache: C:\Users\MISSIO~1\AppData\Local\Temp\ffc5df461fc927df7502c20268b6e23c.mpf_cache
2019-12-04 18:31:32,218 : ConfigProcessor : Loading config from cache: C:\Users\MISSIO~1\AppData\Local\Temp\9463ad916821e4687af4640a7d04ba98.mpf_cache
2019-12-04 18:31:32,245 : ConfigProcessor : Loading config from cache: C:\Users\MISSIO~1\AppData\Local\Temp\3512d3a51b29689f2a9a6db585213e7b.mpf_cache
2019-12-04 18:31:32,299 : MPF-MC BCP Server : Starting up on localhost port 5050
2019-12-04 18:31:32,332 : MPF-MC BCP Server : Waiting for a connection...
2019-12-04 18:31:32,333 : mpfmc : SlidePlayer: Play called with settings={'slides': {'welcome_slide': {'target': None, 'priority': None, 'expire': None, 'show': True, 'background_color': [0.0, 0.0, 0.0, 1.0], 'slide': None, 'action': 'play', 'transition': None, 'force': False, 'transition_out': None}}}
2019-12-04 18:31:32,410 : MPF-MC BCP Server : Received connection from: 127.0.0.1:50006
2019-12-04 18:31:32,571 : kivy : GL: NPOT texture support is available
2019-12-04 18:31:32,638 : mpfmc : SlidePlayer: Play called with settings={'slides': {'welcome_slide': {'target': None, 'priority': None, 'expire': None, 'show': True, 'background_color': [0.0, 0.0, 0.0, 1.0], 'slide': None, 'action': 'play', 'transition': None, 'force': False, 'transition_out': None}}}
2019-12-04 18:31:32,676 : BcpProcessor : Received invalid BCP command: mode_list
2019-12-04 18:31:32,710 : mpfmc : SlidePlayer: Play called with settings={'slides': {'attract_started': {'target': None, 'priority': None, 'expire': None, 'show': True, 'background_color': [0.0, 0.0, 0.0, 1.0], 'slide': None, 'action': 'play', 'transition': None, 'force': False, 'transition_out': None}}}
2019-12-04 18:31:34,355 : mpfmc : SlidePlayer: Play called with settings={'slides': {'layout_3_mini': {'target': 'window', 'priority': None, 'expire': None, 'show': True, 'background_color': [0.0, 0.0, 0.0, 1.0], 'slide': None, 'action': 'play', 'transition': None, 'force': False, 'transition_out': None}}}
2019-12-04 18:31:34,430 : mpfmc : SlidePlayer: Play called with settings={'slides': {'layout_3_mini': {'target': 'window', 'priority': None, 'expire': None, 'show': True, 'background_color': [0.0, 0.0, 0.0, 1.0], 'slide': None, 'action': 'play', 'transition': None, 'force': False, 'transition_out': None}}}
2019-12-04 18:31:34,469 : mpfmc : SlidePlayer: Play called with settings={'slides': {'slide_mode_pichu_started': {'target': 'top', 'priority': None, 'expire': None, 'show': True, 'background_color': [0.0, 0.0, 0.0, 1.0], 'slide': None, 'action': 'play', 'transition': None, 'force': False, 'transition_out': None}}}
2019-12-04 18:31:34,526 : mpfmc : SlidePlayer: Play called with settings={'slides': {'slide_mode_gym0_started': {'target': 'middle', 'priority': None, 'expire': None, 'show': True, 'background_color': [0.0, 0.0, 0.0, 1.0], 'slide': None, 'action': 'play', 'transition': None, 'force': False, 'transition_out': None}}}
2019-12-04 18:32:14,884 : mpfmc : SlidePlayer: Play called with settings={'slides': {'slide_mode_evolve_pichu_started': {'target': 'top', 'priority': None, 'expire': None, 'show': True, 'background_color': [0.0, 0.0, 0.0, 1.0], 'slide': None, 'action': 'play', 'transition': None, 'force': False, 'transition_out': None}}}
2019-12-04 18:32:29,797 : mpfmc : SlidePlayer: Play called with settings={'slides': {'slide_mode_gym1_started': {'target': 'middle', 'priority': None, 'expire': None, 'show': True, 'background_color': [0.0, 0.0, 0.0, 1.0], 'slide': None, 'action': 'play', 'transition': None, 'force': False, 'transition_out': None}}}
2019-12-04 18:32:39,654 : mpfmc : SlidePlayer: Play called with settings={'slides': {'slide_mode_pikachu_started': {'target': 'top', 'priority': None, 'expire': None, 'show': True, 'background_color': [0.0, 0.0, 0.0, 1.0], 'slide': None, 'action': 'play', 'transition': None, 'force': False, 'transition_out': None}}}
2019-12-04 18:33:19,872 : mpfmc : SlidePlayer: Play called with settings={'slides': {'slide_mode_evolve_pikachu_started': {'target': 'top', 'priority': None, 'expire': None, 'show': True, 'background_color': [0.0, 0.0, 0.0, 1.0], 'slide': None, 'action': 'play', 'transition': None, 'force': False, 'transition_out': None}}}
2019-12-04 18:33:29,477 : mpfmc : SlidePlayer: Play called with settings={'slides': {'slide_mode_raichu_started': {'target': 'top', 'priority': None, 'expire': None, 'show': True, 'background_color': [0.0, 0.0, 0.0, 1.0], 'slide': None, 'action': 'play', 'transition': None, 'force': False, 'transition_out': None}}}
2019-12-04 18:33:51,831 : mpfmc : SlidePlayer: Play called with settings={'slides': {'slide_mode_raichu_started': {'target': 'top', 'priority': None, 'expire': None, 'show': True, 'background_color': [0.0, 0.0, 0.0, 1.0], 'slide': None, 'action': 'play', 'transition': None, 'force': False, 'transition_out': None}}}
2019-12-04 18:33:51,894 : mpfmc : SlidePlayer: Play called with settings={'slides': {'slide_mode_gym1_started': {'target': 'middle', 'priority': None, 'expire': None, 'show': True, 'background_color': [0.0, 0.0, 0.0, 1.0], 'slide': None, 'action': 'play', 'transition': None, 'force': False, 'transition_out': None}}}
2019-12-04 18:33:51,965 : mpfmc : SlidePlayer: Play called with settings={'slides': {'slide_mode_gym0_started': {'target': 'middle', 'priority': None, 'expire': None, 'show': True, 'background_color': [0.0, 0.0, 0.0, 1.0], 'slide': None, 'action': 'play', 'transition': None, 'force': False, 'transition_out': None}}}
2019-12-04 18:34:22,082 : mpfmc : SlidePlayer: Play called with settings={'slides': {'slide_mode_raichu_started': {'target': 'top', 'priority': None, 'expire': None, 'show': True, 'background_color': [0.0, 0.0, 0.0, 1.0], 'slide': None, 'action': 'play', 'transition': None, 'force': False, 'transition_out': None}}}
2019-12-04 18:34:22,156 : mpfmc : SlidePlayer: Play called with settings={'slides': {'slide_mode_gym0_started': {'target': 'middle', 'priority': None, 'expire': None, 'show': True, 'background_color': [0.0, 0.0, 0.0, 1.0], 'slide': None, 'action': 'play', 'transition': None, 'force': False, 'transition_out': None}}}
2019-12-04 18:34:22,215 : mpfmc : SlidePlayer: Play called with settings={'slides': {'slide_mode_gym1_started': {'target': 'middle', 'priority': None, 'expire': None, 'show': True, 'background_color': [0.0, 0.0, 0.0, 1.0], 'slide': None, 'action': 'play', 'transition': None, 'force': False, 'transition_out': None}}}
2019-12-04 18:34:33,988 : mpfmc : SlidePlayer: Play called with settings={'slides': {'attract_started': {'target': None, 'priority': None, 'expire': None, 'show': True, 'background_color': [0.0, 0.0, 0.0, 1.0], 'slide': None, 'action': 'play', 'transition': None, 'force': False, 'transition_out': None}}}
2019-12-04 18:34:39,792 : kivy : Base: Leaving application in progress...
2019-12-04 18:34:40,135 : mpfmc : Stopping...
2019-12-04 18:34:40,135 : mpfmc : Loop rate 80.84 Hz
2019-12-04 18:34:40,135 : kivy : MC run loop ended.
2019-12-04 18:34:40,135 : kivy : Stopping child threads... (3 remaining)
2019-12-04 18:34:40,151 : mpfmc : Stopping...
2019-12-04 18:34:40,151 : MPF-MC BCP Server : Stopping BCP sending thread
2019-12-04 18:34:40,151 : mpfmc : Loop rate 80.83 Hz
2019-12-04 18:34:41,137 : kivy : All child threads stopped.
