2019-11-26 11:05:49,428 : kivy : Factory: 194 symbols loaded
2019-11-26 11:05:50,022 : kivy : Image: Providers: img_tex, img_dds, img_sdl2, img_pil, img_gif (img_ffpyplayer ignored)
2019-11-26 11:05:50,397 : kivy : VideoGstplayer: Using Gstreamer 1.10.2.0
2019-11-26 11:05:50,397 : kivy : Video: Provider: gstplayer
2019-11-26 11:05:50,725 : kivy : Loading MPF-MC controller
2019-11-26 11:05:50,725 : mpfmc : Mission Pinball Framework Media Controller v0.50.8
2019-11-26 11:05:50,725 : mpfmc : Mission Pinball Framework Game Engine v0.50.17
2019-11-26 11:05:50,725 : mpfmc : Machine path: D:\POKEMON - 3 - GYMS DISPLAYS
2019-11-26 11:05:50,741 : ConfigProcessor : Config file in cache changed: D:\POKEMON - 3 - GYMS DISPLAYS\config\config
2019-11-26 11:05:52,256 : ConfigProcessor : Loading config from file c:\python34\lib\site-packages\mpfmc\mcconfig.yaml.
2019-11-26 11:05:52,460 : ConfigProcessor : Loading config: c:\python34\lib\site-packages\mpfmc\mcconfig.yaml
2019-11-26 11:05:52,460 : ConfigProcessor : Loading config from file D:\POKEMON - 3 - GYMS DISPLAYS\config\config.
2019-11-26 11:05:52,647 : ConfigProcessor : Loading config: D:\POKEMON - 3 - GYMS DISPLAYS\config\config
2019-11-26 11:05:52,663 : ConfigProcessor : Loading config: D:\POKEMON - 3 - GYMS DISPLAYS\config\player_variables.yaml
2019-11-26 11:05:52,678 : ConfigProcessor : Loading config: D:\POKEMON - 3 - GYMS DISPLAYS\config\key_mapping.yaml
2019-11-26 11:05:52,694 : ConfigProcessor : Config file cache created: C:\Users\MISSIO~1\AppData\Local\Temp\69e9e8261b2a7a7fe237ef0e6090f00e.mpf_cache
2019-11-26 11:05:52,694 : mpfmc : Starting clock at 60.0Hz
2019-11-26 11:05:52,788 : kivy : Text: Provider: sdl2
2019-11-26 11:05:54,444 : kivy : OSC: using <thread> for socket
2019-11-26 11:05:54,475 : kivy : Window: Provider: sdl2
2019-11-26 11:05:54,742 : kivy : GL: Using the "OpenGL" graphics system
2019-11-26 11:05:54,745 : kivy : GL: GLEW initialization succeeded
2019-11-26 11:05:54,747 : kivy : GL: Backend used <glew>
2019-11-26 11:05:54,747 : kivy : GL: OpenGL version <b'4.4.0 - Build 20.19.15.4835'>
2019-11-26 11:05:54,747 : kivy : GL: OpenGL vendor <b'Intel'>
2019-11-26 11:05:54,748 : kivy : GL: OpenGL renderer <b'Intel(R) HD Graphics'>
2019-11-26 11:05:54,748 : kivy : GL: OpenGL parsed version: 4, 4
2019-11-26 11:05:54,748 : kivy : GL: Shading version <b'4.40 - Build 20.19.15.4835'>
2019-11-26 11:05:54,748 : kivy : GL: Texture max size <16384>
2019-11-26 11:05:54,749 : kivy : GL: Texture max units <32>
2019-11-26 11:05:54,799 : kivy : Shader: fragment shader: <b"WARNING: 0:7: '' :  #version directive missing">
2019-11-26 11:05:54,801 : kivy : Shader: vertex shader: <b"WARNING: 0:7: '' :  #version directive missing">
2019-11-26 11:05:54,818 : kivy : Window: auto add sdl2 input provider
2019-11-26 11:05:54,819 : kivy : Window: virtual keyboard not allowed, single mode, not docked
2019-11-26 11:05:54,870 : SoundSystem : SoundSystem: Using default 'sound_system' settings
2019-11-26 11:05:56,936 : AudioInterface : Initialized
2019-11-26 11:05:56,937 : SoundSystem : No audio tracks are specified in your machine config file. a track named 'default' has been created.
2019-11-26 11:05:56,950 : kivy : Base: Start application main loop
2019-11-26 11:05:57,020 : mpfmc : Display: Setting 'window' as default display
2019-11-26 11:05:57,209 : ConfigProcessor : Loading config from cache: C:\Users\MISSIO~1\AppData\Local\Temp\c8c985d122de6339937b15f5cde5ffe7.mpf_cache
2019-11-26 11:05:57,213 : ConfigProcessor : Loading config from cache: C:\Users\MISSIO~1\AppData\Local\Temp\10f8871b1481fbf59bf30d5b3d29537e.mpf_cache
2019-11-26 11:05:57,217 : ConfigProcessor : Loading config from cache: C:\Users\MISSIO~1\AppData\Local\Temp\7c39c18794ea7f1f8101ccbb93a960ae.mpf_cache
2019-11-26 11:05:57,223 : ConfigProcessor : Loading config from cache: C:\Users\MISSIO~1\AppData\Local\Temp\050cf1c6f86beee4aa95d4daa6cae486.mpf_cache
2019-11-26 11:05:57,238 : ConfigProcessor : Loading config from cache: C:\Users\MISSIO~1\AppData\Local\Temp\7f23218709f44a41086dfd04f42f7c3f.mpf_cache
2019-11-26 11:05:57,246 : MPF-MC BCP Server : Starting up on localhost port 5050
2019-11-26 11:05:57,274 : MPF-MC BCP Server : Waiting for a connection...
2019-11-26 11:05:57,275 : mpfmc : SlidePlayer: Play called with settings={'slides': {'welcome_slide': {'target': None, 'transition': None, 'priority': None, 'transition_out': None, 'action': 'play', 'force': False, 'expire': None, 'slide': None, 'background_color': [0.0, 0.0, 0.0, 1.0], 'show': True}}}
2019-11-26 11:05:57,303 : MPF-MC BCP Server : Received connection from: 127.0.0.1:55492
2019-11-26 11:05:57,435 : kivy : GL: NPOT texture support is available
2019-11-26 11:05:57,504 : mpfmc : SlidePlayer: Play called with settings={'slides': {'welcome_slide': {'target': None, 'transition': None, 'priority': None, 'transition_out': None, 'action': 'play', 'force': False, 'expire': None, 'slide': None, 'background_color': [0.0, 0.0, 0.0, 1.0], 'show': True}}}
2019-11-26 11:05:57,548 : BcpProcessor : Received invalid BCP command: mode_list
2019-11-26 11:05:57,568 : mpfmc : SlidePlayer: Play called with settings={'slides': {'attract_started': {'target': None, 'transition': None, 'priority': None, 'transition_out': None, 'action': 'play', 'force': False, 'expire': None, 'slide': None, 'background_color': [0.0, 0.0, 0.0, 1.0], 'show': True}}}
2019-11-26 11:06:01,797 : mpfmc : SlidePlayer: Play called with settings={'slides': {'layout_3_mini': {'target': 'window', 'transition': None, 'priority': None, 'transition_out': None, 'action': 'play', 'force': False, 'expire': None, 'slide': None, 'background_color': [0.0, 0.0, 0.0, 1.0], 'show': True}}}
2019-11-26 11:06:01,873 : mpfmc : SlidePlayer: Play called with settings={'slides': {'layout_3_mini': {'target': 'window', 'transition': None, 'priority': None, 'transition_out': None, 'action': 'play', 'force': False, 'expire': None, 'slide': None, 'background_color': [0.0, 0.0, 0.0, 1.0], 'show': True}}}
2019-11-26 11:06:01,906 : mpfmc : SlidePlayer: Play called with settings={'slides': {'slide_mode_pichu_started': {'target': 'top', 'transition': None, 'priority': None, 'transition_out': None, 'action': 'play', 'force': False, 'expire': None, 'slide': None, 'background_color': [0.0, 0.0, 0.0, 1.0], 'show': True}}}
2019-11-26 11:06:02,022 : mpfmc : SlidePlayer: Play called with settings={'slides': {'slide_mode_gym0_started': {'target': 'middle', 'transition': None, 'priority': None, 'transition_out': None, 'action': 'play', 'force': False, 'expire': None, 'slide': None, 'background_color': [0.0, 0.0, 0.0, 1.0], 'show': True}}}
2019-11-26 11:06:23,162 : kivy : Base: Leaving application in progress...
2019-11-26 11:06:23,423 : mpfmc : Stopping...
2019-11-26 11:06:23,423 : mpfmc : Loop rate 79.43 Hz
2019-11-26 11:06:23,423 : kivy : MC run loop ended.
2019-11-26 11:06:23,423 : kivy : Stopping child threads... (3 remaining)
2019-11-26 11:06:24,049 : mpfmc : Stopping...
2019-11-26 11:06:24,049 : mpfmc : Loop rate 77.6 Hz
2019-11-26 11:06:24,064 : MPF-MC BCP Server : Stopping BCP sending thread
2019-11-26 11:06:24,189 : kivy : All child threads stopped.
