2019-09-24 17:17:03,680 : kivy : Factory: 194 symbols loaded
2019-09-24 17:17:04,243 : kivy : Image: Providers: img_tex, img_dds, img_sdl2, img_pil, img_gif (img_ffpyplayer ignored)
2019-09-24 17:17:04,602 : kivy : VideoGstplayer: Using Gstreamer 1.10.2.0
2019-09-24 17:17:04,602 : kivy : Video: Provider: gstplayer
2019-09-24 17:17:04,946 : kivy : Loading MPF-MC controller
2019-09-24 17:17:04,946 : mpfmc : Mission Pinball Framework Media Controller v0.50.8
2019-09-24 17:17:04,946 : mpfmc : Mission Pinball Framework Game Engine v0.50.17
2019-09-24 17:17:04,946 : mpfmc : Machine path: D:\POKEMON - 2
2019-09-24 17:17:04,946 : ConfigProcessor : Config file in cache changed: D:\POKEMON - 2\config\config
2019-09-24 17:17:06,509 : ConfigProcessor : Loading config from file c:\python34\lib\site-packages\mpfmc\mcconfig.yaml.
2019-09-24 17:17:06,712 : ConfigProcessor : Loading config: c:\python34\lib\site-packages\mpfmc\mcconfig.yaml
2019-09-24 17:17:06,712 : ConfigProcessor : Loading config from file D:\POKEMON - 2\config\config.
2019-09-24 17:17:06,868 : ConfigProcessor : Loading config: D:\POKEMON - 2\config\config
2019-09-24 17:17:06,884 : ConfigProcessor : Loading config: D:\POKEMON - 2\config\player_variables.yaml
2019-09-24 17:17:06,899 : ConfigProcessor : Loading config: D:\POKEMON - 2\config\key_mapping.yaml
2019-09-24 17:17:06,915 : ConfigProcessor : Config file cache created: C:\Users\MISSIO~1\AppData\Local\Temp\9066572af3754bcb4e8ca411bd20a237.mpf_cache
2019-09-24 17:17:06,930 : mpfmc : Starting clock at 60.0Hz
2019-09-24 17:17:07,055 : kivy : Text: Provider: sdl2
2019-09-24 17:17:08,649 : kivy : OSC: using <thread> for socket
2019-09-24 17:17:08,681 : kivy : Window: Provider: sdl2
2019-09-24 17:17:08,943 : kivy : GL: Using the "OpenGL" graphics system
2019-09-24 17:17:08,945 : kivy : GL: GLEW initialization succeeded
2019-09-24 17:17:08,946 : kivy : GL: Backend used <glew>
2019-09-24 17:17:08,946 : kivy : GL: OpenGL version <b'4.4.0 - Build 20.19.15.4835'>
2019-09-24 17:17:08,946 : kivy : GL: OpenGL vendor <b'Intel'>
2019-09-24 17:17:08,947 : kivy : GL: OpenGL renderer <b'Intel(R) HD Graphics'>
2019-09-24 17:17:08,947 : kivy : GL: OpenGL parsed version: 4, 4
2019-09-24 17:17:08,947 : kivy : GL: Shading version <b'4.40 - Build 20.19.15.4835'>
2019-09-24 17:17:08,948 : kivy : GL: Texture max size <16384>
2019-09-24 17:17:08,948 : kivy : GL: Texture max units <32>
2019-09-24 17:17:09,000 : kivy : Shader: fragment shader: <b"WARNING: 0:7: '' :  #version directive missing">
2019-09-24 17:17:09,002 : kivy : Shader: vertex shader: <b"WARNING: 0:7: '' :  #version directive missing">
2019-09-24 17:17:09,020 : kivy : Window: auto add sdl2 input provider
2019-09-24 17:17:09,021 : kivy : Window: virtual keyboard not allowed, single mode, not docked
2019-09-24 17:17:09,063 : SoundSystem : SoundSystem: Using default 'sound_system' settings
2019-09-24 17:17:11,039 : AudioInterface : Initialized
2019-09-24 17:17:11,040 : SoundSystem : No audio tracks are specified in your machine config file. a track named 'default' has been created.
2019-09-24 17:17:11,052 : kivy : Base: Start application main loop
2019-09-24 17:17:11,113 : mpfmc : Display: Setting 'window' as default display
2019-09-24 17:17:11,282 : ConfigProcessor : Config file in cache changed: D:\POKEMON - 2\modes\evolve_pichu\config\evolve_pichu.yaml
2019-09-24 17:17:11,283 : ConfigProcessor : Loading config from file D:\POKEMON - 2\modes\evolve_pichu\config\evolve_pichu.yaml.
2019-09-24 17:17:11,341 : ConfigProcessor : Loading config: D:\POKEMON - 2\modes\evolve_pichu\config\evolve_pichu.yaml
2019-09-24 17:17:11,343 : ConfigProcessor : Config file cache created: C:\Users\MISSIO~1\AppData\Local\Temp\d7f8a5ee622046c7da753c9c40514d63.mpf_cache
2019-09-24 17:17:11,378 : ConfigProcessor : Loading config from cache: C:\Users\MISSIO~1\AppData\Local\Temp\10f8871b1481fbf59bf30d5b3d29537e.mpf_cache
2019-09-24 17:17:11,380 : ConfigProcessor : Config file in cache changed: D:\POKEMON - 2\modes\base\config\base.yaml
2019-09-24 17:17:11,381 : ConfigProcessor : Loading config from file D:\POKEMON - 2\modes\base\config\base.yaml.
2019-09-24 17:17:11,388 : ConfigProcessor : Loading config: D:\POKEMON - 2\modes\base\config\base.yaml
2019-09-24 17:17:11,390 : ConfigProcessor : Config file cache created: C:\Users\MISSIO~1\AppData\Local\Temp\6f2a382b9c765c6a1f408e05b1d50db1.mpf_cache
2019-09-24 17:17:11,412 : ConfigProcessor : Config file in cache changed: D:\POKEMON - 2\modes\pichu\config\pichu.yaml
2019-09-24 17:17:11,412 : ConfigProcessor : Loading config from file D:\POKEMON - 2\modes\pichu\config\pichu.yaml.
2019-09-24 17:17:11,500 : ConfigProcessor : Loading config: D:\POKEMON - 2\modes\pichu\config\pichu.yaml
2019-09-24 17:17:11,502 : ConfigProcessor : Config file cache created: C:\Users\MISSIO~1\AppData\Local\Temp\4db3b4eb08bf5f2e1b30e7df1dec754e.mpf_cache
2019-09-24 17:17:11,538 : ConfigProcessor : Loading config from cache: C:\Users\MISSIO~1\AppData\Local\Temp\c8c985d122de6339937b15f5cde5ffe7.mpf_cache
2019-09-24 17:17:11,545 : MPF-MC BCP Server : Starting up on localhost port 5050
2019-09-24 17:17:11,572 : MPF-MC BCP Server : Waiting for a connection...
2019-09-24 17:17:11,573 : mpfmc : SlidePlayer: Play called with settings={'slides': {'welcome_slide': {'expire': None, 'background_color': [0.0, 0.0, 0.0, 1.0], 'target': None, 'action': 'play', 'priority': None, 'show': True, 'slide': None, 'force': False, 'transition_out': None, 'transition': None}}}
2019-09-24 17:17:11,714 : kivy : GL: NPOT texture support is available
2019-09-24 17:17:11,822 : MPF-MC BCP Server : Received connection from: 127.0.0.1:51965
2019-09-24 17:17:11,899 : BcpProcessor : Received invalid BCP command: mode_list
2019-09-24 17:17:12,022 : mpfmc : SlidePlayer: Play called with settings={'slides': {'welcome_slide': {'expire': None, 'background_color': [0.0, 0.0, 0.0, 1.0], 'target': None, 'action': 'play', 'priority': None, 'show': True, 'slide': None, 'force': False, 'transition_out': None, 'transition': None}}}
2019-09-24 17:17:12,075 : mpfmc : SlidePlayer: Play called with settings={'slides': {'attract_started': {'expire': None, 'background_color': [0.0, 0.0, 0.0, 1.0], 'target': None, 'action': 'play', 'priority': None, 'show': True, 'slide': None, 'force': False, 'transition_out': None, 'transition': None}}}
2019-09-24 17:17:14,982 : mpfmc : SlidePlayer: Play called with settings={'slides': {'widgets': {'expire': None, 'background_color': [0.0, 0.0, 0.0, 1.0], 'target': None, 'action': 'play', 'priority': None, 'show': True, 'slide': None, 'force': False, 'transition_out': None, 'widgets': [{'adjust_top': 0, 'key': None, 'valign': 'middle', 'text': '(score)', '_default_settings': ['font_size'], 'y': '400', 'rotation': 0, 'adjust_right': 0, 'bitmap_font': False, 'round_anchor_y': None, 'expire': None, 'adjust_left': 0, 'min_digits': 2, 'scale': 1.0, 'color': [1.0, 1.0, 1.0, 1.0], 'opacity': 1.0, 'font_kerning': True, 'italic': False, 'casing': None, 'number_grouping': True, 'halign': 'center', 'x': '0', 'bold': False, 'anchor_x': 'left', 'anchor_y': 'bottom', 'z': 0, 'animations': None, 'style': None, 'type': 'text', 'round_anchor_x': None, 'adjust_bottom': 0, 'font_size': 100, 'reset_animations_events': []}, {'adjust_top': 0, 'key': None, 'valign': 'middle', 'text': 'PICHU EXP (pichu_exp)/100', '_default_settings': ['font_size'], 'y': '70', 'rotation': 0, 'adjust_right': 0, 'bitmap_font': False, 'round_anchor_y': None, 'expire': None, 'adjust_left': 0, 'min_digits': 2, 'scale': 1.0, 'color': [1.0, 1.0, 1.0, 1.0], 'opacity': 1.0, 'font_kerning': True, 'italic': False, 'casing': None, 'number_grouping': True, 'halign': 'center', 'x': '10', 'bold': False, 'anchor_x': 'left', 'anchor_y': 'bottom', 'z': 0, 'animations': None, 'style': None, 'type': 'text', 'round_anchor_x': None, 'adjust_bottom': 0, 'font_size': 50, 'reset_animations_events': []}, {'adjust_top': 0, 'key': None, 'valign': 'middle', 'text': 'PLAYER (number)', '_default_settings': ['font_size'], 'y': '10', 'rotation': 0, 'adjust_right': 0, 'bitmap_font': False, 'round_anchor_y': None, 'expire': None, 'adjust_left': 0, 'min_digits': 0, 'scale': 1.0, 'color': [1.0, 1.0, 1.0, 1.0], 'opacity': 1.0, 'font_kerning': True, 'italic': False, 'casing': None, 'number_grouping': False, 'halign': 'center', 'x': '10', 'bold': False, 'anchor_x': 'left', 'anchor_y': 'bottom', 'z': 0, 'animations': None, 'style': None, 'type': 'text', 'round_anchor_x': None, 'adjust_bottom': 0, 'font_size': 50, 'reset_animations_events': []}, {'adjust_top': 0, 'key': None, 'valign': 'middle', 'text': 'BALL (ball)', '_default_settings': ['font_size'], 'y': '10', 'rotation': 0, 'adjust_right': 0, 'bitmap_font': False, 'round_anchor_y': None, 'expire': None, 'adjust_left': 0, 'min_digits': 0, 'scale': 1.0, 'color': [1.0, 1.0, 1.0, 1.0], 'opacity': 1.0, 'font_kerning': True, 'italic': False, 'casing': None, 'number_grouping': False, 'halign': 'center', 'x': 'right-10', 'bold': False, 'anchor_x': 'right', 'anchor_y': 'bottom', 'z': 0, 'animations': None, 'style': None, 'type': 'text', 'round_anchor_x': None, 'adjust_bottom': 0, 'font_size': 50, 'reset_animations_events': []}, {'adjust_top': 0, 'key': None, 'valign': 'middle', 'text': 'pichu', '_default_settings': ['font_size'], 'y': '40', 'rotation': 0, 'adjust_right': 0, 'bitmap_font': False, 'round_anchor_y': None, 'expire': None, 'adjust_left': 0, 'min_digits': 0, 'scale': 1.0, 'color': [1.0, 1.0, 1.0, 1.0], 'opacity': 1.0, 'font_kerning': True, 'italic': False, 'casing': None, 'number_grouping': False, 'halign': 'center', 'x': 'right-10', 'bold': False, 'anchor_x': 'right', 'anchor_y': 'bottom', 'z': 0, 'animations': None, 'style': None, 'type': 'text', 'round_anchor_x': None, 'adjust_bottom': 0, 'font_size': 50, 'reset_animations_events': []}], 'transition': None}}}
2019-09-24 17:18:04,213 : mpfmc : SlidePlayer: Play called with settings={'slides': {'widgets': {'expire': None, 'background_color': [0.0, 0.0, 0.0, 1.0], 'target': None, 'action': 'play', 'priority': None, 'show': True, 'slide': None, 'force': False, 'transition_out': None, 'widgets': [{'adjust_top': 0, 'key': None, 'valign': 'middle', 'text': '(score)', '_default_settings': ['font_size'], 'y': '300', 'rotation': 0, 'adjust_right': 0, 'bitmap_font': False, 'round_anchor_y': None, 'expire': None, 'adjust_left': 0, 'min_digits': 2, 'scale': 1.0, 'color': [1.0, 1.0, 1.0, 1.0], 'opacity': 1.0, 'font_kerning': True, 'italic': False, 'casing': None, 'number_grouping': True, 'halign': 'center', 'x': '10', 'bold': False, 'anchor_x': 'left', 'anchor_y': 'bottom', 'z': 0, 'animations': None, 'style': None, 'type': 'text', 'round_anchor_x': None, 'adjust_bottom': 0, 'font_size': 100, 'reset_animations_events': []}, {'adjust_top': 0, 'key': None, 'valign': 'middle', 'text': 'SHOOT SAUCER!', '_default_settings': ['font_size'], 'y': '200', 'rotation': 0, 'adjust_right': 0, 'bitmap_font': False, 'round_anchor_y': None, 'expire': None, 'adjust_left': 0, 'min_digits': 2, 'scale': 1.0, 'color': [1.0, 1.0, 1.0, 1.0], 'opacity': 1.0, 'font_kerning': True, 'italic': False, 'casing': None, 'number_grouping': True, 'halign': 'center', 'x': '10', 'bold': False, 'anchor_x': 'left', 'anchor_y': 'bottom', 'z': 0, 'animations': None, 'style': None, 'type': 'text', 'round_anchor_x': None, 'adjust_bottom': 0, 'font_size': 50, 'reset_animations_events': []}, {'adjust_top': 0, 'key': None, 'valign': 'middle', 'text': 'PLAYER (number)', '_default_settings': ['font_size'], 'y': '10', 'rotation': 0, 'adjust_right': 0, 'bitmap_font': False, 'round_anchor_y': None, 'expire': None, 'adjust_left': 0, 'min_digits': 0, 'scale': 1.0, 'color': [1.0, 1.0, 1.0, 1.0], 'opacity': 1.0, 'font_kerning': True, 'italic': False, 'casing': None, 'number_grouping': False, 'halign': 'center', 'x': '10', 'bold': False, 'anchor_x': 'left', 'anchor_y': 'bottom', 'z': 0, 'animations': None, 'style': None, 'type': 'text', 'round_anchor_x': None, 'adjust_bottom': 0, 'font_size': 50, 'reset_animations_events': []}, {'adjust_top': 0, 'key': None, 'valign': 'middle', 'text': 'BALL (ball)', '_default_settings': ['font_size'], 'y': '10', 'rotation': 0, 'adjust_right': 0, 'bitmap_font': False, 'round_anchor_y': None, 'expire': None, 'adjust_left': 0, 'min_digits': 0, 'scale': 1.0, 'color': [1.0, 1.0, 1.0, 1.0], 'opacity': 1.0, 'font_kerning': True, 'italic': False, 'casing': None, 'number_grouping': False, 'halign': 'center', 'x': 'right-10', 'bold': False, 'anchor_x': 'right', 'anchor_y': 'bottom', 'z': 0, 'animations': None, 'style': None, 'type': 'text', 'round_anchor_x': None, 'adjust_bottom': 0, 'font_size': 50, 'reset_animations_events': []}], 'transition': None}}}
2019-09-24 17:20:31,410 : mpfmc : SlidePlayer: Play called with settings={'slides': {'attract_started': {'expire': None, 'background_color': [0.0, 0.0, 0.0, 1.0], 'target': None, 'action': 'play', 'priority': None, 'show': True, 'slide': None, 'force': False, 'transition_out': None, 'transition': None}}}
2019-09-24 17:20:35,746 : mpfmc : SlidePlayer: Play called with settings={'slides': {'widgets': {'expire': None, 'background_color': [0.0, 0.0, 0.0, 1.0], 'target': None, 'action': 'play', 'priority': None, 'show': True, 'slide': None, 'force': False, 'transition_out': None, 'widgets': [{'adjust_top': 0, 'key': None, 'valign': 'middle', 'text': '(score)', '_default_settings': ['font_size'], 'y': '400', 'rotation': 0, 'adjust_right': 0, 'bitmap_font': False, 'round_anchor_y': None, 'expire': None, 'adjust_left': 0, 'min_digits': 2, 'scale': 1.0, 'color': [1.0, 1.0, 1.0, 1.0], 'opacity': 1.0, 'font_kerning': True, 'italic': False, 'casing': None, 'number_grouping': True, 'halign': 'center', 'x': '0', 'bold': False, 'anchor_x': 'left', 'anchor_y': 'bottom', 'z': 0, 'animations': None, 'style': None, 'type': 'text', 'round_anchor_x': None, 'adjust_bottom': 0, 'font_size': 100, 'reset_animations_events': []}, {'adjust_top': 0, 'key': None, 'valign': 'middle', 'text': 'PICHU EXP (pichu_exp)/100', '_default_settings': ['font_size'], 'y': '70', 'rotation': 0, 'adjust_right': 0, 'bitmap_font': False, 'round_anchor_y': None, 'expire': None, 'adjust_left': 0, 'min_digits': 2, 'scale': 1.0, 'color': [1.0, 1.0, 1.0, 1.0], 'opacity': 1.0, 'font_kerning': True, 'italic': False, 'casing': None, 'number_grouping': True, 'halign': 'center', 'x': '10', 'bold': False, 'anchor_x': 'left', 'anchor_y': 'bottom', 'z': 0, 'animations': None, 'style': None, 'type': 'text', 'round_anchor_x': None, 'adjust_bottom': 0, 'font_size': 50, 'reset_animations_events': []}, {'adjust_top': 0, 'key': None, 'valign': 'middle', 'text': 'PLAYER (number)', '_default_settings': ['font_size'], 'y': '10', 'rotation': 0, 'adjust_right': 0, 'bitmap_font': False, 'round_anchor_y': None, 'expire': None, 'adjust_left': 0, 'min_digits': 0, 'scale': 1.0, 'color': [1.0, 1.0, 1.0, 1.0], 'opacity': 1.0, 'font_kerning': True, 'italic': False, 'casing': None, 'number_grouping': False, 'halign': 'center', 'x': '10', 'bold': False, 'anchor_x': 'left', 'anchor_y': 'bottom', 'z': 0, 'animations': None, 'style': None, 'type': 'text', 'round_anchor_x': None, 'adjust_bottom': 0, 'font_size': 50, 'reset_animations_events': []}, {'adjust_top': 0, 'key': None, 'valign': 'middle', 'text': 'BALL (ball)', '_default_settings': ['font_size'], 'y': '10', 'rotation': 0, 'adjust_right': 0, 'bitmap_font': False, 'round_anchor_y': None, 'expire': None, 'adjust_left': 0, 'min_digits': 0, 'scale': 1.0, 'color': [1.0, 1.0, 1.0, 1.0], 'opacity': 1.0, 'font_kerning': True, 'italic': False, 'casing': None, 'number_grouping': False, 'halign': 'center', 'x': 'right-10', 'bold': False, 'anchor_x': 'right', 'anchor_y': 'bottom', 'z': 0, 'animations': None, 'style': None, 'type': 'text', 'round_anchor_x': None, 'adjust_bottom': 0, 'font_size': 50, 'reset_animations_events': []}, {'adjust_top': 0, 'key': None, 'valign': 'middle', 'text': 'pichu', '_default_settings': ['font_size'], 'y': '40', 'rotation': 0, 'adjust_right': 0, 'bitmap_font': False, 'round_anchor_y': None, 'expire': None, 'adjust_left': 0, 'min_digits': 0, 'scale': 1.0, 'color': [1.0, 1.0, 1.0, 1.0], 'opacity': 1.0, 'font_kerning': True, 'italic': False, 'casing': None, 'number_grouping': False, 'halign': 'center', 'x': 'right-10', 'bold': False, 'anchor_x': 'right', 'anchor_y': 'bottom', 'z': 0, 'animations': None, 'style': None, 'type': 'text', 'round_anchor_x': None, 'adjust_bottom': 0, 'font_size': 50, 'reset_animations_events': []}], 'transition': None}}}
2019-09-24 17:21:32,012 : mpfmc : SlidePlayer: Play called with settings={'slides': {'widgets': {'expire': None, 'background_color': [0.0, 0.0, 0.0, 1.0], 'target': None, 'action': 'play', 'priority': None, 'show': True, 'slide': None, 'force': False, 'transition_out': None, 'widgets': [{'adjust_top': 0, 'key': None, 'valign': 'middle', 'text': '(score)', '_default_settings': ['font_size'], 'y': '300', 'rotation': 0, 'adjust_right': 0, 'bitmap_font': False, 'round_anchor_y': None, 'expire': None, 'adjust_left': 0, 'min_digits': 2, 'scale': 1.0, 'color': [1.0, 1.0, 1.0, 1.0], 'opacity': 1.0, 'font_kerning': True, 'italic': False, 'casing': None, 'number_grouping': True, 'halign': 'center', 'x': '10', 'bold': False, 'anchor_x': 'left', 'anchor_y': 'bottom', 'z': 0, 'animations': None, 'style': None, 'type': 'text', 'round_anchor_x': None, 'adjust_bottom': 0, 'font_size': 100, 'reset_animations_events': []}, {'adjust_top': 0, 'key': None, 'valign': 'middle', 'text': 'SHOOT SAUCER!', '_default_settings': ['font_size'], 'y': '200', 'rotation': 0, 'adjust_right': 0, 'bitmap_font': False, 'round_anchor_y': None, 'expire': None, 'adjust_left': 0, 'min_digits': 2, 'scale': 1.0, 'color': [1.0, 1.0, 1.0, 1.0], 'opacity': 1.0, 'font_kerning': True, 'italic': False, 'casing': None, 'number_grouping': True, 'halign': 'center', 'x': '10', 'bold': False, 'anchor_x': 'left', 'anchor_y': 'bottom', 'z': 0, 'animations': None, 'style': None, 'type': 'text', 'round_anchor_x': None, 'adjust_bottom': 0, 'font_size': 50, 'reset_animations_events': []}, {'adjust_top': 0, 'key': None, 'valign': 'middle', 'text': 'PLAYER (number)', '_default_settings': ['font_size'], 'y': '10', 'rotation': 0, 'adjust_right': 0, 'bitmap_font': False, 'round_anchor_y': None, 'expire': None, 'adjust_left': 0, 'min_digits': 0, 'scale': 1.0, 'color': [1.0, 1.0, 1.0, 1.0], 'opacity': 1.0, 'font_kerning': True, 'italic': False, 'casing': None, 'number_grouping': False, 'halign': 'center', 'x': '10', 'bold': False, 'anchor_x': 'left', 'anchor_y': 'bottom', 'z': 0, 'animations': None, 'style': None, 'type': 'text', 'round_anchor_x': None, 'adjust_bottom': 0, 'font_size': 50, 'reset_animations_events': []}, {'adjust_top': 0, 'key': None, 'valign': 'middle', 'text': 'BALL (ball)', '_default_settings': ['font_size'], 'y': '10', 'rotation': 0, 'adjust_right': 0, 'bitmap_font': False, 'round_anchor_y': None, 'expire': None, 'adjust_left': 0, 'min_digits': 0, 'scale': 1.0, 'color': [1.0, 1.0, 1.0, 1.0], 'opacity': 1.0, 'font_kerning': True, 'italic': False, 'casing': None, 'number_grouping': False, 'halign': 'center', 'x': 'right-10', 'bold': False, 'anchor_x': 'right', 'anchor_y': 'bottom', 'z': 0, 'animations': None, 'style': None, 'type': 'text', 'round_anchor_x': None, 'adjust_bottom': 0, 'font_size': 50, 'reset_animations_events': []}], 'transition': None}}}
2019-09-24 17:24:27,256 : mpfmc : SlidePlayer: Play called with settings={'slides': {'attract_started': {'expire': None, 'background_color': [0.0, 0.0, 0.0, 1.0], 'target': None, 'action': 'play', 'priority': None, 'show': True, 'slide': None, 'force': False, 'transition_out': None, 'transition': None}}}
2019-09-24 17:24:51,493 : kivy : Base: Leaving application in progress...
2019-09-24 17:24:51,882 : mpfmc : Stopping...
2019-09-24 17:24:51,882 : mpfmc : Loop rate 81.31 Hz
2019-09-24 17:24:51,882 : kivy : MC run loop ended.
2019-09-24 17:24:51,882 : kivy : Stopping child threads... (3 remaining)
2019-09-24 17:24:52,862 : mpfmc : Stopping...
2019-09-24 17:24:52,862 : mpfmc : Loop rate 81.14 Hz
2019-09-24 17:24:52,893 : MPF-MC BCP Server : Stopping BCP sending thread
2019-09-24 17:24:52,987 : kivy : All child threads stopped.
