2019-05-29 20:51:11,386 : kivy : Factory: 194 symbols loaded
2019-05-29 20:51:11,933 : kivy : Image: Providers: img_tex, img_dds, img_sdl2, img_pil, img_gif (img_ffpyplayer ignored)
2019-05-29 20:51:12,230 : kivy : VideoGstplayer: Using Gstreamer 1.10.2.0
2019-05-29 20:51:12,230 : kivy : Video: Provider: gstplayer
2019-05-29 20:51:12,526 : kivy : Loading MPF-MC controller
2019-05-29 20:51:12,558 : mpfmc : Mission Pinball Framework Media Controller v0.50.8
2019-05-29 20:51:12,558 : mpfmc : Mission Pinball Framework Game Engine v0.50.17
2019-05-29 20:51:12,558 : mpfmc : Machine path: D:\POKEMON
2019-05-29 20:51:12,573 : ConfigProcessor : Config file in cache changed: D:\POKEMON\config\config
2019-05-29 20:51:14,089 : ConfigProcessor : Loading config from file c:\python34\lib\site-packages\mpfmc\mcconfig.yaml.
2019-05-29 20:51:14,276 : ConfigProcessor : Loading config: c:\python34\lib\site-packages\mpfmc\mcconfig.yaml
2019-05-29 20:51:14,292 : ConfigProcessor : Loading config from file D:\POKEMON\config\config.
2019-05-29 20:51:14,449 : ConfigProcessor : Loading config: D:\POKEMON\config\config
2019-05-29 20:51:14,449 : ConfigProcessor : Config file cache created: C:\Users\MISSIO~1\AppData\Local\Temp\42582fcba572e096272241837be67618.mpf_cache
2019-05-29 20:51:14,464 : mpfmc : Starting clock at 60.0Hz
2019-05-29 20:51:14,542 : kivy : Text: Provider: sdl2
2019-05-29 20:51:16,136 : kivy : OSC: using <thread> for socket
2019-05-29 20:51:16,151 : kivy : Window: Provider: sdl2
2019-05-29 20:51:16,405 : kivy : GL: Using the "OpenGL" graphics system
2019-05-29 20:51:16,408 : kivy : GL: GLEW initialization succeeded
2019-05-29 20:51:16,409 : kivy : GL: Backend used <glew>
2019-05-29 20:51:16,409 : kivy : GL: OpenGL version <b'4.4.0 - Build 20.19.15.4835'>
2019-05-29 20:51:16,410 : kivy : GL: OpenGL vendor <b'Intel'>
2019-05-29 20:51:16,410 : kivy : GL: OpenGL renderer <b'Intel(R) HD Graphics'>
2019-05-29 20:51:16,410 : kivy : GL: OpenGL parsed version: 4, 4
2019-05-29 20:51:16,411 : kivy : GL: Shading version <b'4.40 - Build 20.19.15.4835'>
2019-05-29 20:51:16,411 : kivy : GL: Texture max size <16384>
2019-05-29 20:51:16,411 : kivy : GL: Texture max units <32>
2019-05-29 20:51:16,462 : kivy : Shader: fragment shader: <b"WARNING: 0:7: '' :  #version directive missing">
2019-05-29 20:51:16,464 : kivy : Shader: vertex shader: <b"WARNING: 0:7: '' :  #version directive missing">
2019-05-29 20:51:16,480 : kivy : Window: auto add sdl2 input provider
2019-05-29 20:51:16,481 : kivy : Window: virtual keyboard not allowed, single mode, not docked
2019-05-29 20:51:16,513 : SoundSystem : SoundSystem: Using default 'sound_system' settings
2019-05-29 20:51:18,214 : AudioInterface : Initialized
2019-05-29 20:51:18,215 : SoundSystem : No audio tracks are specified in your machine config file. a track named 'default' has been created.
2019-05-29 20:51:18,228 : kivy : Base: Start application main loop
2019-05-29 20:51:18,283 : mpfmc : Display: Setting 'window' as default display
2019-05-29 20:51:18,437 : ConfigProcessor : Loading config from cache: C:\Users\MISSIO~1\AppData\Local\Temp\10f8871b1481fbf59bf30d5b3d29537e.mpf_cache
2019-05-29 20:51:18,440 : ConfigProcessor : Loading config from cache: C:\Users\MISSIO~1\AppData\Local\Temp\c8c985d122de6339937b15f5cde5ffe7.mpf_cache
2019-05-29 20:51:18,443 : ConfigProcessor : Loading config from cache: C:\Users\MISSIO~1\AppData\Local\Temp\01c5ea7020f20fc8cd2609416c749c9a.mpf_cache
2019-05-29 20:51:18,460 : MPF-MC BCP Server : Starting up on localhost port 5050
2019-05-29 20:51:18,483 : MPF-MC BCP Server : Waiting for a connection...
2019-05-29 20:51:18,485 : mpfmc : SlidePlayer: Play called with settings={'slides': {'welcome_slide': {'target': None, 'force': False, 'show': True, 'expire': None, 'priority': None, 'action': 'play', 'slide': None, 'background_color': [0.0, 0.0, 0.0, 1.0], 'transition': None, 'transition_out': None}}}
2019-05-29 20:51:18,669 : kivy : GL: NPOT texture support is available
2019-05-29 20:51:18,812 : MPF-MC BCP Server : Received connection from: 127.0.0.1:49987
2019-05-29 20:51:18,860 : BcpProcessor : Received invalid BCP command: mode_list
2019-05-29 20:51:18,982 : mpfmc : SlidePlayer: Play called with settings={'slides': {'welcome_slide': {'target': None, 'force': False, 'show': True, 'expire': None, 'priority': None, 'action': 'play', 'slide': None, 'background_color': [0.0, 0.0, 0.0, 1.0], 'transition': None, 'transition_out': None}}}
2019-05-29 20:51:19,024 : mpfmc : SlidePlayer: Play called with settings={'slides': {'attract_started': {'target': None, 'force': False, 'show': True, 'expire': None, 'priority': None, 'action': 'play', 'slide': None, 'background_color': [0.0, 0.0, 0.0, 1.0], 'transition': None, 'transition_out': None}}}
2019-05-29 20:51:21,153 : mpfmc : SlidePlayer: Play called with settings={'slides': {'widgets': {'target': None, 'force': False, 'show': True, 'expire': None, 'priority': None, 'action': 'play', 'slide': None, 'background_color': [0.0, 0.0, 0.0, 1.0], 'transition': None, 'transition_out': None, 'widgets': [{'anchor_x': 'left', 'z': 0, 'number_grouping': True, 'key': None, 'round_anchor_y': None, 'casing': None, 'type': 'text', '_default_settings': ['font_size'], 'rotation': 0, 'valign': 'middle', 'font_size': 100, 'color': [1.0, 1.0, 1.0, 1.0], 'y': '300', 'adjust_top': 0, 'bitmap_font': False, 'font_kerning': True, 'halign': 'center', 'animations': None, 'adjust_right': 0, 'reset_animations_events': [], 'style': None, 'round_anchor_x': None, 'adjust_bottom': 0, 'min_digits': 2, 'scale': 1.0, 'italic': False, 'expire': None, 'adjust_left': 0, 'opacity': 1.0, 'bold': False, 'text': '(score)', 'anchor_y': 'bottom', 'x': '300'}, {'anchor_x': 'left', 'z': 0, 'number_grouping': True, 'key': None, 'round_anchor_y': None, 'casing': None, 'type': 'text', '_default_settings': ['font_size'], 'rotation': 0, 'valign': 'middle', 'font_size': 100, 'color': [1.0, 1.0, 1.0, 1.0], 'y': '100', 'adjust_top': 0, 'bitmap_font': False, 'font_kerning': True, 'halign': 'center', 'animations': None, 'adjust_right': 0, 'reset_animations_events': [], 'style': None, 'round_anchor_x': None, 'adjust_bottom': 0, 'min_digits': 2, 'scale': 1.0, 'italic': False, 'expire': None, 'adjust_left': 0, 'opacity': 1.0, 'bold': False, 'text': 'PICHU EXP (pichu_exp)/100', 'anchor_y': 'bottom', 'x': '300'}, {'anchor_x': 'left', 'z': 0, 'number_grouping': False, 'key': None, 'round_anchor_y': None, 'casing': None, 'type': 'text', '_default_settings': ['font_size'], 'rotation': 0, 'valign': 'middle', 'font_size': 50, 'color': [1.0, 1.0, 1.0, 1.0], 'y': '10', 'adjust_top': 0, 'bitmap_font': False, 'font_kerning': True, 'halign': 'center', 'animations': None, 'adjust_right': 0, 'reset_animations_events': [], 'style': None, 'round_anchor_x': None, 'adjust_bottom': 0, 'min_digits': 0, 'scale': 1.0, 'italic': False, 'expire': None, 'adjust_left': 0, 'opacity': 1.0, 'bold': False, 'text': 'PLAYER (number)', 'anchor_y': 'bottom', 'x': '10'}, {'anchor_x': 'right', 'z': 0, 'number_grouping': False, 'key': None, 'round_anchor_y': None, 'casing': None, 'type': 'text', '_default_settings': ['font_size'], 'rotation': 0, 'valign': 'middle', 'font_size': 50, 'color': [1.0, 1.0, 1.0, 1.0], 'y': '10', 'adjust_top': 0, 'bitmap_font': False, 'font_kerning': True, 'halign': 'center', 'animations': None, 'adjust_right': 0, 'reset_animations_events': [], 'style': None, 'round_anchor_x': None, 'adjust_bottom': 0, 'min_digits': 0, 'scale': 1.0, 'italic': False, 'expire': None, 'adjust_left': 0, 'opacity': 1.0, 'bold': False, 'text': 'BALL (ball)', 'anchor_y': 'bottom', 'x': 'right-10'}]}}}
2019-05-29 20:52:45,796 : mpfmc : SlidePlayer: Play called with settings={'slides': {'widgets': {'target': None, 'force': False, 'show': True, 'expire': None, 'priority': None, 'action': 'play', 'slide': None, 'background_color': [0.0, 0.0, 0.0, 1.0], 'transition': None, 'transition_out': None, 'widgets': [{'anchor_x': 'left', 'z': 0, 'number_grouping': True, 'key': None, 'round_anchor_y': None, 'casing': None, 'type': 'text', '_default_settings': ['font_size'], 'rotation': 0, 'valign': 'middle', 'font_size': 100, 'color': [1.0, 1.0, 1.0, 1.0], 'y': '300', 'adjust_top': 0, 'bitmap_font': False, 'font_kerning': True, 'halign': 'center', 'animations': None, 'adjust_right': 0, 'reset_animations_events': [], 'style': None, 'round_anchor_x': None, 'adjust_bottom': 0, 'min_digits': 2, 'scale': 1.0, 'italic': False, 'expire': None, 'adjust_left': 0, 'opacity': 1.0, 'bold': False, 'text': '(score)', 'anchor_y': 'bottom', 'x': '300'}, {'anchor_x': 'left', 'z': 0, 'number_grouping': True, 'key': None, 'round_anchor_y': None, 'casing': None, 'type': 'text', '_default_settings': ['font_size'], 'rotation': 0, 'valign': 'middle', 'font_size': 100, 'color': [1.0, 1.0, 1.0, 1.0], 'y': '100', 'adjust_top': 0, 'bitmap_font': False, 'font_kerning': True, 'halign': 'center', 'animations': None, 'adjust_right': 0, 'reset_animations_events': [], 'style': None, 'round_anchor_x': None, 'adjust_bottom': 0, 'min_digits': 2, 'scale': 1.0, 'italic': False, 'expire': None, 'adjust_left': 0, 'opacity': 1.0, 'bold': False, 'text': 'PICHU EXP (pichu_exp)/100', 'anchor_y': 'bottom', 'x': '300'}, {'anchor_x': 'left', 'z': 0, 'number_grouping': False, 'key': None, 'round_anchor_y': None, 'casing': None, 'type': 'text', '_default_settings': ['font_size'], 'rotation': 0, 'valign': 'middle', 'font_size': 50, 'color': [1.0, 1.0, 1.0, 1.0], 'y': '10', 'adjust_top': 0, 'bitmap_font': False, 'font_kerning': True, 'halign': 'center', 'animations': None, 'adjust_right': 0, 'reset_animations_events': [], 'style': None, 'round_anchor_x': None, 'adjust_bottom': 0, 'min_digits': 0, 'scale': 1.0, 'italic': False, 'expire': None, 'adjust_left': 0, 'opacity': 1.0, 'bold': False, 'text': 'PLAYER (number)', 'anchor_y': 'bottom', 'x': '10'}, {'anchor_x': 'right', 'z': 0, 'number_grouping': False, 'key': None, 'round_anchor_y': None, 'casing': None, 'type': 'text', '_default_settings': ['font_size'], 'rotation': 0, 'valign': 'middle', 'font_size': 50, 'color': [1.0, 1.0, 1.0, 1.0], 'y': '10', 'adjust_top': 0, 'bitmap_font': False, 'font_kerning': True, 'halign': 'center', 'animations': None, 'adjust_right': 0, 'reset_animations_events': [], 'style': None, 'round_anchor_x': None, 'adjust_bottom': 0, 'min_digits': 0, 'scale': 1.0, 'italic': False, 'expire': None, 'adjust_left': 0, 'opacity': 1.0, 'bold': False, 'text': 'BALL (ball)', 'anchor_y': 'bottom', 'x': 'right-10'}]}}}
2019-05-29 20:57:12,503 : mpfmc : SlidePlayer: Play called with settings={'slides': {'widgets': {'target': None, 'force': False, 'show': True, 'expire': None, 'priority': None, 'action': 'play', 'slide': None, 'background_color': [0.0, 0.0, 0.0, 1.0], 'transition': None, 'transition_out': None, 'widgets': [{'anchor_x': 'left', 'z': 0, 'number_grouping': True, 'key': None, 'round_anchor_y': None, 'casing': None, 'type': 'text', '_default_settings': ['font_size'], 'rotation': 0, 'valign': 'middle', 'font_size': 100, 'color': [1.0, 1.0, 1.0, 1.0], 'y': '300', 'adjust_top': 0, 'bitmap_font': False, 'font_kerning': True, 'halign': 'center', 'animations': None, 'adjust_right': 0, 'reset_animations_events': [], 'style': None, 'round_anchor_x': None, 'adjust_bottom': 0, 'min_digits': 2, 'scale': 1.0, 'italic': False, 'expire': None, 'adjust_left': 0, 'opacity': 1.0, 'bold': False, 'text': '(score)', 'anchor_y': 'bottom', 'x': '300'}, {'anchor_x': 'left', 'z': 0, 'number_grouping': True, 'key': None, 'round_anchor_y': None, 'casing': None, 'type': 'text', '_default_settings': ['font_size'], 'rotation': 0, 'valign': 'middle', 'font_size': 100, 'color': [1.0, 1.0, 1.0, 1.0], 'y': '100', 'adjust_top': 0, 'bitmap_font': False, 'font_kerning': True, 'halign': 'center', 'animations': None, 'adjust_right': 0, 'reset_animations_events': [], 'style': None, 'round_anchor_x': None, 'adjust_bottom': 0, 'min_digits': 2, 'scale': 1.0, 'italic': False, 'expire': None, 'adjust_left': 0, 'opacity': 1.0, 'bold': False, 'text': 'PICHU EXP (pichu_exp)/100', 'anchor_y': 'bottom', 'x': '300'}, {'anchor_x': 'left', 'z': 0, 'number_grouping': False, 'key': None, 'round_anchor_y': None, 'casing': None, 'type': 'text', '_default_settings': ['font_size'], 'rotation': 0, 'valign': 'middle', 'font_size': 50, 'color': [1.0, 1.0, 1.0, 1.0], 'y': '10', 'adjust_top': 0, 'bitmap_font': False, 'font_kerning': True, 'halign': 'center', 'animations': None, 'adjust_right': 0, 'reset_animations_events': [], 'style': None, 'round_anchor_x': None, 'adjust_bottom': 0, 'min_digits': 0, 'scale': 1.0, 'italic': False, 'expire': None, 'adjust_left': 0, 'opacity': 1.0, 'bold': False, 'text': 'PLAYER (number)', 'anchor_y': 'bottom', 'x': '10'}, {'anchor_x': 'right', 'z': 0, 'number_grouping': False, 'key': None, 'round_anchor_y': None, 'casing': None, 'type': 'text', '_default_settings': ['font_size'], 'rotation': 0, 'valign': 'middle', 'font_size': 50, 'color': [1.0, 1.0, 1.0, 1.0], 'y': '10', 'adjust_top': 0, 'bitmap_font': False, 'font_kerning': True, 'halign': 'center', 'animations': None, 'adjust_right': 0, 'reset_animations_events': [], 'style': None, 'round_anchor_x': None, 'adjust_bottom': 0, 'min_digits': 0, 'scale': 1.0, 'italic': False, 'expire': None, 'adjust_left': 0, 'opacity': 1.0, 'bold': False, 'text': 'BALL (ball)', 'anchor_y': 'bottom', 'x': 'right-10'}]}}}
2019-05-29 20:57:27,966 : mpfmc : SlidePlayer: Play called with settings={'slides': {'attract_started': {'target': None, 'force': False, 'show': True, 'expire': None, 'priority': None, 'action': 'play', 'slide': None, 'background_color': [0.0, 0.0, 0.0, 1.0], 'transition': None, 'transition_out': None}}}
2019-05-29 20:57:31,655 : kivy : Base: Leaving application in progress...
2019-05-29 20:57:31,970 : mpfmc : Stopping...
2019-05-29 20:57:31,970 : mpfmc : Loop rate 81.98 Hz
2019-05-29 20:57:31,970 : kivy : MC run loop ended.
2019-05-29 20:57:31,970 : kivy : Stopping child threads... (3 remaining)
2019-05-29 20:57:32,067 : MPF-MC BCP Server : Stopping BCP sending thread
2019-05-29 20:57:32,067 : mpfmc : Stopping...
2019-05-29 20:57:32,067 : mpfmc : Loop rate 81.96 Hz
2019-05-29 20:57:32,520 : kivy : All child threads stopped.
