2019-09-24 19:21:49,733 : INFO : Machine : Mission Pinball Framework Core Engine v0.52.6
2019-09-24 19:21:49,733 : INFO : Machine : Command line arguments: {'no_load_cache': False, 'create_config_cache': True, 'bcp': True, 'configfile': ['config.yaml'], 'mpfconfigfile': 'J:\\Python\\lib\\site-packages\\mpf\\mpfconfig.yaml', 'force_assets_load': False, 'jsonlogging': False, 'logfile': 'logs\\2019-09-24-19-21-49-mpf-DESKTOP-2NHREP8.log', 'pause': False, 'production': False, 'text_ui': True, 'loglevel': 15, 'consoleloglevel': 20, 'force_platform': None, 'syslog_address': None, 'mc_file_name': None, 'no_sound': False}
2019-09-24 19:21:49,733 : INFO : Machine : MPF path: J:\Python\lib\site-packages\mpf
2019-09-24 19:21:49,733 : INFO : Machine : Machine path: J:\Pinball Code\POKEMON
2019-09-24 19:21:49,733 : INFO : Machine : Platform: win32
2019-09-24 19:21:49,733 : INFO : Machine : Python executable location: J:\Python\python.exe
2019-09-24 19:21:49,733 : INFO : Machine : Python version: 3.6.8 (64-bit)
2019-09-24 19:21:49,733 : INFO : Machine : Machine config file #1: config.yaml
2019-09-24 19:21:49,735 : INFO : ConfigProcessor : Loading config from cache: C:\Users\Chris\AppData\Local\Temp\69e0444c0f6138f6d2261c567bcf50ad.mpf_cache
2019-09-24 19:21:49,737 : INFO : Machine : Initialise MPF.
2019-09-24 19:21:49,832 : INFO : EventManager : Event: ======'machine_var_credits_string'====== Args={'value': 'FREE PLAY', 'prev_value': None, 'change': True}
2019-09-24 19:21:49,863 : INFO : EventManager : Event: ======'machine_var_player1_score'====== Args={'value': 0, 'prev_value': None, 'change': True}
2019-09-24 19:21:49,863 : INFO : EventManager : Event: ======'machine_var_mpf_version'====== Args={'value': 'MPF v0.52.6', 'prev_value': None, 'change': True}
2019-09-24 19:21:49,863 : INFO : EventManager : Event: ======'machine_var_mpf_extended_version'====== Args={'value': 'MPF v0.52.6, Config version:5, Show version: 5, BCP version:1.1', 'prev_value': None, 'change': True}
2019-09-24 19:21:49,863 : INFO : EventManager : Event: ======'machine_var_python_version'====== Args={'value': '3.6.8', 'prev_value': None, 'change': True}
2019-09-24 19:21:49,863 : INFO : EventManager : Event: ======'machine_var_platform'====== Args={'value': 'Windows-10-10.0.17134-SP0', 'prev_value': None, 'change': True}
2019-09-24 19:21:49,863 : INFO : EventManager : Event: ======'machine_var_platform_system'====== Args={'value': 'Windows', 'prev_value': None, 'change': True}
2019-09-24 19:21:49,863 : INFO : EventManager : Event: ======'machine_var_platform_release'====== Args={'value': '10', 'prev_value': None, 'change': True}
2019-09-24 19:21:49,863 : INFO : EventManager : Event: ======'machine_var_platform_version'====== Args={'value': '10.0.17134', 'prev_value': None, 'change': True}
2019-09-24 19:21:49,863 : INFO : EventManager : Event: ======'machine_var_platform_machine'====== Args={'value': 'AMD64', 'prev_value': None, 'change': True}
2019-09-24 19:21:49,863 : INFO : EventManager : Event: ======'init_phase_1'====== Args={}
2019-09-24 19:21:49,878 : WARNING : ConfigProcessor : Config file in cache changed: J:\Pinball Code\POKEMON\modes\pichu\config\pichu.yaml
2019-09-24 19:21:49,878 : INFO : ConfigProcessor : Loading config from file J:\Pinball Code\POKEMON\modes\pichu\config\pichu.yaml.
2019-09-24 19:21:49,894 : INFO : ConfigProcessor : Loading config: J:\Pinball Code\POKEMON\modes\pichu\config\pichu.yaml
2019-09-24 19:21:49,894 : INFO : ConfigProcessor : Config file cache created: C:\Users\Chris\AppData\Local\Temp\2f6c6435e826e441dccd53350c4e6995.mpf_cache
2019-09-24 19:21:49,910 : INFO : ConfigProcessor : Loading config from cache: C:\Users\Chris\AppData\Local\Temp\3b6e6d9cbe11cd369d2d74a9858f4f8d.mpf_cache
2019-09-24 19:21:49,925 : INFO : ConfigProcessor : Loading config from cache: C:\Users\Chris\AppData\Local\Temp\b026998c18788086646f1fdaa380134c.mpf_cache
2019-09-24 19:21:49,941 : INFO : ConfigProcessor : Loading config from cache: C:\Users\Chris\AppData\Local\Temp\206a85769bf0b844ba22633966100a87.mpf_cache
2019-09-24 19:21:49,957 : WARNING : ConfigProcessor : Config file in cache changed: J:\Pinball Code\POKEMON\modes\evolve_pichu\config\evolve_pichu.yaml
2019-09-24 19:21:49,957 : INFO : ConfigProcessor : Loading config from file J:\Pinball Code\POKEMON\modes\evolve_pichu\config\evolve_pichu.yaml.
2019-09-24 19:21:49,957 : INFO : ConfigProcessor : Loading config: J:\Pinball Code\POKEMON\modes\evolve_pichu\config\evolve_pichu.yaml
2019-09-24 19:21:49,957 : INFO : ConfigProcessor : Config file cache created: C:\Users\Chris\AppData\Local\Temp\0557c8573691a949dbe0d19a228380a0.mpf_cache
2019-09-24 19:21:49,972 : INFO : EventManager : Event: ======'drop_target_bank_right_bank_up'====== Args={}
2019-09-24 19:21:49,972 : INFO : EventManager : Event: ======'init_phase_2'====== Args={}
2019-09-24 19:21:49,972 : INFO : SwitchController : Found active switch: ('1-9', <Platform.SmartVirtual>)
2019-09-24 19:21:50,003 : INFO : EventManager : Event: ======'bcp_connection_attempt'====== Args={'name': 'local_display', 'host': 'localhost', 'port': 5050}
2019-09-24 19:21:50,003 : INFO : BCPClientSocket.local_display : Connecting BCP to 'local_display' at localhost:5050...
2019-09-24 19:21:52,025 : INFO : BCPClientSocket.local_display : Connected BCP to 'local_display' localhost:5050
2019-09-24 19:21:52,025 : INFO : EventManager : Event: ======'bcp_clients_connected'====== Args={}
2019-09-24 19:21:52,034 : INFO : EventManager : Event: ======'machine_var_master_volume'====== Args={'value': 0.5, 'prev_value': None, 'change': True}
2019-09-24 19:21:52,047 : INFO : EventManager : Event: ======'init_phase_3'====== Args={}
2019-09-24 19:21:52,052 : INFO : EventManager : Event: ======'init_phase_4'====== Args={}
2019-09-24 19:21:52,053 : INFO : EventManager : Event: ======'machine_var_audits_events_game_ended'====== Args={'value': 136, 'prev_value': None, 'change': True}
2019-09-24 19:21:52,053 : INFO : EventManager : Event: ======'machine_var_audits_events_game_started'====== Args={'value': 174, 'prev_value': None, 'change': True}
2019-09-24 19:21:52,053 : INFO : EventManager : Event: ======'machine_var_audits_player_score'====== Args={'value': {'average': 186.70270270270268, 'top': [828, 726, 724, 722, 706, 614, 516, 513, 504, 499], 'total': 148}, 'prev_value': None, 'change': True}
2019-09-24 19:21:52,053 : INFO : EventManager : Event: ======'machine_var_audits_switches_s_drain'====== Args={'value': 1369, 'prev_value': None, 'change': True}
2019-09-24 19:21:52,053 : INFO : EventManager : Event: ======'machine_var_audits_switches_s_drop_center'====== Args={'value': 314, 'prev_value': None, 'change': True}
2019-09-24 19:21:52,053 : INFO : EventManager : Event: ======'machine_var_audits_switches_s_drop_left'====== Args={'value': 292, 'prev_value': None, 'change': True}
2019-09-24 19:21:52,054 : INFO : EventManager : Event: ======'machine_var_audits_switches_s_drop_right'====== Args={'value': 262, 'prev_value': None, 'change': True}
2019-09-24 19:21:52,054 : INFO : EventManager : Event: ======'machine_var_audits_switches_s_flipper_left'====== Args={'value': 4000, 'prev_value': None, 'change': True}
2019-09-24 19:21:52,054 : INFO : EventManager : Event: ======'machine_var_audits_switches_s_flipper_right'====== Args={'value': 5737, 'prev_value': None, 'change': True}
2019-09-24 19:21:52,054 : INFO : EventManager : Event: ======'machine_var_audits_switches_s_gym'====== Args={'value': 154, 'prev_value': None, 'change': True}
2019-09-24 19:21:52,054 : INFO : EventManager : Event: ======'machine_var_audits_switches_s_plunger_lane'====== Args={'value': 83, 'prev_value': None, 'change': True}
2019-09-24 19:21:52,054 : INFO : EventManager : Event: ======'machine_var_audits_switches_s_pop_bottom'====== Args={'value': 1170, 'prev_value': None, 'change': True}
2019-09-24 19:21:52,055 : INFO : EventManager : Event: ======'machine_var_audits_switches_s_pop_left'====== Args={'value': 10, 'prev_value': None, 'change': True}
2019-09-24 19:21:52,055 : INFO : EventManager : Event: ======'machine_var_audits_switches_s_pop_right'====== Args={'value': 954, 'prev_value': None, 'change': True}
2019-09-24 19:21:52,055 : INFO : EventManager : Event: ======'machine_var_audits_switches_s_pop_top'====== Args={'value': 415, 'prev_value': None, 'change': True}
2019-09-24 19:21:52,055 : INFO : EventManager : Event: ======'machine_var_audits_switches_s_saucer'====== Args={'value': 624, 'prev_value': None, 'change': True}
2019-09-24 19:21:52,055 : INFO : EventManager : Event: ======'machine_var_audits_switches_s_sling_left'====== Args={'value': 573, 'prev_value': None, 'change': True}
2019-09-24 19:21:52,055 : INFO : EventManager : Event: ======'machine_var_audits_switches_s_sling_right'====== Args={'value': 757, 'prev_value': None, 'change': True}
2019-09-24 19:21:52,056 : INFO : EventManager : Event: ======'machine_var_audits_switches_s_spinner'====== Args={'value': 3068, 'prev_value': None, 'change': True}
2019-09-24 19:21:52,056 : INFO : EventManager : Event: ======'machine_var_audits_switches_s_start'====== Args={'value': 31, 'prev_value': None, 'change': True}
2019-09-24 19:21:52,056 : INFO : EventManager : Event: ======'machine_var_audits_switches_s_trough'====== Args={'value': 833, 'prev_value': None, 'change': True}
2019-09-24 19:21:52,056 : INFO : EventManager : Event: ======'init_phase_5'====== Args={}
2019-09-24 19:21:52,057 : INFO : EventManager : Event: ======'init_done'====== Args={}
2019-09-24 19:21:52,057 : INFO : EventManager : Event: ======'machine_reset_phase_1'====== Args={}
2019-09-24 19:21:52,066 : INFO : EventManager : Event: ======'slide_welcome_slide_removed'====== Args={'_from_bcp': True}
2019-09-24 19:21:52,067 : INFO : EventManager : Event: ======'slide_welcome_slide_created'====== Args={'_from_bcp': True}
2019-09-24 19:21:52,068 : INFO : EventManager : Event: ======'machine_reset_phase_2'====== Args={}
2019-09-24 19:21:52,068 : INFO : EventManager : Event: ======'machine_reset_phase_3'====== Args={}
2019-09-24 19:21:52,069 : INFO : drop_target_bank.right_bank : All targets are already up. Will not reset bank.
2019-09-24 19:21:52,069 : INFO : EventManager : Event: ======'reset_complete'====== Args={}
2019-09-24 19:21:52,069 : INFO : EventManager : Event: ======'mode_attract_will_start'====== Args={}
2019-09-24 19:21:52,069 : INFO : EventManager : Event: ======'mode_attract_starting'====== Args={}
2019-09-24 19:21:52,069 : INFO : Mode.attract : Started. Priority: 10
2019-09-24 19:21:52,070 : INFO : EventManager : Event: ======'mode_attract_started'====== Args={}
2019-09-24 19:21:52,070 : INFO : EventManager : Event: ======'collecting_balls_complete'====== Args={}
2019-09-24 19:21:52,070 : INFO : EventManager : Event: ======'slide_welcome_slide_active'====== Args={'_from_bcp': True}
2019-09-24 19:21:52,070 : INFO : Machine : Starting the main run loop.
2019-09-24 19:21:52,090 : INFO : EventManager : Event: ======'slide_attract_started_created'====== Args={'_from_bcp': True}
2019-09-24 19:21:52,091 : INFO : EventManager : Event: ======'slide_attract_started_active'====== Args={'_from_bcp': True}
2019-09-24 19:21:52,273 : INFO : BcpServer : New client connected.
2019-09-24 19:21:52,968 : INFO : SwitchController : <<<<<<< 's_start' active >>>>>>>
2019-09-24 19:21:53,052 : INFO : SwitchController : <<<<<<< 's_start' inactive >>>>>>>
2019-09-24 19:21:53,052 : INFO : EventManager : Event: ======'request_to_start_game'====== Args={}
2019-09-24 19:21:53,055 : INFO : EventManager : Event: ======'game_start'====== Args={'buttons': [], 'hold_time': 0.09399999999914144}
2019-09-24 19:21:53,055 : INFO : EventManager : Event: ======'mode_game_will_start'====== Args={'buttons': [], 'hold_time': 0.09399999999914144}
2019-09-24 19:21:53,056 : INFO : EventManager : Event: ======'mode_game_starting'====== Args={'buttons': [], 'hold_time': 0.09399999999914144}
2019-09-24 19:21:53,056 : INFO : EventManager : Event: ======'mode_attract_will_stop'====== Args={}
2019-09-24 19:21:53,056 : INFO : EventManager : Event: ======'mode_attract_stopping'====== Args={}
2019-09-24 19:21:53,056 : INFO : Mode.attract : Stopped.
2019-09-24 19:21:53,057 : INFO : EventManager : Event: ======'mode_attract_stopped'====== Args={}
2019-09-24 19:21:53,057 : INFO : EventManager : Event: ======'clear'====== Args={'key': 'attract'}
2019-09-24 19:21:53,057 : INFO : Mode.game : Started. Priority: 20
2019-09-24 19:21:53,057 : INFO : EventManager : Event: ======'mode_game_started'====== Args={'buttons': [], 'hold_time': 0.09399999999914144}
2019-09-24 19:21:53,057 : INFO : EventManager : Event: ======'game_will_start'====== Args={}
2019-09-24 19:21:53,058 : INFO : EventManager : Event: ======'game_starting'====== Args={'game': <Mode.game>}
2019-09-24 19:21:53,058 : INFO : EventManager : Event: ======'player_add_request'====== Args={}
2019-09-24 19:21:53,059 : INFO : EventManager : Event: ======'player_will_add'====== Args={'number': 1}
2019-09-24 19:21:53,059 : INFO : EventManager : Event: ======'player_adding'====== Args={'player': <Player 1>, 'number': 1}
2019-09-24 19:21:53,059 : INFO : EventManager : Event: ======'player_added'====== Args={'player': <Player 1>, 'num': 1}
2019-09-24 19:21:53,059 : INFO : Mode.game : Player added successfully. Total players: 1
2019-09-24 19:21:53,059 : INFO : EventManager : Event: ======'player_index'====== Args={'value': 0, 'prev_value': 0, 'change': 0, 'player_num': 1}
2019-09-24 19:21:53,060 : INFO : EventManager : Event: ======'player_number'====== Args={'value': 1, 'prev_value': 1, 'change': 0, 'player_num': 1}
2019-09-24 19:21:53,060 : INFO : EventManager : Event: ======'player_pichu_exp'====== Args={'value': 1, 'prev_value': 1, 'change': 0, 'player_num': 1}
2019-09-24 19:21:53,060 : INFO : EventManager : Event: ======'player_score'====== Args={'value': 0, 'prev_value': 0, 'change': 0, 'player_num': 1}
2019-09-24 19:21:53,061 : INFO : EventManager : Event: ======'game_started'====== Args={}
2019-09-24 19:21:53,061 : INFO : EventManager : Event: ======'player_turn_will_start'====== Args={'player': <Player 1>, 'number': 1}
2019-09-24 19:21:53,062 : INFO : EventManager : Event: ======'player_turn_starting'====== Args={'player': <Player 1>, 'number': 1}
2019-09-24 19:21:53,062 : INFO : EventManager : Event: ======'player_ball'====== Args={'value': 1, 'prev_value': 0, 'change': 1, 'player_num': 1}
2019-09-24 19:21:53,062 : INFO : EventManager : Event: ======'player_turn_started'====== Args={'player': <Player 1>, 'number': 1}
2019-09-24 19:21:53,066 : INFO : EventManager : Event: ======'ball_will_start'====== Args={'player': 1, 'ball': 1, 'balls_remaining': 2, 'is_extra_ball': False}
2019-09-24 19:21:53,066 : INFO : EventManager : Event: ======'ball_starting'====== Args={'player': 1, 'ball': 1, 'balls_remaining': 2, 'is_extra_ball': False}
2019-09-24 19:21:53,067 : INFO : EventManager : Event: ======'mode_base_will_start'====== Args={'queue': <QueuedEvent>, 'player': 1, 'ball': 1, 'balls_remaining': 2, 'is_extra_ball': False}
2019-09-24 19:21:53,067 : INFO : EventManager : Event: ======'mode_base_starting'====== Args={'queue': <QueuedEvent>, 'player': 1, 'ball': 1, 'balls_remaining': 2, 'is_extra_ball': False}
2019-09-24 19:21:53,067 : INFO : drop_target_bank.right_bank : All targets are already up. Will not reset bank.
2019-09-24 19:21:53,068 : INFO : Mode.base : Started. Priority: 31
2019-09-24 19:21:53,068 : INFO : EventManager : Event: ======'mode_base_started'====== Args={'queue': <QueuedEvent>, 'player': 1, 'ball': 1, 'balls_remaining': 2, 'is_extra_ball': False}
2019-09-24 19:21:53,068 : INFO : EventManager : Event: ======'start_mode_pichu'====== Args={'priority': 0}
2019-09-24 19:21:53,068 : INFO : EventManager : Event: ======'mode_pichu_will_start'====== Args={'priority': 0}
2019-09-24 19:21:53,070 : INFO : EventManager : Event: ======'mode_pichu_starting'====== Args={'priority': 0}
2019-09-24 19:21:53,070 : INFO : Mode.pichu : Started. Priority: 5003
2019-09-24 19:21:53,071 : INFO : EventManager : Event: ======'mode_pichu_started'====== Args={'priority': 0}
2019-09-24 19:21:53,071 : INFO : EventManager : Event: ======'balls_in_play'====== Args={'balls': 1}
2019-09-24 19:21:53,071 : INFO : EventManager : Event: ======'ball_started'====== Args={'player': 1, 'ball': 1, 'balls_remaining': 2, 'is_extra_ball': False}
2019-09-24 19:21:53,073 : INFO : EventManager : Event: ======'single_player_ball_started'====== Args={}
2019-09-24 19:21:53,074 : INFO : EventManager : Event: ======'balldevice_balls_available'====== Args={}
2019-09-24 19:21:53,074 : INFO : EventManager : Event: ======'balldevice_bd_trough_ball_eject_attempt'====== Args={'balls': 1, 'target': <ball_device.bd_plunger>, 'source': <ball_device.bd_trough>, 'mechanical_eject': True, 'num_attempts': 0}
2019-09-24 19:21:53,075 : INFO : ball_device.bd_trough : Ejecting ball to <ball_device.bd_plunger>
2019-09-24 19:21:53,075 : INFO : EventManager : Event: ======'balldevice_bd_trough_ejecting_ball'====== Args={'balls': 1, 'target': <ball_device.bd_plunger>, 'source': <ball_device.bd_trough>, 'mechanical_eject': True, 'num_attempts': 0}
2019-09-24 19:21:53,075 : INFO : coil.c_trough : Pulsing Driver for 7ms (1.0 pulse_power)
2019-09-24 19:21:53,076 : INFO : SwitchController : <<<<<<< 's_trough' inactive >>>>>>>
2019-09-24 19:21:53,083 : INFO : EventManager : Event: ======'slide_pichu.slide_player-mode_pichu_started_created'====== Args={'_from_bcp': True}
2019-09-24 19:21:53,085 : INFO : EventManager : Event: ======'slide_pichu.slide_player-mode_pichu_started_active'====== Args={'_from_bcp': True}
2019-09-24 19:21:53,189 : INFO : SwitchController : <<<<<<< 's_plunger_lane' active >>>>>>>
2019-09-24 19:21:53,191 : INFO : EventManager : Event: ======'machine_var_audits_switches_s_plunger_lane'====== Args={'value': 84, 'prev_value': 83, 'change': 1}
2019-09-24 19:21:53,691 : INFO : EventManager : Event: ======'balldevice_bd_plunger_ball_enter'====== Args={'new_balls': 1, 'unclaimed_balls': 0, 'new_available_balls': 0, 'device': <ball_device.bd_plunger>}
2019-09-24 19:21:53,691 : INFO : EventManager : Event: ======'balldevice_bd_plunger_ball_entered'====== Args={'new_balls': 0, 'device': <ball_device.bd_plunger>}
2019-09-24 19:21:53,692 : INFO : EventManager : Event: ======'balldevice_bd_plunger_ball_count_changed'====== Args={'balls': 1}
2019-09-24 19:21:53,692 : INFO : EventManager : Event: ======'balldevice_bd_trough_ball_eject_success'====== Args={'balls': 1, 'target': <ball_device.bd_plunger>}
2019-09-24 19:21:53,692 : INFO : EventManager : Event: ======'balldevice_bd_trough_ball_count_changed'====== Args={'balls': 0}
2019-09-24 19:21:53,693 : INFO : EventManager : Event: ======'balldevice_bd_plunger_ball_eject_attempt'====== Args={'balls': 1, 'target': <playfield.playfield>, 'source': <ball_device.bd_plunger>, 'mechanical_eject': True, 'num_attempts': 0}
2019-09-24 19:21:53,693 : INFO : ball_device.bd_plunger : Ejecting ball to <playfield.playfield>
2019-09-24 19:21:53,693 : INFO : EventManager : Event: ======'balldevice_bd_plunger_ejecting_ball'====== Args={'balls': 1, 'target': <playfield.playfield>, 'source': <ball_device.bd_plunger>, 'mechanical_eject': True, 'num_attempts': 0}
2019-09-24 19:21:56,325 : INFO : SwitchController : <<<<<<< 's_plunger_lane' inactive >>>>>>>
2019-09-24 19:21:57,174 : INFO : SwitchController : <<<<<<< 's_pop_right' active >>>>>>>
2019-09-24 19:21:57,174 : INFO : EventManager : Event: ======'s_pop_right_active'====== Args={}
2019-09-24 19:21:57,175 : INFO : EventManager : Event: ======'playfield_active'====== Args={}
2019-09-24 19:21:57,178 : INFO : EventManager : Event: ======'machine_var_audits_switches_s_pop_right'====== Args={'value': 955, 'prev_value': 954, 'change': 1}
2019-09-24 19:21:57,178 : INFO : EventManager : Event: ======'check_evolve_pichu'====== Args={'priority': 0}
2019-09-24 19:21:57,178 : INFO : EventManager : Event: ======'player_score'====== Args={'value': 5, 'prev_value': 0, 'change': 5, 'player_num': 1}
2019-09-24 19:21:57,179 : INFO : EventManager : Event: ======'player_pichu_exp'====== Args={'value': 6, 'prev_value': 1, 'change': 5, 'player_num': 1}
2019-09-24 19:21:57,179 : INFO : EventManager : Event: ======'balldevice_bd_plunger_ball_eject_success'====== Args={'balls': 1, 'target': <playfield.playfield>}
2019-09-24 19:21:57,182 : INFO : EventManager : Event: ======'balldevice_playfield_ball_enter'====== Args={'new_balls': 1, 'unclaimed_balls': 1, 'device': <playfield.playfield>}
2019-09-24 19:21:57,182 : INFO : EventManager : Event: ======'playfield_ball_count_change'====== Args={'balls': 1, 'change': 1}
2019-09-24 19:21:57,183 : INFO : EventManager : Event: ======'balldevice_bd_plunger_ball_count_changed'====== Args={'balls': 0}
2019-09-24 19:21:57,692 : INFO : SwitchController : <<<<<<< 's_pop_top' active >>>>>>>
2019-09-24 19:21:57,692 : INFO : EventManager : Event: ======'s_pop_top_active'====== Args={}
2019-09-24 19:21:57,695 : INFO : EventManager : Event: ======'machine_var_audits_switches_s_pop_top'====== Args={'value': 416, 'prev_value': 415, 'change': 1}
2019-09-24 19:21:57,695 : INFO : EventManager : Event: ======'check_evolve_pichu'====== Args={'priority': 0}
2019-09-24 19:21:57,696 : INFO : EventManager : Event: ======'player_score'====== Args={'value': 10, 'prev_value': 5, 'change': 5, 'player_num': 1}
2019-09-24 19:21:57,696 : INFO : EventManager : Event: ======'player_pichu_exp'====== Args={'value': 11, 'prev_value': 6, 'change': 5, 'player_num': 1}
2019-09-24 19:21:58,027 : INFO : SwitchController : <<<<<<< 's_pop_bottom' active >>>>>>>
2019-09-24 19:21:58,027 : INFO : EventManager : Event: ======'s_pop_bottom_active'====== Args={}
2019-09-24 19:21:58,030 : INFO : EventManager : Event: ======'machine_var_audits_switches_s_pop_bottom'====== Args={'value': 1171, 'prev_value': 1170, 'change': 1}
2019-09-24 19:21:58,031 : INFO : EventManager : Event: ======'check_evolve_pichu'====== Args={'priority': 0}
2019-09-24 19:21:58,031 : INFO : EventManager : Event: ======'player_score'====== Args={'value': 15, 'prev_value': 10, 'change': 5, 'player_num': 1}
2019-09-24 19:21:58,031 : INFO : EventManager : Event: ======'player_pichu_exp'====== Args={'value': 16, 'prev_value': 11, 'change': 5, 'player_num': 1}
2019-09-24 19:21:58,134 : INFO : SwitchController : <<<<<<< 's_pop_bottom' inactive >>>>>>>
2019-09-24 19:21:58,259 : INFO : SwitchController : <<<<<<< 's_pop_right' inactive >>>>>>>
2019-09-24 19:21:58,710 : INFO : SwitchController : <<<<<<< 's_pop_right' active >>>>>>>
2019-09-24 19:21:58,710 : INFO : EventManager : Event: ======'s_pop_right_active'====== Args={}
2019-09-24 19:21:58,713 : INFO : EventManager : Event: ======'machine_var_audits_switches_s_pop_right'====== Args={'value': 956, 'prev_value': 955, 'change': 1}
2019-09-24 19:21:58,713 : INFO : EventManager : Event: ======'check_evolve_pichu'====== Args={'priority': 0}
2019-09-24 19:21:58,714 : INFO : EventManager : Event: ======'player_score'====== Args={'value': 20, 'prev_value': 15, 'change': 5, 'player_num': 1}
2019-09-24 19:21:58,714 : INFO : EventManager : Event: ======'player_pichu_exp'====== Args={'value': 21, 'prev_value': 16, 'change': 5, 'player_num': 1}
2019-09-24 19:21:58,998 : INFO : SwitchController : <<<<<<< 's_pop_top' inactive >>>>>>>
2019-09-24 19:21:59,227 : INFO : SwitchController : <<<<<<< 's_pop_bottom' active >>>>>>>
2019-09-24 19:21:59,227 : INFO : EventManager : Event: ======'s_pop_bottom_active'====== Args={}
2019-09-24 19:21:59,230 : INFO : EventManager : Event: ======'machine_var_audits_switches_s_pop_bottom'====== Args={'value': 1172, 'prev_value': 1171, 'change': 1}
2019-09-24 19:21:59,231 : INFO : EventManager : Event: ======'check_evolve_pichu'====== Args={'priority': 0}
2019-09-24 19:21:59,231 : INFO : EventManager : Event: ======'player_score'====== Args={'value': 25, 'prev_value': 20, 'change': 5, 'player_num': 1}
2019-09-24 19:21:59,231 : INFO : EventManager : Event: ======'player_pichu_exp'====== Args={'value': 26, 'prev_value': 21, 'change': 5, 'player_num': 1}
2019-09-24 19:21:59,354 : INFO : SwitchController : <<<<<<< 's_pop_bottom' inactive >>>>>>>
2019-09-24 19:21:59,452 : INFO : SwitchController : <<<<<<< 's_pop_right' inactive >>>>>>>
2019-09-24 19:21:59,669 : INFO : SwitchController : <<<<<<< 's_pop_right' active >>>>>>>
2019-09-24 19:21:59,669 : INFO : EventManager : Event: ======'s_pop_right_active'====== Args={}
2019-09-24 19:21:59,672 : INFO : EventManager : Event: ======'machine_var_audits_switches_s_pop_right'====== Args={'value': 957, 'prev_value': 956, 'change': 1}
2019-09-24 19:21:59,672 : INFO : EventManager : Event: ======'check_evolve_pichu'====== Args={'priority': 0}
2019-09-24 19:21:59,673 : INFO : EventManager : Event: ======'player_score'====== Args={'value': 30, 'prev_value': 25, 'change': 5, 'player_num': 1}
2019-09-24 19:21:59,673 : INFO : EventManager : Event: ======'player_pichu_exp'====== Args={'value': 31, 'prev_value': 26, 'change': 5, 'player_num': 1}
2019-09-24 19:21:59,857 : INFO : SwitchController : <<<<<<< 's_pop_right' inactive >>>>>>>
2019-09-24 19:22:00,055 : INFO : SwitchController : <<<<<<< 's_pop_right' active >>>>>>>
2019-09-24 19:22:00,055 : INFO : EventManager : Event: ======'s_pop_right_active'====== Args={}
2019-09-24 19:22:00,058 : INFO : EventManager : Event: ======'machine_var_audits_switches_s_pop_right'====== Args={'value': 958, 'prev_value': 957, 'change': 1}
2019-09-24 19:22:00,059 : INFO : EventManager : Event: ======'check_evolve_pichu'====== Args={'priority': 0}
2019-09-24 19:22:00,059 : INFO : EventManager : Event: ======'player_score'====== Args={'value': 35, 'prev_value': 30, 'change': 5, 'player_num': 1}
2019-09-24 19:22:00,059 : INFO : EventManager : Event: ======'player_pichu_exp'====== Args={'value': 36, 'prev_value': 31, 'change': 5, 'player_num': 1}
2019-09-24 19:22:00,253 : INFO : SwitchController : <<<<<<< 's_pop_right' inactive >>>>>>>
2019-09-24 19:22:00,438 : INFO : SwitchController : <<<<<<< 's_pop_right' active >>>>>>>
2019-09-24 19:22:00,438 : INFO : EventManager : Event: ======'s_pop_right_active'====== Args={}
2019-09-24 19:22:00,441 : INFO : EventManager : Event: ======'machine_var_audits_switches_s_pop_right'====== Args={'value': 959, 'prev_value': 958, 'change': 1}
2019-09-24 19:22:00,441 : INFO : EventManager : Event: ======'check_evolve_pichu'====== Args={'priority': 0}
2019-09-24 19:22:00,442 : INFO : EventManager : Event: ======'player_score'====== Args={'value': 40, 'prev_value': 35, 'change': 5, 'player_num': 1}
2019-09-24 19:22:00,442 : INFO : EventManager : Event: ======'player_pichu_exp'====== Args={'value': 41, 'prev_value': 36, 'change': 5, 'player_num': 1}
2019-09-24 19:22:00,634 : INFO : SwitchController : <<<<<<< 's_pop_right' inactive >>>>>>>
2019-09-24 19:22:00,696 : INFO : SwitchController : <<<<<<< 's_pop_top' active >>>>>>>
2019-09-24 19:22:00,696 : INFO : EventManager : Event: ======'s_pop_top_active'====== Args={}
2019-09-24 19:22:00,699 : INFO : EventManager : Event: ======'machine_var_audits_switches_s_pop_top'====== Args={'value': 417, 'prev_value': 416, 'change': 1}
2019-09-24 19:22:00,699 : INFO : EventManager : Event: ======'check_evolve_pichu'====== Args={'priority': 0}
2019-09-24 19:22:00,700 : INFO : EventManager : Event: ======'player_score'====== Args={'value': 45, 'prev_value': 40, 'change': 5, 'player_num': 1}
2019-09-24 19:22:00,700 : INFO : EventManager : Event: ======'player_pichu_exp'====== Args={'value': 46, 'prev_value': 41, 'change': 5, 'player_num': 1}
2019-09-24 19:22:00,927 : INFO : SwitchController : <<<<<<< 's_pop_bottom' active >>>>>>>
2019-09-24 19:22:00,927 : INFO : EventManager : Event: ======'s_pop_bottom_active'====== Args={}
2019-09-24 19:22:00,930 : INFO : EventManager : Event: ======'machine_var_audits_switches_s_pop_bottom'====== Args={'value': 1173, 'prev_value': 1172, 'change': 1}
2019-09-24 19:22:00,931 : INFO : EventManager : Event: ======'check_evolve_pichu'====== Args={'priority': 0}
2019-09-24 19:22:00,931 : INFO : EventManager : Event: ======'player_score'====== Args={'value': 50, 'prev_value': 45, 'change': 5, 'player_num': 1}
2019-09-24 19:22:00,931 : INFO : EventManager : Event: ======'player_pichu_exp'====== Args={'value': 51, 'prev_value': 46, 'change': 5, 'player_num': 1}
2019-09-24 19:22:01,053 : INFO : SwitchController : <<<<<<< 's_pop_bottom' inactive >>>>>>>
2019-09-24 19:22:01,130 : INFO : SwitchController : <<<<<<< 's_pop_bottom' active >>>>>>>
2019-09-24 19:22:01,130 : INFO : EventManager : Event: ======'s_pop_bottom_active'====== Args={}
2019-09-24 19:22:01,133 : INFO : EventManager : Event: ======'machine_var_audits_switches_s_pop_bottom'====== Args={'value': 1174, 'prev_value': 1173, 'change': 1}
2019-09-24 19:22:01,133 : INFO : EventManager : Event: ======'check_evolve_pichu'====== Args={'priority': 0}
2019-09-24 19:22:01,134 : INFO : EventManager : Event: ======'player_score'====== Args={'value': 55, 'prev_value': 50, 'change': 5, 'player_num': 1}
2019-09-24 19:22:01,134 : INFO : EventManager : Event: ======'player_pichu_exp'====== Args={'value': 56, 'prev_value': 51, 'change': 5, 'player_num': 1}
2019-09-24 19:22:01,248 : INFO : SwitchController : <<<<<<< 's_pop_bottom' inactive >>>>>>>
2019-09-24 19:22:01,312 : INFO : SwitchController : <<<<<<< 's_pop_bottom' active >>>>>>>
2019-09-24 19:22:01,312 : INFO : EventManager : Event: ======'s_pop_bottom_active'====== Args={}
2019-09-24 19:22:01,315 : INFO : EventManager : Event: ======'machine_var_audits_switches_s_pop_bottom'====== Args={'value': 1175, 'prev_value': 1174, 'change': 1}
2019-09-24 19:22:01,315 : INFO : EventManager : Event: ======'check_evolve_pichu'====== Args={'priority': 0}
2019-09-24 19:22:01,316 : INFO : EventManager : Event: ======'player_score'====== Args={'value': 60, 'prev_value': 55, 'change': 5, 'player_num': 1}
2019-09-24 19:22:01,316 : INFO : EventManager : Event: ======'player_pichu_exp'====== Args={'value': 61, 'prev_value': 56, 'change': 5, 'player_num': 1}
2019-09-24 19:22:01,431 : INFO : SwitchController : <<<<<<< 's_pop_bottom' inactive >>>>>>>
2019-09-24 19:22:01,496 : INFO : SwitchController : <<<<<<< 's_pop_bottom' active >>>>>>>
2019-09-24 19:22:01,496 : INFO : EventManager : Event: ======'s_pop_bottom_active'====== Args={}
2019-09-24 19:22:01,499 : INFO : EventManager : Event: ======'machine_var_audits_switches_s_pop_bottom'====== Args={'value': 1176, 'prev_value': 1175, 'change': 1}
2019-09-24 19:22:01,499 : INFO : EventManager : Event: ======'check_evolve_pichu'====== Args={'priority': 0}
2019-09-24 19:22:01,500 : INFO : EventManager : Event: ======'player_score'====== Args={'value': 65, 'prev_value': 60, 'change': 5, 'player_num': 1}
2019-09-24 19:22:01,500 : INFO : EventManager : Event: ======'player_pichu_exp'====== Args={'value': 66, 'prev_value': 61, 'change': 5, 'player_num': 1}
2019-09-24 19:22:01,601 : INFO : SwitchController : <<<<<<< 's_pop_bottom' inactive >>>>>>>
2019-09-24 19:22:01,676 : INFO : SwitchController : <<<<<<< 's_pop_bottom' active >>>>>>>
2019-09-24 19:22:01,676 : INFO : EventManager : Event: ======'s_pop_bottom_active'====== Args={}
2019-09-24 19:22:01,679 : INFO : EventManager : Event: ======'machine_var_audits_switches_s_pop_bottom'====== Args={'value': 1177, 'prev_value': 1176, 'change': 1}
2019-09-24 19:22:01,679 : INFO : EventManager : Event: ======'check_evolve_pichu'====== Args={'priority': 0}
2019-09-24 19:22:01,680 : INFO : EventManager : Event: ======'player_score'====== Args={'value': 70, 'prev_value': 65, 'change': 5, 'player_num': 1}
2019-09-24 19:22:01,680 : INFO : EventManager : Event: ======'player_pichu_exp'====== Args={'value': 71, 'prev_value': 66, 'change': 5, 'player_num': 1}
2019-09-24 19:22:01,786 : INFO : SwitchController : <<<<<<< 's_pop_bottom' inactive >>>>>>>
2019-09-24 19:22:01,862 : INFO : SwitchController : <<<<<<< 's_pop_bottom' active >>>>>>>
2019-09-24 19:22:01,862 : INFO : EventManager : Event: ======'s_pop_bottom_active'====== Args={}
2019-09-24 19:22:01,865 : INFO : EventManager : Event: ======'machine_var_audits_switches_s_pop_bottom'====== Args={'value': 1178, 'prev_value': 1177, 'change': 1}
2019-09-24 19:22:01,865 : INFO : EventManager : Event: ======'check_evolve_pichu'====== Args={'priority': 0}
2019-09-24 19:22:01,866 : INFO : EventManager : Event: ======'player_score'====== Args={'value': 75, 'prev_value': 70, 'change': 5, 'player_num': 1}
2019-09-24 19:22:01,866 : INFO : EventManager : Event: ======'player_pichu_exp'====== Args={'value': 76, 'prev_value': 71, 'change': 5, 'player_num': 1}
2019-09-24 19:22:01,982 : INFO : SwitchController : <<<<<<< 's_pop_bottom' inactive >>>>>>>
2019-09-24 19:22:02,059 : INFO : SwitchController : <<<<<<< 's_pop_bottom' active >>>>>>>
2019-09-24 19:22:02,059 : INFO : EventManager : Event: ======'s_pop_bottom_active'====== Args={}
2019-09-24 19:22:02,062 : INFO : EventManager : Event: ======'machine_var_audits_switches_s_pop_bottom'====== Args={'value': 1179, 'prev_value': 1178, 'change': 1}
2019-09-24 19:22:02,062 : INFO : EventManager : Event: ======'check_evolve_pichu'====== Args={'priority': 0}
2019-09-24 19:22:02,063 : INFO : EventManager : Event: ======'player_score'====== Args={'value': 80, 'prev_value': 75, 'change': 5, 'player_num': 1}
2019-09-24 19:22:02,063 : INFO : EventManager : Event: ======'player_pichu_exp'====== Args={'value': 81, 'prev_value': 76, 'change': 5, 'player_num': 1}
2019-09-24 19:22:02,172 : INFO : SwitchController : <<<<<<< 's_pop_bottom' inactive >>>>>>>
2019-09-24 19:22:02,462 : INFO : SwitchController : <<<<<<< 's_pop_bottom' active >>>>>>>
2019-09-24 19:22:02,462 : INFO : EventManager : Event: ======'s_pop_bottom_active'====== Args={}
2019-09-24 19:22:02,465 : INFO : EventManager : Event: ======'machine_var_audits_switches_s_pop_bottom'====== Args={'value': 1180, 'prev_value': 1179, 'change': 1}
2019-09-24 19:22:02,465 : INFO : EventManager : Event: ======'check_evolve_pichu'====== Args={'priority': 0}
2019-09-24 19:22:02,466 : INFO : EventManager : Event: ======'player_score'====== Args={'value': 85, 'prev_value': 80, 'change': 5, 'player_num': 1}
2019-09-24 19:22:02,466 : INFO : EventManager : Event: ======'player_pichu_exp'====== Args={'value': 86, 'prev_value': 81, 'change': 5, 'player_num': 1}
2019-09-24 19:22:02,575 : INFO : SwitchController : <<<<<<< 's_pop_bottom' inactive >>>>>>>
2019-09-24 19:22:02,675 : INFO : SwitchController : <<<<<<< 's_pop_bottom' active >>>>>>>
2019-09-24 19:22:02,676 : INFO : EventManager : Event: ======'s_pop_bottom_active'====== Args={}
2019-09-24 19:22:02,678 : INFO : EventManager : Event: ======'machine_var_audits_switches_s_pop_bottom'====== Args={'value': 1181, 'prev_value': 1180, 'change': 1}
2019-09-24 19:22:02,679 : INFO : EventManager : Event: ======'check_evolve_pichu'====== Args={'priority': 0}
2019-09-24 19:22:02,679 : INFO : EventManager : Event: ======'player_score'====== Args={'value': 90, 'prev_value': 85, 'change': 5, 'player_num': 1}
2019-09-24 19:22:02,679 : INFO : EventManager : Event: ======'player_pichu_exp'====== Args={'value': 91, 'prev_value': 86, 'change': 5, 'player_num': 1}
2019-09-24 19:22:02,782 : INFO : SwitchController : <<<<<<< 's_pop_bottom' inactive >>>>>>>
2019-09-24 19:22:02,869 : INFO : SwitchController : <<<<<<< 's_pop_bottom' active >>>>>>>
2019-09-24 19:22:02,869 : INFO : EventManager : Event: ======'s_pop_bottom_active'====== Args={}
2019-09-24 19:22:02,872 : INFO : EventManager : Event: ======'machine_var_audits_switches_s_pop_bottom'====== Args={'value': 1182, 'prev_value': 1181, 'change': 1}
2019-09-24 19:22:02,872 : INFO : EventManager : Event: ======'check_evolve_pichu'====== Args={'priority': 0}
2019-09-24 19:22:02,873 : INFO : EventManager : Event: ======'player_score'====== Args={'value': 95, 'prev_value': 90, 'change': 5, 'player_num': 1}
2019-09-24 19:22:02,873 : INFO : EventManager : Event: ======'player_pichu_exp'====== Args={'value': 96, 'prev_value': 91, 'change': 5, 'player_num': 1}
2019-09-24 19:22:02,971 : INFO : SwitchController : <<<<<<< 's_pop_bottom' inactive >>>>>>>
2019-09-24 19:22:03,097 : INFO : SwitchController : <<<<<<< 's_pop_bottom' active >>>>>>>
2019-09-24 19:22:03,097 : INFO : EventManager : Event: ======'s_pop_bottom_active'====== Args={}
2019-09-24 19:22:03,100 : INFO : EventManager : Event: ======'machine_var_audits_switches_s_pop_bottom'====== Args={'value': 1183, 'prev_value': 1182, 'change': 1}
2019-09-24 19:22:03,100 : INFO : EventManager : Event: ======'check_evolve_pichu'====== Args={'priority': 0}
2019-09-24 19:22:03,101 : INFO : EventManager : Event: ======'player_score'====== Args={'value': 100, 'prev_value': 95, 'change': 5, 'player_num': 1}
2019-09-24 19:22:03,101 : INFO : EventManager : Event: ======'player_pichu_exp'====== Args={'value': 101, 'prev_value': 96, 'change': 5, 'player_num': 1}
2019-09-24 19:22:03,101 : INFO : EventManager : Event: ======'evolve_pichu_event'====== Args={'priority': 0}
2019-09-24 19:22:03,101 : INFO : EventManager : Event: ======'mode_evolve_pichu_will_start'====== Args={'priority': 0}
2019-09-24 19:22:03,103 : INFO : EventManager : Event: ======'mode_evolve_pichu_starting'====== Args={'priority': 0}
2019-09-24 19:22:03,103 : INFO : Mode.evolve_pichu : Started. Priority: 101
2019-09-24 19:22:03,103 : INFO : EventManager : Event: ======'mode_evolve_pichu_started'====== Args={'priority': 0}
2019-09-24 19:22:03,228 : INFO : SwitchController : <<<<<<< 's_pop_bottom' inactive >>>>>>>
2019-09-24 19:22:04,968 : INFO : SwitchController : <<<<<<< 's_pop_bottom' active >>>>>>>
2019-09-24 19:22:04,968 : INFO : EventManager : Event: ======'s_pop_bottom_active'====== Args={}
2019-09-24 19:22:04,971 : INFO : EventManager : Event: ======'machine_var_audits_switches_s_pop_bottom'====== Args={'value': 1184, 'prev_value': 1183, 'change': 1}
2019-09-24 19:22:04,972 : INFO : EventManager : Event: ======'check_evolve_pichu'====== Args={'priority': 0}
2019-09-24 19:22:04,972 : INFO : EventManager : Event: ======'player_score'====== Args={'value': 105, 'prev_value': 100, 'change': 5, 'player_num': 1}
2019-09-24 19:22:04,972 : INFO : EventManager : Event: ======'player_pichu_exp'====== Args={'value': 106, 'prev_value': 101, 'change': 5, 'player_num': 1}
2019-09-24 19:22:04,973 : INFO : EventManager : Event: ======'player_score'====== Args={'value': 110, 'prev_value': 105, 'change': 5, 'player_num': 1}
2019-09-24 19:22:04,976 : INFO : EventManager : Event: ======'evolve_pichu_event'====== Args={'priority': 0}
2019-09-24 19:22:05,107 : INFO : SwitchController : <<<<<<< 's_pop_bottom' inactive >>>>>>>
2019-09-24 19:22:05,360 : INFO : SwitchController : <<<<<<< 's_pop_top' inactive >>>>>>>
2019-09-24 19:22:05,673 : INFO : SwitchController : <<<<<<< 's_pop_top' active >>>>>>>
2019-09-24 19:22:05,673 : INFO : EventManager : Event: ======'s_pop_top_active'====== Args={}
2019-09-24 19:22:05,676 : INFO : EventManager : Event: ======'machine_var_audits_switches_s_pop_top'====== Args={'value': 418, 'prev_value': 417, 'change': 1}
2019-09-24 19:22:05,677 : INFO : EventManager : Event: ======'check_evolve_pichu'====== Args={'priority': 0}
2019-09-24 19:22:05,677 : INFO : EventManager : Event: ======'player_score'====== Args={'value': 115, 'prev_value': 110, 'change': 5, 'player_num': 1}
2019-09-24 19:22:05,677 : INFO : EventManager : Event: ======'player_pichu_exp'====== Args={'value': 111, 'prev_value': 106, 'change': 5, 'player_num': 1}
2019-09-24 19:22:05,677 : INFO : EventManager : Event: ======'player_score'====== Args={'value': 120, 'prev_value': 115, 'change': 5, 'player_num': 1}
2019-09-24 19:22:05,678 : INFO : EventManager : Event: ======'evolve_pichu_event'====== Args={'priority': 0}
2019-09-24 19:22:06,377 : INFO : SwitchController : <<<<<<< 's_pop_right' active >>>>>>>
2019-09-24 19:22:06,377 : INFO : EventManager : Event: ======'s_pop_right_active'====== Args={}
2019-09-24 19:22:06,380 : INFO : EventManager : Event: ======'machine_var_audits_switches_s_pop_right'====== Args={'value': 960, 'prev_value': 959, 'change': 1}
2019-09-24 19:22:06,381 : INFO : EventManager : Event: ======'check_evolve_pichu'====== Args={'priority': 0}
2019-09-24 19:22:06,381 : INFO : EventManager : Event: ======'player_score'====== Args={'value': 125, 'prev_value': 120, 'change': 5, 'player_num': 1}
2019-09-24 19:22:06,381 : INFO : EventManager : Event: ======'player_pichu_exp'====== Args={'value': 116, 'prev_value': 111, 'change': 5, 'player_num': 1}
2019-09-24 19:22:06,382 : INFO : EventManager : Event: ======'player_score'====== Args={'value': 130, 'prev_value': 125, 'change': 5, 'player_num': 1}
2019-09-24 19:22:06,382 : INFO : EventManager : Event: ======'evolve_pichu_event'====== Args={'priority': 0}
2019-09-24 19:22:06,544 : INFO : SwitchController : <<<<<<< 's_pop_top' inactive >>>>>>>
2019-09-24 19:22:06,744 : INFO : SwitchController : <<<<<<< 's_pop_bottom' active >>>>>>>
2019-09-24 19:22:06,744 : INFO : EventManager : Event: ======'s_pop_bottom_active'====== Args={}
2019-09-24 19:22:06,747 : INFO : EventManager : Event: ======'machine_var_audits_switches_s_pop_bottom'====== Args={'value': 1185, 'prev_value': 1184, 'change': 1}
2019-09-24 19:22:06,748 : INFO : EventManager : Event: ======'check_evolve_pichu'====== Args={'priority': 0}
2019-09-24 19:22:06,748 : INFO : EventManager : Event: ======'player_score'====== Args={'value': 135, 'prev_value': 130, 'change': 5, 'player_num': 1}
2019-09-24 19:22:06,748 : INFO : EventManager : Event: ======'player_pichu_exp'====== Args={'value': 121, 'prev_value': 116, 'change': 5, 'player_num': 1}
2019-09-24 19:22:06,748 : INFO : EventManager : Event: ======'player_score'====== Args={'value': 140, 'prev_value': 135, 'change': 5, 'player_num': 1}
2019-09-24 19:22:06,749 : INFO : EventManager : Event: ======'evolve_pichu_event'====== Args={'priority': 0}
2019-09-24 19:22:06,868 : INFO : SwitchController : <<<<<<< 's_pop_bottom' inactive >>>>>>>
2019-09-24 19:22:07,007 : INFO : SwitchController : <<<<<<< 's_pop_top' active >>>>>>>
2019-09-24 19:22:07,008 : INFO : EventManager : Event: ======'s_pop_top_active'====== Args={}
2019-09-24 19:22:07,010 : INFO : EventManager : Event: ======'machine_var_audits_switches_s_pop_top'====== Args={'value': 419, 'prev_value': 418, 'change': 1}
2019-09-24 19:22:07,011 : INFO : EventManager : Event: ======'check_evolve_pichu'====== Args={'priority': 0}
2019-09-24 19:22:07,011 : INFO : EventManager : Event: ======'player_score'====== Args={'value': 145, 'prev_value': 140, 'change': 5, 'player_num': 1}
2019-09-24 19:22:07,011 : INFO : EventManager : Event: ======'player_pichu_exp'====== Args={'value': 126, 'prev_value': 121, 'change': 5, 'player_num': 1}
2019-09-24 19:22:07,011 : INFO : EventManager : Event: ======'player_score'====== Args={'value': 150, 'prev_value': 145, 'change': 5, 'player_num': 1}
2019-09-24 19:22:07,012 : INFO : EventManager : Event: ======'evolve_pichu_event'====== Args={'priority': 0}
2019-09-24 19:22:07,291 : INFO : SwitchController : <<<<<<< 's_pop_top' inactive >>>>>>>
2019-09-24 19:22:07,509 : INFO : SwitchController : <<<<<<< 's_pop_top' active >>>>>>>
2019-09-24 19:22:07,509 : INFO : EventManager : Event: ======'s_pop_top_active'====== Args={}
2019-09-24 19:22:07,512 : INFO : EventManager : Event: ======'machine_var_audits_switches_s_pop_top'====== Args={'value': 420, 'prev_value': 419, 'change': 1}
2019-09-24 19:22:07,513 : INFO : EventManager : Event: ======'check_evolve_pichu'====== Args={'priority': 0}
2019-09-24 19:22:07,513 : INFO : EventManager : Event: ======'player_score'====== Args={'value': 155, 'prev_value': 150, 'change': 5, 'player_num': 1}
2019-09-24 19:22:07,513 : INFO : EventManager : Event: ======'player_pichu_exp'====== Args={'value': 131, 'prev_value': 126, 'change': 5, 'player_num': 1}
2019-09-24 19:22:07,514 : INFO : EventManager : Event: ======'player_score'====== Args={'value': 160, 'prev_value': 155, 'change': 5, 'player_num': 1}
2019-09-24 19:22:07,514 : INFO : EventManager : Event: ======'evolve_pichu_event'====== Args={'priority': 0}
2019-09-24 19:22:07,731 : INFO : SwitchController : <<<<<<< 's_pop_right' inactive >>>>>>>
2019-09-24 19:22:07,992 : INFO : SwitchController : <<<<<<< 's_pop_top' inactive >>>>>>>
2019-09-24 19:22:08,447 : INFO : SwitchController : <<<<<<< 's_pop_right' active >>>>>>>
2019-09-24 19:22:08,447 : INFO : EventManager : Event: ======'s_pop_right_active'====== Args={}
2019-09-24 19:22:08,450 : INFO : EventManager : Event: ======'machine_var_audits_switches_s_pop_right'====== Args={'value': 961, 'prev_value': 960, 'change': 1}
2019-09-24 19:22:08,451 : INFO : EventManager : Event: ======'check_evolve_pichu'====== Args={'priority': 0}
2019-09-24 19:22:08,451 : INFO : EventManager : Event: ======'player_score'====== Args={'value': 165, 'prev_value': 160, 'change': 5, 'player_num': 1}
2019-09-24 19:22:08,451 : INFO : EventManager : Event: ======'player_pichu_exp'====== Args={'value': 136, 'prev_value': 131, 'change': 5, 'player_num': 1}
2019-09-24 19:22:08,451 : INFO : EventManager : Event: ======'player_score'====== Args={'value': 170, 'prev_value': 165, 'change': 5, 'player_num': 1}
2019-09-24 19:22:08,452 : INFO : EventManager : Event: ======'evolve_pichu_event'====== Args={'priority': 0}
2019-09-24 19:22:08,726 : INFO : SwitchController : <<<<<<< 's_pop_top' active >>>>>>>
2019-09-24 19:22:08,726 : INFO : EventManager : Event: ======'s_pop_top_active'====== Args={}
2019-09-24 19:22:08,729 : INFO : EventManager : Event: ======'machine_var_audits_switches_s_pop_top'====== Args={'value': 421, 'prev_value': 420, 'change': 1}
2019-09-24 19:22:08,730 : INFO : EventManager : Event: ======'check_evolve_pichu'====== Args={'priority': 0}
2019-09-24 19:22:08,730 : INFO : EventManager : Event: ======'player_score'====== Args={'value': 175, 'prev_value': 170, 'change': 5, 'player_num': 1}
2019-09-24 19:22:08,730 : INFO : EventManager : Event: ======'player_pichu_exp'====== Args={'value': 141, 'prev_value': 136, 'change': 5, 'player_num': 1}
2019-09-24 19:22:08,731 : INFO : EventManager : Event: ======'player_score'====== Args={'value': 180, 'prev_value': 175, 'change': 5, 'player_num': 1}
2019-09-24 19:22:08,731 : INFO : EventManager : Event: ======'evolve_pichu_event'====== Args={'priority': 0}
2019-09-24 19:22:08,950 : INFO : SwitchController : <<<<<<< 's_pop_bottom' active >>>>>>>
2019-09-24 19:22:08,950 : INFO : EventManager : Event: ======'s_pop_bottom_active'====== Args={}
2019-09-24 19:22:08,954 : INFO : EventManager : Event: ======'machine_var_audits_switches_s_pop_bottom'====== Args={'value': 1186, 'prev_value': 1185, 'change': 1}
2019-09-24 19:22:08,954 : INFO : EventManager : Event: ======'check_evolve_pichu'====== Args={'priority': 0}
2019-09-24 19:22:08,954 : INFO : EventManager : Event: ======'player_score'====== Args={'value': 185, 'prev_value': 180, 'change': 5, 'player_num': 1}
2019-09-24 19:22:08,954 : INFO : EventManager : Event: ======'player_pichu_exp'====== Args={'value': 146, 'prev_value': 141, 'change': 5, 'player_num': 1}
2019-09-24 19:22:08,955 : INFO : EventManager : Event: ======'player_score'====== Args={'value': 190, 'prev_value': 185, 'change': 5, 'player_num': 1}
2019-09-24 19:22:08,955 : INFO : EventManager : Event: ======'evolve_pichu_event'====== Args={'priority': 0}
2019-09-24 19:22:09,067 : INFO : SwitchController : <<<<<<< 's_pop_bottom' inactive >>>>>>>
2019-09-24 19:22:09,822 : INFO : SwitchController : <<<<<<< 's_pop_bottom' active >>>>>>>
2019-09-24 19:22:09,822 : INFO : EventManager : Event: ======'s_pop_bottom_active'====== Args={}
2019-09-24 19:22:09,825 : INFO : EventManager : Event: ======'machine_var_audits_switches_s_pop_bottom'====== Args={'value': 1187, 'prev_value': 1186, 'change': 1}
2019-09-24 19:22:09,826 : INFO : EventManager : Event: ======'check_evolve_pichu'====== Args={'priority': 0}
2019-09-24 19:22:09,826 : INFO : EventManager : Event: ======'player_score'====== Args={'value': 195, 'prev_value': 190, 'change': 5, 'player_num': 1}
2019-09-24 19:22:09,826 : INFO : EventManager : Event: ======'player_pichu_exp'====== Args={'value': 151, 'prev_value': 146, 'change': 5, 'player_num': 1}
2019-09-24 19:22:09,827 : INFO : EventManager : Event: ======'player_score'====== Args={'value': 200, 'prev_value': 195, 'change': 5, 'player_num': 1}
2019-09-24 19:22:09,827 : INFO : EventManager : Event: ======'evolve_pichu_event'====== Args={'priority': 0}
2019-09-24 19:22:09,948 : INFO : SwitchController : <<<<<<< 's_pop_bottom' inactive >>>>>>>
2019-09-24 19:22:10,062 : INFO : SwitchController : <<<<<<< 's_pop_bottom' active >>>>>>>
2019-09-24 19:22:10,062 : INFO : EventManager : Event: ======'s_pop_bottom_active'====== Args={}
2019-09-24 19:22:10,065 : INFO : EventManager : Event: ======'machine_var_audits_switches_s_pop_bottom'====== Args={'value': 1188, 'prev_value': 1187, 'change': 1}
2019-09-24 19:22:10,066 : INFO : EventManager : Event: ======'check_evolve_pichu'====== Args={'priority': 0}
2019-09-24 19:22:10,066 : INFO : EventManager : Event: ======'player_score'====== Args={'value': 205, 'prev_value': 200, 'change': 5, 'player_num': 1}
2019-09-24 19:22:10,066 : INFO : EventManager : Event: ======'player_pichu_exp'====== Args={'value': 156, 'prev_value': 151, 'change': 5, 'player_num': 1}
2019-09-24 19:22:10,066 : INFO : EventManager : Event: ======'player_score'====== Args={'value': 210, 'prev_value': 205, 'change': 5, 'player_num': 1}
2019-09-24 19:22:10,067 : INFO : EventManager : Event: ======'evolve_pichu_event'====== Args={'priority': 0}
2019-09-24 19:22:10,183 : INFO : SwitchController : <<<<<<< 's_pop_bottom' inactive >>>>>>>
2019-09-24 19:22:31,477 : INFO : root : MPF run loop ended.
