2019-09-24 19:23:40,614 : INFO : Machine : Mission Pinball Framework Core Engine v0.52.6
2019-09-24 19:23:40,614 : INFO : Machine : Command line arguments: {'no_load_cache': False, 'create_config_cache': True, 'bcp': True, 'configfile': ['config.yaml'], 'mpfconfigfile': 'J:\\Python\\lib\\site-packages\\mpf\\mpfconfig.yaml', 'force_assets_load': False, 'jsonlogging': False, 'logfile': 'logs\\2019-09-24-19-23-40-mpf-DESKTOP-2NHREP8.log', 'pause': False, 'production': False, 'text_ui': True, 'loglevel': 15, 'consoleloglevel': 20, 'force_platform': None, 'syslog_address': None, 'mc_file_name': None, 'no_sound': False}
2019-09-24 19:23:40,614 : INFO : Machine : MPF path: J:\Python\lib\site-packages\mpf
2019-09-24 19:23:40,614 : INFO : Machine : Machine path: J:\Pinball Code\POKEMON
2019-09-24 19:23:40,614 : INFO : Machine : Platform: win32
2019-09-24 19:23:40,614 : INFO : Machine : Python executable location: J:\Python\python.exe
2019-09-24 19:23:40,614 : INFO : Machine : Python version: 3.6.8 (64-bit)
2019-09-24 19:23:40,614 : INFO : Machine : Machine config file #1: config.yaml
2019-09-24 19:23:40,614 : INFO : ConfigProcessor : Loading config from cache: C:\Users\Chris\AppData\Local\Temp\69e0444c0f6138f6d2261c567bcf50ad.mpf_cache
2019-09-24 19:23:40,614 : INFO : Machine : Initialise MPF.
2019-09-24 19:23:40,708 : INFO : EventManager : Event: ======'machine_var_credits_string'====== Args={'value': 'FREE PLAY', 'prev_value': None, 'change': True}
2019-09-24 19:23:40,730 : INFO : EventManager : Event: ======'machine_var_player1_score'====== Args={'value': 0, 'prev_value': None, 'change': True}
2019-09-24 19:23:40,730 : INFO : EventManager : Event: ======'machine_var_mpf_version'====== Args={'value': 'MPF v0.52.6', 'prev_value': None, 'change': True}
2019-09-24 19:23:40,730 : INFO : EventManager : Event: ======'machine_var_mpf_extended_version'====== Args={'value': 'MPF v0.52.6, Config version:5, Show version: 5, BCP version:1.1', 'prev_value': None, 'change': True}
2019-09-24 19:23:40,730 : INFO : EventManager : Event: ======'machine_var_python_version'====== Args={'value': '3.6.8', 'prev_value': None, 'change': True}
2019-09-24 19:23:40,730 : INFO : EventManager : Event: ======'machine_var_platform'====== Args={'value': 'Windows-10-10.0.17134-SP0', 'prev_value': None, 'change': True}
2019-09-24 19:23:40,730 : INFO : EventManager : Event: ======'machine_var_platform_system'====== Args={'value': 'Windows', 'prev_value': None, 'change': True}
2019-09-24 19:23:40,730 : INFO : EventManager : Event: ======'machine_var_platform_release'====== Args={'value': '10', 'prev_value': None, 'change': True}
2019-09-24 19:23:40,730 : INFO : EventManager : Event: ======'machine_var_platform_version'====== Args={'value': '10.0.17134', 'prev_value': None, 'change': True}
2019-09-24 19:23:40,730 : INFO : EventManager : Event: ======'machine_var_platform_machine'====== Args={'value': 'AMD64', 'prev_value': None, 'change': True}
2019-09-24 19:23:40,730 : INFO : EventManager : Event: ======'init_phase_1'====== Args={}
2019-09-24 19:23:40,762 : WARNING : ConfigProcessor : Config file in cache changed: J:\Pinball Code\POKEMON\modes\evolve_pichu\config\evolve_pichu.yaml
2019-09-24 19:23:40,762 : INFO : ConfigProcessor : Loading config from file J:\Pinball Code\POKEMON\modes\evolve_pichu\config\evolve_pichu.yaml.
2019-09-24 19:23:40,777 : INFO : ConfigProcessor : Loading config: J:\Pinball Code\POKEMON\modes\evolve_pichu\config\evolve_pichu.yaml
2019-09-24 19:23:40,777 : INFO : ConfigProcessor : Config file cache created: C:\Users\Chris\AppData\Local\Temp\0557c8573691a949dbe0d19a228380a0.mpf_cache
2019-09-24 19:23:40,793 : INFO : ConfigProcessor : Loading config from cache: C:\Users\Chris\AppData\Local\Temp\3b6e6d9cbe11cd369d2d74a9858f4f8d.mpf_cache
2019-09-24 19:23:40,808 : INFO : ConfigProcessor : Loading config from cache: C:\Users\Chris\AppData\Local\Temp\b026998c18788086646f1fdaa380134c.mpf_cache
2019-09-24 19:23:40,831 : INFO : ConfigProcessor : Loading config from cache: C:\Users\Chris\AppData\Local\Temp\206a85769bf0b844ba22633966100a87.mpf_cache
2019-09-24 19:23:40,834 : INFO : ConfigProcessor : Loading config from cache: C:\Users\Chris\AppData\Local\Temp\2f6c6435e826e441dccd53350c4e6995.mpf_cache
2019-09-24 19:23:40,839 : INFO : EventManager : Event: ======'drop_target_bank_right_bank_up'====== Args={}
2019-09-24 19:23:40,839 : INFO : EventManager : Event: ======'init_phase_2'====== Args={}
2019-09-24 19:23:40,839 : INFO : SwitchController : Found active switch: ('1-9', <Platform.SmartVirtual>)
2019-09-24 19:23:40,870 : INFO : EventManager : Event: ======'bcp_connection_attempt'====== Args={'name': 'local_display', 'host': 'localhost', 'port': 5050}
2019-09-24 19:23:40,870 : INFO : BCPClientSocket.local_display : Connecting BCP to 'local_display' at localhost:5050...
2019-09-24 19:23:42,888 : INFO : BCPClientSocket.local_display : Connected BCP to 'local_display' localhost:5050
2019-09-24 19:23:42,888 : INFO : EventManager : Event: ======'bcp_clients_connected'====== Args={}
2019-09-24 19:23:42,908 : INFO : EventManager : Event: ======'init_phase_3'====== Args={}
2019-09-24 19:23:42,915 : INFO : EventManager : Event: ======'machine_var_master_volume'====== Args={'value': 0.5, 'prev_value': None, 'change': True}
2019-09-24 19:23:42,915 : INFO : EventManager : Event: ======'init_phase_4'====== Args={}
2019-09-24 19:23:42,916 : INFO : EventManager : Event: ======'machine_var_audits_events_game_ended'====== Args={'value': 136, 'prev_value': None, 'change': True}
2019-09-24 19:23:42,916 : INFO : EventManager : Event: ======'machine_var_audits_events_game_started'====== Args={'value': 176, 'prev_value': None, 'change': True}
2019-09-24 19:23:42,916 : INFO : EventManager : Event: ======'machine_var_audits_player_score'====== Args={'value': {'average': 186.70270270270268, 'top': [828, 726, 724, 722, 706, 614, 516, 513, 504, 499], 'total': 148}, 'prev_value': None, 'change': True}
2019-09-24 19:23:42,917 : INFO : EventManager : Event: ======'machine_var_audits_switches_s_drain'====== Args={'value': 1369, 'prev_value': None, 'change': True}
2019-09-24 19:23:42,917 : INFO : EventManager : Event: ======'machine_var_audits_switches_s_drop_center'====== Args={'value': 314, 'prev_value': None, 'change': True}
2019-09-24 19:23:42,917 : INFO : EventManager : Event: ======'machine_var_audits_switches_s_drop_left'====== Args={'value': 292, 'prev_value': None, 'change': True}
2019-09-24 19:23:42,917 : INFO : EventManager : Event: ======'machine_var_audits_switches_s_drop_right'====== Args={'value': 262, 'prev_value': None, 'change': True}
2019-09-24 19:23:42,917 : INFO : EventManager : Event: ======'machine_var_audits_switches_s_flipper_left'====== Args={'value': 4000, 'prev_value': None, 'change': True}
2019-09-24 19:23:42,917 : INFO : EventManager : Event: ======'machine_var_audits_switches_s_flipper_right'====== Args={'value': 5737, 'prev_value': None, 'change': True}
2019-09-24 19:23:42,918 : INFO : EventManager : Event: ======'machine_var_audits_switches_s_gym'====== Args={'value': 154, 'prev_value': None, 'change': True}
2019-09-24 19:23:42,918 : INFO : EventManager : Event: ======'machine_var_audits_switches_s_plunger_lane'====== Args={'value': 86, 'prev_value': None, 'change': True}
2019-09-24 19:23:42,918 : INFO : EventManager : Event: ======'machine_var_audits_switches_s_pop_bottom'====== Args={'value': 1203, 'prev_value': None, 'change': True}
2019-09-24 19:23:42,918 : INFO : EventManager : Event: ======'machine_var_audits_switches_s_pop_left'====== Args={'value': 10, 'prev_value': None, 'change': True}
2019-09-24 19:23:42,918 : INFO : EventManager : Event: ======'machine_var_audits_switches_s_pop_right'====== Args={'value': 962, 'prev_value': None, 'change': True}
2019-09-24 19:23:42,918 : INFO : EventManager : Event: ======'machine_var_audits_switches_s_pop_top'====== Args={'value': 432, 'prev_value': None, 'change': True}
2019-09-24 19:23:42,919 : INFO : EventManager : Event: ======'machine_var_audits_switches_s_saucer'====== Args={'value': 624, 'prev_value': None, 'change': True}
2019-09-24 19:23:42,919 : INFO : EventManager : Event: ======'machine_var_audits_switches_s_sling_left'====== Args={'value': 573, 'prev_value': None, 'change': True}
2019-09-24 19:23:42,919 : INFO : EventManager : Event: ======'machine_var_audits_switches_s_sling_right'====== Args={'value': 757, 'prev_value': None, 'change': True}
2019-09-24 19:23:42,919 : INFO : EventManager : Event: ======'machine_var_audits_switches_s_spinner'====== Args={'value': 3068, 'prev_value': None, 'change': True}
2019-09-24 19:23:42,919 : INFO : EventManager : Event: ======'machine_var_audits_switches_s_start'====== Args={'value': 31, 'prev_value': None, 'change': True}
2019-09-24 19:23:42,919 : INFO : EventManager : Event: ======'machine_var_audits_switches_s_trough'====== Args={'value': 834, 'prev_value': None, 'change': True}
2019-09-24 19:23:42,920 : INFO : EventManager : Event: ======'init_phase_5'====== Args={}
2019-09-24 19:23:42,920 : INFO : EventManager : Event: ======'init_done'====== Args={}
2019-09-24 19:23:42,921 : INFO : EventManager : Event: ======'machine_reset_phase_1'====== Args={}
2019-09-24 19:23:42,928 : INFO : EventManager : Event: ======'slide_welcome_slide_removed'====== Args={'_from_bcp': True}
2019-09-24 19:23:42,930 : INFO : EventManager : Event: ======'slide_welcome_slide_created'====== Args={'_from_bcp': True}
2019-09-24 19:23:42,931 : INFO : EventManager : Event: ======'machine_reset_phase_2'====== Args={}
2019-09-24 19:23:42,931 : INFO : EventManager : Event: ======'machine_reset_phase_3'====== Args={}
2019-09-24 19:23:42,931 : INFO : drop_target_bank.right_bank : All targets are already up. Will not reset bank.
2019-09-24 19:23:42,931 : INFO : EventManager : Event: ======'reset_complete'====== Args={}
2019-09-24 19:23:42,932 : INFO : EventManager : Event: ======'mode_attract_will_start'====== Args={}
2019-09-24 19:23:42,932 : INFO : EventManager : Event: ======'mode_attract_starting'====== Args={}
2019-09-24 19:23:42,932 : INFO : Mode.attract : Started. Priority: 10
2019-09-24 19:23:42,932 : INFO : EventManager : Event: ======'mode_attract_started'====== Args={}
2019-09-24 19:23:42,933 : INFO : EventManager : Event: ======'collecting_balls_complete'====== Args={}
2019-09-24 19:23:42,933 : INFO : EventManager : Event: ======'slide_welcome_slide_active'====== Args={'_from_bcp': True}
2019-09-24 19:23:42,933 : INFO : Machine : Starting the main run loop.
2019-09-24 19:23:42,942 : INFO : SwitchController : <<<<<<< 's_start' active >>>>>>>
2019-09-24 19:23:42,945 : INFO : EventManager : Event: ======'slide_attract_started_created'====== Args={'_from_bcp': True}
2019-09-24 19:23:42,945 : INFO : EventManager : Event: ======'slide_attract_started_active'====== Args={'_from_bcp': True}
2019-09-24 19:23:43,037 : INFO : SwitchController : <<<<<<< 's_start' inactive >>>>>>>
2019-09-24 19:23:43,037 : INFO : EventManager : Event: ======'request_to_start_game'====== Args={}
2019-09-24 19:23:43,040 : INFO : EventManager : Event: ======'game_start'====== Args={'buttons': [], 'hold_time': 0.09400000000096043}
2019-09-24 19:23:43,040 : INFO : EventManager : Event: ======'mode_game_will_start'====== Args={'buttons': [], 'hold_time': 0.09400000000096043}
2019-09-24 19:23:43,040 : INFO : EventManager : Event: ======'mode_game_starting'====== Args={'buttons': [], 'hold_time': 0.09400000000096043}
2019-09-24 19:23:43,040 : INFO : EventManager : Event: ======'mode_attract_will_stop'====== Args={}
2019-09-24 19:23:43,041 : INFO : EventManager : Event: ======'mode_attract_stopping'====== Args={}
2019-09-24 19:23:43,041 : INFO : Mode.attract : Stopped.
2019-09-24 19:23:43,041 : INFO : EventManager : Event: ======'mode_attract_stopped'====== Args={}
2019-09-24 19:23:43,041 : INFO : EventManager : Event: ======'clear'====== Args={'key': 'attract'}
2019-09-24 19:23:43,041 : INFO : Mode.game : Started. Priority: 20
2019-09-24 19:23:43,041 : INFO : EventManager : Event: ======'mode_game_started'====== Args={'buttons': [], 'hold_time': 0.09400000000096043}
2019-09-24 19:23:43,041 : INFO : EventManager : Event: ======'game_will_start'====== Args={}
2019-09-24 19:23:43,042 : INFO : EventManager : Event: ======'game_starting'====== Args={'game': <Mode.game>}
2019-09-24 19:23:43,042 : INFO : EventManager : Event: ======'player_add_request'====== Args={}
2019-09-24 19:23:43,042 : INFO : EventManager : Event: ======'player_will_add'====== Args={'number': 1}
2019-09-24 19:23:43,042 : INFO : EventManager : Event: ======'player_adding'====== Args={'player': <Player 1>, 'number': 1}
2019-09-24 19:23:43,042 : INFO : EventManager : Event: ======'player_added'====== Args={'player': <Player 1>, 'num': 1}
2019-09-24 19:23:43,042 : INFO : Mode.game : Player added successfully. Total players: 1
2019-09-24 19:23:43,043 : INFO : EventManager : Event: ======'player_index'====== Args={'value': 0, 'prev_value': 0, 'change': 0, 'player_num': 1}
2019-09-24 19:23:43,043 : INFO : EventManager : Event: ======'player_number'====== Args={'value': 1, 'prev_value': 1, 'change': 0, 'player_num': 1}
2019-09-24 19:23:43,043 : INFO : EventManager : Event: ======'player_pichu_exp'====== Args={'value': 1, 'prev_value': 1, 'change': 0, 'player_num': 1}
2019-09-24 19:23:43,043 : INFO : EventManager : Event: ======'player_score'====== Args={'value': 0, 'prev_value': 0, 'change': 0, 'player_num': 1}
2019-09-24 19:23:43,044 : INFO : EventManager : Event: ======'game_started'====== Args={}
2019-09-24 19:23:43,044 : INFO : EventManager : Event: ======'player_turn_will_start'====== Args={'player': <Player 1>, 'number': 1}
2019-09-24 19:23:43,044 : INFO : EventManager : Event: ======'player_turn_starting'====== Args={'player': <Player 1>, 'number': 1}
2019-09-24 19:23:43,044 : INFO : EventManager : Event: ======'player_ball'====== Args={'value': 1, 'prev_value': 0, 'change': 1, 'player_num': 1}
2019-09-24 19:23:43,045 : INFO : EventManager : Event: ======'player_turn_started'====== Args={'player': <Player 1>, 'number': 1}
2019-09-24 19:23:43,045 : INFO : EventManager : Event: ======'ball_will_start'====== Args={'player': 1, 'ball': 1, 'balls_remaining': 2, 'is_extra_ball': False}
2019-09-24 19:23:43,045 : INFO : EventManager : Event: ======'ball_starting'====== Args={'player': 1, 'ball': 1, 'balls_remaining': 2, 'is_extra_ball': False}
2019-09-24 19:23:43,046 : INFO : EventManager : Event: ======'mode_base_will_start'====== Args={'queue': <QueuedEvent>, 'player': 1, 'ball': 1, 'balls_remaining': 2, 'is_extra_ball': False}
2019-09-24 19:23:43,046 : INFO : EventManager : Event: ======'mode_base_starting'====== Args={'queue': <QueuedEvent>, 'player': 1, 'ball': 1, 'balls_remaining': 2, 'is_extra_ball': False}
2019-09-24 19:23:43,046 : INFO : drop_target_bank.right_bank : All targets are already up. Will not reset bank.
2019-09-24 19:23:43,046 : INFO : Mode.base : Started. Priority: 31
2019-09-24 19:23:43,046 : INFO : EventManager : Event: ======'mode_base_started'====== Args={'queue': <QueuedEvent>, 'player': 1, 'ball': 1, 'balls_remaining': 2, 'is_extra_ball': False}
2019-09-24 19:23:43,046 : INFO : EventManager : Event: ======'start_mode_pichu'====== Args={'priority': 0}
2019-09-24 19:23:43,047 : INFO : EventManager : Event: ======'mode_pichu_will_start'====== Args={'priority': 0}
2019-09-24 19:23:43,048 : INFO : EventManager : Event: ======'mode_pichu_starting'====== Args={'priority': 0}
2019-09-24 19:23:43,048 : INFO : Mode.pichu : Started. Priority: 5003
2019-09-24 19:23:43,048 : INFO : EventManager : Event: ======'mode_pichu_started'====== Args={'priority': 0}
2019-09-24 19:23:43,049 : INFO : EventManager : Event: ======'balls_in_play'====== Args={'balls': 1}
2019-09-24 19:23:43,049 : INFO : EventManager : Event: ======'ball_started'====== Args={'player': 1, 'ball': 1, 'balls_remaining': 2, 'is_extra_ball': False}
2019-09-24 19:23:43,050 : INFO : EventManager : Event: ======'single_player_ball_started'====== Args={}
2019-09-24 19:23:43,050 : INFO : EventManager : Event: ======'balldevice_balls_available'====== Args={}
2019-09-24 19:23:43,051 : INFO : EventManager : Event: ======'balldevice_bd_trough_ball_eject_attempt'====== Args={'balls': 1, 'target': <ball_device.bd_plunger>, 'source': <ball_device.bd_trough>, 'mechanical_eject': True, 'num_attempts': 0}
2019-09-24 19:23:43,051 : INFO : ball_device.bd_trough : Ejecting ball to <ball_device.bd_plunger>
2019-09-24 19:23:43,051 : INFO : EventManager : Event: ======'balldevice_bd_trough_ejecting_ball'====== Args={'balls': 1, 'target': <ball_device.bd_plunger>, 'source': <ball_device.bd_trough>, 'mechanical_eject': True, 'num_attempts': 0}
2019-09-24 19:23:43,051 : INFO : coil.c_trough : Pulsing Driver for 7ms (1.0 pulse_power)
2019-09-24 19:23:43,052 : INFO : SwitchController : <<<<<<< 's_trough' inactive >>>>>>>
2019-09-24 19:23:43,057 : INFO : EventManager : Event: ======'slide_pichu.slide_player-mode_pichu_started_created'====== Args={'_from_bcp': True}
2019-09-24 19:23:43,060 : INFO : EventManager : Event: ======'slide_pichu.slide_player-mode_pichu_started_active'====== Args={'_from_bcp': True}
2019-09-24 19:23:43,160 : INFO : SwitchController : <<<<<<< 's_plunger_lane' active >>>>>>>
2019-09-24 19:23:43,162 : INFO : EventManager : Event: ======'machine_var_audits_switches_s_plunger_lane'====== Args={'value': 87, 'prev_value': 86, 'change': 1}
2019-09-24 19:23:43,669 : INFO : EventManager : Event: ======'balldevice_bd_plunger_ball_enter'====== Args={'new_balls': 1, 'unclaimed_balls': 0, 'new_available_balls': 0, 'device': <ball_device.bd_plunger>}
2019-09-24 19:23:43,669 : INFO : EventManager : Event: ======'balldevice_bd_plunger_ball_entered'====== Args={'new_balls': 0, 'device': <ball_device.bd_plunger>}
2019-09-24 19:23:43,669 : INFO : EventManager : Event: ======'balldevice_bd_plunger_ball_count_changed'====== Args={'balls': 1}
2019-09-24 19:23:43,669 : INFO : EventManager : Event: ======'balldevice_bd_trough_ball_eject_success'====== Args={'balls': 1, 'target': <ball_device.bd_plunger>}
2019-09-24 19:23:43,670 : INFO : EventManager : Event: ======'balldevice_bd_plunger_ball_eject_attempt'====== Args={'balls': 1, 'target': <playfield.playfield>, 'source': <ball_device.bd_plunger>, 'mechanical_eject': True, 'num_attempts': 0}
2019-09-24 19:23:43,670 : INFO : EventManager : Event: ======'balldevice_bd_trough_ball_count_changed'====== Args={'balls': 0}
2019-09-24 19:23:43,670 : INFO : ball_device.bd_plunger : Ejecting ball to <playfield.playfield>
2019-09-24 19:23:43,670 : INFO : EventManager : Event: ======'balldevice_bd_plunger_ejecting_ball'====== Args={'balls': 1, 'target': <playfield.playfield>, 'source': <ball_device.bd_plunger>, 'mechanical_eject': True, 'num_attempts': 0}
2019-09-24 19:23:43,801 : INFO : BcpServer : New client connected.
2019-09-24 19:23:44,562 : INFO : SwitchController : <<<<<<< 's_pop_bottom' active >>>>>>>
2019-09-24 19:23:44,562 : INFO : EventManager : Event: ======'s_pop_bottom_active'====== Args={}
2019-09-24 19:23:44,563 : INFO : EventManager : Event: ======'playfield_active'====== Args={}
2019-09-24 19:23:44,565 : INFO : EventManager : Event: ======'machine_var_audits_switches_s_pop_bottom'====== Args={'value': 1204, 'prev_value': 1203, 'change': 1}
2019-09-24 19:23:44,566 : INFO : EventManager : Event: ======'check_evolve_pichu'====== Args={'priority': 0}
2019-09-24 19:23:44,566 : INFO : EventManager : Event: ======'player_score'====== Args={'value': 5, 'prev_value': 0, 'change': 5, 'player_num': 1}
2019-09-24 19:23:44,566 : INFO : EventManager : Event: ======'player_pichu_exp'====== Args={'value': 6, 'prev_value': 1, 'change': 5, 'player_num': 1}
2019-09-24 19:23:44,668 : INFO : SwitchController : <<<<<<< 's_pop_bottom' inactive >>>>>>>
2019-09-24 19:23:44,718 : INFO : SwitchController : <<<<<<< 's_pop_bottom' active >>>>>>>
2019-09-24 19:23:44,718 : INFO : EventManager : Event: ======'s_pop_bottom_active'====== Args={}
2019-09-24 19:23:44,719 : INFO : EventManager : Event: ======'playfield_active'====== Args={}
2019-09-24 19:23:44,721 : INFO : EventManager : Event: ======'machine_var_audits_switches_s_pop_bottom'====== Args={'value': 1205, 'prev_value': 1204, 'change': 1}
2019-09-24 19:23:44,721 : INFO : EventManager : Event: ======'check_evolve_pichu'====== Args={'priority': 0}
2019-09-24 19:23:44,722 : INFO : EventManager : Event: ======'player_score'====== Args={'value': 10, 'prev_value': 5, 'change': 5, 'player_num': 1}
2019-09-24 19:23:44,722 : INFO : EventManager : Event: ======'player_pichu_exp'====== Args={'value': 11, 'prev_value': 6, 'change': 5, 'player_num': 1}
2019-09-24 19:23:44,817 : INFO : SwitchController : <<<<<<< 's_pop_bottom' inactive >>>>>>>
2019-09-24 19:23:44,868 : INFO : SwitchController : <<<<<<< 's_pop_bottom' active >>>>>>>
2019-09-24 19:23:44,868 : INFO : EventManager : Event: ======'s_pop_bottom_active'====== Args={}
2019-09-24 19:23:44,869 : INFO : EventManager : Event: ======'playfield_active'====== Args={}
2019-09-24 19:23:44,871 : INFO : EventManager : Event: ======'machine_var_audits_switches_s_pop_bottom'====== Args={'value': 1206, 'prev_value': 1205, 'change': 1}
2019-09-24 19:23:44,872 : INFO : EventManager : Event: ======'check_evolve_pichu'====== Args={'priority': 0}
2019-09-24 19:23:44,872 : INFO : EventManager : Event: ======'player_score'====== Args={'value': 15, 'prev_value': 10, 'change': 5, 'player_num': 1}
2019-09-24 19:23:44,872 : INFO : EventManager : Event: ======'player_pichu_exp'====== Args={'value': 16, 'prev_value': 11, 'change': 5, 'player_num': 1}
2019-09-24 19:23:44,943 : INFO : SwitchController : <<<<<<< 's_pop_bottom' inactive >>>>>>>
2019-09-24 19:23:44,994 : INFO : SwitchController : <<<<<<< 's_pop_bottom' active >>>>>>>
2019-09-24 19:23:44,994 : INFO : EventManager : Event: ======'s_pop_bottom_active'====== Args={}
2019-09-24 19:23:44,995 : INFO : EventManager : Event: ======'playfield_active'====== Args={}
2019-09-24 19:23:44,997 : INFO : EventManager : Event: ======'machine_var_audits_switches_s_pop_bottom'====== Args={'value': 1207, 'prev_value': 1206, 'change': 1}
2019-09-24 19:23:44,998 : INFO : EventManager : Event: ======'check_evolve_pichu'====== Args={'priority': 0}
2019-09-24 19:23:44,998 : INFO : EventManager : Event: ======'player_score'====== Args={'value': 20, 'prev_value': 15, 'change': 5, 'player_num': 1}
2019-09-24 19:23:44,998 : INFO : EventManager : Event: ======'player_pichu_exp'====== Args={'value': 21, 'prev_value': 16, 'change': 5, 'player_num': 1}
2019-09-24 19:23:45,079 : INFO : SwitchController : <<<<<<< 's_pop_bottom' inactive >>>>>>>
2019-09-24 19:23:45,129 : INFO : SwitchController : <<<<<<< 's_pop_bottom' active >>>>>>>
2019-09-24 19:23:45,129 : INFO : EventManager : Event: ======'s_pop_bottom_active'====== Args={}
2019-09-24 19:23:45,129 : INFO : EventManager : Event: ======'playfield_active'====== Args={}
2019-09-24 19:23:45,132 : INFO : EventManager : Event: ======'machine_var_audits_switches_s_pop_bottom'====== Args={'value': 1208, 'prev_value': 1207, 'change': 1}
2019-09-24 19:23:45,133 : INFO : EventManager : Event: ======'check_evolve_pichu'====== Args={'priority': 0}
2019-09-24 19:23:45,133 : INFO : EventManager : Event: ======'player_score'====== Args={'value': 25, 'prev_value': 20, 'change': 5, 'player_num': 1}
2019-09-24 19:23:45,133 : INFO : EventManager : Event: ======'player_pichu_exp'====== Args={'value': 26, 'prev_value': 21, 'change': 5, 'player_num': 1}
2019-09-24 19:23:45,210 : INFO : SwitchController : <<<<<<< 's_pop_bottom' inactive >>>>>>>
2019-09-24 19:23:45,248 : INFO : SwitchController : <<<<<<< 's_pop_bottom' active >>>>>>>
2019-09-24 19:23:45,248 : INFO : EventManager : Event: ======'s_pop_bottom_active'====== Args={}
2019-09-24 19:23:45,249 : INFO : EventManager : Event: ======'playfield_active'====== Args={}
2019-09-24 19:23:45,251 : INFO : EventManager : Event: ======'machine_var_audits_switches_s_pop_bottom'====== Args={'value': 1209, 'prev_value': 1208, 'change': 1}
2019-09-24 19:23:45,252 : INFO : EventManager : Event: ======'check_evolve_pichu'====== Args={'priority': 0}
2019-09-24 19:23:45,252 : INFO : EventManager : Event: ======'player_score'====== Args={'value': 30, 'prev_value': 25, 'change': 5, 'player_num': 1}
2019-09-24 19:23:45,252 : INFO : EventManager : Event: ======'player_pichu_exp'====== Args={'value': 31, 'prev_value': 26, 'change': 5, 'player_num': 1}
2019-09-24 19:23:45,327 : INFO : SwitchController : <<<<<<< 's_pop_bottom' inactive >>>>>>>
2019-09-24 19:23:45,376 : INFO : SwitchController : <<<<<<< 's_pop_bottom' active >>>>>>>
2019-09-24 19:23:45,376 : INFO : EventManager : Event: ======'s_pop_bottom_active'====== Args={}
2019-09-24 19:23:45,377 : INFO : EventManager : Event: ======'playfield_active'====== Args={}
2019-09-24 19:23:45,379 : INFO : EventManager : Event: ======'machine_var_audits_switches_s_pop_bottom'====== Args={'value': 1210, 'prev_value': 1209, 'change': 1}
2019-09-24 19:23:45,379 : INFO : EventManager : Event: ======'check_evolve_pichu'====== Args={'priority': 0}
2019-09-24 19:23:45,380 : INFO : EventManager : Event: ======'player_score'====== Args={'value': 35, 'prev_value': 30, 'change': 5, 'player_num': 1}
2019-09-24 19:23:45,380 : INFO : EventManager : Event: ======'player_pichu_exp'====== Args={'value': 36, 'prev_value': 31, 'change': 5, 'player_num': 1}
2019-09-24 19:23:45,452 : INFO : SwitchController : <<<<<<< 's_pop_bottom' inactive >>>>>>>
2019-09-24 19:23:45,477 : INFO : SwitchController : <<<<<<< 's_pop_bottom' active >>>>>>>
2019-09-24 19:23:45,477 : INFO : EventManager : Event: ======'s_pop_bottom_active'====== Args={}
2019-09-24 19:23:45,478 : INFO : EventManager : Event: ======'playfield_active'====== Args={}
2019-09-24 19:23:45,480 : INFO : EventManager : Event: ======'machine_var_audits_switches_s_pop_bottom'====== Args={'value': 1211, 'prev_value': 1210, 'change': 1}
2019-09-24 19:23:45,480 : INFO : EventManager : Event: ======'check_evolve_pichu'====== Args={'priority': 0}
2019-09-24 19:23:45,481 : INFO : EventManager : Event: ======'player_score'====== Args={'value': 40, 'prev_value': 35, 'change': 5, 'player_num': 1}
2019-09-24 19:23:45,481 : INFO : EventManager : Event: ======'player_pichu_exp'====== Args={'value': 41, 'prev_value': 36, 'change': 5, 'player_num': 1}
2019-09-24 19:23:45,564 : INFO : SwitchController : <<<<<<< 's_pop_bottom' inactive >>>>>>>
2019-09-24 19:23:45,614 : INFO : SwitchController : <<<<<<< 's_pop_bottom' active >>>>>>>
2019-09-24 19:23:45,614 : INFO : EventManager : Event: ======'s_pop_bottom_active'====== Args={}
2019-09-24 19:23:45,615 : INFO : EventManager : Event: ======'playfield_active'====== Args={}
2019-09-24 19:23:45,617 : INFO : EventManager : Event: ======'machine_var_audits_switches_s_pop_bottom'====== Args={'value': 1212, 'prev_value': 1211, 'change': 1}
2019-09-24 19:23:45,618 : INFO : EventManager : Event: ======'check_evolve_pichu'====== Args={'priority': 0}
2019-09-24 19:23:45,618 : INFO : EventManager : Event: ======'player_score'====== Args={'value': 45, 'prev_value': 40, 'change': 5, 'player_num': 1}
2019-09-24 19:23:45,618 : INFO : EventManager : Event: ======'player_pichu_exp'====== Args={'value': 46, 'prev_value': 41, 'change': 5, 'player_num': 1}
2019-09-24 19:23:45,679 : INFO : SwitchController : <<<<<<< 's_pop_bottom' inactive >>>>>>>
2019-09-24 19:23:45,742 : INFO : SwitchController : <<<<<<< 's_pop_bottom' active >>>>>>>
2019-09-24 19:23:45,742 : INFO : EventManager : Event: ======'s_pop_bottom_active'====== Args={}
2019-09-24 19:23:45,743 : INFO : EventManager : Event: ======'playfield_active'====== Args={}
2019-09-24 19:23:45,745 : INFO : EventManager : Event: ======'machine_var_audits_switches_s_pop_bottom'====== Args={'value': 1213, 'prev_value': 1212, 'change': 1}
2019-09-24 19:23:45,746 : INFO : EventManager : Event: ======'check_evolve_pichu'====== Args={'priority': 0}
2019-09-24 19:23:45,746 : INFO : EventManager : Event: ======'player_score'====== Args={'value': 50, 'prev_value': 45, 'change': 5, 'player_num': 1}
2019-09-24 19:23:45,746 : INFO : EventManager : Event: ======'player_pichu_exp'====== Args={'value': 51, 'prev_value': 46, 'change': 5, 'player_num': 1}
2019-09-24 19:23:45,819 : INFO : SwitchController : <<<<<<< 's_pop_bottom' inactive >>>>>>>
2019-09-24 19:23:45,856 : INFO : SwitchController : <<<<<<< 's_pop_bottom' active >>>>>>>
2019-09-24 19:23:45,856 : INFO : EventManager : Event: ======'s_pop_bottom_active'====== Args={}
2019-09-24 19:23:45,857 : INFO : EventManager : Event: ======'playfield_active'====== Args={}
2019-09-24 19:23:45,859 : INFO : EventManager : Event: ======'machine_var_audits_switches_s_pop_bottom'====== Args={'value': 1214, 'prev_value': 1213, 'change': 1}
2019-09-24 19:23:45,860 : INFO : EventManager : Event: ======'check_evolve_pichu'====== Args={'priority': 0}
2019-09-24 19:23:45,860 : INFO : EventManager : Event: ======'player_score'====== Args={'value': 55, 'prev_value': 50, 'change': 5, 'player_num': 1}
2019-09-24 19:23:45,860 : INFO : EventManager : Event: ======'player_pichu_exp'====== Args={'value': 56, 'prev_value': 51, 'change': 5, 'player_num': 1}
2019-09-24 19:23:45,940 : INFO : SwitchController : <<<<<<< 's_pop_bottom' inactive >>>>>>>
2019-09-24 19:23:45,990 : INFO : SwitchController : <<<<<<< 's_pop_bottom' active >>>>>>>
2019-09-24 19:23:45,990 : INFO : EventManager : Event: ======'s_pop_bottom_active'====== Args={}
2019-09-24 19:23:45,991 : INFO : EventManager : Event: ======'playfield_active'====== Args={}
2019-09-24 19:23:45,993 : INFO : EventManager : Event: ======'machine_var_audits_switches_s_pop_bottom'====== Args={'value': 1215, 'prev_value': 1214, 'change': 1}
2019-09-24 19:23:45,994 : INFO : EventManager : Event: ======'check_evolve_pichu'====== Args={'priority': 0}
2019-09-24 19:23:45,994 : INFO : EventManager : Event: ======'player_score'====== Args={'value': 60, 'prev_value': 55, 'change': 5, 'player_num': 1}
2019-09-24 19:23:45,994 : INFO : EventManager : Event: ======'player_pichu_exp'====== Args={'value': 61, 'prev_value': 56, 'change': 5, 'player_num': 1}
2019-09-24 19:23:46,083 : INFO : SwitchController : <<<<<<< 's_pop_bottom' inactive >>>>>>>
2019-09-24 19:23:46,108 : INFO : SwitchController : <<<<<<< 's_pop_bottom' active >>>>>>>
2019-09-24 19:23:46,108 : INFO : EventManager : Event: ======'s_pop_bottom_active'====== Args={}
2019-09-24 19:23:46,108 : INFO : EventManager : Event: ======'playfield_active'====== Args={}
2019-09-24 19:23:46,111 : INFO : EventManager : Event: ======'machine_var_audits_switches_s_pop_bottom'====== Args={'value': 1216, 'prev_value': 1215, 'change': 1}
2019-09-24 19:23:46,111 : INFO : EventManager : Event: ======'check_evolve_pichu'====== Args={'priority': 0}
2019-09-24 19:23:46,112 : INFO : EventManager : Event: ======'player_score'====== Args={'value': 65, 'prev_value': 60, 'change': 5, 'player_num': 1}
2019-09-24 19:23:46,112 : INFO : EventManager : Event: ======'player_pichu_exp'====== Args={'value': 66, 'prev_value': 61, 'change': 5, 'player_num': 1}
2019-09-24 19:23:46,347 : INFO : SwitchController : <<<<<<< 's_pop_bottom' inactive >>>>>>>
2019-09-24 19:23:46,395 : INFO : SwitchController : <<<<<<< 's_pop_bottom' active >>>>>>>
2019-09-24 19:23:46,395 : INFO : EventManager : Event: ======'s_pop_bottom_active'====== Args={}
2019-09-24 19:23:46,396 : INFO : EventManager : Event: ======'playfield_active'====== Args={}
2019-09-24 19:23:46,398 : INFO : EventManager : Event: ======'machine_var_audits_switches_s_pop_bottom'====== Args={'value': 1217, 'prev_value': 1216, 'change': 1}
2019-09-24 19:23:46,399 : INFO : EventManager : Event: ======'check_evolve_pichu'====== Args={'priority': 0}
2019-09-24 19:23:46,399 : INFO : EventManager : Event: ======'player_score'====== Args={'value': 70, 'prev_value': 65, 'change': 5, 'player_num': 1}
2019-09-24 19:23:46,399 : INFO : EventManager : Event: ======'player_pichu_exp'====== Args={'value': 71, 'prev_value': 66, 'change': 5, 'player_num': 1}
2019-09-24 19:23:46,482 : INFO : SwitchController : <<<<<<< 's_pop_bottom' inactive >>>>>>>
2019-09-24 19:23:46,520 : INFO : SwitchController : <<<<<<< 's_pop_bottom' active >>>>>>>
2019-09-24 19:23:46,520 : INFO : EventManager : Event: ======'s_pop_bottom_active'====== Args={}
2019-09-24 19:23:46,521 : INFO : EventManager : Event: ======'playfield_active'====== Args={}
2019-09-24 19:23:46,523 : INFO : EventManager : Event: ======'machine_var_audits_switches_s_pop_bottom'====== Args={'value': 1218, 'prev_value': 1217, 'change': 1}
2019-09-24 19:23:46,523 : INFO : EventManager : Event: ======'check_evolve_pichu'====== Args={'priority': 0}
2019-09-24 19:23:46,524 : INFO : EventManager : Event: ======'player_score'====== Args={'value': 75, 'prev_value': 70, 'change': 5, 'player_num': 1}
2019-09-24 19:23:46,524 : INFO : EventManager : Event: ======'player_pichu_exp'====== Args={'value': 76, 'prev_value': 71, 'change': 5, 'player_num': 1}
2019-09-24 19:23:46,618 : INFO : SwitchController : <<<<<<< 's_pop_bottom' inactive >>>>>>>
2019-09-24 19:23:46,857 : INFO : SwitchController : <<<<<<< 's_pop_bottom' active >>>>>>>
2019-09-24 19:23:46,857 : INFO : EventManager : Event: ======'s_pop_bottom_active'====== Args={}
2019-09-24 19:23:46,858 : INFO : EventManager : Event: ======'playfield_active'====== Args={}
2019-09-24 19:23:46,860 : INFO : EventManager : Event: ======'machine_var_audits_switches_s_pop_bottom'====== Args={'value': 1219, 'prev_value': 1218, 'change': 1}
2019-09-24 19:23:46,861 : INFO : EventManager : Event: ======'check_evolve_pichu'====== Args={'priority': 0}
2019-09-24 19:23:46,861 : INFO : EventManager : Event: ======'player_score'====== Args={'value': 80, 'prev_value': 75, 'change': 5, 'player_num': 1}
2019-09-24 19:23:46,861 : INFO : EventManager : Event: ======'player_pichu_exp'====== Args={'value': 81, 'prev_value': 76, 'change': 5, 'player_num': 1}
2019-09-24 19:23:46,954 : INFO : SwitchController : <<<<<<< 's_pop_bottom' inactive >>>>>>>
2019-09-24 19:23:47,015 : INFO : SwitchController : <<<<<<< 's_pop_bottom' active >>>>>>>
2019-09-24 19:23:47,015 : INFO : EventManager : Event: ======'s_pop_bottom_active'====== Args={}
2019-09-24 19:23:47,016 : INFO : EventManager : Event: ======'playfield_active'====== Args={}
2019-09-24 19:23:47,018 : INFO : EventManager : Event: ======'machine_var_audits_switches_s_pop_bottom'====== Args={'value': 1220, 'prev_value': 1219, 'change': 1}
2019-09-24 19:23:47,019 : INFO : EventManager : Event: ======'check_evolve_pichu'====== Args={'priority': 0}
2019-09-24 19:23:47,019 : INFO : EventManager : Event: ======'player_score'====== Args={'value': 85, 'prev_value': 80, 'change': 5, 'player_num': 1}
2019-09-24 19:23:47,019 : INFO : EventManager : Event: ======'player_pichu_exp'====== Args={'value': 86, 'prev_value': 81, 'change': 5, 'player_num': 1}
2019-09-24 19:23:47,118 : INFO : SwitchController : <<<<<<< 's_pop_bottom' inactive >>>>>>>
2019-09-24 19:23:47,155 : INFO : SwitchController : <<<<<<< 's_pop_bottom' active >>>>>>>
2019-09-24 19:23:47,155 : INFO : EventManager : Event: ======'s_pop_bottom_active'====== Args={}
2019-09-24 19:23:47,155 : INFO : EventManager : Event: ======'playfield_active'====== Args={}
2019-09-24 19:23:47,158 : INFO : EventManager : Event: ======'machine_var_audits_switches_s_pop_bottom'====== Args={'value': 1221, 'prev_value': 1220, 'change': 1}
2019-09-24 19:23:47,158 : INFO : EventManager : Event: ======'check_evolve_pichu'====== Args={'priority': 0}
2019-09-24 19:23:47,159 : INFO : EventManager : Event: ======'player_score'====== Args={'value': 90, 'prev_value': 85, 'change': 5, 'player_num': 1}
2019-09-24 19:23:47,159 : INFO : EventManager : Event: ======'player_pichu_exp'====== Args={'value': 91, 'prev_value': 86, 'change': 5, 'player_num': 1}
2019-09-24 19:23:47,265 : INFO : SwitchController : <<<<<<< 's_pop_bottom' inactive >>>>>>>
2019-09-24 19:23:47,390 : INFO : SwitchController : <<<<<<< 's_pop_bottom' active >>>>>>>
2019-09-24 19:23:47,390 : INFO : EventManager : Event: ======'s_pop_bottom_active'====== Args={}
2019-09-24 19:23:47,391 : INFO : EventManager : Event: ======'playfield_active'====== Args={}
2019-09-24 19:23:47,393 : INFO : EventManager : Event: ======'machine_var_audits_switches_s_pop_bottom'====== Args={'value': 1222, 'prev_value': 1221, 'change': 1}
2019-09-24 19:23:47,394 : INFO : EventManager : Event: ======'check_evolve_pichu'====== Args={'priority': 0}
2019-09-24 19:23:47,394 : INFO : EventManager : Event: ======'player_score'====== Args={'value': 95, 'prev_value': 90, 'change': 5, 'player_num': 1}
2019-09-24 19:23:47,394 : INFO : EventManager : Event: ======'player_pichu_exp'====== Args={'value': 96, 'prev_value': 91, 'change': 5, 'player_num': 1}
2019-09-24 19:23:47,497 : INFO : SwitchController : <<<<<<< 's_pop_bottom' inactive >>>>>>>
2019-09-24 19:23:47,685 : INFO : SwitchController : <<<<<<< 's_pop_bottom' active >>>>>>>
2019-09-24 19:23:47,685 : INFO : EventManager : Event: ======'s_pop_bottom_active'====== Args={}
2019-09-24 19:23:47,686 : INFO : EventManager : Event: ======'playfield_active'====== Args={}
2019-09-24 19:23:47,688 : INFO : EventManager : Event: ======'machine_var_audits_switches_s_pop_bottom'====== Args={'value': 1223, 'prev_value': 1222, 'change': 1}
2019-09-24 19:23:47,689 : INFO : EventManager : Event: ======'check_evolve_pichu'====== Args={'priority': 0}
2019-09-24 19:23:47,689 : INFO : EventManager : Event: ======'player_score'====== Args={'value': 100, 'prev_value': 95, 'change': 5, 'player_num': 1}
2019-09-24 19:23:47,689 : INFO : EventManager : Event: ======'player_pichu_exp'====== Args={'value': 101, 'prev_value': 96, 'change': 5, 'player_num': 1}
2019-09-24 19:23:47,690 : INFO : EventManager : Event: ======'evolve_pichu_event'====== Args={'priority': 0}
2019-09-24 19:23:47,690 : INFO : EventManager : Event: ======'mode_evolve_pichu_will_start'====== Args={'priority': 0}
2019-09-24 19:23:47,691 : INFO : EventManager : Event: ======'mode_evolve_pichu_starting'====== Args={'priority': 0}
2019-09-24 19:23:47,691 : INFO : Mode.evolve_pichu : Started. Priority: 101
2019-09-24 19:23:47,691 : INFO : EventManager : Event: ======'mode_evolve_pichu_started'====== Args={'priority': 0}
2019-09-24 19:23:47,702 : INFO : EventManager : Event: ======'slide_evolve_pichu.slide_player-mode_evolve_pichu_started_created'====== Args={'_from_bcp': True}
2019-09-24 19:23:47,787 : INFO : SwitchController : <<<<<<< 's_pop_bottom' inactive >>>>>>>
2019-09-24 19:23:49,234 : INFO : SwitchController : <<<<<<< 's_pop_bottom' active >>>>>>>
2019-09-24 19:23:49,234 : INFO : EventManager : Event: ======'s_pop_bottom_active'====== Args={}
2019-09-24 19:23:49,235 : INFO : EventManager : Event: ======'playfield_active'====== Args={}
2019-09-24 19:23:49,238 : INFO : EventManager : Event: ======'machine_var_audits_switches_s_pop_bottom'====== Args={'value': 1224, 'prev_value': 1223, 'change': 1}
2019-09-24 19:23:49,238 : INFO : EventManager : Event: ======'check_evolve_pichu'====== Args={'priority': 0}
2019-09-24 19:23:49,238 : INFO : EventManager : Event: ======'player_score'====== Args={'value': 105, 'prev_value': 100, 'change': 5, 'player_num': 1}
2019-09-24 19:23:49,239 : INFO : EventManager : Event: ======'player_pichu_exp'====== Args={'value': 106, 'prev_value': 101, 'change': 5, 'player_num': 1}
2019-09-24 19:23:49,239 : INFO : EventManager : Event: ======'player_score'====== Args={'value': 110, 'prev_value': 105, 'change': 5, 'player_num': 1}
2019-09-24 19:23:49,242 : INFO : EventManager : Event: ======'evolve_pichu_event'====== Args={'priority': 0}
2019-09-24 19:23:49,422 : INFO : SwitchController : <<<<<<< 's_pop_bottom' inactive >>>>>>>
2019-09-24 19:23:49,473 : INFO : SwitchController : <<<<<<< 's_pop_top' active >>>>>>>
2019-09-24 19:23:49,473 : INFO : EventManager : Event: ======'s_pop_top_active'====== Args={}
2019-09-24 19:23:49,474 : INFO : EventManager : Event: ======'playfield_active'====== Args={}
2019-09-24 19:23:49,477 : INFO : EventManager : Event: ======'machine_var_audits_switches_s_pop_top'====== Args={'value': 433, 'prev_value': 432, 'change': 1}
2019-09-24 19:23:49,477 : INFO : EventManager : Event: ======'check_evolve_pichu'====== Args={'priority': 0}
2019-09-24 19:23:49,477 : INFO : EventManager : Event: ======'player_score'====== Args={'value': 115, 'prev_value': 110, 'change': 5, 'player_num': 1}
2019-09-24 19:23:49,477 : INFO : EventManager : Event: ======'player_pichu_exp'====== Args={'value': 111, 'prev_value': 106, 'change': 5, 'player_num': 1}
2019-09-24 19:23:49,478 : INFO : EventManager : Event: ======'player_score'====== Args={'value': 120, 'prev_value': 115, 'change': 5, 'player_num': 1}
2019-09-24 19:23:49,478 : INFO : EventManager : Event: ======'evolve_pichu_event'====== Args={'priority': 0}
2019-09-24 19:23:49,772 : INFO : SwitchController : <<<<<<< 's_pop_bottom' active >>>>>>>
2019-09-24 19:23:49,772 : INFO : EventManager : Event: ======'s_pop_bottom_active'====== Args={}
2019-09-24 19:23:49,773 : INFO : EventManager : Event: ======'playfield_active'====== Args={}
2019-09-24 19:23:49,775 : INFO : EventManager : Event: ======'machine_var_audits_switches_s_pop_bottom'====== Args={'value': 1225, 'prev_value': 1224, 'change': 1}
2019-09-24 19:23:49,776 : INFO : EventManager : Event: ======'check_evolve_pichu'====== Args={'priority': 0}
2019-09-24 19:23:49,776 : INFO : EventManager : Event: ======'player_score'====== Args={'value': 125, 'prev_value': 120, 'change': 5, 'player_num': 1}
2019-09-24 19:23:49,776 : INFO : EventManager : Event: ======'player_pichu_exp'====== Args={'value': 116, 'prev_value': 111, 'change': 5, 'player_num': 1}
2019-09-24 19:23:49,777 : INFO : EventManager : Event: ======'player_score'====== Args={'value': 130, 'prev_value': 125, 'change': 5, 'player_num': 1}
2019-09-24 19:23:49,777 : INFO : EventManager : Event: ======'evolve_pichu_event'====== Args={'priority': 0}
2019-09-24 19:23:49,894 : INFO : SwitchController : <<<<<<< 's_pop_bottom' inactive >>>>>>>
2019-09-24 19:24:18,753 : INFO : root : MPF run loop ended.
