2019-09-24 19:07:20,919 : INFO : Machine : Mission Pinball Framework Core Engine v0.52.6
2019-09-24 19:07:20,919 : INFO : Machine : Command line arguments: {'no_load_cache': False, 'create_config_cache': True, 'bcp': True, 'configfile': ['config.yaml'], 'mpfconfigfile': 'J:\\Python\\lib\\site-packages\\mpf\\mpfconfig.yaml', 'force_assets_load': False, 'jsonlogging': False, 'logfile': 'logs\\2019-09-24-19-07-20-mpf-DESKTOP-2NHREP8.log', 'pause': False, 'production': False, 'text_ui': True, 'loglevel': 15, 'consoleloglevel': 20, 'force_platform': None, 'syslog_address': None, 'mc_file_name': None, 'no_sound': False}
2019-09-24 19:07:20,919 : INFO : Machine : MPF path: J:\Python\lib\site-packages\mpf
2019-09-24 19:07:20,919 : INFO : Machine : Machine path: J:\Pinball Code\POKEMON
2019-09-24 19:07:20,919 : INFO : Machine : Platform: win32
2019-09-24 19:07:20,919 : INFO : Machine : Python executable location: J:\Python\python.exe
2019-09-24 19:07:20,919 : INFO : Machine : Python version: 3.6.8 (64-bit)
2019-09-24 19:07:20,919 : INFO : Machine : Machine config file #1: config.yaml
2019-09-24 19:07:20,919 : INFO : ConfigProcessor : Loading config from cache: C:\Users\Chris\AppData\Local\Temp\69e0444c0f6138f6d2261c567bcf50ad.mpf_cache
2019-09-24 19:07:20,919 : INFO : Machine : Initialise MPF.
2019-09-24 19:07:21,026 : INFO : EventManager : Event: ======'machine_var_credits_string'====== Args={'value': 'FREE PLAY', 'prev_value': None, 'change': True}
2019-09-24 19:07:21,056 : INFO : EventManager : Event: ======'machine_var_player1_score'====== Args={'value': 0, 'prev_value': None, 'change': True}
2019-09-24 19:07:21,057 : INFO : EventManager : Event: ======'machine_var_mpf_version'====== Args={'value': 'MPF v0.52.6', 'prev_value': None, 'change': True}
2019-09-24 19:07:21,057 : INFO : EventManager : Event: ======'machine_var_mpf_extended_version'====== Args={'value': 'MPF v0.52.6, Config version:5, Show version: 5, BCP version:1.1', 'prev_value': None, 'change': True}
2019-09-24 19:07:21,057 : INFO : EventManager : Event: ======'machine_var_python_version'====== Args={'value': '3.6.8', 'prev_value': None, 'change': True}
2019-09-24 19:07:21,057 : INFO : EventManager : Event: ======'machine_var_platform'====== Args={'value': 'Windows-10-10.0.17134-SP0', 'prev_value': None, 'change': True}
2019-09-24 19:07:21,057 : INFO : EventManager : Event: ======'machine_var_platform_system'====== Args={'value': 'Windows', 'prev_value': None, 'change': True}
2019-09-24 19:07:21,057 : INFO : EventManager : Event: ======'machine_var_platform_release'====== Args={'value': '10', 'prev_value': None, 'change': True}
2019-09-24 19:07:21,057 : INFO : EventManager : Event: ======'machine_var_platform_version'====== Args={'value': '10.0.17134', 'prev_value': None, 'change': True}
2019-09-24 19:07:21,057 : INFO : EventManager : Event: ======'machine_var_platform_machine'====== Args={'value': 'AMD64', 'prev_value': None, 'change': True}
2019-09-24 19:07:21,057 : INFO : EventManager : Event: ======'init_phase_1'====== Args={}
2019-09-24 19:07:21,078 : INFO : ConfigProcessor : Loading config from cache: C:\Users\Chris\AppData\Local\Temp\0557c8573691a949dbe0d19a228380a0.mpf_cache
2019-09-24 19:07:21,080 : INFO : ConfigProcessor : Loading config from cache: C:\Users\Chris\AppData\Local\Temp\b026998c18788086646f1fdaa380134c.mpf_cache
2019-09-24 19:07:21,084 : INFO : ConfigProcessor : Loading config from cache: C:\Users\Chris\AppData\Local\Temp\2f6c6435e826e441dccd53350c4e6995.mpf_cache
2019-09-24 19:07:21,086 : WARNING : ConfigProcessor : Config file in cache changed: J:\Pinball Code\POKEMON\modes\modes_all\config\modes_all.yaml
2019-09-24 19:07:21,086 : INFO : ConfigProcessor : Loading config from file J:\Pinball Code\POKEMON\modes\modes_all\config\modes_all.yaml.
2019-09-24 19:07:21,087 : INFO : ConfigProcessor : Loading config: J:\Pinball Code\POKEMON\modes\modes_all\config\modes_all.yaml
2019-09-24 19:07:21,088 : INFO : ConfigProcessor : Config file cache created: C:\Users\Chris\AppData\Local\Temp\9d5a078bb7ae6bf0c84aa1e20e128e4e.mpf_cache
2019-09-24 19:07:21,090 : INFO : ConfigProcessor : Loading config from cache: C:\Users\Chris\AppData\Local\Temp\206a85769bf0b844ba22633966100a87.mpf_cache
2019-09-24 19:07:21,106 : INFO : EventManager : Event: ======'drop_target_bank_right_bank_up'====== Args={}
2019-09-24 19:07:21,106 : INFO : EventManager : Event: ======'init_phase_2'====== Args={}
2019-09-24 19:07:21,107 : INFO : SwitchController : Found active switch: ('1-9', <Platform.SmartVirtual>)
2019-09-24 19:07:21,137 : INFO : EventManager : Event: ======'bcp_connection_attempt'====== Args={'name': 'local_display', 'host': 'localhost', 'port': 5050}
2019-09-24 19:07:21,139 : INFO : BCPClientSocket.local_display : Connecting BCP to 'local_display' at localhost:5050...
2019-09-24 19:07:23,147 : INFO : BCPClientSocket.local_display : Connected BCP to 'local_display' localhost:5050
2019-09-24 19:07:23,147 : INFO : EventManager : Event: ======'bcp_clients_connected'====== Args={}
2019-09-24 19:07:23,167 : INFO : EventManager : Event: ======'init_phase_3'====== Args={}
2019-09-24 19:07:23,173 : INFO : EventManager : Event: ======'machine_var_master_volume'====== Args={'value': 0.5, 'prev_value': None, 'change': True}
2019-09-24 19:07:23,173 : INFO : EventManager : Event: ======'init_phase_4'====== Args={}
2019-09-24 19:07:23,174 : INFO : EventManager : Event: ======'machine_var_audits_events_game_ended'====== Args={'value': 136, 'prev_value': None, 'change': True}
2019-09-24 19:07:23,175 : INFO : EventManager : Event: ======'machine_var_audits_events_game_started'====== Args={'value': 168, 'prev_value': None, 'change': True}
2019-09-24 19:07:23,175 : INFO : EventManager : Event: ======'machine_var_audits_player_score'====== Args={'value': {'average': 186.70270270270268, 'top': [828, 726, 724, 722, 706, 614, 516, 513, 504, 499], 'total': 148}, 'prev_value': None, 'change': True}
2019-09-24 19:07:23,175 : INFO : EventManager : Event: ======'machine_var_audits_switches_s_drain'====== Args={'value': 1369, 'prev_value': None, 'change': True}
2019-09-24 19:07:23,175 : INFO : EventManager : Event: ======'machine_var_audits_switches_s_drop_center'====== Args={'value': 314, 'prev_value': None, 'change': True}
2019-09-24 19:07:23,175 : INFO : EventManager : Event: ======'machine_var_audits_switches_s_drop_left'====== Args={'value': 292, 'prev_value': None, 'change': True}
2019-09-24 19:07:23,175 : INFO : EventManager : Event: ======'machine_var_audits_switches_s_drop_right'====== Args={'value': 262, 'prev_value': None, 'change': True}
2019-09-24 19:07:23,176 : INFO : EventManager : Event: ======'machine_var_audits_switches_s_flipper_left'====== Args={'value': 4000, 'prev_value': None, 'change': True}
2019-09-24 19:07:23,176 : INFO : EventManager : Event: ======'machine_var_audits_switches_s_flipper_right'====== Args={'value': 5737, 'prev_value': None, 'change': True}
2019-09-24 19:07:23,176 : INFO : EventManager : Event: ======'machine_var_audits_switches_s_gym'====== Args={'value': 154, 'prev_value': None, 'change': True}
2019-09-24 19:07:23,176 : INFO : EventManager : Event: ======'machine_var_audits_switches_s_plunger_lane'====== Args={'value': 79, 'prev_value': None, 'change': True}
2019-09-24 19:07:23,176 : INFO : EventManager : Event: ======'machine_var_audits_switches_s_pop_bottom'====== Args={'value': 1169, 'prev_value': None, 'change': True}
2019-09-24 19:07:23,176 : INFO : EventManager : Event: ======'machine_var_audits_switches_s_pop_left'====== Args={'value': 10, 'prev_value': None, 'change': True}
2019-09-24 19:07:23,177 : INFO : EventManager : Event: ======'machine_var_audits_switches_s_pop_right'====== Args={'value': 953, 'prev_value': None, 'change': True}
2019-09-24 19:07:23,177 : INFO : EventManager : Event: ======'machine_var_audits_switches_s_pop_top'====== Args={'value': 414, 'prev_value': None, 'change': True}
2019-09-24 19:07:23,177 : INFO : EventManager : Event: ======'machine_var_audits_switches_s_saucer'====== Args={'value': 624, 'prev_value': None, 'change': True}
2019-09-24 19:07:23,177 : INFO : EventManager : Event: ======'machine_var_audits_switches_s_sling_left'====== Args={'value': 573, 'prev_value': None, 'change': True}
2019-09-24 19:07:23,177 : INFO : EventManager : Event: ======'machine_var_audits_switches_s_sling_right'====== Args={'value': 757, 'prev_value': None, 'change': True}
2019-09-24 19:07:23,177 : INFO : EventManager : Event: ======'machine_var_audits_switches_s_spinner'====== Args={'value': 3068, 'prev_value': None, 'change': True}
2019-09-24 19:07:23,177 : INFO : EventManager : Event: ======'machine_var_audits_switches_s_start'====== Args={'value': 31, 'prev_value': None, 'change': True}
2019-09-24 19:07:23,178 : INFO : EventManager : Event: ======'machine_var_audits_switches_s_trough'====== Args={'value': 833, 'prev_value': None, 'change': True}
2019-09-24 19:07:23,178 : INFO : EventManager : Event: ======'init_phase_5'====== Args={}
2019-09-24 19:07:23,179 : INFO : EventManager : Event: ======'init_done'====== Args={}
2019-09-24 19:07:23,179 : INFO : EventManager : Event: ======'machine_reset_phase_1'====== Args={}
2019-09-24 19:07:23,185 : INFO : EventManager : Event: ======'slide_welcome_slide_removed'====== Args={'_from_bcp': True}
2019-09-24 19:07:23,187 : INFO : EventManager : Event: ======'slide_welcome_slide_created'====== Args={'_from_bcp': True}
2019-09-24 19:07:23,188 : INFO : EventManager : Event: ======'machine_reset_phase_2'====== Args={}
2019-09-24 19:07:23,188 : INFO : EventManager : Event: ======'machine_reset_phase_3'====== Args={}
2019-09-24 19:07:23,188 : INFO : drop_target_bank.right_bank : All targets are already up. Will not reset bank.
2019-09-24 19:07:23,188 : INFO : EventManager : Event: ======'reset_complete'====== Args={}
2019-09-24 19:07:23,188 : INFO : EventManager : Event: ======'mode_attract_will_start'====== Args={}
2019-09-24 19:07:23,189 : INFO : EventManager : Event: ======'mode_attract_starting'====== Args={}
2019-09-24 19:07:23,189 : INFO : Mode.attract : Started. Priority: 10
2019-09-24 19:07:23,189 : INFO : EventManager : Event: ======'mode_attract_started'====== Args={}
2019-09-24 19:07:23,189 : INFO : EventManager : Event: ======'collecting_balls_complete'====== Args={}
2019-09-24 19:07:23,190 : INFO : EventManager : Event: ======'slide_welcome_slide_active'====== Args={'_from_bcp': True}
2019-09-24 19:07:23,190 : INFO : Machine : Starting the main run loop.
2019-09-24 19:07:23,206 : INFO : BcpServer : New client connected.
2019-09-24 19:07:23,211 : INFO : EventManager : Event: ======'slide_attract_started_created'====== Args={'_from_bcp': True}
2019-09-24 19:07:23,211 : INFO : EventManager : Event: ======'slide_attract_started_active'====== Args={'_from_bcp': True}
2019-09-24 19:07:24,508 : INFO : SwitchController : <<<<<<< 's_start' active >>>>>>>
2019-09-24 19:07:24,628 : INFO : SwitchController : <<<<<<< 's_start' inactive >>>>>>>
2019-09-24 19:07:24,628 : INFO : EventManager : Event: ======'request_to_start_game'====== Args={}
2019-09-24 19:07:24,630 : INFO : EventManager : Event: ======'game_start'====== Args={'buttons': [], 'hold_time': 0.125}
2019-09-24 19:07:24,631 : INFO : EventManager : Event: ======'mode_game_will_start'====== Args={'buttons': [], 'hold_time': 0.125}
2019-09-24 19:07:24,631 : INFO : EventManager : Event: ======'mode_game_starting'====== Args={'buttons': [], 'hold_time': 0.125}
2019-09-24 19:07:24,631 : INFO : EventManager : Event: ======'mode_attract_will_stop'====== Args={}
2019-09-24 19:07:24,632 : INFO : EventManager : Event: ======'mode_attract_stopping'====== Args={}
2019-09-24 19:07:24,632 : INFO : Mode.attract : Stopped.
2019-09-24 19:07:24,632 : INFO : EventManager : Event: ======'mode_attract_stopped'====== Args={}
2019-09-24 19:07:24,632 : INFO : EventManager : Event: ======'clear'====== Args={'key': 'attract'}
2019-09-24 19:07:24,632 : INFO : Mode.game : Started. Priority: 20
2019-09-24 19:07:24,632 : INFO : EventManager : Event: ======'mode_game_started'====== Args={'buttons': [], 'hold_time': 0.125}
2019-09-24 19:07:24,633 : INFO : EventManager : Event: ======'game_will_start'====== Args={}
2019-09-24 19:07:24,633 : INFO : EventManager : Event: ======'game_starting'====== Args={'game': <Mode.game>}
2019-09-24 19:07:24,634 : INFO : EventManager : Event: ======'player_add_request'====== Args={}
2019-09-24 19:07:24,634 : INFO : EventManager : Event: ======'player_will_add'====== Args={'number': 1}
2019-09-24 19:07:24,634 : INFO : EventManager : Event: ======'player_adding'====== Args={'player': <Player 1>, 'number': 1}
2019-09-24 19:07:24,634 : INFO : EventManager : Event: ======'player_added'====== Args={'player': <Player 1>, 'num': 1}
2019-09-24 19:07:24,634 : INFO : Mode.game : Player added successfully. Total players: 1
2019-09-24 19:07:24,635 : INFO : EventManager : Event: ======'player_index'====== Args={'value': 0, 'prev_value': 0, 'change': 0, 'player_num': 1}
2019-09-24 19:07:24,635 : INFO : EventManager : Event: ======'player_number'====== Args={'value': 1, 'prev_value': 1, 'change': 0, 'player_num': 1}
2019-09-24 19:07:24,635 : INFO : EventManager : Event: ======'player_pichu_exp'====== Args={'value': 0, 'prev_value': 0, 'change': 0, 'player_num': 1}
2019-09-24 19:07:24,635 : INFO : EventManager : Event: ======'player_score'====== Args={'value': 0, 'prev_value': 0, 'change': 0, 'player_num': 1}
2019-09-24 19:07:24,636 : INFO : EventManager : Event: ======'game_started'====== Args={}
2019-09-24 19:07:24,637 : INFO : EventManager : Event: ======'player_turn_will_start'====== Args={'player': <Player 1>, 'number': 1}
2019-09-24 19:07:24,637 : INFO : EventManager : Event: ======'player_turn_starting'====== Args={'player': <Player 1>, 'number': 1}
2019-09-24 19:07:24,637 : INFO : EventManager : Event: ======'player_ball'====== Args={'value': 1, 'prev_value': 0, 'change': 1, 'player_num': 1}
2019-09-24 19:07:24,640 : INFO : EventManager : Event: ======'player_turn_started'====== Args={'player': <Player 1>, 'number': 1}
2019-09-24 19:07:24,641 : INFO : EventManager : Event: ======'ball_will_start'====== Args={'player': 1, 'ball': 1, 'balls_remaining': 2, 'is_extra_ball': False}
2019-09-24 19:07:24,642 : INFO : EventManager : Event: ======'ball_starting'====== Args={'player': 1, 'ball': 1, 'balls_remaining': 2, 'is_extra_ball': False}
2019-09-24 19:07:24,642 : INFO : EventManager : Event: ======'mode_modes_all_will_start'====== Args={'queue': <QueuedEvent>, 'player': 1, 'ball': 1, 'balls_remaining': 2, 'is_extra_ball': False}
2019-09-24 19:07:24,643 : INFO : EventManager : Event: ======'mode_modes_all_starting'====== Args={'queue': <QueuedEvent>, 'player': 1, 'ball': 1, 'balls_remaining': 2, 'is_extra_ball': False}
2019-09-24 19:07:24,643 : INFO : drop_target_bank.right_bank : All targets are already up. Will not reset bank.
2019-09-24 19:07:24,643 : INFO : Mode.modes_all : Started. Priority: 31
2019-09-24 19:07:24,643 : INFO : EventManager : Event: ======'mode_modes_all_started'====== Args={'queue': <QueuedEvent>, 'player': 1, 'ball': 1, 'balls_remaining': 2, 'is_extra_ball': False}
2019-09-24 19:07:24,644 : INFO : EventManager : Event: ======'balls_in_play'====== Args={'balls': 1}
2019-09-24 19:07:24,644 : INFO : EventManager : Event: ======'ball_started'====== Args={'player': 1, 'ball': 1, 'balls_remaining': 2, 'is_extra_ball': False}
2019-09-24 19:07:24,645 : INFO : EventManager : Event: ======'single_player_ball_started'====== Args={}
2019-09-24 19:07:24,646 : INFO : EventManager : Event: ======'balldevice_balls_available'====== Args={}
2019-09-24 19:07:24,646 : INFO : EventManager : Event: ======'balldevice_bd_trough_ball_eject_attempt'====== Args={'balls': 1, 'target': <ball_device.bd_plunger>, 'source': <ball_device.bd_trough>, 'mechanical_eject': True, 'num_attempts': 0}
2019-09-24 19:07:24,647 : INFO : ball_device.bd_trough : Ejecting ball to <ball_device.bd_plunger>
2019-09-24 19:07:24,647 : INFO : EventManager : Event: ======'balldevice_bd_trough_ejecting_ball'====== Args={'balls': 1, 'target': <ball_device.bd_plunger>, 'source': <ball_device.bd_trough>, 'mechanical_eject': True, 'num_attempts': 0}
2019-09-24 19:07:24,648 : INFO : coil.c_trough : Pulsing Driver for 7ms (1.0 pulse_power)
2019-09-24 19:07:24,648 : INFO : SwitchController : <<<<<<< 's_trough' inactive >>>>>>>
2019-09-24 19:07:24,735 : INFO : SwitchController : <<<<<<< 's_plunger_lane' active >>>>>>>
2019-09-24 19:07:24,737 : INFO : EventManager : Event: ======'machine_var_audits_switches_s_plunger_lane'====== Args={'value': 80, 'prev_value': 79, 'change': 1}
2019-09-24 19:07:25,245 : INFO : EventManager : Event: ======'balldevice_bd_plunger_ball_enter'====== Args={'new_balls': 1, 'unclaimed_balls': 0, 'new_available_balls': 0, 'device': <ball_device.bd_plunger>}
2019-09-24 19:07:25,245 : INFO : EventManager : Event: ======'balldevice_bd_plunger_ball_entered'====== Args={'new_balls': 0, 'device': <ball_device.bd_plunger>}
2019-09-24 19:07:25,246 : INFO : EventManager : Event: ======'balldevice_bd_plunger_ball_count_changed'====== Args={'balls': 1}
2019-09-24 19:07:25,246 : INFO : EventManager : Event: ======'balldevice_bd_trough_ball_eject_success'====== Args={'balls': 1, 'target': <ball_device.bd_plunger>}
2019-09-24 19:07:25,246 : INFO : EventManager : Event: ======'balldevice_bd_trough_ball_count_changed'====== Args={'balls': 0}
2019-09-24 19:07:25,247 : INFO : EventManager : Event: ======'balldevice_bd_plunger_ball_eject_attempt'====== Args={'balls': 1, 'target': <playfield.playfield>, 'source': <ball_device.bd_plunger>, 'mechanical_eject': True, 'num_attempts': 0}
2019-09-24 19:07:25,247 : INFO : ball_device.bd_plunger : Ejecting ball to <playfield.playfield>
2019-09-24 19:07:25,247 : INFO : EventManager : Event: ======'balldevice_bd_plunger_ejecting_ball'====== Args={'balls': 1, 'target': <playfield.playfield>, 'source': <ball_device.bd_plunger>, 'mechanical_eject': True, 'num_attempts': 0}
2019-09-24 19:09:29,616 : INFO : root : MPF run loop ended.
