2019-09-24 17:09:03,689 : kivy : Factory: 194 symbols loaded
2019-09-24 17:09:04,798 : kivy : Image: Providers: img_tex, img_dds, img_sdl2, img_pil, img_gif (img_ffpyplayer ignored)
2019-09-24 17:09:05,845 : kivy : VideoGstplayer: Using Gstreamer 1.10.2.0
2019-09-24 17:09:05,845 : kivy : Video: Provider: gstplayer
2019-09-24 17:09:06,580 : kivy : Loading MPF-MC controller
2019-09-24 17:09:06,580 : mpfmc : Mission Pinball Framework Media Controller v0.50.8
2019-09-24 17:09:06,580 : mpfmc : Mission Pinball Framework Game Engine v0.50.17
2019-09-24 17:09:06,580 : mpfmc : Machine path: D:\POKEMON - 2
2019-09-24 17:09:06,580 : ConfigProcessor : Cache file not found: C:\Users\MISSIO~1\AppData\Local\Temp\9066572af3754bcb4e8ca411bd20a237.mpf_cache
2019-09-24 17:09:08,049 : ConfigProcessor : Loading config from file c:\python34\lib\site-packages\mpfmc\mcconfig.yaml.
2019-09-24 17:09:08,247 : ConfigProcessor : Loading config: c:\python34\lib\site-packages\mpfmc\mcconfig.yaml
2019-09-24 17:09:08,247 : ConfigProcessor : Loading config from file D:\POKEMON - 2\config\config.
2019-09-24 17:09:08,403 : ConfigProcessor : Loading config: D:\POKEMON - 2\config\config
2019-09-24 17:09:08,419 : ConfigProcessor : Loading config: D:\POKEMON - 2\config\player_variables.yaml
2019-09-24 17:09:08,434 : ConfigProcessor : Loading config: D:\POKEMON - 2\config\key_mapping.yaml
2019-09-24 17:09:08,434 : ConfigProcessor : Config file cache created: C:\Users\MISSIO~1\AppData\Local\Temp\9066572af3754bcb4e8ca411bd20a237.mpf_cache
2019-09-24 17:09:08,825 : mpfmc : Starting clock at 60.0Hz
2019-09-24 17:09:09,134 : kivy : Text: Provider: sdl2
2019-09-24 17:09:10,796 : kivy : OSC: using <thread> for socket
2019-09-24 17:09:10,831 : kivy : Window: Provider: sdl2
2019-09-24 17:09:11,458 : kivy : GL: Using the "OpenGL" graphics system
2019-09-24 17:09:11,469 : kivy : GL: GLEW initialization succeeded
2019-09-24 17:09:11,471 : kivy : GL: Backend used <glew>
2019-09-24 17:09:11,473 : kivy : GL: OpenGL version <b'4.4.0 - Build 20.19.15.4835'>
2019-09-24 17:09:11,473 : kivy : GL: OpenGL vendor <b'Intel'>
2019-09-24 17:09:11,474 : kivy : GL: OpenGL renderer <b'Intel(R) HD Graphics'>
2019-09-24 17:09:11,475 : kivy : GL: OpenGL parsed version: 4, 4
2019-09-24 17:09:11,475 : kivy : GL: Shading version <b'4.40 - Build 20.19.15.4835'>
2019-09-24 17:09:11,477 : kivy : GL: Texture max size <16384>
2019-09-24 17:09:11,478 : kivy : GL: Texture max units <32>
2019-09-24 17:09:11,553 : kivy : Shader: fragment shader: <b"WARNING: 0:7: '' :  #version directive missing">
2019-09-24 17:09:11,555 : kivy : Shader: vertex shader: <b"WARNING: 0:7: '' :  #version directive missing">
2019-09-24 17:09:11,607 : kivy : Window: auto add sdl2 input provider
2019-09-24 17:09:11,609 : kivy : Window: virtual keyboard not allowed, single mode, not docked
2019-09-24 17:09:11,673 : SoundSystem : SoundSystem: Using default 'sound_system' settings
2019-09-24 17:09:18,754 : AudioInterface : Initialized
2019-09-24 17:09:18,757 : SoundSystem : No audio tracks are specified in your machine config file. a track named 'default' has been created.
2019-09-24 17:09:18,769 : kivy : Base: Start application main loop
2019-09-24 17:09:18,843 : mpfmc : Display: Setting 'window' as default display
2019-09-24 17:09:19,016 : ConfigProcessor : Config file in cache changed: D:\POKEMON - 2\modes\base\config\base.yaml
2019-09-24 17:09:19,017 : ConfigProcessor : Loading config from file D:\POKEMON - 2\modes\base\config\base.yaml.
2019-09-24 17:09:19,023 : ConfigProcessor : Loading config: D:\POKEMON - 2\modes\base\config\base.yaml
2019-09-24 17:09:19,025 : ConfigProcessor : Config file cache created: C:\Users\MISSIO~1\AppData\Local\Temp\6f2a382b9c765c6a1f408e05b1d50db1.mpf_cache
2019-09-24 17:09:19,030 : ConfigProcessor : Config file in cache changed: D:\POKEMON - 2\modes\evolve_pichu\config\evolve_pichu.yaml
2019-09-24 17:09:19,031 : ConfigProcessor : Loading config from file D:\POKEMON - 2\modes\evolve_pichu\config\evolve_pichu.yaml.
2019-09-24 17:09:19,084 : ConfigProcessor : Loading config: D:\POKEMON - 2\modes\evolve_pichu\config\evolve_pichu.yaml
2019-09-24 17:09:19,086 : ConfigProcessor : Config file cache created: C:\Users\MISSIO~1\AppData\Local\Temp\d7f8a5ee622046c7da753c9c40514d63.mpf_cache
2019-09-24 17:09:19,119 : ConfigProcessor : Loading config from cache: C:\Users\MISSIO~1\AppData\Local\Temp\10f8871b1481fbf59bf30d5b3d29537e.mpf_cache
2019-09-24 17:09:19,121 : ConfigProcessor : Config file in cache changed: D:\POKEMON - 2\modes\pichu\config\pichu.yaml
2019-09-24 17:09:19,122 : ConfigProcessor : Loading config from file D:\POKEMON - 2\modes\pichu\config\pichu.yaml.
2019-09-24 17:09:19,205 : ConfigProcessor : Loading config: D:\POKEMON - 2\modes\pichu\config\pichu.yaml
2019-09-24 17:09:19,207 : ConfigProcessor : Config file cache created: C:\Users\MISSIO~1\AppData\Local\Temp\4db3b4eb08bf5f2e1b30e7df1dec754e.mpf_cache
2019-09-24 17:09:19,242 : ConfigProcessor : Loading config from cache: C:\Users\MISSIO~1\AppData\Local\Temp\c8c985d122de6339937b15f5cde5ffe7.mpf_cache
2019-09-24 17:09:19,249 : MPF-MC BCP Server : Starting up on localhost port 5050
2019-09-24 17:09:19,274 : MPF-MC BCP Server : Waiting for a connection...
2019-09-24 17:09:19,276 : mpfmc : SlidePlayer: Play called with settings={'slides': {'welcome_slide': {'slide': None, 'transition_out': None, 'action': 'play', 'expire': None, 'transition': None, 'show': True, 'target': None, 'priority': None, 'background_color': [0.0, 0.0, 0.0, 1.0], 'force': False}}}
2019-09-24 17:09:19,488 : kivy : GL: NPOT texture support is available
2019-09-24 17:09:20,340 : MPF-MC BCP Server : Received connection from: 127.0.0.1:51945
2019-09-24 17:09:20,402 : BcpProcessor : Received invalid BCP command: mode_list
2019-09-24 17:09:20,541 : mpfmc : SlidePlayer: Play called with settings={'slides': {'welcome_slide': {'slide': None, 'transition_out': None, 'action': 'play', 'expire': None, 'transition': None, 'show': True, 'target': None, 'priority': None, 'background_color': [0.0, 0.0, 0.0, 1.0], 'force': False}}}
2019-09-24 17:09:20,585 : mpfmc : SlidePlayer: Play called with settings={'slides': {'attract_started': {'slide': None, 'transition_out': None, 'action': 'play', 'expire': None, 'transition': None, 'show': True, 'target': None, 'priority': None, 'background_color': [0.0, 0.0, 0.0, 1.0], 'force': False}}}
2019-09-24 17:10:23,989 : kivy : Base: Leaving application in progress...
2019-09-24 17:10:24,285 : mpfmc : Stopping...
2019-09-24 17:10:24,285 : mpfmc : Loop rate 76.13 Hz
2019-09-24 17:10:24,285 : kivy : MC run loop ended.
2019-09-24 17:10:24,285 : kivy : Stopping child threads... (3 remaining)
2019-09-24 17:10:24,316 : mpfmc : Stopping...
2019-09-24 17:10:24,318 : mpfmc : Loop rate 76.09 Hz
2019-09-24 17:10:24,334 : MPF-MC BCP Server : Stopping BCP sending thread
2019-09-24 17:10:24,943 : kivy : All child threads stopped.
