2019-10-11 21:59:32,412 : INFO : Machine : Mission Pinball Framework Core Engine v0.50.17
2019-10-11 21:59:32,412 : INFO : Machine : Command line arguments: {'text_ui': True, 'create_config_cache': True, 'bcp': True, 'consoleloglevel': 20, 'loglevel': 15, 'logfile': 'logs\\2019-10-11-21-59-32-mpf-DESKTOP-I5I6D25.log', 'production': False, 'no_load_cache': False, 'mpfconfigfile': 'c:\\python34\\lib\\site-packages\\mpf\\mpfconfig.yaml', 'pause': False, 'configfile': ['config.yaml'], 'force_platform': None, 'syslog_address': None, 'force_assets_load': False, 'mc_file_name': None}
2019-10-11 21:59:32,412 : INFO : Machine : MPF path: c:\python34\lib\site-packages\mpf
2019-10-11 21:59:32,412 : INFO : Machine : Machine path: D:\POKEMON - 2
2019-10-11 21:59:32,412 : INFO : Machine : Platform: win32
2019-10-11 21:59:32,412 : INFO : Machine : Python executable location: c:\python34\python.exe
2019-10-11 21:59:32,412 : INFO : Machine : Python version: 3.4.4 (64-bit)
2019-10-11 21:59:33,866 : INFO : Machine : Machine config file #1: config.yaml
2019-10-11 21:59:33,912 : INFO : ConfigProcessor : Loading config from cache: C:\Users\MISSIO~1\AppData\Local\Temp\442e40140b44297973c0b074da7880ab.mpf_cache
2019-10-11 21:59:33,975 : INFO : Machine : Initialise MPF.
2019-10-11 21:59:34,756 : INFO : FAST : Connecting to com4 at 921600bps
2019-10-11 21:59:34,787 : INFO : FAST : Connected! Processor: NET, Board Type: FP-CPU-002-2, Firmware: 01.01
2019-10-11 21:59:34,787 : WARNING : FAST : Not resetting FAST NET because firmware is currently broken.
2019-10-11 21:59:34,850 : INFO : FAST : Connecting to com5 at 921600bps
2019-10-11 21:59:34,881 : INFO : FAST : Connected! Processor: RGB, Board Type: FP-CPU-002-2, Firmware: 01.00
2019-10-11 21:59:35,334 : INFO : ConfigProcessor : Loading config from cache: C:\Users\MISSIO~1\AppData\Local\Temp\358e8f7f798064734531a27f21b0f2ba.mpf_cache
2019-10-11 21:59:35,366 : INFO : ConfigProcessor : Loading config from cache: C:\Users\MISSIO~1\AppData\Local\Temp\4db3b4eb08bf5f2e1b30e7df1dec754e.mpf_cache
2019-10-11 21:59:35,381 : WARNING : ConfigProcessor : Config file in cache changed: D:\POKEMON - 2\modes\raichu\config\raichu.yaml
2019-10-11 21:59:35,381 : INFO : ConfigProcessor : Loading config from file D:\POKEMON - 2\modes\raichu\config\raichu.yaml.
2019-10-11 21:59:35,444 : INFO : ConfigProcessor : Loading config: D:\POKEMON - 2\modes\raichu\config\raichu.yaml
2019-10-11 21:59:35,444 : INFO : ConfigProcessor : Config file cache created: C:\Users\MISSIO~1\AppData\Local\Temp\7617ad08085ea70a79f3bb3393b07073.mpf_cache
2019-10-11 21:59:35,459 : INFO : ConfigProcessor : Loading config from cache: C:\Users\MISSIO~1\AppData\Local\Temp\d7f8a5ee622046c7da753c9c40514d63.mpf_cache
2019-10-11 21:59:35,459 : INFO : ConfigProcessor : Loading config from cache: C:\Users\MISSIO~1\AppData\Local\Temp\10f8871b1481fbf59bf30d5b3d29537e.mpf_cache
2019-10-11 21:59:35,490 : INFO : ConfigProcessor : Loading config from cache: C:\Users\MISSIO~1\AppData\Local\Temp\c8c985d122de6339937b15f5cde5ffe7.mpf_cache
2019-10-11 21:59:35,522 : INFO : ConfigProcessor : Loading config from cache: C:\Users\MISSIO~1\AppData\Local\Temp\6f2a382b9c765c6a1f408e05b1d50db1.mpf_cache
2019-10-11 21:59:35,537 : INFO : ConfigProcessor : Loading config from cache: C:\Users\MISSIO~1\AppData\Local\Temp\b016e39aaa9fcc310b2c911cb998ccc7.mpf_cache
2019-10-11 21:59:35,569 : DEBUG : coil.c_trough : Configuring device with settings: '{'debug': True, 'psu': <psu.default>, 'console_log': 'full', 'default_pulse_power': None, 'max_pulse_power': 1.0, 'pulse_events': {}, 'label': '%', 'allow_enable': False, 'disable_events': {}, 'max_pulse_ms': None, 'default_pulse_ms': 7, 'file_log': 'full', 'number': '1-1', 'max_hold_power': None, 'enable_events': {}, 'default_hold_power': None, 'default_recycle': False, 'platform_settings': {}, 'tags': [], 'platform': None}'
2019-10-11 21:59:35,569 : DEBUG : coil.c_trough : Configuring device with settings: '{'debug': True, 'psu': <psu.default>, 'console_log': 'full', 'default_pulse_power': None, 'max_pulse_power': 1.0, 'pulse_events': {}, 'label': '%', 'allow_enable': False, 'disable_events': {}, 'max_pulse_ms': None, 'default_pulse_ms': 7, 'file_log': 'full', 'number': '1-1', 'max_hold_power': None, 'enable_events': {}, 'default_hold_power': None, 'default_recycle': False, 'platform_settings': {'recycle_ms': None, 'connection': 'auto'}, 'tags': [], 'platform': None}'
2019-10-11 21:59:35,584 : DEBUG : ball_device.bd_trough : Configuring device with settings: '{'debug': True, 'eject_coil_retry_pulse': None, 'hold_switches': [], 'confirm_eject_type': 'target', 'entrance_count_delay': 500, 'ball_capacity': None, 'entrance_event_timeout': 5.0, 'hold_coil_release_time': 1000, 'captures_from': <playfield.playfield>, 'ball_missing_target': <playfield.playfield>, 'eject_targets': [<ball_device.bd_plunger>], 'eject_coil_jam_pulse': None, 'ball_search_order': 200, 'jam_switch': None, 'target_on_unexpected_ball': None, 'idle_missing_ball_timeout': 5.0, 'confirm_eject_event': None, 'file_log': 'full', 'tags': ['home', 'trough'], 'request_ball_events': [], 'ball_switches': [<switch.s_trough>], 'eject_coil_reorder_pulse': None, 'retries_before_increasing_pulse': 4, 'hold_coil': None, 'ball_missing_timeouts': [], 'max_eject_attempts': 0, 'eject_coil': <coil.c_trough>, 'eject_timeouts': [], 'mechanical_eject': False, 'label': '%', 'eject_all_events': {}, 'entrance_switch_full_timeout': 0, 'eject_coil_max_wait_ms': 200, 'eject_events': {}, 'auto_fire_on_unexpected_ball': True, 'player_controlled_eject_event': None, 'eject_coil_enable_time': [], 'confirm_eject_switch': None, 'exit_count_delay': 500, 'console_log': 'full', 'entrance_events': {}, 'entrance_switch': None, 'hold_events': {}}'
2019-10-11 21:59:35,631 : INFO : SwitchController : Found active switch: s_drain
2019-10-11 21:59:35,819 : INFO : BCPClientSocket.local_display : Connecting BCP to 'local_display' at localhost:5050...
2019-10-11 21:59:36,850 : WARNING : FAST : Port com4 was blocked for more than 1s. Reseting send queue! If this happens frequently report a bug!
2019-10-11 21:59:37,850 : WARNING : FAST : Port com4 was blocked for more than 1s. Reseting send queue! If this happens frequently report a bug!
2019-10-11 21:59:38,872 : WARNING : FAST : Port com4 was blocked for more than 1s. Reseting send queue! If this happens frequently report a bug!
2019-10-11 21:59:42,113 : INFO : BCPClientSocket.local_display : Connected BCP to 'local_display' localhost:5050
2019-10-11 21:59:42,202 : DEBUG : ball_device.bd_trough : Counted 0 balls. Active switches: []. Old: None
2019-10-11 21:59:42,205 : DEBUG : ball_device.bd_trough : State: idle
2019-10-11 21:59:42,205 : DEBUG : ball_device.bd_trough : Waiting for eject request.
2019-10-11 21:59:42,316 : DEBUG : ball_device.bd_trough : Counted 0 balls. Active switches: []. Old: 0
2019-10-11 21:59:42,336 : WARNING : FAST : Port NET received more messages than were sent! Resetting!
2019-10-11 21:59:42,337 : WARNING : FAST : Port NET received more messages than were sent! Resetting!
2019-10-11 21:59:42,337 : WARNING : FAST : Port NET received more messages than were sent! Resetting!
2019-10-11 21:59:42,337 : WARNING : FAST : Port NET received more messages than were sent! Resetting!
2019-10-11 21:59:42,338 : WARNING : FAST : Port NET received more messages than were sent! Resetting!
2019-10-11 21:59:42,338 : WARNING : FAST : Port NET received more messages than were sent! Resetting!
2019-10-11 21:59:42,338 : WARNING : FAST : Port NET received more messages than were sent! Resetting!
2019-10-11 21:59:42,338 : WARNING : FAST : Port NET received more messages than were sent! Resetting!
2019-10-11 21:59:42,339 : WARNING : FAST : Port NET received more messages than were sent! Resetting!
2019-10-11 21:59:42,339 : WARNING : FAST : Port NET received more messages than were sent! Resetting!
2019-10-11 21:59:42,339 : WARNING : FAST : Port NET received more messages than were sent! Resetting!
2019-10-11 21:59:42,339 : WARNING : FAST : Port NET received more messages than were sent! Resetting!
2019-10-11 21:59:42,340 : WARNING : FAST : Port NET received more messages than were sent! Resetting!
2019-10-11 21:59:42,340 : WARNING : FAST : Port NET received more messages than were sent! Resetting!
2019-10-11 21:59:42,340 : WARNING : FAST : Port NET received more messages than were sent! Resetting!
2019-10-11 21:59:42,340 : WARNING : FAST : Port NET received more messages than were sent! Resetting!
2019-10-11 21:59:42,341 : WARNING : FAST : Port NET received more messages than were sent! Resetting!
2019-10-11 21:59:42,341 : WARNING : FAST : Port NET received more messages than were sent! Resetting!
2019-10-11 21:59:42,343 : WARNING : FAST : Port NET received more messages than were sent! Resetting!
2019-10-11 21:59:42,343 : WARNING : FAST : Port NET received more messages than were sent! Resetting!
2019-10-11 21:59:42,343 : WARNING : FAST : Port NET received more messages than were sent! Resetting!
2019-10-11 21:59:42,343 : WARNING : FAST : Port NET received more messages than were sent! Resetting!
2019-10-11 21:59:42,344 : WARNING : FAST : Port NET received more messages than were sent! Resetting!
2019-10-11 21:59:42,344 : WARNING : FAST : Port NET received more messages than were sent! Resetting!
2019-10-11 21:59:42,344 : INFO : SwitchController : <<<<<<< 's_drain' inactive >>>>>>>
2019-10-11 21:59:42,362 : INFO : SwitchController : <<<<<<< 's_drain' active >>>>>>>
2019-10-11 21:59:42,379 : WARNING : FAST : Port NET received more messages than were sent! Resetting!
2019-10-11 21:59:42,380 : WARNING : FAST : Port NET received more messages than were sent! Resetting!
2019-10-11 21:59:42,380 : WARNING : FAST : Port NET received more messages than were sent! Resetting!
2019-10-11 21:59:42,380 : WARNING : FAST : Port NET received more messages than were sent! Resetting!
2019-10-11 21:59:42,381 : WARNING : FAST : Port NET received more messages than were sent! Resetting!
2019-10-11 21:59:42,381 : WARNING : FAST : Port NET received more messages than were sent! Resetting!
2019-10-11 21:59:42,381 : WARNING : FAST : Port NET received more messages than were sent! Resetting!
2019-10-11 21:59:42,381 : WARNING : FAST : Port NET received more messages than were sent! Resetting!
2019-10-11 21:59:42,382 : WARNING : FAST : Port NET received more messages than were sent! Resetting!
2019-10-11 21:59:42,426 : INFO : coil.c_drop_reset : Enabling Driver for 400ms (1.0 pulse_power)
2019-10-11 21:59:42,432 : INFO : Mode.attract : Started. Priority: 10
2019-10-11 21:59:42,440 : INFO : Machine : Starting the main run loop.
2019-10-11 21:59:42,492 : INFO : SwitchController : <<<<<<< 's_drain' inactive >>>>>>>
2019-10-11 21:59:42,525 : INFO : SwitchController : <<<<<<< 's_drain' active >>>>>>>
2019-10-11 21:59:42,810 : INFO : coil.c_drop_reset : Disabling Driver
2019-10-11 21:59:42,972 : INFO : SwitchController : <<<<<<< 's_drop_left' active >>>>>>>
2019-10-11 21:59:43,016 : DEBUG : ball_device.bd_trough : Ready to receive from <ball_device.bd_drain>. Free space 1 (Capacity: 1, Balls: 0), incoming_balls: 0
2019-10-11 21:59:43,017 : INFO : ball_device.bd_drain : Ejecting ball to <ball_device.bd_trough>
2019-10-11 21:59:43,022 : INFO : coil.c_drain : Pulsing Driver for 20ms (1.0 pulse_power)
2019-10-11 21:59:43,052 : INFO : SwitchController : <<<<<<< 's_drain' inactive >>>>>>>
2019-10-11 21:59:43,071 : DEBUG : ball_device.bd_trough : Adding incoming ball from <ball_device.bd_drain>
2019-10-11 21:59:43,357 : INFO : SwitchController : <<<<<<< 's_trough' active >>>>>>>
2019-10-11 21:59:43,389 : INFO : SwitchController : <<<<<<< 's_trough' inactive >>>>>>>
2019-10-11 21:59:43,613 : INFO : SwitchController : <<<<<<< 's_trough' active >>>>>>>
2019-10-11 21:59:44,107 : DEBUG : ball_device.bd_trough : Counted 1 balls. Active switches: ['s_trough']. Old: 0
2019-10-11 21:59:44,110 : DEBUG : ball_device.bd_trough : BCH: Counting. New count: 1 Old count: 0
2019-10-11 21:59:44,110 : DEBUG : ball_device.bd_trough : BCH: Found 1 new balls
2019-10-11 21:59:44,111 : DEBUG : ball_device.bd_trough : Received ball from <ball_device.bd_drain>
2019-10-11 21:59:44,111 : DEBUG : ball_device.bd_trough : Removing incoming ball from <ball_device.bd_drain>
2019-10-11 21:59:44,111 : DEBUG : ball_device.bd_trough : Processing new ball
2019-10-11 21:59:44,492 : INFO : SwitchController : <<<<<<< 's_flipper_right' active >>>>>>>
2019-10-11 21:59:44,540 : INFO : SwitchController : <<<<<<< 's_flipper_right' inactive >>>>>>>
2019-10-11 21:59:44,621 : INFO : SwitchController : <<<<<<< 's_flipper_right' active >>>>>>>
2019-10-11 21:59:44,685 : INFO : SwitchController : <<<<<<< 's_flipper_right' inactive >>>>>>>
2019-10-11 21:59:44,988 : INFO : SwitchController : <<<<<<< 's_start' active >>>>>>>
2019-10-11 21:59:45,148 : INFO : SwitchController : <<<<<<< 's_start' inactive >>>>>>>
2019-10-11 21:59:45,168 : INFO : Mode.attract : Stopped.
2019-10-11 21:59:45,170 : INFO : Mode.game : Started. Priority: 20
2019-10-11 21:59:45,200 : INFO : Mode.game : Player added successfully. Total players: 1
2019-10-11 21:59:45,220 : INFO : coil.c_drop_reset : Enabling Driver for 400ms (1.0 pulse_power)
2019-10-11 21:59:45,222 : INFO : Mode.base : Started. Priority: 31
2019-10-11 21:59:45,240 : INFO : Mode.pichu : Started. Priority: 75
2019-10-11 21:59:45,257 : DEBUG : ball_device.bd_trough : Adding eject chain
2019-10-11 21:59:45,262 : DEBUG : ball_device.bd_trough : Got eject request
2019-10-11 21:59:45,266 : DEBUG : ball_device.bd_trough : BCH: Counting. New count: 1 Old count: 1
2019-10-11 21:59:45,268 : DEBUG : ball_device.bd_trough : State: waiting_for_target_ready
2019-10-11 21:59:45,272 : DEBUG : ball_device.bd_trough : State: ejecting
2019-10-11 21:59:45,273 : INFO : ball_device.bd_trough : Ejecting ball to <ball_device.bd_plunger>
2019-10-11 21:59:45,275 : DEBUG : ball_device.bd_trough : Entered eject mode.
2019-10-11 21:59:45,279 : DEBUG : ball_device.bd_trough : Wait for ball to leave device
2019-10-11 21:59:45,280 : INFO : coil.c_trough : Pulsing Driver for 7ms (1.0 pulse_power)
2019-10-11 21:59:45,280 : DEBUG : ball_device.bd_trough : Firing eject coil. Current balls: 1.
2019-10-11 21:59:45,292 : INFO : SwitchController : <<<<<<< 's_drop_left' inactive >>>>>>>
2019-10-11 21:59:45,358 : INFO : SwitchController : <<<<<<< 's_trough' inactive >>>>>>>
2019-10-11 21:59:45,377 : DEBUG : ball_device.bd_trough : Got ball left during eject
2019-10-11 21:59:45,377 : DEBUG : ball_device.bd_trough : Switch 's_trough' changed too recently. Aborting count!
2019-10-11 21:59:45,379 : DEBUG : ball_device.bd_trough : State: ball_left
2019-10-11 21:59:45,379 : DEBUG : ball_device.bd_trough : Ball left
2019-10-11 21:59:45,380 : DEBUG : ball_device.bd_trough : Wait for confirm with timeout 10.0
2019-10-11 21:59:45,606 : INFO : coil.c_drop_reset : Disabling Driver
2019-10-11 21:59:45,772 : INFO : SwitchController : <<<<<<< 's_drop_center' active >>>>>>>
2019-10-11 21:59:45,857 : DEBUG : ball_device.bd_trough : Counted 0 balls. Active switches: []. Old: 0
2019-10-11 21:59:51,372 : INFO : SwitchController : <<<<<<< 's_spinner' active >>>>>>>
2019-10-11 21:59:51,468 : INFO : SwitchController : <<<<<<< 's_spinner' inactive >>>>>>>
2019-10-11 21:59:51,676 : INFO : SwitchController : <<<<<<< 's_spinner' active >>>>>>>
2019-10-11 21:59:51,740 : INFO : SwitchController : <<<<<<< 's_spinner' inactive >>>>>>>
2019-10-11 21:59:51,996 : INFO : SwitchController : <<<<<<< 's_flipper_right' active >>>>>>>
2019-10-11 21:59:52,124 : INFO : SwitchController : <<<<<<< 's_flipper_right' inactive >>>>>>>
2019-10-11 21:59:52,573 : INFO : SwitchController : <<<<<<< 's_flipper_right' active >>>>>>>
2019-10-11 21:59:52,988 : INFO : SwitchController : <<<<<<< 's_flipper_right' inactive >>>>>>>
2019-10-11 21:59:53,020 : INFO : SwitchController : <<<<<<< 's_flipper_left' active >>>>>>>
2019-10-11 21:59:54,044 : INFO : SwitchController : <<<<<<< 's_flipper_left' inactive >>>>>>>
2019-10-11 21:59:54,252 : INFO : SwitchController : <<<<<<< 's_flipper_right' active >>>>>>>
2019-10-11 21:59:54,364 : INFO : SwitchController : <<<<<<< 's_flipper_right' inactive >>>>>>>
2019-10-11 21:59:54,588 : INFO : SwitchController : <<<<<<< 's_pop_bottom' active >>>>>>>
2019-10-11 21:59:54,620 : INFO : SwitchController : <<<<<<< 's_pop_bottom' inactive >>>>>>>
2019-10-11 21:59:54,844 : INFO : SwitchController : <<<<<<< 's_pop_top' active >>>>>>>
2019-10-11 21:59:54,866 : INFO : SwitchController : <<<<<<< 's_pop_top' inactive >>>>>>>
2019-10-11 21:59:55,372 : DEBUG : ball_device.bd_trough : State: failed_confirm
2019-10-11 21:59:55,373 : DEBUG : ball_device.bd_trough : Got timeout (10.0s) before confirm from <ball_device.bd_plunger>
2019-10-11 21:59:56,381 : INFO : SwitchController : <<<<<<< 's_drop_left' active >>>>>>>
2019-10-11 21:59:56,407 : DEBUG : ball_device.bd_trough : Eject successful
2019-10-11 21:59:56,410 : DEBUG : ball_device.bd_trough : Exited eject mode. Eject success: True
2019-10-11 21:59:56,411 : DEBUG : ball_device.bd_trough : State: idle
2019-10-11 21:59:56,412 : DEBUG : ball_device.bd_trough : Waiting for eject request.
2019-10-11 21:59:56,414 : DEBUG : ball_device.bd_trough : BCH: Counting. New count: 0 Old count: 0
2019-10-11 21:59:56,417 : DEBUG : ball_device.bd_trough : BCH: Counting. New count: 0 Old count: 0
2019-10-11 22:00:07,708 : INFO : SwitchController : <<<<<<< 's_flipper_right' active >>>>>>>
2019-10-11 22:00:07,820 : INFO : SwitchController : <<<<<<< 's_flipper_right' inactive >>>>>>>
2019-10-11 22:00:07,979 : INFO : SwitchController : <<<<<<< 's_spinner' active >>>>>>>
2019-10-11 22:00:08,001 : INFO : SwitchController : <<<<<<< 's_spinner' inactive >>>>>>>
2019-10-11 22:00:08,027 : INFO : SwitchController : <<<<<<< 's_pop_bottom' active >>>>>>>
2019-10-11 22:00:08,049 : INFO : SwitchController : <<<<<<< 's_pop_bottom' inactive >>>>>>>
2019-10-11 22:00:08,068 : INFO : SwitchController : <<<<<<< 's_pop_bottom' active >>>>>>>
2019-10-11 22:00:08,085 : INFO : SwitchController : <<<<<<< 's_pop_bottom' inactive >>>>>>>
2019-10-11 22:00:08,106 : INFO : SwitchController : <<<<<<< 's_spinner' active >>>>>>>
2019-10-11 22:00:08,125 : INFO : SwitchController : <<<<<<< 's_spinner' inactive >>>>>>>
2019-10-11 22:00:08,155 : INFO : SwitchController : <<<<<<< 's_spinner' active >>>>>>>
2019-10-11 22:00:08,203 : INFO : SwitchController : <<<<<<< 's_spinner' inactive >>>>>>>
2019-10-11 22:00:08,236 : INFO : SwitchController : <<<<<<< 's_spinner' active >>>>>>>
2019-10-11 22:00:08,258 : INFO : SwitchController : <<<<<<< 's_spinner' inactive >>>>>>>
2019-10-11 22:00:08,332 : INFO : SwitchController : <<<<<<< 's_spinner' active >>>>>>>
2019-10-11 22:00:08,364 : INFO : SwitchController : <<<<<<< 's_spinner' inactive >>>>>>>
2019-10-11 22:00:08,444 : INFO : SwitchController : <<<<<<< 's_spinner' active >>>>>>>
2019-10-11 22:00:08,465 : INFO : SwitchController : <<<<<<< 's_spinner' inactive >>>>>>>
2019-10-11 22:00:08,555 : INFO : SwitchController : <<<<<<< 's_spinner' active >>>>>>>
2019-10-11 22:00:08,587 : INFO : SwitchController : <<<<<<< 's_spinner' inactive >>>>>>>
2019-10-11 22:00:08,683 : INFO : SwitchController : <<<<<<< 's_spinner' active >>>>>>>
2019-10-11 22:00:08,715 : INFO : SwitchController : <<<<<<< 's_spinner' inactive >>>>>>>
2019-10-11 22:00:08,828 : INFO : SwitchController : <<<<<<< 's_spinner' active >>>>>>>
2019-10-11 22:00:08,877 : INFO : SwitchController : <<<<<<< 's_spinner' inactive >>>>>>>
2019-10-11 22:00:09,004 : INFO : SwitchController : <<<<<<< 's_spinner' active >>>>>>>
2019-10-11 22:00:09,052 : INFO : SwitchController : <<<<<<< 's_spinner' inactive >>>>>>>
2019-10-11 22:00:09,211 : INFO : SwitchController : <<<<<<< 's_spinner' active >>>>>>>
2019-10-11 22:00:09,291 : INFO : SwitchController : <<<<<<< 's_spinner' inactive >>>>>>>
2019-10-11 22:00:12,060 : INFO : SwitchController : <<<<<<< 's_saucer' active >>>>>>>
2019-10-11 22:00:12,564 : DEBUG : ball_device.bd_trough : Counted 0 balls. Active switches: []. Old: 0
2019-10-11 22:00:12,573 : INFO : ball_device.bd_saucer : Ejecting ball to <playfield.playfield>
2019-10-11 22:00:12,578 : INFO : coil.c_saucer : Pulsing Driver for 60ms (1.0 pulse_power)
2019-10-11 22:00:12,619 : INFO : SwitchController : <<<<<<< 's_saucer' inactive >>>>>>>
2019-10-11 22:00:14,603 : INFO : SwitchController : <<<<<<< 's_pop_right' active >>>>>>>
2019-10-11 22:00:14,626 : INFO : SwitchController : <<<<<<< 's_pop_right' inactive >>>>>>>
2019-10-11 22:00:14,645 : INFO : SwitchController : <<<<<<< 's_pop_right' active >>>>>>>
2019-10-11 22:00:14,664 : INFO : SwitchController : <<<<<<< 's_pop_right' inactive >>>>>>>
2019-10-11 22:00:17,147 : INFO : SwitchController : <<<<<<< 's_flipper_right' active >>>>>>>
2019-10-11 22:00:17,195 : INFO : SwitchController : <<<<<<< 's_flipper_left' active >>>>>>>
2019-10-11 22:00:17,276 : INFO : SwitchController : <<<<<<< 's_flipper_right' inactive >>>>>>>
2019-10-11 22:00:17,356 : INFO : SwitchController : <<<<<<< 's_flipper_left' inactive >>>>>>>
2019-10-11 22:00:17,579 : INFO : SwitchController : <<<<<<< 's_flipper_right' active >>>>>>>
2019-10-11 22:00:17,996 : INFO : SwitchController : <<<<<<< 's_flipper_right' inactive >>>>>>>
2019-10-11 22:00:18,507 : INFO : SwitchController : <<<<<<< 's_drop_right' active >>>>>>>
2019-10-11 22:00:19,308 : INFO : SwitchController : <<<<<<< 's_flipper_right' active >>>>>>>
2019-10-11 22:00:19,498 : INFO : coil.c_drop_reset : Enabling Driver for 400ms (1.0 pulse_power)
2019-10-11 22:00:19,547 : INFO : SwitchController : <<<<<<< 's_drop_left' inactive >>>>>>>
2019-10-11 22:00:19,563 : INFO : SwitchController : <<<<<<< 's_drop_right' inactive >>>>>>>
2019-10-11 22:00:19,579 : INFO : SwitchController : <<<<<<< 's_drop_center' inactive >>>>>>>
2019-10-11 22:00:19,888 : INFO : coil.c_drop_reset : Disabling Driver
2019-10-11 22:00:19,979 : INFO : SwitchController : <<<<<<< 's_flipper_right' inactive >>>>>>>
2019-10-11 22:00:20,059 : INFO : SwitchController : <<<<<<< 's_drop_center' active >>>>>>>
2019-10-11 22:00:20,219 : INFO : SwitchController : <<<<<<< 's_flipper_right' active >>>>>>>
2019-10-11 22:00:20,907 : INFO : SwitchController : <<<<<<< 's_flipper_right' inactive >>>>>>>
2019-10-11 22:00:22,379 : INFO : SwitchController : <<<<<<< 's_flipper_right' active >>>>>>>
2019-10-11 22:00:22,491 : INFO : SwitchController : <<<<<<< 's_flipper_right' inactive >>>>>>>
2019-10-11 22:00:22,667 : INFO : SwitchController : <<<<<<< 's_spinner' active >>>>>>>
2019-10-11 22:00:22,687 : INFO : SwitchController : <<<<<<< 's_spinner' inactive >>>>>>>
2019-10-11 22:00:22,731 : INFO : SwitchController : <<<<<<< 's_spinner' active >>>>>>>
2019-10-11 22:00:22,752 : INFO : SwitchController : <<<<<<< 's_spinner' inactive >>>>>>>
2019-10-11 22:00:22,795 : INFO : SwitchController : <<<<<<< 's_spinner' active >>>>>>>
2019-10-11 22:00:22,816 : INFO : SwitchController : <<<<<<< 's_spinner' inactive >>>>>>>
2019-10-11 22:00:22,874 : INFO : SwitchController : <<<<<<< 's_spinner' active >>>>>>>
2019-10-11 22:00:22,896 : INFO : SwitchController : <<<<<<< 's_spinner' inactive >>>>>>>
2019-10-11 22:00:22,955 : INFO : SwitchController : <<<<<<< 's_spinner' active >>>>>>>
2019-10-11 22:00:22,972 : INFO : SwitchController : <<<<<<< 's_spinner' inactive >>>>>>>
2019-10-11 22:00:23,035 : INFO : SwitchController : <<<<<<< 's_spinner' active >>>>>>>
2019-10-11 22:00:23,052 : INFO : SwitchController : <<<<<<< 's_spinner' inactive >>>>>>>
2019-10-11 22:00:23,115 : INFO : SwitchController : <<<<<<< 's_spinner' active >>>>>>>
2019-10-11 22:00:23,137 : INFO : SwitchController : <<<<<<< 's_spinner' inactive >>>>>>>
2019-10-11 22:00:23,211 : INFO : SwitchController : <<<<<<< 's_spinner' active >>>>>>>
2019-10-11 22:00:23,235 : INFO : SwitchController : <<<<<<< 's_spinner' inactive >>>>>>>
2019-10-11 22:00:23,307 : INFO : SwitchController : <<<<<<< 's_spinner' active >>>>>>>
2019-10-11 22:00:23,328 : INFO : SwitchController : <<<<<<< 's_spinner' inactive >>>>>>>
2019-10-11 22:00:23,403 : INFO : SwitchController : <<<<<<< 's_spinner' active >>>>>>>
2019-10-11 22:00:23,435 : INFO : SwitchController : <<<<<<< 's_spinner' inactive >>>>>>>
2019-10-11 22:00:23,515 : INFO : SwitchController : <<<<<<< 's_spinner' active >>>>>>>
2019-10-11 22:00:23,547 : INFO : SwitchController : <<<<<<< 's_spinner' inactive >>>>>>>
2019-10-11 22:00:23,643 : INFO : SwitchController : <<<<<<< 's_spinner' active >>>>>>>
2019-10-11 22:00:23,675 : INFO : SwitchController : <<<<<<< 's_spinner' inactive >>>>>>>
2019-10-11 22:00:23,786 : INFO : SwitchController : <<<<<<< 's_spinner' active >>>>>>>
2019-10-11 22:00:23,818 : INFO : Mode.pichu : Stopped.
2019-10-11 22:00:23,822 : INFO : Mode.evolve_pichu : Started. Priority: 101
2019-10-11 22:00:23,834 : INFO : SwitchController : <<<<<<< 's_spinner' inactive >>>>>>>
2019-10-11 22:00:23,947 : INFO : SwitchController : <<<<<<< 's_spinner' active >>>>>>>
2019-10-11 22:00:24,011 : INFO : SwitchController : <<<<<<< 's_spinner' inactive >>>>>>>
2019-10-11 22:00:24,155 : INFO : SwitchController : <<<<<<< 's_spinner' active >>>>>>>
2019-10-11 22:00:24,235 : INFO : SwitchController : <<<<<<< 's_spinner' inactive >>>>>>>
2019-10-11 22:00:24,443 : INFO : SwitchController : <<<<<<< 's_spinner' active >>>>>>>
2019-10-11 22:00:24,523 : INFO : SwitchController : <<<<<<< 's_spinner' inactive >>>>>>>
2019-10-11 22:00:28,059 : INFO : SwitchController : <<<<<<< 's_saucer' active >>>>>>>
2019-10-11 22:00:28,097 : INFO : Mode.evolve_pichu : Stopped.
2019-10-11 22:00:28,100 : INFO : Mode.pikachu : Started. Priority: 125
2019-10-11 22:00:28,547 : DEBUG : ball_device.bd_trough : Counted 0 balls. Active switches: []. Old: 0
2019-10-11 22:00:28,556 : INFO : ball_device.bd_saucer : Ejecting ball to <playfield.playfield>
2019-10-11 22:00:28,560 : INFO : coil.c_saucer : Pulsing Driver for 60ms (1.0 pulse_power)
2019-10-11 22:00:28,603 : INFO : SwitchController : <<<<<<< 's_saucer' inactive >>>>>>>
2019-10-11 22:00:30,107 : INFO : SwitchController : <<<<<<< 's_pop_right' active >>>>>>>
2019-10-11 22:00:30,130 : INFO : SwitchController : <<<<<<< 's_pop_right' inactive >>>>>>>
2019-10-11 22:00:31,371 : INFO : SwitchController : <<<<<<< 's_pop_right' active >>>>>>>
2019-10-11 22:00:31,394 : INFO : SwitchController : <<<<<<< 's_pop_right' inactive >>>>>>>
2019-10-11 22:00:31,412 : INFO : SwitchController : <<<<<<< 's_pop_right' active >>>>>>>
2019-10-11 22:00:31,429 : INFO : SwitchController : <<<<<<< 's_pop_right' inactive >>>>>>>
2019-10-11 22:00:33,019 : INFO : SwitchController : <<<<<<< 's_pop_right' active >>>>>>>
2019-10-11 22:00:33,038 : INFO : SwitchController : <<<<<<< 's_pop_right' inactive >>>>>>>
2019-10-11 22:00:33,053 : INFO : SwitchController : <<<<<<< 's_pop_right' active >>>>>>>
2019-10-11 22:00:33,071 : INFO : SwitchController : <<<<<<< 's_pop_right' inactive >>>>>>>
2019-10-11 22:00:33,096 : INFO : SwitchController : <<<<<<< 's_pop_right' active >>>>>>>
2019-10-11 22:00:33,114 : INFO : SwitchController : <<<<<<< 's_pop_right' inactive >>>>>>>
2019-10-11 22:00:33,130 : INFO : SwitchController : <<<<<<< 's_pop_right' active >>>>>>>
2019-10-11 22:00:33,147 : INFO : SwitchController : <<<<<<< 's_pop_right' inactive >>>>>>>
2019-10-11 22:00:35,642 : INFO : SwitchController : <<<<<<< 's_flipper_left' active >>>>>>>
2019-10-11 22:00:35,850 : INFO : SwitchController : <<<<<<< 's_sling_left' active >>>>>>>
2019-10-11 22:00:35,871 : INFO : SwitchController : <<<<<<< 's_sling_left' inactive >>>>>>>
2019-10-11 22:00:36,106 : INFO : SwitchController : <<<<<<< 's_flipper_right' active >>>>>>>
2019-10-11 22:00:36,125 : INFO : SwitchController : <<<<<<< 's_flipper_left' inactive >>>>>>>
2019-10-11 22:00:36,523 : INFO : SwitchController : <<<<<<< 's_flipper_right' inactive >>>>>>>
2019-10-11 22:00:36,874 : INFO : SwitchController : <<<<<<< 's_flipper_right' active >>>>>>>
2019-10-11 22:00:36,987 : INFO : SwitchController : <<<<<<< 's_flipper_right' inactive >>>>>>>
2019-10-11 22:00:38,347 : INFO : SwitchController : <<<<<<< 's_sling_right' active >>>>>>>
2019-10-11 22:00:38,365 : INFO : SwitchController : <<<<<<< 's_sling_right' inactive >>>>>>>
2019-10-11 22:00:38,385 : INFO : SwitchController : <<<<<<< 's_flipper_right' active >>>>>>>
2019-10-11 22:00:38,602 : INFO : SwitchController : <<<<<<< 's_flipper_left' active >>>>>>>
2019-10-11 22:00:38,619 : INFO : SwitchController : <<<<<<< 's_flipper_right' inactive >>>>>>>
2019-10-11 22:00:39,354 : INFO : SwitchController : <<<<<<< 's_flipper_left' inactive >>>>>>>
2019-10-11 22:00:39,850 : INFO : SwitchController : <<<<<<< 's_flipper_right' active >>>>>>>
2019-10-11 22:00:39,930 : INFO : SwitchController : <<<<<<< 's_flipper_right' inactive >>>>>>>
2019-10-11 22:00:40,923 : INFO : SwitchController : <<<<<<< 's_sling_right' active >>>>>>>
2019-10-11 22:00:40,942 : INFO : SwitchController : <<<<<<< 's_flipper_right' active >>>>>>>
2019-10-11 22:00:40,965 : INFO : SwitchController : <<<<<<< 's_sling_right' inactive >>>>>>>
2019-10-11 22:00:41,146 : INFO : SwitchController : <<<<<<< 's_flipper_right' inactive >>>>>>>
2019-10-11 22:00:41,164 : INFO : SwitchController : <<<<<<< 's_flipper_left' active >>>>>>>
2019-10-11 22:00:41,322 : INFO : SwitchController : <<<<<<< 's_flipper_left' inactive >>>>>>>
2019-10-11 22:00:42,026 : INFO : SwitchController : <<<<<<< 's_sling_right' active >>>>>>>
2019-10-11 22:00:42,049 : INFO : SwitchController : <<<<<<< 's_sling_right' inactive >>>>>>>
2019-10-11 22:00:43,738 : INFO : SwitchController : <<<<<<< 's_flipper_left' active >>>>>>>
2019-10-11 22:00:44,139 : INFO : SwitchController : <<<<<<< 's_flipper_left' inactive >>>>>>>
2019-10-11 22:00:44,266 : INFO : SwitchController : <<<<<<< 's_flipper_right' active >>>>>>>
2019-10-11 22:00:44,330 : INFO : SwitchController : <<<<<<< 's_flipper_right' inactive >>>>>>>
2019-10-11 22:00:45,387 : INFO : SwitchController : <<<<<<< 's_sling_right' active >>>>>>>
2019-10-11 22:00:45,406 : INFO : SwitchController : <<<<<<< 's_sling_right' inactive >>>>>>>
2019-10-11 22:00:45,427 : INFO : SwitchController : <<<<<<< 's_flipper_right' active >>>>>>>
2019-10-11 22:00:45,578 : INFO : SwitchController : <<<<<<< 's_sling_left' active >>>>>>>
2019-10-11 22:00:45,595 : INFO : SwitchController : <<<<<<< 's_flipper_right' inactive >>>>>>>
2019-10-11 22:00:45,617 : INFO : SwitchController : <<<<<<< 's_sling_left' inactive >>>>>>>
2019-10-11 22:00:45,636 : INFO : SwitchController : <<<<<<< 's_flipper_left' active >>>>>>>
2019-10-11 22:00:45,754 : INFO : SwitchController : <<<<<<< 's_sling_right' active >>>>>>>
2019-10-11 22:00:45,776 : INFO : SwitchController : <<<<<<< 's_sling_right' inactive >>>>>>>
2019-10-11 22:00:45,818 : INFO : SwitchController : <<<<<<< 's_flipper_left' inactive >>>>>>>
2019-10-11 22:00:47,546 : INFO : SwitchController : <<<<<<< 's_flipper_left' active >>>>>>>
2019-10-11 22:00:47,642 : INFO : SwitchController : <<<<<<< 's_flipper_left' inactive >>>>>>>
2019-10-11 22:00:47,850 : INFO : SwitchController : <<<<<<< 's_drop_left' active >>>>>>>
2019-10-11 22:00:51,914 : INFO : SwitchController : <<<<<<< 's_drain' active >>>>>>>
2019-10-11 22:00:51,933 : INFO : SwitchController : <<<<<<< 's_drain' inactive >>>>>>>
2019-10-11 22:00:51,978 : INFO : SwitchController : <<<<<<< 's_drain' active >>>>>>>
2019-10-11 22:00:51,995 : INFO : SwitchController : <<<<<<< 's_drain' inactive >>>>>>>
2019-10-11 22:00:52,012 : INFO : SwitchController : <<<<<<< 's_drain' active >>>>>>>
2019-10-11 22:00:52,203 : INFO : SwitchController : <<<<<<< 's_drain' inactive >>>>>>>
2019-10-11 22:00:52,330 : INFO : SwitchController : <<<<<<< 's_drain' active >>>>>>>
2019-10-11 22:00:52,347 : INFO : SwitchController : <<<<<<< 's_drain' inactive >>>>>>>
2019-10-11 22:00:52,364 : INFO : SwitchController : <<<<<<< 's_drain' active >>>>>>>
2019-10-11 22:00:52,381 : INFO : SwitchController : <<<<<<< 's_drain' inactive >>>>>>>
2019-10-11 22:00:52,410 : INFO : SwitchController : <<<<<<< 's_drain' active >>>>>>>
2019-10-11 22:00:52,908 : DEBUG : ball_device.bd_trough : Counted 0 balls. Active switches: []. Old: 0
2019-10-11 22:00:52,920 : INFO : Mode.base : Stopped.
2019-10-11 22:00:52,922 : INFO : Mode.pikachu : Stopped.
2019-10-11 22:00:52,932 : DEBUG : ball_device.bd_trough : Ready to receive from <ball_device.bd_drain>. Free space 1 (Capacity: 1, Balls: 0), incoming_balls: 0
2019-10-11 22:00:52,933 : INFO : ball_device.bd_drain : Ejecting ball to <ball_device.bd_trough>
2019-10-11 22:00:52,938 : INFO : coil.c_drain : Pulsing Driver for 20ms (1.0 pulse_power)
2019-10-11 22:00:52,965 : INFO : Mode.base : Started. Priority: 31
2019-10-11 22:00:52,968 : INFO : coil.c_drop_reset : Enabling Driver for 400ms (1.0 pulse_power)
2019-10-11 22:00:52,976 : DEBUG : ball_device.bd_trough : Adding eject chain
2019-10-11 22:00:52,980 : DEBUG : ball_device.bd_trough : Got eject request
2019-10-11 22:00:52,983 : DEBUG : ball_device.bd_trough : BCH: Counting. New count: 0 Old count: 0
2019-10-11 22:00:52,986 : DEBUG : ball_device.bd_trough : State: waiting_for_ball
2019-10-11 22:00:52,989 : DEBUG : ball_device.bd_trough : No ball found. Waiting for balls.
2019-10-11 22:00:52,990 : INFO : SwitchController : <<<<<<< 's_drain' inactive >>>>>>>
2019-10-11 22:00:53,015 : DEBUG : ball_device.bd_trough : Adding incoming ball from <ball_device.bd_drain>
2019-10-11 22:00:53,019 : INFO : SwitchController : <<<<<<< 's_drop_left' inactive >>>>>>>
2019-10-11 22:00:53,037 : INFO : SwitchController : <<<<<<< 's_drop_center' inactive >>>>>>>
2019-10-11 22:00:53,353 : INFO : SwitchController : <<<<<<< 's_trough' active >>>>>>>
2019-10-11 22:00:53,372 : INFO : coil.c_drop_reset : Disabling Driver
2019-10-11 22:00:53,386 : INFO : SwitchController : <<<<<<< 's_trough' inactive >>>>>>>
2019-10-11 22:00:53,578 : INFO : SwitchController : <<<<<<< 's_trough' active >>>>>>>
2019-10-11 22:00:54,076 : DEBUG : ball_device.bd_trough : Counted 1 balls. Active switches: ['s_trough']. Old: 0
2019-10-11 22:00:54,079 : DEBUG : ball_device.bd_trough : BCH: Found 1 new balls
2019-10-11 22:00:54,079 : DEBUG : ball_device.bd_trough : Received ball from <ball_device.bd_drain>
2019-10-11 22:00:54,080 : DEBUG : ball_device.bd_trough : Removing incoming ball from <ball_device.bd_drain>
2019-10-11 22:00:54,080 : DEBUG : ball_device.bd_trough : Processing new ball
2019-10-11 22:00:54,082 : DEBUG : ball_device.bd_trough : BCH: Counting. New count: 1 Old count: 1
2019-10-11 22:00:54,085 : DEBUG : ball_device.bd_trough : A ball arrived. Progressing.
2019-10-11 22:00:54,089 : DEBUG : ball_device.bd_trough : State: waiting_for_target_ready
2019-10-11 22:00:54,092 : DEBUG : ball_device.bd_trough : State: ejecting
2019-10-11 22:00:54,093 : INFO : ball_device.bd_trough : Ejecting ball to <ball_device.bd_plunger>
2019-10-11 22:00:54,095 : DEBUG : ball_device.bd_trough : Entered eject mode.
2019-10-11 22:00:54,098 : DEBUG : ball_device.bd_trough : Wait for ball to leave device
2019-10-11 22:00:54,099 : INFO : coil.c_trough : Pulsing Driver for 7ms (1.0 pulse_power)
2019-10-11 22:00:54,099 : DEBUG : ball_device.bd_trough : Firing eject coil. Current balls: 1.
2019-10-11 22:00:54,138 : INFO : SwitchController : <<<<<<< 's_trough' inactive >>>>>>>
2019-10-11 22:00:54,156 : DEBUG : ball_device.bd_trough : Got ball left during eject
2019-10-11 22:00:54,157 : DEBUG : ball_device.bd_trough : Switch 's_trough' changed too recently. Aborting count!
2019-10-11 22:00:54,158 : DEBUG : ball_device.bd_trough : State: ball_left
2019-10-11 22:00:54,159 : DEBUG : ball_device.bd_trough : Ball left
2019-10-11 22:00:54,159 : DEBUG : ball_device.bd_trough : Wait for confirm with timeout 10.0
2019-10-11 22:00:54,638 : DEBUG : ball_device.bd_trough : Counted 0 balls. Active switches: []. Old: 0
2019-10-11 22:00:56,698 : INFO : SwitchController : <<<<<<< 's_flipper_right' active >>>>>>>
2019-10-11 22:00:56,810 : INFO : SwitchController : <<<<<<< 's_flipper_right' inactive >>>>>>>
2019-10-11 22:00:56,922 : INFO : SwitchController : <<<<<<< 's_flipper_right' active >>>>>>>
2019-10-11 22:00:56,985 : INFO : SwitchController : <<<<<<< 's_flipper_right' inactive >>>>>>>
2019-10-11 22:00:57,097 : INFO : SwitchController : <<<<<<< 's_flipper_right' active >>>>>>>
2019-10-11 22:00:57,129 : INFO : SwitchController : <<<<<<< 's_flipper_right' inactive >>>>>>>
2019-10-11 22:01:00,857 : INFO : SwitchController : <<<<<<< 's_flipper_left' active >>>>>>>
2019-10-11 22:01:00,876 : INFO : SwitchController : <<<<<<< 's_flipper_left' inactive >>>>>>>
2019-10-11 22:01:04,139 : DEBUG : ball_device.bd_trough : State: failed_confirm
2019-10-11 22:01:04,139 : DEBUG : ball_device.bd_trough : Got timeout (10.0s) before confirm from <ball_device.bd_plunger>
2019-10-11 22:01:04,186 : INFO : Machine : Shutting down...
2019-10-11 22:01:04,217 : DEBUG : ball_device.bd_trough : Stopping ball device
2019-10-11 22:01:04,233 : ERROR : FAST : Stop called on serial connection com4
2019-10-11 22:01:04,233 : ERROR : FAST : Stop called on serial connection com5
2019-10-11 22:01:04,468 : INFO : root : MPF run loop ended.
