2019-09-23 18:08:05,805 : kivy : Factory: 194 symbols loaded
2019-09-23 18:08:06,947 : kivy : Image: Providers: img_tex, img_dds, img_sdl2, img_pil, img_gif (img_ffpyplayer ignored)
2019-09-23 18:08:07,993 : kivy : VideoGstplayer: Using Gstreamer 1.10.2.0
2019-09-23 18:08:07,993 : kivy : Video: Provider: gstplayer
2019-09-23 18:08:08,697 : kivy : Loading MPF-MC controller
2019-09-23 18:08:08,697 : mpfmc : Mission Pinball Framework Media Controller v0.50.8
2019-09-23 18:08:08,697 : mpfmc : Mission Pinball Framework Game Engine v0.50.17
2019-09-23 18:08:08,697 : mpfmc : Machine path: D:\POKEMON
2019-09-23 18:08:08,712 : ConfigProcessor : Config file in cache changed: D:\POKEMON\config\config
2019-09-23 18:08:10,212 : ConfigProcessor : Loading config from file c:\python34\lib\site-packages\mpfmc\mcconfig.yaml.
2019-09-23 18:08:10,415 : ConfigProcessor : Loading config: c:\python34\lib\site-packages\mpfmc\mcconfig.yaml
2019-09-23 18:08:10,415 : ConfigProcessor : Loading config from file D:\POKEMON\config\config.
2019-09-23 18:08:10,572 : ConfigProcessor : Loading config: D:\POKEMON\config\config
2019-09-23 18:08:10,587 : ConfigProcessor : Config file cache created: C:\Users\MISSIO~1\AppData\Local\Temp\42582fcba572e096272241837be67618.mpf_cache
2019-09-23 18:08:10,603 : mpfmc : Starting clock at 60.0Hz
2019-09-23 18:08:10,884 : kivy : Text: Provider: sdl2
2019-09-23 18:08:12,712 : kivy : OSC: using <thread> for socket
2019-09-23 18:08:12,743 : kivy : Window: Provider: sdl2
2019-09-23 18:08:13,401 : kivy : GL: Using the "OpenGL" graphics system
2019-09-23 18:08:13,411 : kivy : GL: GLEW initialization succeeded
2019-09-23 18:08:13,413 : kivy : GL: Backend used <glew>
2019-09-23 18:08:13,415 : kivy : GL: OpenGL version <b'4.4.0 - Build 20.19.15.4835'>
2019-09-23 18:08:13,416 : kivy : GL: OpenGL vendor <b'Intel'>
2019-09-23 18:08:13,416 : kivy : GL: OpenGL renderer <b'Intel(R) HD Graphics'>
2019-09-23 18:08:13,416 : kivy : GL: OpenGL parsed version: 4, 4
2019-09-23 18:08:13,417 : kivy : GL: Shading version <b'4.40 - Build 20.19.15.4835'>
2019-09-23 18:08:13,418 : kivy : GL: Texture max size <16384>
2019-09-23 18:08:13,419 : kivy : GL: Texture max units <32>
2019-09-23 18:08:13,496 : kivy : Shader: fragment shader: <b"WARNING: 0:7: '' :  #version directive missing">
2019-09-23 18:08:13,498 : kivy : Shader: vertex shader: <b"WARNING: 0:7: '' :  #version directive missing">
2019-09-23 18:08:13,550 : kivy : Window: auto add sdl2 input provider
2019-09-23 18:08:13,552 : kivy : Window: virtual keyboard not allowed, single mode, not docked
2019-09-23 18:08:13,616 : SoundSystem : SoundSystem: Using default 'sound_system' settings
2019-09-23 18:08:20,703 : AudioInterface : Initialized
2019-09-23 18:08:20,706 : SoundSystem : No audio tracks are specified in your machine config file. a track named 'default' has been created.
2019-09-23 18:08:20,719 : kivy : Base: Start application main loop
2019-09-23 18:08:20,808 : mpfmc : Display: Setting 'window' as default display
2019-09-23 18:08:20,997 : ConfigProcessor : Loading config from cache: C:\Users\MISSIO~1\AppData\Local\Temp\01c5ea7020f20fc8cd2609416c749c9a.mpf_cache
2019-09-23 18:08:21,016 : ConfigProcessor : Loading config from cache: C:\Users\MISSIO~1\AppData\Local\Temp\3468305e031c5bbf036e7bdff3037650.mpf_cache
2019-09-23 18:08:21,032 : ConfigProcessor : Loading config from cache: C:\Users\MISSIO~1\AppData\Local\Temp\c8c985d122de6339937b15f5cde5ffe7.mpf_cache
2019-09-23 18:08:21,035 : ConfigProcessor : Loading config from cache: C:\Users\MISSIO~1\AppData\Local\Temp\10f8871b1481fbf59bf30d5b3d29537e.mpf_cache
2019-09-23 18:08:21,041 : MPF-MC BCP Server : Starting up on localhost port 5050
2019-09-23 18:08:21,068 : MPF-MC BCP Server : Waiting for a connection...
2019-09-23 18:08:21,069 : mpfmc : SlidePlayer: Play called with settings={'slides': {'welcome_slide': {'action': 'play', 'show': True, 'priority': None, 'background_color': [0.0, 0.0, 0.0, 1.0], 'force': False, 'transition': None, 'target': None, 'slide': None, 'expire': None, 'transition_out': None}}}
2019-09-23 18:08:21,385 : kivy : GL: NPOT texture support is available
2019-09-23 18:08:21,570 : MPF-MC BCP Server : Received connection from: 127.0.0.1:51249
2019-09-23 18:08:21,618 : BcpProcessor : Received invalid BCP command: mode_list
2019-09-23 18:08:21,764 : mpfmc : SlidePlayer: Play called with settings={'slides': {'welcome_slide': {'action': 'play', 'show': True, 'priority': None, 'background_color': [0.0, 0.0, 0.0, 1.0], 'force': False, 'transition': None, 'target': None, 'slide': None, 'expire': None, 'transition_out': None}}}
2019-09-23 18:08:21,819 : mpfmc : SlidePlayer: Play called with settings={'slides': {'attract_started': {'action': 'play', 'show': True, 'priority': None, 'background_color': [0.0, 0.0, 0.0, 1.0], 'force': False, 'transition': None, 'target': None, 'slide': None, 'expire': None, 'transition_out': None}}}
2019-09-23 18:10:25,938 : mpfmc : SlidePlayer: Play called with settings={'slides': {'attract_started': {'action': 'play', 'show': True, 'priority': None, 'background_color': [0.0, 0.0, 0.0, 1.0], 'force': False, 'transition': None, 'target': None, 'slide': None, 'expire': None, 'transition_out': None}}}
2019-09-23 18:10:28,235 : kivy : Base: Leaving application in progress...
2019-09-23 18:10:28,511 : mpfmc : Stopping...
2019-09-23 18:10:28,511 : mpfmc : Loop rate 81.03 Hz
2019-09-23 18:10:28,511 : kivy : MC run loop ended.
2019-09-23 18:10:28,511 : kivy : Stopping child threads... (3 remaining)
2019-09-23 18:10:28,855 : MPF-MC BCP Server : Stopping BCP sending thread
2019-09-23 18:10:28,855 : mpfmc : Stopping...
2019-09-23 18:10:28,855 : mpfmc : Loop rate 80.81 Hz
2019-09-23 18:10:29,058 : kivy : All child threads stopped.
