2019-05-29 20:42:25,876 : INFO : Machine : Mission Pinball Framework Core Engine v0.50.17
2019-05-29 20:42:25,876 : INFO : Machine : Command line arguments: {'force_platform': None, 'pause': False, 'text_ui': True, 'consoleloglevel': 20, 'logfile': 'logs\\2019-05-29-20-42-25-mpf-DESKTOP-I5I6D25.log', 'create_config_cache': True, 'no_load_cache': False, 'mc_file_name': None, 'bcp': True, 'loglevel': 15, 'force_assets_load': False, 'syslog_address': None, 'mpfconfigfile': 'c:\\python34\\lib\\site-packages\\mpf\\mpfconfig.yaml', 'configfile': ['config.yaml'], 'production': False}
2019-05-29 20:42:25,876 : INFO : Machine : MPF path: c:\python34\lib\site-packages\mpf
2019-05-29 20:42:25,876 : INFO : Machine : Machine path: D:\POKEMON
2019-05-29 20:42:25,876 : INFO : Machine : Platform: win32
2019-05-29 20:42:25,876 : INFO : Machine : Python executable location: c:\python34\python.exe
2019-05-29 20:42:25,876 : INFO : Machine : Python version: 3.4.4 (64-bit)
2019-05-29 20:42:27,423 : INFO : Machine : Machine config file #1: config.yaml
2019-05-29 20:42:27,423 : INFO : ConfigProcessor : Loading config from cache: C:\Users\MISSIO~1\AppData\Local\Temp\d99dba3f33c3bdd270e8cf6c1a53f44e.mpf_cache
2019-05-29 20:42:27,454 : INFO : Machine : Initialise MPF.
2019-05-29 20:42:28,157 : INFO : FAST : Connecting to com4 at 921600bps
2019-05-29 20:42:28,204 : INFO : FAST : Connected! Processor: NET, Board Type: FP-CPU-002-2, Firmware: 01.01
2019-05-29 20:42:28,204 : WARNING : FAST : Not resetting FAST NET because firmware is currently broken.
2019-05-29 20:42:28,282 : INFO : FAST : Connecting to com5 at 921600bps
2019-05-29 20:42:28,313 : INFO : FAST : Connected! Processor: RGB, Board Type: FP-CPU-002-2, Firmware: 01.00
2019-05-29 20:42:28,688 : INFO : ConfigProcessor : Loading config from cache: C:\Users\MISSIO~1\AppData\Local\Temp\c8c985d122de6339937b15f5cde5ffe7.mpf_cache
2019-05-29 20:42:28,735 : INFO : ConfigProcessor : Loading config from cache: C:\Users\MISSIO~1\AppData\Local\Temp\10f8871b1481fbf59bf30d5b3d29537e.mpf_cache
2019-05-29 20:42:28,751 : WARNING : ConfigProcessor : Config file in cache changed: D:\POKEMON\modes\pichu\config\pichu.yaml
2019-05-29 20:42:28,751 : INFO : ConfigProcessor : Loading config from file D:\POKEMON\modes\pichu\config\pichu.yaml.
2019-05-29 20:42:28,829 : INFO : ConfigProcessor : Loading config: D:\POKEMON\modes\pichu\config\pichu.yaml
2019-05-29 20:42:28,829 : INFO : ConfigProcessor : Config file cache created: C:\Users\MISSIO~1\AppData\Local\Temp\01c5ea7020f20fc8cd2609416c749c9a.mpf_cache
2019-05-29 20:42:28,876 : DEBUG : coil.c_trough : Configuring device with settings: '{'console_log': 'full', 'number': '1-1', 'default_pulse_ms': 7, 'label': '%', 'disable_events': {}, 'platform': None, 'max_hold_power': None, 'psu': <psu.default>, 'debug': True, 'default_recycle': False, 'pulse_events': {}, 'tags': [], 'allow_enable': False, 'platform_settings': {}, 'enable_events': {}, 'default_hold_power': None, 'default_pulse_power': None, 'file_log': 'full', 'max_pulse_power': 1.0, 'max_pulse_ms': None}'
2019-05-29 20:42:28,876 : DEBUG : coil.c_trough : Configuring device with settings: '{'console_log': 'full', 'number': '1-1', 'default_pulse_ms': 7, 'label': '%', 'disable_events': {}, 'platform': None, 'max_hold_power': None, 'psu': <psu.default>, 'debug': True, 'default_recycle': False, 'pulse_events': {}, 'tags': [], 'allow_enable': False, 'platform_settings': {'recycle_ms': None, 'connection': 'auto'}, 'enable_events': {}, 'default_hold_power': None, 'default_pulse_power': None, 'file_log': 'full', 'max_pulse_power': 1.0, 'max_pulse_ms': None}'
2019-05-29 20:42:28,907 : DEBUG : ball_device.bd_trough : Configuring device with settings: '{'console_log': 'full', 'eject_coil_reorder_pulse': None, 'player_controlled_eject_event': None, 'eject_coil_retry_pulse': None, 'captures_from': <playfield.playfield>, 'hold_events': {}, 'entrance_event_timeout': 5.0, 'hold_coil_release_time': 1000, 'eject_timeouts': [], 'eject_all_events': {}, 'entrance_switch': None, 'eject_coil_jam_pulse': None, 'max_eject_attempts': 0, 'eject_events': {}, 'eject_targets': [<ball_device.bd_plunger>], 'jam_switch': None, 'eject_coil_max_wait_ms': 200, 'exit_count_delay': 500, 'entrance_switch_full_timeout': 0, 'hold_switches': [], 'entrance_events': {}, 'eject_coil_enable_time': [], 'entrance_count_delay': 500, 'ball_search_order': 200, 'tags': ['home', 'trough'], 'ball_missing_timeouts': [], 'retries_before_increasing_pulse': 4, 'ball_capacity': None, 'confirm_eject_type': 'target', 'target_on_unexpected_ball': None, 'request_ball_events': [], 'debug': True, 'label': '%', 'confirm_eject_switch': None, 'hold_coil': None, 'ball_switches': [<switch.s_trough>], 'eject_coil': <coil.c_trough>, 'mechanical_eject': False, 'ball_missing_target': <playfield.playfield>, 'file_log': 'full', 'auto_fire_on_unexpected_ball': True, 'confirm_eject_event': None, 'idle_missing_ball_timeout': 5.0}'
2019-05-29 20:42:28,954 : INFO : SwitchController : Found active switch: s_trough
2019-05-29 20:42:29,063 : INFO : BCPClientSocket.local_display : Connecting BCP to 'local_display' at localhost:5050...
2019-05-29 20:42:30,063 : WARNING : FAST : Port com4 was blocked for more than 1s. Reseting send queue! If this happens frequently report a bug!
2019-05-29 20:42:31,063 : WARNING : FAST : Port com4 was blocked for more than 1s. Reseting send queue! If this happens frequently report a bug!
2019-05-29 20:42:32,302 : WARNING : FAST : Port com4 was blocked for more than 1s. Reseting send queue! If this happens frequently report a bug!
2019-05-29 20:42:34,328 : INFO : BCPClientSocket.local_display : Connected BCP to 'local_display' localhost:5050
2019-05-29 20:42:34,392 : DEBUG : ball_device.bd_trough : Counted 1 balls. Active switches: ['s_trough']. Old: None
2019-05-29 20:42:34,395 : DEBUG : ball_device.bd_trough : State: idle
2019-05-29 20:42:34,395 : DEBUG : ball_device.bd_trough : Waiting for eject request.
2019-05-29 20:42:34,468 : DEBUG : ball_device.bd_trough : Counted 1 balls. Active switches: ['s_trough']. Old: 1
2019-05-29 20:42:34,487 : WARNING : FAST : Port NET received more messages than were sent! Resetting!
2019-05-29 20:42:34,487 : WARNING : FAST : Port NET received more messages than were sent! Resetting!
2019-05-29 20:42:34,488 : WARNING : FAST : Port NET received more messages than were sent! Resetting!
2019-05-29 20:42:34,488 : WARNING : FAST : Port NET received more messages than were sent! Resetting!
2019-05-29 20:42:34,488 : WARNING : FAST : Port NET received more messages than were sent! Resetting!
2019-05-29 20:42:34,488 : WARNING : FAST : Port NET received more messages than were sent! Resetting!
2019-05-29 20:42:34,489 : WARNING : FAST : Port NET received more messages than were sent! Resetting!
2019-05-29 20:42:34,489 : WARNING : FAST : Port NET received more messages than were sent! Resetting!
2019-05-29 20:42:34,489 : WARNING : FAST : Port NET received more messages than were sent! Resetting!
2019-05-29 20:42:34,489 : WARNING : FAST : Port NET received more messages than were sent! Resetting!
2019-05-29 20:42:34,490 : WARNING : FAST : Port NET received more messages than were sent! Resetting!
2019-05-29 20:42:34,490 : WARNING : FAST : Port NET received more messages than were sent! Resetting!
2019-05-29 20:42:34,490 : WARNING : FAST : Port NET received more messages than were sent! Resetting!
2019-05-29 20:42:34,491 : WARNING : FAST : Port NET received more messages than were sent! Resetting!
2019-05-29 20:42:34,491 : WARNING : FAST : Port NET received more messages than were sent! Resetting!
2019-05-29 20:42:34,491 : WARNING : FAST : Port NET received more messages than were sent! Resetting!
2019-05-29 20:42:34,491 : WARNING : FAST : Port NET received more messages than were sent! Resetting!
2019-05-29 20:42:34,492 : WARNING : FAST : Port NET received more messages than were sent! Resetting!
2019-05-29 20:42:34,492 : WARNING : FAST : Port NET received more messages than were sent! Resetting!
2019-05-29 20:42:34,492 : WARNING : FAST : Port NET received more messages than were sent! Resetting!
2019-05-29 20:42:34,492 : WARNING : FAST : Port NET received more messages than were sent! Resetting!
2019-05-29 20:42:34,493 : WARNING : FAST : Port NET received more messages than were sent! Resetting!
2019-05-29 20:42:34,494 : WARNING : FAST : Port NET received more messages than were sent! Resetting!
2019-05-29 20:42:34,495 : WARNING : FAST : Port NET received more messages than were sent! Resetting!
2019-05-29 20:42:34,496 : WARNING : FAST : Port NET received more messages than were sent! Resetting!
2019-05-29 20:42:34,497 : WARNING : FAST : Port NET received more messages than were sent! Resetting!
2019-05-29 20:42:34,497 : WARNING : FAST : Port NET received more messages than were sent! Resetting!
2019-05-29 20:42:34,498 : WARNING : FAST : Port NET received more messages than were sent! Resetting!
2019-05-29 20:42:34,499 : WARNING : FAST : Port NET received more messages than were sent! Resetting!
2019-05-29 20:42:34,500 : WARNING : FAST : Port NET received more messages than were sent! Resetting!
2019-05-29 20:42:34,500 : WARNING : FAST : Port NET received more messages than were sent! Resetting!
2019-05-29 20:42:34,501 : WARNING : FAST : Port NET received more messages than were sent! Resetting!
2019-05-29 20:42:34,502 : WARNING : FAST : Port NET received more messages than were sent! Resetting!
2019-05-29 20:42:34,536 : INFO : coil.c_drop_reset : Pulsing Driver for 200ms (1.0 pulse_power)
2019-05-29 20:42:34,542 : INFO : Mode.attract : Started. Priority: 10
2019-05-29 20:42:34,549 : INFO : Machine : Starting the main run loop.
2019-05-29 20:42:45,073 : INFO : SwitchController : <<<<<<< 's_start' active >>>>>>>
2019-05-29 20:42:45,168 : INFO : SwitchController : <<<<<<< 's_start' inactive >>>>>>>
2019-05-29 20:42:45,187 : INFO : Mode.attract : Stopped.
2019-05-29 20:42:45,189 : INFO : Mode.game : Started. Priority: 20
2019-05-29 20:42:45,197 : INFO : Mode.game : Player added successfully. Total players: 1
2019-05-29 20:42:45,221 : INFO : coil.c_drop_reset : Pulsing Driver for 200ms (1.0 pulse_power)
2019-05-29 20:42:45,223 : INFO : Mode.pichu : Started. Priority: 100
2019-05-29 20:42:45,234 : DEBUG : ball_device.bd_trough : Adding eject chain
2019-05-29 20:42:45,237 : DEBUG : ball_device.bd_trough : Got eject request
2019-05-29 20:42:45,240 : DEBUG : ball_device.bd_trough : BCH: Counting. New count: 1 Old count: 1
2019-05-29 20:42:45,243 : DEBUG : ball_device.bd_trough : State: waiting_for_target_ready
2019-05-29 20:42:45,246 : DEBUG : ball_device.bd_trough : State: ejecting
2019-05-29 20:42:45,247 : INFO : ball_device.bd_trough : Ejecting ball to <ball_device.bd_plunger>
2019-05-29 20:42:45,251 : DEBUG : ball_device.bd_trough : Entered eject mode.
2019-05-29 20:42:45,254 : DEBUG : ball_device.bd_trough : Wait for ball to leave device
2019-05-29 20:42:45,255 : DEBUG : coil.c_trough : Delaying pulse by 163.00000000046566ms pulse_ms: 7ms (1.0 pulse_power)
2019-05-29 20:42:45,255 : DEBUG : ball_device.bd_trough : Firing eject coil. Current balls: 1.
2019-05-29 20:42:45,412 : INFO : coil.c_trough : Pulsing Driver for 7ms (1.0 pulse_power)
2019-05-29 20:42:45,452 : INFO : SwitchController : <<<<<<< 's_trough' inactive >>>>>>>
2019-05-29 20:42:45,482 : DEBUG : ball_device.bd_trough : Got ball left during eject
2019-05-29 20:42:45,483 : DEBUG : ball_device.bd_trough : Switch 's_trough' changed too recently. Aborting count!
2019-05-29 20:42:45,485 : DEBUG : ball_device.bd_trough : State: ball_left
2019-05-29 20:42:45,486 : DEBUG : ball_device.bd_trough : Ball left
2019-05-29 20:42:45,486 : DEBUG : ball_device.bd_trough : Wait for confirm with timeout 10.0
2019-05-29 20:42:45,944 : DEBUG : ball_device.bd_trough : Counted 0 balls. Active switches: []. Old: 0
2019-05-29 20:42:55,475 : DEBUG : ball_device.bd_trough : State: failed_confirm
2019-05-29 20:42:55,476 : DEBUG : ball_device.bd_trough : Got timeout (10.0s) before confirm from <ball_device.bd_plunger>
2019-05-29 20:43:01,791 : INFO : SwitchController : <<<<<<< 's_spinner' active >>>>>>>
2019-05-29 20:43:01,816 : DEBUG : ball_device.bd_trough : Eject successful
2019-05-29 20:43:01,819 : DEBUG : ball_device.bd_trough : Exited eject mode. Eject success: True
2019-05-29 20:43:01,820 : DEBUG : ball_device.bd_trough : State: idle
2019-05-29 20:43:01,821 : DEBUG : ball_device.bd_trough : Waiting for eject request.
2019-05-29 20:43:01,823 : DEBUG : ball_device.bd_trough : BCH: Counting. New count: 0 Old count: 0
2019-05-29 20:43:01,827 : DEBUG : ball_device.bd_trough : BCH: Counting. New count: 0 Old count: 0
2019-05-29 20:43:01,855 : INFO : SwitchController : <<<<<<< 's_spinner' inactive >>>>>>>
2019-05-29 20:43:02,015 : INFO : SwitchController : <<<<<<< 's_spinner' active >>>>>>>
2019-05-29 20:43:02,176 : INFO : SwitchController : <<<<<<< 's_spinner' inactive >>>>>>>
2019-05-29 20:43:02,463 : INFO : SwitchController : <<<<<<< 's_flipper_right' active >>>>>>>
2019-05-29 20:43:02,721 : INFO : SwitchController : <<<<<<< 's_pop_top' active >>>>>>>
2019-05-29 20:43:02,748 : INFO : SwitchController : <<<<<<< 's_pop_top' inactive >>>>>>>
2019-05-29 20:43:02,765 : INFO : SwitchController : <<<<<<< 's_pop_top' active >>>>>>>
2019-05-29 20:43:02,782 : INFO : SwitchController : <<<<<<< 's_pop_top' inactive >>>>>>>
2019-05-29 20:43:02,801 : INFO : SwitchController : <<<<<<< 's_pop_top' active >>>>>>>
2019-05-29 20:43:02,818 : INFO : SwitchController : <<<<<<< 's_pop_top' inactive >>>>>>>
2019-05-29 20:43:03,135 : INFO : SwitchController : <<<<<<< 's_flipper_right' inactive >>>>>>>
2019-05-29 20:43:03,568 : INFO : SwitchController : <<<<<<< 's_flipper_left' active >>>>>>>
2019-05-29 20:43:04,031 : INFO : SwitchController : <<<<<<< 's_flipper_right' active >>>>>>>
2019-05-29 20:43:04,049 : INFO : SwitchController : <<<<<<< 's_flipper_left' inactive >>>>>>>
2019-05-29 20:43:04,175 : INFO : SwitchController : <<<<<<< 's_flipper_right' inactive >>>>>>>
2019-05-29 20:43:04,335 : INFO : SwitchController : <<<<<<< 's_pop_right' active >>>>>>>
2019-05-29 20:43:04,355 : INFO : SwitchController : <<<<<<< 's_pop_right' inactive >>>>>>>
2019-05-29 20:43:06,719 : INFO : SwitchController : <<<<<<< 's_flipper_right' active >>>>>>>
2019-05-29 20:43:06,959 : INFO : SwitchController : <<<<<<< 's_flipper_right' inactive >>>>>>>
2019-05-29 20:43:07,839 : INFO : SwitchController : <<<<<<< 's_flipper_right' active >>>>>>>
2019-05-29 20:43:07,919 : INFO : SwitchController : <<<<<<< 's_flipper_right' inactive >>>>>>>
2019-05-29 20:43:08,191 : INFO : SwitchController : <<<<<<< 's_gym' active >>>>>>>
2019-05-29 20:43:08,210 : INFO : SwitchController : <<<<<<< 's_gym' inactive >>>>>>>
2019-05-29 20:43:10,159 : INFO : SwitchController : <<<<<<< 's_flipper_left' active >>>>>>>
2019-05-29 20:43:10,462 : INFO : SwitchController : <<<<<<< 's_flipper_left' inactive >>>>>>>
2019-05-29 20:43:10,575 : INFO : SwitchController : <<<<<<< 's_flipper_left' active >>>>>>>
2019-05-29 20:43:10,671 : INFO : SwitchController : <<<<<<< 's_flipper_left' inactive >>>>>>>
2019-05-29 20:43:11,023 : INFO : SwitchController : <<<<<<< 's_pop_bottom' active >>>>>>>
2019-05-29 20:43:11,043 : INFO : SwitchController : <<<<<<< 's_pop_bottom' inactive >>>>>>>
2019-05-29 20:43:11,060 : INFO : SwitchController : <<<<<<< 's_pop_bottom' active >>>>>>>
2019-05-29 20:43:11,081 : INFO : SwitchController : <<<<<<< 's_pop_bottom' inactive >>>>>>>
2019-05-29 20:43:13,967 : INFO : SwitchController : <<<<<<< 's_spinner' active >>>>>>>
2019-05-29 20:43:14,015 : INFO : SwitchController : <<<<<<< 's_spinner' inactive >>>>>>>
2019-05-29 20:43:14,175 : INFO : SwitchController : <<<<<<< 's_spinner' active >>>>>>>
2019-05-29 20:43:14,270 : INFO : SwitchController : <<<<<<< 's_spinner' inactive >>>>>>>
2019-05-29 20:43:15,422 : INFO : SwitchController : <<<<<<< 's_flipper_left' active >>>>>>>
2019-05-29 20:43:15,567 : INFO : SwitchController : <<<<<<< 's_flipper_left' inactive >>>>>>>
2019-05-29 20:43:19,854 : INFO : SwitchController : <<<<<<< 's_saucer' active >>>>>>>
2019-05-29 20:43:20,357 : DEBUG : ball_device.bd_trough : Counted 0 balls. Active switches: []. Old: 0
2019-05-29 20:43:20,372 : INFO : ball_device.bd_saucer : Ejecting ball to <playfield.playfield>
2019-05-29 20:43:20,379 : INFO : coil.c_saucer : Pulsing Driver for 60ms (1.0 pulse_power)
2019-05-29 20:43:20,431 : INFO : SwitchController : <<<<<<< 's_saucer' inactive >>>>>>>
2019-05-29 20:43:21,870 : INFO : SwitchController : <<<<<<< 's_pop_right' active >>>>>>>
2019-05-29 20:43:21,887 : INFO : SwitchController : <<<<<<< 's_pop_right' inactive >>>>>>>
2019-05-29 20:43:22,654 : INFO : SwitchController : <<<<<<< 's_pop_right' active >>>>>>>
2019-05-29 20:43:22,671 : INFO : SwitchController : <<<<<<< 's_pop_right' inactive >>>>>>>
2019-05-29 20:43:25,215 : INFO : SwitchController : <<<<<<< 's_saucer' active >>>>>>>
2019-05-29 20:43:25,714 : DEBUG : ball_device.bd_trough : Counted 0 balls. Active switches: []. Old: 0
2019-05-29 20:43:25,726 : INFO : ball_device.bd_saucer : Ejecting ball to <playfield.playfield>
2019-05-29 20:43:25,731 : INFO : coil.c_saucer : Pulsing Driver for 60ms (1.0 pulse_power)
2019-05-29 20:43:25,774 : INFO : SwitchController : <<<<<<< 's_saucer' inactive >>>>>>>
2019-05-29 20:43:29,870 : INFO : SwitchController : <<<<<<< 's_flipper_left' active >>>>>>>
2019-05-29 20:43:30,654 : INFO : SwitchController : <<<<<<< 's_flipper_left' inactive >>>>>>>
2019-05-29 20:43:31,103 : INFO : SwitchController : <<<<<<< 's_flipper_left' active >>>>>>>
2019-05-29 20:43:31,183 : INFO : SwitchController : <<<<<<< 's_flipper_left' inactive >>>>>>>
2019-05-29 20:43:31,390 : INFO : SwitchController : <<<<<<< 's_drop_left' active >>>>>>>
2019-05-29 20:43:34,014 : INFO : SwitchController : <<<<<<< 's_flipper_right' active >>>>>>>
2019-05-29 20:43:35,038 : INFO : SwitchController : <<<<<<< 's_flipper_right' inactive >>>>>>>
2019-05-29 20:43:35,117 : INFO : SwitchController : <<<<<<< 's_flipper_right' active >>>>>>>
2019-05-29 20:43:35,229 : INFO : SwitchController : <<<<<<< 's_flipper_right' inactive >>>>>>>
2019-05-29 20:43:35,598 : INFO : SwitchController : <<<<<<< 's_spinner' active >>>>>>>
2019-05-29 20:43:35,649 : INFO : SwitchController : <<<<<<< 's_spinner' inactive >>>>>>>
2019-05-29 20:43:35,726 : INFO : SwitchController : <<<<<<< 's_spinner' active >>>>>>>
2019-05-29 20:43:35,763 : INFO : SwitchController : <<<<<<< 's_spinner' inactive >>>>>>>
2019-05-29 20:43:35,853 : INFO : SwitchController : <<<<<<< 's_spinner' active >>>>>>>
2019-05-29 20:43:35,902 : INFO : SwitchController : <<<<<<< 's_spinner' inactive >>>>>>>
2019-05-29 20:43:36,014 : INFO : SwitchController : <<<<<<< 's_spinner' active >>>>>>>
2019-05-29 20:43:36,062 : INFO : SwitchController : <<<<<<< 's_spinner' inactive >>>>>>>
2019-05-29 20:43:36,191 : INFO : SwitchController : <<<<<<< 's_spinner' active >>>>>>>
2019-05-29 20:43:36,270 : INFO : SwitchController : <<<<<<< 's_spinner' inactive >>>>>>>
2019-05-29 20:43:36,429 : INFO : SwitchController : <<<<<<< 's_spinner' active >>>>>>>
2019-05-29 20:43:36,814 : INFO : SwitchController : <<<<<<< 's_spinner' inactive >>>>>>>
2019-05-29 20:43:39,021 : INFO : SwitchController : <<<<<<< 's_spinner' active >>>>>>>
2019-05-29 20:43:39,101 : INFO : SwitchController : <<<<<<< 's_spinner' inactive >>>>>>>
2019-05-29 20:43:39,294 : INFO : SwitchController : <<<<<<< 's_spinner' active >>>>>>>
2019-05-29 20:43:39,390 : INFO : SwitchController : <<<<<<< 's_spinner' inactive >>>>>>>
2019-05-29 20:43:41,486 : INFO : SwitchController : <<<<<<< 's_flipper_left' active >>>>>>>
2019-05-29 20:43:41,581 : INFO : SwitchController : <<<<<<< 's_flipper_left' inactive >>>>>>>
2019-05-29 20:43:46,270 : INFO : SwitchController : <<<<<<< 's_drain' active >>>>>>>
2019-05-29 20:43:46,302 : INFO : SwitchController : <<<<<<< 's_drain' inactive >>>>>>>
2019-05-29 20:43:46,366 : INFO : SwitchController : <<<<<<< 's_drain' active >>>>>>>
2019-05-29 20:43:46,871 : DEBUG : ball_device.bd_trough : Counted 0 balls. Active switches: []. Old: 0
2019-05-29 20:43:46,888 : INFO : Mode.pichu : Stopped.
2019-05-29 20:43:46,900 : DEBUG : ball_device.bd_trough : Ready to receive from <ball_device.bd_drain>. Free space 1 (Capacity: 1, Balls: 0), incoming_balls: 0
2019-05-29 20:43:46,901 : INFO : ball_device.bd_drain : Ejecting ball to <ball_device.bd_trough>
2019-05-29 20:43:46,906 : INFO : coil.c_drain : Pulsing Driver for 20ms (1.0 pulse_power)
2019-05-29 20:43:46,932 : INFO : coil.c_drop_reset : Pulsing Driver for 200ms (1.0 pulse_power)
2019-05-29 20:43:46,934 : INFO : Mode.pichu : Started. Priority: 100
2019-05-29 20:43:46,945 : DEBUG : ball_device.bd_trough : Adding eject chain
2019-05-29 20:43:46,949 : DEBUG : ball_device.bd_trough : Got eject request
2019-05-29 20:43:46,952 : DEBUG : ball_device.bd_trough : BCH: Counting. New count: 0 Old count: 0
2019-05-29 20:43:46,955 : DEBUG : ball_device.bd_trough : State: waiting_for_ball
2019-05-29 20:43:46,958 : DEBUG : ball_device.bd_trough : No ball found. Waiting for balls.
2019-05-29 20:43:46,973 : INFO : SwitchController : <<<<<<< 's_drain' inactive >>>>>>>
2019-05-29 20:43:46,992 : INFO : SwitchController : <<<<<<< 's_drop_left' inactive >>>>>>>
2019-05-29 20:43:47,012 : DEBUG : ball_device.bd_trough : Adding incoming ball from <ball_device.bd_drain>
2019-05-29 20:43:47,309 : INFO : SwitchController : <<<<<<< 's_trough' active >>>>>>>
2019-05-29 20:43:47,326 : INFO : SwitchController : <<<<<<< 's_drop_center' active >>>>>>>
2019-05-29 20:43:47,347 : INFO : SwitchController : <<<<<<< 's_trough' inactive >>>>>>>
2019-05-29 20:43:47,518 : INFO : SwitchController : <<<<<<< 's_trough' active >>>>>>>
2019-05-29 20:43:48,007 : DEBUG : ball_device.bd_trough : Counted 1 balls. Active switches: ['s_trough']. Old: 0
2019-05-29 20:43:48,010 : DEBUG : ball_device.bd_trough : BCH: Found 1 new balls
2019-05-29 20:43:48,011 : DEBUG : ball_device.bd_trough : Received ball from <ball_device.bd_drain>
2019-05-29 20:43:48,012 : DEBUG : ball_device.bd_trough : Removing incoming ball from <ball_device.bd_drain>
2019-05-29 20:43:48,013 : DEBUG : ball_device.bd_trough : Processing new ball
2019-05-29 20:43:48,016 : DEBUG : ball_device.bd_trough : BCH: Counting. New count: 1 Old count: 1
2019-05-29 20:43:48,020 : DEBUG : ball_device.bd_trough : A ball arrived. Progressing.
2019-05-29 20:43:48,026 : DEBUG : ball_device.bd_trough : State: waiting_for_target_ready
2019-05-29 20:43:48,033 : DEBUG : ball_device.bd_trough : State: ejecting
2019-05-29 20:43:48,034 : INFO : ball_device.bd_trough : Ejecting ball to <ball_device.bd_plunger>
2019-05-29 20:43:48,038 : DEBUG : ball_device.bd_trough : Entered eject mode.
2019-05-29 20:43:48,044 : DEBUG : ball_device.bd_trough : Wait for ball to leave device
2019-05-29 20:43:48,045 : INFO : coil.c_trough : Pulsing Driver for 7ms (1.0 pulse_power)
2019-05-29 20:43:48,046 : DEBUG : ball_device.bd_trough : Firing eject coil. Current balls: 1.
2019-05-29 20:43:48,078 : INFO : SwitchController : <<<<<<< 's_trough' inactive >>>>>>>
2019-05-29 20:43:48,114 : DEBUG : ball_device.bd_trough : Got ball left during eject
2019-05-29 20:43:48,115 : DEBUG : ball_device.bd_trough : Switch 's_trough' changed too recently. Aborting count!
2019-05-29 20:43:48,118 : DEBUG : ball_device.bd_trough : State: ball_left
2019-05-29 20:43:48,119 : DEBUG : ball_device.bd_trough : Ball left
2019-05-29 20:43:48,120 : DEBUG : ball_device.bd_trough : Wait for confirm with timeout 10.0
2019-05-29 20:43:48,569 : DEBUG : ball_device.bd_trough : Counted 0 balls. Active switches: []. Old: 0
2019-05-29 20:43:58,099 : DEBUG : ball_device.bd_trough : State: failed_confirm
2019-05-29 20:43:58,100 : DEBUG : ball_device.bd_trough : Got timeout (10.0s) before confirm from <ball_device.bd_plunger>
2019-05-29 20:44:08,106 : DEBUG : ball_device.bd_trough : Eject successful
2019-05-29 20:44:08,109 : DEBUG : ball_device.bd_trough : Exited eject mode. Eject success: True
2019-05-29 20:44:08,111 : DEBUG : ball_device.bd_trough : State: idle
2019-05-29 20:44:08,112 : DEBUG : ball_device.bd_trough : Waiting for eject request.
2019-05-29 20:44:08,115 : DEBUG : ball_device.bd_trough : BCH: Counting. New count: 0 Old count: 0
2019-05-29 20:44:08,120 : DEBUG : ball_device.bd_trough : BCH: Counting. New count: 0 Old count: 0
2019-05-29 20:44:32,623 : INFO : Machine : Shutting down...
2019-05-29 20:44:32,638 : DEBUG : ball_device.bd_trough : Stopping ball device
2019-05-29 20:44:32,655 : ERROR : FAST : Stop called on serial connection com5
2019-05-29 20:44:32,655 : ERROR : FAST : Stop called on serial connection com4
2019-05-29 20:44:32,921 : INFO : root : MPF run loop ended.
