2019-05-29 20:45:27,917 : kivy : Factory: 194 symbols loaded
2019-05-29 20:45:28,449 : kivy : Image: Providers: img_tex, img_dds, img_sdl2, img_pil, img_gif (img_ffpyplayer ignored)
2019-05-29 20:45:28,761 : kivy : VideoGstplayer: Using Gstreamer 1.10.2.0
2019-05-29 20:45:28,761 : kivy : Video: Provider: gstplayer
2019-05-29 20:45:29,042 : kivy : Loading MPF-MC controller
2019-05-29 20:45:29,074 : mpfmc : Mission Pinball Framework Media Controller v0.50.8
2019-05-29 20:45:29,089 : mpfmc : Mission Pinball Framework Game Engine v0.50.17
2019-05-29 20:45:29,089 : mpfmc : Machine path: D:\POKEMON
2019-05-29 20:45:29,089 : ConfigProcessor : Config file in cache changed: D:\POKEMON\config\config
2019-05-29 20:45:30,605 : ConfigProcessor : Loading config from file c:\python34\lib\site-packages\mpfmc\mcconfig.yaml.
2019-05-29 20:45:30,792 : ConfigProcessor : Loading config: c:\python34\lib\site-packages\mpfmc\mcconfig.yaml
2019-05-29 20:45:30,808 : ConfigProcessor : Loading config from file D:\POKEMON\config\config.
2019-05-29 20:45:30,964 : ConfigProcessor : Loading config: D:\POKEMON\config\config
2019-05-29 20:45:30,964 : ConfigProcessor : Config file cache created: C:\Users\MISSIO~1\AppData\Local\Temp\42582fcba572e096272241837be67618.mpf_cache
2019-05-29 20:45:30,980 : mpfmc : Starting clock at 60.0Hz
2019-05-29 20:45:31,089 : kivy : Text: Provider: sdl2
2019-05-29 20:45:32,636 : kivy : OSC: using <thread> for socket
2019-05-29 20:45:32,652 : kivy : Window: Provider: sdl2
2019-05-29 20:45:32,893 : kivy : GL: Using the "OpenGL" graphics system
2019-05-29 20:45:32,896 : kivy : GL: GLEW initialization succeeded
2019-05-29 20:45:32,897 : kivy : GL: Backend used <glew>
2019-05-29 20:45:32,897 : kivy : GL: OpenGL version <b'4.4.0 - Build 20.19.15.4835'>
2019-05-29 20:45:32,897 : kivy : GL: OpenGL vendor <b'Intel'>
2019-05-29 20:45:32,898 : kivy : GL: OpenGL renderer <b'Intel(R) HD Graphics'>
2019-05-29 20:45:32,898 : kivy : GL: OpenGL parsed version: 4, 4
2019-05-29 20:45:32,899 : kivy : GL: Shading version <b'4.40 - Build 20.19.15.4835'>
2019-05-29 20:45:32,900 : kivy : GL: Texture max size <16384>
2019-05-29 20:45:32,900 : kivy : GL: Texture max units <32>
2019-05-29 20:45:32,952 : kivy : Shader: fragment shader: <b"WARNING: 0:7: '' :  #version directive missing">
2019-05-29 20:45:32,953 : kivy : Shader: vertex shader: <b"WARNING: 0:7: '' :  #version directive missing">
2019-05-29 20:45:32,969 : kivy : Window: auto add sdl2 input provider
2019-05-29 20:45:32,971 : kivy : Window: virtual keyboard not allowed, single mode, not docked
2019-05-29 20:45:33,001 : SoundSystem : SoundSystem: Using default 'sound_system' settings
2019-05-29 20:45:34,675 : AudioInterface : Initialized
2019-05-29 20:45:34,676 : SoundSystem : No audio tracks are specified in your machine config file. a track named 'default' has been created.
2019-05-29 20:45:34,688 : kivy : Base: Start application main loop
2019-05-29 20:45:34,740 : mpfmc : Display: Setting 'window' as default display
2019-05-29 20:45:34,893 : ConfigProcessor : Loading config from cache: C:\Users\MISSIO~1\AppData\Local\Temp\10f8871b1481fbf59bf30d5b3d29537e.mpf_cache
2019-05-29 20:45:34,896 : ConfigProcessor : Loading config from cache: C:\Users\MISSIO~1\AppData\Local\Temp\c8c985d122de6339937b15f5cde5ffe7.mpf_cache
2019-05-29 20:45:34,899 : ConfigProcessor : Loading config from cache: C:\Users\MISSIO~1\AppData\Local\Temp\01c5ea7020f20fc8cd2609416c749c9a.mpf_cache
2019-05-29 20:45:34,917 : MPF-MC BCP Server : Starting up on localhost port 5050
2019-05-29 20:45:34,941 : MPF-MC BCP Server : Waiting for a connection...
2019-05-29 20:45:34,942 : mpfmc : SlidePlayer: Play called with settings={'slides': {'welcome_slide': {'show': True, 'action': 'play', 'background_color': [0.0, 0.0, 0.0, 1.0], 'target': None, 'transition': None, 'force': False, 'transition_out': None, 'slide': None, 'priority': None, 'expire': None}}}
2019-05-29 20:45:35,114 : kivy : GL: NPOT texture support is available
2019-05-29 20:45:35,310 : MPF-MC BCP Server : Received connection from: 127.0.0.1:49977
2019-05-29 20:45:35,369 : BcpProcessor : Received invalid BCP command: mode_list
2019-05-29 20:45:35,493 : mpfmc : SlidePlayer: Play called with settings={'slides': {'welcome_slide': {'show': True, 'action': 'play', 'background_color': [0.0, 0.0, 0.0, 1.0], 'target': None, 'transition': None, 'force': False, 'transition_out': None, 'slide': None, 'priority': None, 'expire': None}}}
2019-05-29 20:45:35,534 : mpfmc : SlidePlayer: Play called with settings={'slides': {'attract_started': {'show': True, 'action': 'play', 'background_color': [0.0, 0.0, 0.0, 1.0], 'target': None, 'transition': None, 'force': False, 'transition_out': None, 'slide': None, 'priority': None, 'expire': None}}}
2019-05-29 20:45:49,942 : mpfmc : SlidePlayer: Play called with settings={'slides': {'widgets': {'show': True, 'action': 'play', 'background_color': [0.0, 0.0, 0.0, 1.0], 'target': None, 'widgets': [{'anchor_y': 'bottom', 'type': 'text', 'key': None, 'font_size': 100, 'scale': 1.0, '_default_settings': ['font_size'], 'halign': 'center', 'anchor_x': 'left', 'bitmap_font': False, 'min_digits': 2, 'font_kerning': True, 'y': '300', 'adjust_right': 0, 'bold': False, 'x': '300', 'valign': 'middle', 'adjust_bottom': 0, 'number_grouping': True, 'animations': None, 'round_anchor_x': None, 'round_anchor_y': None, 'opacity': 1.0, 'adjust_top': 0, 'adjust_left': 0, 'rotation': 0, 'color': [1.0, 1.0, 1.0, 1.0], 'text': '(score)', 'expire': None, 'z': 0, 'reset_animations_events': [], 'style': None, 'casing': None, 'italic': False}, {'anchor_y': 'bottom', 'type': 'text', 'key': None, 'font_size': 100, 'scale': 1.0, '_default_settings': ['font_size'], 'halign': 'center', 'anchor_x': 'right', 'bitmap_font': False, 'min_digits': 2, 'font_kerning': True, 'y': '100', 'adjust_right': 0, 'bold': False, 'x': '300', 'valign': 'middle', 'adjust_bottom': 0, 'number_grouping': True, 'animations': None, 'round_anchor_x': None, 'round_anchor_y': None, 'opacity': 1.0, 'adjust_top': 0, 'adjust_left': 0, 'rotation': 0, 'color': [1.0, 1.0, 1.0, 1.0], 'text': 'PICHU EXP (pichu_exp)/100', 'expire': None, 'z': 0, 'reset_animations_events': [], 'style': None, 'casing': None, 'italic': False}, {'opacity': 1.0, 'type': 'text', 'key': None, 'font_size': 50, 'scale': 1.0, '_default_settings': ['font_size'], 'halign': 'center', 'anchor_x': 'left', 'bitmap_font': False, 'min_digits': 0, 'font_kerning': True, 'y': '10', 'adjust_right': 0, 'bold': False, 'x': '10', 'valign': 'middle', 'adjust_bottom': 0, 'number_grouping': False, 'animations': None, 'round_anchor_x': None, 'round_anchor_y': None, 'anchor_y': 'bottom', 'adjust_top': 0, 'adjust_left': 0, 'rotation': 0, 'color': [1.0, 1.0, 1.0, 1.0], 'text': 'PLAYER (number)', 'expire': None, 'z': 0, 'reset_animations_events': [], 'style': None, 'casing': None, 'italic': False}, {'opacity': 1.0, 'type': 'text', 'key': None, 'font_size': 50, 'scale': 1.0, '_default_settings': ['font_size'], 'halign': 'center', 'anchor_x': 'right', 'bitmap_font': False, 'min_digits': 0, 'font_kerning': True, 'y': '10', 'adjust_right': 0, 'bold': False, 'x': 'right-10', 'valign': 'middle', 'adjust_bottom': 0, 'number_grouping': False, 'animations': None, 'round_anchor_x': None, 'round_anchor_y': None, 'anchor_y': 'bottom', 'adjust_top': 0, 'adjust_left': 0, 'rotation': 0, 'color': [1.0, 1.0, 1.0, 1.0], 'text': 'BALL (ball)', 'expire': None, 'z': 0, 'reset_animations_events': [], 'style': None, 'casing': None, 'italic': False}], 'transition': None, 'force': False, 'transition_out': None, 'slide': None, 'priority': None, 'expire': None}}}
2019-05-29 20:47:13,149 : mpfmc : SlidePlayer: Play called with settings={'slides': {'widgets': {'show': True, 'action': 'play', 'background_color': [0.0, 0.0, 0.0, 1.0], 'target': None, 'widgets': [{'anchor_y': 'bottom', 'type': 'text', 'key': None, 'font_size': 100, 'scale': 1.0, '_default_settings': ['font_size'], 'halign': 'center', 'anchor_x': 'left', 'bitmap_font': False, 'min_digits': 2, 'font_kerning': True, 'y': '300', 'adjust_right': 0, 'bold': False, 'x': '300', 'valign': 'middle', 'adjust_bottom': 0, 'number_grouping': True, 'animations': None, 'round_anchor_x': None, 'round_anchor_y': None, 'opacity': 1.0, 'adjust_top': 0, 'adjust_left': 0, 'rotation': 0, 'color': [1.0, 1.0, 1.0, 1.0], 'text': '(score)', 'expire': None, 'z': 0, 'reset_animations_events': [], 'style': None, 'casing': None, 'italic': False}, {'anchor_y': 'bottom', 'type': 'text', 'key': None, 'font_size': 100, 'scale': 1.0, '_default_settings': ['font_size'], 'halign': 'center', 'anchor_x': 'right', 'bitmap_font': False, 'min_digits': 2, 'font_kerning': True, 'y': '100', 'adjust_right': 0, 'bold': False, 'x': '300', 'valign': 'middle', 'adjust_bottom': 0, 'number_grouping': True, 'animations': None, 'round_anchor_x': None, 'round_anchor_y': None, 'opacity': 1.0, 'adjust_top': 0, 'adjust_left': 0, 'rotation': 0, 'color': [1.0, 1.0, 1.0, 1.0], 'text': 'PICHU EXP (pichu_exp)/100', 'expire': None, 'z': 0, 'reset_animations_events': [], 'style': None, 'casing': None, 'italic': False}, {'opacity': 1.0, 'type': 'text', 'key': None, 'font_size': 50, 'scale': 1.0, '_default_settings': ['font_size'], 'halign': 'center', 'anchor_x': 'left', 'bitmap_font': False, 'min_digits': 0, 'font_kerning': True, 'y': '10', 'adjust_right': 0, 'bold': False, 'x': '10', 'valign': 'middle', 'adjust_bottom': 0, 'number_grouping': False, 'animations': None, 'round_anchor_x': None, 'round_anchor_y': None, 'anchor_y': 'bottom', 'adjust_top': 0, 'adjust_left': 0, 'rotation': 0, 'color': [1.0, 1.0, 1.0, 1.0], 'text': 'PLAYER (number)', 'expire': None, 'z': 0, 'reset_animations_events': [], 'style': None, 'casing': None, 'italic': False}, {'opacity': 1.0, 'type': 'text', 'key': None, 'font_size': 50, 'scale': 1.0, '_default_settings': ['font_size'], 'halign': 'center', 'anchor_x': 'right', 'bitmap_font': False, 'min_digits': 0, 'font_kerning': True, 'y': '10', 'adjust_right': 0, 'bold': False, 'x': 'right-10', 'valign': 'middle', 'adjust_bottom': 0, 'number_grouping': False, 'animations': None, 'round_anchor_x': None, 'round_anchor_y': None, 'anchor_y': 'bottom', 'adjust_top': 0, 'adjust_left': 0, 'rotation': 0, 'color': [1.0, 1.0, 1.0, 1.0], 'text': 'BALL (ball)', 'expire': None, 'z': 0, 'reset_animations_events': [], 'style': None, 'casing': None, 'italic': False}], 'transition': None, 'force': False, 'transition_out': None, 'slide': None, 'priority': None, 'expire': None}}}
2019-05-29 20:47:26,482 : mpfmc : SlidePlayer: Play called with settings={'slides': {'widgets': {'show': True, 'action': 'play', 'background_color': [0.0, 0.0, 0.0, 1.0], 'target': None, 'widgets': [{'anchor_y': 'bottom', 'type': 'text', 'key': None, 'font_size': 100, 'scale': 1.0, '_default_settings': ['font_size'], 'halign': 'center', 'anchor_x': 'left', 'bitmap_font': False, 'min_digits': 2, 'font_kerning': True, 'y': '300', 'adjust_right': 0, 'bold': False, 'x': '300', 'valign': 'middle', 'adjust_bottom': 0, 'number_grouping': True, 'animations': None, 'round_anchor_x': None, 'round_anchor_y': None, 'opacity': 1.0, 'adjust_top': 0, 'adjust_left': 0, 'rotation': 0, 'color': [1.0, 1.0, 1.0, 1.0], 'text': '(score)', 'expire': None, 'z': 0, 'reset_animations_events': [], 'style': None, 'casing': None, 'italic': False}, {'anchor_y': 'bottom', 'type': 'text', 'key': None, 'font_size': 100, 'scale': 1.0, '_default_settings': ['font_size'], 'halign': 'center', 'anchor_x': 'right', 'bitmap_font': False, 'min_digits': 2, 'font_kerning': True, 'y': '100', 'adjust_right': 0, 'bold': False, 'x': '300', 'valign': 'middle', 'adjust_bottom': 0, 'number_grouping': True, 'animations': None, 'round_anchor_x': None, 'round_anchor_y': None, 'opacity': 1.0, 'adjust_top': 0, 'adjust_left': 0, 'rotation': 0, 'color': [1.0, 1.0, 1.0, 1.0], 'text': 'PICHU EXP (pichu_exp)/100', 'expire': None, 'z': 0, 'reset_animations_events': [], 'style': None, 'casing': None, 'italic': False}, {'opacity': 1.0, 'type': 'text', 'key': None, 'font_size': 50, 'scale': 1.0, '_default_settings': ['font_size'], 'halign': 'center', 'anchor_x': 'left', 'bitmap_font': False, 'min_digits': 0, 'font_kerning': True, 'y': '10', 'adjust_right': 0, 'bold': False, 'x': '10', 'valign': 'middle', 'adjust_bottom': 0, 'number_grouping': False, 'animations': None, 'round_anchor_x': None, 'round_anchor_y': None, 'anchor_y': 'bottom', 'adjust_top': 0, 'adjust_left': 0, 'rotation': 0, 'color': [1.0, 1.0, 1.0, 1.0], 'text': 'PLAYER (number)', 'expire': None, 'z': 0, 'reset_animations_events': [], 'style': None, 'casing': None, 'italic': False}, {'opacity': 1.0, 'type': 'text', 'key': None, 'font_size': 50, 'scale': 1.0, '_default_settings': ['font_size'], 'halign': 'center', 'anchor_x': 'right', 'bitmap_font': False, 'min_digits': 0, 'font_kerning': True, 'y': '10', 'adjust_right': 0, 'bold': False, 'x': 'right-10', 'valign': 'middle', 'adjust_bottom': 0, 'number_grouping': False, 'animations': None, 'round_anchor_x': None, 'round_anchor_y': None, 'anchor_y': 'bottom', 'adjust_top': 0, 'adjust_left': 0, 'rotation': 0, 'color': [1.0, 1.0, 1.0, 1.0], 'text': 'BALL (ball)', 'expire': None, 'z': 0, 'reset_animations_events': [], 'style': None, 'casing': None, 'italic': False}], 'transition': None, 'force': False, 'transition_out': None, 'slide': None, 'priority': None, 'expire': None}}}
2019-05-29 20:48:24,331 : mpfmc : SlidePlayer: Play called with settings={'slides': {'attract_started': {'show': True, 'action': 'play', 'background_color': [0.0, 0.0, 0.0, 1.0], 'target': None, 'transition': None, 'force': False, 'transition_out': None, 'slide': None, 'priority': None, 'expire': None}}}
2019-05-29 20:51:00,484 : kivy : Base: Leaving application in progress...
2019-05-29 20:51:00,791 : mpfmc : Stopping...
2019-05-29 20:51:00,791 : mpfmc : Loop rate 81.88 Hz
2019-05-29 20:51:00,791 : kivy : MC run loop ended.
2019-05-29 20:51:00,791 : kivy : Stopping child threads... (3 remaining)
2019-05-29 20:51:01,688 : mpfmc : Stopping...
2019-05-29 20:51:01,688 : mpfmc : Loop rate 81.65 Hz
2019-05-29 20:51:01,797 : MPF-MC BCP Server : Stopping BCP sending thread
2019-05-29 20:51:01,891 : kivy : All child threads stopped.
