2019-11-26 11:21:16,194 : kivy : Factory: 194 symbols loaded
2019-11-26 11:21:16,976 : kivy : Image: Providers: img_tex, img_dds, img_sdl2, img_pil, img_gif (img_ffpyplayer ignored)
2019-11-26 11:21:17,351 : kivy : VideoGstplayer: Using Gstreamer 1.10.2.0
2019-11-26 11:21:17,351 : kivy : Video: Provider: gstplayer
2019-11-26 11:21:17,679 : kivy : Loading MPF-MC controller
2019-11-26 11:21:17,679 : mpfmc : Mission Pinball Framework Media Controller v0.50.8
2019-11-26 11:21:17,679 : mpfmc : Mission Pinball Framework Game Engine v0.50.17
2019-11-26 11:21:17,679 : mpfmc : Machine path: D:\POKEMON - 3 - GYMS DISPLAYS
2019-11-26 11:21:17,694 : ConfigProcessor : Config file in cache changed: D:\POKEMON - 3 - GYMS DISPLAYS\config\config
2019-11-26 11:21:19,210 : ConfigProcessor : Loading config from file c:\python34\lib\site-packages\mpfmc\mcconfig.yaml.
2019-11-26 11:21:19,398 : ConfigProcessor : Loading config: c:\python34\lib\site-packages\mpfmc\mcconfig.yaml
2019-11-26 11:21:19,398 : ConfigProcessor : Loading config from file D:\POKEMON - 3 - GYMS DISPLAYS\config\config.
2019-11-26 11:21:19,585 : ConfigProcessor : Loading config: D:\POKEMON - 3 - GYMS DISPLAYS\config\config
2019-11-26 11:21:19,601 : ConfigProcessor : Loading config: D:\POKEMON - 3 - GYMS DISPLAYS\config\player_variables.yaml
2019-11-26 11:21:19,616 : ConfigProcessor : Loading config: D:\POKEMON - 3 - GYMS DISPLAYS\config\key_mapping.yaml
2019-11-26 11:21:19,632 : ConfigProcessor : Config file cache created: C:\Users\MISSIO~1\AppData\Local\Temp\69e9e8261b2a7a7fe237ef0e6090f00e.mpf_cache
2019-11-26 11:21:19,632 : mpfmc : Starting clock at 60.0Hz
2019-11-26 11:21:19,757 : kivy : Text: Provider: sdl2
2019-11-26 11:21:21,304 : kivy : OSC: using <thread> for socket
2019-11-26 11:21:21,460 : kivy : Window: Provider: sdl2
2019-11-26 11:21:21,713 : kivy : GL: Using the "OpenGL" graphics system
2019-11-26 11:21:21,717 : kivy : GL: GLEW initialization succeeded
2019-11-26 11:21:21,718 : kivy : GL: Backend used <glew>
2019-11-26 11:21:21,718 : kivy : GL: OpenGL version <b'4.4.0 - Build 20.19.15.4835'>
2019-11-26 11:21:21,719 : kivy : GL: OpenGL vendor <b'Intel'>
2019-11-26 11:21:21,719 : kivy : GL: OpenGL renderer <b'Intel(R) HD Graphics'>
2019-11-26 11:21:21,719 : kivy : GL: OpenGL parsed version: 4, 4
2019-11-26 11:21:21,720 : kivy : GL: Shading version <b'4.40 - Build 20.19.15.4835'>
2019-11-26 11:21:21,720 : kivy : GL: Texture max size <16384>
2019-11-26 11:21:21,720 : kivy : GL: Texture max units <32>
2019-11-26 11:21:21,771 : kivy : Shader: fragment shader: <b"WARNING: 0:7: '' :  #version directive missing">
2019-11-26 11:21:21,773 : kivy : Shader: vertex shader: <b"WARNING: 0:7: '' :  #version directive missing">
2019-11-26 11:21:21,791 : kivy : Window: auto add sdl2 input provider
2019-11-26 11:21:21,792 : kivy : Window: virtual keyboard not allowed, single mode, not docked
2019-11-26 11:21:21,840 : SoundSystem : SoundSystem: Using default 'sound_system' settings
2019-11-26 11:21:23,857 : AudioInterface : Initialized
2019-11-26 11:21:23,858 : SoundSystem : No audio tracks are specified in your machine config file. a track named 'default' has been created.
2019-11-26 11:21:23,870 : kivy : Base: Start application main loop
2019-11-26 11:21:23,940 : mpfmc : Display: Setting 'window' as default display
2019-11-26 11:21:24,121 : ConfigProcessor : Loading config from cache: C:\Users\MISSIO~1\AppData\Local\Temp\10f8871b1481fbf59bf30d5b3d29537e.mpf_cache
2019-11-26 11:21:24,124 : ConfigProcessor : Loading config from cache: C:\Users\MISSIO~1\AppData\Local\Temp\050cf1c6f86beee4aa95d4daa6cae486.mpf_cache
2019-11-26 11:21:24,167 : ConfigProcessor : Cache file not found: C:\Users\MISSIO~1\AppData\Local\Temp\fec8123b1b217d56ad0888fe76304234.mpf_cache
2019-11-26 11:21:24,167 : ConfigProcessor : Loading config from file D:\POKEMON - 3 - GYMS DISPLAYS\modes\evolve_pichu\config\evolve_pichu.yaml.
2019-11-26 11:21:24,225 : kivy : Base: Leaving application in progress...
2019-11-26 11:21:24,226 : kivy : Error found in file D:\POKEMON - 3 - GYMS DISPLAYS\modes\evolve_pichu\config\evolve_pichu.yaml: 'Key "slide_player" was defined multiple times in config   in "D:\\POKEMON - 3 - GYMS DISPLAYS\\modes\\evolve_pichu\\config\\evolve_pichu.yaml", line 46, column 1'
Traceback (most recent call last):
  File "c:\python34\lib\site-packages\mpf\file_interfaces\yaml_interface.py", line 194, in load
    config = self.process(f)
  File "c:\python34\lib\site-packages\mpf\file_interfaces\yaml_interface.py", line 220, in process
    return yaml.load(data_string, Loader=MpfLoader)
  File "c:\python34\lib\site-packages\ruamel\yaml\main.py", line 75, in load
    return loader.get_single_data()
  File "c:\python34\lib\site-packages\ruamel\yaml\constructor.py", line 59, in get_single_data
    return self.construct_document(node)
  File "c:\python34\lib\site-packages\ruamel\yaml\constructor.py", line 68, in construct_document
    for dummy in generator:
  File "c:\python34\lib\site-packages\ruamel\yaml\constructor.py", line 481, in construct_yaml_map
    value = self.construct_mapping(node)
  File "c:\python34\lib\site-packages\mpf\file_interfaces\yaml_interface.py", line 135, in construct_mapping
    format(key, key_node.start_mark))
KeyError: 'Key "slide_player" was defined multiple times in config   in "D:\\POKEMON - 3 - GYMS DISPLAYS\\modes\\evolve_pichu\\config\\evolve_pichu.yaml", line 46, column 1'

During handling of the above exception, another exception occurred:

Traceback (most recent call last):
  File "c:\python34\lib\site-packages\mpfmc\commands\mc.py", line 189, in __init__
    thread_stopper=thread_stopper).run()
  File "c:\python34\lib\site-packages\kivy\app.py", line 828, in run
    runTouchApp()
  File "c:\python34\lib\site-packages\kivy\base.py", line 504, in runTouchApp
    EventLoop.window.mainloop()
  File "c:\python34\lib\site-packages\kivy\core\window\window_sdl2.py", line 663, in mainloop
    self._mainloop()
  File "c:\python34\lib\site-packages\kivy\core\window\window_sdl2.py", line 405, in _mainloop
    EventLoop.idle()
  File "c:\python34\lib\site-packages\kivy\base.py", line 339, in idle
    Clock.tick()
  File "c:\python34\lib\site-packages\kivy\clock.py", line 581, in tick
    self._process_events()
  File "kivy\_clock.pyx", line 367, in kivy._clock.CyClockBase._process_events (kivy\_clock.c:7700)
  File "kivy\_clock.pyx", line 397, in kivy._clock.CyClockBase._process_events (kivy\_clock.c:7577)
  File "kivy\_clock.pyx", line 395, in kivy._clock.CyClockBase._process_events (kivy\_clock.c:7498)
  File "kivy\_clock.pyx", line 167, in kivy._clock.ClockEvent.tick (kivy\_clock.c:3490)
  File "c:\python34\lib\site-packages\mpfmc\uix\display.py", line 200, in _displays_initialized
    self.mc.displays_initialized()
  File "c:\python34\lib\site-packages\mpfmc\core\mc.py", line 336, in displays_initialized
    self._init()
  File "c:\python34\lib\site-packages\mpfmc\core\mc.py", line 380, in _init
    self.events.process_event_queue()
  File "c:\python34\lib\site-packages\mpf\core\events.py", line 729, in process_event_queue
    **event[3])
  File "c:\python34\lib\site-packages\mpf\core\events.py", line 698, in _process_event
    result = self._run_handlers(event, ev_type, kwargs)
  File "c:\python34\lib\site-packages\mpf\core\events.py", line 656, in _run_handlers
    result = handler.callback(**merged_kwargs)
  File "c:\python34\lib\site-packages\mpfmc\core\mode_controller.py", line 59, in _load_modes
    self.mc.modes[mode] = self._load_mode(mode)
  File "c:\python34\lib\site-packages\mpfmc\core\mode_controller.py", line 132, in _load_mode
    store_to_cache=self.mc.options['create_config_cache'], ignore_unknown_sections=True)
  File "c:\python34\lib\site-packages\mpf\core\config_processor.py", line 111, in load_config_files_with_cache
    ignore_unknown_sections)
  File "c:\python34\lib\site-packages\mpf\core\config_processor.py", line 131, in _load_config_file_and_return_loaded_files
    config = FileManager.load(filename, expected_version_str, True)
  File "c:\python34\lib\site-packages\mpf\core\file_manager.py", line 154, in load
    return interface.load(file, verify_version, halt_on_error)
  File "c:\python34\lib\site-packages\mpf\file_interfaces\yaml_interface.py", line 208, in load
    raise ValueError(msg)
ValueError: Error found in file D:\POKEMON - 3 - GYMS DISPLAYS\modes\evolve_pichu\config\evolve_pichu.yaml: 'Key "slide_player" was defined multiple times in config   in "D:\\POKEMON - 3 - GYMS DISPLAYS\\modes\\evolve_pichu\\config\\evolve_pichu.yaml", line 46, column 1'
2019-11-26 11:21:24,252 : kivy : Stopping child threads... (1 remaining)
2019-11-26 11:21:24,958 : kivy : All child threads stopped.
