2019-10-11 14:42:58,964 : kivy : Factory: 194 symbols loaded
2019-10-11 14:42:59,667 : kivy : Image: Providers: img_tex, img_dds, img_sdl2, img_pil, img_gif (img_ffpyplayer ignored)
2019-10-11 14:43:00,058 : kivy : VideoGstplayer: Using Gstreamer 1.10.2.0
2019-10-11 14:43:00,058 : kivy : Video: Provider: gstplayer
2019-10-11 14:43:00,433 : kivy : Loading MPF-MC controller
2019-10-11 14:43:00,433 : mpfmc : Mission Pinball Framework Media Controller v0.50.8
2019-10-11 14:43:00,433 : mpfmc : Mission Pinball Framework Game Engine v0.50.17
2019-10-11 14:43:00,433 : mpfmc : Machine path: D:\POKEMON - 2
2019-10-11 14:43:00,448 : ConfigProcessor : Config file in cache changed: D:\POKEMON - 2\config\config
2019-10-11 14:43:02,105 : ConfigProcessor : Loading config from file c:\python34\lib\site-packages\mpfmc\mcconfig.yaml.
2019-10-11 14:43:02,308 : ConfigProcessor : Loading config: c:\python34\lib\site-packages\mpfmc\mcconfig.yaml
2019-10-11 14:43:02,323 : ConfigProcessor : Loading config from file D:\POKEMON - 2\config\config.
2019-10-11 14:43:02,480 : ConfigProcessor : Loading config: D:\POKEMON - 2\config\config
2019-10-11 14:43:02,480 : ConfigProcessor : Loading config: D:\POKEMON - 2\config\player_variables.yaml
2019-10-11 14:43:02,496 : ConfigProcessor : Loading config: D:\POKEMON - 2\config\key_mapping.yaml
2019-10-11 14:43:02,511 : ConfigProcessor : Config file cache created: C:\Users\MISSIO~1\AppData\Local\Temp\9066572af3754bcb4e8ca411bd20a237.mpf_cache
2019-10-11 14:43:02,511 : mpfmc : Starting clock at 60.0Hz
2019-10-11 14:43:02,620 : kivy : Text: Provider: sdl2
2019-10-11 14:43:04,292 : kivy : OSC: using <thread> for socket
2019-10-11 14:43:04,323 : kivy : Window: Provider: sdl2
2019-10-11 14:43:04,655 : kivy : GL: Using the "OpenGL" graphics system
2019-10-11 14:43:04,659 : kivy : GL: GLEW initialization succeeded
2019-10-11 14:43:04,660 : kivy : GL: Backend used <glew>
2019-10-11 14:43:04,660 : kivy : GL: OpenGL version <b'4.4.0 - Build 20.19.15.4835'>
2019-10-11 14:43:04,663 : kivy : GL: OpenGL vendor <b'Intel'>
2019-10-11 14:43:04,664 : kivy : GL: OpenGL renderer <b'Intel(R) HD Graphics'>
2019-10-11 14:43:04,665 : kivy : GL: OpenGL parsed version: 4, 4
2019-10-11 14:43:04,665 : kivy : GL: Shading version <b'4.40 - Build 20.19.15.4835'>
2019-10-11 14:43:04,666 : kivy : GL: Texture max size <16384>
2019-10-11 14:43:04,667 : kivy : GL: Texture max units <32>
2019-10-11 14:43:04,747 : kivy : Shader: fragment shader: <b"WARNING: 0:7: '' :  #version directive missing">
2019-10-11 14:43:04,748 : kivy : Shader: vertex shader: <b"WARNING: 0:7: '' :  #version directive missing">
2019-10-11 14:43:04,767 : kivy : Window: auto add sdl2 input provider
2019-10-11 14:43:04,769 : kivy : Window: virtual keyboard not allowed, single mode, not docked
2019-10-11 14:43:04,814 : SoundSystem : SoundSystem: Using default 'sound_system' settings
2019-10-11 14:43:07,025 : AudioInterface : Initialized
2019-10-11 14:43:07,026 : SoundSystem : No audio tracks are specified in your machine config file. a track named 'default' has been created.
2019-10-11 14:43:07,039 : kivy : Base: Start application main loop
2019-10-11 14:43:07,099 : mpfmc : Display: Setting 'window' as default display
2019-10-11 14:43:07,287 : ConfigProcessor : Loading config from cache: C:\Users\MISSIO~1\AppData\Local\Temp\4db3b4eb08bf5f2e1b30e7df1dec754e.mpf_cache
2019-10-11 14:43:07,310 : ConfigProcessor : Loading config from cache: C:\Users\MISSIO~1\AppData\Local\Temp\d7f8a5ee622046c7da753c9c40514d63.mpf_cache
2019-10-11 14:43:07,357 : ConfigProcessor : Loading config from cache: C:\Users\MISSIO~1\AppData\Local\Temp\c8c985d122de6339937b15f5cde5ffe7.mpf_cache
2019-10-11 14:43:07,360 : ConfigProcessor : Loading config from cache: C:\Users\MISSIO~1\AppData\Local\Temp\b016e39aaa9fcc310b2c911cb998ccc7.mpf_cache
2019-10-11 14:43:07,378 : ConfigProcessor : Loading config from cache: C:\Users\MISSIO~1\AppData\Local\Temp\10f8871b1481fbf59bf30d5b3d29537e.mpf_cache
2019-10-11 14:43:07,382 : ConfigProcessor : Loading config from cache: C:\Users\MISSIO~1\AppData\Local\Temp\6f2a382b9c765c6a1f408e05b1d50db1.mpf_cache
2019-10-11 14:43:07,390 : MPF-MC BCP Server : Starting up on localhost port 5050
2019-10-11 14:43:07,419 : MPF-MC BCP Server : Waiting for a connection...
2019-10-11 14:43:07,420 : mpfmc : SlidePlayer: Play called with settings={'slides': {'welcome_slide': {'priority': None, 'action': 'play', 'background_color': [0.0, 0.0, 0.0, 1.0], 'transition_out': None, 'target': None, 'show': True, 'force': False, 'slide': None, 'expire': None, 'transition': None}}}
2019-10-11 14:43:07,486 : MPF-MC BCP Server : Received connection from: 127.0.0.1:53037
2019-10-11 14:43:07,638 : kivy : GL: NPOT texture support is available
2019-10-11 14:43:07,888 : BcpProcessor : Received invalid BCP command: mode_list
2019-10-11 14:43:07,926 : mpfmc : SlidePlayer: Play called with settings={'slides': {'welcome_slide': {'priority': None, 'action': 'play', 'background_color': [0.0, 0.0, 0.0, 1.0], 'transition_out': None, 'target': None, 'show': True, 'force': False, 'slide': None, 'expire': None, 'transition': None}}}
2019-10-11 14:43:07,983 : mpfmc : SlidePlayer: Play called with settings={'slides': {'attract_started': {'priority': None, 'action': 'play', 'background_color': [0.0, 0.0, 0.0, 1.0], 'transition_out': None, 'target': None, 'show': True, 'force': False, 'slide': None, 'expire': None, 'transition': None}}}
2019-10-11 14:43:18,026 : mpfmc : SlidePlayer: Play called with settings={'slides': {'widgets': {'widgets': [{'key': None, 'scale': 1.0, 'x': '0', 'halign': 'center', 'bold': False, 'font_kerning': True, 'min_digits': 2, 'italic': False, 'text': '(score)', 'reset_animations_events': [], 'round_anchor_x': None, 'opacity': 1.0, 'adjust_bottom': 0, 'rotation': 0, 'bitmap_font': False, 'number_grouping': True, 'style': None, 'valign': 'middle', 'z': 0, 'adjust_top': 0, 'anchor_y': 'bottom', 'type': 'text', 'color': [1.0, 1.0, 1.0, 1.0], 'y': '400', 'round_anchor_y': None, 'adjust_left': 0, '_default_settings': ['font_size'], 'casing': None, 'anchor_x': 'left', 'font_size': 100, 'adjust_right': 0, 'animations': None, 'expire': None}, {'key': None, 'scale': 1.0, 'x': '10', 'halign': 'center', 'bold': False, 'font_kerning': True, 'min_digits': 2, 'italic': False, 'text': 'PICHU EXP (pichu_exp)/100', 'reset_animations_events': [], 'round_anchor_x': None, 'opacity': 1.0, 'adjust_bottom': 0, 'rotation': 0, 'bitmap_font': False, 'number_grouping': True, 'style': None, 'valign': 'middle', 'z': 0, 'adjust_top': 0, 'anchor_y': 'bottom', 'type': 'text', 'color': [1.0, 1.0, 1.0, 1.0], 'y': '70', 'round_anchor_y': None, 'adjust_left': 0, '_default_settings': ['font_size'], 'casing': None, 'anchor_x': 'left', 'font_size': 50, 'adjust_right': 0, 'animations': None, 'expire': None}, {'key': None, 'scale': 1.0, 'x': '10', 'halign': 'center', 'bold': False, 'font_kerning': True, 'min_digits': 0, 'italic': False, 'text': 'PLAYER (number)', 'reset_animations_events': [], 'round_anchor_x': None, 'opacity': 1.0, 'adjust_bottom': 0, 'rotation': 0, 'bitmap_font': False, 'number_grouping': False, 'style': None, 'valign': 'middle', 'z': 0, 'adjust_top': 0, 'anchor_y': 'bottom', 'type': 'text', 'color': [1.0, 1.0, 1.0, 1.0], 'y': '10', 'round_anchor_y': None, 'adjust_left': 0, '_default_settings': ['font_size'], 'casing': None, 'anchor_x': 'left', 'font_size': 50, 'adjust_right': 0, 'animations': None, 'expire': None}, {'key': None, 'scale': 1.0, 'x': 'right-10', 'halign': 'center', 'bold': False, 'font_kerning': True, 'min_digits': 0, 'italic': False, 'text': 'BALL (ball)', 'reset_animations_events': [], 'round_anchor_x': None, 'opacity': 1.0, 'adjust_bottom': 0, 'rotation': 0, 'bitmap_font': False, 'number_grouping': False, 'style': None, 'valign': 'middle', 'z': 0, 'adjust_top': 0, 'anchor_y': 'bottom', 'type': 'text', 'color': [1.0, 1.0, 1.0, 1.0], 'y': '10', 'round_anchor_y': None, 'adjust_left': 0, '_default_settings': ['font_size'], 'casing': None, 'anchor_x': 'right', 'font_size': 50, 'adjust_right': 0, 'animations': None, 'expire': None}, {'key': None, 'scale': 1.0, 'x': 'right-10', 'halign': 'center', 'bold': False, 'font_kerning': True, 'min_digits': 0, 'italic': False, 'text': 'pichu', 'reset_animations_events': [], 'round_anchor_x': None, 'opacity': 1.0, 'adjust_bottom': 0, 'rotation': 0, 'bitmap_font': False, 'number_grouping': False, 'style': None, 'valign': 'middle', 'z': 0, 'adjust_top': 0, 'anchor_y': 'bottom', 'type': 'text', 'color': [1.0, 1.0, 1.0, 1.0], 'y': '40', 'round_anchor_y': None, 'adjust_left': 0, '_default_settings': ['font_size'], 'casing': None, 'anchor_x': 'right', 'font_size': 50, 'adjust_right': 0, 'animations': None, 'expire': None}], 'priority': None, 'action': 'play', 'background_color': [0.0, 0.0, 0.0, 1.0], 'transition_out': None, 'slide': None, 'show': True, 'force': False, 'target': None, 'expire': None, 'transition': None}}}
2019-10-11 14:43:57,293 : mpfmc : Stopping...
2019-10-11 14:43:57,468 : mpfmc : Loop rate 78.9 Hz
2019-10-11 14:43:57,469 : MPF-MC BCP Server : Stopping BCP sending thread
2019-10-11 14:43:57,469 : kivy : Base: Leaving application in progress...
2019-10-11 14:43:57,483 : mpfmc : Stopping...
2019-10-11 14:43:57,484 : mpfmc : Loop rate 78.9 Hz
2019-10-11 14:43:57,484 : kivy : MC run loop ended.
2019-10-11 14:43:57,485 : kivy : Stopping child threads... (1 remaining)
2019-10-11 14:43:58,093 : kivy : All child threads stopped.
