2019-12-04 18:10:08,650 : kivy : Factory: 194 symbols loaded
2019-12-04 18:10:10,634 : kivy : Image: Providers: img_tex, img_dds, img_sdl2, img_pil, img_gif (img_ffpyplayer ignored)
2019-12-04 18:10:11,884 : kivy : VideoGstplayer: Using Gstreamer 1.10.2.0
2019-12-04 18:10:11,900 : kivy : Video: Provider: gstplayer
2019-12-04 18:10:12,775 : kivy : Loading MPF-MC controller
2019-12-04 18:10:12,775 : mpfmc : Mission Pinball Framework Media Controller v0.50.8
2019-12-04 18:10:12,775 : mpfmc : Mission Pinball Framework Game Engine v0.50.17
2019-12-04 18:10:12,791 : mpfmc : Machine path: E:\POKEMON - 3 - GYMS DISPLAYS
2019-12-04 18:10:12,791 : ConfigProcessor : Cache file not found: C:\Users\MISSIO~1\AppData\Local\Temp\aa033f1fd07646de8b3bd008da80b834.mpf_cache
2019-12-04 18:10:15,134 : ConfigProcessor : Loading config from file c:\python34\lib\site-packages\mpfmc\mcconfig.yaml.
2019-12-04 18:10:15,431 : ConfigProcessor : Loading config: c:\python34\lib\site-packages\mpfmc\mcconfig.yaml
2019-12-04 18:10:15,431 : ConfigProcessor : Loading config from file E:\POKEMON - 3 - GYMS DISPLAYS\config\config.
2019-12-04 18:10:15,744 : ConfigProcessor : Loading config: E:\POKEMON - 3 - GYMS DISPLAYS\config\config
2019-12-04 18:10:15,759 : ConfigProcessor : Loading config: E:\POKEMON - 3 - GYMS DISPLAYS\config\player_variables.yaml
2019-12-04 18:10:15,775 : ConfigProcessor : Loading config: E:\POKEMON - 3 - GYMS DISPLAYS\config\key_mapping.yaml
2019-12-04 18:10:15,791 : ConfigProcessor : Config file cache created: C:\Users\MISSIO~1\AppData\Local\Temp\aa033f1fd07646de8b3bd008da80b834.mpf_cache
2019-12-04 18:10:15,791 : mpfmc : Starting clock at 60.0Hz
2019-12-04 18:10:16,212 : kivy : Text: Provider: sdl2
2019-12-04 18:10:18,790 : kivy : OSC: using <thread> for socket
2019-12-04 18:10:18,869 : kivy : Window: Provider: sdl2
2019-12-04 18:10:19,838 : kivy : GL: Using the "OpenGL" graphics system
2019-12-04 18:10:19,847 : kivy : GL: GLEW initialization succeeded
2019-12-04 18:10:19,849 : kivy : GL: Backend used <glew>
2019-12-04 18:10:19,852 : kivy : GL: OpenGL version <b'4.4.0 - Build 20.19.15.4835'>
2019-12-04 18:10:19,852 : kivy : GL: OpenGL vendor <b'Intel'>
2019-12-04 18:10:19,853 : kivy : GL: OpenGL renderer <b'Intel(R) HD Graphics'>
2019-12-04 18:10:19,854 : kivy : GL: OpenGL parsed version: 4, 4
2019-12-04 18:10:19,854 : kivy : GL: Shading version <b'4.40 - Build 20.19.15.4835'>
2019-12-04 18:10:19,855 : kivy : GL: Texture max size <16384>
2019-12-04 18:10:19,856 : kivy : GL: Texture max units <32>
2019-12-04 18:10:19,938 : kivy : Shader: fragment shader: <b"WARNING: 0:7: '' :  #version directive missing">
2019-12-04 18:10:19,940 : kivy : Shader: vertex shader: <b"WARNING: 0:7: '' :  #version directive missing">
2019-12-04 18:10:20,007 : kivy : Window: auto add sdl2 input provider
2019-12-04 18:10:20,009 : kivy : Window: virtual keyboard not allowed, single mode, not docked
2019-12-04 18:10:20,085 : SoundSystem : SoundSystem: Using default 'sound_system' settings
2019-12-04 18:10:27,919 : AudioInterface : Initialized
2019-12-04 18:10:27,921 : SoundSystem : No audio tracks are specified in your machine config file. a track named 'default' has been created.
2019-12-04 18:10:27,935 : kivy : Base: Start application main loop
2019-12-04 18:10:28,047 : mpfmc : Display: Setting 'window' as default display
2019-12-04 18:10:28,333 : ConfigProcessor : Loading config from cache: C:\Users\MISSIO~1\AppData\Local\Temp\868965d45e8ef85973deb1cc43e3c6e9.mpf_cache
2019-12-04 18:10:28,375 : ConfigProcessor : Loading config from cache: C:\Users\MISSIO~1\AppData\Local\Temp\230c7edf879901b77e29ab003ecfd977.mpf_cache
2019-12-04 18:10:28,414 : ConfigProcessor : Loading config from cache: C:\Users\MISSIO~1\AppData\Local\Temp\ffc5df461fc927df7502c20268b6e23c.mpf_cache
2019-12-04 18:10:28,438 : ConfigProcessor : Loading config from cache: C:\Users\MISSIO~1\AppData\Local\Temp\c8c985d122de6339937b15f5cde5ffe7.mpf_cache
2019-12-04 18:10:28,441 : ConfigProcessor : Loading config from cache: C:\Users\MISSIO~1\AppData\Local\Temp\325be8140670be7b4f7f24b4ea9ecf41.mpf_cache
2019-12-04 18:10:28,480 : ConfigProcessor : Loading config from cache: C:\Users\MISSIO~1\AppData\Local\Temp\d868708421ecefdd23b54f4fefaa5a63.mpf_cache
2019-12-04 18:10:28,519 : ConfigProcessor : Loading config from cache: C:\Users\MISSIO~1\AppData\Local\Temp\10f8871b1481fbf59bf30d5b3d29537e.mpf_cache
2019-12-04 18:10:28,522 : ConfigProcessor : Loading config from cache: C:\Users\MISSIO~1\AppData\Local\Temp\9463ad916821e4687af4640a7d04ba98.mpf_cache
2019-12-04 18:10:28,550 : ConfigProcessor : Loading config from cache: C:\Users\MISSIO~1\AppData\Local\Temp\91c30393a7736530c48ab886a6ae90df.mpf_cache
2019-12-04 18:10:28,604 : MPF-MC BCP Server : Starting up on localhost port 5050
2019-12-04 18:10:28,646 : MPF-MC BCP Server : Waiting for a connection...
2019-12-04 18:10:28,647 : mpfmc : SlidePlayer: Play called with settings={'slides': {'welcome_slide': {'slide': None, 'transition': None, 'priority': None, 'background_color': [0.0, 0.0, 0.0, 1.0], 'show': True, 'expire': None, 'transition_out': None, 'target': None, 'action': 'play', 'force': False}}}
2019-12-04 18:10:28,955 : kivy : GL: NPOT texture support is available
2019-12-04 18:10:29,968 : MPF-MC BCP Server : Received connection from: 127.0.0.1:49871
2019-12-04 18:10:30,029 : BcpProcessor : Received invalid BCP command: mode_list
2019-12-04 18:10:30,464 : mpfmc : SlidePlayer: Play called with settings={'slides': {'welcome_slide': {'slide': None, 'transition': None, 'priority': None, 'background_color': [0.0, 0.0, 0.0, 1.0], 'show': True, 'expire': None, 'transition_out': None, 'target': None, 'action': 'play', 'force': False}}}
2019-12-04 18:10:30,537 : mpfmc : SlidePlayer: Play called with settings={'slides': {'attract_started': {'slide': None, 'transition': None, 'priority': None, 'background_color': [0.0, 0.0, 0.0, 1.0], 'show': True, 'expire': None, 'transition_out': None, 'target': None, 'action': 'play', 'force': False}}}
2019-12-04 18:10:32,993 : mpfmc : SlidePlayer: Play called with settings={'slides': {'layout_3_mini': {'slide': None, 'transition': None, 'priority': None, 'background_color': [0.0, 0.0, 0.0, 1.0], 'show': True, 'expire': None, 'transition_out': None, 'target': 'window', 'action': 'play', 'force': False}}}
2019-12-04 18:10:33,082 : mpfmc : SlidePlayer: Play called with settings={'slides': {'layout_3_mini': {'slide': None, 'transition': None, 'priority': None, 'background_color': [0.0, 0.0, 0.0, 1.0], 'show': True, 'expire': None, 'transition_out': None, 'target': 'window', 'action': 'play', 'force': False}}}
2019-12-04 18:10:33,117 : mpfmc : SlidePlayer: Play called with settings={'slides': {'slide_mode_pichu_started': {'slide': None, 'transition': None, 'priority': None, 'background_color': [0.0, 0.0, 0.0, 1.0], 'show': True, 'expire': None, 'transition_out': None, 'target': 'top', 'action': 'play', 'force': False}}}
2019-12-04 18:10:33,242 : mpfmc : SlidePlayer: Play called with settings={'slides': {'slide_mode_gym0_started': {'slide': None, 'transition': None, 'priority': None, 'background_color': [0.0, 0.0, 0.0, 1.0], 'show': True, 'expire': None, 'transition_out': None, 'target': 'middle', 'action': 'play', 'force': False}}}
2019-12-04 18:10:57,963 : mpfmc : SlidePlayer: Play called with settings={'slides': {'slide_mode_gym0_started': {'slide': None, 'transition': None, 'priority': None, 'background_color': [0.0, 0.0, 0.0, 1.0], 'show': True, 'expire': None, 'transition_out': None, 'target': 'middle', 'action': 'play', 'force': False}}}
2019-12-04 18:10:58,036 : mpfmc : SlidePlayer: Play called with settings={'slides': {'slide_mode_pichu_started': {'slide': None, 'transition': None, 'priority': None, 'background_color': [0.0, 0.0, 0.0, 1.0], 'show': True, 'expire': None, 'transition_out': None, 'target': 'top', 'action': 'play', 'force': False}}}
2019-12-04 18:12:07,001 : mpfmc : SlidePlayer: Play called with settings={'slides': {'slide_mode_evolve_pichu_started': {'slide': None, 'transition': None, 'priority': None, 'background_color': [0.0, 0.0, 0.0, 1.0], 'show': True, 'expire': None, 'transition_out': None, 'target': 'top', 'action': 'play', 'force': False}}}
2019-12-04 18:12:09,202 : kivy : Base: Leaving application in progress...
2019-12-04 18:12:09,543 : mpfmc : Stopping...
2019-12-04 18:12:09,543 : mpfmc : Loop rate 76.82 Hz
2019-12-04 18:12:09,543 : kivy : MC run loop ended.
2019-12-04 18:12:09,543 : kivy : Stopping child threads... (3 remaining)
2019-12-04 18:12:09,574 : MPF-MC BCP Server : Stopping BCP sending thread
2019-12-04 18:12:09,574 : mpfmc : Stopping...
2019-12-04 18:12:09,574 : mpfmc : Loop rate 76.8 Hz
2019-12-04 18:12:10,105 : kivy : All child threads stopped.
