2020-04-12 15:41:58,246 : INFO : Machine : Mission Pinball Framework Core Engine v0.51.3
2020-04-12 15:41:58,246 : INFO : Machine : Command line arguments: {'no_load_cache': False, 'create_config_cache': True, 'bcp': True, 'configfile': ['config.yaml'], 'mpfconfigfile': 'c:\\program files\\python36\\lib\\site-packages\\mpf\\mpfconfig.yaml', 'force_assets_load': False, 'jsonlogging': False, 'logfile': 'logs\\2020-04-12-15-41-58-mpf-DESKTOP-G75O39F.log', 'pause': False, 'production': False, 'text_ui': True, 'loglevel': 15, 'consoleloglevel': 20, 'force_platform': 'virtual', 'syslog_address': None, 'mc_file_name': None, 'no_sound': False}
2020-04-12 15:41:58,246 : INFO : Machine : MPF path: c:\program files\python36\lib\site-packages\mpf
2020-04-12 15:41:58,247 : INFO : Machine : Machine path: E:\POKEMON - 4 - ATTRACT AND HIGH SCORE DISPLAYS
2020-04-12 15:41:58,247 : INFO : Machine : Platform: win32
2020-04-12 15:41:58,247 : INFO : Machine : Python executable location: c:\program files\python36\python.exe
2020-04-12 15:41:58,247 : INFO : Machine : Python version: 3.6.4 (64-bit)
2020-04-12 15:41:58,247 : INFO : Machine : Machine config file #1: config.yaml
2020-04-12 15:41:58,248 : WARNING : ConfigProcessor : Cache file not found: C:\Users\almac\AppData\Local\Temp\6072ce998fc7925d7b49699cfda55470.mpf_cache
2020-04-12 15:41:58,248 : INFO : ConfigProcessor : Loading config from file c:\program files\python36\lib\site-packages\mpf\mpfconfig.yaml.
2020-04-12 15:41:58,326 : INFO : ConfigProcessor : Loading config: c:\program files\python36\lib\site-packages\mpf\mpfconfig.yaml
2020-04-12 15:41:58,634 : INFO : ConfigValidator : Config spec file cache created: C:\Users\almac\AppData\Local\Temp\config_spec.mpf_cache
2020-04-12 15:41:58,642 : INFO : ConfigProcessor : Loading config from file E:\POKEMON - 4 - ATTRACT AND HIGH SCORE DISPLAYS\config\config.yaml.
2020-04-12 15:41:58,700 : INFO : ConfigProcessor : Loading config: E:\POKEMON - 4 - ATTRACT AND HIGH SCORE DISPLAYS\config\config.yaml
2020-04-12 15:41:58,941 : INFO : ConfigProcessor : Loading config: E:\POKEMON - 4 - ATTRACT AND HIGH SCORE DISPLAYS\config\player_variables.yaml
2020-04-12 15:41:58,953 : INFO : ConfigProcessor : Loading config: E:\POKEMON - 4 - ATTRACT AND HIGH SCORE DISPLAYS\config\key_mapping.yaml
2020-04-12 15:41:58,956 : INFO : ConfigProcessor : Config file cache created: C:\Users\almac\AppData\Local\Temp\6072ce998fc7925d7b49699cfda55470.mpf_cache
2020-04-12 15:41:58,958 : INFO : Machine : Initialise MPF.
2020-04-12 15:41:59,462 : INFO : EventManager : Event: ======'machine_var_credits_string'====== Args={'value': 'FREE PLAY', 'prev_value': None, 'change': True}
2020-04-12 15:41:59,787 : INFO : EventManager : Event: ======'machine_var_player1_score'====== Args={'value': 107, 'prev_value': None, 'change': True}
2020-04-12 15:41:59,787 : INFO : EventManager : Event: ======'machine_var_mpf_version'====== Args={'value': 'MPF v0.51.3', 'prev_value': None, 'change': True}
2020-04-12 15:41:59,787 : INFO : EventManager : Event: ======'machine_var_mpf_extended_version'====== Args={'value': 'MPF v0.51.3, Config version:5, Show version: 5, BCP version:1.1', 'prev_value': None, 'change': True}
2020-04-12 15:41:59,787 : INFO : EventManager : Event: ======'machine_var_python_version'====== Args={'value': '3.6.4', 'prev_value': None, 'change': True}
2020-04-12 15:41:59,789 : INFO : EventManager : Event: ======'machine_var_platform'====== Args={'value': 'Windows-10-10.0.18362-SP0', 'prev_value': None, 'change': True}
2020-04-12 15:41:59,789 : INFO : EventManager : Event: ======'machine_var_platform_system'====== Args={'value': 'Windows', 'prev_value': None, 'change': True}
2020-04-12 15:41:59,789 : INFO : EventManager : Event: ======'machine_var_platform_release'====== Args={'value': '10', 'prev_value': None, 'change': True}
2020-04-12 15:41:59,789 : INFO : EventManager : Event: ======'machine_var_platform_version'====== Args={'value': '10.0.18362', 'prev_value': None, 'change': True}
2020-04-12 15:41:59,789 : INFO : EventManager : Event: ======'machine_var_platform_machine'====== Args={'value': 'AMD64', 'prev_value': None, 'change': True}
2020-04-12 15:41:59,789 : INFO : EventManager : Event: ======'init_phase_1'====== Args={}
2020-04-12 15:42:00,026 : WARNING : ConfigProcessor : Cache file not found: C:\Users\almac\AppData\Local\Temp\b9fac23b74e0b513c055e4621b74ad7e.mpf_cache
2020-04-12 15:42:00,027 : INFO : ConfigProcessor : Loading config from file E:\POKEMON - 4 - ATTRACT AND HIGH SCORE DISPLAYS\modes\gym1_ended\config\gym1_ended.yaml.
2020-04-12 15:42:00,267 : INFO : ConfigProcessor : Loading config: E:\POKEMON - 4 - ATTRACT AND HIGH SCORE DISPLAYS\modes\gym1_ended\config\gym1_ended.yaml
2020-04-12 15:42:00,267 : INFO : ConfigProcessor : Config file cache created: C:\Users\almac\AppData\Local\Temp\b9fac23b74e0b513c055e4621b74ad7e.mpf_cache
2020-04-12 15:42:00,278 : WARNING : ConfigProcessor : Cache file not found: C:\Users\almac\AppData\Local\Temp\6dbb84b4a2bd3a6642f95ce5744c7797.mpf_cache
2020-04-12 15:42:00,278 : INFO : ConfigProcessor : Loading config from file E:\POKEMON - 4 - ATTRACT AND HIGH SCORE DISPLAYS\modes\raichu\config\raichu.yaml.
2020-04-12 15:42:00,530 : INFO : ConfigProcessor : Loading config: E:\POKEMON - 4 - ATTRACT AND HIGH SCORE DISPLAYS\modes\raichu\config\raichu.yaml
2020-04-12 15:42:00,531 : INFO : ConfigProcessor : Config file cache created: C:\Users\almac\AppData\Local\Temp\6dbb84b4a2bd3a6642f95ce5744c7797.mpf_cache
2020-04-12 15:42:00,538 : WARNING : ConfigProcessor : Cache file not found: C:\Users\almac\AppData\Local\Temp\0db36da4b9aa41dcdeae696ef4ec8d87.mpf_cache
2020-04-12 15:42:00,538 : INFO : ConfigProcessor : Loading config from file E:\POKEMON - 4 - ATTRACT AND HIGH SCORE DISPLAYS\modes\gym8_ended\config\gym8_ended.yaml.
2020-04-12 15:42:00,782 : INFO : ConfigProcessor : Loading config: E:\POKEMON - 4 - ATTRACT AND HIGH SCORE DISPLAYS\modes\gym8_ended\config\gym8_ended.yaml
2020-04-12 15:42:00,783 : INFO : ConfigProcessor : Config file cache created: C:\Users\almac\AppData\Local\Temp\0db36da4b9aa41dcdeae696ef4ec8d87.mpf_cache
2020-04-12 15:42:00,791 : WARNING : ConfigProcessor : Cache file not found: C:\Users\almac\AppData\Local\Temp\ead1ab3e53925d446b3cb0becf429113.mpf_cache
2020-04-12 15:42:00,791 : INFO : ConfigProcessor : Loading config from file E:\POKEMON - 4 - ATTRACT AND HIGH SCORE DISPLAYS\modes\pichu\config\pichu.yaml.
2020-04-12 15:42:01,078 : INFO : ConfigProcessor : Loading config: E:\POKEMON - 4 - ATTRACT AND HIGH SCORE DISPLAYS\modes\pichu\config\pichu.yaml
2020-04-12 15:42:01,079 : INFO : ConfigProcessor : Config file cache created: C:\Users\almac\AppData\Local\Temp\ead1ab3e53925d446b3cb0becf429113.mpf_cache
2020-04-12 15:42:01,081 : WARNING : ConfigProcessor : Cache file not found: C:\Users\almac\AppData\Local\Temp\201769dfbc23cf51d44452c1bfe1f92e.mpf_cache
2020-04-12 15:42:01,081 : INFO : ConfigProcessor : Loading config from file E:\POKEMON - 4 - ATTRACT AND HIGH SCORE DISPLAYS\modes\gym0\config\gym0.yaml.
2020-04-12 15:42:01,158 : INFO : ConfigProcessor : Loading config: E:\POKEMON - 4 - ATTRACT AND HIGH SCORE DISPLAYS\modes\gym0\config\gym0.yaml
2020-04-12 15:42:01,159 : INFO : ConfigProcessor : Config file cache created: C:\Users\almac\AppData\Local\Temp\201769dfbc23cf51d44452c1bfe1f92e.mpf_cache
2020-04-12 15:42:01,170 : WARNING : ConfigProcessor : Cache file not found: C:\Users\almac\AppData\Local\Temp\5a22bfd3cd388f17bd2b6acbd36605ae.mpf_cache
2020-04-12 15:42:01,170 : INFO : ConfigProcessor : Loading config from file E:\POKEMON - 4 - ATTRACT AND HIGH SCORE DISPLAYS\modes\gym4\config\gym4.yaml.
2020-04-12 15:42:01,260 : INFO : ConfigProcessor : Loading config: E:\POKEMON - 4 - ATTRACT AND HIGH SCORE DISPLAYS\modes\gym4\config\gym4.yaml
2020-04-12 15:42:01,261 : INFO : ConfigProcessor : Config file cache created: C:\Users\almac\AppData\Local\Temp\5a22bfd3cd388f17bd2b6acbd36605ae.mpf_cache
2020-04-12 15:42:01,267 : WARNING : ConfigProcessor : Cache file not found: C:\Users\almac\AppData\Local\Temp\dd4913724ea8e05b50af346c964d02e0.mpf_cache
2020-04-12 15:42:01,267 : INFO : ConfigProcessor : Loading config from file E:\POKEMON - 4 - ATTRACT AND HIGH SCORE DISPLAYS\modes\gym2\config\gym2.yaml.
2020-04-12 15:42:01,375 : INFO : ConfigProcessor : Loading config: E:\POKEMON - 4 - ATTRACT AND HIGH SCORE DISPLAYS\modes\gym2\config\gym2.yaml
2020-04-12 15:42:01,375 : INFO : ConfigProcessor : Config file cache created: C:\Users\almac\AppData\Local\Temp\dd4913724ea8e05b50af346c964d02e0.mpf_cache
2020-04-12 15:42:01,382 : WARNING : ConfigProcessor : Cache file not found: C:\Users\almac\AppData\Local\Temp\2476b3e7b98dcc7e56449320299b63be.mpf_cache
2020-04-12 15:42:01,382 : INFO : ConfigProcessor : Loading config from file E:\POKEMON - 4 - ATTRACT AND HIGH SCORE DISPLAYS\modes\gym7_ended\config\gym7_ended.yaml.
2020-04-12 15:42:01,624 : INFO : ConfigProcessor : Loading config: E:\POKEMON - 4 - ATTRACT AND HIGH SCORE DISPLAYS\modes\gym7_ended\config\gym7_ended.yaml
2020-04-12 15:42:01,624 : INFO : ConfigProcessor : Config file cache created: C:\Users\almac\AppData\Local\Temp\2476b3e7b98dcc7e56449320299b63be.mpf_cache
2020-04-12 15:42:01,631 : WARNING : ConfigProcessor : Cache file not found: C:\Users\almac\AppData\Local\Temp\1a49828cb8454c90fd195e3886327b9d.mpf_cache
2020-04-12 15:42:01,631 : INFO : ConfigProcessor : Loading config from file E:\POKEMON - 4 - ATTRACT AND HIGH SCORE DISPLAYS\modes\gym6\config\gym6.yaml.
2020-04-12 15:42:01,873 : INFO : ConfigProcessor : Loading config: E:\POKEMON - 4 - ATTRACT AND HIGH SCORE DISPLAYS\modes\gym6\config\gym6.yaml
2020-04-12 15:42:01,873 : INFO : ConfigProcessor : Config file cache created: C:\Users\almac\AppData\Local\Temp\1a49828cb8454c90fd195e3886327b9d.mpf_cache
2020-04-12 15:42:01,882 : WARNING : ConfigProcessor : Cache file not found: C:\Users\almac\AppData\Local\Temp\5e332dad5466fb4d353f60c87864de4c.mpf_cache
2020-04-12 15:42:01,882 : INFO : ConfigProcessor : Loading config from file E:\POKEMON - 4 - ATTRACT AND HIGH SCORE DISPLAYS\modes\gym8\config\gym8.yaml.
2020-04-12 15:42:02,126 : INFO : ConfigProcessor : Loading config: E:\POKEMON - 4 - ATTRACT AND HIGH SCORE DISPLAYS\modes\gym8\config\gym8.yaml
2020-04-12 15:42:02,127 : INFO : ConfigProcessor : Config file cache created: C:\Users\almac\AppData\Local\Temp\5e332dad5466fb4d353f60c87864de4c.mpf_cache
2020-04-12 15:42:02,145 : WARNING : ConfigProcessor : Cache file not found: C:\Users\almac\AppData\Local\Temp\3183d529c1c05723ae7f7f27f6d76374.mpf_cache
2020-04-12 15:42:02,145 : INFO : ConfigProcessor : Loading config from file E:\POKEMON - 4 - ATTRACT AND HIGH SCORE DISPLAYS\modes\score_display\config\score_display.yaml.
2020-04-12 15:42:02,196 : INFO : ConfigProcessor : Loading config: E:\POKEMON - 4 - ATTRACT AND HIGH SCORE DISPLAYS\modes\score_display\config\score_display.yaml
2020-04-12 15:42:02,197 : INFO : ConfigProcessor : Config file cache created: C:\Users\almac\AppData\Local\Temp\3183d529c1c05723ae7f7f27f6d76374.mpf_cache
2020-04-12 15:42:02,203 : WARNING : ConfigProcessor : Cache file not found: C:\Users\almac\AppData\Local\Temp\8e537f3f1075ad5ff3f7e8ba8228812c.mpf_cache
2020-04-12 15:42:02,204 : INFO : ConfigProcessor : Loading config from file E:\POKEMON - 4 - ATTRACT AND HIGH SCORE DISPLAYS\modes\gym3_ended\config\gym3_ended.yaml.
2020-04-12 15:42:02,426 : INFO : ConfigProcessor : Loading config: E:\POKEMON - 4 - ATTRACT AND HIGH SCORE DISPLAYS\modes\gym3_ended\config\gym3_ended.yaml
2020-04-12 15:42:02,427 : INFO : ConfigProcessor : Config file cache created: C:\Users\almac\AppData\Local\Temp\8e537f3f1075ad5ff3f7e8ba8228812c.mpf_cache
2020-04-12 15:42:02,429 : WARNING : ConfigProcessor : Cache file not found: C:\Users\almac\AppData\Local\Temp\04fca810d7aeeab0164e61e15b6c914b.mpf_cache
2020-04-12 15:42:02,429 : INFO : ConfigProcessor : Loading config from file c:\program files\python36\lib\site-packages\mpf\modes\high_score\config\high_score.yaml.
2020-04-12 15:42:02,454 : INFO : ConfigProcessor : Loading config: c:\program files\python36\lib\site-packages\mpf\modes\high_score\config\high_score.yaml
2020-04-12 15:42:02,454 : INFO : ConfigProcessor : Loading config from file E:\POKEMON - 4 - ATTRACT AND HIGH SCORE DISPLAYS\modes\high_score\config\high_score.yaml.
2020-04-12 15:42:02,712 : INFO : ConfigProcessor : Loading config: E:\POKEMON - 4 - ATTRACT AND HIGH SCORE DISPLAYS\modes\high_score\config\high_score.yaml
2020-04-12 15:42:02,714 : INFO : ConfigProcessor : Config file cache created: C:\Users\almac\AppData\Local\Temp\04fca810d7aeeab0164e61e15b6c914b.mpf_cache
2020-04-12 15:42:02,750 : WARNING : ConfigProcessor : Cache file not found: C:\Users\almac\AppData\Local\Temp\5e23017ae2bff2a0239ff499da948ac3.mpf_cache
2020-04-12 15:42:02,750 : INFO : ConfigProcessor : Loading config from file E:\POKEMON - 4 - ATTRACT AND HIGH SCORE DISPLAYS\modes\evolve_pichu\config\evolve_pichu.yaml.
2020-04-12 15:42:03,004 : INFO : ConfigProcessor : Loading config: E:\POKEMON - 4 - ATTRACT AND HIGH SCORE DISPLAYS\modes\evolve_pichu\config\evolve_pichu.yaml
2020-04-12 15:42:03,005 : INFO : ConfigProcessor : Config file cache created: C:\Users\almac\AppData\Local\Temp\5e23017ae2bff2a0239ff499da948ac3.mpf_cache
2020-04-12 15:42:03,011 : WARNING : ConfigProcessor : Cache file not found: C:\Users\almac\AppData\Local\Temp\e316602f2754df2a40ebb1b620c83c27.mpf_cache
2020-04-12 15:42:03,011 : INFO : ConfigProcessor : Loading config from file E:\POKEMON - 4 - ATTRACT AND HIGH SCORE DISPLAYS\modes\gym3\config\gym3.yaml.
2020-04-12 15:42:03,160 : INFO : ConfigProcessor : Loading config: E:\POKEMON - 4 - ATTRACT AND HIGH SCORE DISPLAYS\modes\gym3\config\gym3.yaml
2020-04-12 15:42:03,161 : INFO : ConfigProcessor : Config file cache created: C:\Users\almac\AppData\Local\Temp\e316602f2754df2a40ebb1b620c83c27.mpf_cache
2020-04-12 15:42:03,179 : WARNING : ConfigProcessor : Cache file not found: C:\Users\almac\AppData\Local\Temp\47fed2ef5afbaf0c19527a565aa191d9.mpf_cache
2020-04-12 15:42:03,179 : INFO : ConfigProcessor : Loading config from file E:\POKEMON - 4 - ATTRACT AND HIGH SCORE DISPLAYS\modes\gym4_ended\config\gym4_ended.yaml.
2020-04-12 15:42:03,226 : INFO : ConfigProcessor : Loading config: E:\POKEMON - 4 - ATTRACT AND HIGH SCORE DISPLAYS\modes\gym4_ended\config\gym4_ended.yaml
2020-04-12 15:42:03,227 : INFO : ConfigProcessor : Config file cache created: C:\Users\almac\AppData\Local\Temp\47fed2ef5afbaf0c19527a565aa191d9.mpf_cache
2020-04-12 15:42:03,232 : WARNING : ConfigProcessor : Cache file not found: C:\Users\almac\AppData\Local\Temp\f9a13da868835514a4e555019188716d.mpf_cache
2020-04-12 15:42:03,233 : INFO : ConfigProcessor : Loading config from file E:\POKEMON - 4 - ATTRACT AND HIGH SCORE DISPLAYS\modes\gym5_ended\config\gym5_ended.yaml.
2020-04-12 15:42:03,267 : INFO : ConfigProcessor : Loading config: E:\POKEMON - 4 - ATTRACT AND HIGH SCORE DISPLAYS\modes\gym5_ended\config\gym5_ended.yaml
2020-04-12 15:42:03,267 : INFO : ConfigProcessor : Config file cache created: C:\Users\almac\AppData\Local\Temp\f9a13da868835514a4e555019188716d.mpf_cache
2020-04-12 15:42:03,273 : WARNING : ConfigProcessor : Cache file not found: C:\Users\almac\AppData\Local\Temp\4ea733655e2f71aef4d6f646b7999fe0.mpf_cache
2020-04-12 15:42:03,273 : INFO : ConfigProcessor : Loading config from file E:\POKEMON - 4 - ATTRACT AND HIGH SCORE DISPLAYS\modes\gym5\config\gym5.yaml.
2020-04-12 15:42:03,331 : INFO : ConfigProcessor : Loading config: E:\POKEMON - 4 - ATTRACT AND HIGH SCORE DISPLAYS\modes\gym5\config\gym5.yaml
2020-04-12 15:42:03,331 : INFO : ConfigProcessor : Config file cache created: C:\Users\almac\AppData\Local\Temp\4ea733655e2f71aef4d6f646b7999fe0.mpf_cache
2020-04-12 15:42:03,334 : WARNING : ConfigProcessor : Cache file not found: C:\Users\almac\AppData\Local\Temp\8e1a6a6e716428615d3205ffe45b9b4d.mpf_cache
2020-04-12 15:42:03,334 : INFO : ConfigProcessor : Loading config from file c:\program files\python36\lib\site-packages\mpf\modes\game\config\game.yaml.
2020-04-12 15:42:03,340 : INFO : ConfigProcessor : Loading config: c:\program files\python36\lib\site-packages\mpf\modes\game\config\game.yaml
2020-04-12 15:42:03,341 : INFO : ConfigProcessor : Config file cache created: C:\Users\almac\AppData\Local\Temp\8e1a6a6e716428615d3205ffe45b9b4d.mpf_cache
2020-04-12 15:42:03,356 : WARNING : ConfigProcessor : Cache file not found: C:\Users\almac\AppData\Local\Temp\0378f93b62c546ad0a14fc16b8462c41.mpf_cache
2020-04-12 15:42:03,356 : INFO : ConfigProcessor : Loading config from file E:\POKEMON - 4 - ATTRACT AND HIGH SCORE DISPLAYS\modes\gym7\config\gym7.yaml.
2020-04-12 15:42:03,601 : INFO : ConfigProcessor : Loading config: E:\POKEMON - 4 - ATTRACT AND HIGH SCORE DISPLAYS\modes\gym7\config\gym7.yaml
2020-04-12 15:42:03,602 : INFO : ConfigProcessor : Config file cache created: C:\Users\almac\AppData\Local\Temp\0378f93b62c546ad0a14fc16b8462c41.mpf_cache
2020-04-12 15:42:03,611 : WARNING : ConfigProcessor : Cache file not found: C:\Users\almac\AppData\Local\Temp\32e6b619402cb4da5981e97ecb1f6408.mpf_cache
2020-04-12 15:42:03,611 : INFO : ConfigProcessor : Loading config from file E:\POKEMON - 4 - ATTRACT AND HIGH SCORE DISPLAYS\modes\pikachu\config\pikachu.yaml.
2020-04-12 15:42:03,885 : INFO : ConfigProcessor : Loading config: E:\POKEMON - 4 - ATTRACT AND HIGH SCORE DISPLAYS\modes\pikachu\config\pikachu.yaml
2020-04-12 15:42:03,886 : INFO : ConfigProcessor : Config file cache created: C:\Users\almac\AppData\Local\Temp\32e6b619402cb4da5981e97ecb1f6408.mpf_cache
2020-04-12 15:42:03,893 : WARNING : ConfigProcessor : Cache file not found: C:\Users\almac\AppData\Local\Temp\b51fa6c1189029eac07bf57001e3c2a0.mpf_cache
2020-04-12 15:42:03,893 : INFO : ConfigProcessor : Loading config from file E:\POKEMON - 4 - ATTRACT AND HIGH SCORE DISPLAYS\modes\evolve_pikachu\config\evolve_pikachu.yaml.
2020-04-12 15:42:03,922 : INFO : ConfigProcessor : Loading config: E:\POKEMON - 4 - ATTRACT AND HIGH SCORE DISPLAYS\modes\evolve_pikachu\config\evolve_pikachu.yaml
2020-04-12 15:42:03,923 : INFO : ConfigProcessor : Config file cache created: C:\Users\almac\AppData\Local\Temp\b51fa6c1189029eac07bf57001e3c2a0.mpf_cache
2020-04-12 15:42:03,929 : WARNING : ConfigProcessor : Cache file not found: C:\Users\almac\AppData\Local\Temp\5b0c10fb1ea3d696f3389c798402fbbd.mpf_cache
2020-04-12 15:42:03,929 : INFO : ConfigProcessor : Loading config from file E:\POKEMON - 4 - ATTRACT AND HIGH SCORE DISPLAYS\modes\gym6_ended\config\gym6_ended.yaml.
2020-04-12 15:42:04,107 : INFO : ConfigProcessor : Loading config: E:\POKEMON - 4 - ATTRACT AND HIGH SCORE DISPLAYS\modes\gym6_ended\config\gym6_ended.yaml
2020-04-12 15:42:04,107 : INFO : ConfigProcessor : Config file cache created: C:\Users\almac\AppData\Local\Temp\5b0c10fb1ea3d696f3389c798402fbbd.mpf_cache
2020-04-12 15:42:04,120 : WARNING : ConfigProcessor : Cache file not found: C:\Users\almac\AppData\Local\Temp\d6bb1cdfa60c1f50f35785cba55875d1.mpf_cache
2020-04-12 15:42:04,120 : INFO : ConfigProcessor : Loading config from file E:\POKEMON - 4 - ATTRACT AND HIGH SCORE DISPLAYS\modes\gym1\config\gym1.yaml.
2020-04-12 15:42:04,193 : INFO : ConfigProcessor : Loading config: E:\POKEMON - 4 - ATTRACT AND HIGH SCORE DISPLAYS\modes\gym1\config\gym1.yaml
2020-04-12 15:42:04,194 : INFO : ConfigProcessor : Config file cache created: C:\Users\almac\AppData\Local\Temp\d6bb1cdfa60c1f50f35785cba55875d1.mpf_cache
2020-04-12 15:42:04,200 : WARNING : ConfigProcessor : Cache file not found: C:\Users\almac\AppData\Local\Temp\46d36781ecb94e55482d240c042e21a0.mpf_cache
2020-04-12 15:42:04,200 : INFO : ConfigProcessor : Loading config from file c:\program files\python36\lib\site-packages\mpf\modes\attract\config\attract.yaml.
2020-04-12 15:42:04,206 : INFO : ConfigProcessor : Loading config: c:\program files\python36\lib\site-packages\mpf\modes\attract\config\attract.yaml
2020-04-12 15:42:04,206 : INFO : ConfigProcessor : Loading config from file E:\POKEMON - 4 - ATTRACT AND HIGH SCORE DISPLAYS\modes\attract\config\attract.yaml.
2020-04-12 15:42:04,454 : INFO : ConfigProcessor : Loading config: E:\POKEMON - 4 - ATTRACT AND HIGH SCORE DISPLAYS\modes\attract\config\attract.yaml
2020-04-12 15:42:04,455 : INFO : ConfigProcessor : Config file cache created: C:\Users\almac\AppData\Local\Temp\46d36781ecb94e55482d240c042e21a0.mpf_cache
2020-04-12 15:42:04,471 : WARNING : ConfigProcessor : Cache file not found: C:\Users\almac\AppData\Local\Temp\5903aae11c08aba35176e5c1f4c1be59.mpf_cache
2020-04-12 15:42:04,471 : INFO : ConfigProcessor : Loading config from file E:\POKEMON - 4 - ATTRACT AND HIGH SCORE DISPLAYS\modes\gym2_ended\config\gym2_ended.yaml.
2020-04-12 15:42:04,712 : INFO : ConfigProcessor : Loading config: E:\POKEMON - 4 - ATTRACT AND HIGH SCORE DISPLAYS\modes\gym2_ended\config\gym2_ended.yaml
2020-04-12 15:42:04,712 : INFO : ConfigProcessor : Config file cache created: C:\Users\almac\AppData\Local\Temp\5903aae11c08aba35176e5c1f4c1be59.mpf_cache
2020-04-12 15:42:04,715 : WARNING : ConfigProcessor : Cache file not found: C:\Users\almac\AppData\Local\Temp\c81a0f1062502e33bbed66b9eae15858.mpf_cache
2020-04-12 15:42:04,715 : INFO : ConfigProcessor : Loading config from file E:\POKEMON - 4 - ATTRACT AND HIGH SCORE DISPLAYS\modes\base\config\base.yaml.
2020-04-12 15:42:04,953 : INFO : ConfigProcessor : Loading config: E:\POKEMON - 4 - ATTRACT AND HIGH SCORE DISPLAYS\modes\base\config\base.yaml
2020-04-12 15:42:04,954 : INFO : ConfigProcessor : Config file cache created: C:\Users\almac\AppData\Local\Temp\c81a0f1062502e33bbed66b9eae15858.mpf_cache
2020-04-12 15:42:04,980 : INFO : EventManager : Event: ======'drop_target_bank_right_bank_up'====== Args={}
2020-04-12 15:42:04,981 : INFO : EventManager : Event: ======'init_phase_2'====== Args={}
2020-04-12 15:42:05,007 : INFO : EventManager : Event: ======'machine_var_score1_label'====== Args={'value': 'GRAND CHAMPION', 'prev_value': None, 'change': True}
2020-04-12 15:42:05,007 : INFO : EventManager : Event: ======'machine_var_score1_name'====== Args={'value': 'MPF', 'prev_value': None, 'change': True}
2020-04-12 15:42:05,007 : INFO : EventManager : Event: ======'machine_var_score1_value'====== Args={'value': 1000000, 'prev_value': None, 'change': True}
2020-04-12 15:42:05,008 : INFO : EventManager : Event: ======'machine_var_score2_label'====== Args={'value': 'HIGH SCORE 1', 'prev_value': None, 'change': True}
2020-04-12 15:42:05,008 : INFO : EventManager : Event: ======'machine_var_score2_name'====== Args={'value': 'BRI', 'prev_value': None, 'change': True}
2020-04-12 15:42:05,008 : INFO : EventManager : Event: ======'machine_var_score2_value'====== Args={'value': 900000, 'prev_value': None, 'change': True}
2020-04-12 15:42:05,008 : INFO : EventManager : Event: ======'machine_var_score3_label'====== Args={'value': 'HIGH SCORE 2', 'prev_value': None, 'change': True}
2020-04-12 15:42:05,008 : INFO : EventManager : Event: ======'machine_var_score3_name'====== Args={'value': 'JAN', 'prev_value': None, 'change': True}
2020-04-12 15:42:05,008 : INFO : EventManager : Event: ======'machine_var_score3_value'====== Args={'value': 800000, 'prev_value': None, 'change': True}
2020-04-12 15:42:05,008 : INFO : EventManager : Event: ======'machine_var_score4_label'====== Args={'value': 'HIGH SCORE 3', 'prev_value': None, 'change': True}
2020-04-12 15:42:05,008 : INFO : EventManager : Event: ======'machine_var_score4_name'====== Args={'value': 'QUI', 'prev_value': None, 'change': True}
2020-04-12 15:42:05,008 : INFO : EventManager : Event: ======'machine_var_score4_value'====== Args={'value': 700000, 'prev_value': None, 'change': True}
2020-04-12 15:42:05,008 : INFO : EventManager : Event: ======'machine_var_score5_label'====== Args={'value': 'HIGH SCORE 4', 'prev_value': None, 'change': True}
2020-04-12 15:42:05,008 : INFO : EventManager : Event: ======'machine_var_score5_name'====== Args={'value': 'MAR', 'prev_value': None, 'change': True}
2020-04-12 15:42:05,008 : INFO : EventManager : Event: ======'machine_var_score5_value'====== Args={'value': 600000, 'prev_value': None, 'change': True}
2020-04-12 15:42:05,008 : INFO : EventManager : Event: ======'machine_var_score6_label'====== Args={'value': 'HIGH SCORE 5', 'prev_value': None, 'change': True}
2020-04-12 15:42:05,008 : INFO : EventManager : Event: ======'machine_var_score6_name'====== Args={'value': 'JOH', 'prev_value': None, 'change': True}
2020-04-12 15:42:05,008 : INFO : EventManager : Event: ======'machine_var_score6_value'====== Args={'value': 500000, 'prev_value': None, 'change': True}
2020-04-12 15:42:05,008 : INFO : EventManager : Event: ======'machine_var_score7_label'====== Args={'value': 'HIGH SCORE 6', 'prev_value': None, 'change': True}
2020-04-12 15:42:05,008 : INFO : EventManager : Event: ======'machine_var_score7_name'====== Args={'value': 'ELI', 'prev_value': None, 'change': True}
2020-04-12 15:42:05,008 : INFO : EventManager : Event: ======'machine_var_score7_value'====== Args={'value': 400000, 'prev_value': None, 'change': True}
2020-04-12 15:42:05,008 : INFO : EventManager : Event: ======'machine_var_score8_label'====== Args={'value': 'HIGH SCORE 7', 'prev_value': None, 'change': True}
2020-04-12 15:42:05,009 : INFO : EventManager : Event: ======'machine_var_score8_name'====== Args={'value': 'MIK', 'prev_value': None, 'change': True}
2020-04-12 15:42:05,009 : INFO : EventManager : Event: ======'machine_var_score8_value'====== Args={'value': 300000, 'prev_value': None, 'change': True}
2020-04-12 15:42:05,009 : INFO : EventManager : Event: ======'machine_var_score9_label'====== Args={'value': 'HIGH SCORE 8', 'prev_value': None, 'change': True}
2020-04-12 15:42:05,009 : INFO : EventManager : Event: ======'machine_var_score9_name'====== Args={'value': 'ANT', 'prev_value': None, 'change': True}
2020-04-12 15:42:05,009 : INFO : EventManager : Event: ======'machine_var_score9_value'====== Args={'value': 200000, 'prev_value': None, 'change': True}
2020-04-12 15:42:05,009 : INFO : EventManager : Event: ======'machine_var_loops1_label'====== Args={'value': 'LOOP CHAMP', 'prev_value': None, 'change': True}
2020-04-12 15:42:05,009 : INFO : EventManager : Event: ======'machine_var_loops1_name'====== Args={'value': 'JAN', 'prev_value': None, 'change': True}
2020-04-12 15:42:05,009 : INFO : EventManager : Event: ======'machine_var_loops1_value'====== Args={'value': 42, 'prev_value': None, 'change': True}
2020-04-12 15:42:05,016 : ERROR : ConfigValidator : Your config contains a value for the setting "show_player:show_high_scores", but this is not a valid setting name.
2020-04-12 15:42:05,016 : ERROR : asyncio : Exception in callback EventManager._done(<Task finishe...-600'}]}}}",)>)
handle: <Handle EventManager._done(<Task finishe...-600'}]}}}",)>)>
Traceback (most recent call last):
  File "c:\program files\python36\lib\site-packages\mpf\config_players\device_config_player.py", line 34, in validate_config_entry
    self._validate_config_item(device, device_settings))
  File "c:\program files\python36\lib\site-packages\mpf\config_players\device_config_player.py", line 60, in _validate_config_item
    device_settings = self._parse_config(device_settings, device)
  File "c:\program files\python36\lib\site-packages\mpf\core\config_player.py", line 128, in _parse_config
    return self.get_full_config(config)
  File "c:\program files\python36\lib\site-packages\mpf\core\config_player.py", line 200, in get_full_config
    self.config_file_section, value, base_spec='config_player_common')
  File "c:\program files\python36\lib\site-packages\mpf\core\config_validator.py", line 221, in validate_config
    validation_failure_info)
  File "c:\program files\python36\lib\site-packages\mpf\core\config_validator.py", line 381, in check_for_invalid_sections
    'setting name.', 2, self.log.name)
mpf.exceptions.ConfigFileError.ConfigFileError: Config File Error in ConfigValidator: Your config contains a value for the setting "show_player:show_high_scores", but this is not a valid setting name. Error Code: CFE-ConfigValidator-2

The above exception was the direct cause of the following exception:

Traceback (most recent call last):
  File "c:\program files\python36\lib\asyncio\events.py", line 145, in _run
    self._callback(*self._args)
  File "c:\program files\python36\lib\site-packages\mpf\core\events.py", line 690, in _done
    future.result()
  File "c:\program files\python36\lib\site-packages\mpf\core\events.py", line 612, in _run_handlers_sequential
    handler.callback(queue=queue, **merged_kwargs)
  File "c:\program files\python36\lib\site-packages\mpf\core\mode_controller.py", line 102, in initialise_modes
    mode.initialise_mode()
  File "c:\program files\python36\lib\site-packages\mpf\core\mode.py", line 590, in initialise_mode
    **item.kwargs)
  File "c:\program files\python36\lib\site-packages\mpf\core\config_player.py", line 134, in process_mode_config
    config = self.validate_config(config)
  File "c:\program files\python36\lib\site-packages\mpf\core\config_player.py", line 106, in validate_config
    validated_config[event] = self.validate_config_entry(settings, event)
  File "c:\program files\python36\lib\site-packages\mpf\config_players\device_config_player.py", line 37, in validate_config_entry
    name, self.show_section, settings), 1, self.log.name) from e
mpf.exceptions.ConfigFileError.ConfigFileError: Config File Error in show_player: Failed to load config player mode_attract_started:shows {'slides': {'show_high_scores': {'widgets': [{'type': 'Text', 'text': 'HIGH SCORES', 'font_size': 60, 'bold': True, 'anchor_x': 'center', 'anchor_y': 'center', 'x': 'center', 'y': 'top-100'}, {'type': 'Text', 'text': '(machine|score1_label)', 'style': 'attract_mode_high_score_display_label', 'y': 'top-200'}, {'type': 'Text', 'text': '(machine|score1_name)', 'style': 'attract_mode_high_score_display_name', 'y': 'top-200'}, {'type': 'Text', 'text': '(machine|score1_value)', 'style': 'attract_mode_high_score_display_score', 'y': 'top-200'}, {'type': 'Text', 'text': '(machine|score2_label)', 'style': 'attract_mode_high_score_display_label', 'y': 'top-240'}, {'type': 'Text', 'text': '(machine|score2_name)', 'style': 'attract_mode_high_score_display_name', 'y': 'top-240'}, {'type': 'Text', 'text': '(machine|score2_value)', 'style': 'attract_mode_high_score_display_score', 'y': 'top-240'}, {'type': 'Text', 'text': '(machine|score3_label)', 'style': 'attract_mode_high_score_display_label', 'y': 'top-280'}, {'type': 'Text', 'text': '(machine|score3_name)', 'style': 'attract_mode_high_score_display_name', 'y': 'top-280'}, {'type': 'Text', 'text': '(machine|score3_value)', 'style': 'attract_mode_high_score_display_score', 'y': 'top-280'}, {'type': 'Text', 'text': 'LOOP CHAMPION', 'font_size': 60, 'bold': True, 'anchor_x': 'center', 'anchor_y': 'center', 'x': 'center', 'y': 'top-500'}, {'type': 'Text', 'text': '(machine|loops1_label)', 'style': 'attract_mode_high_score_display_label', 'y': 'top-600'}, {'type': 'Text', 'text': '(machine|loops1_name)', 'style': 'attract_mode_high_score_display_name', 'y': 'top-600'}, {'type': 'Text', 'text': '(machine|loops1_value)', 'style': 'attract_mode_high_score_display_score', 'y': 'top-600'}]}}} Error Code: CFE-show_player-1
2020-04-12 15:42:05,211 : ERROR : root : Exception is not set.
Traceback (most recent call last):
  File "c:\program files\python36\lib\site-packages\mpf\commands\game.py", line 220, in __init__
    MachineController(mpf_path, machine_path, vars(self.args)).run()
  File "c:\program files\python36\lib\site-packages\mpf\core\machine.py", line 699, in run
    self.initialise_mpf()
  File "c:\program files\python36\lib\site-packages\mpf\core\machine.py", line 691, in initialise_mpf
    if init.exception():
asyncio.base_futures.InvalidStateError: Exception is not set.
