2020-04-25 17:08:43,104 : kivy : Factory: 184 symbols loaded
2020-04-25 17:08:44,219 : kivy : Image: Providers: img_tex, img_dds, img_sdl2, img_pil, img_gif (img_ffpyplayer ignored)
2020-04-25 17:08:45,355 : kivy : VideoGstplayer: Using Gstreamer 1.16.0.0
2020-04-25 17:08:45,355 : kivy : Video: Provider: gstplayer
2020-04-25 17:08:45,941 : kivy : Loading MPF-MC controller
2020-04-25 17:08:45,941 : mpfmc : Mission Pinball Framework Media Controller v0.53.3
2020-04-25 17:08:45,942 : mpfmc : Mission Pinball Framework Game Engine v0.53.3
2020-04-25 17:08:45,942 : mpfmc : Machine path: E:\POKEMON - 4 - ATTRACT AND HIGH SCORE DISPLAYS
2020-04-25 17:08:45,945 : ConfigProcessor : Config file in cache changed: E:\POKEMON - 4 - ATTRACT AND HIGH SCORE DISPLAYS\config\config
2020-04-25 17:08:45,945 : ConfigProcessor : Loading config from file c:\users\almac\appdata\local\programs\python\python36\lib\site-packages\mpfmc\mcconfig.yaml.
2020-04-25 17:08:46,034 : ConfigProcessor : Loading config: c:\users\almac\appdata\local\programs\python\python36\lib\site-packages\mpfmc\mcconfig.yaml
2020-04-25 17:08:46,045 : ConfigProcessor : Loading config from file E:\POKEMON - 4 - ATTRACT AND HIGH SCORE DISPLAYS\config\config.
2020-04-25 17:08:46,109 : ConfigProcessor : Loading config: E:\POKEMON - 4 - ATTRACT AND HIGH SCORE DISPLAYS\config\config
2020-04-25 17:08:46,120 : ConfigProcessor : Loading config: E:\POKEMON - 4 - ATTRACT AND HIGH SCORE DISPLAYS\config\player_variables.yaml
2020-04-25 17:08:46,128 : ConfigProcessor : Loading config: E:\POKEMON - 4 - ATTRACT AND HIGH SCORE DISPLAYS\config\key_mapping.yaml
2020-04-25 17:08:46,131 : ConfigProcessor : Config file cache created: C:\Users\almac\AppData\Local\Temp\c7b7ab19e78ecc520344b1352e3b06b9.mpf_cache
2020-04-25 17:08:46,131 : mpfmc : Starting clock at 60.0Hz
2020-04-25 17:08:46,410 : kivy : Text: Provider: sdl2
2020-04-25 17:08:46,725 : kivy : Window: Provider: sdl2
2020-04-25 17:08:48,966 : kivy : GL: Using the "OpenGL" graphics system
2020-04-25 17:08:48,975 : kivy : GL: GLEW initialization succeeded
2020-04-25 17:08:48,982 : kivy : GL: Backend used <glew>
2020-04-25 17:08:48,988 : kivy : GL: OpenGL version <b'4.5.0 NVIDIA 377.83'>
2020-04-25 17:08:48,988 : kivy : GL: OpenGL vendor <b'NVIDIA Corporation'>
2020-04-25 17:08:48,988 : kivy : GL: OpenGL renderer <b'Quadro 2000/PCIe/SSE2'>
2020-04-25 17:08:48,988 : kivy : GL: OpenGL parsed version: 4, 5
2020-04-25 17:08:48,989 : kivy : GL: Shading version <b'4.50 NVIDIA'>
2020-04-25 17:08:48,989 : kivy : GL: Texture max size <16384>
2020-04-25 17:08:48,989 : kivy : GL: Texture max units <32>
2020-04-25 17:08:49,268 : kivy : Window: auto add sdl2 input provider
2020-04-25 17:08:49,268 : kivy : Window: virtual keyboard not allowed, single mode, not docked
2020-04-25 17:08:49,305 : SoundSystem : SoundSystem: Using default 'sound_system' settings
2020-04-25 17:08:55,079 : AudioInterface : Initialized
2020-04-25 17:08:55,091 : SoundSystem : No audio tracks are specified in your machine config file. a track named 'default' has been created.
2020-04-25 17:08:55,094 : kivy : Base: Start application main loop
2020-04-25 17:08:55,094 : EventManager : Event: ======'display_window_initialized'====== Args={}
2020-04-25 17:08:55,095 : EventManager : Event: ======'display_top_initialized'====== Args={}
2020-04-25 17:08:55,095 : EventManager : Event: ======'display_middle_initialized'====== Args={}
2020-04-25 17:08:55,095 : EventManager : Event: ======'display_bottom_initialized'====== Args={}
2020-04-25 17:08:55,301 : mpfmc : Display: Setting 'window' as default display
2020-04-25 17:08:55,337 : EventManager : Event: ======'displays_initialized'====== Args={}
2020-04-25 17:08:55,338 : EventManager : Event: ======'slide_window_blank_created'====== Args={}
2020-04-25 17:08:55,338 : EventManager : Event: ======'display_window_ready'====== Args={}
2020-04-25 17:08:55,339 : EventManager : Event: ======'slide_top_blank_created'====== Args={}
2020-04-25 17:08:55,339 : EventManager : Event: ======'display_top_ready'====== Args={}
2020-04-25 17:08:55,339 : EventManager : Event: ======'slide_middle_blank_created'====== Args={}
2020-04-25 17:08:55,339 : EventManager : Event: ======'display_middle_ready'====== Args={}
2020-04-25 17:08:55,340 : EventManager : Event: ======'slide_bottom_blank_created'====== Args={}
2020-04-25 17:08:55,340 : EventManager : Event: ======'display_bottom_ready'====== Args={}
2020-04-25 17:08:55,386 : EventManager : Event: ======'init_phase_1'====== Args={}
2020-04-25 17:08:55,391 : EventManager : Event: ======'mc_ready'====== Args={}
2020-04-25 17:08:55,391 : EventManager : Event: ======'init_phase_2'====== Args={}
2020-04-25 17:08:55,393 : ConfigProcessor : Loading config from cache: C:\Users\almac\AppData\Local\Temp\c81a0f1062502e33bbed66b9eae15858.mpf_cache
2020-04-25 17:08:55,394 : ConfigProcessor : Loading config from cache: C:\Users\almac\AppData\Local\Temp\6dbb84b4a2bd3a6642f95ce5744c7797.mpf_cache
2020-04-25 17:08:55,395 : ConfigProcessor : Loading config from cache: C:\Users\almac\AppData\Local\Temp\32e6b619402cb4da5981e97ecb1f6408.mpf_cache
2020-04-25 17:08:55,397 : ConfigProcessor : Loading config from cache: C:\Users\almac\AppData\Local\Temp\201769dfbc23cf51d44452c1bfe1f92e.mpf_cache
2020-04-25 17:08:55,398 : ConfigProcessor : Loading config from cache: C:\Users\almac\AppData\Local\Temp\ead1ab3e53925d446b3cb0becf429113.mpf_cache
2020-04-25 17:08:55,399 : ConfigProcessor : Loading config from cache: C:\Users\almac\AppData\Local\Temp\5b0c10fb1ea3d696f3389c798402fbbd.mpf_cache
2020-04-25 17:08:55,400 : ConfigProcessor : Loading config from cache: C:\Users\almac\AppData\Local\Temp\0378f93b62c546ad0a14fc16b8462c41.mpf_cache
2020-04-25 17:08:55,401 : ConfigProcessor : Loading config from cache: C:\Users\almac\AppData\Local\Temp\e316602f2754df2a40ebb1b620c83c27.mpf_cache
2020-04-25 17:08:55,402 : ConfigProcessor : Loading config from cache: C:\Users\almac\AppData\Local\Temp\4ea733655e2f71aef4d6f646b7999fe0.mpf_cache
2020-04-25 17:08:55,403 : ConfigProcessor : Loading config from cache: C:\Users\almac\AppData\Local\Temp\0e7d1a1c3907f6958e06eb127bcf3b99.mpf_cache
2020-04-25 17:08:55,403 : ConfigProcessor : Loading config from cache: C:\Users\almac\AppData\Local\Temp\5e332dad5466fb4d353f60c87864de4c.mpf_cache
2020-04-25 17:08:55,404 : ConfigProcessor : Loading config from cache: C:\Users\almac\AppData\Local\Temp\5903aae11c08aba35176e5c1f4c1be59.mpf_cache
2020-04-25 17:08:55,405 : ConfigProcessor : Loading config from cache: C:\Users\almac\AppData\Local\Temp\3183d529c1c05723ae7f7f27f6d76374.mpf_cache
2020-04-25 17:08:55,407 : ConfigProcessor : Loading config from cache: C:\Users\almac\AppData\Local\Temp\b51fa6c1189029eac07bf57001e3c2a0.mpf_cache
2020-04-25 17:08:55,409 : ConfigProcessor : Loading config from cache: C:\Users\almac\AppData\Local\Temp\47fed2ef5afbaf0c19527a565aa191d9.mpf_cache
2020-04-25 17:08:55,410 : ConfigProcessor : Loading config from cache: C:\Users\almac\AppData\Local\Temp\2476b3e7b98dcc7e56449320299b63be.mpf_cache
2020-04-25 17:08:55,411 : ConfigProcessor : Loading config from cache: C:\Users\almac\AppData\Local\Temp\8e537f3f1075ad5ff3f7e8ba8228812c.mpf_cache
2020-04-25 17:08:55,411 : ConfigProcessor : Loading config from cache: C:\Users\almac\AppData\Local\Temp\1a49828cb8454c90fd195e3886327b9d.mpf_cache
2020-04-25 17:08:55,412 : ConfigProcessor : Loading config from cache: C:\Users\almac\AppData\Local\Temp\0c61b9df659d8368945fe529f085132e.mpf_cache
2020-04-25 17:08:55,415 : ConfigProcessor : Loading config from cache: C:\Users\almac\AppData\Local\Temp\f9a13da868835514a4e555019188716d.mpf_cache
2020-04-25 17:08:55,416 : ConfigProcessor : Loading config from cache: C:\Users\almac\AppData\Local\Temp\dd4913724ea8e05b50af346c964d02e0.mpf_cache
2020-04-25 17:08:55,417 : ConfigProcessor : Loading config from cache: C:\Users\almac\AppData\Local\Temp\b9fac23b74e0b513c055e4621b74ad7e.mpf_cache
2020-04-25 17:08:55,418 : ConfigProcessor : Loading config from cache: C:\Users\almac\AppData\Local\Temp\6a2515e5578170ee7c481918e8ad2f89.mpf_cache
2020-04-25 17:08:55,418 : ConfigProcessor : Loading config from cache: C:\Users\almac\AppData\Local\Temp\0db36da4b9aa41dcdeae696ef4ec8d87.mpf_cache
2020-04-25 17:08:55,419 : ConfigProcessor : Loading config from cache: C:\Users\almac\AppData\Local\Temp\5a22bfd3cd388f17bd2b6acbd36605ae.mpf_cache
2020-04-25 17:08:55,420 : ConfigProcessor : Loading config from cache: C:\Users\almac\AppData\Local\Temp\d6bb1cdfa60c1f50f35785cba55875d1.mpf_cache
2020-04-25 17:08:55,421 : ConfigProcessor : Loading config from cache: C:\Users\almac\AppData\Local\Temp\5e23017ae2bff2a0239ff499da948ac3.mpf_cache
2020-04-25 17:08:55,422 : EventManager : Event: ======'init_phase_3'====== Args={}
2020-04-25 17:08:55,429 : EventManager : Event: ======'init_phase_4'====== Args={}
2020-04-25 17:08:55,429 : EventManager : Event: ======'init_phase_5'====== Args={}
2020-04-25 17:08:55,429 : EventManager : Event: ======'init_done'====== Args={}
2020-04-25 17:08:55,429 : MPF-MC BCP Server : Starting up on localhost port 5050
2020-04-25 17:08:55,433 : MPF-MC BCP Server : Waiting for a connection...
2020-04-25 17:08:55,433 : mpfmc : SlidePlayer: Play called with settings={'slides': {welcome_slide-None-None: {'priority': None, 'target': None, 'background_color': [0.0, 0.0, 0.0, 1.0], 'show': True, 'force': False, 'expire': None, 'slide': None, 'tokens': {}, 'action': 'play', 'transition': None, 'transition_out': None}}}
2020-04-25 17:08:55,505 : kivy : GL: NPOT texture support is available
2020-04-25 17:08:55,506 : EventManager : Event: ======'slide_welcome_slide_created'====== Args={}
2020-04-25 17:08:55,516 : EventManager : Event: ======'slide_welcome_slide_active'====== Args={}
2020-04-25 17:08:55,573 : EventManager : Event: ======'client_disconnected'====== Args={'host': '127.0.0.1', 'port': 5050}
2020-04-25 17:08:55,746 : MPF-MC BCP Server : Received connection from: 127.0.0.1:54765
2020-04-25 17:08:55,753 : EventManager : Event: ======'client_connected'====== Args={'host': '127.0.0.1', 'port': 54765}
2020-04-25 17:08:55,790 : EventManager : Event: ======'machine_var_credits_string'====== Args={'value': 'FREE PLAY', 'prev_value': None, 'change': True}
2020-04-25 17:08:55,790 : EventManager : Event: ======'machine_var_player1_score'====== Args={'value': 107, 'prev_value': None, 'change': True}
2020-04-25 17:08:55,790 : EventManager : Event: ======'machine_var_mpf_version'====== Args={'value': 'MPF v0.53.3', 'prev_value': None, 'change': True}
2020-04-25 17:08:55,790 : EventManager : Event: ======'machine_var_mpf_extended_version'====== Args={'value': 'MPF v0.53.3, Config version:5, Show version: 5, BCP version:1.1', 'prev_value': None, 'change': True}
2020-04-25 17:08:55,790 : EventManager : Event: ======'machine_var_python_version'====== Args={'value': '3.6.4', 'prev_value': None, 'change': True}
2020-04-25 17:08:55,791 : EventManager : Event: ======'machine_var_platform'====== Args={'value': 'Windows-10-10.0.18362-SP0', 'prev_value': None, 'change': True}
2020-04-25 17:08:55,791 : EventManager : Event: ======'machine_var_platform_system'====== Args={'value': 'Windows', 'prev_value': None, 'change': True}
2020-04-25 17:08:55,791 : EventManager : Event: ======'machine_var_platform_release'====== Args={'value': '10', 'prev_value': None, 'change': True}
2020-04-25 17:08:55,792 : EventManager : Event: ======'machine_var_platform_version'====== Args={'value': '10.0.18362', 'prev_value': None, 'change': True}
2020-04-25 17:08:55,792 : EventManager : Event: ======'machine_var_platform_machine'====== Args={'value': 'AMD64', 'prev_value': None, 'change': True}
2020-04-25 17:08:55,792 : EventManager : Event: ======'machine_var_score1_label'====== Args={'value': 'GRAND CHAMPION', 'prev_value': None, 'change': True}
2020-04-25 17:08:55,792 : EventManager : Event: ======'machine_var_score1_name'====== Args={'value': 'MPF', 'prev_value': None, 'change': True}
2020-04-25 17:08:55,793 : EventManager : Event: ======'machine_var_score1_value'====== Args={'value': 1000000, 'prev_value': None, 'change': True}
2020-04-25 17:08:55,793 : EventManager : Event: ======'machine_var_score2_label'====== Args={'value': 'HIGH SCORE 1', 'prev_value': None, 'change': True}
2020-04-25 17:08:55,794 : EventManager : Event: ======'machine_var_score2_name'====== Args={'value': 'BRI', 'prev_value': None, 'change': True}
2020-04-25 17:08:55,794 : EventManager : Event: ======'machine_var_score2_value'====== Args={'value': 900000, 'prev_value': None, 'change': True}
2020-04-25 17:08:55,794 : EventManager : Event: ======'machine_var_score3_label'====== Args={'value': 'HIGH SCORE 2', 'prev_value': None, 'change': True}
2020-04-25 17:08:55,794 : EventManager : Event: ======'machine_var_score3_name'====== Args={'value': 'JAN', 'prev_value': None, 'change': True}
2020-04-25 17:08:55,794 : EventManager : Event: ======'machine_var_score3_value'====== Args={'value': 800000, 'prev_value': None, 'change': True}
2020-04-25 17:08:55,795 : EventManager : Event: ======'machine_var_score4_label'====== Args={'value': 'HIGH SCORE 3', 'prev_value': None, 'change': True}
2020-04-25 17:08:55,795 : EventManager : Event: ======'machine_var_score4_name'====== Args={'value': 'QUI', 'prev_value': None, 'change': True}
2020-04-25 17:08:55,795 : EventManager : Event: ======'machine_var_score4_value'====== Args={'value': 700000, 'prev_value': None, 'change': True}
2020-04-25 17:08:55,795 : EventManager : Event: ======'machine_var_score5_label'====== Args={'value': 'HIGH SCORE 4', 'prev_value': None, 'change': True}
2020-04-25 17:08:55,795 : EventManager : Event: ======'machine_var_score5_name'====== Args={'value': 'MAR', 'prev_value': None, 'change': True}
2020-04-25 17:08:55,795 : EventManager : Event: ======'machine_var_score5_value'====== Args={'value': 600000, 'prev_value': None, 'change': True}
2020-04-25 17:08:55,796 : EventManager : Event: ======'machine_var_score6_label'====== Args={'value': 'HIGH SCORE 5', 'prev_value': None, 'change': True}
2020-04-25 17:08:55,796 : EventManager : Event: ======'machine_var_score6_name'====== Args={'value': 'JOH', 'prev_value': None, 'change': True}
2020-04-25 17:08:55,796 : EventManager : Event: ======'machine_var_score6_value'====== Args={'value': 500000, 'prev_value': None, 'change': True}
2020-04-25 17:08:55,796 : EventManager : Event: ======'machine_var_score7_label'====== Args={'value': 'HIGH SCORE 6', 'prev_value': None, 'change': True}
2020-04-25 17:08:55,796 : EventManager : Event: ======'machine_var_score7_name'====== Args={'value': 'ELI', 'prev_value': None, 'change': True}
2020-04-25 17:08:55,797 : EventManager : Event: ======'machine_var_score7_value'====== Args={'value': 400000, 'prev_value': None, 'change': True}
2020-04-25 17:08:55,797 : EventManager : Event: ======'machine_var_score8_label'====== Args={'value': 'HIGH SCORE 7', 'prev_value': None, 'change': True}
2020-04-25 17:08:55,797 : EventManager : Event: ======'machine_var_score8_name'====== Args={'value': 'MIK', 'prev_value': None, 'change': True}
2020-04-25 17:08:55,797 : EventManager : Event: ======'machine_var_score8_value'====== Args={'value': 300000, 'prev_value': None, 'change': True}
2020-04-25 17:08:55,798 : EventManager : Event: ======'machine_var_score9_label'====== Args={'value': 'HIGH SCORE 8', 'prev_value': None, 'change': True}
2020-04-25 17:08:55,798 : EventManager : Event: ======'machine_var_score9_name'====== Args={'value': 'ANT', 'prev_value': None, 'change': True}
2020-04-25 17:08:55,798 : EventManager : Event: ======'machine_var_score9_value'====== Args={'value': 200000, 'prev_value': None, 'change': True}
2020-04-25 17:08:55,798 : EventManager : Event: ======'machine_var_loops1_label'====== Args={'value': 'LOOP CHAMP', 'prev_value': None, 'change': True}
2020-04-25 17:08:55,799 : EventManager : Event: ======'machine_var_loops1_name'====== Args={'value': 'JAN', 'prev_value': None, 'change': True}
2020-04-25 17:08:55,799 : EventManager : Event: ======'machine_var_loops1_value'====== Args={'value': 42, 'prev_value': None, 'change': True}
2020-04-25 17:08:55,799 : EventManager : Event: ======'machine_var_mc_version'====== Args={'value': 'MPF-MC v0.53.3', 'prev_value': None, 'change': True}
2020-04-25 17:08:55,799 : EventManager : Event: ======'machine_var_mc_extended_version'====== Args={'value': 'MPF-MC v0.53.3 (config_version=5, BCP v1.1, Requires MPF v0.53.0)', 'prev_value': None, 'change': True}
2020-04-25 17:08:55,799 : EventManager : Event: ======'machine_var_master_volume'====== Args={'value': 0.5, 'prev_value': None, 'change': True}
2020-04-25 17:08:56,023 : mpfmc : Stopping...
2020-04-25 17:08:56,023 : EventManager : Event: ======'shutdown'====== Args={}
2020-04-25 17:08:56,108 : mpfmc : Loop rate 40.49 Hz
2020-04-25 17:08:56,108 : kivy : Base: Leaving application in progress...
2020-04-25 17:08:56,121 : kivy : WindowSDL: exiting mainloop and closing.
2020-04-25 17:08:56,192 : mpfmc : Stopping...
2020-04-25 17:08:56,192 : EventManager : Event: ======'shutdown'====== Args={}
2020-04-25 17:08:56,192 : mpfmc : Loop rate 38.27 Hz
2020-04-25 17:08:56,192 : kivy : MC run loop ended.
2020-04-25 17:08:56,192 : kivy : Stopping child threads... (1 remaining)
2020-04-25 17:08:56,755 : MPF-MC BCP Server : Stopping BCP sending thread
2020-04-25 17:08:56,897 : kivy : All child threads stopped.
