2020-04-25 14:52:46,630 : kivy : Factory: 184 symbols loaded
2020-04-25 14:52:46,771 : kivy : Image: Providers: img_tex, img_dds, img_sdl2, img_pil, img_gif (img_ffpyplayer ignored)
2020-04-25 14:52:46,836 : kivy : VideoGstplayer: Using Gstreamer 1.16.0.0
2020-04-25 14:52:46,836 : kivy : Video: Provider: gstplayer
2020-04-25 14:52:46,930 : kivy : Loading MPF-MC controller
2020-04-25 14:52:46,930 : mpfmc : Mission Pinball Framework Media Controller v0.53.3
2020-04-25 14:52:46,930 : mpfmc : Mission Pinball Framework Game Engine v0.53.3
2020-04-25 14:52:46,930 : mpfmc : Machine path: E:\POKEMON - 4 - ATTRACT AND HIGH SCORE DISPLAYS
2020-04-25 14:52:46,932 : ConfigProcessor : Cache file not found: C:\Users\almac\AppData\Local\Temp\c7b7ab19e78ecc520344b1352e3b06b9.mpf_cache
2020-04-25 14:52:46,932 : ConfigProcessor : Loading config from file c:\users\almac\appdata\local\programs\python\python36\lib\site-packages\mpfmc\mcconfig.yaml.
2020-04-25 14:52:46,990 : ConfigProcessor : Loading config: c:\users\almac\appdata\local\programs\python\python36\lib\site-packages\mpfmc\mcconfig.yaml
2020-04-25 14:52:47,001 : ConfigProcessor : Loading config from file E:\POKEMON - 4 - ATTRACT AND HIGH SCORE DISPLAYS\config\config.
2020-04-25 14:52:47,065 : ConfigProcessor : Loading config: E:\POKEMON - 4 - ATTRACT AND HIGH SCORE DISPLAYS\config\config
2020-04-25 14:52:47,072 : ConfigProcessor : Loading config: E:\POKEMON - 4 - ATTRACT AND HIGH SCORE DISPLAYS\config\player_variables.yaml
2020-04-25 14:52:47,078 : ConfigProcessor : Loading config: E:\POKEMON - 4 - ATTRACT AND HIGH SCORE DISPLAYS\config\key_mapping.yaml
2020-04-25 14:52:47,081 : ConfigProcessor : Config file cache created: C:\Users\almac\AppData\Local\Temp\c7b7ab19e78ecc520344b1352e3b06b9.mpf_cache
2020-04-25 14:52:47,082 : mpfmc : Starting clock at 60.0Hz
2020-04-25 14:52:47,103 : kivy : Text: Provider: sdl2
2020-04-25 14:52:47,194 : kivy : Window: Provider: sdl2
2020-04-25 14:52:48,065 : kivy : GL: Using the "OpenGL" graphics system
2020-04-25 14:52:48,066 : kivy : GL: GLEW initialization succeeded
2020-04-25 14:52:48,067 : kivy : GL: Backend used <glew>
2020-04-25 14:52:48,067 : kivy : GL: OpenGL version <b'4.5.0 NVIDIA 377.83'>
2020-04-25 14:52:48,067 : kivy : GL: OpenGL vendor <b'NVIDIA Corporation'>
2020-04-25 14:52:48,067 : kivy : GL: OpenGL renderer <b'Quadro 2000/PCIe/SSE2'>
2020-04-25 14:52:48,067 : kivy : GL: OpenGL parsed version: 4, 5
2020-04-25 14:52:48,067 : kivy : GL: Shading version <b'4.50 NVIDIA'>
2020-04-25 14:52:48,067 : kivy : GL: Texture max size <16384>
2020-04-25 14:52:48,067 : kivy : GL: Texture max units <32>
2020-04-25 14:52:48,085 : kivy : Window: auto add sdl2 input provider
2020-04-25 14:52:48,085 : kivy : Window: virtual keyboard not allowed, single mode, not docked
2020-04-25 14:52:48,096 : SoundSystem : SoundSystem: Using default 'sound_system' settings
2020-04-25 14:52:48,357 : AudioInterface : Initialized
2020-04-25 14:52:48,357 : SoundSystem : No audio tracks are specified in your machine config file. a track named 'default' has been created.
2020-04-25 14:52:48,360 : kivy : Base: Start application main loop
2020-04-25 14:52:48,360 : EventManager : Event: ======'display_window_initialized'====== Args={}
2020-04-25 14:52:48,361 : EventManager : Event: ======'display_top_initialized'====== Args={}
2020-04-25 14:52:48,361 : EventManager : Event: ======'display_middle_initialized'====== Args={}
2020-04-25 14:52:48,361 : EventManager : Event: ======'display_bottom_initialized'====== Args={}
2020-04-25 14:52:48,392 : mpfmc : Display: Setting 'window' as default display
2020-04-25 14:52:48,400 : EventManager : Event: ======'displays_initialized'====== Args={}
2020-04-25 14:52:48,401 : EventManager : Event: ======'slide_window_blank_created'====== Args={}
2020-04-25 14:52:48,401 : EventManager : Event: ======'display_window_ready'====== Args={}
2020-04-25 14:52:48,402 : EventManager : Event: ======'slide_top_blank_created'====== Args={}
2020-04-25 14:52:48,402 : EventManager : Event: ======'display_top_ready'====== Args={}
2020-04-25 14:52:48,403 : EventManager : Event: ======'slide_middle_blank_created'====== Args={}
2020-04-25 14:52:48,403 : EventManager : Event: ======'display_middle_ready'====== Args={}
2020-04-25 14:52:48,403 : EventManager : Event: ======'slide_bottom_blank_created'====== Args={}
2020-04-25 14:52:48,403 : EventManager : Event: ======'display_bottom_ready'====== Args={}
2020-04-25 14:52:48,415 : EventManager : Event: ======'init_phase_1'====== Args={}
2020-04-25 14:52:48,419 : EventManager : Event: ======'mc_ready'====== Args={}
2020-04-25 14:52:48,419 : EventManager : Event: ======'init_phase_2'====== Args={}
2020-04-25 14:52:48,424 : ConfigProcessor : Cache file not found: C:\Users\almac\AppData\Local\Temp\4ea733655e2f71aef4d6f646b7999fe0.mpf_cache
2020-04-25 14:52:48,424 : ConfigProcessor : Loading config from file E:\POKEMON - 4 - ATTRACT AND HIGH SCORE DISPLAYS\modes\gym5\config\gym5.yaml.
2020-04-25 14:52:48,513 : ConfigProcessor : Loading config: E:\POKEMON - 4 - ATTRACT AND HIGH SCORE DISPLAYS\modes\gym5\config\gym5.yaml
2020-04-25 14:52:48,514 : ConfigProcessor : Config file cache created: C:\Users\almac\AppData\Local\Temp\4ea733655e2f71aef4d6f646b7999fe0.mpf_cache
2020-04-25 14:52:48,516 : ConfigProcessor : Loading config from cache: C:\Users\almac\AppData\Local\Temp\5a22bfd3cd388f17bd2b6acbd36605ae.mpf_cache
2020-04-25 14:52:48,519 : ConfigProcessor : Loading config from cache: C:\Users\almac\AppData\Local\Temp\ead1ab3e53925d446b3cb0becf429113.mpf_cache
2020-04-25 14:52:48,568 : ConfigProcessor : Cache file not found: C:\Users\almac\AppData\Local\Temp\0db36da4b9aa41dcdeae696ef4ec8d87.mpf_cache
2020-04-25 14:52:48,569 : ConfigProcessor : Loading config from file E:\POKEMON - 4 - ATTRACT AND HIGH SCORE DISPLAYS\modes\gym8_ended\config\gym8_ended.yaml.
2020-04-25 14:52:48,625 : ConfigProcessor : Loading config: E:\POKEMON - 4 - ATTRACT AND HIGH SCORE DISPLAYS\modes\gym8_ended\config\gym8_ended.yaml
2020-04-25 14:52:48,625 : ConfigProcessor : Config file cache created: C:\Users\almac\AppData\Local\Temp\0db36da4b9aa41dcdeae696ef4ec8d87.mpf_cache
2020-04-25 14:52:48,627 : ConfigProcessor : Loading config from cache: C:\Users\almac\AppData\Local\Temp\5b0c10fb1ea3d696f3389c798402fbbd.mpf_cache
2020-04-25 14:52:48,629 : ConfigProcessor : Loading config from cache: C:\Users\almac\AppData\Local\Temp\6a2515e5578170ee7c481918e8ad2f89.mpf_cache
2020-04-25 14:52:48,631 : ConfigProcessor : Cache file not found: C:\Users\almac\AppData\Local\Temp\5e332dad5466fb4d353f60c87864de4c.mpf_cache
2020-04-25 14:52:48,632 : ConfigProcessor : Loading config from file E:\POKEMON - 4 - ATTRACT AND HIGH SCORE DISPLAYS\modes\gym8\config\gym8.yaml.
2020-04-25 14:52:49,100 : ConfigProcessor : Loading config: E:\POKEMON - 4 - ATTRACT AND HIGH SCORE DISPLAYS\modes\gym8\config\gym8.yaml
2020-04-25 14:52:49,101 : ConfigProcessor : Config file cache created: C:\Users\almac\AppData\Local\Temp\5e332dad5466fb4d353f60c87864de4c.mpf_cache
2020-04-25 14:52:49,104 : ConfigProcessor : Loading config from cache: C:\Users\almac\AppData\Local\Temp\0e7d1a1c3907f6958e06eb127bcf3b99.mpf_cache
2020-04-25 14:52:49,114 : ConfigProcessor : Loading config from cache: C:\Users\almac\AppData\Local\Temp\5903aae11c08aba35176e5c1f4c1be59.mpf_cache
2020-04-25 14:52:49,119 : ConfigProcessor : Cache file not found: C:\Users\almac\AppData\Local\Temp\6dbb84b4a2bd3a6642f95ce5744c7797.mpf_cache
2020-04-25 14:52:49,119 : ConfigProcessor : Loading config from file E:\POKEMON - 4 - ATTRACT AND HIGH SCORE DISPLAYS\modes\raichu\config\raichu.yaml.
2020-04-25 14:52:49,629 : ConfigProcessor : Loading config: E:\POKEMON - 4 - ATTRACT AND HIGH SCORE DISPLAYS\modes\raichu\config\raichu.yaml
2020-04-25 14:52:49,630 : ConfigProcessor : Config file cache created: C:\Users\almac\AppData\Local\Temp\6dbb84b4a2bd3a6642f95ce5744c7797.mpf_cache
2020-04-25 14:52:49,633 : ConfigProcessor : Loading config from cache: C:\Users\almac\AppData\Local\Temp\dd4913724ea8e05b50af346c964d02e0.mpf_cache
2020-04-25 14:52:49,864 : ConfigProcessor : Cache file not found: C:\Users\almac\AppData\Local\Temp\b9fac23b74e0b513c055e4621b74ad7e.mpf_cache
2020-04-25 14:52:49,864 : ConfigProcessor : Loading config from file E:\POKEMON - 4 - ATTRACT AND HIGH SCORE DISPLAYS\modes\gym1_ended\config\gym1_ended.yaml.
2020-04-25 14:52:50,104 : ConfigProcessor : Loading config: E:\POKEMON - 4 - ATTRACT AND HIGH SCORE DISPLAYS\modes\gym1_ended\config\gym1_ended.yaml
2020-04-25 14:52:50,105 : ConfigProcessor : Config file cache created: C:\Users\almac\AppData\Local\Temp\b9fac23b74e0b513c055e4621b74ad7e.mpf_cache
2020-04-25 14:52:50,338 : ConfigProcessor : Cache file not found: C:\Users\almac\AppData\Local\Temp\32e6b619402cb4da5981e97ecb1f6408.mpf_cache
2020-04-25 14:52:50,338 : ConfigProcessor : Loading config from file E:\POKEMON - 4 - ATTRACT AND HIGH SCORE DISPLAYS\modes\pikachu\config\pikachu.yaml.
2020-04-25 14:52:50,589 : ConfigProcessor : Loading config: E:\POKEMON - 4 - ATTRACT AND HIGH SCORE DISPLAYS\modes\pikachu\config\pikachu.yaml
2020-04-25 14:52:50,590 : ConfigProcessor : Config file cache created: C:\Users\almac\AppData\Local\Temp\32e6b619402cb4da5981e97ecb1f6408.mpf_cache
2020-04-25 14:52:50,591 : ConfigProcessor : Loading config from cache: C:\Users\almac\AppData\Local\Temp\2476b3e7b98dcc7e56449320299b63be.mpf_cache
2020-04-25 14:52:50,598 : ConfigProcessor : Cache file not found: C:\Users\almac\AppData\Local\Temp\0378f93b62c546ad0a14fc16b8462c41.mpf_cache
2020-04-25 14:52:50,599 : ConfigProcessor : Loading config from file E:\POKEMON - 4 - ATTRACT AND HIGH SCORE DISPLAYS\modes\gym7\config\gym7.yaml.
2020-04-25 14:52:50,836 : ConfigProcessor : Loading config: E:\POKEMON - 4 - ATTRACT AND HIGH SCORE DISPLAYS\modes\gym7\config\gym7.yaml
2020-04-25 14:52:50,837 : ConfigProcessor : Config file cache created: C:\Users\almac\AppData\Local\Temp\0378f93b62c546ad0a14fc16b8462c41.mpf_cache
2020-04-25 14:52:50,839 : ConfigProcessor : Loading config from cache: C:\Users\almac\AppData\Local\Temp\b51fa6c1189029eac07bf57001e3c2a0.mpf_cache
2020-04-25 14:52:50,851 : ConfigProcessor : Loading config from cache: C:\Users\almac\AppData\Local\Temp\3183d529c1c05723ae7f7f27f6d76374.mpf_cache
2020-04-25 14:52:51,089 : ConfigProcessor : Cache file not found: C:\Users\almac\AppData\Local\Temp\8e537f3f1075ad5ff3f7e8ba8228812c.mpf_cache
2020-04-25 14:52:51,090 : ConfigProcessor : Loading config from file E:\POKEMON - 4 - ATTRACT AND HIGH SCORE DISPLAYS\modes\gym3_ended\config\gym3_ended.yaml.
2020-04-25 14:52:51,574 : ConfigProcessor : Loading config: E:\POKEMON - 4 - ATTRACT AND HIGH SCORE DISPLAYS\modes\gym3_ended\config\gym3_ended.yaml
2020-04-25 14:52:51,575 : ConfigProcessor : Config file cache created: C:\Users\almac\AppData\Local\Temp\8e537f3f1075ad5ff3f7e8ba8228812c.mpf_cache
2020-04-25 14:52:51,577 : ConfigProcessor : Loading config from cache: C:\Users\almac\AppData\Local\Temp\f9a13da868835514a4e555019188716d.mpf_cache
2020-04-25 14:52:51,581 : ConfigProcessor : Cache file not found: C:\Users\almac\AppData\Local\Temp\201769dfbc23cf51d44452c1bfe1f92e.mpf_cache
2020-04-25 14:52:51,582 : ConfigProcessor : Loading config from file E:\POKEMON - 4 - ATTRACT AND HIGH SCORE DISPLAYS\modes\gym0\config\gym0.yaml.
2020-04-25 14:52:52,067 : ConfigProcessor : Loading config: E:\POKEMON - 4 - ATTRACT AND HIGH SCORE DISPLAYS\modes\gym0\config\gym0.yaml
2020-04-25 14:52:52,068 : ConfigProcessor : Config file cache created: C:\Users\almac\AppData\Local\Temp\201769dfbc23cf51d44452c1bfe1f92e.mpf_cache
2020-04-25 14:52:52,070 : ConfigProcessor : Loading config from cache: C:\Users\almac\AppData\Local\Temp\e316602f2754df2a40ebb1b620c83c27.mpf_cache
2020-04-25 14:52:52,073 : ConfigProcessor : Loading config from cache: C:\Users\almac\AppData\Local\Temp\1a49828cb8454c90fd195e3886327b9d.mpf_cache
2020-04-25 14:52:52,085 : ConfigProcessor : Loading config from cache: C:\Users\almac\AppData\Local\Temp\c81a0f1062502e33bbed66b9eae15858.mpf_cache
2020-04-25 14:52:52,170 : ConfigProcessor : Cache file not found: C:\Users\almac\AppData\Local\Temp\47fed2ef5afbaf0c19527a565aa191d9.mpf_cache
2020-04-25 14:52:52,170 : ConfigProcessor : Loading config from file E:\POKEMON - 4 - ATTRACT AND HIGH SCORE DISPLAYS\modes\gym4_ended\config\gym4_ended.yaml.
2020-04-25 14:52:52,183 : ConfigProcessor : Loading config: E:\POKEMON - 4 - ATTRACT AND HIGH SCORE DISPLAYS\modes\gym4_ended\config\gym4_ended.yaml
2020-04-25 14:52:52,184 : ConfigProcessor : Config file cache created: C:\Users\almac\AppData\Local\Temp\47fed2ef5afbaf0c19527a565aa191d9.mpf_cache
2020-04-25 14:52:52,186 : ConfigProcessor : Loading config from cache: C:\Users\almac\AppData\Local\Temp\5e23017ae2bff2a0239ff499da948ac3.mpf_cache
2020-04-25 14:52:52,190 : ConfigProcessor : Loading config from cache: C:\Users\almac\AppData\Local\Temp\d6bb1cdfa60c1f50f35785cba55875d1.mpf_cache
2020-04-25 14:52:52,193 : ConfigProcessor : Cache file not found: C:\Users\almac\AppData\Local\Temp\0c61b9df659d8368945fe529f085132e.mpf_cache
2020-04-25 14:52:52,193 : ConfigProcessor : Loading config from file c:\users\almac\appdata\local\programs\python\python36\lib\site-packages\mpf\modes\high_score\config\high_score.yaml.
2020-04-25 14:52:52,225 : ConfigProcessor : Loading config: c:\users\almac\appdata\local\programs\python\python36\lib\site-packages\mpf\modes\high_score\config\high_score.yaml
2020-04-25 14:52:52,226 : ConfigProcessor : Loading config from file E:\POKEMON - 4 - ATTRACT AND HIGH SCORE DISPLAYS\modes\high_score\config\high_score.yaml.
2020-04-25 14:52:52,257 : ConfigProcessor : Loading config: E:\POKEMON - 4 - ATTRACT AND HIGH SCORE DISPLAYS\modes\high_score\config\high_score.yaml
2020-04-25 14:52:52,258 : ConfigProcessor : Config file cache created: C:\Users\almac\AppData\Local\Temp\0c61b9df659d8368945fe529f085132e.mpf_cache
2020-04-25 14:52:52,260 : EventManager : Event: ======'init_phase_3'====== Args={}
2020-04-25 14:52:52,266 : EventManager : Event: ======'init_phase_4'====== Args={}
2020-04-25 14:52:52,266 : EventManager : Event: ======'init_phase_5'====== Args={}
2020-04-25 14:52:52,266 : EventManager : Event: ======'init_done'====== Args={}
2020-04-25 14:52:52,266 : MPF-MC BCP Server : Starting up on localhost port 5050
2020-04-25 14:52:52,270 : MPF-MC BCP Server : Waiting for a connection...
2020-04-25 14:52:52,270 : mpfmc : SlidePlayer: Play called with settings={'slides': {welcome_slide-None-None: {'priority': None, 'target': None, 'background_color': [0.0, 0.0, 0.0, 1.0], 'show': True, 'force': False, 'expire': None, 'slide': None, 'tokens': {}, 'action': 'play', 'transition': None, 'transition_out': None}}}
2020-04-25 14:52:52,275 : kivy : GL: NPOT texture support is available
2020-04-25 14:52:52,275 : EventManager : Event: ======'slide_welcome_slide_created'====== Args={}
2020-04-25 14:52:52,280 : EventManager : Event: ======'slide_welcome_slide_active'====== Args={}
2020-04-25 14:52:52,284 : EventManager : Event: ======'client_disconnected'====== Args={'host': '127.0.0.1', 'port': 5050}
2020-04-25 14:53:16,143 : kivy : Base: Leaving application in progress...
2020-04-25 14:53:16,284 : kivy : WindowSDL: exiting mainloop and closing.
2020-04-25 14:53:16,298 : mpfmc : Stopping...
2020-04-25 14:53:16,299 : EventManager : Event: ======'shutdown'====== Args={}
2020-04-25 14:53:16,299 : mpfmc : Loop rate 69.9 Hz
2020-04-25 14:53:16,299 : kivy : MC run loop ended.
2020-04-25 14:53:16,299 : kivy : Stopping child threads... (3 remaining)
2020-04-25 14:53:17,298 : MPF-MC BCP Server : Stopping BCP sending thread
2020-04-25 14:53:17,298 : MPF-MC BCP Server : Stopping BCP listener thread
2020-04-25 14:53:17,302 : kivy : All child threads stopped.
